10000016199
284 2
236 5
81 2
295 12
293 12
156 8
148 9
284 22
172 15
264 24
261 27
289 30
188 21
169 19
71 10
266 40
270 43
187 34
247 46
229 43
291 55
92 19
182 38
259 56
223 52
210 51
104 26
223 62
28 8
124 37
229 71
246 77
105 33
64 22
256 90
157 57
180 67
144 54
144 56
130 52
84 35
295 123
234 100
191 87
218 103
292 143
270 140
280 147
151 82
282 159
247 140
81 47
213 124
206 125
281 172
297 182
199 123
288 188
154 5
258 172
87 59
235 161
224 159
265 189
270 195
267 194
201 147
205 150
143 105
261 193
175 132
163 123
221 170
191 147
281 219
60 47
87 69
250 200
210 169
154 124
292 239
157 130
83 70
279 239
220 190
259 224
288 253
236 208
279 247
250 224
129 86
193 175
248 226
111 102
297 285
199 191
149 146
129 127
14883084 14882884
12441645 12441485
12441613 12441466
12441669 12441528
14882982 14882829
14883112 14882964
11220920 11220810
11220932 11220839
11220971 11220888
12441549 12441461
14882956 14882852
14883009 14882905
11220810 11220735
12441600 12441519
19765919 19765795
12441663 12441587
19765861 19765752
29531502 29531351
19765784 19765683
49062774 49062525
29531417 29531271
11220932 11220880
29531507 29531392
49062713 49062523
49062775 49062605
29531390 29531291
29531543 29531448
49062800 49062655
19765849 19765793
88125247 88125019
49062781 49062659
29531419 29531346
11220928 11220907
88125225 88125069
88125206 88125082
88125197 88125078
166250230 166250020
88125280 88125175
29531535 29531506
88125268 88125182
166250239 166250100
322500266 322500028
212 190
166250275 166250204
635000268 635000002
635000284 635000030
322500180 322500073
635000218 635000071
635000259 635000156
635000106 635000004
635000261 635000160
1260000286 1260000088
2510000299 2510000067
51 51
268 284
114 116
155 158
147 151
250 258
239 248
191 201
224 237
94 105
146 169
58 70
135 163
132 161
151 186
89 113
201 256
114 146
142 183
149 199
223 298
31 44
95 148
