1020019
4178 3978
4148 4001
262 56
4199 3920
4165 4070
168 80
4105 4021
117 86
108 40
149 52
172 113
265 181
249 93
126 80
167 127
203 2
299 195
271 114
153 27
273 214
288 154
157 108
247 185
110 17
256 142
254 98
124 11
237 106
247 115
96 48
4155 4005
261 172
271 128
128 10
4173 3956
122 42
213 113
83 15
147 25
272 164
279 99
283 68
236 103
233 35
174 121
217 65
2221 2163
2166 2108
8122 7938
7977 7823
2226 2109
8026 7876
2104 2030
2111 1999
2143 2045
8115 7926
2090 2044
2224 2014
8107 7907
2259 2092
2181 2056
2099 2022
2228 2185
2060 1982
2134 2080
2224 2023
2111 2048
2218 2065
2014 1964
2200 2037
8098 7948
2255 2016
7975 7825
2235 2050
2225 2131
2038 2000
7977 7845
2061 2020
2153 2073
8058 7878
2258 2132
8106 7908
2204 2153
2213 1987
2107 2061
4181 4070
8112 7970
4192 4074
4169 3917
4186 3995
4176 4096
4146 3981
4216 3921
4118 4026
8040 7886
4177 4054
4183 3982
4158 4000
4179 4041
4177 3933
4152 4039
15911 15787
15919 15795
31494 31277
31550 31309
15869 15742
8091 7994
31559 31275
8039 7913
4114 4060
15934 15790
15932 15726
3984 3931
8042 7926
15904 15700
15822 15689
15910 15743
3968 3917
8034 7908
15876 15677
15892 15721
7973 7856
15860 15714
15895 15751
15899 15670
8023 7952
7971 7881
15908 15770
15935 15746
8064 7958
15933 15750
7993 7880
15792 15645
8028 7907
8072 7978
15911 15733
15888 15652
31500 31263
34 12
39 23
7 5
130 119
2017 1987
2075 2045
2076 2047
2236 2206
2043 2019
1987 1965
4094 4052
2141 2120
8119 8057
8074 8017
15828 15721
15839 15732
7913 7861
15764 15661
31505 31308
15774 15679
31529 31348
230 160
31464 31284
15744 15641
15762 15681
4181 4160
