100004807
31 2
13 1
75 7
74 13
87 17
38 8
53 14
94 27
82 26
46 3
90 32
90 43
99 48
42 22
92 51
77 46
58 36
87 61
31 22
30 22
80 62
31 26
91 80
97 87
89 87
205407 205315
205409 205325
205389 205314
205398 205324
205399 205333
205404 205338
205410 205351
205401 205344
205386 205332
205404 205354
205376 205327
205383 205335
400719 400631
205401 205356
205394 205351
205405 205364
400708 400631
205380 205347
400702 400638
400725 400663
205360 205330
205366 205336
400711 400656
205351 205323
400708 400654
400698 400652
400699 400653
205345 205322
791348 791261
400697 400653
791349 791266
400718 400677
400669 400630
400688 400649
400678 400640
400719 400681
400683 400646
400709 400674
400715 400680
205340 205323
791310 791252
205367 205352
205400 205385
400677 400650
72 24
791328 791277
791339 791288
205336 205323
400650 400626
791345 791298
400672 400649
791346 791303
205350 205339
400712 400691
1572581 1572502
400669 400649
791312 791273
1572579 1572504
1572593 1572518
400674 400656
400682 400664
1572586 1572523
400671 400655
400692 400676
1572563 1572501
791285 791254
791342 791311
205339 205331
205378 205370
205402 205394
205398 205391
1572593 1572541
1572573 1572523
1572585 1572536
1572592 1572544
791337 791313
1572579 1572534
1572577 1572533
791324 791302
791342 791320
1572580 1572537
1572547 1572506
3135097 3135016
3135096 3135016
3135083 3135004
1572573 1572534
3135087 3135012
1572590 1572554
1572568 1572536
791293 791278
791324 791309
3135076 3135017
3135100 3135045
400706 400699
1572558 1572531
1572571 1572543
791342 791328
791344 791292
1572596 1572569
400720 400716
400664 400659
1572557 1572538
1572576 1572563
1572570 1572558
791308 791302
791348 791342
400709 400706
791316 791311
205399 205398
400677 400676
791343 791343
791344 791344
791298 791306
205407 205408
791325 791329
791320 791324
791328 791333
791334 791341
205339 205350
791325 791336
400708 400715
400690 400697
400686 400693
791331 791346
205399 205403
205357 205362
400675 400687
400666 400678
205355 205362
205325 205333
400699 400720
205378 205389
58 71
400702 400725
205365 205379
205388 205404
205339 205357
205350 205369
38 41
81 91
60 71
45 54
52 64
69 88
73 95
