50118121
85 61
100 2
49 1
97 2
79 2
63 2
89 3
46 2
39 2
56 3
74 4
85 5
90 6
43 3
28 2
56 4
69 5
95 7
66 5
79 6
63 5
54 5
54 5
83 8
70 7
90 9
82 9
54 6
90 10
43 5
77 9
92 11
90 64
29 4
61 10
36 6
100 71
47 8
34 6
62 11
70 13
99 19
77 15
55 11
70 14
72 15
96 20
86 18
28 6
65 14
95 21
88 62
31 8
84 23
58 16
84 24
95 65
71 21
87 26
53 16
41 13
79 53
95 33
98 35
64 23
58 21
73 27
80 30
83 32
44 17
95 37
51 20
91 60
70 46
73 47
74 32
80 35
80 35
85 54
52 24
93 43
90 42
75 35
72 34
76 38
93 47
83 42
51 26
98 51
71 37
74 47
69 37
98 53
86 53
89 49
86 48
95 54
90 52
68 40
98 58
93 57
67 40
86 64
16 2
6 1
12 3
24 7
15 5
5 2
10 4
31 13
16 7
44 23
40 22
42 25
28 17
52 34
57 38
66 45
60 41
52 37
48 35
41 30
41 30
46 34
54 40
38 29
81 62
69 53
91 70
78 60
99 78
82 65
98 78
86 69
63 51
82 67
18 15
95 80
90 76
60 51
89 76
89 76
41 36
93 82
97 86
98 87
27 24
45 40
74 66
68 61
41 37
30 28
78 73
79 74
72 68
90 86
91 87
62 1
46 45
48 47
98 96
88 86
50100100 50100007
94 100
66 67
23 23
4 4
26 37
60 61
80 82
72 74
35 36
65 67
83 86
55 57
75 78
62 65
52 55
33 35
65 69
78 83
87 93
43 46
42 45
68 73
92 99
39 42
51 55
48 52
36 39
46 50
68 74
56 61
44 48
84 92
20 22
88 97
68 75
72 80
86 97
61 69
50 57
65 75
52 62
62 74
77 92
72 87
64 78
45 55
35 43
51 63
78 97
49 61
12 15
36 45
15 19
65 84
19 25
75 99
53 70
70 94
25 34
61 83
55 76
57 79
72 100
46 64
61 85
71 99
57 80
57 81
27 75
49 70
63 90
59 85
52 75
54 78
47 68
31 45
50 73
53 78
19 28
56 84
49 75
61 96
47 74
43 69
54 88
44 73
15 25
23 39
27 46
7 12
57 98
29 50
41 71
55 96
40 70
36 63
52 91
41 73
23 41
32 58
39 71
43 79
23 43
44 83
38 73
31 61
3 6
21 42
45 91
34 69
39 80
16 33
16 33
42 87
30 63
33 70
46 100
29 64
29 64
25 56
30 68
22 50
23 53
22 51
25 59
38 91
36 88
34 86
20 52
21 56
25 67
29 78
28 76
20 56
27 76
26 74
33 95
14 42
26 79
22 67
18 56
31 98
23 75
27 90
29 97
23 78
28 97
25 91
18 66
19 71
4 15
24 97
18 73
12 49
11 46
20 84
11 48
14 62
21 96
17 78
14 66
11 52
9 44
18 89
5 25
6 32
12 64
13 79
15 99
13 86
11 73
12 80
13 88
6 44
12 88
12 88
10 74
11 82
10 79
11 90
3 27
9 89
9 93
6 64
9 97
7 78
2 25
3 39
6 99
5 95
2 39
4 85
4 95
3 87
2 63
2 81
1 49
