100008375
269 1
263 7
233 28
273 35
226 29
280 40
116 17
159 26
166 36
162 36
146 33
213 55
262 80
204 65
216 71
96 32
298 108
161 62
203 79
175 69
87 42
79 42
261 141
209 113
198 118
290 176
211 135
272 181
269 199
261 194
270 120
249 206
140 128
156 151
268 260
291 288
269 267
205599 205359
205582 205394
205440 205326
400889 400682
400853 400701
205580 205512
205518 205455
791510 791273
400738 400626
791481 791261
791546 791388
1572799 1572556
1572788 1572595
205527 205505
791539 791460
400741 400705
791371 791301
1572640 1572528
1572680 1572575
1572709 1572615
3135295 3135159
3135168 3135036
791425 791394
1572766 1572706
6260280 6260048
1572762 1572704
6260287 6260088
3135252 3135154
6260168 6260006
12510298 12510030
6260207 6260081
400873 400865
12510282 12510070
791467 791456
194 145
400907 400902
1572716 1572696
12510238 12510095
6260300 6260273
109 119
127 139
20 22
190 215
170 198
216 252
160 195
76 98
147 190
186 244
196 269
170 234
148 212
144 208
