9975013565
222 5
192 10
220 14
91 12
243 35
196 35
248 7
76 14
130 26
290 64
139 32
267 65
219 62
131 39
190 81
166 72
268 117
121 53
143 66
121 58
203 98
227 113
42 23
252 138
291 213
263 203
196 154
248 195
179 32
215 172
288 233
220 185
193 166
260 224
222 196
206 183
155 140
184 169
90 85
251 198
78 75
286 300
1350000297 1350000034
725000299 725000197
2600000300 2600000035
2600000297 2600000066
1350000298 1350000264
1350000298 1350000278
64 173
229 259
251 284
176 200
76 87
147 175
180 215
48 63
140 194
88 133
193 294
117 179
106 168
174 292
153 276
53 96
128 237
55 105
77 172
104 238
112 260
24 59
100 266
93 251
61 167
88 255
74 220
90 296
38 128
62 263
65 299
63 298
31 155
32 209
27 286
18 297
12 282
5 295
