99761287
162 1
197 9
230 11
200 25
210 27
143 21
256 38
280 44
167 37
290 79
32 9
221 77
145 52
263 99
283 115
220 92
249 106
40 19
300 143
246 122
299 152
23 13
246 147
218 137
245 162
179 121
248 175
104 77
208 160
266 205
168 137
198 166
205 186
109 100
89 83
222 209
48 38
141 5
227 274
7250299 7250146
26000298 26000183
7250298 7250209
26000299 26000064
26000296 26000063
7250298 7250287
210 211
193 214
170 219
175 249
173 251
185 288
37 58
149 241
82 136
53 97
80 149
68 131
92 194
92 240
35 159
29 138
14 69
18 95
25 207
23 259
19 244
