1021250
226 2
81 1
175 3
274 6
244 6
195 5
148 4
134 7
294 16
119 7
255 16
282 23
259 23
281 25
62 6
245 25
263 28
266 29
27 3
287 32
277 31
240 28
269 32
244 32
288 39
193 27
163 23
247 36
109 16
283 42
33 5
110 17
261 41
254 43
284 53
244 46
163 33
122 26
222 48
238 52
56 13
222 52
285 68
214 53
24 6
243 61
155 39
147 37
201 51
118 30
173 44
249 67
190 57
216 65
174 53
272 83
100 31
263 83
158 50
228 73
81 27
188 63
157 53
288 106
171 64
263 99
261 106
247 104
224 95
271 115
233 100
294 127
167 74
150 67
226 101
148 67
214 97
290 133
90 42
262 123
121 57
286 138
262 127
255 125
274 137
218 112
299 156
177 94
293 157
97 53
111 61
157 88
155 87
293 165
261 147
212 126
180 108
284 173
287 176
186 116
213 133
163 103
207 131
195 126
204 132
159 103
54 35
50 33
272 180
282 192
192 131
164 112
121 83
288 201
143 100
199 140
124 89
130 94
255 185
195 143
207 152
267 197
103 76
291 215
200 148
129 96
285 215
123 93
71 54
291 222
255 197
69 54
288 227
247 195
188 149
299 239
250 202
130 106
103 85
295 245
296 246
279 234
231 195
232 198
32550 32254
32543 32292
32532 32285
32497 32251
32547 32320
32514 32298
32490 32283
32546 32342
32501 32301
32540 32341
124 3
32485 32293
63763 63506
63789 63535
63754 63503
63784 63548
126293 126008
126286 126010
126291 126021
