50007420
75 33
79 15
88 2
81 2
67 3
65 3
83 4
86 5
51 3
66 4
41 3
67 5
76 7
67 8
44 6
94 13
81 17
94 38
100 23
95 22
87 35
76 19
70 28
97 31
82 27
95 34
94 56
89 46
9 2
41 10
45 13
45 15
29 10
33 12
96 1
40 18
50 24
45 23
63 33
69 37
57 31
20 11
20 11
14 8
25 15
88 55
86 57
54 38
62 45
85 66
56 44
99 80
85 73
31 27
38 34
59 53
32 29
54 50
58 53
81 75
9 4
50001099 50001001
99 100
10 10
45 45
62 96
91 92
41 42
60 62
91 95
57 60
90 97
23 25
80 87
62 68
65 72
85 95
77 90
53 62
27 32
56 68
47 58
72 93
68 89
45 59
67 89
25 36
66 97
63 93
56 83
41 62
62 94
13 20
62 98
29 47
59 96
37 63
41 74
42 78
38 80
37 84
43 99
33 77
40 96
24 73
23 70
32 100
13 49
15 59
16 78
19 99
9 53
11 86
12 98
1 11
4 47
3 57
5 97
2 63
2 67
2 84
