1040633
238 1
222 2
297 3
261 4
250 4
187 3
204 4
252 5
250 5
300 6
299 7
179 5
265 8
255 8
290 10
107 4
260 10
104 4
163 7
299 13
292 13
220 10
136 7
122 7
283 17
66 4
205 13
196 13
295 20
216 15
207 15
68 5
257 19
171 14
230 19
207 18
133 12
195 18
251 24
62 6
227 22
293 29
130 13
179 19
275 30
237 26
262 29
190 22
253 30
234 28
125 15
262 32
257 32
150 19
212 27
279 36
292 38
195 26
232 34
202 30
294 44
262 41
280 44
162 26
282 47
198 34
253 44
108 19
147 26
163 29
219 39
131 24
103 19
257 48
168 32
272 52
204 39
192 37
264 51
85 17
212 43
68 15
124 28
266 61
255 59
149 35
166 39
270 66
286 70
250 62
24 6
136 34
135 34
166 42
74 20
11 3
279 77
131 38
286 85
104 31
117 35
279 84
187 58
273 87
50 16
75 24
277 89
199 64
87 28
204 68
57 19
299 104
227 79
242 85
31 11
28 10
212 76
298 107
111 40
294 106
133 48
274 99
237 86
297 108
258 94
216 79
172 63
171 63
232 86
223 83
222 83
291 109
208 80
44 17
266 103
204 79
196 76
131 51
249 98
287 115
269 109
120 49
200 83
242 101
177 74
185 78
227 97
284 122
230 99
167 72
238 103
97 42
236 103
205 90
280 124
158 70
300 133
196 87
171 76
63 28
141 63
257 115
123 56
135 62
211 97
256 118
222 104
134 63
204 96
220 105
167 80
167 82
105 52
46 23
22 11
288 146
281 143
222 113
246 126
203 106
174 91
216 113
289 153
283 150
245 130
280 149
197 105
275 147
172 92
220 118
293 158
50 27
228 124
172 94
288 158
253 139
225 125
282 157
113 63
233 131
281 158
236 133
218 124
232 133
263 151
290 167
36 21
265 157
251 150
174 104
162 97
113 68
275 167
158 96
141 86
252 154
213 131
228 141
63 39
289 180
168 106
226 143
296 190
262 169
217 140
236 154
209 137
95 63
224 152
81 55
181 123
75 51
69 47
48 33
208 143
292 203
181 126
99 70
258 183
210 149
166 118
178 127
286 205
64 46
253 182
193 139
126 91
227 164
280 203
168 122
286 208
211 154
130 95
297 218
151 111
174 128
290 214
187 138
125 93
274 204
95 71
141 106
209 158
291 221
183 140
98 75
185 142
139 107
249 193
238 185
252 196
222 174
287 225
284 223
108 85
124 98
158 125
265 210
246 197
197 158
196 158
295 239
232 188
138 112
125 102
220 180
268 220
291 240
263 217
242 200
150 124
263 218
238 198
155 129
241 201
83 70
149 126
198 169
164 140
290 248
299 257
157 135
241 208
253 219
282 245
46 40
300 261
272 237
274 240
82 72
85 75
79 70
250 222
103 92
149 134
199 179
173 156
226 204
237 214
183 167
31540 31251
31549 31268
31530 31279
31542 31308
31465 31262
31515 31319
31515 31324
31541 31357
31540 31367
31474 31302
223 99
31451 31284
31407 31256
31539 31385
31512 31359
31532 31379
31419 31267
31470 31303
31499 31357
31424 31274
31541 31391
31550 31409
31462 31325
31535 31399
31466 31332
31460 31328
255 221
31407 31256
62763 62506
31389 31263
62758 62507
