9718542986
111 2
189 5
195 6
142 5
194 7
107 4
154 7
198 10
154 9
135 8
76 5
195 13
104 7
189 13
168 12
55 4
118 9
143 11
115 9
199 17
149 13
41 4
123 12
61 6
155 16
106 11
195 21
166 18
121 14
111 14
159 21
199 27
87 12
78 11
179 26
74 11
92 14
122 19
188 31
194 33
129 23
56 10
102 19
193 36
75 14
196 38
191 40
116 25
171 38
148 33
173 39
182 43
176 42
200 49
130 33
198 51
142 37
115 30
72 19
196 53
70 19
158 45
188 57
59 18
98 30
179 57
75 24
115 37
77 25
179 59
145 48
51 17
182 61
146 49
114 39
102 35
156 54
190 67
31 11
163 59
124 46
70 26
198 74
133 50
68 26
194 75
191 74
166 66
194 78
61 25
152 63
125 53
151 65
144 64
193 92
69 33
170 82
173 84
172 86
73 37
112 57
185 95
66 34
95 49
112 58
101 54
196 105
178 96
125 68
111 61
190 1
76 42
94 52
151 84
133 74
81 46
193 110
47 27
140 81
171 99
186 108
122 76
65 41
188 122
195 127
135 88
140 93
74 50
176 119
119 81
177 121
139 97
73 51
181 127
127 90
158 112
172 122
88 63
184 132
199 143
186 134
111 80
198 143
119 86
177 129
122 89
113 83
88 65
180 133
172 95
89 66
198 147
35 26
176 132
102 78
58 46
184 146
132 105
182 145
175 140
54 44
116 95
68 56
193 161
158 132
167 140
195 164
113 96
124 107
132 114
166 144
154 136
196 174
135 122
191 173
65 59
143 132
182 169
194 181
164 154
106 100
178 169
66 63
72 70
151 148
130 128
165 163
313500196 313500010
313500187 313500013
313500200 313500027
313500164 313500004
313500179 313500019
313500165 313500008
313500191 313500034
313500191 313500042
313500169 313500024
181 134
313500167 313500023
313500166 313500028
313500173 313500047
313500194 313500072
313500177 313500032
313500195 313500080
313500179 313500065
313500199 313500188
313500193 313500082
313500187 313500086
313500172 313500083
313500196 313500121
313500173 313500106
313500183 313500131
313500189 313500151
313500188 313500155
313500174 313500144
313500194 313500171
313500179 313500159
313500193 313500190
182 192
123 123
105 105
313500182 313500187
313500165 313500193
65 90
66 67
64 65
120 122
82 84
70 72
90 93
171 178
45 47
171 180
133 140
141 149
50 53
170 181
173 187
101 111
151 167
65 74
154 178
52 61
44 52
116 138
110 131
85 103
125 153
138 170
142 176
124 154
66 82
141 179
91 117
113 146
117 152
71 94
98 130
96 128
124 166
108 145
114 154
132 179
57 139
118 166
95 134
68 97
102 148
111 163
136 200
77 114
8 12
108 165
89 136
66 101
112 172
68 106
81 128
112 177
112 179
114 183
95 153
102 165
107 176
82 135
34 56
94 155
117 193
110 182
64 106
111 185
55 92
65 111
40 69
77 135
39 69
108 192
74 133
76 139
96 176
83 156
83 157
69 131
61 116
54 103
74 143
40 78
97 190
31 61
38 75
51 102
88 182
88 182
85 177
70 146
89 187
79 167
24 51
74 161
88 192
79 178
68 161
72 171
39 93
5 12
44 106
50 121
29 131
45 110
51 128
59 149
78 198
16 41
46 118
7 18
24 62
61 160
61 169
43 121
65 185
28 82
28 84
60 182
57 177
30 98
51 172
28 95
56 190
46 163
30 107
36 129
18 67
51 191
29 111
35 137
38 156
45 192
37 161
20 103
34 190
16 95
30 184
13 80
19 118
9 59
14 100
24 173
23 175
8 62
11 86
23 180
11 92
16 142
17 158
11 107
11 117
14 170
11 155
8 114
11 161
11 196
10 193
6 117
9 176
5 107
2 48
7 171
7 185
6 189
4 196
2 150
1 93
