1006202
3028 2992
3034 2966
4985 4909
4971 4917
80 52
4983 4924
88 39
3010 2967
5000 4913
96 75
5006 4909
30 17
4984 4929
3045 2989
3038 2976
94 5
51 40
68 28
3026 2977
53 15
43 14
3052 2982
81 8
86 60
94 29
52 14
3049 2991
3034 2976
3024 2981
3039 2960
3018 2956
3048 2974
25 5
98 6
14 8
57 42
79 49
3044 2958
71 39
48 5
83 9
100 78
36 25
3034 2955
3017 2973
100 84
3039 2973
86 64
89 33
73 51
3034 3000
3015 2963
67 37
89 79
90 9
3019 2982
84 13
98 73
3035 2973
87 76
50 8
3049 2992
3008 2963
16722 16682
32328 32255
16690 16654
5001 4981
2978 2960
8890 8856
16707 16645
2985 2973
16703 16647
16722 16631
3001 2982
16717 16664
16718 16636
16700 16638
16713 16635
16684 16631
8906 8827
3043 3012
2990 2965
8880 8817
2999 2967
8858 8819
3040 3014
8903 8856
8902 8863
8898 8870
4995 4951
8879 8845
3034 3006
8889 8829
8901 8863
8874 8823
4994 4960
4962 4936
2984 2964
4952 4924
3022 3012
4969 4938
4954 4931
4953 4916
4956 4936
4953 4915
5000 4950
4997 4973
5001 4950
4957 4918
5005 4953
4976 4956
4960 4916
4995 4962
2987 2966
4981 4931
5006 4963
16694 16656
32342 32275
32341 32252
8843 8818
8852 8827
32343 32253
16715 16676
8835 8814
32332 32254
16705 16666
4 1
62 59
44 42
2989 2980
3042 3033
4975 4962
4967 4955
4978 4966
16691 16657
16695 16662
32336 32273
8858 8841
32325 32263
4942 4933
16690 16660
26 22
32319 32255
16673 16629
32349 32291
32349 32293
4964 4956
