9996104198
145 8
216 22
225 26
257 43
176 34
182 39
100 27
290 86
78 30
119 46
245 99
248 102
51 30
251 148
290 196
269 186
280 196
289 207
80 59
256 199
223 5
243 222
274 256
232 218
1078125293 1078125042
1156250291 1156250049
83 74
1078125286 1078125063
1078125288 1078125084
1312500294 1312500072
1078125260 1078125092
281 289
1156250284 1156250194
1039062796 1039062720
1019531531 1019531506
131 131
150 154
186 200
182 197
94 113
141 172
210 262
67 85
150 196
227 297
84 114
175 257
140 235
110 192
151 294
27 65
116 286
7 27
65 270
53 300
26 280
