1012727
296 7
263 171
18093 17899
199 47
219 26
18035 17860
115 12
103 23
18054 17858
272 122
285 107
265 20
14180 13936
12174 11966
14095 13932
12135 11988
12229 11997
12222 11978
18088 17868
14169 13976
267 190
267 141
160 5
25871 25651
170 26
14131 13915
159 80
199 60
229 28
297 2
282 132
12225 11999
25897 25627
12244 12069
228 24
147 48
12214 12001
18107 17855
191 38
12192 12029
12177 11988
104 60
110 78
176 134
189 144
201 155
282 226
262 211
212 176
122 103
274 248
293 266
135 128
14083 13940
14092 13949
14123 13987
14097 13964
12110 11996
14090 13959
14067 13946
17973 17823
14119 14007
12174 12079
12137 12044
12175 12084
12226 12135
25875 25686
18060 17931
25835 25655
18101 17975
25898 25652
18074 17953
12110 12029
18107 17987
25887 25717
12181 12102
14186 14094
14099 14009
41528 41273
18030 17921
25922 25740
12239 12168
18096 17993
25777 25639
25794 25656
14028 13932
41480 41258
12098 11986
25866 25730
17929 17839
12088 12045
107 109
125 130
236 248
