96918797
58 2
54 2
73 4
18 1
68 4
91 8
73 7
68 8
83 10
72 9
54 7
64 9
95 15
30 5
71 12
47 8
97 17
55 10
44 8
76 14
95 3
90 17
87 17
54 11
61 13
79 19
61 15
92 24
56 16
87 27
37 12
87 30
69 24
60 21
94 33
27 10
68 26
78 30
68 27
65 26
20 8
100 42
99 42
54 23
93 41
33 15
95 45
39 19
63 31
84 42
54 27
4 2
87 44
23 12
44 23
84 44
47 25
70 38
56 31
94 53
97 56
50 29
55 32
88 52
57 35
76 47
71 45
92 59
59 38
94 63
77 52
54 37
90 62
42 29
70 50
43 31
95 70
59 11
99 76
79 61
46 36
48 39
37 31
57 48
98 83
46 39
40 34
61 53
77 69
95 88
100 93
57 54
67 64
73 70
81 78
87 84
72 70
100 99
3126098 3126002
3126087 3126010
3126092 3126020
3126080 3126009
3126087 3126022
3126077 3126016
3126078 3126018
3126078 3126022
3126090 3126036
3126096 3126043
93 69
3126083 3126032
3126081 3126033
3126092 3126044
3126098 3126076
3126091 3126048
3126076 3126034
3126082 3126040
3126088 3126053
3126086 3126052
3126097 3126067
3126097 3126073
3126079 3126058
3126078 3126063
92 96
3126077 3126073
3126091 3126087
3126079 3126076
3126080 3126080
3126090 3126091
3126094 3126100
3126084 3126093
3126083 3126095
48 75
71 72
53 54
83 85
85 88
81 84
84 90
54 58
49 53
53 58
65 72
9 10
84 95
82 94
20 23
78 91
71 83
75 88
81 96
53 63
53 63
66 79
18 22
12 15
70 89
11 14
68 88
54 71
66 93
44 63
69 99
40 58
37 54
50 73
52 78
18 27
56 90
35 57
19 31
46 78
37 64
45 83
39 72
26 49
37 70
52 99
48 94
28 56
33 68
39 82
34 75
21 48
31 71
36 84
28 73
11 29
36 95
28 75
26 74
27 77
21 63
29 87
25 76
18 58
16 59
15 56
19 71
23 86
19 74
14 55
22 87
13 52
17 68
8 35
7 31
19 87
5 23
19 89
18 85
9 43
5 24
18 87
9 45
15 78
12 66
16 91
8 53
8 53
9 62
6 44
5 37
2 17
5 53
2 22
6 73
7 93
5 82
2 51
2 68
2 85
