100044786
50014 49842
50038 49860
278 86
391922 391643
391866 391670
391916 391788
145 114
391841 391657
391916 391666
50101 49927
391862 391630
272 79
50084 49887
391906 391771
217 122
782484 782293
295 270
296 243
782450 782290
391832 391717
391784 391685
151 8
210 150
269 240
121 100
50 29
391912 391722
280 256
391856 391626
278 183
296 111
155 62
257 182
391796 391694
241 28
236 41
782439 782288
391829 391649
218 65
49993 49831
225 47
391805 391654
150 69
224 31
140 92
782455 782275
391799 391718
273 78
782510 782318
227 174
203 71
50128 49853
782470 782287
391873 391679
391876 391636
782498 782324
230 192
279 138
782513 782342
196 155
231 11
263 139
391840 391651
281 249
266 43
217 177
275 141
211 121
221 63
391834 391660
782468 782305
391862 391709
49989 49885
112 30
782538 782335
391897 391724
222 174
107 60
391905 391762
50123 49879
391821 391741
391835 391668
391796 391708
105 48
276 171
782524 782264
127 67
196517 196333
35 7
102 35
107 48
196610 196420
281 47
131 46
191 133
196475 196428
77 48
138 100
196584 196407
210 22
196547 196449
163 82
296 79
196546 196327
48 2
196606 196326
196588 196525
196436 196337
149 97
106 70
196518 196448
157 58
196422 196321
82 64
196410 196345
173 29
196565 196384
196503 196464
196604 196368
144 1
187 168
198 22
282 143
196572 196319
106 85
183 147
196516 196434
196578 196441
291 127
196612 196320
196598 196445
196607 196348
158 44
50124 49874
196510 196410
782439 782288
243 45
276 37
196490 196323
196540 196487
13429 13233
13408 13338
196538 196328
196545 196474
13433 13374
13412 13241
196554 196386
13417 13241
13261 13221
13406 13249
13485 13357
13466 13243
13493 13400
196586 196325
196547 196358
13314 13250
196519 196405
13428 13215
13411 13384
13411 13391
13440 13387
50018 49958
13486 13210
196608 196454
50061 50018
13345 13240
98691 98660
13325 13271
13403 13224
50087 50038
98947 98893
13327 13265
98899 98748
13453 13222
98954 98824
98848 98663
13485 13217
98898 98840
50062 49830
13500 13363
13354 13220
13384 13249
98811 98732
98806 98767
98783 98678
98870 98683
13340 13231
98948 98737
98843 98804
98789 98760
13348 13277
98938 98910
13463 13367
13464 13373
13252 13212
13275 13255
50015 49839
13465 13291
98929 98702
13442 13329
13429 13320
98869 98715
13319 13294
13445 13258
98862 98791
13501 13472
98951 98912
98905 98826
13314 13278
50075 50042
13406 13375
98917 98719
98864 98770
98872 98672
13392 13282
13489 13298
13333 13213
50121 50014
98845 98806
49871 49833
13282 13243
13501 13411
98857 98674
25606 25417
98912 98694
50074 49935
98686 98658
25647 25561
50031 49871
98823 98685
98888 98775
98780 98689
25660 25591
25613 25516
98815 98753
25674 25455
25485 25455
98751 98702
25702 25496
49872 49842
25699 25616
98862 98684
98939 98886
25628 25476
98903 98773
25665 25569
25713 25682
25612 25468
98870 98690
50014 49847
98956 98740
49950 49846
25612 25523
25712 25586
50040 49964
49902 49848
25632 25476
25621 25582
49923 49860
25710 25506
50034 49844
25626 25475
50128 49965
25700 25671
50033 49885
25561 25481
25573 25541
25518 25490
50056 49869
25664 25544
25671 25537
50114 50021
49966 49888
50126 49996
25575 25428
50098 50048
25644 25468
25510 25468
50013 49886
50090 50013
25659 25606
25586 25539
25693 25415
25575 25429
25561 25522
49910 49879
50088 50006
50029 49950
25625 25534
50067 49864
25654 25495
49873 49850
25494 25445
49877 49855
25662 25545
49995 49881
50097 49889
25586 25520
1563779 1563554
1563786 1563527
1563774 1563517
1563759 1563526
1563766 1563524
1563780 1563534
1563755 1563506
58 43
73 65
182 169
288 272
117 112
221 214
243 238
92 91
13361 13343
13258 13242
13450 13443
25619 25607
13315 13309
25677 25667
49925 49906
13278 13273
49904 49887
25708 25700
50010 49995
25477 25470
49959 49946
98737 98713
98862 98840
98731 98710
25695 25690
391818 391743
391809 391735
391748 391675
391739 391667
391772 391706
391907 391841
782479 782348
782513 782386
391796 391733
782441 782318
391723 391662
782443 782322
782537 782416
782512 782393
196431 196402
391818 391762
98760 98746
391726 391673
782371 782269
391690 391639
782460 782359
1563717 1563522
391755 391707
1563737 1563548
49990 49984
391877 391830
1563794 1563607
1563691 1563507
196384 196361
1563790 1563613
1563734 1563559
98951 98940
1563760 1563587
1563788 1563616
391826 391784
1563687 1563520
782399 782318
782501 782420
1563671 1563510
1563678 1563518
782373 782293
782395 782315
782540 782460
1563756 1563597
1563779 1563620
49959 49954
782540 782462
391762 391723
391742 391704
1563717 1563569
782493 782423
1563762 1563624
782342 782274
1563781 1563648
782448 782383
1563748 1563619
782398 782334
782333 782251
391667 391635
391821 391789
196391 196376
213 121
3126288 3126015
1563701 1563577
1563646 1563535
196377 196364
236 236
25607 25608
