979425
74 2
71 6
58 5
46 4
33 3
69 7
97 14
96 20
60 13
44 10
66 15
73 17
100 2
46 12
87 23
77 22
16 5
63 20
50 17
38 14
88 37
78 36
57 30
24 14
64 39
44 27
80 51
68 45
45 30
96 64
17 12
21 15
71 51
19 14
39 29
90 69
27 21
87 68
72 57
98 81
92 77
35 31
73 66
66 60
55 53
64 62
95 93
31428 31366
31448 31386
31441 31381
31448 31388
31450 31397
63 16
31410 31366
31407 31355
31395 31357
31446 31408
31421 31390
31421 31384
31410 31375
31437 31402
31444 31442
86 90
31427 31399
31400 31375
31393 31384
31441 31434
50 50
37 37
31414 31418
75 78
31415 31425
31430 31441
31400 31418
31394 31422
31408 31437
31393 31427
31400 31437
31389 31429
31388 31438
31392 31443
31397 31449
31390 31443
56 57
37 38
76 79
49 76
62 66
72 77
65 73
50 59
74 89
27 33
64 79
32 40
57 76
59 80
44 61
40 56
50 70
70 99
56 81
30 44
57 85
40 60
43 65
58 88
14 22
38 60
17 28
53 91
44 76
5 9
50 93
52 98
42 81
15 29
47 93
49 97
20 40
31 62
37 76
33 72
45 99
19 44
29 69
37 89
14 36
35 90
35 92
19 51
28 84
24 74
19 59
22 69
27 85
25 88
19 69
17 66
11 45
13 56
9 51
13 86
7 73
8 90
2 30
5 83
4 78
4 83
2 94
1 70
