1005400
69 34
80 50
81 16
96 17
12048 11974
17909 17827
12040 11972
99 80
84 39
87 29
95 10
17901 17818
65 19
12001 11954
60 35
17908 17835
96 2
82 49
74 54
13967 13909
83 70
74 47
49 6
12042 11956
99 13
14006 13922
71 6
96 4
100 48
69 45
100 79
36 18
90 54
33 14
89 53
12038 11967
89 20
12037 11969
48 2
70 1
21 10
79 46
13990 13918
67 28
96 16
85 63
93 82
72 3
78 16
75 48
13989 13934
62 22
95 28
48 18
76 56
85 14
42 9
98 75
12032 11969
12033 11971
63 36
12046 11967
12025 11973
73 31
26 15
74 6
12015 11961
100 73
25693 25627
17900 17837
17886 17835
12046 12003
12034 11995
25721 25635
25720 25632
17887 17841
25709 25653
17892 17838
17892 17841
25720 25628
25712 25648
17891 17826
25725 25636
17858 17814
13969 13921
13990 13953
14003 13955
13999 13945
25706 25650
23 16
53 44
55 49
85 78
77 71
86 81
69 68
73 72
83 82
13952 13919
13948 13916
14000 13968
12052 12025
12053 12026
13982 13951
25717 25663
25722 25668
12021 11996
13960 13931
25682 25630
25681 25631
12025 12002
13987 13961
17902 17869
11999 11977
13938 13914
78 50
17882 17846
25722 25679
25716 25674
25 25
