99398092
60 1
165 4
178 7
138 8
168 11
133 9
58 4
140 10
41 3
200 16
189 19
175 18
185 20
130 15
187 30
111 18
55 11
135 35
92 24
157 44
191 57
99 31
133 43
52 17
86 29
180 61
192 67
163 57
147 52
64 23
82 30
100 38
94 36
13 5
153 63
57 24
122 52
101 44
158 69
174 76
61 27
180 81
148 68
102 49
142 70
36 18
169 85
89 45
200 102
172 90
179 95
181 97
69 37
98 53
53 29
186 103
198 110
128 72
113 64
194 110
163 96
139 82
150 89
180 107
109 66
76 47
189 118
124 78
139 90
111 78
153 111
193 141
149 109
199 148
165 129
134 105
147 116
138 109
115 92
57 46
68 56
181 151
153 129
185 159
40 35
197 174
142 126
175 156
189 171
137 124
194 178
188 174
128 121
157 149
155 149
130 125
105 103
161 158
181 3
13125200 13125020
13125200 13125131
191 192
60000199 60000160
13125199 13125192
79 86
88 89
91 93
187 195
162 169
143 150
98 104
80 85
87 93
159 170
115 123
71 166
137 151
142 157
149 166
146 163
172 196
54 62
19 22
37 43
17 20
87 103
10 12
114 140
99 122
136 169
123 153
156 196
152 192
95 121
142 182
120 158
119 158
111 153
95 132
128 179
62 89
112 162
78 116
61 91
50 76
83 127
70 112
75 120
107 173
116 190
67 111
100 166
85 142
80 134
19 32
112 189
103 174
56 95
116 198
40 69
51 88
97 173
80 143
88 159
105 192
79 145
42 79
62 117
66 126
77 151
71 148
64 134
68 143
37 78
72 155
79 173
83 184
73 167
48 112
8 123
37 87
74 174
72 171
56 135
61 151
57 143
60 156
63 167
69 183
66 178
71 192
63 174
69 191
25 72
65 189
13 39
49 160
34 113
46 160
29 104
13 47
47 180
1 4
24 99
44 188
24 107
23 103
25 117
37 174
28 140
37 185
36 181
14 72
15 81
30 173
32 188
27 167
27 176
25 165
22 161
22 170
13 107
13 125
19 189
10 108
14 169
8 101
13 181
3 45
9 141
8 159
9 193
2 46
7 166
4 104
3 81
3 85
4 151
3 115
4 165
3 181
2 179
2 187
1 120
