512693
194 123
88 8
91 1
66 3
187 23
176 108
108 15
156 24
110 19
182 32
69 16
196 47
159 40
196 51
156 41
139 78
70 23
122 43
191 70
177 66
185 69
71 27
127 50
151 60
96 40
69 29
153 66
197 88
120 54
140 65
99 48
180 92
166 85
101 54
169 92
182 125
156 108
167 122
188 153
115 73
117 76
143 111
136 91
194 132
15 2
34 10
27 17
49 32
102 80
79 62
64 51
41 33
142 115
104 86
6 5
139 117
35 31
169 151
172 155
154 146
129 123
92 88
84 81
178 176
189 187
142 141
155 1
500200 500022
180 190
158 158
143 143
118 120
129 136
156 167
153 164
86 97
139 158
66 80
144 177
93 117
46 58
118 155
91 128
135 190
94 133
76 112
99 146
115 170
19 29
99 153
101 160
102 167
120 198
92 157
114 195
59 103
75 134
102 187
90 165
40 86
18 39
68 151
77 179
27 74
56 160
14 42
38 115
37 118
8 28
46 162
45 167
14 56
40 186
27 149
16 103
15 102
21 165
6 89
9 159
2 156
1 138
