1046353
1234 1033
1193 1010
272 160
215 178
40 15
207 176
194 154
299 58
264 146
200 46
200 145
256 76
296 181
130 7
164 67
280 16
102 9
264 107
262 26
282 220
238 15
246 46
159 47
220 25
36 5
297 4
160 102
107 92
185 128
254 38
249 110
239 53
205 134
258 46
157 108
207 146
192 157
299 8
212 25
183 117
243 9
254 164
142 45
187 43
234 142
223 15
160 87
121 35
258 58
225 33
256 162
199 33
266 57
288 90
316 245
307 211
128 24
267 171
271 32
211 179
301 189
111 86
312 239
259 213
154 41
274 76
197 96
228 173
278 55
200 65
175 128
304 79
231 116
318 273
251 54
248 60
192 60
206 51
289 79
276 162
269 56
313 30
116 83
174 138
205 144
164 80
256 139
291 31
242 97
231 77
213 32
217 181
299 152
214 114
199 140
323 205
249 46
140 105
319 141
237 117
195 159
178 52
318 86
340 240
168 129
318 263
327 241
138 111
287 245
252 73
243 114
214 65
261 163
155 44
121 61
282 177
335 269
183 138
230 136
283 214
289 128
305 165
67 44
126 100
118 94
320 92
347 186
263 82
306 227
371 201
358 277
364 116
309 191
356 87
250 164
211 83
348 126
277 188
349 279
304 112
247 73
218 178
285 128
388 231
280 217
242 134
296 155
302 261
280 143
340 234
203 151
318 210
254 184
309 221
345 238
408 250
317 183
285 152
264 219
203 170
335 144
316 157
317 174
347 297
341 202
284 156
389 182
314 217
453 295
546 460
455 356
402 269
449 384
467 268
515 276
464 280
470 297
387 318
540 430
475 348
513 302
370 303
481 405
506 400
484 388
547 277
395 336
422 347
375 326
444 271
536 422
481 365
550 348
489 364
541 332
484 383
518 439
476 310
783 550
767 499
638 535
783 500
765 656
795 580
701 518
675 564
786 590
740 578
717 601
780 520
724 569
1192 1038
1285 1021
1281 1011
1162 1013
1252 1045
1268 1061
1225 1016
322 311
255 232
2193 2035
2118 1988
2191 2074
2250 1977
2247 2017
273 261
2247 1974
193 173
2123 2064
1120 1048
1212 1170
2104 1996
216 209
169 156
1113 1012
2215 2153
1101 1027
249 225
130 119
1086 1058
326 295
1233 1142
192 185
211 193
2210 2007
2091 2040
1145 1040
160 140
2202 2024
2238 2145
1079 1017
295 263
1215 1167
2151 2032
1105 1019
2095 2038
2244 2052
2214 2150
2161 2014
112 99
1285 1167
2195 2125
1180 1097
1155 1082
4189 3939
197 172
4194 4061
4173 3987
1150 1034
1140 1030
1266 1166
1199 1095
1102 1049
1222 1165
4201 3977
4211 4086
1219 1089
4147 4001
703 625
4150 4008
4123 3968
4141 3982
663 586
108 98
645 619
580 559
184 173
689 624
702 655
4203 3939
246 230
4081 3950
4124 3994
659 639
4153 3948
624 602
677 620
580 567
4209 4085
611 571
4198 4076
650 579
603 577
4201 4098
557 511
689 636
775 732
477 455
8089 7902
554 534
8092 7907
319 286
362 328
8109 7923
518 465
8096 7858
269 257
490 443
304 277
410 401
361 353
423 390
158 148
428 414
148 139
15924 15818
31523 31311
15856 15657
8072 8015
715 701
15838 15672
3981 3937
7970 7836
4125 4063
15911 15735
15852 15706
4202 4113
15910 15750
15916 15637
1076 1058
15916 15656
15830 15662
8105 8027
4072 4033
15864 15705
4117 4061
15853 15679
4176 4112
4153 4110
4108 4037
547 536
15842 15693
15929 15707
15925 15697
15885 15772
4161 4090
15892 15754
15913 15777
15876 15704
15875 15659
31554 31283
8008 7897
15853 15678
15841 15687
15913 15733
8005 7863
15904 15770
8058 7917
15918 15692
15919 15731
4156 4067
15887 15641
15932 15768
8090 7950
1276 1261
15925 15663
7962 7848
7948 7836
8108 8001
2054 2012
8035 7909
8003 7841
1226 1203
7934 7826
8080 8024
31478 31271
179 174
187 182
279 273
286 281
701 691
1213 1200
1188 1176
2027 2010
719 713
1121 1113
2176 2161
4029 4002
302 300
4209 4182
1008 1002
15926 15832
153 27
15796 15683
15785 15649
15915 15822
1178 1172
470 468
238 237
1990 1982
