50013120
171 90
181 25
72 6
128 13
131 16
152 24
185 32
158 31
117 23
165 33
170 34
53 12
135 31
79 19
90 22
149 38
118 31
165 52
139 44
102 33
194 67
199 74
192 73
63 24
81 34
122 53
176 77
166 75
196 89
95 44
148 73
175 124
190 103
142 78
193 111
163 95
124 75
105 73
127 78
159 98
139 87
161 103
182 117
165 109
111 75
186 126
160 146
75 64
129 101
101 81
164 137
109 92
97 82
99 85
18 11
143 138
132 130
137 6
50001199 50001012
191 198
54 54
180 181
34 36
178 189
144 153
167 182
150 175
120 144
61 77
25 32
99 127
104 134
129 168
132 178
123 166
132 180
51 71
87 122
61 87
105 150
34 49
55 85
70 111
79 127
88 150
87 153
51 96
74 141
84 167
30 61
53 110
15 32
81 177
40 92
51 119
43 109
41 106
10 26
44 125
56 165
55 167
48 149
43 134
14 44
31 102
40 137
56 199
2 8
27 125
39 198
37 189
20 103
26 145
20 144
23 195
22 187
18 196
4 182
2 144
2 164
1 140
