9716512222
136 27
252 54
168 40
288 69
258 67
249 83
264 92
249 104
88 48
282 159
253 162
45 29
82 53
214 140
82 54
214 142
121 88
177 142
281 233
296 251
92 79
149 128
245 215
277 247
285 269
179 176
227 226
313500180 313500002
313500195 313500017
313500290 313500113
167 10
626000295 626000015
313500292 313500177
313500179 313500084
313500118 313500031
313500272 313500097
313500116 313500054
313500108 313500049
313500100 313500054
227 252
313500095 313500050
313500046 313500007
626000299 626000243
313500077 313500068
313500195 313500211
313500032 313500064
313500094 313500142
313500090 313500148
313500026 313500091
313500063 313500130
313500076 313500173
313500145 313500248
313500112 313500243
313500009 313500163
313500115 313500288
313500047 313500225
313500007 313500189
313500068 313500265
159 165
68 71
85 93
211 249
29 36
191 239
154 218
138 206
185 281
143 232
95 163
124 235
121 233
61 122
99 200
114 234
78 168
31 68
30 68
120 293
38 100
55 147
75 240
73 292
59 282
31 164
30 282
4 46
20 295
11 186
2 274
