51025301
293 158
227 107
271 118
276 18
249 108
155 11
248 18
273 28
237 26
220 26
144 18
296 126
268 39
252 38
211 34
234 38
249 42
189 32
274 105
206 38
265 59
245 55
189 49
253 93
195 70
260 78
261 81
236 81
216 73
101 1
83 5
86 6
114 15
122 21
121 33
158 46
145 45
88 30
64 23
67 27
79 33
90 40
173 88
173 89
142 77
257 148
171 99
267 161
262 158
277 178
286 187
271 183
145 98
222 153
230 162
199 148
235 176
230 173
19 15
276 3
110 88
238 195
278 230
122 102
247 208
256 216
263 224
200 171
284 250
22 20
123 112
160 146
290 268
238 222
126 118
203 191
97 92
281 268
179 171
170 167
119 95
51000300 51000084
298 299
207 251
229 232
155 163
147 155
244 259
96 103
264 287
253 288
98 112
236 273
121 142
252 296
151 182
26 84
227 276
243 297
206 255
222 279
178 224
207 261
17 22
91 119
219 292
179 244
172 237
214 298
149 210
206 299
67 98
200 299
102 153
125 193
90 141
84 139
116 204
165 296
76 141
126 238
100 196
115 229
67 139
128 275
132 286
111 243
130 291
129 289
69 155
106 239
16 39
104 256
115 292
113 296
112 294
84 231
94 263
79 224
48 143
61 190
32 111
75 271
66 246
31 118
32 123
69 274
47 225
21 112
38 240
36 234
25 185
20 178
29 260
7 113
11 189
12 281
8 220
9 256
7 299
4 282
