97199071
255 1
96 2
141 6
271 33
224 58
140 39
300 89
226 91
287 144
252 131
158 93
229 142
161 119
199 154
238 188
209 166
141 112
238 196
298 266
175 162
158 150
249 243
3135283 3135007
3135265 3135002
3135273 3135013
3135294 3135054
3135278 3135074
3135262 3135061
3135232 3135034
3135248 3135071
3135243 3135078
3135261 3135140
275 7
3135215 3135069
3135157 3135047
3135289 3135186
3135169 3135075
3135151 3135059
3135170 3135080
3135293 3135212
3135164 3135084
3135233 3135154
3135167 3135097
3135205 3135142
3135291 3135267
3135223 3135214
272 279
3135267 3135277
3135240 3135261
3135242 3135268
3135209 3135251
268 269
3135238 3135290
3135175 3135253
3135174 3135266
3135177 3135281
245 262
129 144
228 289
197 252
109 156
139 271
29 57
104 215
97 271
87 257
47 153
71 297
29 143
11 276
1 69
