9690613285
110 7
154 11
102 14
161 24
109 22
171 35
157 35
131 33
126 33
166 48
136 40
105 31
51 17
107 38
156 56
132 49
27 11
174 80
147 72
118 59
198 104
179 101
197 115
170 100
163 98
117 75
81 52
96 63
105 70
159 110
96 67
197 141
85 61
79 60
155 118
123 95
150 119
190 155
187 156
164 5
161 141
190 168
91 82
188 175
200 188
168 162
199 193
84 83
312600199 312600024
312600145 312600007
312600169 312600033
312600158 312600035
312600193 312600073
312600164 312600050
312600198 312600087
312600187 312600081
151 131
312600143 312600032
312600167 312600096
312600199 312600148
312600096 312600043
312600100 312600064
312600142 312600108
312600189 312600157
312600133 312600103
312600184 312600154
312600136 312600126
312600182 312600162
312600182 312600164
312600168 312600153
312600112 312600108
312600112 312600109
161 168
312600188 312600195
312600117 312600137
312600083 312600105
312600143 312600169
90 116
312600151 312600188
312600123 312600170
312600086 312600133
312600126 312600188
83 85
141 150
25 27
82 92
22 27
103 131
93 123
90 132
23 35
83 150
85 154
80 162
90 184
42 92
46 105
21 50
58 139
36 87
38 101
52 147
53 179
18 76
45 194
3 16
17 105
24 165
10 72
21 197
12 113
