100013373
201 4
208 5
273 9
186 7
200 8
249 11
277 20
289 24
265 24
220 26
232 33
178 34
166 38
201 51
276 81
270 82
189 58
245 78
266 99
281 105
270 101
123 47
291 113
173 69
265 112
235 101
217 96
256 115
214 97
184 84
279 128
274 126
108 51
78 37
82 39
202 103
285 151
282 150
76 41
44 24
229 126
123 68
266 148
166 96
99 59
222 137
226 140
141 93
196 130
78 52
227 153
252 173
226 157
234 166
216 155
206 150
67 49
232 173
117 89
185 142
233 179
235 181
202 158
206 162
124 100
277 227
209 173
286 240
252 212
284 241
185 157
300 255
97 84
202 176
260 234
269 244
295611 295366
295607 295408
295567 295377
295581 295406
295559 295396
295485 295348
490865 490638
490923 490731
295518 295420
295452 295362
490834 490710
295454 295387
490784 490695
881527 881374
881463 881335
1662714 1662532
213 24
881513 881423
1662647 1662503
1662770 1662635
3225234 3225014
3225237 3225096
3225140 3225004
3225227 3225103
3225185 3225065
3225208 3225092
3225187 3225072
6350258 6350063
6350235 6350045
6350256 6350077
3225277 3225196
3225179 3225110
6350233 6350099
3225244 3225180
1662772 1662595
12600218 12600012
12600179 12600003
3225078 3225042
