100052335
219 192
63 51
193 84
54 2
294 133
278 240
197 161
3334 3202
256 138
56 39
292 34
239 66
161 16
185 88
166 28
105 90
164 86
252 101
237 207
232 161
243 86
126 20
252 35
145 34
200 80
181 152
184 176
278 212
242 8
279 98
3171 3083
212 132
206 111
170 144
143 8
156 3
188 50
194 23
130 123
167 48
109 77
132 9
169 145
193 49
80 5
241 94
275 37
205 144
279 234
172 27
105 62
278 106
248 92
243 206
269 210
97 61
224 94
194 98
191 89
186 32
3222 3074
92 71
107 85
217 198
3265 3133
270 211
218 160
213 45
291 9
205 170
266 180
300 212
3275 3104
241 209
244 18
297 125
284 28
16 3
249 111
3286 3069
300 66
267 256
238 116
108 86
231 98
52 1
3177 3083
195 35
155 146
288 224
257 135
268 45
262 229
3326 3135
131 97
196 40
3266 3165
141 18
58 50
136 117
237 101
91 51
1795 1565
139 18
198 85
1687 1542
1756 1528
1737 1545
1790 1573
1612 1552
1745 1641
39 11
87 6
121 98
279 98
285 158
284 41
1632 1568
234 96
260 31
1813 1706
189 98
165 89
230 46
1694 1631
1763 1549
74 37
90 80
100 78
58 30
1784 1553
197 65
186 92
1823 1768
74 32
236 56
1682 1571
169 141
270 152
1782 1581
230 77
1737 1547
27 2
258 82
1028 885
186 117
273 165
267 169
802 777
118 78
137 50
238 33
263 72
192 147
132 83
293 229
264 212
210 40
961 888
178 109
941 875
85 18
260 110
186 34
222 126
183 6
1057 784
227 127
996 859
222 157
205 90
879 851
169 109
1011 842
890 805
297 111
936 812
283 200
1014 793
158 140
922 865
177 79
180 171
119 8
1014 852
147 99
222 1
251 198
1008 764
220 131
63 31
1014 984
1042 765
1036 888
61 1
297 144
198 130
170 154
142 127
146 10
282 224
247 115
992 884
1032 817
178 48
234 86
170 23
283 272
149 123
152 4
39 26
176 23
106 80
155 42
300 168
202 22
198 78
283 44
286 7
170 1
219 136
270 125
72 32
239 204
186 8
233 3
256 48
295 251
260 62
286 96
240 36
175 34
190 147
243 27
163 95
268 34
162 133
268 105
188 30
250 28
225 128
92 77
185 158
108 74
163 78
276 149
19 3
222 38
77 46
284 219
97 11
74 66
286 230
171 122
249 84
124 24
268 49
217 141
157 137
28 3
272 26
211 202
250 165
200 97
237 43
48 37
238 6
300 288
294 133
202 112
226 67
298 78
296 110
195544 195452
195557 195468
195608 195449
3254 3167
24591 24490
49094 48920
49054 48892
97803 97726
781524 781340
781433 781253
6334 6160
6343 6265
6378 6240
49049 48936
6326 6165
48958 48885
781524 781310
781478 781304
6345 6225
781548 781354
781544 781296
49002 48901
390867 390745
49008 48888
49112 49029
781540 781323
390838 390651
49057 48947
49065 48928
12423 12294
390873 390680
390809 390630
390838 390663
390849 390751
6281 6197
6324 6221
6283 6138
48963 48884
49052 48850
390881 390635
49101 48896
49126 48883
49047 48967
49110 48919
12471 12333
97880 97771
390917 390740
390879 390751
390731 390634
97766 97661
49124 48899
390907 390684
97906 97681
12384 12251
390840 390689
49034 48906
49128 48873
97776 97680
12412 12260
12495 12412
390857 390666
390869 390686
390883 390776
12451 12306
97937 97686
24697 24603
195504 195343
97924 97810
97841 97752
195546 195454
97901 97712
97850 97727
195604 195345
12462 12252
195607 195391
97878 97764
97840 97766
97859 97727
24701 24565
195502 195393
195491 195322
3276 3203
12438 12243
195512 195380
24692 24470
24549 24425
97889 97786
24654 24421
195469 195337
3200 3126
195533 195444
97818 97691
24670 24526
195586 195421
195608 195339
24710 24551
44 40
152 147
97 94
34 33
142 138
1029 1002
1736 1693
1607 1571
296 290
209 205
58 57
1799 1768
3302 3247
3109 3060
3193 3153
85 84
3323 3285
3336 3302
6188 6126
3260 3228
6384 6323
861 853
6398 6343
6330 6277
3172 3147
3181 3156
3273 3248
281 279
6155 6122
12296 12233
201 200
6292 6261
6310 6281
6272 6244
3120 3111
24482 24421
24492 24433
3132 3125
24496 24444
24591 24540
12242 12218
24471 24425
12326 12303
12478 12459
12505 12487
6299 6291
12373 12359
12477 12463
1801 1799
49045 48991
49073 49020
49117 49068
24496 24476
97881 97820
97782 97722
24555 24540
97820 97768
97789 97744
195586 195516
97751 97718
6202 6200
6333 6331
48944 48930
97888 97861
195484 195439
49060 49050
97930 97911
97782 97764
390912 390842
195485 195450
390716 390651
390824 390760
781478 781351
390804 390742
390881 390821
1562739 1562501
781372 781256
1562762 1562533
1562737 1562528
195456 195430
195433 195320
781489 781393
187 57
1562777 1562588
1562711 1562525
781371 781280
781439 781350
390677 390637
781356 781284
1562727 1562588
390919 390885
195550 195533
1562738 1562610
390889 390857
195481 195465
781401 781340
1562713 1562599
3125272 3125054
3125222 3125013
3125213 3125007
3125298 3125094
1562685 1562583
3125247 3125050
3125299 3125104
1562771 1562679
1562765 1562679
1562749 1562664
3125290 3125121
1562786 1562702
3125232 3125068
3125244 3125083
390865 390845
1562716 1562639
3125170 3125018
6250291 6250015
390725 390707
781536 781502
3125185 3125060
390829 390812
195511 195486
97880 97868
781448 781419
6250300 6250078
203 203
260 261
142 143
107 108
