100030579
167 10
247 154
59081 58852
59020 58907
59046 58856
59074 58849
59102 58981
59034 58882
59036 58857
273 108
59072 58951
59112 58953
59083 58970
165 13
195 3
34664 34491
161 71
299 34
34699 34565
34514 34422
34613 34505
127 6
203 128
34664 34418
34619 34465
34616 34456
34693 34433
34539 34464
34705 34528
34596 34530
34562 34460
34654 34465
266 115
34686 34447
175 116
281 77
34671 34597
34663 34515
250 59
281 183
34686 34519
34667 34556
34710 34615
34553 34457
291 18
271 37
197 74
296 6
34703 34580
159 101
22416 22278
252 26
271 93
22503 22432
193 108
22313 22217
22424 22308
22406 22256
22483 22309
22498 22283
222 76
22492 22331
22485 22212
249 52
246 58
269 185
22462 22263
22315 22219
131 56
22399 22337
259 74
22360 22262
22487 22423
22465 22356
249 63
289 223
292 61
280 150
271 141
210 91
275 66
148 37
104 15
231 56
195 105
257 88
223 162
218 137
289 91
253 176
159 93
101 11
254 46
257 81
300 212
216 153
223 43
211 126
262 140
149 40
227 51
252 147
144 3
173 109
152 83
297 114
230 117
270 80
96 32
132 40
279 44
220 82
273 130
263 131
229 68
296 160
97 24
273 130
107898 107702
237 10
213 128
268 179
201 42
213 116
400769 400650
400813 400689
59097 59000
1572749 1572543
107753 107673
107783 107677
58942 58848
400876 400632
400855 400628
205447 205319
205489 205314
791477 791287
107799 107693
107849 107742
400796 400664
205586 205407
400857 400720
107772 107661
400880 400775
107885 107699
791517 791319
58965 58882
107873 107730
107847 107746
791476 791307
791446 791299
400826 400706
400880 400690
400903 400728
107777 107662
791485 791257
107782 107690
59118 59041
205577 205350
58966 58867
205571 205325
1572767 1572525
107908 107819
205474 205335
400856 400720
63 11
77 26
93 45
117 61
54 30
135 78
128 86
84 57
176 128
182 135
206 157
182 140
213 166
75 59
267 220
240 203
185 161
155 136
263 232
262 232
97 87
279 253
108 99
183 168
286 264
273 253
224 214
210 205
297 290
22335 22279
22406 22365
22303 22263
34705 34645
34582 34523
22322 22284
58904 58835
58972 58912
34685 34652
22419 22399
59008 58956
59072 59027
107727 107657
107831 107764
107836 107778
107843 107785
107892 107838
59073 59049
205500 205424
107776 107737
34633 34621
205445 205377
205514 205447
205556 205494
107769 107737
34602 34592
205544 205490
400776 400699
205527 205488
400879 400806
400781 400715
400775 400710
400737 400676
205578 205549
205600 205571
400687 400631
107891 107877
295 115
205567 205542
205612 205587
205455 205432
400777 400735
59037 59031
1572759 1572616
1572745 1572603
1572650 1572509
791370 791300
205403 205385
205612 205594
3135288 3135017
1572674 1572541
791344 791281
1572677 1572552
400859 400828
791436 791375
3135274 3135039
205559 205544
400659 400631
59078 59074
1572661 1572559
3135253 3135068
3135296 3135113
3135297 3135129
1572689 1572621
1572643 1572571
1572710 1572635
3135275 3135113
3135268 3135144
3135129 3135008
400825 400804
400841 400820
205495 205485
791288 791251
791370 791334
791530 791496
400660 400643
400749 400732
1572664 1572608
1572738 1572682
3135264 3135154
3135143 3135034
3135288 3135180
1572716 1572514
6260280 6260019
6260296 6260086
3135213 3135113
400891 400884
