1017823
298 147
237 170
1402 1128
288 146
172 127
297 1
116 53
173 130
141 43
233 189
243 117
194 136
267 211
227 27
278 32
101 12
222 55
195 41
208 156
291 182
294 1
230 143
228 147
293 246
110 62
192 134
293 18
257 183
291 167
217 106
145 86
222 53
163 16
253 31
226 10
283 80
242 198
173 81
230 54
118 55
122 4
288 234
237 119
281 136
140 77
253 163
172 71
224 40
49 4
139 25
110 70
60 16
1770 1489
284 40
135 85
285 188
178 138
263 18
269 224
224 75
188 79
215 22
91 39
140 2
203 18
212 90
296 172
161 117
16779 16677
63793 63552
5202 4950
5196 5002
1464 1353
1355 1306
1770 1582
1716 1585
1769 1509
5086 4931
1360 1290
1322 1260
1613 1545
1570 1514
2227 2024
2178 2066
1488 1325
2246 2006
2193 1993
1337 1257
1349 1158
1414 1201
5205 5013
2234 2123
1351 1277
2172 2087
1343 1191
1300 1130
1252 1128
1281 1131
3210 2987
3081 2969
3224 3080
5179 4955
5177 4977
63780 63619
63706 63536
32420 32307
32527 32426
9065 8998
32459 32359
32522 32346
16798 16722
32486 32368
8991 8907
3253 3181
16925 16712
1698 1652
2074 2017
3234 3187
2104 2045
3019 2967
9084 8943
16899 16704
16849 16643
3206 3154
3028 2983
5168 5084
16912 16654
5069 5023
32533 32394
16868 16780
66 42
138 115
108 91
191 166
261 230
255 226
263 241
266 246
297 275
289 268
238 226
271 259
1257 1227
1333 1302
184 180
1501 1470
248 243
3228 3191
5017 4982
1516 1506
5192 5171
8913 8879
16904 16843
16906 16866
32370 32304
126278 126075
236 66
63632 63515
32369 32307
5169 5162
32514 32470
175 181
93 97
