5010082334
300 11
103 1
220 3
183 3
174 3
227 7
275 11
98 4
231 12
207 13
175 12
158 11
287 22
181 14
252 21
216 19
234 22
285 27
92 9
233 23
279 29
263 30
210 24
278 32
82 10
88 11
115 15
196 26
186 26
139 20
263 39
116 18
115 18
283 45
124 21
217 37
219 38
103 18
211 37
253 45
118 21
178 34
256 49
105 22
201 43
180 40
144 33
70 17
236 58
292 72
182 46
59 15
271 69
254 65
268 71
26 7
66 18
131 37
254 72
261 74
172 49
291 83
96 28
130 38
286 84
119 35
183 55
133 40
23 7
256 80
181 57
186 59
256 82
249 80
270 87
269 87
243 80
81 27
267 91
261 90
176 61
282 98
169 59
248 87
242 85
221 79
134 49
275 101
122 45
146 54
218 82
170 64
293 111
228 88
206 80
295 115
245 98
297 119
226 91
264 107
282 117
279 116
198 83
116 49
131 56
277 119
125 54
221 96
147 64
229 100
265 117
72 32
240 107
130 58
254 114
126 57
141 64
191 88
189 88
88 41
286 136
140 67
245 119
276 138
78 39
194 97
116 59
92 47
241 124
299 154
265 138
232 122
135 71
173 91
144 76
197 104
289 156
289 156
206 112
255 139
128 70
150 83
220 122
117 65
228 127
87 49
124 70
274 155
247 142
300 174
185 108
154 90
177 104
56 33
183 109
20 12
265 160
54 33
247 151
126 78
161 100
245 153
295 186
198 125
191 122
54 35
121 79
291 190
159 104
221 145
102 67
289 190
285 188
268 178
280 186
272 181
174 116
223 150
206 140
262 180
174 120
288 199
279 193
282 199
249 177
246 176
230 165
138 99
192 138
274 197
235 169
50 36
251 181
292 211
134 97
138 100
196 143
156 115
156 115
208 154
171 127
247 184
180 136
140 107
258 198
207 159
108 83
96 74
197 153
224 174
73 57
112 88
290 228
212 168
208 165
98 78
203 162
204 163
30 24
200 160
243 195
180 145
263 213
253 207
195 161
210 174
222 184
275 231
251 212
188 159
300 255
198 169
229 196
274 235
296 255
245 212
144 127
176 156
141 125
257 229
223 199
140 125
231 207
218 196
141 127
102 93
276 253
123 113
299 276
276 255
67 62
148 137
232 215
212 199
167 157
216 205
144 137
220 210
103 99
129 124
264 255
88 85
271 262
274 265
245 238
170 166
137 134
234 229
211 207
198 195
280 276
173 171
251 249
153 1
5010000300 5010000294
293 296
115 115
27 27
174 192
288 289
283 285
281 284
239 243
36 37
135 140
80 83
261 271
266 277
201 210
211 221
251 264
164 173
69 73
127 135
252 268
74 79
253 271
139 150
175 189
247 267
134 145
270 296
145 159
138 152
144 214
222 245
162 179
220 244
177 198
98 110
158 178
202 228
239 272
172 196
254 291
258 296
212 245
160 185
159 184
184 213
231 269
182 212
87 102
81 95
109 129
170 202
142 169
210 251
220 263
92 110
236 285
218 266
88 108
231 284
85 105
228 283
180 224
122 154
106 134
40 51
174 222
105 134
135 174
175 226
214 278
22 29
139 185
129 174
131 177
74 101
216 296
94 129
214 295
155 217
95 133
156 219
178 250
188 267
94 134
185 264
119 170
154 220
32 46
164 236
175 253
138 200
200 291
139 206
69 158
169 252
185 276
178 267
81 122
168 257
191 294
35 54
67 104
190 295
126 196
105 164
97 152
156 246
113 179
116 185
99 158
174 280
68 111
145 239
120 198
87 144
133 222
72 121
123 211
120 207
168 293
60 105
131 230
144 254
137 242
38 68
83 149
40 72
121 218
138 250
137 252
47 87
92 172
28 53
98 186
158 300
150 287
124 239
106 206
69 135
133 263
85 169
117 235
87 177
60 123
78 160
31 65
39 82
133 280
26 55
78 165
73 156
98 214
68 151
112 250
38 85
87 195
67 151
41 172
94 218
108 257
89 212
50 121
87 211
52 127
114 279
73 181
59 147
44 112
100 255
111 285
55 143
68 177
105 276
90 238
68 180
37 98
46 122
50 134
39 106
78 214
87 239
43 120
101 290
69 200
72 209
75 220
69 209
98 298
81 247
96 295
41 126
71 219
46 142
77 242
95 299
89 282
84 267
72 230
85 275
72 233
45 146
74 242
86 282
86 284
81 276
50 172
30 107
72 260
9 33
73 272
32 121
44 168
17 66
72 280
20 78
63 255
69 281
11 45
32 132
38 157
29 120
54 225
36 159
28 129
39 183
60 282
31 148
27 131
41 200
58 286
52 260
40 202
50 253
23 120
42 222
44 234
34 183
54 295
53 299
9 51
47 267
19 109
17 98
6 37
38 235
43 269
39 244
39 245
45 298
20 151
20 151
36 274
21 167
4 32
33 266
30 242
22 182
29 242
31 259
13 116
25 234
27 280
11 115
24 252
21 223
8 85
20 213
24 270
25 300
16 193
19 240
9 115
13 192
19 293
3 67
5 113
9 209
6 153
8 210
10 270
4 150
5 214
3 160
1 59
3 185
2 263
