100012607
101 27
144 61
1195605 1195320
1195600 1195344
1195573 1195330
1097951 1097734
131 55
1097951 1097714
1097925 1097714
296 140
1097910 1097692
294 183
1049080 1048836
1024701 1024505
143 1
192 57
1024691 1024461
1024700 1024463
211 33
217 58
274 22
148 19
1195527 1195374
1097851 1097685
1781504 1781302
1097812 1097684
1024667 1024498
1097848 1097662
1195474 1195323
1024596 1024430
1195478 1195335
1195552 1195372
1012490 1012358
1390794 1390631
1390923 1390715
1049049 1048920
1012464 1012272
1024665 1024489
1195528 1195331
1012432 1012293
1024625 1024450
1024676 1024504
1390871 1390655
1390843 1390648
75 23
126 82
180 123
192 137
76 56
156 128
274 246
258 239
189 179
1024712 1024600
1097874 1097759
1097956 1097841
1049106 1048997
1195572 1195448
1024608 1024504
1048948 1048848
1781476 1781310
1024680 1024586
1049006 1048912
1195471 1195366
1049025 1048939
1024659 1024576
1048997 1048913
1390887 1390776
1097929 1097845
1390908 1390805
1781523 1781394
1781415 1781287
1390887 1390789
1195404 1195325
1012430 1012364
1024658 1024596
1048967 1048905
1390779 1390697
1781480 1781377
2562780 2562632
2562752 2562607
2562764 2562568
1012403 1012304
2562668 2562525
205 17
2562713 2562578
1097801 1097745
4125300 4125092
4125270 4125019
1781457 1781360
2562773 2562649
2562749 2562631
127 130
230 236
225 231
