1035405
112 78
119 78
294 33
281 202
434 259
379 312
272 153
279 203
65 50
225 59
468 248
96 35
101 69
246 185
257 204
276 10
207 46
251 121
158 96
520 307
230 26
386 289
170 75
256 101
231 87
140 40
513 395
118 47
224 90
208 72
241 170
285 216
377 301
511 365
80 25
175 38
264 182
266 108
227 27
295 160
268 80
271 218
228 2
251 61
279 113
185 54
271 53
151 96
292 199
135 104
243 111
41 28
532 365
213 102
61 14
226 33
251 115
238 4
512 402
229 36
265 179
224 122
282 140
159 48
608 491
169 8
293 49
151 5
167 2
164 103
92 4
238 85
214 55
485 355
189 66
266 71
182 125
276 157
218 47
297 11
540 422
72 36
291 24
599 366
123 26
177 9
232 159
269 25
200 98
190 27
262 131
137 113
142 70
210 7
17 14
179 46
883 732
834 647
201 106
226 142
183 104
250 198
848 616
252 51
236 76
295 3
300 242
239 190
843 684
270 173
250 124
154 95
281 68
270 167
222 1
279 60
227 77
139 91
291 153
166 101
81 60
179 71
249 86
280 107
250 1
143 80
82 13
255 55
244 75
206 24
299 208
289 99
150 7
34 15
164 45
236 193
238 106
167 66
76 26
85 19
182 18
241 180
174 66
83 45
160 69
285 102
196 5
216 100
149 77
161 83
280 19
245 143
278 172
200 154
218 18
118 56
247 36
292 134
84 24
275 122
161 30
123 18
151 108
223 15
206 105
268 115
227 166
225 60
224 113
249 80
175 23
210 168
247 56
242 149
281 131
232 6
160 14
99 38
192 136
285 207
224 4
158 115
207 92
61 42
11 9
178 56
211 97
151 45
199 160
250 95
138 57
257 172
225 88
8170 8001
1259 1081
1282 1186
181 167
424 392
62 52
269 233
247 224
185 169
317 282
256 214
517 471
350 292
554 527
247 229
268 232
258 223
8144 7963
107 92
216 183
477 440
258 223
202 178
4280 4063
1286 1106
4204 4007
526 466
443 371
242 220
4256 4091
279 235
130 122
4218 4056
274 248
792 661
769 661
294 256
296 254
759 646
4232 4072
255 225
135 113
219 198
836 744
818 788
4262 4108
4173 4007
4284 4148
741 673
2143 2077
2296 2099
799 769
2230 2157
2323 2203
746 725
659 638
2293 2146
2309 2250
1228 1079
1159 1084
1323 1173
2283 2208
100 85
1263 1098
1253 1078
2196 2132
1300 1090
1167 1098
298 253
2302 2240
1234 1136
1351 1276
2300 2066
2140 2088
31554 31403
31572 31373
16016 15901
8132 8026
8100 8000
8078 7987
31614 31381
8024 7920
31596 31358
62873 62627
16010 15880
15999 15744
31584 31397
15913 15782
15986 15764
31549 31392
15936 15768
34 29
31 27
75 68
122 116
68 65
170 163
223 216
266 260
195 191
1323 1296
740 726
2130 2093
2317 2278
4205 4140
797 785
4261 4197
240 237
8169 8090
1162 1151
8211 8138
8043 7976
1233 1223
16022 15930
2126 2114
15875 15791
16013 15931
7964 7926
8023 7989
15832 15770
62876 62639
278 277
15936 15879
8152 8123
62870 62654
31628 31526
4120 4107
31541 31446
226 15
31525 31363
2100 2054
62883 62699
62843 62660
