9996097789
41 2
94 7
90 11
47 3
81 18
85 19
28 7
90 28
90 31
100 36
43 17
27 11
58 25
63 28
82 41
80 43
91 50
41 25
85 53
90 58
63 42
34 28
51 42
80 66
54 46
75 65
80 70
51 45
56 52
77 73
1078125096 1078125011
1156250098 1156250013
48 9
1312500100 1312500099
84 85
1078125100 1078125029
1156250099 1156250025
1019531349 1019531301
1156250100 1156250058
1019531350 1019531316
1019531348 1019531328
73 87
41 45
40 45
47 53
62 71
68 85
51 66
65 95
27 40
23 36
63 99
40 63
10 18
5 9
52 99
35 69
49 99
43 88
15 31
42 87
38 90
24 67
30 96
14 61
20 90
10 73
2 47
1 82
