5000119902
189 17
88 44
153 8
51 3
95 6
83 8
184 19
142 16
68 8
155 19
185 23
169 23
143 20
108 16
193 29
195 31
193 31
157 26
196 36
42 8
153 33
192 42
183 41
158 40
196 50
90 24
196 57
175 54
135 43
97 31
197 77
178 70
87 35
136 55
150 61
191 80
26 11
162 70
127 56
34 15
163 77
60 29
106 5
126 63
89 45
125 65
119 62
153 82
82 44
158 85
150 86
99 58
164 97
93 56
167 101
73 45
162 100
78 49
113 71
65 41
171 110
129 84
147 97
161 108
127 87
195 141
178 136
160 123
99 78
42 34
181 149
184 157
122 107
108 96
127 114
72 65
194 178
83 79
199 191
54 52
127 123
160 155
170 169
167 4
5000100200 5000100105
186 196
88 88
183 183
115 177
147 151
157 164
177 186
148 157
113 120
76 81
87 93
58 63
106 116
137 153
76 85
71 80
141 159
69 78
150 172
143 165
48 56
53 62
170 200
60 71
92 109
133 159
133 160
97 118
132 164
160 199
51 64
142 179
138 176
69 89
42 55
59 78
24 32
130 174
92 124
100 135
141 191
107 145
115 158
104 143
86 120
129 186
129 190
107 160
131 197
103 156
25 38
125 191
29 46
84 136
121 196
28 47
32 56
36 63
63 112
103 196
102 195
97 192
61 122
26 53
85 180
45 100
54 122
34 77
40 94
83 198
38 92
72 177
47 116
71 177
60 150
30 75
51 136
42 114
64 177
68 190
46 132
46 134
67 197
31 95
50 154
43 133
18 56
38 119
25 81
28 91
4 13
31 101
28 92
44 153
47 169
54 199
52 194
40 168
33 147
17 78
40 196
31 152
22 109
31 170
21 116
19 105
20 125
21 147
21 151
11 114
16 194
14 174
4 54
6 163
6 186
2 192
