9937561279
287 3
217 3
201 7
167 7
136 6
104 5
280 15
242 14
287 19
252 17
228 16
277 20
66 5
191 15
288 24
282 25
211 19
266 24
258 24
246 26
135 15
281 32
295 35
79 10
291 37
55 7
232 31
117 16
272 38
265 39
157 24
43 7
221 36
270 44
279 46
36 6
269 45
250 43
81 14
185 34
160 30
84 16
112 22
127 25
224 45
172 35
272 57
143 31
280 61
296 66
228 51
228 51
218 50
161 37
289 67
129 30
276 69
146 37
138 35
113 29
193 50
298 78
292 80
131 36
109 30
54 15
286 84
244 72
210 62
145 43
276 82
225 67
297 92
286 89
217 70
204 67
293 97
205 68
189 65
277 96
295 104
271 102
114 43
218 84
173 68
47 19
294 119
226 93
219 91
156 65
195 83
250 109
293 128
273 120
125 56
133 60
104 47
265 121
120 55
101 48
255 122
277 133
239 116
182 89
218 107
154 76
218 110
212 107
290 149
247 129
216 113
59 31
121 64
245 131
246 132
203 109
175 95
228 125
109 60
183 2
96 53
206 114
204 114
276 159
75 44
293 172
281 166
182 109
268 161
251 151
298 181
116 71
106 65
179 110
291 183
213 135
256 163
161 103
253 162
209 136
132 86
150 99
298 197
170 113
93 62
292 199
289 198
165 116
49 27
294 208
100 71
249 179
78 57
222 163
272 201
267 198
253 193
287 219
295 226
259 203
280 223
172 137
25 20
144 116
227 183
94 76
188 152
223 184
298 248
104 87
241 203
280 237
251 213
86 73
278 237
108 93
216 187
251 218
200 174
178 155
229 200
151 132
114 100
136 121
263 234
253 227
10 9
111 100
205 186
193 176
104 95
231 212
273 192
168 156
15 14
206 194
291 275
24 23
284 273
300 295
75 69
163 162
285 297
3500000295 3500000001
1312500297 1312500224
1625000297 1625000263
3500000300 3500000162
149 149
241 243
160 161
277 279
30 48
198 200
141 143
232 236
271 280
255 266
182 191
172 181
149 159
214 229
149 160
209 225
181 195
125 136
268 292
252 277
182 201
129 143
251 279
186 211
215 248
189 220
249 290
192 224
166 195
242 286
163 194
214 255
118 141
66 79
54 66
29 36
102 128
168 211
197 248
215 271
205 261
226 293
188 246
181 243
54 74
132 181
97 134
161 224
62 87
81 114
152 214
182 257
81 115
132 188
44 63
115 168
86 126
15 22
54 81
169 254
194 294
178 270
158 240
176 269
130 202
157 246
86 135
130 207
52 163
183 294
152 245
147 238
172 282
102 169
110 183
92 154
157 263
87 146
102 173
152 259
150 256
157 269
34 59
49 86
75 132
74 132
97 179
92 170
36 69
104 201
141 276
125 245
108 212
101 199
99 198
9 18
106 213
129 261
73 148
121 247
115 235
143 295
118 244
126 263
133 281
85 185
135 294
22 48
40 88
126 278
131 293
117 262
118 266
108 244
35 81
106 248
57 134
94 230
71 178
60 151
87 220
13 33
107 289
102 277
44 120
64 177
38 106
54 155
44 127
77 223
22 64
89 262
95 293
45 143
25 80
75 243
80 264
41 139
24 83
77 267
79 276
82 290
58 208
65 238
79 291
57 210
69 255
63 239
28 108
59 228
68 267
63 248
55 218
44 176
52 218
51 217
27 115
30 128
63 274
66 296
32 149
46 220
44 211
24 124
52 272
17 91
8 43
4 22
44 244
24 138
38 225
12 77
6 39
40 267
41 290
33 235
36 262
31 232
35 285
27 224
27 228
14 133
18 174
23 259
14 199
7 122
5 100
6 121
14 290
7 157
11 269
4 122
4 129
9 294
2 112
2 269
1 288
