96975666
274 5
272 9
296 12
131 7
184 10
233 13
159 9
53 3
157 10
257 17
260 18
112 9
124 10
196 16
104 9
216 19
121 12
246 25
220 23
19 2
274 29
230 5
98 12
202 25
16 2
219 30
280 41
183 27
126 19
184 31
205 35
95 17
295 53
138 25
259 48
267 50
259 49
139 28
247 50
144 30
171 36
131 28
172 38
238 54
239 56
212 50
165 39
45 11
259 65
164 44
292 81
180 50
265 31
159 45
160 47
247 73
158 47
186 56
140 43
26 8
185 59
184 60
300 98
289 95
73 24
260 86
91 31
114 39
108 37
202 70
83 29
80 28
269 96
282 101
60 22
193 71
247 91
212 79
235 88
63 24
168 64
241 92
230 88
183 72
202 80
133 54
234 96
151 63
277 119
207 89
226 98
172 75
268 121
31 14
179 82
185 85
86 40
187 87
202 94
253 118
94 45
260 126
233 114
225 111
108 30
245 127
299 155
156 81
232 122
258 136
292 154
209 111
121 65
268 145
31 17
253 140
244 137
145 82
260 148
247 141
246 141
89 52
184 108
247 145
257 151
226 133
171 101
200 121
250 153
205 127
229 142
217 135
254 161
250 160
250 164
296 147
224 149
257 172
245 164
263 177
169 115
262 180
192 132
230 160
286 199
42 30
133 96
205 150
75 55
154 113
267 196
232 172
74 55
99 74
88 67
179 137
291 223
199 153
173 134
246 191
189 147
289 227
252 198
289 232
133 108
273 222
286 236
252 213
181 153
297 253
261 223
200 171
58 50
227 196
98 85
250 217
181 158
167 110
161 142
106 94
89 79
226 201
242 218
230 208
109 99
252 229
210 191
93 86
274 257
292 275
246 232
229 216
235 222
245 232
79 75
162 154
270 257
280 268
167 163
249 245
208 205
262 260
230 229
3126286 3126023
3126280 3126021
3126253 3126013
3126255 3126036
3126297 3126082
3126292 3126092
3126263 3126097
3126249 3126087
210 184
3126267 3126127
3126296 3126185
3126221 3126114
3126229 3126125
3126251 3126147
3126253 3126171
3126296 3126218
3126280 3126213
3126247 3126186
3126220 3126168
3126293 3126241
3126281 3126231
3126241 3126198
3126297 3126280
3126252 3126236
3126295 3126281
3126242 3126233
124 124
3126218 3126221
3126256 3126264
3126259 3126278
3126280 3126300
3126256 3126283
3126250 3126289
229 230
240 241
75 101
179 180
158 159
285 287
280 284
276 283
151 155
276 284
233 243
205 214
267 282
253 269
168 179
204 218
196 211
224 243
161 176
200 221
262 290
191 212
154 171
265 296
218 245
265 299
239 271
243 278
230 264
234 269
156 182
180 210
182 213
252 297
230 273
211 251
226 270
241 289
149 179
69 83
87 105
74 91
186 230
207 256
167 207
199 247
233 291
48 60
225 282
239 300
60 77
108 140
151 196
119 155
139 182
141 185
16 21
175 230
220 290
94 124
117 155
160 212
189 251
91 121
193 257
187 250
84 228
138 187
216 293
166 228
64 88
76 105
123 170
202 282
178 249
196 280
173 248
183 263
28 41
66 98
92 137
148 221
116 175
168 256
78 119
189 295
79 125
134 216
79 129
86 143
98 163
148 250
143 245
166 288
146 254
157 274
127 223
111 195
34 61
91 165
143 265
89 171
117 233
84 169
142 286
83 169
111 227
142 294
96 201
121 258
93 199
77 165
79 171
116 258
31 70
61 138
124 283
35 80
73 167
127 294
111 257
35 84
89 216
85 209
104 256
63 157
37 95
61 157
86 228
12 32
95 257
34 93
32 89
71 204
78 236
55 172
62 198
66 213
56 185
65 215
55 182
53 177
70 238
34 118
66 235
75 272
73 275
16 62
14 55
74 293
37 157
12 52
57 272
59 284
40 199
55 285
34 178
54 294
40 222
26 145
42 237
36 204
42 243
28 164
35 221
36 228
12 81
10 68
30 204
26 193
24 179
27 205
22 169
23 189
18 152
15 127
12 118
8 80
15 152
27 284
24 259
16 190
15 238
1 17
10 170
13 247
9 173
7 150
7 170
5 162
6 217
6 242
4 192
2 104
1 281
