1023047
4246 4038
4287 4033
232 31
8207 7961
256 188
136 34
201 109
202 172
212 106
150 34
8155 7924
81 58
272 148
268 71
245 41
70 4
168 9
294 46
46 21
148 40
283 133
170 154
276 143
238 84
250 48
188 58
4235 4063
266 59
4236 4075
172 12
144 13
83 34
8180 7957
4205 4083
4206 4032
239 26
249 181
285 194
142 30
225 33
4281 4009
277 168
252 131
292 19
144 37
148 69
41 13
235 187
220 1
287 187
267 163
64 32
297 111
234 58
183 81
4214 4050
174 61
224 11
251 145
225 104
2339 2086
161 47
81 57
99 38
267 96
297 72
108 94
146 39
256 146
239 144
231 90
72 34
138 78
262 95
294 105
270 173
297 246
284 96
194 165
279 141
178 28
2348 2199
2296 2214
4210 4085
2254 2146
4213 4007
2344 2107
2330 2151
2294 2143
4247 4034
4209 4055
2320 2164
2171 2111
4239 4115
2348 2137
2340 2187
2202 2102
2292 2135
4184 4085
4268 4060
2260 2158
4231 4080
2325 2131
4299 4021
4268 4105
2332 2201
4187 4061
2158 2067
2304 2242
4288 4016
15969 15817
15937 15816
15947 15796
8166 8087
31572 31386
31614 31413
31558 31362
8134 7994
8199 8088
4179 4127
16004 15825
4253 4167
16013 15791
16013 15796
4068 4010
16004 15784
2206 2157
2231 2197
4099 4017
4164 4112
8203 8095
4098 4036
8163 8077
4079 4030
4196 4119
8179 7996
8150 7958
8025 7936
8103 7935
8117 7956
2158 2122
4143 4068
8006 7914
8115 8003
8129 7940
8169 8046
8049 7914
4092 4031
8054 7966
8120 7942
4243 4194
2299 2264
8173 8085
4066 4022
15911 15804
31550 31372
8095 8022
4125 4083
15937 15828
7974 7917
15961 15824
31645 31400
15960 15837
12 8
27 21
58 50
120 110
209 199
232 222
269 258
120 118
200 197
2172 2150
4255 4222
2237 2221
15956 15850
8049 7996
16020 15917
15985 15888
15887 15794
15991 15902
2205 2193
15851 15765
31591 31422
15921 15841
8007 7967
150 149
8082 8042
8174 8134
31594 31444
8042 8004
31584 31440
135 109
2145 2106
8189 8152
15968 15896
4034 4018
7966 7936
2282 2275
