9996123499
238 6
177 6
107 5
87 5
299 21
64 5
283 7
271 22
247 25
181 21
110 13
239 35
260 43
123 21
284 51
178 33
252 50
276 57
179 38
91 20
149 34
148 36
269 70
57 15
158 42
67 18
214 61
150 44
235 69
85 25
253 83
213 72
111 38
185 66
230 86
279 116
284 23
67 28
234 100
192 87
141 65
185 89
146 71
35 18
254 131
168 87
243 131
122 67
286 159
220 132
276 167
163 101
300 186
144 91
240 158
225 150
248 172
211 148
226 159
262 190
160 118
55 41
278 213
296 229
187 145
176 147
26 22
217 184
285 244
154 132
267 229
175 151
188 163
17 15
146 129
192 174
217 197
154 141
227 209
249 233
210 197
181 172
277 267
274 270
238 235
140 139
221 215
1019531541 1019531262
127 53
268 286
1078125297 1078125063
1156250289 1156250066
1039062794 1039062642
1039062795 1039062675
1019531541 1019531468
1312500290 1312500266
1312500278 1312500203
1019531543 1019531515
191 294
121 122
230 236
164 169
261 269
132 139
229 243
54 58
96 104
265 288
260 286
97 109
221 249
246 280
221 254
244 281
228 263
222 259
184 216
141 170
64 78
236 296
230 290
66 86
147 198
152 207
186 266
178 260
178 262
150 222
195 291
93 141
159 244
62 98
64 103
76 123
129 210
164 274
155 259
169 283
164 277
61 106
152 265
86 150
115 202
115 203
135 242
73 133
149 288
112 219
30 59
121 238
107 216
92 188
111 232
128 270
71 158
93 208
23 53
21 49
34 80
111 265
62 157
49 129
60 172
55 159
73 224
31 96
53 166
90 283
33 116
62 229
45 167
37 141
60 235
54 218
49 203
26 110
14 75
27 153
18 105
38 254
35 279
32 267
15 127
25 241
19 195
27 283
7 98
19 286
17 295
2 45
3 220
3 232
2 157
1 151
1 174
