100013332
185 112
164 11
147 10
50 4
193 16
283 26
108 10
9 1
215 24
219 27
225 29
177 25
197 28
209 30
238 35
290 48
217 36
282 51
299 57
68 13
96 19
251 50
214 45
285 63
230 52
168 41
240 62
289 77
163 44
251 68
217 59
172 50
224 66
95 29
139 44
167 54
79 26
274 92
300 101
145 49
105 36
189 65
177 62
140 50
165 59
213 77
131 53
223 91
249 103
287 123
236 103
117 52
167 75
224 113
171 93
270 151
170 96
283 160
222 126
277 159
261 152
53 31
133 79
279 167
151 92
163 101
157 98
260 163
147 93
234 153
166 109
274 181
201 133
85 57
217 148
145 99
137 96
221 157
239 170
225 161
250 179
244 176
266 195
147 108
138 102
235 174
191 143
281 211
296 224
76 59
221 173
218 174
139 111
245 196
290 237
254 210
290 241
298 249
270 227
151 131
230 200
262 228
263 229
91 80
290 255
196 174
146 133
238 224
223 210
263 249
172 163
245 235
253 243
291 280
237 231
208 203
197 194
10006403 10006114
10001060 10000777
10012497 10012215
10006390 10006122
10097950 10097684
155 3
10390888 10390630
10097912 10097662
16250291 16250050
259 264
13125278 13125037
231 235
114 116
61 66
