9975033933
275 2
255 7
298 9
251 8
264 18
140 10
241 19
240 19
71 6
267 23
241 25
290 31
220 26
241 33
254 36
295 42
286 52
169 31
158 29
200 39
286 57
119 25
226 48
276 64
56 13
157 37
218 56
114 32
185 58
299 98
256 87
173 59
84 30
104 38
155 58
89 35
286 114
290 122
279 120
177 81
151 70
171 81
299 145
115 56
294 148
270 137
295 151
271 139
131 68
141 74
35 19
147 81
266 147
266 149
247 140
123 70
233 133
273 156
165 97
193 114
205 1
132 80
131 80
245 153
163 105
248 165
221 149
281 195
217 151
271 193
247 178
163 123
125 98
217 171
230 184
126 101
216 175
291 236
266 220
87 74
292 251
107 92
286 246
239 207
293 256
281 249
285 253
245 222
240 223
295 275
195 183
152 143
118 113
50 48
127 124
292 287
279 168
273 271
269 279
725000298 725000018
412500299 412500166
725000298 725000144
412500298 412500226
2600000298 2600000137
5100000300 5100000263
147 215
77 78
183 187
112 116
153 162
165 176
261 281
253 274
107 116
189 205
203 223
145 162
124 145
180 211
155 182
227 268
220 261
118 141
214 256
215 265
156 196
224 282
218 276
75 95
181 233
183 237
156 204
152 204
110 148
69 94
171 239
153 214
84 118
167 235
208 299
165 238
188 274
152 224
171 255
183 274
89 134
197 298
189 288
179 282
36 58
155 251
46 75
158 259
125 208
139 232
151 255
70 128
139 256
90 166
43 81
130 248
112 219
70 141
99 202
139 289
100 209
117 247
49 104
123 264
69 150
67 146
86 189
11 26
115 278
65 158
107 267
92 238
91 246
68 198
86 251
96 293
67 207
10 33
73 258
77 296
59 239
68 286
15 65
38 168
60 281
60 281
36 169
49 268
44 263
22 138
17 107
40 261
29 200
11 87
32 265
24 294
11 137
6 116
8 243
2 191
1 220
