10000008612
204 4
299 7
195 11
123 10
124 14
171 22
254 35
293 60
81 18
71 18
158 48
156 56
129 50
216 90
290 141
195 95
232 124
287 175
266 163
139 88
104 67
245 186
101 79
233 183
221 174
282 227
297 261
138 127
1076560 1076314
1076573 1076351
2220993 2220711
1076432 1076310
1610562 1610384
2220967 2220727
152 83
1610615 1610449
1610529 1610364
1305351 1305238
1610576 1610460
1152736 1152662
3441648 3441436
1610618 1610519
3441706 3441497
3441568 3441420
5883101 5882883
5883031 5882828
1305423 1305378
1152791 1152752
1152860 1152833
5883004 5882899
10765878 10765690
3441605 3441560
3441583 3441540
1305293 1305278
20531429 20531253
20531474 20531312
1152825 1152817
5882943 5882907
157250233 157250124
40062747 40062553
157250236 157250122
40062709 40062563
79125284 79125175
40062630 40062560
626000191 626000098
10765768 10765727
20531449 20531388
10765816 10765796
10765730 10765722
79125110 79125055
79125126 79125087
79125121 79125099
626000086 626000018
626000070 626000003
313500202 313500169
1251000296 1251000202
1305323 1305182
2501000213 2501000059
2501000205 2501000071
626000173 626000159
2220941 2220944
2220829 2220842
1305231 1305259
1610367 1610433
196 200
