100005746
93 10
55 6
83 1
52 5
90 10
49 4
90 5
30 3
49 6
79 11
50 9
80 16
58 12
24 5
59 13
30 7
34 8
68 17
76 19
87 24
64 20
73 25
79 28
97 35
95 35
40 15
83 32
58 23
88 37
94 40
73 32
93 41
91 41
88 40
79 38
95 46
14 7
88 44
72 38
88 47
87 48
45 25
83 47
52 30
65 40
75 48
62 41
91 63
86 60
52 37
28 20
84 61
93 70
86 66
57 44
9 7
95 74
76 62
35 29
65 55
61 53
54 47
51 46
49 46
52 50
94 92
22304 22238
22271 22212
22270 22216
22270 22219
34497 34419
22277 22241
34493 34440
34504 34453
58918 58838
22265 22236
34468 34425
34477 34434
22282 22256
22276 22254
58896 58841
107745 107661
34512 34486
58897 58856
58870 58832
58908 58870
34465 34443
58876 58840
34444 34423
107740 107680
34474 34457
107739 107692
58918 58893
58919 58896
107699 107660
34468 34456
107724 107695
205368 205318
58875 58861
34468 34460
400725 400635
400718 400629
58856 58843
205388 205345
400724 400649
58898 58887
205356 205323
107736 107719
6260099 6260017
22 1
400694 400660
791338 791275
400687 400658
791342 791285
791310 791258
791326 791274
1572596 1572505
400694 400671
791337 791292
1572599 1572523
791300 791263
6260092 6260004
400643 400626
400704 400688
1572582 1572522
1572552 1572526
1572582 1572530
3135082 3135024
3135086 3135017
3135094 3135006
1572562 1572519
1572587 1572544
1572566 1572529
3135071 3135002
3135082 3135055
205351 205342
205331 205324
400672 400659
400640 400628
205390 205386
791261 791252
791338 791331
3135025 3135001
3135076 3135056
1572576 1572567
3135033 3135016
1572525 1572517
205392 205370
6260076 6260041
1572511 1572505
25010093 25010006
205374 205377
