51012697
188 94
160 40
124 8
184 12
193 17
127 12
178 66
131 15
197 23
135 22
195 70
161 28
123 27
186 55
197 51
151 44
166 48
70 8
81 14
33 8
80 22
107 41
99 38
96 40
123 53
73 35
104 51
124 61
183 97
160 95
100 66
36 24
180 121
195 136
172 121
150 108
29 21
91 66
186 137
43 32
98 74
118 90
128 101
200 158
182 148
177 144
150 123
191 163
92 4
170 147
143 124
153 136
123 110
147 132
89 83
167 156
138 131
130 123
175 169
68 66
45 44
146 126
51000200 51000055
166 192
103 103
33 33
155 174
141 142
38 39
147 152
106 110
133 139
122 130
87 95
114 125
149 164
123 136
60 68
85 98
124 143
131 162
146 185
126 160
146 186
153 197
87 113
41 54
86 114
12 16
127 191
47 73
102 159
103 175
91 160
101 186
64 130
71 150
76 163
87 187
62 137
60 135
70 160
43 99
20 53
16 47
42 136
27 104
32 193
16 115
20 167
9 79
10 130
9 124
12 195
2 36
8 192
4 108
2 60
3 94
3 154
3 160
