60013254
256 16
167 3
202 14
129 11
160 22
6 1
198 36
223 48
106 24
13 3
197 49
169 43
178 49
170 48
116 36
286 90
210 78
110 43
266 115
165 76
188 95
275 143
225 124
111 62
279 159
78 47
150 96
150 98
146 96
192 128
186 128
42 29
237 172
262 191
162 119
166 129
139 114
242 207
125 107
115 104
135 123
287 270
197 194
171 5
60000300 60000165
275 295
55 114
129 131
137 144
236 249
118 125
240 256
195 209
228 254
152 170
127 145
124 148
182 221
113 138
222 274
107 143
152 206
155 217
63 94
107 160
155 236
136 211
124 228
113 208
24 45
25 47
121 239
26 52
147 296
53 107
54 116
68 148
132 298
127 288
61 139
60 142
104 251
118 292
87 254
62 207
50 169
68 234
82 299
58 283
26 130
31 158
29 243
11 95
29 256
27 249
16 272
10 202
11 262
2 109
2 250
1 267
