986199
166 1
196 4
140 3
164 6
169 13
166 14
83 8
155 16
169 20
79 10
128 17
67 10
139 24
177 31
163 31
128 28
118 26
88 1
131 33
146 43
160 49
185 67
32 12
63 25
123 51
178 75
133 57
198 85
193 83
195 84
199 86
183 84
167 79
81 39
163 80
68 35
174 93
31 17
173 95
83 47
134 77
136 88
145 95
197 134
164 113
147 102
197 143
190 142
75 57
105 80
83 64
161 39
152 122
173 142
192 162
48 41
200 173
169 150
72 64
42 38
74 68
41 38
196 183
109 105
136 133
31446 31281
31436 31304
31394 31267
31442 31339
31424 31331
31432 31344
31424 31339
31449 31368
31400 31321
31431 31353
31439 31361
31427 31351
62699 62584
144 112
31357 31270
31342 31286
62697 62671
31404 31357
31407 31361
31448 31406
62693 62631
31425 31410
31383 31369
178 200
31368 31367
31444 31450
31434 31446
31353 31380
31383 31448
31356 31423
167 169
77 90
161 162
166 168
65 68
61 64
127 136
158 170
48 52
155 169
122 140
150 175
34 46
83 113
116 163
95 136
83 119
136 197
80 116
61 93
53 85
64 108
80 137
105 196
95 198
59 124
73 154
74 170
28 65
46 111
67 163
68 167
70 176
48 121
54 142
24 66
58 175
64 200
27 86
50 162
28 98
32 125
12 50
43 196
29 138
40 199
19 114
28 177
21 134
15 105
25 199
3 118
1 150
