1028348
80 56
4253 4028
78 60
279 248
135 15
101 42
156 70
91 73
225 98
58 36
186 43
274 68
259 153
91 8
195 138
57 17
207 139
277 254
164 32
61 17
171 113
176 158
81 11
298 258
202 143
205 7
295 232
263 175
179 68
67 11
196 136
170 61
2292 2084
2331 2072
225 72
161 23
4266 4024
219 128
251 190
2257 2120
229 16
213 78
2342 2169
2353 2206
162 35
190 140
175 150
251 90
232 72
101 57
286 162
210 53
2304 2119
2326 2151
244 173
298 55
170 54
269 33
2338 2064
294 87
213 40
88 61
187 126
110 7
210 104
2344 2170
2260 2123
179 68
187 135
210 165
252 53
2337 2054
202 108
2206 2081
2328 2131
229 58
271 15
2232 2115
2226 2119
284 224
2274 2132
277 189
85 70
216 71
2300 2185
286 107
59 15
300 74
272 106
64 10
280 119
239 180
163 55
296 125
267 30
2220 2099
294 264
211 192
208 127
2338 2207
2344 2173
2328 2106
235 14
47 21
117 83
244 111
2244 2101
291 42
2301 2066
278 191
283 194
4293 4021
4245 4040
142 78
4305 4077
295 135
4232 4029
229 38
221 148
297 253
218 4
296 241
223 183
2144 2064
2278 2238
2290 2186
8171 8085
8080 7930
2263 2195
2247 2185
8212 8076
8121 7926
8097 7921
2181 2116
4098 4008
16009 15784
4272 4124
15990 15751
4165 4115
16010 15759
8189 8045
8150 8053
4247 4139
15998 15827
8165 7961
4191 4133
4249 4172
4074 4018
4150 4100
4303 4162
4192 4104
16013 15790
4175 4092
15947 15732
2168 2127
4222 4081
4137 4053
15985 15737
4270 4191
4186 4075
2311 2249
8157 7919
4301 4193
8142 7929
4247 4127
4247 4106
4297 4175
2274 2202
8134 7916
2246 2200
4275 4168
4245 4192
2331 2242
4284 4192
2249 2166
4134 4078
8131 8026
8169 7950
8169 8003
2352 2255
2195 2134
16023 15836
8024 7939
16000 15811
8161 7942
8150 8006
2199 2157
2225 2131
2300 2208
2345 2306
8080 7948
2285 2238
2280 2230
8192 7946
2193 2122
8036 7923
8198 7997
8176 8046
24 11
91 81
165 151
125 115
113 104
160 150
129 121
229 218
30 29
297 288
270 263
257 252
2106 2080
2257 2231
4095 4049
4080 4035
2300 2275
4052 4008
4222 4178
15946 15783
15973 15816
8075 7996
8179 8100
15986 15834
4125 4086
15982 15832
8044 7972
15908 15766
15921 15779
16024 15884
8069 7999
16012 15877
31635 31369
8002 7935
31638 31374
31624 31364
16023 15892
16007 15881
8148 8084
16012 15890
15877 15757
300 278
31620 31358
31596 31356
31604 31370
4189 4158
