100022867
252 2
120 3
151 5
254 9
219 12
207 12
156 10
278 18
227 15
207 15
176 16
109 10
265 32
206 25
269 40
231 35
256 41
180 29
279 45
167 27
216 37
238 41
180 32
153 28
172 33
127 30
180 44
149 37
168 42
243 61
180 46
157 41
203 56
158 47
293 90
211 2
94 30
237 79
120 44
135 50
209 78
227 86
196 77
114 45
223 91
254 106
220 92
203 85
287 124
78 34
81 36
191 85
249 112
60 27
62 28
289 132
227 106
120 57
262 130
179 90
124 63
148 76
281 146
202 107
177 95
175 95
244 134
287 158
289 160
254 143
229 130
250 145
98 57
190 113
149 89
173 104
207 125
226 137
213 130
282 173
215 132
190 117
152 94
222 138
204 127
212 135
215 139
228 153
185 125
35 24
223 155
99 71
214 156
58 43
299 226
259 196
103 78
259 201
107 84
87 69
227 182
300 241
274 222
102 83
29 24
213 177
143 120
116 98
242 206
210 66
15 13
263 230
290 255
225 199
233 207
294 263
102 92
188 172
212 195
220 204
158 154
293 287
245 241
196586 196316
196597 196332
196572 196326
196592 196351
196553 196361
196553 196378
196499 196333
196585 196441
196446 196314
196582 196451
196503 196374
196446 196328
391862 391638
196450 196343
196569 196464
196422 196318
196468 196377
391813 391637
391902 391732
391854 391689
196517 196439
391866 391719
196553 196482
196390 196320
391804 391673
196562 196499
391754 391630
782525 782278
391911 391789
196487 196426
196606 196545
782511 782272
782548 782309
782543 782307
391763 391648
782470 782264
391782 391680
391781 391681
196449 196399
196598 196549
196574 196526
782541 782351
782518 782335
782498 782338
782418 782259
782538 782383
391906 391830
196355 196317
782511 782361
391923 391848
391853 391780
391722 391650
391728 391656
782469 782328
196508 196474
274 237
782405 782277
782517 782390
391844 391782
1563775 1563537
782543 782427
782483 782368
1563771 1563543
391853 391796
782505 782395
1563785 1563570
1563763 1563557
782458 782360
782366 782271
391705 391658
1563717 1563534
782388 782301
1563799 1563635
196594 196574
1563746 1563591
782419 782342
1563684 1563532
1563794 1563642
782357 782283
1563756 1563609
1563745 1563602
3126281 3126005
782444 782375
3126285 3126012
1563775 1563639
782453 782390
782547 782416
391705 391647
1563643 1563531
196550 196536
1563619 1563513
782312 782260
1563620 1563517
1563795 1563692
1563757 1563656
1563784 1563687
782527 782467
782343 782296
1563660 1563571
782383 782348
196544 196536
1563676 1563603
1563679 1563611
1563581 1563517
782328 782296
196512 196504
1563752 1563700
391643 391630
782521 782503
391872 391867
782472 782477
391853 391849
391734 391734
54 54
196519 196521
782386 782397
391781 391787
782452 782466
196439 196443
391837 391846
196436 196441
782398 782419
391857 391868
782463 782485
782414 782441
391729 391744
782432 782466
391654 391676
391857 391881
196380 196393
391876 391903
391720 391759
391802 391845
196579 196601
196561 196583
391837 391882
391817 391862
391824 391870
391652 391698
391806 391857
196373 196403
196358 196388
391847 391907
391843 391904
391755 391816
196425 196456
391746 391810
391826 391892
391747 391817
391828 391904
391733 391824
196320 196368
270 285
196465 196518
196515 196571
196411 196480
196405 196478
196449 196523
196515 196610
196498 196596
196321 196427
196433 196549
196408 196525
223 226
229 233
198 202
85 87
124 127
45 47
230 241
167 175
182 191
217 228
75 79
147 155
120 129
85 93
116 127
42 47
91 102
253 285
241 273
