9975016699
91 1
201 8
212 6
290 18
208 15
272 20
210 18
205 19
247 29
149 21
295 56
146 28
204 40
237 48
121 26
244 56
95 23
246 87
285 102
141 57
70 29
150 64
215 98
246 113
193 90
128 65
183 93
148 84
298 171
133 78
273 164
278 13
197 128
215 140
212 141
114 76
27 18
277 200
46 36
286 229
134 113
163 138
208 183
100 91
213 195
204 190
104 99
132 129
155 152
88 53
412500299 412500113
279 299
412500300 412500281
725000298 725000157
725000297 725000206
5100000299 5100000194
2600000300 2600000260
272 275
207 210
172 176
142 146
213 225
203 218
239 265
168 194
236 288
48 59
161 211
185 245
116 154
81 110
146 201
211 297
161 229
163 233
63 95
157 267
86 150
121 214
131 236
106 193
154 283
138 254
61 117
107 213
12 24
130 260
57 122
96 207
70 166
75 179
67 181
49 163
71 251
71 263
53 202
56 214
75 293
59 253
45 213
29 149
28 156
30 230
11 231
3 113
3 199
