9999831197
120 2
237 4
244 5
239 1
98 3
283 10
216 8
285 11
230 9
294 13
276 14
248 15
157 10
297 19
199 13
283 19
294 22
211 16
188 15
169 14
245 21
293 26
290 28
79 8
292 32
287 32
224 25
286 33
222 26
183 24
262 36
29 4
134 19
126 18
257 38
263 39
47 7
199 30
151 23
263 42
191 31
6 1
278 47
159 28
146 27
156 29
258 49
291 57
288 57
181 36
155 32
154 32
202 42
242 54
244 56
187 44
109 3
46 11
164 40
226 57
261 66
185 49
253 71
277 78
110 31
278 80
82 24
248 73
169 50
47 14
272 82
36 11
211 65
269 83
155 48
251 78
187 60
222 72
160 52
80 27
215 73
285 97
220 75
227 78
229 79
182 63
233 81
252 88
268 95
299 106
227 81
267 98
225 83
116 43
178 66
31 12
69 27
153 60
283 112
260 104
225 92
168 69
278 115
210 87
228 97
30 13
149 65
80 35
133 59
211 95
77 35
265 121
192 88
176 81
171 79
96 45
201 95
240 115
283 138
239 117
168 83
107 53
218 108
172 89
274 143
182 96
277 147
245 133
182 102
128 72
212 120
234 133
230 132
179 103
74 43
291 170
208 122
179 105
230 136
259 154
233 140
292 176
275 169
189 118
277 176
300 192
275 176
129 83
272 176
61 40
143 94
161 106
261 173
250 166
235 158
277 190
172 118
128 88
77 53
103 71
131 91
23 16
129 91
272 193
93 66
207 147
163 117
167 120
247 180
263 192
193 141
248 182
298 221
75 56
87 65
195 146
273 206
212 160
273 207
83 63
299 227
261 199
159 122
219 170
278 216
202 158
250 196
283 222
224 177
298 236
296 235
254 202
266 214
257 207
289 233
285 231
174 142
180 147
170 139
250 205
144 34
148 122
138 117
300 255
290 247
190 163
220 189
245 211
51 44
163 141
250 218
259 230
173 155
280 251
290 260
217 195
112 101
116 105
299 271
272 247
197 179
287 261
177 161
236 215
271 248
217 199
226 210
181 169
180 169
168 158
152 144
220 209
297 283
49 47
199 191
257 247
129 124
143 138
258 249
201 195
120 117
296 289
55 54
117 115
69 68
1002441705 1002441415
1004883107 1004882860
285 234
1004883103 1004882859
1625000295 1625000225
288 291
1312500295 1312500035
1001220994 1001220800
1039062795 1039062622
1004883108 1004882999
1004883112 1004883089
48 48
71 71
236 287
140 141
262 264
260 262
129 130
175 177
112 115
233 244
187 197
123 130
119 126
150 159
255 272
202 216
151 163
200 216
84 91
24 26
275 298
241 262
140 155
237 263
236 262
106 118
70 78
169 189
84 94
212 238
37 42
36 41
86 98
7 8
256 293
81 93
251 289
226 264
222 260
246 289
170 202
180 214
198 238
208 251
125 152
157 279
138 168
165 201
54 66
143 175
216 266
104 130
160 200
54 68
131 165
118 149
152 192
166 210
185 237
166 213
212 273
142 184
114 148
106 138
58 76
138 181
157 206
174 230
148 196
205 272
203 270
137 183
101 136
188 257
62 85
161 222
199 276
173 240
110 153
192 270
119 169
200 285
164 234
169 242
123 177
125 180
97 140
89 129
199 291
99 145
40 59
83 123
180 270
97 146
118 178
198 299
162 251
89 138
137 214
122 192
103 164
125 202
180 296
109 181
59 98
54 90
156 270
73 128
83 147
34 145
77 137
115 205
106 189
134 242
122 224
104 192
76 141
116 216
158 298
139 263
108 205
152 294
71 144
109 222
49 103
64 135
139 294
125 269
109 237
28 61
133 290
80 175
113 250
119 264
108 241
16 36
91 206
99 229
119 284
90 215
94 227
89 217
83 206
116 289
52 131
65 169
99 260
23 62
70 194
91 254
79 224
39 112
46 138
82 251
22 68
70 224
49 158
62 201
28 96
74 255
44 154
39 139
42 150
60 221
65 240
61 235
77 297
52 201
46 182
59 239
40 163
49 204
45 191
12 51
26 112
14 61
39 171
59 272
64 297
34 159
52 246
36 172
52 259
50 250
52 261
57 293
38 199
29 154
40 224
18 101
20 114
26 152
33 196
30 187
45 281
28 180
31 214
15 107
31 224
38 275
40 292
24 178
36 268
32 252
24 194
33 281
27 250
29 283
27 277
14 150
17 183
22 238
26 292
21 241
18 214
24 286
16 205
8 106
11 156
19 299
17 278
10 184
12 223
12 235
10 240
4 112
8 225
2 67
4 137
7 250
7 275
1 59
3 178
4 247
2 216
1 156
1 229
1 291
