99870792
88 3
207 9
242 11
216 15
231 25
292 40
279 47
240 52
218 48
291 66
105 26
246 61
110 28
190 50
107 30
266 75
142 42
249 78
238 77
300 103
291 102
139 52
170 69
233 97
61 26
203 91
283 127
270 123
195 90
263 124
162 78
251 121
95 46
94 46
258 138
254 151
101 62
213 132
286 185
283 190
281 7
208 147
277 196
155 111
90 67
265 202
284 217
249 197
283 232
46 38
184 155
66 56
232 197
288 251
192 170
277 246
198 183
101 96
195595 195319
195594 195342
195587 195360
195530 195319
195541 195339
195506 195316
195564 195380
195592 195417
195526 195352
195542 195368
195573 195415
267 188
195505 195363
195566 195428
195491 195355
390918 390651
195460 195336
390889 390642
390912 390672
390872 390635
390868 390632
195557 195439
390902 390673
390904 390675
390918 390695
390884 390662
195516 195405
390852 390632
195609 195501
390913 390701
195482 195376
390856 390645
390901 390692
195488 195384
195606 195502
390848 390641
195493 195390
195462 195360
195508 195406
390870 390667
390919 390721
390845 390659
390816 390631
390925 390741
390875 390692
390912 390730
195604 195515
390905 390730
195543 195457
195542 195394
195575 195493
195543 195462
390786 390627
390858 390700
390797 390645
390815 390664
390861 390714
390790 390651
195456 195387
195450 195384
195400 195336
781531 781283
781509 781268
781544 781303
390795 390676
195424 195366
390768 390653
195526 195469
781535 781310
781496 781279
781545 781336
781523 781318
781513 781327
781520 781335
781502 781318
781458 781275
390770 390680
195419 195334
781535 781358
390724 390636
781488 781313
390833 390747
195452 195409
195483 195440
781512 781342
390831 390746
390888 390804
781482 781318
390883 390802
781477 781316
390782 390704
390824 390747
390737 390661
781437 781289
195367 195330
390806 390732
195512 195475
390925 390852
390765 390693
195384 195348
195565 195529
390788 390720
781469 781334
390723 390658
781474 781350
195604 195559
390753 390692
195527 195497
390720 390661
781474 781360
781462 781348
781477 781363
781527 781414
390843 390787
781547 781439
195568 195546
781539 781438
390909 390860
390783 390736
781513 781421
195402 195379
390812 390766
390867 390824
195435 195414
781520 781437
195453 195433
781490 781413
781433 781358
390785 390754
781474 781415
390893 390865
195496 195484
781451 781406
781438 781394
390737 390715
195462 195451
390811 390790
781476 781436
195402 195392
390726 390707
390914 390895
781532 781496
781509 781475
781519 781485
781546 781513
390841 390827
390812 390799
390818 390806
195608 195602
390768 390758
195371 195367
195430 195426
781478 781464
390769 390762
94 94
195424 195421
390875 390869
781514 781505
781453 781447
781451 781446
390901 390900
781439 781438
198 198
292 292
781511 781512
781462 781466
781470 781475
390788 390791
781473 781481
390815 390820
390764 390771
390722 390729
390865 390873
390716 390724
390896 390906
781447 781468
390859 390871
781454 781479
195519 195527
781466 781504
781446 781485
195373 195384
390853 390876
195468 195480
781481 781530
781479 781531
195375 195389
195454 195469
390779 390809
390825 390857
390783 390816
195490 195507
195440 195457
390857 390891
195393 195411
195505 195524
195482 195501
390882 390922
390872 390912
390778 390818
195536 195557
390730 390773
195387 195409
781442 781530
781436 781527
390799 390845
390718 390774
390768 390826
195449 195481
195358 195391
390715 390784
390841 390911
390811 390881
390716 390786
390752 390826
195510 195548
390828 390907
195435 195475
195370 195423
195510 195564
195428 195482
195415 195471
195401 195457
195365 195422
195399 195462
390755 390882
195392 195457
195436 195502
195477 195546
195403 195476
195459 195534
390767 390921
390735 390890
195511 195589
195500 195578
195496 195580
195504 195590
195494 195583
195440 195529
390727 390907
195477 195571
195474 195570
390721 390922
195383 195488
195364 195472
195413 195522
195389 195500
195390 195502
195429 195549
195462 195586
195375 195507
195410 195544
195445 195589
195411 195561
195375 195527
195361 195566
195373 195584
195366 195583
254 273
264 284
267 293
165 194
130 156
229 275
106 130
41 51
32 41
177 239
95 129
199 286
185 276
190 285
115 177
156 243
117 193
133 228
150 258
124 217
77 137
101 180
157 284
141 261
40 75
102 194
62 142
41 108
112 299
45 122
97 263
44 124
85 249
69 222
54 183
85 298
56 200
38 142
47 177
41 170
52 219
38 168
60 279
15 77
42 241
30 184
31 191
45 280
27 170
46 292
10 71
26 211
9 92
27 285
10 107
6 118
7 254
2 246
