1005218
134 2
182 7
137 17
150 31
194 42
199 8
57 3
118 12
119 19
122 23
37 7
61 16
152 43
71 21
67 20
132 41
130 42
145 49
159 57
167 60
173 63
153 56
164 61
68 26
108 42
112 47
105 46
143 68
191 91
195 95
158 80
130 70
193 111
165 98
173 105
176 109
73 46
151 99
153 104
198 135
160 112
170 49
133 103
64 51
135 108
178 152
198 172
82 73
162 150
122 114
99 93
101 97
170 165
171 168
101155 100990
108004 107838
131 96
100302 100144
101157 101011
115807 115641
115808 115644
131447 131269
115824 115675
107967 107851
100 101
56 57
