9687508107
47 2
36 2
39 6
81 14
49 9
73 14
76 15
75 16
16 4
4 1
96 26
84 24
61 18
80 24
79 26
66 22
99 33
88 32
41 15
72 27
94 36
62 24
45 19
74 32
83 36
78 35
42 19
72 35
69 34
65 34
65 34
50 27
84 48
100 4
57 37
66 44
94 63
70 47
71 49
40 29
81 59
93 69
94 70
62 48
33 27
29 24
89 74
90 77
98 85
66 59
14 13
46 43
69 66
91 89
55 54
75 74
312500096 312500004
312500090 312500006
312500092 312500022
312500064 312500007
312500069 312500016
312500071 312500021
312500091 312500047
312500055 312500012
312500056 312500018
625000099 625000025
312500066 312500029
312500086 312500049
312500054 312500018
39 25
312500076 312500041
312500094 312500064
312500065 312500038
312500065 312500039
312500092 312500068
312500091 312500074
312500053 312500042
312500070 312500064
312500079 312500073
312500071 312500067
21 21
43 43
312500073 312500085
312500062 312500076
312500080 312500097
312500069 312500095
312500055 312500087
312500052 312500084
312500061 312500098
94 98
6 96
68 72
53 57
13 14
52 56
86 93
16 18
28 32
61 70
77 90
61 72
59 70
82 99
49 60
76 97
62 80
34 44
73 99
61 84
70 98
44 62
33 52
22 37
25 43
56 98
49 86
39 70
34 62
25 47
38 82
39 88
40 92
10 24
24 60
25 63
16 42
18 50
23 64
29 82
12 35
15 44
17 50
22 66
21 69
6 21
24 85
7 25
23 92
23 93
21 87
22 98
22 98
22 99
18 98
9 70
6 48
8 73
3 34
7 86
1 81
