583467
300 112
196 1
278 2
240 2
245 3
223 3
217 3
263 4
298 111
245 4
295 5
289 5
229 4
285 5
283 95
291 97
289 11
256 11
289 84
277 79
217 13
277 17
300 19
274 76
250 66
263 68
277 23
275 69
214 19
218 20
239 22
272 67
223 24
255 28
245 27
288 65
287 32
246 55
283 35
274 61
261 54
284 39
298 60
248 36
251 37
232 42
261 40
63 1
51 1
74 2
167 9
102 6
46 3
89 7
185 15
80 7
172 18
162 18
122 15
179 23
135 18
104 15
127 19
179 31
80 14
102 18
142 26
91 17
109 21
165 32
45 9
206 45
110 25
92 22
185 45
89 22
48 13
133 37
165 46
199 56
175 50
89 26
61 18
210 62
234 70
138 42
200 63
76 24
226 72
216 69
203 66
230 75
263 87
262 87
126 42
110 37
211 71
145 49
202 69
119 41
168 58
201 70
219 77
240 85
200 71
45 16
258 92
78 28
208 75
167 61
93 34
109 40
235 88
189 76
109 44
93 38
213 88
181 76
133 56
90 38
71 30
216 92
297 127
300 129
92 40
214 1
87 38
195 88
264 120
77 35
136 63
137 64
234 111
278 132
185 88
100 48
289 139
85 41
290 141
141 69
187 92
144 71
93 46
58 29
279 141
179 91
163 83
299 153
148 77
234 123
194 103
295 157
263 140
184 98
168 90
112 60
273 147
230 124
213 115
243 132
206 112
226 123
193 106
189 105
189 107
264 150
299 172
125 72
131 77
245 146
122 73
262 159
28 17
168 103
252 155
285 176
207 128
208 129
63 40
237 152
129 83
249 165
213 142
241 161
292 196
261 176
163 110
239 162
292 198
265 180
198 135
82 56
265 181
288 197
292 200
99 68
224 155
207 144
178 124
271 189
249 174
244 171
299 210
125 88
182 129
211 152
115 83
90 65
226 165
297 217
193 142
246 181
239 177
264 196
250 186
87 65
250 188
292 221
178 136
175 134
219 169
53 41
31 24
235 182
242 189
241 189
275 216
112 88
30 24
74 60
32 26
112 91
203 165
172 140
246 201
298 244
288 236
217 179
253 210
210 175
126 105
242 202
208 174
186 156
50 42
145 122
236 201
73 64
189 168
271 241
193 173
110 99
32 29
231 210
204 186
264 241
24 22
13 12
185 171
185 171
201 187
177 165
106 99
243 229
296 282
204 195
229 219
152 146
78 75
55 53
58 56
236 229
223 218
288 282
129 127
197 194
276 272
76 75
288 285
119 118
270 268
197 196
78 34
501300 501178
288 292
117 117
41 41
213 227
174 175
168 169
245 248
79 80
156 158
247 254
269 277
196 203
251 260
260 270
187 195
165 173
108 114
214 226
105 111
191 202
73 101
257 276
53 57
177 191
232 252
220 239
205 225
208 231
157 176
131 147
233 263
260 294
256 291
180 206
103 118
214 246
80 92
86 99
228 263
179 207
150 174
111 129
225 262
236 276
35 41
178 209
186 220
139 167
153 184
249 300
174 210
207 250
225 273
89 108
224 272
134 163
243 298
215 264
113 142
233 293
205 258
216 273
228 290
111 142
138 177
92 118
200 257
24 31
215 278
229 298
70 92
147 195
210 282
116 156
159 214
222 299
149 201
218 296
100 137
118 162
59 81
103 142
161 222
134 185
40 86
184 255
119 167
200 282
163 230
55 78
134 194
103 150
173 252
167 245
128 188
177 262
118 175
191 285
132 197
162 242
195 295
172 263
124 192
158 246
181 283
150 236
127 200
113 178
157 256
150 250
144 241
80 134
150 252
163 276
43 73
147 250
130 222
121 207
90 154
85 147
158 274
133 232
152 266
157 276
131 231
145 257
128 231
90 163
114 208
50 93
154 290
70 132
102 194
72 138
41 80
147 291
68 135
105 209
99 198
104 210
64 131
117 243
49 103
100 211
132 279
102 216
113 241
108 231
35 153
100 217
42 93
125 281
114 257
88 199
89 203
81 185
59 135
26 61
26 61
119 281
29 70
31 76
62 155
116 300
95 250
112 298
89 238
109 292
97 260
97 262
29 80
99 275
100 280
76 214
60 169
100 285
90 259
98 284
85 247
79 231
63 185
38 113
77 231
70 215
58 179
44 141
62 201
48 158
70 231
83 274
60 203
44 149
70 239
68 233
78 270
30 105
57 201
72 258
83 299
59 214
66 241
9 33
25 92
53 207
21 83
54 217
22 89
70 288
42 175
71 296
43 180
44 185
59 256
49 215
35 155
59 268
46 213
41 190
45 214
33 157
41 205
16 81
47 242
44 227
49 253
49 257
49 258
43 227
32 174
51 278
49 294
38 232
29 181
17 110
36 248
30 210
13 98
28 219
31 247
20 177
33 293
12 110
21 199
29 277
19 183
16 174
19 222
4 47
21 250
15 179
11 141
13 170
7 98
11 171
13 221
6 102
16 285
10 180
8 154
9 174
10 198
9 267
7 221
8 257
5 175
5 177
7 268
7 273
7 282
6 277
4 202
5 289
3 259
2 175
1 106
2 217
1 179
