100048165
231 193
259 154
233 96
293 164
235 24
31 18
173 136
269 158
199 14
86 22
272 34
73 45
274 172
225 80
216 64
278 67
208 132
28 10
85 27
153 24
240 122
297 45
98 59
292 133
218 103
283 93
277 153
288 49
194 57
254 6
293 118
250 160
130 62
214 146
200 56
213 157
227 131
229 30
272 146
240 1
219 106
211 77
234 154
268 193
286 57
269 192
286 192
188 89
194 78
163 70
248 196
219 81
293 234
219 166
233 196
220 120
275 113
155 59
98 76
268 60
230 76
146 118
213 88
245 25
150 30
285 97
209 56
183 155
253 114
118 9
151 15
278 179
251 95
225 176
109 1
187 37
158 114
208 169
226 159
125 2
278 178
280 213
193 85
210 24
251 16
250 211
245 82
223 78
176 4
113 95
268 136
201 155
244 68
144 82
143 2
123 53
198 71
278 146
300 183
235 181
216 43
199 103
84 58
201 29
267 39
285 84
254 44
278 189
294 32
34 25
285 235
240 12
118 95
147 77
41 19
37 26
200 167
74 14
230 100
248 70
222 7
299 126
287 72
283 68
96 72
90 58
285 221
246 112
121 62
202 30
143 112
195 63
190 32
238 9
143 99
160 82
244 56
194 33
157 81
239 146
202 76
70 32
57 41
296 180
213 103
138 5
277 17
231 179
278 100
178 133
66 25
257 9
247 75
49 25
280 119
42 17
282 84
75 7
165 140
197 5
260 182
152 21
271 19
225 148
221 108
215 83
273 43
163 67
142 40
104 45
206 15
237 103
194 72
297 82
262 119
115 52
291 221
274 38
104 5
247 5
267 172
227 4
211 162
136 82
231 101
100 83
236 98
259 129
240 182
256 142
217 14
58 28
129 93
215 38
137 2
192 90
285 229
137 45
134 49
299 251
224 149
162 68
252 51
253 116
138 97
65 2
282 200
190 97
254 184
300 178
99 70
266 178
237 123
94 44
173 119
244 133
259 128
43 20
217 49
298 244
490899 490753
112402 112328
490750 490641
149049 148970
490728 490640
149086 148902
112318 112231
112423 112228
490925 490788
149099 148842
149035 148939
490879 490641
112472 112286
149115 148856
149116 148864
149074 148899
149010 148879
197758 197657
149058 148881
197954 197715
490763 490648
112392 112276
197955 197860
112350 112216
112452 112311
490882 490663
149087 148947
112483 112289
197924 197727
112416 112346
490909 490820
490805 490709
149127 149042
149056 148874
112409 112246
149041 148946
881489 881287
881533 881373
197954 197786
197946 197790
197868 197705
490916 490801
197907 197747
149115 148876
148953 148862
490854 490632
197889 197753
197936 197790
881535 881266
881398 881267
149014 148940
197789 197712
112334 112257
197821 197660
490866 490683
881513 881280
1662766 1662534
197865 197725
197757 197661
112469 112294
112438 112295
197820 197669
881475 881362
197910 197756
881542 881299
1662791 1662555
112504 112334
112389 112320
490796 490708
881548 881298
124674 124595
124704 124632
124702 124540
197956 197695
112392 112321
124642 124467
112474 112387
881532 881403
124624 124463
124547 124437
124659 124520
112479 112346
112457 112366
124533 124423
295506 295323
124669 124467
295517 295412
124523 124417
124710 124599
124683 124506
124608 124506
124711 124623
295590 295408
295609 295494
295519 295388
295406 295320
295593 295451
124541 124420
295493 295321
295482 295387
124603 124496
881514 881347
295607 295495
295553 295389
124606 124475
124626 124521
124621 124476
295487 295328
295590 295424
124555 124428
881401 881284
881523 881363
174 148
134 114
244 209
63 54
271 233
144 124
181 158
254 222
246 217
222 196
158 140
262 233
183 165
216 198
240 221
278 256
254 234
153 141
219 203
282 263
240 224
66 62
282 265
248 234
298 284
259 247
281 268
132 126
22 21
94 90
283 271
98 94
153 147
281 272
291 282
140 137
166 164
185 183
120 119
205 204
112429 112365
112399 112336
112382 112322
112433 112376
149115 149047
112389 112345
112377 112334
124527 124480
148971 148918
197801 197732
124561 124519
149022 148976
197796 197736
197733 197674
197950 197892
124523 124487
197859 197804
124524 124490
148986 148948
148887 148852
112414 112388
881331 881275
286 167
148902 148870
295458 295395
295569 295507
295414 295357
148952 148924
197952 197916
197903 197868
295435 295383
148961 148935
197858 197825
490814 490734
295434 295387
295598 295553
490760 490687
295411 295368
295381 295341
295431 295391
490791 490725
490817 490756
3225283 3225063
881462 881356
490686 490629
295501 295467
881402 881301
1662731 1662613
881539 881440
881320 881253
881401 881304
1662751 1662624
881399 881306
3225252 3225003
295419 295389
490774 490725
1662692 1662526
881420 881334
1662770 1662636
1662669 1662515
1662706 1662558
1662698 1662561
881449 881371
1662644 1662552
3225251 3225077
3225300 3225135
3225280 3225128
1662728 1662625
3225275 3225119
3225193 3225012
197688 197664
124464 124450
124706 124692
148946 148930
124451 124438
295453 295425
112450 112440
295415 295389
295393 295368
490835 490800
490665 490636
1662634 1662553
881466 881425
881325 881287
112446 112420
1662638 1662571
1662623 1662563
197797 197795
266 267
144 145
275 277
204 206
192 195
