9999239505
72 1
66 1
86 2
89 3
73 3
93 4
84 4
79 4
95 5
65 4
64 5
97 8
77 7
42 4
41 4
48 5
54 6
25 3
82 10
81 11
79 11
82 12
77 1
32 5
59 10
88 15
91 16
51 9
56 10
33 6
48 9
87 17
84 17
94 20
14 3
36 8
78 18
64 15
55 13
71 17
94 23
8 2
23 6
19 5
41 11
89 24
87 24
61 17
57 16
90 26
30 9
99 30
85 26
81 26
31 10
99 32
39 15
72 28
41 16
93 37
97 39
96 40
69 29
45 19
35 15
78 34
39 17
82 37
42 19
66 30
48 22
96 44
100 46
62 29
42 20
92 45
85 42
60 30
61 31
100 51
25 13
78 41
66 36
66 36
11 6
66 36
51 28
58 32
18 10
43 24
75 42
25 14
25 14
89 50
100 58
60 36
25 15
53 32
89 54
88 55
89 57
64 41
73 47
75 49
67 44
24 16
66 44
37 25
94 64
66 10
93 67
99 72
66 48
15 11
39 29
65 49
75 57
66 51
40 31
56 44
20 16
92 75
43 36
63 53
87 74
28 24
79 68
93 81
31 27
72 63
82 72
99 87
87 77
61 54
70 62
82 73
56 40
14 13
56 52
81 76
90 85
74 70
77 73
26 25
31 30
42 41
42 41
65 64
66 65
119531345 119531251
119531340 119531255
139062594 139062508
139062598 139062518
139062600 139062520
139062586 139062510
139062597 139062521
178125100 178125006
139062595 139062523
139062595 139062526
139062582 139062515
119531341 119531285
139062580 139062517
119531335 119531283
119531337 119531287
178125090 178125016
139062599 139062545
139062580 139062527
76 68
139062589 139062538
139062584 139062534
119531342 119531301
119531338 119531298
139062589 139062545
139062595 139062551
178125090 178125034
139062595 139062552
178125083 178125030
119531347 119531312
256250089 256250016
139062600 139062561
119531339 119531309
119531345 119531316
119531349 119531320
178125082 178125039
119531345 119531300
178125087 178125044
178125092 178125059
412500093 412500007
119531345 119531324
178125089 178125059
256250095 256250052
412500100 412500033
256250098 256250059
139062593 139062577
412500094 412500044
119531343 119531330
178125081 178125062
256250097 256250072
256250090 256250067
178125086 178125071
178125085 178125075
119531347 119531347
139062599 139062594
412500100 412500088
178125083 178125078
44 44
23 23
31 31
178125088 178125092
178125083 178125090
139062588 139062594
58 68
68 70
58 60
94 98
70 73
62 65
73 77
91 96
82 87
74 79
87 93
28 30
84 91
85 93
91 100
30 33
89 98
54 60
59 66
81 92
62 71
47 54
87 100
33 38
85 99
34 72
23 27
62 73
62 73
80 95
38 46
76 94
60 76
52 66
47 61
46 60
64 84
32 42
44 58
25 33
48 64
23 31
45 61
57 80
29 41
31 44
65 93
69 99
39 57
55 81
21 31
67 99
60 90
63 95
66 100
23 35
57 87
62 96
47 73
25 40
56 90
51 84
35 58
58 97
35 59
48 81
56 95
49 84
51 88
54 95
48 85
19 34
44 79
54 99
25 46
47 88
37 70
49 93
50 95
13 25
34 66
38 74
29 57
39 77
43 85
48 96
49 100
43 88
41 84
19 40
45 96
41 89
39 85
35 79
17 39
30 69
34 80
41 97
21 51
14 35
34 85
38 99
37 97
32 86
28 76
32 88
30 83
32 94
17 50
30 89
20 64
21 68
29 95
14 46
27 97
24 90
23 97
4 17
7 30
21 92
16 72
4 18
7 33
19 95
10 52
17 95
13 78
11 69
7 47
13 89
12 93
9 75
11 92
11 93
4 38
5 48
10 97
8 78
9 92
8 86
5 54
8 90
7 79
7 80
6 74
4 50
2 28
4 57
4 86
2 81
1 46
1 48
1 81
1 90
