10000016435
147 3
284 31
253 29
261 50
192 48
89 24
236 81
42 17
207 88
215 113
268 143
234 133
254 167
280 192
215 171
177 155
258 249
236 233
1305468 1305204
1076564 1076375
1076519 1076333
1076525 1076345
1305396 1305199
1076535 1076374
1152764 1152594
1305420 1305243
1076471 1076329
1305455 1305289
1152747 1152603
1152886 1152743
1076477 1076348
1076557 1076431
1305458 1305331
1152762 1152654
1305357 1305243
1305417 1305307
20531548 20531355
10765903 10765698
2220933 2220757
20531542 20531343
20531504 20531293
10765920 10765782
2220856 2220707
10765857 10765670
10765887 10765672
5883039 5882890
5883064 5882904
5883074 5882896
3441705 3441509
5883035 5882852
3441685 3441567
2220948 2220824
3441627 3441490
5883089 5882851
3441611 3441447
40062759 40062631
40062766 40062615
40062749 40062563
626000242 626000022
626000274 626000022
157250204 157250008
313500292 313500128
157250300 157250016
20531489 20531319
20531420 20531258
79125233 79125076
79125217 79125005
79125284 79125067
1152763 1152680
1076409 1076333
1305430 1305342
1610606 1610499
1305343 1305258
1152716 1152641
1152775 1152702
1305303 1305222
1610451 1610360
1610566 1610475
1076500 1076443
1610507 1610429
1076583 1076534
2220816 2220717
1610472 1610401
1305246 1305192
2220934 2220847
1305317 1305267
3441645 3441530
1610619 1610571
1152699 1152666
2220958 2220895
3441579 3441484
1610526 1610482
1610629 1610587
2220790 2220733
1152654 1152627
2220891 2220840
1152654 1152628
3441484 3441407
3441631 3441555
2220986 2220939
5883008 5882890
1152726 1152703
1152880 1152857
2220966 2220922
3441664 3441603
5883045 5882942
1610547 1610524
2220753 2220722
5883106 5883035
3441495 3441456
1610377 1610361
3441598 3441564
1076526 1076516
10765910 10765838
3441494 3441471
5882877 5882839
1610415 1610405
20531425 20531311
20531507 20531396
1305434 1305427
20531455 20531350
20531395 20531304
10765893 10765848
20531453 20531368
20531341 20531258
20531454 20531373
10765696 10765663
10765735 10765702
40062704 40062590
10765801 10765772
5883009 5882994
40062717 40062623
20531419 20531389
40062534 40062502
313500200 313500057
2220938 2220760
313500178 313500032
626000236 626000106
626000290 626000155
79125244 79125182
40062654 40062632
79125220 79125185
79125153 79125122
79125160 79125132
157250195 157250144
313500265 313500192
313500118 313500054
313500234 313500173
313500218 313500168
313500258 313500210
626000219 626000133
157250216 157250092
313500073 313500029
157250142 157250017
1251000256 1251000111
626000271 626000222
174 176
