1049900
1167 1019
1285 1017
224 2
221 130
217 137
129 7
1682 1523
262 210
1640 1522
200 33
193 112
164 59
1733 1573
151 106
231 62
271 168
165 56
148 45
184 5
172 99
230 36
263 102
1711 1532
1747 1583
224 129
214 83
1728 1630
198 34
170 67
247 69
232 38
1761 1580
1715 1618
2138 1992
2168 2037
259 101
164 134
2192 1991
143 37
136 53
185 128
1749 1615
172 156
235 46
176 164
274 236
251 47
295 107
168 44
246 90
234 170
132 25
292 113
262 94
2245 2005
2274 2004
223 27
202 129
48 23
199 167
247 223
112 75
238 129
165 138
83 57
1498 1373
1414 1290
208 154
231 16
1432 1277
1530 1408
1461 1377
1477 1326
255 187
147 67
1428 1268
1504 1368
192 80
185 170
144 125
162 13
122 59
203 167
128 81
278 81
1329 1254
149 112
178 111
261 105
2265 2082
205 85
2207 2043
134 3
1528 1331
279 231
189 144
2255 2119
289 102
187 122
2209 2002
3189 3000
1459 1303
1388 1245
252 26
291 209
253 66
1472 1343
182 17
299 104
191 145
299 66
1494 1279
1237 1148
262 141
165 27
265 131
270 75
1403 1134
1357 1148
1409 1186
1335 1243
294 119
1385 1140
1285 1175
1355 1191
201 4
269 222
211 71
161 92
157 49
1418 1242
1359 1152
1413 1153
155 113
1371 1213
1333 1198
279 107
27 12
280 6
268 123
1322 1075
209 13
244 139
1208 1137
1247 1137
228 172
214 51
1243 1136
1245 1119
1273 1156
216 103
151 34
269 103
183 33
113 56
222 11
1261 1071
264 249
1347 1265
203 133
260 124
281 97
297 42
267 16
212 160
227 205
259 240
104 27
1297 1160
1283 1181
222 204
258 99
209 43
1272 1188
238 185
284 211
1276 1130
100 53
1310 1181
213 27
263 52
1244 1116
206 62
1192 1073
1272 1085
223 105
214 33
1173 1073
285 228
241 107
158 95
228 74
175 6
209 54
1190 1075
107 15
1218 1084
1230 1125
283 157
167 6
1352 1188
281 206
226 145
1304 1135
1168 1053
1307 1160
1272 1125
153 62
1279 1125
264 66
1285 1187
159 43
189 167
219 142
1150 1053
221 81
1287 1038
1271 1101
119 28
1276 1191
1309 1111
1240 1085
1211 1053
1277 1161
1099 1034
229 9
1298 1120
217 98
161 74
146 19
1172 1085
284 141
1145 1038
214 177
161 120
207 22
286 265
162 17
1184 1109
1284 1138
1107 1040
1125 1021
1282 1203
1252 1077
1195 1077
1313 1070
1291 1159
1725 1628
1217 1095
1206 1070
1244 1096
1213 1141
1203 1023
1266 1112
1098 1036
1217 1145
1206 1025
1096 1032
1268 1128
1133 1043
1217 1067
1307 1040
1148 1022
1298 1177
1187 1008
1173 1046
1156 1034
5041 4953
9111 8964
5179 5061
1591 1566
1568 1507
1580 1523
1083 1036
1215 1190
1203 1187
1128 1101
1657 1618
1751 1687
9030 8912
1266 1219
5117 4922
1554 1508
32544 32251
1330 1263
5188 4968
1726 1655
1542 1522
1289 1257
1047 1026
286 273
1763 1706
1601 1524
1639 1586
1122 1081
1114 1054
2120 2021
1163 1122
9048 8923
1639 1571
1279 1209
1644 1617
32549 32264
2094 1990
2196 2152
1153 1124
2268 2143
2087 1994
2124 2103
1582 1508
1693 1612
5155 4912
1141 1125
164 157
1332 1279
5174 5053
5079 4983
1282 1260
1309 1255
2123 2053
1087 1043
5195 5026
1318 1245
1484 1410
2260 2134
5006 4914
1474 1409
1353 1294
1379 1330
2225 2144
2187 2131
2181 2091
2264 2225
2167 2119
1453 1434
1237 1205
1483 1449
1202 1175
1251 1227
16911 16762
2258 2231
5178 5106
2181 2141
1216 1169
16904 16656
1279 1208
2186 2123
1075 1026
1063 1022
1086 1063
5198 5105
2200 2102
1305 1256
1210 1185
1453 1404
1493 1420
1165 1118
5144 5031
16852 16651
1282 1256
9005 8866
16834 16665
1442 1391
1083 1045
3033 2979
1408 1382
1090 1059
3057 2978
3153 3026
3142 2983
16830 16665
4998 4930
3089 3030
1538 1464
3231 3076
3083 3024
3175 2998
3166 3097
1172 1149
1277 1255
3036 2998
3249 3144
1168 1142
3197 3137
1367 1351
16923 16734
8940 8826
1278 1225
1348 1333
3147 2984
3015 2969
9081 8840
3097 2955
1407 1383
1274 1243
5206 5046
3193 3027
3216 3164
8957 8872
3160 3098
1326 1253
1164 1100
1089 1060
9034 8914
1300 1245
3170 3102
1173 1149
3221 3137
1365 1335
1172 1131
9101 8903
3181 3140
1294 1234
1381 1330
3180 3098
8983 8888
3169 3106
1117 1101
3249 3141
3193 3121
5204 4914
3241 3142
1284 1217
9038 8914
3106 3061
9012 8916
3119 2992
1171 1136
5138 4938
1180 1125
1395 1341
5074 4951
8949 8821
9106 8830
1244 1206
1170 1132
5145 5094
32536 32263
16817 16673
16827 16688
96 93
296 289
1160 1147
1159 1147
1760 1743
1349 1336
2025 2006
3206 3178
2092 2074
8904 8828
1643 1629
9111 9034
5014 4973
1713 1699
1729 1715
1127 1118
3028 3004
1268 1258
8898 8830
32499 32251
1196 1187
32510 32268
32509 32273
1769 1489
5199 5146
1263 1254
1042 1035
1531 1521
1180 1173
1271 1264
