9996125160
277 1
270 4
260 10
236 14
273 18
257 19
213 19
240 29
294 41
264 37
253 36
166 25
113 18
276 48
141 29
213 44
290 61
196 47
131 32
49 12
206 53
201 52
247 64
241 64
180 52
284 86
266 82
221 74
171 58
129 45
300 107
146 53
275 105
73 28
271 104
198 76
300 116
138 55
162 66
212 91
225 98
87 39
298 138
172 81
205 97
168 82
245 121
110 55
189 104
238 134
237 139
75 44
168 99
230 136
290 180
295 191
137 90
274 186
260 179
222 160
162 119
299 220
245 181
279 212
259 197
297 226
240 183
202 158
291 231
98 78
59 47
177 143
217 186
245 210
274 235
246 211
221 192
147 130
197 175
266 240
144 131
216 206
205 196
267 256
246 237
123 120
248 245
291 289
280 4
1156250284 1156250142
294 296
1039062793 1039062574
1078125290 1078125070
1078125295 1078125142
1019531549 1019531416
1078125297 1078125175
1156250300 1156250256
1078125293 1078125260
1312500291 1312500272
75 103
106 107
108 112
168 175
146 155
113 122
209 226
269 291
275 298
201 224
221 248
39 44
207 234
230 261
136 156
155 179
140 162
214 251
66 78
230 276
30 36
202 243
170 206
135 165
149 184
213 265
66 83
199 255
112 144
123 160
157 205
25 258
37 51
58 80
211 295
130 185
146 209
106 154
86 125
56 82
160 239
145 217
133 205
189 293
83 135
151 250
81 140
67 119
90 163
109 201
94 180
13 25
98 190
127 256
85 177
124 264
117 267
99 228
59 138
68 160
118 281
29 70
99 244
58 145
49 134
74 206
98 281
69 204
99 293
35 105
58 179
47 154
63 217
45 156
35 124
9 35
67 264
35 145
45 189
58 268
39 203
44 243
20 129
37 248
19 144
8 64
29 264
14 128
18 249
4 58
16 248
6 109
13 242
3 66
2 83
2 295
