1009289
289 124
288 20
276 70
241 39
257 55
254 86
283 118
281 93
292 80
284 41
256 118
264 66
284 123
7 1
135 42
111 38
246 125
192 98
268 142
110 62
272 158
138 81
261 183
204 147
12 9
45 34
156 121
97 77
274 219
17 14
229 192
224 190
169 147
118 104
236 212
294 282
276 269
32528 32265
32550 32287
32535 32284
32542 32304
32494 32272
32527 32308
32514 32301
32542 32334
32508 32306
32469 32268
32500 32300
32470 32276
32471 32277
32508 32317
32487 32299
32447 32261
32503 32320
32541 32359
32547 32376
32450 32301
115 11
63799 63515
32445 32267
63792 63534
63799 63562
63783 63557
63783 63559
