50023064
281 118
211 3
299 4
187 5
163 6
191 8
295 23
285 25
290 112
282 40
208 34
199 46
251 61
229 75
239 67
272 147
118 13
126 33
149 43
135 40
161 63
31 13
177 92
175 94
181 104
140 81
244 3
167 104
284 177
233 147
300 196
128 85
265 189
122 96
289 233
144 130
258 232
180 170
253 240
139 132
112 66
50010300 50010079
238 256
177 189
238 264
157 158
32 33
166 175
146 171
173 208
168 206
157 203
156 208
163 220
180 254
196 292
134 217
146 240
165 279
137 241
104 189
75 137
78 152
124 250
135 274
96 198
63 134
67 150
123 290
75 191
59 152
93 271
85 251
63 189
79 249
42 258
28 194
23 191
13 162
14 295
3 237
