99794278
280 3
273 6
114 3
268 8
264 9
220 8
238 9
268 12
153 9
113 7
281 19
281 20
211 19
141 13
246 25
293 33
297 35
153 19
276 40
201 31
199 31
77 12
268 45
266 45
242 42
117 21
160 29
225 42
291 59
206 45
109 24
248 56
179 41
251 58
76 18
253 67
237 66
172 49
119 34
260 75
120 35
240 72
143 43
162 52
123 40
103 34
178 62
216 77
266 95
110 40
223 84
252 95
213 81
235 91
201 3
245 96
153 61
219 89
112 47
248 105
155 67
201 88
255 116
87 41
227 108
183 90
236 117
189 96
232 119
209 109
199 106
142 76
26 14
101 56
187 105
233 134
178 104
171 100
231 136
32 19
226 136
126 76
266 161
222 136
246 151
162 102
233 148
259 169
172 115
100 67
238 163
241 167
236 164
196 137
248 174
227 162
280 203
186 135
219 85
250 183
221 164
160 119
166 124
136 102
120 90
270 205
194 149
155 120
278 217
254 204
258 211
133 110
117 98
250 210
101 85
19 16
124 105
230 195
228 196
207 179
228 201
196 175
128 93
86 78
139 128
298 278
295 276
109 102
160 150
120 113
145 137
285 264
291 283
67 65
218 214
300 269
253 250
285 292
7250295 7250200
7250295 7250253
26000294 26000176
26000299 26000220
7250288 7250284
26000296 26000291
207 253
195 196
153 154
259 264
38 39
180 186
244 253
64 67
239 251
255 268
271 287
212 229
223 241
188 207
149 165
60 67
192 215
136 153
182 205
118 133
264 298
230 260
137 155
71 81
242 278
161 185
150 176
127 151
151 180
60 72
199 241
205 249
177 216
89 257
228 280
191 235
141 175
93 117
170 214
151 192
170 221
193 252
157 206
113 149
55 74
103 140
175 243
22 31
202 287
188 268
206 298
184 274
97 145
159 239
92 142
104 161
187 291
110 172
180 291
102 166
79 130
162 267
163 272
139 234
102 173
89 153
98 169
60 104
142 250
147 261
49 88
35 64
145 281
93 185
8 16
55 110
147 298
134 288
32 69
41 90
102 226
86 191
103 234
32 73
96 220
126 294
101 238
99 235
110 271
104 263
39 99
89 228
106 274
88 232
83 228
103 286
23 64
28 93
89 261
100 294
88 267
50 154
69 219
84 275
69 230
39 134
71 257
81 297
57 213
68 262
53 214
39 158
59 240
56 242
51 229
54 246
63 287
62 294
40 196
43 215
21 106
35 180
37 193
21 112
30 174
29 170
38 228
41 258
25 160
19 124
13 90
22 161
33 249
22 168
22 171
32 255
33 263
2 16
36 289
32 286
24 226
15 143
17 187
24 279
10 117
13 154
20 249
6 86
12 177
16 254
1 16
11 180
11 189
10 222
4 91
9 220
4 112
4 125
6 216
4 193
2 131
2 176
