100030206
300 29
199 50
294 22
195 24
1563789 1563504
1563791 1563507
288 76
225 98
293 71
1563797 1563501
237 28
296 119
282 75
198 3
782493 782254
204 57
196569 196370
196567 196417
258 63
196501 196349
187 3
241 67
224 29
209 67
149 17
782550 782347
196508 196334
196541 196397
279 88
196552 196347
227 98
225 53
189 30
196 29
782512 782271
196599 196326
196586 196373
196485 196318
196581 196351
196561 196331
292 72
196594 196333
196609 196444
196556 196382
196576 196326
196552 196334
196521 196360
196574 196343
297 139
391818 391626
391903 391688
391888 391702
391889 391707
279 72
195 63
391878 391675
289 25
391881 391634
391875 391634
207 61
243 13
391871 391665
182 36
391899 391665
391863 391642
391907 391673
54 9
99 19
146 34
125 30
138 38
88 30
118 43
132 49
185 69
124 48
181 75
223 113
79 41
235 123
64 34
171 93
246 140
295 176
176 115
88 58
274 190
268 187
192 139
171 125
105 77
156 116
146 111
289 223
247 193
209 168
206 166
173 142
280 239
86 76
265 238
218 200
229 211
300 278
196448 196313
196452 196319
196475 196351
196493 196374
196453 196336
196551 196434
196518 196405
196466 196364
196572 196470
196494 196394
196465 196368
196495 196398
196415 196324
196484 196393
196446 196360
196586 196502
782541 782390
782509 782354
782463 782308
391896 391740
391817 391662
391797 391647
782511 782351
391876 391738
391837 391700
391856 391721
391910 391775
782483 782321
782532 782368
782439 782272
391834 391705
782505 782337
391920 391800
782526 782352
391912 391793
391825 391708
391768 391654
782506 782323
782540 782353
391917 391806
782477 782290
782446 782254
1563785 1563543
1563728 1563511
1563780 1563551
1563782 1563545
1563793 1563533
261 251
196606 196525
196578 196503
196470 196403
196491 196424
196596 196531
196494 196432
196395 196335
196458 196401
196467 196410
196535 196482
391863 391763
391778 391681
391849 391753
391888 391793
196564 196518
391840 391753
391843 391758
391816 391732
391836 391753
196557 196517
196487 196449
391707 391632
391741 391668
782394 782251
782486 782343
391843 391772
782453 782314
391830 391761
782536 782399
196543 196509
391786 391719
196490 196457
782478 782348
782422 782295
782483 782356
196427 196396
782532 782413
391797 391742
782452 782345
1563757 1563547
391855 391803
196381 196355
782425 782322
1563701 1563502
196519 196494
1563776 1563579
1563727 1563535
782491 782395
1563735 1563550
196432 196351
1563701 1563512
391714 391666
782537 782444
391676 391630
196549 196526
1563787 1563608
1563748 1563570
391868 391824
1563770 1563595
1563792 1563618
782480 782397
391837 391796
782397 782317
196405 196385
1563788 1563630
782524 782445
391732 391693
391909 391871
1563725 1563574
782549 782474
1563724 1563575
782340 782266
391744 391707
1563776 1563632
1563687 1563547
782420 782350
391747 391712
782548 782452
1563685 1563531
1563669 1563513
391826 391792
391869 391841
196533 196516
782524 782458
391662 391630
782428 782365
391826 391802
391867 391843
196549 196539
196598 196590
196444 196441
261 270
