97189294
65 1
34 3
58 6
58 14
90 24
94 33
76 30
22 10
55 29
55 31
95 54
73 43
76 48
68 2
26 18
59 42
42 37
73 68
3135077 3135005
3135075 3135006
3135095 3135027
3135099 3135031
3135081 3135015
3135068 3135006
3135068 3135009
3135082 3135025
3135087 3135032
3135059 3135005
3135064 3135015
3135087 3135040
3135072 3135027
3135092 3135055
3135096 3135060
89 59
3135055 3135007
3135065 3135011
3135092 3135059
3135077 3135048
3135069 3135045
3135054 3135034
3135075 3135059
3135093 3135079
3135055 3135043
3135081 3135070
3135076 3135076
3135090 3135100
3135079 3135091
3135063 3135078
92 98
3135074 3135099
3135060 3135092
22 24
19 22
76 88
49 59
70 91
60 85
15 22
49 79
46 76
43 79
20 38
34 69
13 30
36 85
39 98
15 62
14 70
6 37
6 39
2 83
