9937510900
149 4
198 117
190 12
102 8
78 8
45 7
191 31
91 15
160 28
177 31
11 2
200 37
140 27
164 55
173 60
169 62
134 57
133 58
125 55
198 97
172 89
176 94
107 60
168 6
106 67
100 60
150 132
47 32
195 134
124 88
68 51
154 116
197 151
148 118
42 34
136 111
153 103
96 87
52 46
173 157
144 142
194 177
189 176
157 4
143 142
193 193
1312500200 1312500159
3500000200 3500000102
1625000198 1625000186
3500000200 3500000138
138 142
155 160
102 106
100 104
142 149
55 59
154 170
123 145
122 144
71 85
35 42
137 165
119 148
100 125
50 63
132 170
131 178
34 47
111 154
34 48
101 146
43 63
133 199
89 144
116 189
64 106
101 178
105 190
27 52
30 61
69 141
77 158
52 111
73 191
54 144
50 134
40 108
69 187
36 113
49 156
35 113
29 94
54 177
13 45
16 60
45 188
4 20
14 93
6 40
22 181
16 137
5 81
6 186
2 153
