9980510072
177 19
99 12
129 16
292 44
261 76
285 84
300 92
143 46
265 91
154 65
251 111
226 103
181 91
162 84
298 156
99 58
232 137
220 134
170 105
220 147
92 62
225 168
178 146
215 187
188 165
82 77
256 241
214 202
226 219
280 15
300 298
19531547 19531273
19531514 19531251
19531519 19531274
19531486 19531271
19531454 19531251
19531533 19531336
19531500 19531305
19531531 19531357
19531516 19531367
19531517 19531369
19531460 19531322
39062785 39062518
19531393 19531269
19531522 19531398
19531457 19531337
19531466 19531348
19531434 19531326
19531406 19531302
39062749 39062545
39062758 39062554
19531494 19531393
39062723 39062528
39062784 39062591
19531357 19531272
39062745 39062575
39062709 39062549
39062779 39062634
39062788 39062644
19531370 19531299
19531425 19531363
78125266 78125022
19531320 19531260
78125293 78125053
78125256 78125023
39062680 39062565
39062760 39062645
78125263 78125051
39062699 39062597
19531386 19531336
39062708 39062609
39062745 39062649
39062663 39062569
78125271 78125092
78125244 78125066
19531331 19531287
78125175 78125004
39062700 39062624
39062708 39062632
39062649 39062577
78125289 78125147
78125208 78125068
78125248 78125111
19531421 19531387
297 288
78125171 78125040
78125124 78125004
78125176 78125056
39062590 39062535
156250268 156250052
156250296 156250081
156250230 156250028
78125277 78125176
156250212 156250011
39062579 39062530
156250208 156250016
156250300 156250114
39062680 39062634
39062720 39062674
78125187 78125096
39062610 39062566
156250244 156250072
156250249 156250081
156250265 156250098
78125108 78125026
39062612 39062571
39062704 39062663
78125289 78125208
19531427 19531407
156250211 156250056
156250251 156250101
39062687 39062651
39062705 39062669
39062778 39062742
156250299 156250157
156250266 156250126
156250245 156250110
156250275 156250012
78125102 78125041
156250287 156250281
39062677 39062652
39062565 39062537
39062628 39062600
78125228 78125173
156250254 156250145
78125249 78125198
78125165 78125115
78125294 78125275
78125112 78125064
39062579 39062555
39062673 39062649
19531525 19531513
156250243 156250156
78125217 78125174
78125140 78125100
156250236 156250171
78125204 78125174
78125177 78125158
156250260 156250240
78125203 78125194
39062694 39062691
78125214 78125209
39062675 39062674
156250216 156250219
39062656 39062657
39062604 39062605
156250249 156250255
39062770 39062781
39062741 39062752
156250247 156250298
78125248 78125276
19531343 19531398
156250219 156250292
78125116 78125154
39062591 39062614
39062706 39062730
78125182 78125250
78125197 78125266
19531433 19531452
19531383 19531402
78125149 78125226
39062602 39062644
78125136 78125221
78125180 78125273
19531361 19531386
39062667 39062718
78125119 78125229
78125171 78125290
78125170 78125293
39062649 39062712
78125160 78125296
19531482 19531517
39062643 39062713
19531293 19531333
19531306 19531350
39062706 39062796
19531332 19531377
19531469 19531517
19531330 19531391
19531458 19531522
19531419 19531484
19531287 19531354
39062574 39062713
19531368 19531451
39062561 39062732
19531436 19531522
39062606 39062783
39062563 39062745
19531422 19531519
39062570 39062784
19531370 19531484
19531423 19531539
19531394 19531520
19531351 19531486
19531381 19531521
19531348 19531490
19531400 19531546
19531385 19531532
19531372 19531535
19531337 19531500
19531335 19531505
19531312 19531513
19531296 19531511
19531285 19531515
216 218
160 164
168 199
187 237
164 210
164 216
159 211
82 109
83 126
174 274
95 153
77 128
25 42
55 95
63 110
104 220
53 117
66 168
99 276
34 106
43 198
8 41
37 231
41 277
13 105
28 285
22 288
8 265
