100006716
84 6
99 26
95 22
73 3
96 16
86 28
95 34
1048911 1048838
99 44
66 12
1048907 1048832
65 11
89 26
69 16
1024494 1024416
87 6
89 16
71 6
74 21
84 11
70 8
83 5
1012296 1012223
1390715 1390636
1012303 1012220
1012283 1012210
100 27
96 42
77 20
97 39
78 17
51 1
33 2
52 8
19 3
43 7
64 12
64 13
39 8
46 12
63 18
52 15
27 8
25 8
64 23
61 22
58 22
66 26
76 32
49 21
50 22
63 28
9 4
50 23
45 21
95 46
86 43
26 13
90 45
58 30
40 22
38 21
84 49
76 46
99 62
67 42
81 51
77 49
75 49
87 57
41 27
93 62
80 54
54 37
86 62
62 45
39 29
63 47
49 37
95 72
54 42
90 71
94 76
98 80
17 14
87 72
73 62
47 40
75 65
70 62
99 89
10 9
73 66
77 70
74 68
53 49
94 88
1024487 1024422
1024487 1024425
1048892 1048829
1048901 1048838
1024481 1024420
1048907 1048846
1195383 1195316
1390706 1390631
1195397 1195333
1048887 1048831
1012278 1012224
1097745 1097690
1048906 1048854
1195374 1195316
1012292 1012243
1097739 1097686
1195411 1195355
1012303 1012256
1012291 1012248
1390696 1390637
1390718 1390659
1048877 1048836
1012276 1012237
1024460 1024421
1012284 1012246
1024453 1024415
55 32
2562599 2562512
1024512 1024478
1097705 1097669
1097712 1097676
2562596 2562512
1097752 1097717
1012247 1012215
1390721 1390678
1012277 1012246
1390676 1390634
1781329 1781276
1781304 1781252
1097735 1097704
2562582 2562510
1390722 1390685
1097722 1097693
1195358 1195327
2562591 2562525
1048888 1048861
1024510 1024485
1195347 1195318
1048862 1048837
2562572 2562511
1390659 1390626
1195371 1195343
1048870 1048847
2562570 2562524
1390720 1390671
4125092 4125007
4125084 4125010
4125093 4125019
2562558 2562513
4125073 4125003
2562547 2562505
48 48
