539538
282 79
232 7
290 13
278 20
283 66
280 54
300 54
224 34
101 12
184 22
125 18
191 28
185 30
167 29
226 43
214 45
210 46
168 39
194 49
189 48
234 60
117 30
248 67
192 53
241 68
155 45
264 92
274 98
276 100
231 88
250 96
297 115
279 110
194 77
259 104
166 6
226 92
236 100
73 31
164 70
285 123
278 120
247 108
288 127
201 91
179 85
270 132
121 60
214 107
274 140
216 115
242 131
178 97
251 142
297 175
83 49
174 105
269 164
177 110
283 176
292 182
271 170
182 115
131 83
255 163
163 106
257 169
100 67
225 151
238 160
230 156
45 31
40 28
208 149
78 56
241 174
59 44
269 202
125 94
196 153
292 228
194 157
271 220
202 164
296 243
80 67
116 102
79 71
172 155
205 186
153 139
259 238
136 127
216 202
288 274
229 225
211 208
103 102
231 94
510300 510127
295 300
213 292
144 147
232 237
267 274
187 193
221 232
103 120
177 220
135 170
207 261
188 240
209 268
199 258
139 185
161 219
90 187
95 131
207 286
134 191
194 278
121 174
146 214
191 283
171 254
177 264
135 213
149 237
188 300
135 216
122 196
153 251
95 156
148 251
167 285
147 265
56 103
73 136
145 272
152 288
81 160
113 230
117 242
135 288
79 172
122 273
26 61
73 175
54 139
95 245
22 57
78 208
69 186
65 177
58 172
83 273
46 153
77 257
36 128
67 242
63 228
48 175
60 232
73 293
55 227
49 214
30 133
55 256
39 184
34 172
30 173
37 251
31 220
38 289
16 157
17 261
14 291
12 274
3 136
4 270
2 299
