50030545
287 107
182 1
259 86
291 13
223 10
260 80
189 10
297 90
237 17
270 20
295 22
231 22
289 29
262 77
294 84
242 40
252 72
249 44
289 75
231 50
194 4
101 5
88 5
180 19
140 17
144 24
79 14
22 4
95 18
186 40
165 36
188 42
181 42
176 48
190 61
192 62
202 67
222 74
124 42
96 34
143 51
220 82
80 30
233 90
248 96
243 96
232 92
15 6
220 90
225 96
14 6
292 128
184 81
285 130
46 21
270 124
101 48
240 115
74 36
148 74
154 78
271 138
266 144
280 157
123 71
300 174
181 108
212 128
281 172
273 169
210 131
231 145
273 174
185 121
128 85
244 163
209 142
286 196
220 153
175 130
215 164
218 168
221 172
201 159
218 173
137 115
94 79
217 185
276 238
22 19
109 96
189 169
117 105
71 65
214 198
296 276
180 169
220 210
168 164
236 232
52 2
50001299 50001112
250 254
104 179
44 45
111 114
227 237
223 233
153 164
194 212
187 207
109 121
78 87
182 204
170 199
87 102
127 152
210 252
231 282
225 278
222 286
177 231
116 154
94 127
93 127
89 122
198 278
200 285
68 98
194 285
66 97
135 208
107 174
90 147
97 162
152 254
91 155
171 296
115 201
159 278
128 224
59 107
149 281
135 256
111 211
64 125
147 288
98 198
143 289
80 164
116 238
112 235
68 144
105 227
135 298
96 224
68 159
70 171
80 201
110 281
91 235
75 202
65 179
95 270
79 231
70 210
81 256
67 212
72 232
75 253
58 204
57 205
68 268
55 221
33 137
45 187
69 287
24 100
70 300
63 283
48 225
62 295
51 246
29 173
36 218
12 73
34 211
39 249
42 269
26 174
33 277
21 180
27 238
22 277
18 234
12 227
5 130
9 260
3 95
4 259
1 183
