99972454
131 10
182 16
248 27
208 25
196 34
213 39
90 20
282 65
142 33
127 2
119 36
220 74
267 96
275 99
201 73
284 113
202 81
228 94
248 104
181 84
75 39
280 157
250 158
186 121
121 81
253 180
251 185
274 204
203 162
152 132
95 92
190 186
94 25
13125299 13125022
10195596 10195383
261 296
10195606 10195420
10390918 10390763
10781550 10781447
13125296 13125184
10390921 10390835
10195612 10195529
11562790 11562781
213 290
11 144
212 214
78 84
212 251
113 142
101 131
71 94
30 42
146 223
57 88
70 117
55 101
105 218
29 62
111 260
125 300
94 247
98 286
90 287
22 75
56 205
16 218
7 107
9 270
6 285
