1008186
66 3
148 8
67 4
199 16
87 7
98 8
48 4
190 16
128 11
192 17
189 18
176 17
148 15
169 18
176 19
55 6
54 6
55 7
102 13
140 19
64 9
112 16
194 28
69 10
168 25
193 29
122 20
146 24
74 13
94 17
99 18
194 36
85 16
69 13
82 16
102 20
76 15
176 36
88 18
143 30
74 16
200 45
198 46
103 24
76 18
197 50
145 37
30 8
114 31
193 53
43 12
53 15
59 17
139 41
184 56
100 31
95 30
78 25
34 11
182 59
82 28
146 50
100 35
187 67
99 36
200 73
49 18
172 64
39 15
173 67
195 78
55 22
197 79
82 33
138 56
170 69
134 55
193 80
111 6
142 59
178 76
185 80
133 59
170 76
166 76
120 55
141 67
98 47
175 84
158 76
76 37
76 37
96 47
153 75
172 85
131 67
43 22
117 60
59 31
72 39
190 104
162 89
161 89
195 108
138 77
144 81
149 84
81 46
84 48
157 90
57 33
124 72
186 108
177 103
106 62
133 78
86 51
143 85
194 118
177 110
99 62
161 101
102 64
129 81
185 117
151 98
133 87
29 19
56 37
118 78
142 94
95 63
9 6
133 89
173 118
138 95
138 96
191 133
126 88
133 93
175 123
164 117
114 82
152 110
189 137
128 93
22 16
147 109
176 132
141 107
193 147
193 147
84 64
110 84
132 102
164 129
148 117
171 137
92 74
188 152
168 136
137 111
140 115
174 143
64 53
125 104
171 143
82 34
160 137
121 105
124 108
169 148
33 29
94 83
95 84
160 143
61 55
192 175
178 163
98 90
55 51
80 75
130 122
147 138
138 131
159 155
85 83
171 167
124 122
31435 31251
31432 31253
31437 31259
31438 31283
31409 31255
31431 31281
95 80
31431 31288
31440 31297
31450 31309
31425 31288
31431 31296
31444 31314
31420 31292
31409 31284
31418 31274
31431 31315
31450 31419
171 193
31408 31302
31434 31329
31413 31322
31449 31379
31429 31365
31426 31380
31440 31399
31431 31391
31436 31401
31431 31398
31437 31407
31440 31425
31447 31434
31449 31444
135 135
21 38
162 165
110 114
80 84
141 149
169 179
134 142
125 133
77 82
103 110
130 139
128 137
54 58
92 99
131 141
51 55
65 73
97 109
135 153
64 73
142 167
95 116
113 138
18 22
107 131
154 189
158 194
91 112
46 57
109 136
107 134
87 109
56 71
100 127
122 155
141 182
144 190
133 176
142 189
81 109
136 185
86 118
97 134
121 169
46 65
78 117
115 178
124 192
102 159
58 91
86 135
41 66
110 178
105 171
84 140
66 110
83 142
93 162
113 198
100 177
97 175
62 114
69 128
83 154
99 192
84 164
90 176
45 88
17 34
61 122
51 103
90 182
33 69
89 193
70 153
80 179
86 193
46 105
34 78
86 199
44 103
57 136
5 12
25 61
35 88
59 149
65 165
18 46
41 105
32 82
47 121
73 188
71 184
75 196
36 96
34 91
72 193
32 89
68 194
38 109
54 156
46 135
19 56
20 61
39 119
40 124
55 171
51 162
57 183
31 100
31 103
36 121
31 109
52 184
32 115
49 183
33 124
44 167
50 194
11 43
44 179
13 53
33 137
35 156
