9999272093
221 3
157 4
266 8
261 10
249 11
135 6
182 9
242 14
265 16
300 19
65 5
140 12
277 25
215 25
230 28
267 33
72 10
177 25
246 36
261 41
197 33
104 18
259 46
167 31
288 60
166 36
207 45
173 38
95 21
182 42
224 53
240 57
133 32
265 65
286 73
78 20
222 58
186 53
296 86
96 28
151 45
258 82
98 33
247 85
255 89
277 98
73 26
95 35
280 108
230 93
274 4
294 130
139 62
104 47
268 125
152 71
194 91
281 137
139 69
277 139
106 54
222 114
266 138
65 34
102 54
168 90
228 126
68 38
220 123
298 170
291 170
207 123
118 72
49 30
272 170
109 69
238 151
233 149
298 194
219 143
86 57
272 181
18 12
260 175
278 188
241 163
259 176
295 202
188 129
154 63
95 71
121 91
196 149
76 59
196 153
135 106
243 191
99 79
87 70
157 127
157 127
288 233
288 233
241 196
253 206
220 180
235 193
247 206
188 157
277 241
293 259
292 259
244 218
249 223
120 108
178 162
115 105
117 109
175 165
202 193
253 242
228 220
280 271
195 190
114 113
150 149
279 278
119531512 119531261
119531542 119531291
279 195
139062780 139062524
119531517 119531297
139062800 139062547
119531550 119531357
119531531 119531341
139062765 139062549
139062779 139062569
178125292 178125024
139062795 139062598
139062778 139062588
178125269 178125026
178125299 178125063
178125268 178125058
178125280 178125080
119531547 119531416
178125284 178125093
178125273 178125083
178125285 178125065
139062793 139062649
178125287 178125108
256250298 256250043
178125269 178125094
119531535 119531437
119531540 119531452
412500294 412500006
412500292 412500007
139062764 139062669
119531535 119531456
256250287 256250118
139062797 139062708
256250279 256250119
119531547 119531475
256250289 256250136
256250297 256250147
256250299 256250219
139062795 139062717
178125271 178125176
139062796 139062732
256250292 256250178
139062797 139062736
139062764 139062704
178125274 178125215
119531544 119531505
139062798 139062755
178125277 178125222
139062776 139062749
139062782 139062767
256250296 256250276
178125285 178125276
139062793 139062788
139062792 139062789
119531527 119531525
227 227
35 35
256250284 256250286
119531523 119531524
139062797 139062799
178125287 178125297
119 234
211 214
202 208
95 98
166 172
205 215
253 266
251 266
217 230
153 166
155 169
231 257
52 58
51 57
225 257
251 287
129 150
218 256
129 152
180 216
116 141
47 58
186 232
60 77
149 196
122 161
103 141
172 237
21 29
202 279
36 50
163 228
164 236
161 252
179 286
158 254
85 138
173 283
45 75
56 94
38 64
79 134
139 236
106 190
131 236
51 92
136 250
127 239
126 238
143 272
77 148
51 241
123 242
141 285
67 136
74 154
137 287
109 230
85 180
101 215
100 218
111 243
89 201
122 281
15 35
68 159
61 152
49 123
37 96
60 156
81 218
78 210
107 292
104 286
82 227
89 250
101 295
102 298
87 280
82 265
82 276
51 173
68 232
65 222
72 246
67 231
70 249
62 222
47 173
60 233
64 249
55 230
68 293
16 74
59 273
23 111
33 162
46 256
34 194
49 282
42 272
34 231
36 250
11 77
36 285
4 33
33 299
28 276
22 240
13 155
19 238
9 119
11 150
10 179
8 247
1 149
