505853
54 8
41 1
37 1
48 4
77 8
45 5
53 6
99 12
82 10
85 11
39 6
88 14
62 12
75 15
93 19
93 20
51 12
18 5
83 25
98 31
69 23
6 2
88 30
60 21
82 29
70 25
88 33
33 14
62 30
74 36
100 50
48 24
61 31
88 46
56 30
72 42
20 12
62 39
94 60
75 48
81 52
77 51
18 13
49 36
42 35
7 6
96 83
90 78
54 47
95 84
12 11
73 67
94 89
38 36
56 54
30 29
45 44
77 76
65 1
500100 500008
88 94
41 42
75 77
86 90
46 49
15 16
87 93
87 94
23 25
78 87
64 74
74 88
42 50
52 63
43 55
56 75
36 49
21 30
46 66
54 79
10 15
59 89
42 66
48 77
36 59
29 49
39 66
23 40
31 54
43 81
36 69
48 92
39 78
38 81
41 88
39 94
30 73
13 32
32 81
38 99
28 84
5 15
27 88
24 87
13 57
8 36
8 41
12 76
8 51
10 64
13 96
8 86
8 94
8 96
4 59
4 67
1 17
5 93
1 60
1 62
1 93
