9937545160
205 1
204 3
253 4
220 4
216 7
146 5
255 11
181 8
223 10
145 7
167 12
292 21
267 21
228 19
134 12
245 22
256 26
298 32
107 13
196 24
268 33
183 25
148 21
14 2
178 27
185 30
142 24
298 51
103 20
271 53
169 35
158 35
63 14
257 58
217 49
75 17
264 66
63 16
110 28
256 69
278 75
266 72
169 48
232 68
250 75
254 78
237 74
297 93
183 58
141 45
109 35
246 79
192 63
232 77
217 81
79 30
220 84
94 37
143 57
252 103
48 20
251 105
214 90
74 33
167 75
291 134
276 133
150 73
206 101
235 116
202 100
271 135
249 126
290 147
111 58
59 32
212 116
277 153
275 152
169 98
60 35
196 118
149 90
168 102
223 141
296 201
93 64
263 183
276 197
272 195
230 166
220 161
245 180
126 93
187 140
120 92
159 123
282 222
261 207
295 234
151 120
129 103
282 227
264 213
152 126
139 116
252 211
240 203
233 198
185 158
256 220
261 239
182 168
278 257
180 169
199 187
211 199
220 208
246 233
263 253
217 209
67 65
123 120
272 268
290 289
1312500300 1312500051
300 1
1312500300 1312500075
278 288
1312500299 1312500097
6000000300 6000000027
203 203
172 172
273 273
222 246
160 161
100 101
274 277
213 216
226 230
197 201
146 149
246 252
144 149
264 274
271 282
248 260
236 248
216 227
124 131
272 295
254 276
202 222
244 269
163 180
41 79
225 250
96 109
260 297
141 162
192 224
204 239
156 183
150 179
196 239
212 259
225 275
8 10
227 284
185 232
180 231
175 225
200 259
208 273
202 274
56 76
186 256
29 40
129 178
192 265
163 229
184 260
162 234
63 91
171 247
202 293
81 118
204 300
149 220
52 77
188 279
78 117
151 228
80 121
187 288
169 262
107 166
186 289
167 261
183 287
119 189
160 255
163 260
180 289
110 180
130 214
149 246
137 227
175 290
127 212
121 203
162 281
56 99
100 180
82 148
156 284
95 173
133 247
138 258
113 215
136 267
75 150
119 241
53 108
39 82
127 268
36 76
92 199
107 232
119 261
113 251
103 233
19 43
81 192
125 298
80 194
96 240
88 235
70 191
69 199
45 131
82 240
98 287
95 283
83 251
94 291
75 241
55 180
80 270
74 264
66 239
12 44
43 160
69 257
33 133
52 215
69 288
19 83
49 217
40 197
48 239
39 202
17 89
46 247
26 157
26 160
39 265
34 234
18 124
37 256
41 288
33 235
28 200
16 137
27 282
20 235
17 289
5 87
3 64
6 258
2 92
4 278
1 167
1 285
