100006662
93 5
85 9
62 8
97 15
90 17
68 13
35 7
80 16
20 4
99 20
94 20
88 19
85 19
95 25
29 8
100 29
94 28
57 22
96 40
46 20
97 47
39 19
82 40
75 39
80 42
53 28
86 48
58 33
67 40
100 61
67 41
80 49
86 54
73 49
31 21
97 67
73 51
10 7
80 59
37 28
96 73
56 43
86 67
78 61
65 51
64 52
100 85
93 84
124507 124418
112295 112216
112289 112220
124499 124431
112260 112213
197750 197662
148920 148854
124511 124456
112295 112246
124490 124437
197755 197676
112293 112249
197750 197676
112296 112254
148927 148874
197750 197681
124488 124445
124499 124456
124460 124418
197738 197672
112285 112248
112294 112260
148922 148879
197715 197659
124490 124455
197747 197693
148910 148870
112239 112211
148906 148870
124449 124420
197711 197666
295394 295327
124488 124462
197743 197702
112279 112256
112289 112266
197716 197677
295402 295346
295405 295350
295407 295352
295395 295341
197724 197688
124513 124491
490720 490634
148910 148884
124472 124452
295383 295336
124488 124469
295400 295358
197707 197679
148872 148852
124494 124478
490701 490639
112228 112214
124505 124491
148906 148890
197709 197689
490681 490633
295398 295370
881334 881251
490698 490653
295399 295372
112270 112260
124453 124442
124473 124462
490678 490635
148882 148869
295367 295343
881299 881270
490717 490679
881320 881253
490663 490627
490669 490634
490713 490678
881326 881267
490699 490669
881287 881257
881344 881313
881303 881269
490659 490630
881308 881257
1662572 1662507
881342 881298
490669 490644
881350 881304
3225057 3225001
3225096 3225029
1662594 1662557
6350094 6350005
1662590 1662546
3225073 3225018
148885 148876
148900 148891
148909 148900
124467 124460
197711 197700
112229 112223
112291 112285
295339 295324
295394 295380
112266 112261
490660 490639
881318 881291
881343 881316
197743 197737
881288 881262
490697 490684
490645 490633
490661 490649
1662573 1662538
881297 881279
295388 295382
1662572 1662540
490657 490648
112282 112280
295333 295328
1662529 1662502
3225066 3225015
3225051 3225001
3225098 3225049
1662547 1662523
148884 148882
1662576 1662556
6350082 6350009
3225038 3225002
3225069 3225034
3225044 3225012
124501 124445
3225061 3225029
881259 881251
3225033 3225004
112271 112270
881307 881301
1662522 1662514
197725 197726
490634 490641
112248 112250
197680 197685
