6000053865
296 26
275 7
281 8
272 4
121 8
244 20
238 20
122 11
265 24
236 23
79 8
265 27
269 28
201 24
178 22
244 31
97 13
258 38
194 30
218 36
270 45
124 21
144 26
209 38
252 47
122 24
147 29
271 54
198 40
294 62
128 28
259 58
296 68
140 33
279 67
129 32
131 33
124 32
181 48
285 80
299 84
162 47
223 66
203 61
171 52
277 91
294 97
211 70
235 79
276 94
198 69
40 14
161 57
254 90
260 95
250 93
136 52
130 50
13 5
264 104
264 108
44 18
221 93
198 84
226 96
108 46
181 80
154 69
279 126
185 84
215 98
300 138
89 41
137 64
279 133
187 90
259 126
269 132
225 112
298 149
202 102
128 66
60 31
79 41
175 91
145 76
281 148
291 155
116 62
254 136
221 119
254 138
162 89
283 157
295 164
43 24
260 146
298 168
266 150
114 65
156 89
113 66
35 21
125 75
278 168
130 79
138 84
285 175
260 160
157 97
257 159
177 111
195 123
73 47
238 155
38 25
205 135
249 164
236 156
257 170
251 167
245 164
298 201
299 205
257 178
177 123
167 117
182 128
176 125
295 210
268 192
232 167
292 212
216 157
266 196
273 202
251 187
275 208
70 53
215 163
81 62
270 210
210 164
195 153
256 201
251 198
280 222
292 233
295 236
265 213
90 73
266 216
267 221
251 209
83 70
265 224
65 55
228 194
170 145
240 207
228 197
294 257
266 234
282 251
134 120
72 65
217 196
189 171
67 61
269 248
199 185
285 268
187 177
74 71
241 232
256 250
284 280
259 258
192 10
6000000300 6000000214
284 289
91 136
210 211
159 160
257 261
265 271
87 91
205 215
237 249
200 211
107 114
153 166
185 201
55 60
259 284
264 291
249 275
212 235
85 96
184 208
247 280
133 151
86 99
45 53
140 168
205 246
110 134
176 217
197 245
123 156
172 220
143 184
143 185
177 229
209 276
173 231
207 280
178 241
143 194
185 251
210 285
121 165
71 97
204 283
146 205
192 275
51 74
152 221
138 201
148 218
164 244
139 207
34 106
96 145
49 76
141 223
170 269
128 203
174 277
81 129
51 82
166 269
8 13
74 121
108 177
170 281
29 48
168 283
170 287
98 171
139 243
4 7
138 242
113 199
61 111
83 152
129 244
116 222
124 240
112 219
144 290
49 99
97 197
41 84
139 285
142 293
142 295
57 119
105 221
128 271
70 150
111 239
94 204
116 255
47 104
124 276
56 125
97 224
122 282
103 239
64 149
66 155
115 278
40 101
40 102
99 254
114 295
49 128
28 76
85 231
66 180
29 81
89 251
87 249
98 283
95 280
84 257
36 119
55 184
76 259
49 170
81 282
13 46
75 281
44 171
51 200
70 276
57 236
17 73
21 91
43 188
43 191
13 58
17 77
40 184
22 107
56 280
22 111
42 217
41 220
25 146
24 146
17 104
32 196
30 201
31 214
11 83
37 291
31 246
13 105
35 296
31 276
24 215
29 265
13 120
7 68
26 254
17 181
10 109
21 229
23 255
12 134
24 277
7 83
20 260
21 284
9 123
3 43
16 271
17 298
11 211
15 294
13 274
7 160
10 283
1 30
2 157
1 179
1 184
1 242
1 272
