10000008124
136 3
211 7
206 8
204 9
174 11
91 7
229 42
235 45
152 38
220 59
37 10
281 87
270 94
223 79
269 102
51 20
124 53
241 107
238 110
183 86
52 26
206 104
33 17
270 148
32 18
178 109
109 70
280 189
199 137
156 108
40 29
281 205
272 200
212 156
169 127
276 208
263 199
280 213
197 154
216 169
272 213
290 228
80 63
244 199
239 201
84 74
296 261
290 258
297 274
258 240
280 261
244 231
226 217
222 214
1152820 1152596
1610624 1610411
2220999 2220802
2220906 2220721
1610635 1610505
1152726 1152651
1305379 1305306
2220876 2220753
5883106 5882936
5882965 5882841
10765804 10765662
3441515 3441471
10765792 10765703
10765919 10765834
20531403 20531256
20531389 20531269
10765901 10765851
40062650 40062543
79125234 79125110
109 43
40062703 40062669
79125119 79125053
313500209 313500046
79125050 79125021
313500183 313500093
626000236 626000076
626000226 626000128
313500247 313500202
1251000199 1251000032
626000148 626000074
313500251 313500216
1251000171 1251000079
157250287 157250042
2501000259 2501000087
20531445 20531472
1251000007 1251000048
108 112
5882900 5882934
218 224
206 214
32 34
172 184
178 193
