9993104063
275 4
231 15
272 26
293 34
114 14
143 18
207 33
288 51
295 61
252 61
300 6
297 89
156 49
56 18
285 99
273 96
116 43
109 41
93 37
291 116
229 92
293 118
112 50
187 92
252 124
185 100
184 104
171 98
115 67
296 174
223 136
71 44
279 176
213 135
178 113
198 136
205 149
292 215
199 153
227 176
165 136
138 116
73 65
112 105
94 90
182 180
19631539 19631295
19631490 19631308
19631438 19631273
19631442 19631284
19631476 19631337
19631482 19631343
19631394 19631265
19631472 19631350
39162758 39162518
19631537 19631425
39162743 39162527
19631545 19631444
19631347 19631251
39162794 39162613
39162699 39162527
39162742 39162571
39162714 39162545
39162669 39162524
39162726 39162606
39162746 39162638
19631442 19631391
78225228 78225037
19631549 19631503
297 84
19631308 19631266
78225279 78225115
78225210 78225054
39162667 39162590
78225166 78225014
78225178 78225028
78225176 78225027
19631303 19631267
156350276 156350015
156350277 156350032
39162639 39162581
19631462 19631436
39162797 39162750
78225089 78225002
39162778 39162736
78225131 78225055
78225256 78225181
156350216 156350085
312600280 312600045
156350225 156350115
78225064 78225016
156350237 156350152
39162704 39162618
39162618 39162569
78225062 78225020
312600285 312600232
156350059 156350002
78225181 78225153
78225036 78225012
39162659 39162649
156350160 156350122
156350077 156350057
78225226 78225217
156350249 156350258
78225218 78225211
156350029 156350019
156350081 156350079
19631525 19631525
312600267 312600269
156350205 156350236
156350078 156350088
78225175 78225183
156350030 156350049
39162736 39162742
156350198 156350225
39162656 39162663
39162638 39162646
156350050 156350094
78225268 78225293
156350006 156350056
156350202 156350255
156350179 156350233
78225129 78225158
168 197
156350050 156350111
78225097 78225130
78225110 78225153
78225145 78225190
78225044 78225089
156350079 156350182
156350104 156350212
156350029 156350137
156350009 156350127
78225141 78225201
39162544 39162575
39162561 39162596
78225006 78225079
156350048 156350196
156350003 156350158
39162551 39162590
156350029 156350191
156350118 156350281
156350057 156350261
39162578 39162630
156350009 156350217
39162568 39162621
78225141 78225252
39162572 39162628
156350035 156350277
78225098 78225226
78225103 78225239
39162687 39162762
78225078 78225231
19631418 19631458
19631400 19631444
78225020 78225204
78225047 78225243
78225069 78225296
19631373 19631433
39162602 39162774
39162583 39162767
19631296 19631395
19631301 19631404
39162528 39162737
19631373 19631495
39162506 39162766
19631324 19631478
19631370 19631529
19631361 19631523
19631282 19631452
19631294 19631485
19631307 19631517
19631323 19631541
19631259 19631480
239 240
100 103
234 247
254 273
210 226
115 128
182 206
107 124
34 124
233 278
190 230
235 291
143 180
118 149
177 225
183 233
86 111
150 195
136 177
165 216
101 133
211 287
176 244
180 250
57 80
133 199
127 193
134 204
171 261
64 99
169 262
68 106
99 156
139 220
130 208
164 264
136 224
85 144
98 171
44 77
85 155
159 291
75 138
17 33
131 259
43 87
142 299
137 289
124 265
95 209
114 251
56 124
118 265
68 157
68 168
87 267
62 235
71 277
56 226
33 183
48 280
42 269
43 281
38 253
24 188
1 8
21 295
10 160
2 34
12 225
10 262
7 251
1 191
