1025809
9091 8924
253 140
3111 3017
5188 4983
5186 4911
3210 3096
5079 4926
5106 4952
5186 4982
3127 3018
5162 5045
3200 3145
3233 3119
3238 3028
269 135
3157 2993
5040 4947
5201 4907
5042 4946
3085 3012
158 32
5181 5034
3099 3025
3134 2989
3161 3035
3068 3018
5076 4967
3236 3096
5150 4950
101 19
278 122
5164 4933
3199 3102
5098 4948
3216 2960
5188 5020
3227 3009
281 120
186 20
5125 4987
273 98
3144 3047
9082 8834
3182 3032
3139 2994
267 231
101 38
260 152
3207 2974
5176 4975
3213 3066
210 41
3212 3117
5118 4937
3248 2970
5053 4952
3212 3021
3147 3010
3045 2961
3058 2965
199 77
99 57
5051 4907
289 80
9108 8912
5149 4996
9066 8917
9057 8876
3247 3093
3200 3108
114 82
211 177
5187 4909
3159 3083
249 151
3057 3002
9039 8889
3244 3153
3172 2971
212 132
3198 3046
5203 4920
3187 3065
5099 4997
191 9
197 53
5112 4911
5114 4984
3209 3103
3125 3050
5145 5043
9016 8858
9047 8852
3225 3001
3122 3036
160 124
9086 8908
9080 8894
270 29
3147 3052
3221 2995
3198 3032
3248 3037
9018 8842
5200 4970
9089 8875
125 62
5119 5034
3251 2996
3192 3017
162 102
3253 3101
5157 4916
78 34
5136 4910
3202 3026
175 16
5184 5083
262 204
242 99
165 114
148 62
179 17
173 90
125 8
9046 8899
272 92
296 67
259 237
146 76
9102 8914
36 15
170 115
262 87
201 77
88 33
99 58
195 152
16839 16648
9043 8932
9013 8890
9050 8929
16847 16636
8965 8820
9013 8896
16881 16715
16836 16668
5140 5074
16837 16637
3125 3076
8987 8878
9108 9003
9029 8900
8948 8832
5029 4961
9018 8909
9023 8885
16877 16660
9029 8922
4984 4907
5187 5118
5068 4987
9009 8869
3094 3046
45 34
90 83
265 246
156 145
274 256
103 97
105 99
203 192
281 267
288 275
3145 3103
5176 5115
3097 3062
5172 5114
5046 4990
5098 5042
5019 4966
5101 5049
8919 8829
5162 5110
3105 3074
5172 5121
9059 8970
16826 16661
3169 3138
5139 5090
3078 3049
16839 16682
5048 5001
8951 8869
8970 8888
16849 16696
3145 3117
32539 32255
16866 16719
8891 8814
8951 8874
9002 8925
16885 16746
8943 8872
8907 8837
216 44
16825 16633
16885 16745
5128 5090
9085 9019
8983 8920
276 276
