100020373
220 1
68 2
239 8
244 10
183 8
290 15
225 12
199 11
294 17
165 10
162 14
240 22
289 32
229 34
195 29
221 33
179 28
106 17
216 35
297 49
213 37
195 34
239 44
183 35
124 24
250 51
274 57
240 50
171 36
158 34
128 28
100 22
227 53
181 43
275 68
145 36
212 55
127 33
256 70
190 52
278 77
259 75
299 90
124 38
261 80
207 64
168 52
242 79
91 30
254 86
288 99
87 30
98 34
232 81
240 85
251 89
243 88
172 64
160 60
181 69
195 78
257 104
264 108
76 32
168 71
116 50
170 74
137 60
294 132
260 118
295 135
283 132
214 101
275 130
289 141
224 110
200 99
115 57
130 65
96 48
138 69
194 98
300 152
196 100
174 89
281 144
152 79
151 79
175 92
193 103
219 118
256 139
240 131
142 78
194 107
204 113
246 139
240 136
288 164
297 171
106 64
61 37
199 121
243 149
114 70
289 178
199 123
269 168
113 71
295 186
263 168
203 130
205 133
129 84
299 195
279 185
192 128
102 68
232 155
218 146
206 138
106 72
237 162
73 50
287 199
209 146
242 171
255 181
220 158
80 58
215 156
290 211
250 182
280 204
185 135
275 201
223 163
109 80
246 183
213 159
143 107
284 213
120 91
265 201
266 204
183 141
248 192
184 143
91 71
79 62
191 152
283 228
203 164
300 243
286 232
284 231
242 198
268 223
298 248
99 83
275 232
111 94
99 84
247 214
279 242
246 214
212 187
270 239
237 210
250 223
234 209
180 163
182 166
203 186
85 78
76 70
219 202
222 205
204 190
15 14
262 247
163 155
241 230
205 196
282 272
171 165
194 3
295 288
145 142
101 100
205 203
166 165
297 296
10003335 10003060
10049111 10048843
241 234
10001054 10000787
10097942 10097683
10012485 10012235
10049078 10048830
13125298 13125034
10390831 10390632
16250291 16250014
29 29
101 101
223 224
199 201
244 250
188 196
