97265038
142 1
220 8
234 9
216 10
173 10
143 9
268 19
151 1
219 18
159 14
56 5
196 18
248 23
269 25
284 29
155 18
293 36
201 25
299 39
263 35
133 18
143 20
100 14
300 44
239 36
159 24
214 33
256 40
211 34
244 45
293 55
85 16
280 53
279 53
121 23
105 21
152 31
225 47
199 42
72 16
138 31
30 7
166 39
200 47
206 15
267 64
109 27
174 44
233 59
271 69
73 19
65 17
290 76
251 67
170 46
209 57
227 62
235 65
124 35
177 52
176 52
74 22
137 41
173 55
264 84
179 58
265 89
178 60
289 98
235 80
213 73
31 11
244 87
137 49
240 86
281 101
266 97
263 97
24 9
21 8
243 94
248 96
159 63
300 119
57 23
286 116
289 118
215 89
129 54
214 90
223 95
218 94
259 112
164 71
131 57
218 97
150 67
293 131
246 111
157 71
212 96
220 100
109 50
207 95
219 101
212 99
122 57
235 110
286 135
277 131
42 20
65 31
180 87
240 117
96 47
129 64
279 66
77 39
252 129
288 150
286 149
124 65
206 108
106 56
195 104
213 114
225 121
77 42
271 148
65 36
226 127
173 99
96 55
178 102
202 117
246 144
244 143
290 170
74 44
94 56
265 158
127 76
235 141
221 133
263 160
275 168
208 128
280 173
55 34
77 48
162 102
30 19
167 107
211 138
267 177
191 130
187 128
259 179
240 166
223 156
268 188
152 76
38 27
87 62
67 48
195 140
135 97
209 152
203 148
261 191
184 137
235 175
222 169
206 157
104 80
222 171
193 149
40 31
152 119
264 208
111 88
204 162
238 189
269 216
223 180
275 222
216 175
127 103
212 172
293 238
241 198
271 224
53 44
208 175
70 59
121 102
288 244
191 163
164 140
291 249
163 140
162 141
181 159
206 181
236 209
195 173
266 238
286 259
152 139
251 230
100 92
168 118
278 256
235 217
282 261
263 244
276 257
60 56
219 207
286 272
269 258
284 274
145 140
232 224
110 107
260 253
196 191
174 170
181 177
92 90
200 197
207 204
203 201
203 202
3135291 3135011
3135272 3135011
3135262 3135030
3135290 3135066
3135266 3135070
3135258 3135069
3135298 3135112
3135236 3135066
3135199 3135030
3135220 3135056
3135270 3135106
3135209 3135051
3135233 3135086
3135192 3135060
3135275 3135144
3135286 3135155
3135241 3135114
265 244
3135213 3135073
3135262 3135155
3135294 3135212
3135279 3135206
3135197 3135127
3135275 3135223
3135247 3135198
3135279 3135242
3135242 3135206
3135249 3135219
3135287 3135258
9 9
3135246 3135246
3135211 3135222
287 290
3135253 3135291
228 236
185 186
256 260
235 239
164 168
199 205
142 195
275 285
215 224
189 197
186 194
132 138
215 225
280 294
137 145
269 286
242 260
132 144
218 241
213 236
96 107
33 37
85 96
133 151
192 218
127 145
82 94
208 239
140 161
233 268
205 236
150 173
141 164
242 284
34 40
55 65
121 143
212 251
224 267
186 224
138 167
130 158
181 221
58 71
123 151
240 295
145 179
185 229
117 145
197 247
202 256
193 247
196 252
200 258
207 268
132 171
144 188
70 92
78 103
169 225
30 40
102 136
188 251
158 211
180 243
194 263
198 270
88 120
151 207
59 81
101 205
80 110
181 251
191 266
145 203
117 165
119 168
177 250
144 208
196 284
92 134
94 138
147 217
195 288
144 213
140 208
196 293
141 211
136 205
192 290
113 172
166 255
123 191
145 227
174 273
31 49
172 272
128 204
151 242
92 148
82 132
117 192
83 137
84 139
129 216
53 89
163 274
29 49
117 198
141 241
137 235
72 124
102 176
172 297
97 168
131 228
140 244
114 203
78 139
160 292
75 137
35 65
157 293
147 279
56 107
70 134
122 235
73 142
146 285
146 291
62 124
133 267
131 263
105 213
43 157
45 92
59 121
73 150
116 239
86 178
129 268
48 102
117 250
101 220
133 292
35 77
135 298
48 106
82 182
119 266
116 262
101 229
10 23
125 291
106 248
52 122
54 129
102 245
61 147
123 297
82 201
82 201
107 264
112 280
80 202
93 236
58 149
66 170
108 279
51 132
56 146
21 55
61 162
68 182
42 116
80 222
107 299
88 247
97 274
10 29
81 236
94 285
94 285
90 273
78 241
75 235
87 275
62 197
49 158
85 277
88 290
56 187
63 215
43 148
74 256
74 258
45 159
61 218
48 175
80 295
45 166
32 122
37 145
39 154
49 200
63 258
63 259
61 259
66 285
25 109
31 141
20 92
42 195
43 202
53 251
46 222
56 282
59 300
27 138
8 41
39 208
41 220
33 179
33 182
33 187
40 227
50 287
32 184
51 295
12 71
46 273
43 266
15 97
32 209
16 113
34 254
27 209
37 290
32 252
27 215
37 300
23 192
12 103
27 234
21 222
19 204
6 70
16 193
12 149
22 281
19 277
17 248
18 267
17 295
15 268
10 201
13 270
7 161
9 225
9 284
5 253
2 252
2 293
