9999890601
247 1
208 1
134 1
287 9
231 9
299 20
148 11
298 30
79 9
223 29
269 45
172 35
271 56
261 55
67 17
134 36
297 82
234 65
219 65
175 54
233 72
206 71
299 106
263 96
216 81
139 53
223 88
223 92
185 77
85 37
294 132
79 36
275 1
106 50
287 143
206 106
242 133
210 119
287 163
180 105
175 110
229 145
139 93
209 143
191 134
219 154
247 175
145 104
186 136
273 207
290 224
204 162
163 132
166 135
184 152
272 233
118 104
183 173
253 240
267 258
220 216
228 224
29531529 29531268
29531498 29531262
29531522 29531290
29531516 29531313
29531512 29531348
49062775 49062507
29531536 29531381
49062781 49062533
29531484 29531338
49062770 49062564
29531393 29531275
49062711 49062515
29531527 29531416
49062743 49062559
49062689 49062512
49062722 49062551
49062731 49062573
49062791 49062641
88125278 88125017
29531493 29531407
29531477 29531397
29531512 29531433
256 119
49062698 49062577
88125283 88125068
88125241 88125028
88125245 88125035
88125253 88125044
49062614 49062503
29531435 29531369
49062698 49062595
88125218 88125033
29531334 29531274
88125272 88125099
49062788 49062692
49062729 49062634
49062747 49062655
49062640 49062555
88125287 88125144
49062671 49062593
166250263 166250010
88125282 88125150
88125250 88125126
166250263 166250045
29531400 29531362
29531522 29531484
49062767 49062706
49062723 49062595
49062726 49062670
88125234 88125134
166250261 166250077
88125193 88125097
49062784 49062732
88125119 88125027
49062705 49062654
49062754 49062704
88125278 88125191
88125115 88125031
166250284 166250126
29531337 29531312
88125178 88125075
88125098 88125021
29531287 29531261
49062682 49062633
29531391 29531366
49062644 49062603
49062774 49062736
88125074 88125001
88125182 88125109
49062654 49062614
49062725 49062685
29531277 29531253
88125076 88125006
166250297 166250170
49062567 49062538
49062699 49062674
49062585 49062562
49062551 49062531
88125034 88125001
29531274 29531265
88125240 88125215
49062714 49062701
88125033 88125012
29531523 29531516
88125226 88125206
88125291 88125271
49062516 49062505
29531526 29531520
166250268 166250242
88125163 88125155
88125079 88125073
166250283 166250272
29531505 29531505
88125263 88125264
29531347 29531348
29531509 29531511
49062621 49062628
49062699 49062710
88125021 88125041
29531311 29531319
29531382 29531392
49062610 49062629
88125075 88125110
88125253 88125297
88125184 88125233
88125094 88125143
88125037 88125089
29531519 29531537
88125049 88125106
29531351 29531519
88125122 88125188
49062758 49062795
49062720 49062760
88125159 88125232
88125213 88125300
88125086 88125174
88125146 88125240
29531265 29531297
49062729 49062783
49062627 49062682
88125186 88125288
88125126 88125233
29531430 29531467
88125013 88125130
49062538 49062607
49062702 49062775
88125034 88125167
88125072 88125206
88125033 88125186
88125107 88125267
88125133 88125297
29531461 29531516
29531414 29531469
29531368 29531424
88125122 88125290
49062653 49062749
29531457 29531516
88125025 88125202
88125043 88125224
29531269 29531330
88125051 88125234
88125045 88125229
29531318 29531380
49062630 49062734
29531279 29531347
29531400 29531476
49062660 49062792
49062533 49062669
29531328 29531418
29531347 29531444
49062597 49062762
49062569 49062741
29531431 29531536
29531423 29531530
29531351 29531460
49062517 49062703
29531260 29531383
49062502 49062710
29531402 29531529
29531396 29531524
29531370 29531501
49062529 49062768
274 277
29531324 29531495
49062505 49062795
29531311 29531537
29531271 29531532
29531276 29531540
175 177
200 214
156 168
255 276
255 282
212 236
63 71
28 32
244 287
36 43
158 213
151 205
181 250
81 112
146 205
141 199
140 200
61 89
163 242
182 276
161 248
166 258
82 130
186 296
106 169
149 251
171 291
158 272
65 113
71 127
120 224
133 251
132 250
142 277
108 211
62 136
76 167
75 165
127 281
50 111
68 163
74 179
107 270
96 274
56 169
72 239
66 225
49 184
40 179
54 253
34 180
53 283
48 294
5 45
16 199
11 238
11 283
7 255
4 157
