100018196
136 6
180 9
198 10
154 12
79 8
106 14
100 15
182 30
81 16
39 8
101 22
177 40
169 39
91 22
153 37
120 30
191 48
187 47
107 28
151 42
198 60
188 60
156 53
174 66
198 76
158 62
173 68
102 42
114 48
83 36
160 75
123 58
168 80
158 77
159 78
107 53
165 93
138 79
84 49
87 51
110 65
20 12
84 51
200 122
152 96
83 54
168 110
152 101
187 127
139 95
131 90
189 131
162 114
193 138
71 53
88 67
120 92
40 31
184 144
174 137
164 130
119 97
168 137
100 82
37 31
105 90
12385 12215
12395 12227
12383 12227
12369 12220
12367 12234
12373 12244
12345 12224
12405 12284
12330 12227
24600 24418
12395 12305
24568 24415
24614 24461
24591 24439
12310 12240
12282 12213
69 28
12279 12217
24548 24450
12360 12311
24516 24426
12298 12257
24599 24518
12407 12368
49022 48869
12243 12209
49021 48888
24604 24542
24541 24480
49008 48888
24544 24486
24545 24487
24603 24546
24614 24559
49014 48906
24545 24493
24566 24517
97851 97663
48933 48839
24590 24544
97852 97670
48924 48836
12288 12268
24479 24440
48990 48913
97844 97695
12279 12261
48937 48868
24549 24515
48999 48936
48995 48936
97815 97700
48911 48855
97769 97659
97842 97733
48932 48879
97814 97720
97815 97723
195507 195333
97811 97728
97842 97762
48976 48936
48981 48941
97743 97665
195506 195357
97817 97743
48921 48884
97837 97764
24480 24462
195489 195346
97749 97679
195503 195365
195478 195345
48932 48899
195469 195340
97715 97658
97749 97692
195470 195361
195458 195370
195464 195377
390810 390638
48893 48872
195425 195353
390800 390659
390806 390665
1562694 1562501
24560 24432
781409 781263
195493 195425
97766 97732
97686 97657
390756 390642
390742 390634
195405 195352
390729 390629
390752 390652
195441 195391
390768 390680
390723 390636
390790 390704
390785 390700
390817 390733
390717 390634
390717 390636
390765 390684
390786 390708
195454 195415
195370 195332
195450 195414
390779 390708
390797 390727
195353 195319
390715 390650
781409 781285
390761 390700
781406 781303
390674 390629
195366 195344
195333 195313
781387 781309
781436 781360
781375 781303
781431 781361
390733 390700
781404 781341
390695 390664
781412 781350
3125132 3125002
390777 390640
1562641 1562529
781429 781368
781441 781387
390714 390688
781388 781349
1562616 1562541
1562619 1562551
1562657 1562594
3125127 3125009
1562630 1562576
1562658 1562605
3125142 3125044
195352 195346
1562580 1562536
3125170 3125086
6250182 6250015
3125135 3125052
1562575 1562535
195323 195318
6250175 6250020
6250194 6250039
6250172 6250022
1562663 1562541
3125117 3125025
1562569 1562525
6250184 6250040
6250161 6250036
