10000018111
171 2
65 1
286 5
217 5
86 2
284 10
139 5
226 9
297 17
271 17
241 16
272 21
248 21
227 20
250 23
266 26
250 25
278 30
41 5
123 15
292 37
159 21
242 38
163 26
139 25
192 39
207 43
191 41
225 49
183 41
142 32
274 62
255 58
255 59
232 57
238 62
208 55
255 68
138 37
252 69
174 48
263 74
271 82
202 62
199 62
266 83
185 58
168 53
281 90
275 90
67 22
81 27
234 80
84 29
240 83
270 97
275 100
109 40
143 54
142 54
204 80
284 121
245 105
262 113
257 111
166 72
232 105
207 94
247 113
296 136
132 61
128 60
229 108
127 60
280 136
170 83
108 53
241 120
284 142
143 72
263 135
119 62
283 149
279 147
110 58
83 44
155 84
278 151
233 127
195 109
86 49
239 139
263 156
273 164
201 122
87 53
187 116
216 136
122 78
157 101
87 56
219 142
225 147
190 125
245 163
199 133
82 55
134 92
297 207
256 180
287 204
228 166
268 196
198 145
224 165
292 220
283 214
283 214
67 51
242 190
160 128
273 220
142 116
247 203
194 161
255 213
265 4
166 141
110 95
79 69
283 253
224 203
219 201
161 148
275 255
84 78
201 187
149 139
205 193
87 82
217 205
259 247
273 264
257 251
115 113
248 245
298 295
1002441705 1002441416
1000076569 1000076300
1019531546 1019531275
1000076573 1000076310
142 120
1000076567 1000076316
1039062747 1039062503
1001220925 1001220713
1312500286 1312500053
1625000263 1625000046
59 59
198 199
67 69
232 239
