1010273
80 35
96 7
32 2
49 13
30 9
96 59
66 7
29 12
85 7
24 12
86 47
81 11
73 34
26 4
65 32
71 15
83 39
38 6
60 16
31 7
67 3
26 6
80 24
61 23
57 27
54 33
78 28
43 13
44 4
48 29
75 15
100 31
75 16
97 55
52 26
88 54
76 41
74 7
100 9
82 48
77 35
90 7
88 28
70 20
89 50
34 3
76 41
70 18
61 17
37 19
43 12
55 32
91 36
72 27
12 3
61 1
97 30
15 5
79 45
99 31
64 9
84 13
96 52
66 21
4 1
43 14
49 25
63 21
41 15
76 37
77 47
87 32
89 46
39 20
25 10
75 24
77 2
70 43
25 6
92 21
58 17
46 5
54 33
56 23
43 23
90 17
18 8
94 29
30 10
83 42
91 5
88 37
26 12
71 17
96 45
73 37
76 59
77 53
76 53
5001 4909
71 52
59 39
91 74
87 55
3043 2959
95 79
99 65
3047 2965
97 72
3014 2958
93 77
3046 2969
89 69
77 54
63 51
80 53
78 64
84 62
99 75
3033 2970
3023 2973
3044 2993
3050 2983
3034 2982
3042 2965
3049 2991
3023 2958
3019 2966
87 58
87 60
75 52
74 55
82 53
68 48
63 47
93 68
53 34
82 56
75 49
84 71
79 66
88 57
98 85
88 59
81 61
70 45
32 20
59 40
16711 16639
4967 4939
4988 4920
4993 4922
4996 4948
4941 4917
4968 4916
4999 4929
3034 2997
3051 3014
3039 2998
3042 2993
3028 2989
2996 2969
3040 2994
3024 2995
3006 2980
3020 3002
3032 3014
8874 8843
16704 16633
5006 4986
16698 16631
16705 16643
16712 16653
16702 16638
8877 8840
8854 8820
8845 8815
2990 2961
3018 2988
4979 4930
16706 16634
16712 16627
8907 8829
8879 8836
8882 8841
8882 8842
8898 8825
16710 16637
8889 8832
8878 8826
3032 2993
8857 8814
8873 8829
8891 8820
8882 8821
8911 8846
8894 8853
8878 8813
4980 4925
4973 4938
4949 4909
5001 4934
4984 4962
5003 4946
4971 4934
4961 4920
4956 4919
4944 4907
4999 4955
4944 4918
4946 4920
4998 4921
4964 4913
4967 4936
4961 4923
5001 4958
4973 4938
4967 4928
8 5
23 15
12 8
15 10
17 12
38 27
24 18
38 31
45 38
82 71
40 36
42 38
60 55
99 91
39 36
67 62
54 50
92 86
91 86
40 38
89 85
68 65
78 76
82 80
87 85
46 45
96 94
48 47
53 52
73 72
3040 3026
5005 4987
4999 4982
8871 8841
8885 8855
2999 2989
3040 3030
8900 8871
4984 4968
8875 8847
4946 4931
16710 16661
8860 8835
16694 16647
16696 16649
16711 16664
8899 8875
5001 4988
16719 16676
16668 16626
2985 2978
32350 32278
8849 8830
16672 16637
16683 16645
82 40
3004 2998
3036 3030
16676 16645
16690 16659
8861 8845
8877 8861
2963 2958
16698 16670
16709 16681
16685 16651
32346 32285
32342 32273
2984 2979
3033 3028
8833 8821
2980 2976
23 23
20 20
70 70
96 96
50 50
56 57
