9999770882
142 7
177 16
196 20
114 7
63 7
107 19
123 22
100 19
9 2
22 5
196 48
48 12
28 7
65 18
172 50
110 33
56 17
108 33
152 47
75 25
98 34
175 62
151 55
146 55
190 74
82 37
141 66
183 86
192 96
22 11
194 98
165 85
192 99
187 20
182 96
139 75
109 63
43 26
142 87
110 68
132 82
173 112
184 120
113 74
116 79
56 40
130 93
199 146
39 29
163 127
161 128
191 153
187 150
162 134
173 144
114 97
170 145
181 157
80 71
189 172
146 133
177 168
106 101
138 136
146 76
1001220886 1001220723
193 193
1009765821 1009765662
1019531448 1019531311
1002441601 1002441524
1625000198 1625000097
1156250195 1156250139
1156250196 1156250151
1009765825 1009765797
1019531442 1019531434
101 103
154 189
99 101
154 162
152 164
134 147
94 107
107 122
128 148
145 194
135 182
50 68
126 172
71 98
82 117
35 50
111 160
85 123
109 161
48 72
107 168
112 177
110 177
100 163
97 160
101 172
23 40
101 178
45 81
71 128
90 167
102 191
40 77
42 81
61 120
53 108
67 140
55 125
82 187
59 137
42 99
82 198
12 29
76 194
34 94
13 37
61 175
36 104
63 184
58 178
58 186
31 103
23 78
49 167
49 172
51 188
43 162
40 171
25 121
4 33
15 125
15 154
8 123
6 103
6 122
7 180
