547382
228 1
237 2
244 3
220 6
179 5
137 4
291 9
284 9
185 7
237 9
26 1
191 8
233 10
176 8
284 13
217 10
103 5
180 12
293 21
211 17
248 20
210 18
277 28
138 14
226 24
284 36
294 39
186 25
89 12
204 29
106 18
235 42
133 24
79 15
254 51
255 53
129 27
105 22
118 25
268 57
155 33
200 43
113 25
226 50
221 49
292 68
229 54
241 59
268 69
236 61
297 77
162 44
142 39
87 24
286 80
256 72
244 70
146 42
201 58
219 66
157 50
294 96
82 27
266 91
172 61
113 43
252 98
71 29
104 43
269 115
198 85
161 71
66 30
284 130
286 139
272 134
169 84
245 124
147 75
259 133
33 17
234 123
173 91
131 72
170 94
138 79
253 145
236 137
231 137
260 155
122 73
128 77
130 79
72 44
18 11
257 159
127 79
264 165
267 169
234 149
259 167
289 192
266 179
278 190
275 188
152 104
136 95
246 173
145 102
285 207
258 188
214 156
185 136
205 151
298 220
292 219
106 80
163 125
155 120
281 223
34 27
281 224
151 122
155 127
61 50
283 234
239 199
156 130
287 241
118 101
295 256
182 158
69 60
201 175
132 116
276 244
60 54
80 72
292 266
129 118
287 264
105 97
273 253
239 224
200 188
286 270
258 246
280 268
98 94
28 27
279 275
61 59
243 242
139 1
500309 500295
282 294
37 37
139 176
222 223
93 94
181 183
86 87
81 82
198 203
147 151
110 113
158 164
251 263
275 291
255 272
216 233
221 239
193 209
174 190
108 118
225 247
222 244
104 115
191 213
119 134
106 120
185 210
185 211
220 255
181 210
157 183
208 245
209 255
131 160
233 285
231 289
159 200
77 182
137 174
229 291
156 203
209 275
223 294
167 223
103 138
173 232
143 194
75 102
170 232
184 252
134 187
64 90
65 92
123 175
70 101
132 198
116 176
177 269
196 298
168 259
192 296
175 274
119 187
149 237
98 156
179 290
64 104
156 254
175 286
167 274
105 175
158 267
112 191
106 184
123 219
72 130
126 228
159 289
154 281
101 187
88 164
140 265
107 203
123 239
76 150
147 292
105 210
28 56
117 238
130 265
22 45
96 199
35 74
94 200
15 32
94 206
57 126
93 207
94 210
55 123
98 227
122 283
53 127
59 144
72 176
114 280
98 245
40 102
108 280
101 263
25 66
13 36
105 291
38 120
73 236
87 285
54 177
7 23
70 237
54 183
12 46
23 91
45 180
56 230
61 251
19 81
26 116
58 261
54 247
42 196
26 122
23 108
51 240
34 161
9 44
52 262
10 54
52 285
16 89
38 232
24 147
37 230
18 129
30 222
39 291
26 213
35 292
33 280
14 119
27 236
13 115
29 270
14 157
24 272
23 270
11 158
19 281
10 157
10 232
11 274
11 278
11 292
3 88
6 213
1 199
1 216
