998716
210 12
250 18
171 13
233 21
242 24
119 14
218 27
173 23
207 31
133 21
159 27
295 51
187 37
185 3
230 53
198 46
235 58
139 35
99 27
206 60
227 69
216 80
227 88
166 66
248 109
286 126
147 70
297 152
105 54
215 111
247 130
291 154
280 150
134 74
277 167
68 41
52 32
280 181
228 148
235 153
153 100
183 120
296 196
285 189
239 52
121 83
214 152
194 140
110 81
19 14
268 199
247 188
142 111
268 210
260 206
254 209
181 157
277 243
190 173
155 142
196 180
183 171
31633 31364
31634 31378
31623 31387
31611 31382
31622 31423
31648 31456
31609 31436
149 101
31620 31447
31650 31582
31619 31471
31611 31464
31611 31465
31634 31500
31640 31508
31610 31482
31624 31511
31616 31517
31612 31545
31613 31560
31612 31566
31634 31592
31650 31615
31641 31609
31625 31595
226 252
31627 31629
31639 31627
31619 31612
31623 31616
31611 31619
31630 31641
31623 31640
221 277
183 187
171 179
154 164
78 84
196 216
205 252
80 103
217 282
161 210
160 216
110 149
185 253
146 201
198 290
147 233
152 244
133 220
104 178
54 93
167 296
154 273
168 299
107 197
103 190
136 254
26 49
144 284
139 287
111 246
67 160
121 294
99 250
110 282
100 293
90 291
77 255
67 269
34 143
12 51
50 250
35 193
34 190
33 201
25 182
16 120
6 45
24 211
7 69
22 238
24 292
20 271
14 220
11 176
2 61
7 264
