99880992
291 1
156 2
274 5
264 7
233 8
300 13
208 13
227 18
173 14
289 25
298 30
158 16
202 27
191 26
278 40
75 11
261 40
78 12
6 1
284 49
156 27
189 33
152 27
94 17
220 40
159 29
297 55
283 53
292 56
151 30
280 60
129 30
245 58
261 64
243 60
191 48
244 64
213 56
191 52
293 82
227 64
63 18
300 86
250 74
290 2
156 48
101 32
43 14
131 43
263 88
98 33
275 94
251 88
166 59
67 24
152 55
295 110
147 55
168 64
230 88
248 96
284 110
190 74
61 24
45 18
277 116
290 124
284 124
217 101
268 125
199 94
210 101
191 92
298 144
167 84
239 124
71 37
108 57
216 116
210 113
92 50
150 83
250 140
257 144
248 141
107 61
140 80
230 134
116 68
236 139
122 72
198 117
142 85
222 136
150 93
286 187
261 173
159 107
116 79
235 165
79 57
111 81
286 210
133 98
164 121
145 107
229 170
272 202
160 119
276 206
172 129
298 225
37 28
151 116
225 173
208 160
106 82
284 220
94 73
182 143
156 124
256 78
206 166
183 148
132 108
220 181
209 173
212 177
286 239
290 243
200 169
297 252
197 168
52 45
258 224
83 74
279 251
177 160
190 172
253 231
278 257
169 158
197 185
235 223
178 169
151 146
201 196
170 167
189 187
212 210
195 194
195558 195320
195599 195372
247 197
195466 195326
390910 390644
390922 390669
195550 195425
390883 390637
195487 195364
195444 195327
195441 195326
390917 390689
195547 195434
390867 390648
195589 195483
195454 195350
195582 195478
390867 390661
195443 195344
195456 195358
195446 195349
195604 195509
390822 390651
390819 390668
390782 390636
195385 195313
195612 195540
390848 390707
195465 195396
390824 390704
390813 390698
781546 781317
781527 781303
195605 195549
390803 390696
390907 390802
195511 195349
390874 390773
781532 781344
390724 390632
781507 781323
781452 781274
781484 781307
390790 390710
390826 390746
195355 195317
195392 195354
390918 390847
195601 195566
781414 781275
781512 781385
781487 781366
781535 781414
195433 195403
195344 195315
390692 390634
1562760 1562536
781460 781350
390707 390654
781520 781420
781442 781344
781457 781360
1562760 1562572
390681 390636
390824 390779
781517 781308
390911 390869
781540 781460
781524 781450
1562740 1562594
1562756 1562610
1562713 1562576
1562764 1562629
1562726 1562595
195401 195385
1562661 1562534
390672 390641
1562766 1562642
781407 781345
390749 390721
390791 390766
1562755 1562582
1562789 1562696
390883 390870
1562778 1562703
781355 781314
781351 781311
390781 390762
390716 390698
1562720 1562654
781501 781470
1562706 1562646
1562772 1562718
781361 781339
1562752 1562711
390741 390732
1562731 1562697
1562709 1562676
195533 195529
781534 781533
1562683 1562660
781358 781349
781400 781394
1562797 1562792
781416 781415
6 6
781451 781465
781420 781426
781374 781386
1562768 1562797
781504 781520
390673 390681
1562748 1562787
1562682 1562728
781399 781426
781375 781404
390718 390826
195603 195612
781399 781437
781383 781425
781348 781399
390830 390856
781421 781475
1562684 1562792
781482 781547
195519 195537
390781 390818
195565 195584
781344 781420
390776 390819
195524 195546
781398 781493
390707 390761
195453 195481
390782 390841
781424 781542
195452 195482
390782 390851
195401 195438
390801 390875
390684 390758
195471 195510
781363 781520
781362 781523
195554 195595
195385 195426
781367 781533
195332 195375
195350 195397
390813 390915
149 212
390789 390900
195552 195608
390677 390792
390683 390802
390784 390920
195485 195554
390680 390833
195485 195587
195423 195537
195373 195487
195409 195533
195400 195558
195397 195558
195375 195536
195384 195558
195349 195523
195393 195604
195349 195575
195333 195580
203 205
112 114
237 243
182 187
250 257
289 300
267 283
263 280
279 298
253 271
190 204
258 283
256 284
178 198
231 263
171 196
224 259
209 242
213 248
133 155
141 166
131 156
220 262
90 108
28 34
146 179
203 249
149 183
157 194
222 276
207 264
26 34
164 215
114 152
105 140
210 284
188 255
214 293
100 137
198 276
47 136
206 296
135 194
166 239
116 172
165 254
85 131
101 156
162 252
94 147
83 131
106 168
148 240
159 258
109 179
66 109
32 53
47 78
172 287
97 163
111 188
125 216
86 149
97 170
93 163
158 279
76 135
113 204
163 296
28 51
91 166
149 276
78 146
77 148
113 218
130 253
48 94
111 218
146 287
83 165
115 230
140 282
147 299
83 182
88 194
88 195
125 281
103 235
129 295
128 297
49 115
74 178
102 246
115 283
16 40
36 94
108 284
97 257
62 166
66 178
78 211
54 153
66 189
69 198
56 162
77 224
77 231
50 151
92 279
93 285
77 243
68 218
72 231
64 206
58 188
60 199
81 291
62 223
77 283
47 175
30 119
26 105
45 184
34 142
36 159
32 142
61 272
48 221
38 175
42 196
46 215
52 253
60 300
25 134
49 284
44 257
16 95
45 300
11 74
36 250
34 259
22 174
22 195
20 193
19 188
19 190
7 73
17 184
19 212
18 205
21 273
10 132
14 202
12 174
8 128
18 299
12 253
12 259
9 200
6 144
8 205
5 152
4 123
3 93
2 76
3 169
3 172
3 253
1 86
