9999848638
229 3
118 3
70 2
285 9
240 8
297 10
166 6
217 8
222 9
97 4
183 8
157 7
288 13
243 11
66 3
283 13
171 8
270 15
89 5
246 14
129 8
223 14
293 19
231 16
259 19
144 11
167 13
295 25
289 25
215 19
290 28
290 28
93 9
183 18
264 26
226 23
257 31
171 21
297 38
265 34
260 39
163 26
228 37
141 23
189 31
278 46
288 48
124 21
295 50
245 42
64 11
237 43
284 52
215 42
86 17
189 38
103 21
165 34
213 44
290 61
290 61
268 57
181 39
248 54
292 68
277 65
102 24
93 22
59 14
152 37
117 29
220 55
273 69
261 66
78 20
224 58
199 52
181 4
247 66
276 74
256 69
181 49
167 46
134 38
281 80
270 77
150 45
262 81
122 38
275 86
222 70
174 55
233 76
299 98
220 73
247 84
181 62
250 87
209 73
212 75
209 74
160 57
287 104
229 84
227 85
88 33
254 96
271 103
199 76
238 91
162 62
144 56
215 84
120 47
74 29
274 109
211 84
223 89
298 119
222 89
284 114
239 96
236 95
176 71
148 60
107 44
158 65
211 87
207 86
217 91
277 117
147 63
132 57
287 124
217 57
122 53
18 8
245 109
298 133
272 122
259 118
285 130
152 70
180 83
192 89
179 83
172 81
232 110
98 47
81 40
196 97
297 147
137 68
239 119
278 139
285 146
182 94
83 43
239 124
258 134
21 11
253 135
138 74
109 59
225 122
59 32
189 103
75 41
222 122
198 111
262 148
69 39
263 149
254 144
160 91
292 169
240 139
248 145
287 168
145 85
264 155
193 114
160 95
138 82
145 87
171 104
270 167
218 135
276 171
192 120
131 82
236 149
185 117
284 181
247 159
262 169
269 174
137 89
248 162
284 188
188 126
171 115
141 95
184 124
99 67
276 188
275 119
125 86
164 113
259 179
199 138
164 115
271 191
268 189
191 135
21 15
271 194
64 46
290 209
86 62
220 159
160 116
299 217
118 86
154 113
113 83
230 170
163 121
265 197
106 79
253 189
261 195
129 97
183 138
188 142
237 181
115 88
81 62
112 86
288 224
136 106
299 235
192 152
126 101
237 190
172 138
284 230
109 89
60 49
179 147
169 139
262 216
270 224
148 123
79 66
113 96
246 209
236 201
166 142
184 158
43 37
208 179
262 226
226 195
212 185
220 192
274 241
265 234
216 191
296 262
187 166
200 179
122 110
115 79
33 30
211 192
199 183
204 189
84 78
141 131
288 268
217 202
245 229
63 59
32 30
165 155
205 193
241 227
160 151
273 259
269 257
237 227
259 250
262 257
211 208
220 217
244 221
287 290
1009765917 1009765741
1625000299 1625000134
1002441703 1002441611
1156250300 1156250158
1156250300 1156250216
1004883110 1004883037
1039062792 1039062751
1004883112 1004883077
1001220996 1001220983
182 217
254 255
181 182
136 137
140 142
138 141
71 73
92 95
30 31
274 284
189 196
239 248
78 81
280 291
218 228
270 284
77 81
151 160
143 152
111 118
199 212
272 292
270 291
239 258
216 234
67 73
275 300
179 196
256 281
147 162
85 94
169 189
141 158
255 288
224 253
106 120
158 179
253 287
161 183
241 274
233 265
227 262
120 139
76 89
75 88
106 125
187 222
67 110
83 99
225 269
238 287
245 299
230 282
207 254
229 281
112 138
221 273
232 287
164 203
239 298
214 267
192 241
190 239
157 198
114 144
45 57
111 142
107 137
57 73
39 50
212 272
170 220
216 280
59 77
146 192
110 146
79 105
140 187
99 133
182 245
56 76
180 247
99 136
192 265
186 257
49 68
118 165
63 89
135 192
128 183
183 262
127 182
138 199
92 133
159 234
182 268
203 299
91 137
147 223
189 291
50 77
183 283
113 176
138 217
162 255
55 88
148 238
79 128
177 288
176 288
92 151
32 76
95 156
99 164
164 272
53 88
130 216
154 258
176 295
168 287
142 244
168 289
65 112
170 293
157 271
149 260
60 105
165 289
131 230
128 225
163 287
103 182
88 157
114 206
47 85
116 211
106 194
109 200
101 186
153 282
156 290
51 95
147 275
150 286
112 214
103 198
129 249
120 232
152 296
99 193
149 295
108 215
57 115
128 260
63 128
120 244
81 166
95 198
126 266
52 111
116 250
134 289
139 300
25 54
93 204
96 211
50 110
97 214
123 274
107 239
74 167
95 219
97 227
98 230
30 71
60 255
36 87
116 281
32 78
98 241
111 274
118 292
80 198
106 267
102 258
46 117
27 69
7 18
100 258
70 181
89 232
96 253
104 278
92 246
77 207
42 114
89 242
47 130
77 213
52 147
37 105
62 176
49 141
91 265
72 212
94 277
82 243
90 267
29 87
5 15
38 115
85 261
92 284
56 180
78 251
56 182
46 150
36 120
67 225
50 170
29 100
50 173
74 260
57 201
60 215
54 194
69 251
64 235
37 138
8 30
66 248
65 245
62 235
63 240
52 202
59 232
66 264
59 236
69 284
24 273
34 146
63 276
59 259
64 282
54 240
33 148
26 126
48 233
52 257
34 169
43 219
40 204
45 237
31 166
47 257
32 176
35 193
41 230
46 259
19 107
32 189
38 228
11 66
29 182
31 199
43 278
27 176
40 266
33 221
30 202
42 285
11 77
39 278
39 293
29 221
9 71
31 249
22 178
6 49
21 184
27 237
31 283
29 280
17 185
22 243
19 210
13 156
23 281
10 134
15 202
5 71
18 271
7 114
9 147
6 114
11 251
5 144
7 237
2 82
1 44
4 234
2 151
1 111
1 205
