1007488
696 539
785 672
232 71
294 116
251 145
429 251
276 121
394 261
395 236
189 94
275 111
355 190
394 208
160 67
257 34
319 138
234 144
234 118
238 82
195 92
175 73
194 83
189 86
284 37
7986 7818
15911 15815
4073 3945
4169 4054
684 603
4056 3937
2085 2003
1229 1128
1131 979
1206 1128
1176 1026
88 26
89 33
115 62
142 79
58 36
120 78
157 112
209 155
154 118
179 139
196 156
79 63
151 125
238 204
560 489
180 158
648 576
370 341
258 242
348 329
271 257
2247 2174
1198 1164
2075 2017
429 418
244 238
2000 1955
1033 1017
1269 1251
4096 4054
4140 4099
7983 7927
15812 15738
125253 125065
256 84
62665 62563
62787 62616
62675 62546
15870 15826
15806 15777
125126 125018
62693 62643
15721 15670
62652 62585
31496 31349
250269 250088
15914 15905
19 30
