1040450
176 63
197 103
1368 1171
1129 1097
1373 1295
1290 1235
1345 1132
1261 1216
1178 1136
1369 1192
1294 1201
1204 1184
1281 1228
1348 1151
1338 1230
140 107
1222 1083
1222 1126
1373 1260
1151 1113
1314 1152
1311 1096
1218 1166
1359 1233
2275 2235
1213 1107
1323 1187
2246 2071
2351 2084
1311 1196
1137 1103
2340 2287
2330 2167
2143 2084
2311 2211
2319 2167
1237 1173
1264 1105
1316 1084
1371 1168
1276 1105
1160 1108
2234 2100
1224 1078
1247 1169
1314 1200
2262 2067
2125 2093
797 740
2327 2183
815 795
746 615
735 686
2119 2076
867 729
728 593
868 823
883 661
817 648
2196 2085
788 616
2315 2263
2309 2135
2282 2122
887 747
2321 2186
2300 2081
813 674
763 638
884 863
266 243
2349 2138
757 641
2195 2107
2245 2200
734 703
656 626
2285 2173
854 838
704 609
2214 2156
813 761
740 685
2125 2099
833 806
723 617
888 787
701 598
295 6
2151 2119
247 159
2311 2262
4152 4089
4263 4134
720 602
886 782
868 824
863 814
4256 4011
4211 4034
220 83
4205 4167
837 811
4277 4058
4247 4135
4203 4045
882 729
232 136
500 446
277 8
4066 4012
4203 4067
4194 4143
451 385
553 491
4229 4160
4108 4012
518 428
173 116
236 99
4265 4081
4257 4177
419 389
634 563
511 424
461 411
603 552
4095 4047
519 416
4138 4044
4302 4184
623 416
4268 4041
507 414
641 442
4133 4031
576 469
4177 4089
398 364
289 210
132 78
227 29
4245 4043
4238 4084
643 573
4289 4149
4179 4123
442 360
300 21
629 442
616 484
524 390
489 464
247 199
295 36
4177 4022
588 396
4247 4022
4306 4243
503 415
401 381
521 377
430 398
4245 4074
485 266
4085 4013
4262 4199
235 73
489 307
294 49
488 460
399 227
247 99
514 475
222 97
450 265
484 430
310 238
508 427
8104 7987
8172 8026
450 248
8188 8031
211 26
487 408
182 44
98 2
290 29
452 271
487 366
405 244
482 441
8104 7974
8193 7953
8194 8085
288 126
480 364
8094 7915
8157 7947
450 366
341 229
283 238
452 344
8208 7944
246 162
472 301
157 107
485 465
128 14
448 384
238 123
381 360
134 33
172 31
8108 7945
372 336
8098 7925
371 312
496 237
466 300
419 368
259 156
487 272
79 61
205 106
380 286
8210 8017
199 165
161 36
215 176
8124 7980
294 155
154 80
155 2
165 17
118 4
8068 7977
123 77
205 91
226 199
214 27
170 118
256 109
8209 7915
8163 7938
231 139
293 196
15932 15777
16012 15788
15929 15746
15984 15803
93 59
290 197
278 146
159 108
213 144
234 163
293 268
243 149
285 149
298 197
217 159
163 139
203 150
293 14
15957 15789
261 139
218 78
93 59
234 83
249 220
230 7
145 19
227 141
277 147
265 126
54 13
237 63
278 27
16013 15852
264 31
166 27
222 98
15902 15745
146 9
286 199
239 23
120 100
119 105
81 71
263 73
232 200
15968 15762
15988 15757
16019 15731
179 132
219 183
273 170
91 50
148 137
15993 15739
142 112
130 10
251 199
217 13
282 235
239 166
164 145
280 148
194 100
177 48
220 76
277 84
190 113
212 115
221 168
227 10
255 156
270 110
114 76
145 39
190 132
15890 15759
31623 31374
31639 31374
31627 31354
31618 31374
25 19
73 65
72 66
108 99
105 101
283 276
454 445
807 795
1113 1098
417 412
711 703
8098 8026
4130 4094
8011 7942
7982 7914
1203 1193
8041 7975
4264 4230
16025 15900
258 256
31650 31406
15960 15841
4067 4037
15985 15868
31598 31370
15853 15739
31591 31364
4049 4020
8211 8154
15905 15796
31605 31391
1263 1116
356 335
2232 2217
8042 7989
61 61
