1005457
193 8
43 2
191 9
47 3
194 13
182 18
78 8
177 19
192 25
191 26
160 27
185 36
150 30
161 38
103 25
87 24
175 51
151 45
107 33
170 53
60 19
193 63
88 29
186 65
65 23
62 22
120 43
180 65
90 37
103 43
153 65
148 63
108 46
152 73
198 99
107 54
169 90
117 64
192 112
171 100
121 73
159 99
158 102
169 111
150 101
157 106
128 87
56 40
112 81
31 23
191 144
178 136
115 5
135 106
117 92
146 115
104 83
166 133
103 89
177 154
139 129
152 145
183 175
191 184
152 147
177 175
197 154
131442 131253
189 200
162695 162523
350188 350005
350184 350010
146 146
87 87
185 185
111 112
114 116
146 152
144 151
100 108
121 132
142 161
