5010009247
86 46
75 2
83 39
66 5
69 31
92 40
64 26
99 12
69 28
75 30
90 14
66 25
82 14
92 16
69 12
92 16
60 11
78 16
83 31
73 16
53 12
64 17
67 25
85 25
96 29
78 27
95 29
63 21
27 2
23 2
10 1
30 3
15 2
29 4
43 7
46 10
36 10
33 10
25 8
55 20
64 28
68 32
36 17
71 37
76 40
79 43
73 40
39 22
61 37
84 51
51 31
79 49
90 57
29 19
36 24
82 57
40 29
44 32
82 60
68 50
89 66
97 73
81 61
73 55
66 50
43 3
91 71
74 58
56 44
42 35
36 30
78 65
67 56
96 81
71 60
59 50
67 57
76 65
97 83
84 72
84 72
88 77
73 66
43 39
91 84
97 92
39 37
47 45
58 57
55 42
5010000100 5010000024
95 99
49 49
68 68
51 51
61 79
68 70
90 93
84 87
95 99
61 67
91 100
85 95
75 85
87 99
62 71
54 63
57 68
62 74
55 67
18 22
40 49
65 81
51 64
70 88
77 98
54 69
55 72
54 72
28 38
66 96
30 44
49 72
34 50
50 75
55 91
18 32
41 73
52 93
44 81
51 94
30 57
21 41
25 49
24 48
30 60
49 98
24 49
41 84
25 52
10 21
46 97
37 83
38 92
39 96
20 50
27 72
24 69
31 90
15 44
24 72
11 33
25 78
25 78
18 57
11 41
15 57
15 58
9 38
23 99
6 26
14 61
16 71
19 90
13 67
18 94
15 86
12 85
4 29
6 48
5 41
3 26
2 24
3 41
3 42
5 74
4 80
4 95
3 82
1 30
1 53
