9718550872
279 6
138 4
281 9
137 5
188 8
292 15
289 15
173 9
183 12
173 12
214 17
242 21
285 25
178 16
146 14
298 29
268 29
119 13
154 17
226 27
251 32
144 19
208 29
160 23
118 17
158 23
220 33
216 33
146 23
211 35
89 16
185 35
283 54
110 21
159 31
228 45
120 24
222 46
162 34
270 57
71 15
199 43
226 49
265 60
217 51
190 46
161 45
117 33
145 41
275 78
182 55
271 82
204 67
299 99
184 61
281 96
280 101
210 78
223 83
252 94
245 93
187 72
236 92
105 41
214 88
296 125
227 98
250 3
97 44
90 41
219 101
132 62
274 129
222 109
85 42
294 147
295 154
300 159
167 91
180 99
130 72
27 15
278 156
283 159
295 166
296 169
242 139
240 139
164 96
175 108
110 68
280 174
159 101
122 78
118 77
256 169
181 120
180 120
154 103
270 181
196 132
192 130
255 173
297 208
182 128
227 161
258 184
219 159
235 172
108 82
109 85
103 82
141 113
116 51
112 94
138 116
259 218
245 207
180 153
121 103
240 205
189 162
100 86
209 182
149 132
256 227
165 149
283 256
294 266
213 193
281 258
186 171
87 80
179 169
163 154
43 41
156 149
111 107
202 196
258 252
243 239
143 141
81 80
112 111
298 297
313500296 313500014
313500273 313500011
313500288 313500030
268 216
313500288 313500034
313500279 313500037
313500279 313500054
313500260 313500045
313500264 313500049
313500290 313500087
313500299 313500102
313500298 313500136
313500289 313500033
313500273 313500079
313500299 313500224
279 286
313500293 313500174
313500259 313500110
313500270 313500121
313500269 313500121
313500270 313500130
313500287 313500154
313500288 313500169
313500296 313500218
313500265 313500155
313500264 313500180
313500279 313500215
313500266 313500208
313500272 313500223
313500262 313500219
313500269 313500228
313500264 313500246
313500290 313500275
223 230
222 224
166 168
168 172
141 293
188 196
116 122
113 119
170 181
89 95
243 261
172 186
157 173
221 245
249 280
96 108
157 177
158 180
213 244
137 158
64 74
178 206
159 185
254 296
108 127
134 163
52 64
187 235
219 279
43 55
219 282
166 215
173 225
103 135
189 249
75 100
150 205
211 289
121 170
96 136
160 227
119 169
159 230
171 248
203 300
119 187
73 115
139 220
44 70
86 137
112 184
160 267
49 82
106 178
129 217
133 228
120 210
22 39
85 152
53 95
139 261
132 249
112 213
156 298
116 226
103 205
122 243
58 119
45 278
58 121
73 153
71 149
58 122
123 267
64 140
121 265
86 190
81 186
106 244
94 225
83 199
109 266
114 283
57 142
87 217
106 278
107 285
73 195
101 271
38 103
69 192
95 266
99 279
78 221
42 130
12 38
93 300
89 297
55 192
71 255
80 297
66 246
77 288
63 239
68 264
56 238
64 274
58 257
52 236
62 282
53 261
30 148
30 208
25 180
11 81
22 189
24 231
18 185
26 268
13 141
22 293
20 270
18 254
12 176
16 259
14 237
16 276
14 264
12 231
9 184
7 144
4 203
3 191
