5001059335
297 130
206 3
288 116
252 6
286 7
277 104
245 10
290 103
256 87
256 84
202 12
239 15
261 84
261 19
277 86
261 75
188 15
288 23
269 24
265 26
270 73
298 74
270 28
208 22
243 60
262 61
284 64
212 25
289 54
238 30
294 53
288 49
290 43
99 2
64 2
175 9
18 1
72 4
149 10
168 13
115 9
119 12
108 11
141 15
144 16
182 21
160 20
164 22
164 22
37 5
181 25
85 12
87 13
123 20
143 24
196 33
68 12
158 28
53 10
142 29
195 43
203 49
217 53
223 57
79 22
177 51
200 60
59 18
137 42
197 61
31 10
209 71
109 38
162 58
229 84
113 42
242 90
248 94
58 22
203 78
13 5
279 113
54 22
147 60
115 48
83 35
234 106
269 122
292 133
264 121
84 40
132 64
213 104
222 109
300 148
119 59
270 135
229 115
300 152
246 125
247 126
260 133
260 133
120 64
170 91
193 104
179 97
214 116
262 143
275 155
259 146
247 140
215 123
251 146
113 66
193 113
203 119
293 173
140 83
199 118
96 58
296 179
197 120
252 154
274 168
290 178
135 84
108 68
220 140
275 175
297 190
267 172
194 126
209 136
149 98
164 109
278 187
242 163
288 196
287 196
283 195
74 51
271 189
203 143
291 209
290 209
202 147
137 101
234 1
243 182
120 90
285 215
129 98
69 53
48 37
152 118
249 195
120 94
141 111
94 74
236 187
234 186
269 217
99 80
289 234
186 151
141 116
235 194
300 249
247 206
151 126
201 170
221 187
202 171
242 207
84 72
154 133
194 173
198 177
187 168
50 45
108 98
164 149
253 230
296 270
242 221
127 116
237 217
146 134
280 260
298 278
124 116
243 229
247 233
249 236
290 276
219 209
224 214
184 176
248 238
85 82
292 285
63 47
5001000300 5001000067
274 276
151 153
246 247
201 203
177 291
268 272
243 248
246 253
65 67
212 219
245 257
108 114
105 111
248 265
218 233
240 261
266 292
101 112
73 81
148 165
121 136
243 275
232 268
58 67
245 286
205 240
200 236
192 227
183 218
163 198
170 213
222 279
97 122
72 91
74 94
120 156
158 207
189 249
105 139
195 259
198 268
110 149
36 49
16 22
133 183
146 201
217 299
126 174
69 97
152 217
173 247
161 231
199 290
48 70
149 219
89 132
135 202
167 253
161 250
119 185
140 218
55 87
125 201
24 39
83 135
108 176
130 212
136 223
63 199
121 199
96 159
124 208
66 111
89 150
165 280
30 51
115 196
90 154
136 234
139 241
146 255
95 166
155 271
123 216
65 116
89 159
103 189
61 113
103 192
92 172
101 190
149 282
131 250
103 198
14 27
76 147
148 290
42 83
118 235
80 161
96 200
141 294
139 292
119 251
91 198
134 295
70 157
55 124
128 296
107 250
88 209
99 236
117 285
87 213
85 210
101 254
109 276
104 278
101 273
99 274
97 272
57 160
97 274
85 242
99 282
15 43
59 172
96 291
79 242
68 212
44 138
72 226
23 203
48 154
91 295
64 213
58 194
48 161
69 238
39 135
27 94
40 142
60 214
45 167
66 246
69 260
41 158
50 194
49 192
18 71
49 200
64 262
69 288
32 134
32 142
64 286
51 242
21 103
37 186
43 222
50 268
20 108
39 218
39 228
47 288
24 153
13 88
42 298
39 289
24 179
37 285
27 212
34 272
27 234
25 222
26 251
13 128
19 190
13 136
9 110
4 50
22 281
11 141
12 160
22 297
17 255
10 153
12 208
15 284
10 206
11 228
7 146
12 265
7 174
9 244
3 152
1 93
