50123633
300 105
289 84
288 12
270 52
266 15
235 33
297 25
271 24
262 24
274 29
261 25
125 3
106 5
101 7
141 13
89 9
160 17
192 30
88 15
89 17
86 19
229 52
153 38
176 45
200 56
221 62
193 59
121 38
117 39
256 95
216 86
72 29
259 106
80 33
60 25
232 102
258 116
198 90
224 104
295 140
125 60
280 136
287 8
116 58
230 115
160 80
155 80
135 70
74 39
299 166
189 106
46 26
235 142
177 108
111 69
179 114
240 175
293 214
164 125
237 181
285 222
227 178
274 223
116 95
218 183
168 142
151 129
210 185
298 267
69 62
238 216
49 45
215 198
128 119
272 256
122 118
159 154
280 137
50100300 50100184
290 296
133 161
234 236
162 164
257 262
226 234
66 69
240 252
275 290
243 259
176 195
25 28
194 218
246 282
122 143
229 271
130 155
67 95
74 90
65 80
207 279
164 227
212 300
115 165
167 240
175 254
163 243
137 208
152 242
183 298
145 237
112 184
148 249
100 172
151 264
108 190
153 270
144 271
139 265
58 118
144 296
49 104
105 226
129 288
124 279
39 92
116 282
64 157
48 121
99 255
86 243
69 201
100 300
50 155
60 206
40 139
56 195
52 182
15 55
58 213
16 59
51 203
56 254
28 132
42 207
5 26
37 196
29 154
30 171
25 191
31 243
13 133
23 240
15 170
13 166
8 108
20 291
17 266
3 52
5 88
10 283
5 237
