1012469
2051 1966
33 31
73 36
36 7
80 7
76 62
64 47
66 57
99 84
87 34
11 4
19 12
86 34
89 63
61 6
81 2
41 34
62 59
94 40
89 23
23 9
82 52
81 17
76 43
85 73
63 2
16 10
21 20
78 35
94 2
83 54
43 29
35 4
87 26
66 21
66 19
82 36
93 78
88 45
21 2
100 65
84 7
85 32
24 9
93 37
72 5
82 72
22 4
36 1
90 54
62 49
90 67
26 14
52 22
95 50
27 13
60 20
44 33
47 26
58 48
66 58
92 54
99 85
95 45
98 65
74 58
31 28
86 2
70 5
83 36
73 16
61 26
28 5
60 19
52 16
67 36
57 49
87 34
84 11
97 93
80 18
90 4
55 20
56 42
98 13
33 25
25 22
17 9
75 46
22 7
57 23
70 53
85 13
83 4
55 17
46 37
97 17
68 15
100 95
35 26
27 1
95 58
71 25
58 3
85 77
98 65
57 44
67 52
43 21
69 43
54 11
75 31
69 14
69 56
54 19
98 62
21 9
47 15
37 5
56 16
52 1
59 44
96 27
40 16
49 42
43 34
92 59
83 63
93 79
58 47
86 30
97 39
56 37
17 15
47 19
47 18
79 20
64 60
82 16
82 17
66 48
71 18
71 54
51 33
78 31
74 68
96 86
78 50
41 21
52 12
43 14
81 25
31 12
86 23
98 72
219 172
226 185
192 179
162 142
182 139
227 162
147 137
188 174
199 148
226 174
175 138
222 200
225 174
176 140
189 140
214 147
197 134
200 149
229 157
143 134
199 133
216 172
284 274
353 313
337 281
297 257
348 262
317 281
320 261
270 257
352 308
274 259
317 302
351 292
341 324
333 275
325 295
337 274
352 315
332 311
344 268
537 514
554 522
558 536
556 534
581 558
564 531
574 524
574 501
573 527
580 512
564 514
581 537
582 506
595 562
562 539
1071 1030
1057 1002
1046 1005
1077 1028
1080 1042
1075 1005
1045 995
1060 1021
1042 988
1046 990
1053 992
2039 1965
2056 1965
2054 1964
2043 1982
2051 2026
4008 3950
3981 3943
3973 3922
140 138
7896 7838
4007 3942
160 157
58 57
4013 3923
321 318
308 301
345 336
3972 3930
7901 7826
351 348
315 304
7899 7824
3986 3956
3975 3926
340 332
336 326
273 266
4013 3980
3999 3932
2023 1983
533 529
1999 1968
508 499
588 583
2047 1975
531 527
526 510
579 573
591 580
547 539
556 546
2025 1996
578 572
591 577
524 518
7901 7846
2017 1983
2012 1981
7904 7847
1076 1069
1060 1033
2025 1995
1061 1046
2016 2002
1063 1042
1046 1025
1058 1051
2048 2033
2021 1995
7910 7841
2043 2005
7892 7843
1054 1046
2022 2007
2019 1978
7902 7827
1085 1055
1050 1038
2029 1964
1999 1967
2007 1979
2031 2015
1011 999
1066 1046
1994 1968
1990 1973
1064 1055
1072 1041
2062 2010
1072 1037
2022 2006
2011 1992
2024 1987
15724 15642
7891 7847
7883 7855
3973 3949
15725 15664
15726 15683
3997 3984
3943 3930
3989 3971
2041 2030
7880 7857
2025 2013
15694 15638
4001 3990
7898 7868
3976 3965
15720 15636
3961 3947
7883 7844
3977 3958
7917 7882
15732 15644
3963 3941
7920 7881
15716 15642
15720 15643
7848 7830
7904 7887
15701 15671
7883 7865
15665 15638
31353 31290
15723 15684
31345 31286
7859 7842
15734 15697
514 511
995 991
7910 7894
993 991
3972 3964
3980 3972
2057 2053
3947 3940
570 569
7854 7841
31342 31292
31344 31294
7878 7866
3959 3953
31356 31311
31357 31313
7866 7855
7845 7835
62602 62528
31350 31314
31328 31293
69 18
1982 1977
31310 31276
62586 62520
336 336
55 55
74 74
