1022516
113 66
173 50
114 105
156 4
78 31
52 36
146 104
150 115
183 45
80 22
187 24
114 1
168 12
139 45
94 36
129 53
84 64
2143 1976
87 59
197 113
160 3
16 3
173 122
91 65
180 134
92 24
93 69
149 39
169 76
89 34
141 89
183 127
117 83
99 52
140 99
58 19
141 56
168 37
180 82
183 147
147 33
114 19
138 89
71 17
159 9
153 11
148 53
177 105
190 81
113 65
133 21
108 98
159 9
197 122
135 45
187 33
2114 1958
65 8
160 107
199 159
120 13
82 15
126 97
145 38
200 80
110 38
18 9
92 24
124 62
104 78
171 119
171 8
74 63
198 132
117 76
150 52
154 140
101 36
177 90
196 25
148 3
89 31
153 77
165 23
195 94
22 7
98 26
189 157
174 69
105 17
174 54
107 34
2127 1971
85 51
194 136
170 133
140 76
180 22
192 28
173 79
100 69
97 70
145 2
74 14
157 5
48 12
178 15
61 47
163 56
161 141
38 8
60 15
151 73
52 3
151 84
85 45
2137 2005
15798 15659
2099 2071
7935 7855
2127 2022
4102 3910
4047 3912
4094 4001
4059 3916
7913 7852
4055 3962
2124 1992
4064 3964
7998 7821
4027 3967
2132 2007
4088 3922
4099 3988
2126 1988
4102 4041
4078 4036
15824 15649
4010 3972
7924 7863
4059 4022
8005 7841
4021 3908
7963 7839
2107 2049
2081 1971
7954 7838
2102 1981
4070 4037
4020 3940
4065 3968
4017 3961
4072 3929
15774 15641
3962 3910
4092 3954
7946 7817
3957 3920
3975 3919
4040 4006
4046 3915
8012 7847
4034 3930
8001 7895
4081 3972
7998 7829
7968 7825
7965 7903
8011 7864
15792 15656
8000 7912
1994 1959
4087 3908
7921 7834
15777 15636
15798 15666
2042 1974
8008 7813
2080 2023
196 185
7989 7908
2037 2009
3951 3909
15793 15638
15815 15689
15794 15670
7966 7889
15819 15644
2114 1965
4105 4047
7985 7829
4027 3992
2069 2013
15812 15628
2084 1954
7942 7853
15822 15673
157 147
2101 2063
2059 1986
4087 3955
4051 4013
4025 3957
8001 7896
2146 2072
15775 15639
7964 7866
7998 7868
4024 3922
4059 3988
2105 2026
2151 2097
2076 2049
2045 1976
2091 2012
2151 2040
2144 2037
7982 7832
7995 7866
2081 2029
2143 2063
152 142
2114 2010
2018 1989
2100 1985
2132 2079
15822 15637
2116 2085
8001 7842
2084 1963
2042 1963
15823 15726
31433 31254
15818 15710
31441 31251
7962 7905
7973 7912
15775 15663
112 105
112 106
155 148
94 90
191 186
78 76
123 120
2098 2080
2131 2113
4031 4001
2068 2053
4051 4022
2024 2010
7974 7924
15796 15701
15746 15653
4066 4042
4083 4059
4096 4072
7930 7884
15729 15638
31450 31276
15821 15734
7883 7840
31436 31268
59 33
7871 7821
3934 3910
7886 7844
15769 15686
4016 4002
