10000035023
254 65
94 7
216 106
210 1
295 74
216 75
180 71
130 8
180 32
183 56
148 55
135 15
258 122
203 65
296 189
230 95
192 82
227 57
297 222
200 100
198 130
290 29
240 127
207 128
261 74
223 11
169 100
173 60
124 61
219 128
225 85
295 38
227 25
230 20
204 87
240 172
153 67
277 165
170 51
236 16
208 85
202 91
165 18
204 59
268 138
142 47
171 61
147 85
246 56
236 48
237 67
284 25
266 52
299 194
238 88
236 177
121 36
285 133
298 186
152 79
139 11
211 70
233 127
136 24
283 137
137 25
168 97
193 5
290 114
254 77
139 26
259 22
264 22
290 93
78 4
258 51
193 37
271 118
210 118
256 27
202 113
269 5
155 28
124 57
278 130
219 99
277 110
182 107
105 33
182 29
184 28
147 82
159 96
285 41
171 95
274 161
225 93
134 17
183 108
218 117
258 88
289 114
299 152
123 39
223 136
252 76
231 8
194 127
125 34
285 85
107 2
71 10
297 40
155 63
259 101
290 81
234 105
218 65
217 32
222 154
172 50
217 43
109765911 109765634
100152882 100152670
101220959 101220718
101220954 101220719
101220999 101220712
100610611 100610372
100610634 100610415
100152857 100152660
100610606 100610422
101220904 101220724
119531519 119531292
104883050 104882851
100152864 100152674
109765817 109765630
101220951 101220769
119531488 119531278
101220985 101220800
104883056 104882859
109765896 109765679
100305441 100305225
100305445 100305225
100305472 100305225
109765883 109765637
102441635 102441412
100076518 100076299
102441693 102441425
102441668 102441460
102441670 102441459
100152835 100152631
102441665 102441460
100076571 100076362
104883084 104882873
104883101 104882888
109765900 109765679
102441665 102441460
101220939 101220719
101220957 101220708
104883063 104882838
43 3
59 6
59 7
38 11
70 29
92 41
46 24
111 65
129 78
110 67
133 84
123 78
139 89
146 94
82 53
160 107
194 139
167 120
169 122
203 147
179 130
210 157
124 93
174 131
178 135
145 110
166 126
202 154
242 185
236 181
267 210
99 79
54 44
292 240
175 144
238 196
186 154
104 87
78 66
248 210
111 94
211 179
54 46
119 102
295 253
293 252
287 253
207 185
258 231
287 258
229 206
295 267
181 165
87 80
78 72
285 267
208 198
120 116
117 114
211 206
127 124
224 219
241 236
97 95
226 223
191 189
289 286
100305456 100305280
100610570 100610395
102441600 102441425
100305400 100305234
100305367 100305204
100152798 100152636
100305438 100305276
100305424 100305264
100610607 100610449
104882996 104882834
104882996 104882843
101220882 101220735
100076457 100076313
119531480 119531310
139062747 139062551
287 244
100610510 100610364
100610645 100610503
119531492 119531325
100305386 100305249
109765904 109765756
101220921 101220785
100076441 100076307
101220889 101220754
100610598 100610465
100610575 100610444
119531509 119531354
102441616 102441484
139062754 139062575
104883085 104882950
101220967 101220837
100152835 100152707
119531409 119531258
104883106 104882975
119531424 119531275
100076476 100076354
104883033 104882906
100152737 100152618
104882960 104882836
100152746 100152629
100152728 100152613
139062793 139062637
100076527 100076416
119531455 119531324
109765894 109765774
104882964 104882851
139062764 139062615
119531388 119531266
109765788 109765678
104883012 104882907
100076456 100076314
178125268 178125019
100076430 100076327
100152821 100152721
101220891 101220792
101220999 101220908
101220916 101220827
58 58
119 120
