1039243
255 22
235 46
243 103
1355 1174
258 219
291 229
294 249
1252 1125
229 50
236 98
213 61
1226 1137
124 40
1281 1188
1372 1197
1370 1171
237 197
280 169
156 130
1200 1106
261 98
170 134
146 74
184 66
62 48
130 111
1369 1212
1348 1138
1313 1083
233 101
878 802
712 660
273 183
861 784
826 620
1268 1103
245 167
779 638
62 53
829 720
882 819
840 690
199 39
170 132
171 110
842 706
219 47
297 10
1347 1093
1316 1157
254 37
286 43
773 705
680 598
41 25
226 73
174 101
287 183
243 39
100 61
263 142
261 38
817 631
273 44
792 608
285 223
121 2
716 639
251 172
2328 2116
300 9
786 646
2332 2083
89 64
859 613
836 633
225 117
279 256
147 5
172 104
133 92
286 107
2294 2065
786 618
169 66
845 707
220 86
865 602
274 188
797 723
165 92
189 61
213 111
195 172
292 130
199 124
156 139
149 90
585 476
609 376
247 89
2227 2067
288 217
231 194
201 29
639 479
213 153
455 364
522 371
97 78
489 452
163 39
94 11
260 11
268 102
2324 2078
247 122
202 89
461 380
250 8
293 181
232 131
237 46
129 54
218 98
467 360
422 348
139 3
519 482
170 32
456 416
517 398
196 118
207 18
173 63
92 25
189 2
296 140
418 361
149 45
612 451
614 459
199 11
245 20
495 438
135 65
212 95
86 70
459 393
186 115
177 106
372 268
258 203
478 423
232 104
189 101
178 46
441 403
211 50
458 238
266 220
520 427
487 423
297 222
204 20
248 202
274 199
188 8
157 41
72 7
521 387
59 23
228 82
270 107
161 136
236 106
240 200
146 13
212 6
506 314
410 330
409 270
456 298
279 238
438 363
398 320
208 169
439 275
402 339
277 103
279 216
456 344
93 68
215 85
256 68
423 311
293 186
278 40
177 86
252 60
240 143
90 32
199 87
122 85
232 82
300 104
290 269
284 226
172 99
200 43
395 244
87 76
249 165
137 44
150 131
187 11
192 71
206 130
292 210
198 113
298 218
269 77
259 66
280 253
236 187
181 24
1322 1228
255 111
130 19
264 52
222 199
207 28
261 69
126 113
250 85
194 125
127 74
236 193
15907 15813
1264 1207
1308 1238
618 575
4231 4031
189 179
4275 4041
637 596
4244 4038
1221 1152
2286 2161
4272 4090
2324 2179
4277 4055
228 217
729 699
1257 1174
2221 2069
486 456
444 418
1242 1189
8083 8032
742 714
2198 2114
2278 2187
420 404
640 615
1191 1145
4179 4018
1204 1156
4228 4059
4250 4100
2280 2196
4292 4129
31622 31420
15984 15875
31585 31398
4153 4041
4197 4112
2189 2142
2086 2063
4178 4097
2313 2270
4269 4140
15939 15743
16017 15800
2307 2284
8116 8033
4212 4170
15975 15751
2151 2095
8170 8085
15995 15813
8156 7983
8123 8023
15987 15751
8159 8037
8087 7999
8188 8072
789 774
2343 2262
1220 1182
1251 1209
2339 2268
2163 2097
4283 4224
4198 4138
2287 2214
4184 4071
15962 15798
8132 8036
15991 15829
15989 15738
8152 8022
8069 7954
2273 2199
4243 4121
4214 4072
4138 4097
4188 4107
8191 8001
8181 8002
4286 4210
8166 8007
8207 8129
4145 4117
31617 31473
15868 15791
15990 15907
15829 15752
31601 31380
4279 4243
4198 4168
31602 31369
15988 15871
15869 15726
16016 15884
31565 31399
31635 31491
15935 15848
15900 15793
15904 15794
15 11
213 205
109 105
181 176
466 454
330 322
846 838
469 465
1328 1321
1261 1255
16006 15932
31556 31420
87 69
8046 7997
404 396
8028 7986
62875 62619
4181 4164
