100030931
1024672 1024423
278 216
240 3
139 3
176 4
196 6
153 6
219 9
120 5
264 15
263 16
231 18
251 20
263 24
285 28
1012464 1012210
156 16
184 20
67 8
276 35
290 37
207 29
232 33
169 26
130 22
132 24
284 52
243 45
157 31
293 59
282 57
177 37
297 65
251 57
109 25
239 55
1024686 1024426
89 21
103 25
143 35
116 29
146 37
237 70
146 44
250 77
287 89
234 74
237 80
133 46
250 87
103 37
139 50
109 40
79 29
277 105
100 38
269 107
235 94
192 83
123 54
218 96
222 98
281 126
239 108
215 99
260 121
105 50
294 140
234 113
280 138
258 130
1049099 1048829
235 124
208 111
269 145
228 128
206 117
1012474 1012209
274 157
130 75
140 81
131 77
277 167
242 148
157 97
1097951 1097660
187 119
255 163
135 87
293 189
226 146
190 125
240 158
232 153
250 166
228 152
246 165
265 217
183 123
281 192
293 235
221 155
294 213
249 198
281 221
197 148
258 195
288 219
214 165
237 182
1390851 1390632
1049114 1048867
1024648 1024415
1012485 1012255
1049113 1048877
1049069 1048834
1012458 1012232
1049076 1048843
1097932 1097690
1097900 1097659
1049118 1048890
1195577 1195319
1097955 1097721
1024712 1024496
1097956 1097730
1012499 1012294
1012440 1012237
1097919 1097700
1097902 1097685
1024623 1024424
1390903 1390636
1097893 1097685
1097893 1097686
1049094 1048897
1049079 1048884
1049099 1048905
1049081 1048892
1024666 1024482
1195550 1195336
1195609 1195395
1390894 1390649
1195546 1195337
1195549 1195341
1012490 1012315
1195540 1195337
1097931 1097749
1390866 1390638
1781547 1781264
10 1
51 12
40 21
44 25
63 39
64 43
126 88
155 113
179 134
185 141
126 97
235 191
155 126
108 89
240 200
255 218
276 236
262 229
229 201
256 225
220 194
175 156
93 83
291 263
252 229
217 198
151 139
255 235
285 269
265 253
297 287
245 240
99 97
274 270
258 256
256 255
266 265
1049022 1048848
1049034 1048865
1012506 1012343
1097936 1097760
1024674 1024510
1049101 1048935
1390917 1390704
1012387 1012232
1195547 1195364
1195544 1195363
1195506 1195326
1097925 1097761
199 1
1049086 1048930
1195515 1195339
1024573 1024423
1195588 1195413
1195563 1195390
1390840 1390639
1024638 1024491
1024683 1024536
1195508 1195338
1781522 1781272
1049059 1048912
1049117 1048970
1195548 1195381
1195523 1195361
1781535 1781295
1390852 1390666
1097911 1097765
1097821 1097676
1049104 1048968
1012448 1012317
1195567 1195415
1024695 1024566
1024702 1024574
1390897 1390725
1024606 1024453
1390818 1390633
1012502 1012378
1781486 1781272
1781516 1781302
1781472 1781273
295 295
179 184
249 250
212 213
163 164
160 162
260 264
223 227
91 93
252 258
259 267
89 92
265 275
88 92
176 185
