97204263
229 17
212 18
187 16
199 23
165 26
293 48
23 5
265 64
215 55
261 74
44 13
288 92
124 44
87 31
292 118
289 132
174 86
139 71
155 88
217 130
204 127
263 166
282 185
217 152
117 83
218 156
284 205
173 125
38 28
245 188
232 179
85 66
122 95
126 6
122 101
195 172
273 242
281 253
284 262
133 125
278 270
187 185
3135297 3135044
3135241 3135002
3135241 3135016
3135299 3135085
3135226 3135013
3135255 3135051
3135266 3135107
3135266 3135108
3135257 3135102
3135217 3135081
3135206 3135077
3135279 3135150
3135177 3135059
3135224 3135110
131 106
3135229 3135146
3135268 3135192
3135269 3135207
3135187 3135135
3135251 3135206
3135280 3135236
3135180 3135140
3135261 3135244
3135208 3135193
3135238 3135242
3135221 3135231
3135216 3135226
3135203 3135215
3135256 3135270
3135190 3135215
3135194 3135247
3135202 3135261
188 189
275 279
201 208
134 140
47 51
158 174
169 193
227 291
190 259
65 98
101 157
170 283
129 218
132 225
56 102
112 222
130 263
49 100
94 206
118 288
71 175
26 65
34 88
101 270
39 106
73 199
96 284
58 219
75 286
61 236
63 247
44 228
45 265
30 195
24 178
13 174
13 272
