100023090
84 3
53 2
177 7
163 7
44 3
139 12
195 17
105 11
179 19
192 23
176 23
120 16
96 13
134 20
177 28
158 25
116 21
101 19
85 18
183 40
190 48
157 44
146 41
153 44
182 55
183 56
148 46
180 57
139 46
74 25
191 66
122 44
59 22
115 43
49002 48837
189 4
49017 48840
49013 48836
49012 48831
49018 48835
24581 24430
24603 24435
24589 24415
12375 12211
12400 12235
195485 195328
195497 195321
390818 390640
90 35
160 63
102 41
137 58
163 70
151 65
105 46
177 82
190 90
118 58
159 80
149 75
168 86
173 90
132 71
91 49
141 79
149 85
161 92
71 41
102 59
186 108
108 63
196 116
152 90
112 67
90 55
175 107
162 101
175 110
123 79
185 122
181 120
107 74
93 65
105 76
137 100
154 113
117 88
126 97
153 119
56 44
145 114
44 35
164 134
116 95
190 159
181 152
40 34
141 120
156 136
95 83
86 78
77 72
115 108
18 17
164 157
107 103
177 171
46 45
172 169
150 148
12379 12236
176 174
12367 12233
12371 12240
12399 12269
12346 12218
12338 12231
12351 12244
12311 12209
12402 12314
390819 390672
195511 195400
195470 195359
24609 24460
24561 24421
195461 195350
195492 195362
24565 24440
24598 24481
195482 195350
195509 195371
24524 24420
97776 97668
97849 97731
97856 97729
97796 97664
97795 97663
97802 97666
49007 48863
48998 48889
48949 48835
49003 48864
49021 48888
48985 48864
48964 48836
390777 390658
390807 390686
781391 781267
110 42
12295 12214
12284 12218
12402 12336
12385 12327
12265 12208
24600 24499
24544 24446
12404 12355
24585 24491
24577 24485
12252 12208
24540 24470
12328 12293
12305 12272
24484 24420
12282 12250
24493 24432
24503 24444
12374 12347
48981 48879
24532 24483
24547 24500
24597 24550
24581 24535
49000 48912
24510 24469
24597 24556
48974 48896
24506 24469
24540 24505
24475 24443
48937 48875
49024 48966
24575 24548
97759 97657
97829 97727
12298 12286
49018 48971
97776 97685
97793 97702
97764 97677
48922 48880
97835 97756
48948 48909
97785 97708
97814 97739
97733 97664
97771 97703
12357 12349
12405 12397
97767 97706
48929 48899
97764 97705
97839 97780
48916 48888
1562686 1562550
12325 12238
1562683 1562547
781374 781263
195496 195393
195484 195385
195457 195366
195439 195351
781378 781260
390730 390629
390773 390671
390812 390709
390800 390697
390737 390632
1562637 1562506
3125170 3125008
1562687 1562554
48898 48871
97853 97800
24521 24510
195472 195387
49013 48992
48858 48838
49004 48985
195413 195338
48948 48930
195433 195369
24459 24451
12399 12395
97821 97794
195445 195393
24428 24422
195430 195383
195469 195426
390798 390713
390712 390628
390770 390686
390806 390724
390710 390629
390746 390672
48959 48950
390819 390750
97741 97724
48871 48863
97770 97754
97734 97719
195463 195434
195474 195445
195494 195467
390675 390629
195509 195487
97851 97840
781418 781333
390671 390630
781334 781253
48970 48965
3125193 3125049
3125161 3125011
781364 781299
3125192 3125033
1562645 1562561
1562677 1562575
1562650 1562529
781330 781270
1562661 1562543
781412 781360
1562680 1562566
1562671 1562564
1562678 1562567
3125184 3125067
3125150 3125036
12258 12251
97800 97792
48936 48932
390736 390705
390806 390777
390670 390642
195349 195335
390825 390801
781325 781279
781362 781317
781326 781286
390680 390660
97769 97764
781333 781297
195340 195331
1562659 1562591
781347 781313
1562595 1562529
1562578 1562513
781408 781376
1562656 1562598
781390 781361
1562643 1562587
781438 781410
3125196 3125086
781324 781297
1562607 1562559
1562572 1562528
781363 781341
3125197 3125114
1562614 1562573
195386 195381
195478 195460
3125121 3125026
3125125 3125046
1562568 1562534
97669 97667
390746 390738
390763 390755
390802 390794
97836 97834
390807 390803
97840 97840
82 82
24583 24583
390726 390726
73 73
24458 24458
48973 48973
107 107
195439 195440
390763 390765
390767 390772
390806 390812
48831 48832
24472 24473
48930 48933
97777 97788
49007 49017
48964 48976
48967 48981
24559 24567
12359 12367
12339 12351
12383 12397
12376 12393
145 146
195 197
97 98
138 141
35 38
181 199
132 146
