9718534140
145 5
169 7
19 1
144 8
253 17
232 20
127 11
284 25
165 15
229 21
154 17
290 34
166 20
292 36
157 21
248 35
35 5
277 44
205 33
161 28
163 30
182 36
262 57
117 3
143 33
211 52
142 36
244 62
218 64
238 75
261 87
102 37
207 76
251 93
296 112
230 88
124 48
59 24
125 51
275 113
228 100
277 124
123 57
155 73
84 40
191 93
151 74
217 107
243 127
261 141
272 152
299 175
42 25
166 99
62 38
232 53
135 84
285 179
282 178
299 189
167 106
228 145
110 71
158 103
155 105
293 202
119 83
283 202
268 196
221 163
267 197
199 148
262 199
236 181
274 211
217 169
241 191
250 202
123 100
267 219
157 133
134 114
95 83
137 84
271 242
173 157
211 193
191 181
286 273
238 228
313500275 313500005
313500271 313500008
313500265 313500035
313500250 313500026
313500258 313500047
313500248 313500039
313500283 313500079
313500287 313500087
313500278 313500087
313500292 313500104
313500300 313500121
313500267 313500094
313500257 313500104
278 248
313500243 313500100
313500299 313500256
313500243 313500111
313500241 313500111
313500287 313500165
313500263 313500159
313500248 313500156
313500294 313500204
313500254 313500173
313500278 313500240
71 71
313500280 313500236
313500249 313500206
313500269 313500226
313500272 313500233
313500256 313500235
313500289 313500291
313500274 313500282
313500256 313500279
242 252
242 251
285 296
246 256
268 282
170 180
200 212
210 225
163 182
263 295
238 269
234 266
256 296
201 234
208 248
31 37
136 163
78 95
118 152
159 205
55 71
217 285
192 255
174 240
173 239
149 210
154 232
130 199
37 58
122 201
109 182
120 202
58 98
65 115
168 299
150 274
159 291
21 43
142 291
94 197
72 153
104 224
27 59
118 271
25 64
107 285
34 113
85 296
67 259
63 246
63 275
33 156
33 164
47 256
50 273
36 197
41 260
40 256
17 122
40 297
26 294
15 181
18 227
13 169
7 121
5 200
4 241
1 185
