1006152
55 36
92 34
75 15
43 1
94 23
93 78
52 26
17 1
63 8
96 52
89 38
40 15
80 25
26 19
51 6
81 38
50 43
98 61
82 2
70 42
66 57
11 3
26 11
61 37
51 31
76 55
98 38
82 3
73 67
93 49
67 9
93 42
50 27
93 59
69 11
85 11
85 27
96 37
84 64
66 50
92 37
51 6
83 71
88 1
59 20
91 46
91 5
39 1
69 17
40 16
69 20
33 7
77 36
19 6
40 30
65 43
34 25
88 47
85 42
75 23
60 37
65 3
52 10
68 39
98 63
25 18
64 20
57 14
52 29
68 43
62 28
74 57
84 8
36 15
3034 3003
16717 16669
3044 2992
3016 2960
3010 2969
3010 2980
3014 2970
16710 16629
16705 16636
16724 16645
16723 16632
16721 16627
8876 8829
8883 8853
3032 2977
16714 16628
8904 8842
8844 8817
8871 8829
8905 8852
8885 8818
8877 8825
8886 8843
8876 8850
3023 2956
8900 8827
8872 8830
4989 4942
5001 4974
4958 4933
4959 4915
4994 4930
4946 4914
5000 4964
5004 4912
3039 3001
3052 2964
3024 2958
3045 3012
2997 2959
34 30
60 56
58 55
100 95
65 64
87 86
3051 3036
2991 2977
3046 3032
3045 3032
3050 3037
3052 3043
16725 16679
3029 3021
8875 8854
8838 8818
8857 8837
4934 4923
4977 4966
32341 32270
32328 32261
32349 32283
32340 32276
8850 8834
8856 8840
4985 4976
4989 4980
16707 16677
16663 16635
16655 16629
16702 16677
32316 32268
16693 16669
4935 4928
16701 16678
8907 8895
63588 63503
3003 2986
16713 16692
68 2
63600 63523
4929 4923
63593 63516
32302 32256
63578 63508
8878 8873
