5000111979
94 47
72 2
58 2
90 36
82 4
63 4
93 6
82 7
99 9
92 9
68 7
72 8
78 30
76 29
80 12
65 11
79 30
58 11
70 14
72 25
75 16
93 20
71 16
67 16
78 25
76 19
74 23
84 26
74 21
89 26
21 1
36 4
42 5
46 8
19 4
61 15
54 15
43 12
63 18
51 16
56 18
49 16
36 12
74 29
28 11
48 20
59 26
69 31
80 36
34 16
61 29
64 31
70 34
90 45
37 19
46 24
76 40
68 36
88 3
99 53
86 48
90 51
82 47
68 39
100 58
31 18
79 47
50 30
76 46
74 47
72 46
82 53
97 64
63 42
90 61
26 18
10 7
77 54
77 54
67 47
94 67
47 34
59 43
93 68
78 58
47 35
64 48
94 71
55 42
96 74
83 64
30 24
74 60
53 44
49 41
83 71
29 25
30 26
55 48
79 69
87 76
72 63
53 47
46 41
36 33
76 70
28 26
31 29
52 49
91 86
97 93
97 93
50 48
82 79
45 44
81 79
64 63
99 98
79 42
5000100100 5000100001
88 90
24 24
45 89
61 63
80 83
53 55
79 84
15 16
86 92
82 88
82 89
77 84
78 87
60 67
84 94
84 94
16 18
76 87
79 95
53 64
75 94
23 30
32 42
44 58
53 70
62 82
71 95
54 73
45 61
69 96
35 49
45 63
48 70
32 47
38 57
25 38
23 35
60 92
7 11
40 63
38 60
51 81
46 74
59 95
50 81
59 96
54 88
49 82
47 79
35 60
57 98
45 80
32 58
53 97
48 88
20 37
36 69
23 46
13 26
40 84
31 67
46 100
15 33
19 42
42 94
23 54
40 94
8 19
38 95
24 61
20 53
25 72
29 86
15 45
24 75
29 91
12 39
29 96
10 34
12 41
26 89
21 81
24 95
16 64
21 89
20 91
14 66
10 50
19 98
16 88
10 62
9 56
13 81
11 69
13 88
9 61
11 77
8 58
10 75
9 70
12 97
3 25
3 27
8 74
10 96
8 96
4 50
7 89
5 68
6 83
7 99
6 86
5 72
6 89
3 45
6 91
5 76
3 59
3 86
2 63
1 89
