100033560
247 4
273 6
249 6
139 4
78 4
283 16
140 8
251 16
61 4
182 13
265 20
184 14
162 14
297 28
106 12
72 9
192 25
261 34
256 34
179 24
295 40
189 27
185 27
274 40
257 38
181 27
294 44
171 26
105 17
174 31
219 41
206 40
170 34
157 32
285 61
185 41
48 12
180 47
242 64
255 75
263 78
134 41
269 85
154 49
289 92
214 71
130 45
237 83
71 25
291 108
154 60
184 72
292 119
70 29
201 85
262 112
293 126
299 129
295 128
198 90
215 104
263 128
243 127
171 90
148 79
211 114
267 147
176 98
124 70
191 109
276 160
257 152
252 151
83 50
269 164
152 93
241 149
277 172
259 162
215 135
201 128
234 150
77 50
261 171
262 176
277 192
202 141
253 182
138 103
64 48
259 197
247 191
231 180
63 51
105 85
53 43
277 225
272 221
135 111
237 199
179 151
117 100
85 73
107 94
146 131
162 146
201 187
12502 12215
12476 12211
12472 12209
12482 12240
12497 12256
12499 12281
12439 12269
12455 12315
12368 12238
24668 24418
12384 12268
24694 24484
24631 24425
12436 12333
12313 12213
24714 24515
24688 24499
24628 24449
24609 24432
24589 24415
24607 24446
12305 12229
24658 24515
24692 24562
24632 24513
12328 12271
24528 24420
12271 12217
49076 48861
390838 390697
280 168
390814 390671
390822 390655
49027 48840
390851 390673
49104 48933
49114 48946
49099 48939
49075 48920
49004 48852
390876 390693
390891 390691
195588 195477
49024 48879
49100 48957
97933 97659
195539 195423
97948 97695
97918 97680
97917 97681
97902 97676
195559 195441
97895 97695
97921 97723
195528 195397
195570 195429
195612 195469
195548 195382
195499 195330
195515 195339
195535 195354
97837 97690
195549 195367
195609 195408
97813 97708
195562 195322
97814 97703
781418 781251
781498 781328
3125252 3125013
3125283 3125073
1562747 1562565
1562799 1562576
390823 390690
390871 390739
390806 390675
781481 781356
1562782 1562520
781523 781390
781472 781339
781507 781363
781485 781323
781544 781307
781497 781262
781440 781276
781486 781262
12387 12336
24512 24418
12355 12308
24552 24476
24664 24590
24508 24435
24633 24569
24583 24527
24480 24433
24702 24656
48935 48847
49079 48994
48926 48847
48926 48848
49058 48980
12265 12248
49115 49049
49055 48992
49125 49074
97779 97687
97828 97737
49022 48983
49114 49076
24605 24586
24460 24442
24603 24585
12357 12348
97949 97885
97918 97856
97939 97879
97816 97758
12285 12278
97789 97736
48934 48908
97900 97856
97866 97826
12271 12266
195509 195432
195390 195314
195436 195367
97782 97751
195446 195385
195439 195379
97727 97697
97833 97803
97803 97774
195588 195534
390869 390798
390819 390766
781415 781315
390727 390677
781533 781435
390728 390682
195473 195451
390738 390697
390813 390773
1562713 1562564
781358 781289
195384 195367
390704 390673
1562759 1562646
781342 781288
12493 12439
1562767 1562670
1562799 1562702
781515 781467
3125289 3125101
781377 781330
781397 781350
1562646 1562554
781426 781380
390821 390799
1562721 1562634
3125198 3125028
1562675 1562591
781342 781300
1562692 1562610
781481 781440
781398 781358
3125245 3125111
3125172 3125033
3125166 3125016
781462 781424
1562754 1562685
1562613 1562545
1562744 1562676
1562768 1562702
3125226 3125100
3125187 3125064
6250240 6250025
3125129 3125012
3125253 3125151
3125172 3125071
