100026384
115 8
100971 100796
103 16
169 70
100867 100793
112402 112221
227 160
124677 124586
490925 490758
184 72
268 62
100987 100801
235 62
173 108
179 96
250 187
209 149
124694 124425
124698 124472
100978 100886
266 199
252 137
112379 112237
222 137
273 24
112435 112293
124652 124566
167 44
124616 124540
124699 124628
211 41
292 148
112418 112290
89 21
101002 100855
490900 490655
298 116
222 42
490924 490640
112506 112361
100972 100835
299 45
124625 124455
112474 112240
118 9
100964 100801
100984 100809
124699 124578
300 53
252 98
112403 112327
112451 112303
105 14
153 86
259 62
490868 490697
290 109
149089 148845
149019 148924
101780 101537
149047 148856
106233 106169
106299 106149
149060 148846
106280 106125
149048 148897
149069 148838
103218 103097
103303 103221
148992 148866
231 2
180 46
490905 490654
209 13
292 226
272 17
171 34
230 143
103302 103177
101809 101538
205 39
209 27
149089 148908
223 111
103280 103194
172 20
103313 103157
273 77
246 63
205 57
103301 103147
101657 101548
95 6
197938 197798
103316 103229
225 80
197885 197786
103260 103058
165 102
265 125
197943 197797
197800 197658
197806 197702
268 87
197928 197681
197835 197689
197949 197825
101800 101723
101694 101595
101814 101630
277 79
108 28
226 41
101667 101588
288 164
219 145
197936 197869
194 59
189 51
293 207
101710 101600
129 3
295530 295347
295604 295399
285 40
101647 101533
101704 101605
101654 101553
294 195
292 217
295537 295433
881441 881271
295510 295442
295592 295514
881527 881417
881516 881274
490923 490801
881369 881269
881458 881349
881507 881262
881479 881346
1662745 1662511
1662799 1662585
33 5
73 43
10 6
165 110
160 114
134 96
201 155
258 205
205 174
208 180
159 140
218 192
170 150
115 102
251 224
265 253
222 212
224 216
260 253
136 135
273 272
101648 101586
101717 101655
101798 101738
106262 106206
112496 112439
103249 103197
124529 124474
112459 112410
100979 100942
103102 103067
106192 106156
124494 124452
103197 103163
112379 112346
103230 103200
100954 100925
148960 148918
124468 124434
197916 197870
295465 295400
295397 295333
112310 112291
101048 101031
197853 197822
295580 295540
100943 100930
149094 149076
103186 103174
3225254 3225086
112497 112321
490864 490807
1662666 1662574
3225245 3225042
1662671 1662564
3225296 3225070
490799 490745
881424 881329
1662749 1662577
1662755 1662586
881445 881357
3225280 3225023
881485 881407
881512 881434
3225252 3225106
6350286 6350068
3225272 3225150
6350265 6350001
3225177 3225041
3225195 3225039
3225244 3225088
3225192 3225038
149031 149014
106372 106360
295518 295485
295542 295509
295482 295455
295496 295470
100863 100857
881475 881430
295341 295326
197904 197894
295509 295495
1662800 1662730
1662628 1662568
490798 490781
881296 881268
490768 490711
6350252 6350038
490710 490695
1662747 1662719
881523 881502
197827 197825
103218 103217
195 196
161 162
186 190
76 79
