1040970
272 68
242 132
156 8
223 104
284 178
778 525
93 55
182 106
127 70
96 43
173 107
212 117
204 66
746 493
281 133
784 500
512 256
496 325
485 266
285 182
238 163
276 35
226 84
430 290
218 91
297 67
488 267
67 39
187 69
394 225
422 131
368 232
215 126
254 130
346 130
184 21
372 203
168 18
199 94
406 127
235 140
400 136
265 42
286 163
259 109
250 116
169 105
269 3
317 135
167 13
413 141
232 153
249 116
299 40
282 94
148 59
320 169
179 59
114 42
102 56
226 97
224 34
151 21
126 26
186 83
287 47
300 205
294 108
230 151
144 48
102 2
279 19
296 70
295 183
266 135
263 64
198 17
235 123
298 175
156 8
223 113
240 4
171 12
144 18
149 4
126 30
243 55
239 17
279 138
206 1
232 19
50 5
291 19
210 45
270 18
91 25
192 5
297 56
80 13
168 122
459 371
4136 3948
265 213
4183 3984
2253 2053
2182 2079
2212 1973
1213 1057
281 214
253 212
1206 1122
2125 1978
195 156
1221 1016
1200 992
293 278
198 138
1221 988
146 100
1255 1011
124 86
198 182
192 134
279 224
178 159
4107 3941
250 211
271 253
1260 1094
264 186
189 130
201 149
133 103
288 209
246 199
4132 3928
1265 1009
2231 2139
1095 1024
172 122
159 138
189 161
1188 1114
287 230
1185 1107
205 152
1245 1028
1164 1039
1194 981
1245 999
1160 1090
2140 2009
1221 1084
2141 1974
389 282
1139 991
4153 3999
305 239
2164 1981
2155 2008
4165 3928
1110 1039
1241 1120
1040 1002
1247 1017
260 227
4205 4019
373 265
262 199
1156 984
350 267
1203 1032
1167 1061
577 552
693 557
321 223
354 277
214 189
2156 2057
293 252
207 191
4091 3936
264 251
482 407
126 112
274 223
196 169
779 665
551 513
4178 4009
209 171
2066 1984
137 115
290 254
758 537
704 611
236 207
735 653
542 501
225 157
322 270
220 157
539 493
698 541
296 238
744 640
2116 2016
257 228
302 211
751 581
190 146
774 729
2153 2071
280 253
223 208
310 266
726 526
460 359
464 441
270 249
372 278
488 364
522 420
420 343
368 347
243 186
496 361
726 525
2200 2067
463 331
357 318
729 552
424 322
398 325
734 694
479 432
616 517
538 421
4192 3980
2155 1976
444 383
749 537
4193 4062
464 433
780 572
570 492
770 610
2239 2100
744 554
2184 2020
365 344
2237 2103
2114 1955
472 367
729 657
780 668
174 158
394 344
248 213
647 529
306 291
519 489
2126 1988
506 397
15880 15724
15875 15691
15909 15753
4048 3984
734 716
4024 3937
8100 7876
2195 2140
8076 7913
2156 2103
2117 2070
2118 2059
8061 7836
2120 2074
8043 7882
1158 1133
2067 2020
7986 7827
4156 4043
8093 7848
4104 4019
8092 7933
4140 4012
4079 3968
2213 2145
4066 3941
628 614
8032 7818
8072 7861
2018 1972
2253 2198
4049 3940
2016 1978
4050 3954
4100 3991
4070 3993
7979 7911
31484 31279
7978 7843
4145 4084
8074 7971
8063 7998
15900 15711
15824 15687
4154 4078
4163 4093
8074 8003
31545 31296
7983 7913
31546 31251
31531 31305
8095 8023
8106 8008
4002 3940
3965 3914
31536 31254
15785 15646
15846 15725
4193 4123
7995 7908
4150 4086
31501 31266
61 56
141 131
191 185
256 248
235 228
246 241
275 270
782 768
343 337
1120 1101
299 294
2232 2199
721 711
722 713
403 398
296 293
312 309
4166 4126
1993 1974
4120 4081
750 743
2145 2125
2128 2109
4146 4109
4058 4022
2097 2080
128 127
4035 4005
7951 7893
1246 1237
8097 8039
15876 15766
15780 15674
7972 7919
15782 15682
4171 4145
4190 4165
8056 8008
8017 7970
3949 3926
15872 15781
15901 15812
2203 2191
8080 8036
4032 4012
7915 7876
3963 3944
15866 15792
15812 15740
483 249
31435 31259
15748 15657
31520 31380
576 574
1161 1157
548 547
248 250
