100023104
1751 1691
1052 857
49083 48925
70 21
267 71
49084 48859
208 95
49083 48897
48996 48863
276 116
212 32
268 24
993 819
49107 48925
1683 1600
24666 24439
1819 1752
24533 24438
273 21
277 96
49089 49002
160 108
261 166
251 12
1723 1563
24709 24510
24699 24521
24572 24466
24688 24604
24555 24492
190 147
24581 24537
24635 24465
143 64
12501 12453
12375 12235
12446 12259
12490 12233
12503 12209
1661 1541
959 819
1050 929
12431 12255
810 763
1020 885
278 224
287 49
12382 12267
182 62
259 55
111 70
170 8
938 802
12502 12388
12427 12254
830 781
12360 12278
1001 768
12495 12403
224 100
287 191
12443 12246
228 104
12464 12412
136 26
12499 12417
236 73
6361 6115
6161 6119
6313 6227
166 4
958 839
901 781
6361 6320
6292 6140
6336 6239
6358 6289
3291 3197
854 808
3220 3079
3262 3130
3166 3060
295 231
3177 3054
3346 3171
195 57
3315 3084
300 122
1800 1686
196 120
3232 3109
133 48
3308 3076
207 33
1766 1719
253 40
3271 3079
267 30
1728 1676
137 6
1799 1658
120 33
42 14
81 54
104 72
125 101
121 98
158 129
168 140
157 132
207 177
185 165
117 105
257 231
170 153
237 217
227 215
938 902
190 183
1753 1725
1663 1638
1056 1046
1740 1728
3123 3106
1615 1609
1726 1720
12377 12338
12405 12368
3259 3250
12303 12273
48937 48852
12343 12323
97943 97798
49022 48957
195588 195335
24634 24603
97834 97714
97854 97734
48931 48872
97925 97808
49003 48948
49019 48970
195507 195313
195540 195347
97936 97846
195587 195413
195538 195366
97901 97816
97925 97853
49090 49055
195553 195415
97792 97727
24544 24531
49059 49035
195591 195522
97902 97868
390810 390679
781508 781262
781518 781273
97938 97910
781536 781323
781485 781275
390912 390815
48856 48844
390910 390814
24452 24446
781438 781259
781491 781329
24554 24549
1791 1578
781497 781343
195380 195343
195363 195328
195445 195410
97690 97673
195402 195373
390826 390768
1562798 1562586
195411 195385
781456 781369
390786 390743
781451 781366
390756 390715
390877 390838
1562726 1562590
1562686 1562554
12319 12318
781394 781331
1562692 1562568
1562760 1562637
390833 390805
3125265 3125042
3125262 3125050
1562757 1562651
781334 781284
390877 390853
1562592 1562501
3125228 3125049
390694 390672
390870 390850
6250297 6250028
6250262 6250046
3125222 3125113
1562761 1562698
1562736 1562674
1562683 1562622
6250238 6250009
3125170 3125056
3125214 3125141
6250195 6250044
3125088 3125021
6250261 6250057
3125213 3125135
97757 97753
781396 781375
195442 195438
781472 781317
6250179 6250012
1562751 1562720
781352 781343
