96918662
98 1
46 1
85 2
63 2
99 4
59 3
96 5
80 6
98 9
30 3
92 10
87 10
91 11
87 11
71 9
98 13
45 7
87 14
78 13
71 12
82 16
56 11
64 13
34 7
77 16
57 12
55 12
18 4
97 23
50 12
63 17
92 26
72 23
60 20
78 28
94 34
84 31
90 34
96 37
87 34
46 18
98 39
27 11
95 39
22 10
76 37
73 36
54 27
34 17
59 30
92 48
76 40
85 45
85 45
98 52
96 52
68 37
36 20
92 1
79 44
95 54
14 8
33 19
74 43
60 35
71 42
93 58
90 58
87 57
18 12
97 65
73 49
19 13
96 69
93 67
47 34
26 19
86 63
90 67
60 45
93 70
83 63
88 67
42 32
52 42
97 81
54 46
64 55
100 86
72 40
91 80
67 59
91 82
76 69
73 68
96 91
51 49
94 92
58 57
3126100 3126003
3126097 3126010
3126093 3126008
3126100 3126029
3126097 3126036
3126084 3126029
3126072 3126022
3126075 3126026
3126069 3126021
3126086 3126039
87 75
3126080 3126042
3126098 3126064
3126076 3126046
3126081 3126055
3126093 3126069
3126083 3126061
3126073 3126053
3126080 3126061
3126082 3126063
3126088 3126070
3126095 3126083
3126078 3126067
3126088 3126078
84 84
3126099 3126091
3126069 3126064
3126072 3126068
3126074 3126075
3126067 3126072
3126077 3126087
3126070 3126086
60 71
3126075 3126097
50 51
34 35
73 77
82 87
80 85
61 65
58 62
41 45
48 53
67 74
78 88
36 41
70 80
58 67
37 45
76 98
48 62
45 59
76 100
70 94
58 78
43 58
37 50
59 80
51 70
8 11
64 91
45 64
9 13
64 94
61 90
40 60
46 70
19 29
32 49
12 19
63 100
54 86
56 90
30 51
33 58
42 75
33 59
28 52
32 60
44 83
24 48
46 94
37 78
14 30
34 73
30 67
18 52
21 66
15 49
15 50
29 98
18 63
12 45
20 75
6 24
18 74
23 95
5 26
18 94
6 33
8 58
10 74
13 99
11 85
5 40
10 83
4 44
7 100
5 73
2 56
2 67
1 81
