9999782171
190 1
80 1
49 1
147 5
130 5
115 5
90 4
197 11
93 6
200 14
154 11
180 13
125 11
136 13
127 13
112 12
41 5
130 16
158 21
7 1
112 17
186 29
146 23
67 12
197 39
166 37
29 7
126 33
189 50
196 52
81 22
84 23
186 51
107 30
171 49
62 18
171 50
180 54
189 59
138 45
12 4
198 71
124 45
73 27
98 37
108 43
62 25
148 61
163 70
39 17
150 66
60 27
122 55
106 48
172 78
97 44
110 50
174 85
94 1
94 48
191 98
136 72
106 57
95 52
92 52
105 60
196 117
176 106
158 96
153 93
178 111
181 113
151 95
38 24
146 95
194 127
117 78
196 131
86 58
200 135
122 87
174 125
128 92
189 137
120 92
151 118
135 106
178 87
122 99
122 99
173 142
175 144
80 66
178 147
105 87
133 112
60 51
144 123
134 115
50 44
169 150
188 168
128 116
163 148
111 101
186 171
189 174
51 47
173 160
200 188
165 156
135 133
146 144
172 138
1002441604 1002441408
1078125197 1078125013
1019531450 1019531322
1001220902 1001220778
174 183
1625000199 1625000144
1019531450 1019531372
1078125199 1078125121
1019531448 1019531390
1156250200 1156250199
87 163
157 158
131 132
145 147
144 147
107 110
169 175
107 111
166 174
101 109
129 142
158 174
74 82
105 117
130 146
132 149
163 184
120 138
115 134
100 117
166 196
33 39
166 197
90 107
101 121
115 139
134 163
107 133
56 70
110 138
90 114
125 159
154 200
97 126
126 164
119 156
140 185
54 74
117 161
98 139
50 71
110 158
107 157
108 159
55 82
116 174
112 169
117 177
74 112
111 169
69 108
94 153
104 170
115 188
92 151
60 102
77 134
52 91
57 103
107 194
63 116
98 181
69 130
58 110
103 197
66 127
103 199
57 114
48 98
39 81
25 54
77 168
21 46
86 189
82 181
80 184
40 94
47 114
44 109
67 166
74 186
48 124
41 106
33 86
62 167
66 179
70 194
32 92
49 149
54 172
57 190
33 111
57 194
29 101
57 199
28 99
39 146
42 163
18 72
39 158
44 180
38 159
34 151
34 178
17 89
6 33
31 181
15 94
24 155
28 191
19 139
19 147
22 180
4 33
23 191
15 139
7 80
13 169
12 182
9 150
2 34
7 132
2 60
2 65
1 42
2 170
