1051008
15934 15809
16008 15796
469 246
389 304
432 311
222 65
151 50
325 267
263 72
114 48
509 443
448 281
162 2
242 24
124 1
250 109
437 321
427 255
504 398
108 66
189 166
78 58
265 62
418 362
251 119
492 392
280 225
288 246
454 446
417 271
497 336
250 142
434 407
265 4
425 324
114 58
511 392
295 82
378 229
141 13
179 115
493 484
521 262
219 45
163 19
479 432
158 3
251 40
239 33
496 392
368 263
517 292
370 361
349 327
436 233
234 227
511 254
17 5
271 133
454 316
112 101
228 53
485 473
474 381
221 139
255 78
248 135
225 53
597 458
594 356
142 100
523 446
413 400
167 148
644 425
249 66
129 122
511 491
570 379
537 512
586 570
576 540
279 191
482 345
95 35
250 42
252 158
259 206
122 58
499 362
233 204
212 181
271 78
559 361
585 528
285 174
637 543
154 135
503 382
554 504
602 355
611 370
285 135
274 66
587 441
289 53
521 469
383 359
554 449
478 387
196 138
160 44
625 615
216 101
120 55
626 482
590 403
256 93
511 429
639 410
182 170
616 501
496 485
573 545
420 385
293 30
594 508
626 374
223 129
627 360
110 88
110 88
161 65
39 16
257 97
207 14
519 358
874 741
771 750
810 693
247 147
276 250
746 676
779 708
691 590
787 730
782 616
751 661
811 707
657 628
818 699
273 75
739 634
292 265
217 144
765 633
15999 15838
131 37
269 220
758 673
829 687
666 641
183 154
777 740
820 768
870 701
294 50
300 229
861 686
680 620
651 602
706 651
289 175
823 707
184 142
38 8
662 638
8189 7998
245 203
827 658
203 179
253 159
852 759
300 98
760 739
874 641
720 619
195 166
228 96
869 814
279 87
831 800
825 761
125 1
84 54
837 752
227 173
808 678
674 605
113 105
86 67
850 632
203 108
675 652
160 40
294 59
847 627
235 168
1346 1211
1305 1161
170 19
228 157
142 83
1307 1106
1239 1123
278 69
108 19
82 40
1312 1257
1261 1152
196 9
193 4
200 101
1315 1280
32 20
237 109
1285 1181
264 6
296 171
1368 1084
49 38
163 16
288 168
282 59
160 81
183 46
1317 1195
215 112
1357 1327
1332 1182
189 65
1306 1274
167 26
1340 1172
151 68
1291 1216
1303 1248
61 6
184 166
1215 1141
186 35
268 198
1335 1085
203 105
153 75
1344 1291
199 33
201 174
1326 1308
1217 1197
1320 1298
1356 1335
237 177
1291 1127
1296 1212
1329 1268
113 4
1167 1108
237 45
290 266
275 18
1250 1139
287 154
199 179
287 54
2292 2200
295 239
292 105
2334 2196
264 32
2131 2105
210 130
284 246
2333 2101
2317 2188
2308 2055
2302 2113
174 53
91 83
237 94
264 133
2184 2070
122 71
2345 2259
297 46
177 122
196 52
111 94
153 112
146 22
2160 2137
2249 2075
182 33
2311 2243
267 44
2267 2184
2328 2137
204 31
2343 2124
240 95
234 124
2351 2064
119 59
2315 2294
140 128
2229 2184
174 38
2315 2143
2250 2204
138 59
2174 2115
121 114
2240 2209
2303 2208
179 24
221 116
263 85
2210 2121
2192 2069
2286 2153
2185 2116
2134 2066
2206 2175
2282 2058
147 17
267 185
153 108
273 203
2211 2147
145 123
292 89
4137 4048
170 101
156 74
4090 4040
182 30
298 163
4208 4008
298 59
4171 4032
4137 4019
4149 4100
4219 4084
4297 4072
80 28
4240 4054
4204 4158
4295 4146
4265 4047
4292 4224
131 99
31649 31382
4252 4145
299 41
4282 4085
260 161
4254 4103
4212 4113
4251 4211
4269 4141
4260 4220
4145 4056
4189 4122
4199 4062
102 80
15861 15735
293 130
204 161
4240 4156
4292 4107
16019 15857
4177 4145
4245 4171
4247 4209
237 50
4108 4067
4259 4042
15995 15779
15967 15742
4257 4044
4117 4034
4176 4135
171 86
16021 15771
15962 15759
8172 7968
8206 8015
288 104
8115 7920
8048 7969
8191 7942
135 62
8156 7980
15905 15748
8097 8036
15997 15870
8202 8052
8159 8036
8199 8111
8122 8058
8167 8046
228 28
8058 7928
76 47
8202 8144
8151 7934
15945 15808
166 142
15981 15765
8039 7918
8147 8083
8177 7952
8151 7936
8087 7982
263 79
8196 8045
8206 7994
165 106
193 86
16021 15897
8157 8075
7995 7921
230 185
154 42
16012 15872
8102 8025
8182 7962
63 13
8165 7913
16019 15821
13 10
55 52
713 704
202 200
8118 8061
15878 15776
8052 8001
15968 15868
1142 1135
369 275
31639 31423
31609 31405
31636 31444
31565 31374
2322 2308
4072 4048
1191 1184
363 361
157 157
