9999969571
294 12
120 13
188 37
209 44
197 44
151 53
150 53
200 79
98 51
205 114
265 4
234 162
99 80
216 180
143 132
250 242
208 202
76569 76367
76532 76346
76437 76313
76574 76457
152878 152668
76490 76396
76513 76419
152857 152677
152780 152603
152766 152594
152815 152651
152797 152654
305464 305193
152835 152719
152753 152638
305440 305248
76341 76303
76416 76382
76325 76295
152686 152626
76369 76340
610569 610390
305294 305211
305401 305321
305283 305209
610513 610375
247 142
610545 610414
1220988 1220746
152642 152617
610611 610512
610539 610452
1220970 1220803
76361 76351
1220866 1220720
610484 610417
1220856 1220728
1220858 1220733
2441642 2441410
2441648 2441418
76317 76310
2441626 2441422
2441676 2441496
1220953 1220869
1220796 1220722
2441572 2441432
1220953 1220885
2441604 2441469
1220990 1220935
1220787 1220733
610410 610384
4883075 4882875
4883056 4882873
2441495 2441409
2441496 2441412
305359 305349
2441588 2441513
610591 610454
4882984 4882839
2441652 2441586
4882948 4882827
610624 610609
4883099 4883002
9765814 9765626
4883057 4882981
9765777 9765627
9765904 9765774
4882969 4882915
9765825 9765718
2441649 2441624
19531452 19531259
305451 305448
19531469 19531301
19531537 19531405
9765751 9765686
305283 305281
1220985 1220978
39062796 39062579
9765847 9765798
4883018 4882994
39062726 39062553
4882968 4882947
4883093 4883072
9765704 9765664
39062643 39062506
9765921 9765887
4882908 4882892
2441677 2441670
39062699 39062600
78125219 78125026
39062698 39062608
19531305 19531261
78125231 78125055
9765745 9765723
39062604 39062517
78125274 78125102
78125286 78125119
156250287 156250012
156250277 156250017
2441645 2441641
156250258 156250007
9765712 9765697
78125203 78125093
156250211 156250023
78125212 78125122
156250175 156250002
19531547 19531527
156250215 156250063
78125296 78125227
156250286 156250158
156250248 156250136
1220894 1220857
78125129 78125036
156250291 156250203
312500245 312500099
312500272 312500133
312500252 312500136
156250165 156250107
78125174 78125146
78125268 78125240
312500207 312500138
39062763 39062738
312500223 312500156
312500154 312500126
156250299 156250278
156250280 156250268
156250223 156250206
625000289 625000285
312500289 312500276
312500168 312500163
312500179 312500179
9765699 9765699
78125221 78125223
39062774 39062779
19531473 19531476
78125144 78125158
312500216 312500284
156250120 156250159
39062752 39062763
312500173 312500261
156250091 156250157
19531473 19531482
4882870 4882886
9765830 9765835
156250075 156250175
39062683 39062713
19531482 19531498
78125120 78125189
156250070 156250219
156250128 156250282
78125201 78125287
78125173 78125264
19531464 19531488
156250072 156250273
78125049 78125153
78125085 78125204
39062694 39062768
39062574 39062656
39062569 39062653
19531462 19531508
78125062 78125251
2441678 2441684
39062522 39062618
19531438 19531487
39062622 39062723
152649 152667
39062669 39062798
9765699 9765733
39062538 39062679
39062655 39062799
9765738 9765775
19531430 19531505
19531302 19531381
19531381 19531464
19531348 19531433
39062554 39062730
39062533 39062726
19531407 19531516
9765674 9765734
4883017 4883048
305387 305389
610471 610475
9765822 9765887
19531254 19531391
4882906 4882949
9765818 9765910
9765793 9765886
19531352 19531538
19531275 19531498
2441523 2441551
19531272 19531525
4882941 4883017
1220867 1220887
9765684 9765844
610492 610503
9765673 9765856
1220757 1220786
2441604 2441674
4882921 4883069
4882933 4883088
4882909 4883084
2441573 2441662
4882854 4883036
4882889 4883076
76302 76305
2441587 2441683
2441514 2441625
610561 610589
2441558 2441702
2441537 2441687
1220746 1220830
610424 610467
1220897 1220985
1220788 1220883
610372 610427
6 43
610399 610475
1220793 1220990
152831 152856
610384 610485
610454 610558
1220725 1220948
152827 152856
152751 152781
305383 305449
152851 152885
305206 305274
610370 610540
610462 610648
76371 76399
305307 305419
610370 610616
305305 305436
305240 305378
152606 152677
152652 152729
305303 305473
305224 305410
305200 305391
305220 305417
76383 76434
76318 76369
152709 152823
305193 305441
305205 305463
152683 152824
76344 76437
152615 152831
76374 76483
76432 76547
152636 152878
76360 76485
76360 76553
208 210
203 205
283 297
238 250
142 161
93 115
148 220
149 243
167 283
100 198
25 50
32 77
96 236
83 211
86 257
92 275
26 80
46 152
32 124
50 270
39 284
6 127
9 290
4 164
