1023527
132 106
168 85
4068 3970
7973 7912
4048 3931
106 49
4057 4014
7905 7841
7978 7868
171 143
137 30
93 33
4005 3923
7893 7837
176 11
146 7
127 54
116 35
129 48
159 91
7977 7900
7957 7881
7972 7892
4110 3951
7979 7869
180 113
170 78
3997 3946
4116 4017
7931 7839
95 3
4026 3961
4061 3958
174 57
117 78
8019 7907
4002 3950
8008 7890
8003 7858
125 99
56 30
174 86
4103 4064
91 44
4066 3964
4113 4010
3976 3925
3967 3917
7987 7912
136 4
4080 3937
4071 3962
76 6
4109 3919
4072 3987
138 101
113 73
4068 3981
141 20
4115 3982
4100 3976
170 15
8018 7925
93 7
104 27
4071 3994
4068 3981
92 8
146 70
7975 7863
8016 7889
7930 7826
4062 3952
4043 3938
143 30
148 89
4113 4018
171 97
4109 4030
76 24
4030 3965
8008 7887
8008 7831
7997 7843
156 51
4110 3965
8000 7944
2141 2052
62 17
2061 2017
2115 2077
8018 7862
154 61
136 56
189 145
198 119
2117 2006
2037 1998
74 9
2156 2052
153 109
157 91
2162 2069
2130 1996
2129 1972
15796 15672
2139 2095
15826 15726
190 32
126 17
160 24
187 17
15832 15666
139 82
2023 1988
15825 15667
2082 2012
164 129
170 68
177 87
2138 2078
2114 2029
120 85
15812 15651
2155 2061
2114 2021
2071 2035
15805 15672
37 6
2070 1997
179 139
176 16
2077 1995
159 5
135 45
15796 15695
15781 15668
141 14
1997 1967
197 68
2090 1978
2089 2016
2139 2101
104 18
2095 1996
69 18
159 30
141 33
2127 2064
15826 15731
15776 15646
69 2
98 21
160 54
15825 15688
2028 1968
158 15
2064 2021
111 9
199 46
2134 1976
170 56
2039 1992
2146 2111
2156 2118
15810 15652
151 56
98 31
2156 2077
149 83
2133 2079
119 87
15830 15711
172 109
2153 2007
121 8
187 126
15830 15659
31451 31269
86 42
186 128
146 77
2031 1993
97 33
141 36
2143 1975
57 12
2124 2074
2152 1969
194 18
67 38
132 9
65 24
31457 31291
75 38
187 157
165 45
93 65
77 20
144 40
156 61
142 120
138 78
192 55
185 82
125 58
64 21
198 74
143 37
157 108
178 73
130 79
156 128
82 26
187 129
127 39
149 119
151 66
182 84
65 18
125 87
119 93
177 69
141 36
195 114
77 27
189 90
121 29
96 25
79 26
193 91
163 57
79 26
101 52
180 111
43 19
183 78
174 33
182 154
149 80
180 150
171 87
31443 31286
31438 31283
31453 31297
32 18
52 33
66 45
91 73
96 78
64 55
86 74
39 34
172 150
61 54
160 142
191 170
147 131
175 156
183 165
163 147
72 65
148 134
109 100
193 179
141 131
178 167
163 154
172 165
105 101
149 144
179 173
54 53
111 109
133 131
2090 2060
155 153
161 159
2075 2050
2001 1981
2025 2005
3997 3959
4015 3978
4023 3987
4012 3977
117 116
2106 2089
2005 1989
2069 2053
4101 4071
7924 7870
7944 7890
7880 7828
7971 7919
7911 7860
4066 4040
7976 7928
4090 4067
7867 7826
15747 15665
15754 15672
15788 15707
4032 4012
7884 7845
7899 7860
2112 2102
7882 7845
31422 31280
170 29
31413 31265
3966 3925
2050 2041
199 200
111 113
9 11
