5001036499
293 21
212 5
88 3
97 6
262 17
232 18
266 24
114 11
197 21
280 32
108 13
109 14
179 24
186 25
148 21
230 34
221 33
246 37
297 47
220 35
205 33
238 39
222 37
207 36
149 26
198 36
263 51
260 52
246 52
183 40
229 51
116 28
278 69
28 8
195 59
182 56
270 85
167 56
235 80
287 98
287 99
233 86
110 42
242 93
285 112
228 91
264 112
222 96
296 128
91 41
242 114
205 97
264 125
19 9
287 139
92 45
155 76
283 139
220 110
179 90
147 76
279 145
158 84
296 159
216 131
147 90
136 85
195 122
57 37
204 133
278 182
235 154
236 157
152 102
281 189
202 138
127 90
207 148
255 185
252 183
242 178
300 225
106 83
294 232
175 139
262 211
246 199
289 234
213 175
297 246
246 204
294 249
104 89
170 146
167 146
236 210
209 187
101 91
288 266
298 279
261 246
276 262
289 276
150 144
201 193
198 193
140 137
128 126
96 2
5001000300 5001000161
286 287
246 246
96 199
237 239
110 111
262 269
235 244
246 258
100 105
178 187
128 138
164 177
260 281
247 267
196 214
87 97
161 180
132 151
215 247
251 289
99 114
258 300
131 153
178 211
42 52
163 208
199 257
133 172
177 232
186 248
211 282
175 235
113 153
138 189
56 77
159 220
48 67
52 73
173 243
196 276
196 279
96 137
196 284
200 292
199 295
172 255
96 144
142 213
190 288
188 289
59 92
187 297
131 210
181 291
95 153
89 147
65 109
133 224
155 274
84 150
151 282
52 98
108 205
105 203
79 157
116 236
49 101
99 206
118 253
136 296
128 283
88 198
65 152
102 245
93 224
80 200
105 265
113 287
31 82
105 280
92 257
93 267
40 117
101 298
21 63
95 285
96 291
86 263
45 147
38 135
58 217
66 247
76 296
44 172
74 297
60 260
52 229
33 149
36 172
42 206
40 203
54 289
33 179
6 33
47 260
41 228
17 97
32 188
42 247
41 260
27 179
27 183
32 223
38 275
34 251
25 187
28 233
27 225
15 128
27 237
28 276
26 288
12 168
17 280
13 231
6 111
15 280
5 131
5 142
3 184
4 295
