991922
173 1
90 4
200 11
165 10
130 8
81 6
132 12
145 15
132 15
68 9
87 12
177 25
130 19
145 22
196 31
194 37
136 26
173 34
157 35
80 18
114 26
65 15
178 44
151 38
117 30
189 51
133 38
139 2
185 54
196 64
156 51
183 61
178 61
176 76
150 65
55 24
57 26
153 71
109 55
182 92
98 51
51 27
152 83
118 65
195 110
157 96
65 40
185 115
180 112
129 82
22 14
98 63
125 84
196 132
196 133
168 116
108 75
43 30
169 121
52 38
44 33
130 98
46 35
95 73
184 142
139 111
133 108
118 96
87 71
181 148
157 131
163 142
55 16
167 149
49 45
198 182
156 146
110 103
160 151
126 119
67 64
144 138
133 128
68 67
200 198
108 107
31416 31271
31439 31300
31419 31282
31403 31281
31457 31336
31435 31323
31445 31335
31423 31330
31433 31343
31432 31355
31447 31372
31450 31376
31415 31343
146 128
31388 31315
31458 31434
31394 31333
31397 31336
31404 31344
31457 31403
31400 31351
31453 31410
31424 31386
31441 31426
31383 31371
31404 31392
175 183
31421 31420
31421 31425
31392 31404
31436 31460
31404 31439
31401 31447
75 103
166 167
96 98
67 69
94 97
30 31
94 99
157 166
146 160
110 126
111 129
112 133
153 182
137 164
155 189
36 44
138 172
115 145
144 184
153 197
86 111
127 166
84 112
144 193
141 189
93 126
104 142
94 129
85 119
31 45
102 153
43 65
90 137
88 134
116 180
92 147
73 118
12 20
81 136
73 127
95 170
98 180
44 81
68 126
104 198
95 181
63 129
30 63
52 110
26 55
49 105
7 15
42 91
89 193
51 119
80 187
52 126
40 97
48 118
76 192
37 100
24 68
35 100
22 63
18 57
33 106
24 78
43 140
51 168
27 95
54 196
41 161
19 78
37 153
32 135
46 195
37 160
41 186
34 167
32 159
38 189
23 141
9 58
18 116
20 133
25 173
10 97
15 156
9 114
9 166
5 164
2 140
