100026876
159 1
249 91
254 62
162 56
220 26
195 103
112471 112232
257 104
275 166
296 123
193 22
134 37
237 142
251 127
288 88
259 159
253 133
283 55
195 14
234 142
278 85
263 34
281 72
181 62
265 173
226 33
133 39
259 4
118 22
198 36
238 76
267 37
240 151
282 49
137 18
230 29
294 28
158 23
208 13
239 143
246 80
240 127
150 41
283 45
124670 124427
124696 124512
248 117
249 56
225 80
227 39
214 72
160 59
124695 124478
124711 124436
300 202
228 79
197942 197668
220 116
263 9
231 25
240 6
278 90
230 32
195 40
237 150
149113 148837
276 79
196 83
208 74
149 56
294 31
203 36
292 33
281 54
197937 197663
237 59
244 16
196 76
190 83
250 43
258 93
268 32
178 66
179 46
248 91
124558 124420
295590 295474
149015 148892
490879 490755
124551 124418
490845 490631
124592 124469
490919 490729
148987 148860
490900 490649
490838 490661
124568 124452
197921 197679
881536 881315
881496 881324
112501 112375
197849 197715
295531 295359
112387 112245
490801 490634
93 7
81 14
91 16
86 18
106 24
44 12
106 30
72 25
127 48
99 38
95 38
121 52
74 33
153 70
119 55
94 44
67 32
154 77
42 23
166 94
131 75
223 141
183 119
159 105
252 167
210 143
246 168
179 123
178 125
225 160
194 139
269 194
288 208
239 176
80 59
239 177
293 220
259 197
249 199
136 109
222 180
278 226
77 63
82 68
208 173
144 122
237 201
97 83
283 243
125 108
280 242
178 154
130 113
223 194
213 187
292 260
166 150
293 266
194 178
187 173
219 203
152 142
214 200
274 257
169 161
195 188
210 203
234 227
175 170
132 129
285 279
88 87
229 63
149051 148945
124545 124462
148958 148859
148966 148868
124650 124569
148926 148837
148926 148840
197826 197722
124629 124568
124626 124567
197885 197792
112291 112242
197743 197658
197873 197793
112271 112227
295602 295514
295574 295488
124504 124468
295457 295374
149112 149074
197929 197879
295409 295343
112375 112350
295534 295473
295520 295466
881430 881283
881547 881409
881426 881305
881428 881308
295406 295366
490877 490811
490844 490780
490858 490795
881392 881279
124441 124426
881361 881260
148960 148944
1662735 1662557
881475 881383
3225285 3225155
295448 295421
490785 490742
881505 881432
1662703 1662633
881316 881252
490895 490861
881434 881373
3225258 3225039
3225239 3225026
881358 881319
1662714 1662619
1662730 1662653
3225270 3225108
3225208 3225058
1662748 1662668
3225138 3225044
3225138 3225037
6350230 6350044
6350211 6350071
6350190 6350039
3225217 3225137
1662664 1662598
1662778 1662716
6350251 6350089
295604 295581
490751 490726
490874 490850
148991 148984
881387 881358
490679 490664
124445 124442
112323 112242
6350247 6350121
490829 490820
1662783 1662752
112394 112394
219 221
162 164
207 211
