99379662
95 1
98 2
89 3
70 4
81 7
88 9
37 5
18 3
77 14
84 16
93 25
90 25
94 28
50 15
96 29
76 27
99 38
92 38
26 11
95 42
65 1
59 29
95 49
64 35
69 38
96 54
82 47
63 37
72 43
85 51
54 34
94 66
23 17
63 48
68 53
87 68
83 65
37 30
81 67
53 47
97 92
74 71
67 65
42 19
16250100 16250006
70 78
13125100 13125074
35000099 35000008
35000100 35000056
27 27
66 73
61 62
65 83
18 23
48 62
30 39
63 91
13 19
55 83
25 41
14 25
34 64
20 39
40 80
46 100
35 81
33 82
19 49
21 56
14 38
30 87
27 80
24 74
28 98
21 77
22 84
17 74
14 76
10 57
13 92
5 75
6 95
4 74
4 85
