5001012676
96 24
91 19
100 7
88 17
80 15
85 10
88 11
92 12
80 3
57 4
67 6
54 7
34 6
73 15
68 14
81 17
37 8
60 13
46 10
63 14
42 10
75 18
33 8
84 21
76 20
58 16
29 8
42 12
34 10
64 21
57 19
48 16
33 11
9 3
53 18
93 32
99 35
49 18
68 26
59 23
64 26
59 24
92 38
29 12
65 27
98 41
52 22
96 41
91 39
28 12
96 42
18 8
67 30
73 33
87 40
52 24
84 39
45 22
80 40
59 30
59 30
86 44
91 48
81 43
30 16
87 47
55 30
80 44
27 15
59 34
90 52
70 41
72 43
20 12
97 59
68 43
96 61
58 37
85 55
71 47
61 41
95 64
74 50
35 24
88 62
61 43
79 56
70 50
72 52
71 52
19 14
83 62
68 51
85 65
98 77
86 69
89 75
46 39
54 46
70 60
51 44
74 64
30 26
98 85
79 69
90 79
99 89
51 46
99 90
68 62
51 47
40 37
55 52
96 93
71 69
38 37
40 39
89 88
55 2
5001000100 5001000028
89 100
78 78
41 41
53 86
80 81
78 79
86 88
80 82
77 79
67 69
63 66
75 79
71 75
28 30
55 59
59 64
88 97
29 32
66 73
50 56
40 45
88 99
32 36
37 42
56 64
72 83
75 87
68 82
58 70
77 93
52 63
52 63
14 17
82 100
53 66
16 20
61 77
78 100
50 65
66 87
12 16
6 8
44 60
59 81
68 95
61 89
51 76
67 100
50 75
66 99
16 24
43 66
43 66
50 77
53 83
62 98
27 83
46 75
41 67
56 92
52 88
58 100
50 87
32 57
51 91
25 45
6 11
19 35
27 51
39 74
32 61
26 53
32 67
31 66
14 30
46 99
6 13
37 85
33 76
9 21
33 83
37 94
22 56
33 85
35 91
23 70
29 89
28 87
29 94
24 79
28 94
26 90
12 42
23 83
14 52
24 92
14 54
17 66
22 100
12 58
17 87
17 88
13 91
10 73
10 74
10 78
10 78
10 83
11 92
8 67
10 91
8 75
4 46
6 79
4 64
2 37
4 74
3 69
4 97
3 73
1 83
