1032050
246 96
257 21
4 1
144 8
146 43
258 6
257 45
175 51
213 9
179 1
62 26
124 17
255 108
140 35
259 62
66 21
237 83
267 7
143 42
257 93
276 68
104 50
232 84
252 29
150 60
138 2
122 1
167 64
232 46
165 28
262 81
296 69
300 103
256 23
160 71
229 66
284 2
116 43
235 110
285 25
290 65
154 54
191 29
246 108
194 21
171 7
223 50
244 105
267 30
127 3
260 118
249 55
169 59
217 84
245 76
261 17
265 42
142 48
223 7
135 61
149 2
220 90
125 41
280 44
175 50
247 54
266 86
299 83
224 88
282 66
235 55
269 123
115 44
161 71
309 137
258 119
186 85
295 116
214 103
330 92
268 63
266 103
365 79
362 92
261 121
110 53
283 137
192 94
171 84
297 147
307 152
48 24
36 18
245 123
426 216
180 92
292 150
260 134
227 117
182 94
428 224
260 137
235 124
157 83
547 290
276 147
227 121
131 70
167 90
219 119
85 47
65 36
197 110
184 103
107 61
245 141
274 160
238 140
188 111
69 41
552 329
300 179
43 26
217 132
501 305
210 129
266 164
234 146
271 170
375 236
366 231
361 228
298 193
545 355
280 183
159 105
109 72
433 289
176 118
119 80
757 510
297 202
77 53
427 298
341 238
243 170
258 182
119 84
513 364
214 152
375 268
90 65
112 81
261 190
288 211
320 236
226 167
135 100
431 320
257 194
256 196
88 68
198 153
247 191
302 235
203 158
417 326
107 84
369 290
215 169
89 70
729 579
444 355
266 213
214 172
216 174
215 174
343 279
220 179
173 141
219 179
123 101
262 216
272 227
767 641
244 204
165 138
314 263
286 240
106 89
736 619
1253 1055
284 240
718 608
156 133
426 365
257 221
258 222
204 176
193 167
791 685
203 176
285 248
1231 1075
296 259
630 552
259 227
603 529
149 131
1271 1118
101 89
236 208
272 240
2239 1981
200 177
175 158
341 308
240 218
1202 1095
2197 2019
2229 2049
572 527
293 270
642 592
601 556
294 272
271 251
705 653
225 209
173 161
116 108
4206 3925
139 130
298 279
783 734
1211 1138
83 78
217 204
2181 2052
1212 1143
1092 1030
235 222
481 455
354 335
171 162
1088 1032
719 683
4206 3999
1100 1048
212 202
215 205
4143 3955
547 524
1234 1190
4130 3986
4083 3957
4063 3939
4115 3993
8116 7877
1268 1232
8081 7853
294 286
224 218
191 186
459 447
2077 2025
4053 3954
251 245
199 195
4144 4063
7988 7845
8046 7914
8031 7900
2194 2162
15886 15687
161 159
4063 4013
15842 15657
8001 7908
15820 15646
184 182
1119 1107
8064 7981
7915 7834
297 294
1111 1100
118 117
31533 31280
2257 2239
15812 15695
8065 8006
4111 4081
31515 31302
7883 7830
303 301
4021 3995
31556 31356
31492 31298
8102 8053
749 745
2131 2120
31482 31342
4194 4177
7947 7915
31555 31478
131 19
62786 62574
8006 7981
15927 15878
62679 62513
125291 125022
62789 62543
62668 62531
31346 31276
62718 62584
31375 31317
3992 3985
298 298
270 270
1260 1264
