653193
284 91
297 80
284 5
221 8
272 73
278 70
239 9
212 9
274 16
281 70
250 19
299 23
213 18
256 23
281 62
274 28
275 32
250 47
300 37
266 33
292 38
270 44
288 40
136 1
82 3
160 6
171 10
208 20
60 7
158 21
78 12
134 21
263 1
80 14
116 21
86 16
214 43
94 19
91 19
226 52
230 54
149 38
132 34
174 46
243 70
173 50
157 46
256 80
114 37
49 16
205 68
128 43
267 90
216 73
126 43
91 32
232 83
58 21
124 45
186 70
276 104
156 59
277 105
68 26
225 88
175 71
163 67
240 100
146 63
268 116
293 129
202 89
283 126
252 113
236 106
241 110
191 89
162 77
290 139
267 131
206 103
254 132
233 122
62 33
290 156
198 109
127 70
208 117
244 140
165 95
255 149
259 152
206 121
262 156
275 164
176 105
142 85
287 172
239 149
138 87
247 156
193 123
249 159
273 176
244 158
40 26
160 107
49 33
283 193
243 166
57 39
286 196
286 199
217 151
149 104
285 200
158 113
183 131
183 131
250 180
299 217
192 142
187 139
135 101
295 221
237 178
150 113
213 161
158 120
234 178
289 223
155 124
154 124
279 225
163 132
98 82
162 136
288 242
152 128
184 158
132 115
231 203
186 164
271 245
207 188
251 229
219 200
133 122
175 162
108 100
166 154
265 247
182 171
221 208
239 225
273 259
215 205
229 221
266 258
146 142
279 272
245 239
48 47
168 164
293 289
255 254
125 20
600300 600102
292 299
103 103
151 151
175 265
231 234
216 219
181 185
241 247
120 123
212 218
161 166
124 128
146 151
83 86
264 275
203 212
281 295
251 264
190 200
200 211
225 239
155 165
279 299
218 234
165 178
143 156
202 221
252 290
129 150
221 257
209 245
131 155
203 245
79 96
83 101
135 166
212 261
137 170
240 298
203 256
189 244
153 201
149 196
222 294
76 101
92 124
83 112
104 141
165 224
106 144
202 276
83 114
52 72
83 115
91 127
164 232
188 267
151 215
142 204
158 231
149 221
131 195
117 176
121 183
51 157
162 248
156 239
103 161
99 156
72 114
121 194
170 273
100 161
128 207
125 203
168 273
67 110
117 193
103 171
168 289
125 218
153 269
123 218
98 175
123 220
30 54
98 180
69 129
71 133
155 294
152 289
59 113
98 188
82 159
107 208
113 221
109 214
59 120
48 99
141 294
20 42
59 124
140 299
110 244
107 239
97 220
89 202
37 84
103 238
44 104
114 277
80 195
114 280
39 98
84 212
108 278
45 117
112 296
45 122
68 187
94 261
25 71
67 196
28 82
92 276
68 205
52 157
94 284
30 92
93 292
66 210
71 226
64 209
43 141
38 126
88 294
49 168
11 39
70 254
42 154
21 78
72 275
31 119
33 129
19 78
17 70
60 249
49 206
62 261
47 201
65 290
20 90
64 290
43 197
6 28
59 277
51 241
46 218
50 237
55 269
52 261
19 107
46 260
45 256
23 132
38 222
33 201
9 55
7 47
37 249
22 151
35 267
27 219
31 262
17 144
23 204
7 67
21 240
16 184
22 256
4 48
16 248
15 240
13 210
15 295
8 163
11 232
9 297
5 289
4 251
4 291
1 76
1 291
