9999234677
67 1
181 13
135 23
90 21
186 3
126 32
134 36
171 46
118 35
162 53
77 26
178 65
92 38
41 19
187 93
106 56
150 80
159 88
101 65
179 116
145 102
185 134
184 134
80 79
119531450 119531251
119531444 119531269
119531445 119531291
119531419 119531269
139062691 139062527
119531430 119531299
119531409 119531279
119531417 119531290
119531423 119531301
119531436 119531315
139062696 139062559
114 27
119531435 119531325
139062661 139062542
119531443 119531343
119531415 119531317
178125179 178125035
139062667 139062562
178125171 178125039
256250192 256250003
256250191 256250006
178125178 178125059
119531431 119531355
178125189 178125077
178125197 178125087
119531419 119531346
178125171 178125068
178125178 178125078
256250197 256250057
256250178 256250039
139062693 139062619
256250176 256250047
256250177 256250135
139062697 139062633
119531449 119531392
119531445 119531392
256250175 256250062
139062690 139062633
256250173 256250077
178125186 178125122
178125169 178125108
412500193 412500065
178125199 178125156
412500193 412500098
119531410 119531389
256250177 256250136
119531441 119531424
119531446 119531434
139062700 139062690
119531434 119531426
178125182 178125172
119531414 119531411
256250193 256250187
63 63
256250191 256250191
119531440 119531445
178125162 178125170
178125164 178125173
178125186 178125200
119531423 119531438
123 126
96 100
162 171
68 73
104 113
152 175
133 169
109 147
105 147
29 41
24 36
83 127
83 136
62 105
26 54
79 165
54 114
50 127
49 133
15 42
17 49
45 133
40 135
41 148
22 88
33 132
35 145
18 83
25 156
20 163
2 17
13 140
16 180
3 144
