9999947145
266 23
131 19
283 45
65 14
165 47
252 77
98 36
124 51
178 90
149 100
300 202
279 218
225 188
228 197
76540 76331
76501 76303
76521 76360
76518 76365
152763 152591
305455 305177
305436 305226
152708 152628
152674 152595
610605 610352
152732 152670
76365 76340
152644 152605
305385 305325
305352 305297
610564 610466
610572 610483
1220885 1220717
1220857 1220732
1220920 1220817
1220962 1220867
4883064 4882840
4883015 4882819
2441583 2441511
2441621 2441552
2441558 2441495
174 105
4883019 4882908
9765897 9765680
2441529 2441484
9765879 9765703
4882932 4882848
19531538 19531365
19531501 19531372
9765847 9765795
39062781 39062583
39062633 39062506
78125231 78125005
78125291 78125090
2441531 2441525
19531414 19531373
39062677 39062610
78125282 78125154
156250268 156250040
156250258 156250058
39062552 39062507
156250237 156250064
156250245 156250084
39062647 39062608
19531312 19531299
625000283 625000005
78125183 78125156
78125101 78125080
312500251 312500168
312500269 312500187
312500136 312500084
4883112 4882988
625000243 625000131
1250000280 1250000204
156250269 156250259
1250000249 1250000213
312500202 312500194
625000176 625000175
156250200 156250201
312500166 312500168
312500143 312500177
9765656 9765778
312500103 312500143
312500129 312500176
156250206 156250232
312500124 312500177
156250219 156250253
78125220 78125246
39062663 39062689
156250138 156250288
39062606 39062650
156250063 156250296
78125070 78125230
4883008 4883019
19531279 19531325
39062661 39062767
19531471 19531546
9765881 9765919
39062578 39062796
19531374 19531514
19531346 19531520
9765693 9765784
19531297 19531518
9765803 9765919
9765646 9765767
2441531 2441566
9765685 9765834
4882886 4882985
2441620 2441682
4882886 4883025
4882858 4883083
1220803 1220869
305210 305228
2441517 2441665
610588 610631
1220859 1220961
1220715 1220818
610358 610412
2441458 2441706
610371 610444
1220796 1220949
1220757 1220935
610503 610595
305415 305462
305296 305351
305264 305330
610469 610605
152634 152675
610456 610626
610387 610562
305332 305431
76486 76514
152681 152793
152647 152806
76349 76430
152641 152848
76358 76488
76350 76497
194 204
68 76
83 95
216 258
141 176
57 76
70 97
15 26
84 151
108 246
83 266
58 240
51 275
15 101
21 260
