9975006824
80 5
55 6
27 4
79 16
100 2
56 12
45 10
82 20
91 23
73 22
74 23
45 14
77 24
71 24
64 23
88 34
57 23
95 39
34 14
86 38
18 8
92 42
87 40
40 19
85 43
59 30
21 11
59 31
83 44
83 45
92 50
91 50
45 25
97 57
81 51
81 51
55 35
93 60
15 10
92 63
82 57
33 23
47 34
91 68
96 73
56 44
32 26
55 46
94 79
90 76
54 46
71 61
90 78
47 42
75 70
19 18
92 91
38 8
412500098 412500040
412500097 412500054
725000100 725000037
725000099 725000050
5100000100 5100000059
2600000099 2600000096
9 9
45 45
27 27
24 24
93 94
89 90
85 86
48 49
34 35
94 98
54 57
88 93
88 93
77 82
49 53
90 99
41 46
84 96
32 37
44 53
39 47
63 76
39 48
65 81
71 93
21 28
42 61
13 19
48 73
39 60
18 30
59 99
43 81
42 85
26 53
15 34
29 66
32 74
16 37
34 89
29 76
16 43
26 76
29 85
25 82
30 99
30 99
9 31
20 70
26 98
24 92
23 96
11 46
11 53
17 87
15 82
8 53
8 55
6 45
5 52
3 68
1 72
