50013294
295 150
294 134
243 98
251 19
222 22
249 48
277 59
187 42
215 49
223 52
237 91
285 100
299 164
84 4
289 6
171 46
165 45
111 36
144 55
203 82
182 78
44 19
91 47
252 132
166 104
268 170
227 148
174 121
282 198
292 214
262 199
192 153
132 107
226 186
102 88
235 203
268 232
272 249
155 147
167 162
146 39
50000299 50000066
260 298
48 82
228 235
142 159
229 259
220 256
216 252
234 284
125 157
191 244
224 294
221 295
156 209
140 197
133 194
177 263
177 281
43 74
117 206
144 257
135 245
87 160
26 48
85 175
96 201
44 96
115 263
110 264
61 161
39 147
34 155
62 293
39 186
15 111
23 221
10 223
5 119
4 184
1 236
