100006225
65 2
63 2
52 4
41 4
79 8
95 11
50 8
75 12
66 12
98 19
99 22
88 24
80 23
65 20
51 16
65 21
27 9
36 14
85 38
25 12
40 21
56 31
32 18
10 6
91 55
78 48
83 52
20 13
52 34
78 52
93 63
79 54
85 59
72 56
55 45
77 64
88 75
39 34
196406 196317
196404 196316
196399 196316
196401 196319
68 1
196389 196313
196393 196317
196389 196314
196387 196315
196393 196322
196382 196315
196382 196321
196374 196318
196409 196354
196404 196350
196391 196338
196412 196365
391723 391630
391717 391626
391722 391634
196359 196319
196383 196345
391715 391640
196403 196368
196403 196369
391707 391642
391694 391632
391684 391628
391719 391663
391724 391668
391693 391641
196395 196369
391707 391660
782346 782257
196350 196328
196354 196332
196397 196375
782339 782255
391677 391635
391719 391679
196339 196319
196385 196365
782329 782256
391700 391664
782349 782279
782332 782264
196407 196390
196410 196393
391674 391642
196347 196331
196352 196336
196386 196370
391681 391650
391694 391663
782312 782251
391718 391688
196329 196314
391679 391650
391710 391681
782310 782253
782328 782271
391662 391634
196412 196398
782318 782264
391657 391631
196362 196349
782310 782261
782345 782297
391684 391660
391692 391669
1563600 1563509
782333 782288
782333 782289
391665 391643
1563596 1563511
1563596 1563513
1563583 1563504
782298 782259
782299 782260
782324 782285
196392 196314
782332 782294
782333 782295
782317 782280
1563594 1563522
391691 391673
782289 782254
391642 391625
391680 391663
1563589 1563524
391657 391641
391670 391655
391674 391659
1563591 1563532
1563594 1563536
782304 782275
782319 782292
1563572 1563519
782303 782277
391710 391697
782291 782267
782337 782313
391660 391648
391684 391672
196361 196355
1563571 1563525
1563593 1563548
1563595 1563550
1563583 1563540
1563597 1563521
782348 782327
196410 196405
782300 782281
1563592 1563549
782281 782255
1563555 1563508
782342 782323
391707 391698
782306 782290
782276 782258
782305 782287
1563558 1563523
782309 782292
782346 782329
391641 391633
391682 391674
782331 782317
782339 782327
196385 196382
196389 196386
782306 782296
391707 391703
782259 782253
391706 391703
782333 782329
782348 782344
391677 391675
196378 196377
782323 782320
782283 782281
782317 782315
782344 782342
782327 782327
782327 782328
782262 782263
391646 391647
782278 782280
391668 391671
782252 782258
391707 391711
196339 196342
391659 391665
391646 391652
391692 391699
196390 196394
391664 391672
391689 391698
196333 196338
196332 196337
391681 391691
391651 391661
391663 391674
391648 391661
391668 391683
391665 391680
391691 391707
391696 391714
391630 391649
196366 196376
391695 391716
196389 196401
196335 196348
196318 196331
196386 196400
196359 196373
196391 196407
196391 196407
196374 196390
196332 196352
196356 196377
196375 196397
196381 196405
196376 196400
196327 196352
196323 196351
196343 196372
196335 196364
196375 196408
