1010088
68 36
4056 4007
2146 2082
8008 7949
44 16
7999 7914
41 24
2151 2066
2092 2061
7996 7925
2106 2058
2120 2078
2119 2069
38 10
32 2
2091 2066
95 29
57 10
74 9
7993 7958
7992 7950
65 34
2138 2127
32 9
51 6
72 6
7999 7926
8005 7941
2141 2067
7997 7919
7976 7935
80 10
7992 7942
8008 7950
87 46
7999 7916
2093 2058
38 19
2144 2097
2098 2084
86 37
24 18
7987 7926
2143 2061
8009 7964
33 5
92 33
2138 2101
87 40
98 3
11 6
76 57
89 14
15803 15729
75 66
2099 2083
78 50
4101 4046
7975 7942
2075 2055
2126 2112
7965 7918
38 4
2153 2115
2146 2100
2126 2093
50 45
2133 2061
2143 2057
15816 15748
7963 7931
100 49
56 47
2114 2070
7953 7919
98 24
15825 15753
20 8
75 69
2104 2074
4052 4030
2136 2065
4051 4029
37 21
2083 2055
78 31
8003 7923
4088 4057
59 19
7976 7942
69 12
7987 7943
53 1
52 23
4065 4041
42 15
2130 2057
76 34
7960 7916
100 41
68 22
63 19
7985 7921
2088 2059
78 5
2136 2125
31 12
2150 2109
94 10
57 1
69 62
7948 7915
2095 2065
7969 7920
50 19
4104 4041
7981 7945
2119 2077
85 70
7973 7916
98 60
62 16
4075 4013
4096 4038
4027 4010
19 6
2073 2058
26 3
12 4
4096 4027
90 7
4101 4067
2107 2089
73 18
80 29
56 26
37 13
56 10
4096 4070
30 3
2086 2066
72 12
4090 4026
78 62
74 9
33 4
98 84
4064 4008
4097 4037
2096 2062
87 10
28 6
2120 2060
92 53
24 9
90 72
4071 4013
88 23
82 53
83 68
86 13
32 25
4090 4050
26 9
54 30
92 18
4072 4032
85 80
4061 4032
4093 4042
4077 4050
74 59
4044 4013
53 26
97 70
4089 4055
100 79
23 2
4074 4018
97 18
64 21
76 40
15798 15728
34 12
82 50
4080 4007
88 45
49 34
4095 4038
4073 4024
49 23
85 36
79 31
4072 4044
51 29
57 9
4096 4071
96 75
69 11
25 17
4105 4064
78 42
4103 4044
4104 4023
4083 4023
73 51
58 10
39 29
7970 7946
7994 7962
7980 7956
15787 15735
15823 15763
15816 15760
15800 15748
15819 15772
15806 15747
15800 15750
4078 4062
7991 7966
7958 7934
7 3
14 12
31 27
50 46
90 86
79 76
35 34
82 81
4029 4015
4075 4061
4027 4015
4066 4054
2060 2054
15821 15775
15776 15731
15820 15775
7938 7916
4024 4013
15777 15734
15785 15742
31438 31353
15785 15743
15791 15750
15797 15757
7948 7928
31441 31362
15811 15772
15822 15783
8007 7988
15772 15736
7974 7956
2131 2119
31430 31357
15778 15743
2125 2122
7944 7929
2122 2118
65 65
