1009533
254 17
149 18
276 18
222 25
172 17
248 101
234 28
167 31
267 4
264 120
260 117
214 44
293 105
199 46
274 10
146 18
192 52
188 4
234 59
158 28
278 43
296 33
93 3
97 4
120 30
46 15
95 31
6 2
131 45
125 56
209 97
114 59
59 31
291 190
287 178
226 120
282 173
260 148
269 160
165 89
205 122
144 86
151 92
244 149
216 135
186 119
176 116
257 172
249 167
163 110
250 169
159 110
260 180
145 104
269 197
58 43
221 165
153 115
201 153
184 143
197 156
252 203
181 147
246 201
77 63
225 189
161 136
138 122
270 239
262 232
207 186
80 72
116 106
166 154
276 259
287 284
102252 101977
104203 103931
104195 103925
108092 107818
104177 103932
108112 107862
163 86
115925 115670
115901 115653
131507 131265
114 114
