9980490035
177 8
73 17
87 22
188 48
124 32
195 58
153 48
82 32
197 81
130 56
166 100
137 84
174 118
173 126
180 134
155 122
181 147
167 139
189 166
19531405 19531263
19531430 19531302
19531369 19531270
19531399 19531311
19531420 19531334
39062689 39062520
19531400 19531316
19531436 19531353
82 15
39062651 39062513
39062654 39062516
19531373 19531310
39062620 39062502
39062674 39062558
39062637 39062530
19531329 19531279
39062693 39062596
19531449 19531402
39062674 39062589
78125165 78125011
78125166 78125030
19531363 19531329
39062606 39062542
78125152 78125025
19531286 19531256
78125131 78125013
78125191 78125075
39062586 39062532
39062589 39062536
78125157 78125052
78125114 78125010
39062590 39062539
78125126 78125036
78125091 78125009
156250166 156250004
19531363 19531343
156250159 156250003
156250182 156250032
19531308 19531291
19531327 19531310
39062685 39062651
19531384 19531302
78125191 78125126
78125133 78125072
78125195 78125134
78125097 78125040
156250136 156250041
156250151 156250059
312500195 312500017
78125150 78125106
78125179 78125139
156250141 156250062
156250129 156250054
312500200 312500051
39062579 39062561
312500198 312500060
156250157 156250089
19531291 19531283
156250195 156250135
78125176 78125147
156250186 156250132
156250162 156250109
156250166 156250036
39062610 39062593
39062626 39062614
156250154 156250134
78125156 78125144
312500198 312500125
78125108 78125090
156250098 156250063
156250096 156250064
19531449 19531445
156250087 156250057
78125110 78125097
312500191 312500149
156250171 156250154
19531272 19531270
39062669 39062665
156250172 156250157
156250145 156250140
156250177 156250172
156250155 156250151
19531404 19531404
39062573 39062574
157 170
156250103 156250115
156250163 156250177
156250093 156250108
39062691 39062695
78125172 78125180
78125172 78125186
39062669 39062678
156250146 156250193
78125081 78125106
78125165 78125191
39062554 39062567
78125045 78125076
19531353 19531361
39062587 39062611
78125131 78125180
78125089 78125140
19531293 19531306
78125049 78125103
78125096 78125152
39062534 39062563
19531429 19531450
78125120 78125188
19531282 19531300
78125099 78125171
39062648 39062685
39062636 39062674
19531289 19531309
39062626 39062669
19531304 19531328
19531269 19531293
78125045 78125144
19531385 19531411
19531414 19531443
39062626 39062689
19531376 19531409
39062608 39062679
39062602 39062675
39062578 39062655
19531314 19531353
39062609 39062700
19531320 19531368
39062562 39062665
19531327 19531381
19531313 19531372
39062548 39062671
19531282 19531344
39062564 39062691
19531375 19531449
19531317 19531414
19531269 19531375
19531331 19531438
114 125
89 101
157 181
164 197
37 45
148 186
61 78
64 97
73 122
113 191
53 99
47 105
60 137
57 134
74 197
56 158
26 162
2 15
3 183
