51018633
189 124
263 18
92 8
245 24
159 17
298 35
187 22
183 27
237 39
128 22
185 33
114 23
139 29
93 20
264 59
237 53
198 46
245 57
221 53
221 57
73 19
172 45
204 54
192 51
264 73
58 18
235 75
296 96
288 104
253 93
19 7
245 92
226 93
294 123
233 120
273 151
117 66
163 93
258 156
292 180
148 96
158 130
91 63
185 131
185 132
274 196
240 182
277 216
273 216
175 139
236 188
300 244
269 254
280 235
278 252
271 257
127 121
156 150
206 201
173 171
72 3
51000300 51000242
265 292
201 206
178 183
127 132
48 50
119 126
35 38
49 54
159 177
198 223
248 290
123 144
229 275
167 201
202 261
206 267
210 274
78 109
56 82
179 270
171 258
163 276
134 246
157 289
141 265
122 232
120 237
107 213
94 190
31 63
97 206
93 200
60 130
111 265
99 240
41 107
44 115
54 142
111 297
59 166
82 240
92 274
80 254
71 245
64 243
73 295
47 210
45 203
26 123
51 263
46 256
44 279
24 243
27 295
10 131
17 289
10 207
10 219
1 224
