516646
283 96
273 75
211 3
282 30
269 57
242 32
186 21
141 16
145 17
175 24
173 35
184 49
234 73
212 77
220 88
226 91
130 54
185 78
113 50
235 113
203 98
153 75
214 118
151 89
235 142
244 149
148 92
135 89
159 105
149 101
242 185
203 158
273 215
252 206
204 167
292 245
238 201
299 260
123 109
239 220
187 173
140 130
300 286
81 78
281 2
500399 500274
267 276
261 270
196 213
155 156
208 210
201 211
188 202
182 199
218 241
220 246
236 280
230 273
159 195
146 180
239 296
73 91
222 281
91 118
222 294
170 237
159 236
94 141
51 77
95 147
97 152
153 244
128 208
138 227
134 222
175 300
61 105
172 298
92 160
53 95
119 224
66 129
107 215
38 78
98 216
131 292
63 155
117 288
114 293
98 289
16 49
55 169
84 271
64 213
77 270
53 186
64 226
72 292
54 267
4 89
3 221
