96939338
243 1
198 5
139 4
278 9
227 13
292 18
207 17
166 15
271 26
81 8
218 22
243 27
89 10
297 34
218 25
221 30
254 35
117 17
253 40
134 22
225 1
226 39
134 24
225 41
272 57
268 64
192 48
292 77
249 71
227 67
300 91
221 71
284 92
276 93
81 30
295 110
160 61
250 105
217 92
219 94
283 123
248 117
242 118
166 82
174 86
141 73
231 123
127 68
166 92
92 52
217 123
265 151
191 114
142 85
68 41
162 100
263 166
167 106
285 48
129 85
258 172
138 92
172 119
222 156
189 136
288 214
281 215
90 71
259 205
223 177
172 138
259 211
22 18
132 109
283 234
146 133
299 277
205 191
103 96
260 245
87 82
247 237
3126259 3126038
3126299 3126113
3126243 3126059
3126224 3126064
3126274 3126122
3126222 3126073
3126287 3126139
299 192
3126232 3126101
3126278 3126160
3126284 3126175
3126300 3126263
3126288 3126199
3126257 3126172
3126250 3126166
3126243 3126160
3126239 3126164
3126272 3126198
3126225 3126158
3126285 3126220
3126227 3126163
3126268 3126231
3126269 3126249
3126254 3126248
3126266 3126261
3126279 3126275
3126223 3126228
3126277 3126286
3126264 3126280
3126246 3126269
3126222 3126274
3126223 3126283
251 290
295 298
261 264
164 167
39 40
188 193
256 264
190 197
230 244
235 256
265 298
219 249
194 222
92 111
213 262
82 102
68 86
52 66
66 84
161 205
168 222
194 259
210 284
136 190
130 190
177 267
68 104
169 262
167 259
132 209
134 229
74 129
150 275
105 194
117 217
141 264
78 147
107 206
30 59
111 224
109 221
122 253
108 226
135 284
133 282
105 229
125 283
95 220
97 233
89 236
63 188
34 103
80 245
86 264
60 208
72 257
79 293
76 291
47 191
62 278
53 242
35 181
30 181
37 230
22 186
15 128
20 217
20 243
14 205
13 197
9 152
12 208
10 185
6 161
9 274
5 264
1 231
