1029472
278 27
177 19
192 22
123 18
157 23
269 47
293 76
288 79
107 32
186 69
132 55
228 96
124 56
296 134
504 237
171 84
507 252
497 260
470 246
276 146
113 60
286 153
497 273
78 43
439 244
57 32
219 125
423 242
142 83
246 145
59 36
169 105
630 394
429 271
119 77
620 406
220 148
218 148
216 151
617 432
632 447
591 432
467 348
323 242
873 656
837 630
458 347
848 643
814 618
812 617
838 641
532 409
477 372
242 189
513 401
459 361
1372 1091
1362 1085
241 192
597 477
440 353
745 600
517 418
436 353
533 432
755 615
642 525
577 474
1324 1088
507 417
812 670
557 460
232 192
259 215
1364 1138
433 363
197 166
580 489
307 261
494 420
1283 1094
625 533
883 755
499 427
1281 1097
266 228
795 682
598 514
1278 1110
779 677
1272 1106
1251 1094
631 552
713 624
711 623
524 460
2353 2066
493 433
250 220
451 399
270 239
297 264
752 670
1269 1131
490 441
411 370
861 778
588 532
1332 1207
468 425
285 259
2322 2112
1212 1103
2259 2060
1233 1126
587 539
604 555
2294 2110
796 733
131 121
1293 1197
2272 2105
256 238
2219 2066
1343 1252
2241 2091
392 366
881 823
4285 4008
1248 1170
4297 4036
4260 4009
1164 1096
1142 1077
511 482
4264 4025
1343 1268
2196 2074
2334 2209
1311 1242
2340 2217
2309 2188
1135 1077
634 602
494 470
1137 1082
4277 4074
2278 2172
682 651
2273 2171
4274 4083
1207 1155
2171 2078
2208 2114
4214 4036
2166 2079
4217 4050
1267 1217
1296 1245
2171 2086
2274 2185
1255 1208
4256 4098
164 158
2181 2103
8202 7915
886 855
8197 7913
4214 4072
4207 4069
155 150
8202 7939
2238 2170
4239 4111
2333 2264
4153 4035
2114 2054
885 860
8139 7921
655 638
4252 4142
4264 4155
8122 7916
4238 4132
506 494
4177 4078
8137 7951
263 257
8200 8013
8147 7962
2122 2074
4282 4188
4172 4081
8112 7937
2353 2303
8177 8004
8097 7930
2298 2256
8137 7991
8205 8061
8096 7958
8117 7984
4195 4128
15978 15732
4226 4161
1124 1107
15976 15736
2101 2070
275 271
16010 15786
299 295
8105 7997
4265 4209
15996 15788
16001 15795
317 313
1309 1293
8159 8061
4142 4093
8170 8074
2214 2188
8124 8030
4165 4119
8200 8110
15966 15795
15918 15754
16017 15854
4266 4223
15946 15788
8056 7977
4054 4015
15943 15791
8037 7966
8202 8131
464 460
1282 1271
4057 4023
31645 31385
8071 8006
767 761
7977 7915
15920 15800
4089 4059
31601 31370
31635 31412
4278 4250
31636 31430
15870 15769
31610 31410
8204 8154
8015 7968
4055 4032
8146 8101
15993 15906
8183 8140
15996 15915
31648 31495
31576 31435
4102 4084
1333 1311
31518 31365
15825 15726
8108 8073
8018 7987
355 357
846 851
