9980496093
183 14
121 13
44 7
153 31
165 37
97 22
148 37
174 50
89 26
198 65
90 30
140 50
158 58
103 39
74 29
186 116
123 79
132 86
165 123
179 134
134 110
197 170
186 162
136 2
134 129
157 153
19531444 19531267
19531441 19531293
19531447 19531310
19531386 19531251
19531427 19531298
19531385 19531268
19531441 19531332
19531442 19531344
39062686 39062502
19531387 19531302
39062681 39062517
39062690 39062530
19531436 19531359
19531444 19531373
39062637 39062504
39062642 39062510
39062670 39062539
19531374 19531311
39062626 39062507
19531321 19531263
19531320 19531263
39062695 39062581
39062645 39062533
19531415 19531361
39062678 39062574
19531304 19531253
39062638 39062538
39062666 39062570
39062670 39062577
39062601 39062511
78125180 78125003
19531337 19531293
19531371 19531327
19531381 19531338
78125162 78125009
78125200 78125049
19531365 19531330
198 176
78125171 78125035
78125158 78125026
19531394 19531362
19531434 19531402
39062646 39062583
39062595 39062534
39062567 39062507
39062655 39062595
39062588 39062530
39062683 39062628
78125180 78125074
78125184 78125083
78125141 78125045
78125168 78125080
156250183 156250009
78125114 78125027
78125134 78125050
39062668 39062626
39062693 39062651
156250182 156250020
78125173 78125092
156250178 156250017
78125086 78125006
78125180 78125100
39062619 39062579
39062620 39062580
156250183 156250031
39062610 39062572
78125090 78125016
39062642 39062605
78125182 78125111
39062659 39062624
78125190 78125122
39062664 39062631
156250133 156250006
156250146 156250024
156250149 156250027
78125147 78125087
156250172 156250055
19531372 19531337
78125175 78125118
78125124 78125069
78125196 78125141
78125171 78125118
78125085 78125033
78125103 78125053
78125139 78125089
78125071 78125022
78125144 78125095
156250162 156250065
19531430 19531418
156250153 156250060
78125160 78125118
39062691 39062670
156250133 156250050
78125080 78125041
156250161 156250083
156250156 156250082
156250183 156250109
78125071 78125014
19531317 19531292
78125093 78125059
39062562 39062553
156250199 156250147
156250145 156250085
156250193 156250135
19531385 19531379
156250157 156250118
78125097 78125079
156250168 156250136
39062638 39062630
39062587 39062580
156250195 156250177
156250151 156250137
156250163 156250154
19531397 19531396
156250189 156250187
19531421 19531421
78125199 78125200
78125172 78125174
19531337 19531342
39062536 39062540
78125131 78125140
39062619 39062625
78125083 78125099
78125176 78125195
39062545 39062619
39062576 39062586
19531431 19531437
19531364 19531370
39062635 39062647
78125085 78125122
78125102 78125140
19531274 19531284
78125128 78125169
78125146 78125188
19531390 19531401
19531375 19531386
78125138 78125192
78125118 78125172
39062603 39062637
19531346 19531364
39062580 39062618
78125073 78125162
19531389 19531412
39062621 39062668
78125077 78125172
78125073 78125180
39062563 39062621
19531359 19531391
19531409 19531449
39062575 39062655
19531387 19531431
19531327 19531372
19531296 19531342
19531326 19531376
39062566 39062667
19531386 19531438
39062549 39062661
39062543 39062675
19531329 19531411
19531304 19531395
19531271 19531371
19531284 19531396
19531316 19531433
19531327 19531450
19531296 19531424
19531289 19531419
19531287 19531419
19531272 19531443
35 36
140 144
116 129
136 155
150 184
109 144
57 76
82 132
40 66
25 43
55 95
106 184
32 66
55 114
91 189
45 95
64 141
41 95
32 79
37 104
17 56
16 59
44 180
10 41
30 133
17 85
15 75
8 53
9 93
7 150
4 87
6 161
2 192
