100026223
152 44
176 31
224 137
274 32
266 83
230 12
127 25
225 89
198 109
161 74
276 50
205 27
152 22
256 142
199 75
290 170
210 59
272 131
114 20
139 59
283 107
289 107
273 183
272 45
231 12
204 111
183 61
163 27
166 82
271 108
294 100
229 7
193 59
272 106
168 19
263 167
207 97
206 119
196 36
254 117
226 8
254 73
291 88
192 23
127 23
126 16
278 29
264 56
198 51
137 41
145 31
175 71
296 40
265 41
177 2
246 126
292 165
232 122
219 73
252 135
246 99
151 30
195 2
156 13
177 1
297 106
238 76
233 96
281 190
238 77
284 88
123 25
297 32
261 132
225 37
299 203
283 37
53 4
91 13
59 12
62 20
88 30
16 6
123 48
43 17
121 53
130 57
136 66
126 66
69 37
145 79
128 70
112 64
131 76
124 72
195 125
212 138
193 127
226 150
210 141
231 156
240 164
182 126
132 92
153 108
279 201
197 146
97 72
235 176
66 50
22 17
229 179
151 121
259 209
255 208
184 152
227 188
212 176
291 243
161 135
179 154
225 198
300 266
283 251
227 203
164 148
221 203
62 57
252 233
201 187
256 239
1195584 1195313
1195595 1195355
1195601 1195362
1195553 1195331
1390885 1390652
1390911 1390681
1390900 1390672
1195504 1195317
1195523 1195340
1390864 1390656
1195560 1195382
1781514 1781259
1195528 1195366
1781538 1781297
1195509 1195349
1390839 1390653
1390818 1390635
1195545 1195388
1781501 1781269
1781549 1781317
1390895 1390714
250 146
1781488 1781258
1781521 1781291
1781541 1781312
1390868 1390692
1781514 1781290
1781483 1781261
1390862 1390692
1195505 1195359
1195466 1195322
1781541 1781327
1390878 1390711
1390820 1390654
1390789 1390627
1195475 1195339
1781547 1781348
1195490 1195357
1195597 1195464
1781524 1781328
1195576 1195450
1781463 1781276
1781499 1781312
1390917 1390771
2562772 2562504
2562787 2562520
1781437 1781259
1781445 1781261
1781440 1781257
1781509 1781329
1390913 1390773
1781445 1781268
1390788 1390651
1781494 1781319
1195556 1195439
1781536 1781363
1390778 1390643
1781455 1781284
1781530 1781360
1390829 1390697
1195531 1195420
2562750 2562516
1390823 1390643
1195455 1195346
1195430 1195322
1195572 1195464
1195513 1195419
