1049873
206 106
297 48
1265 1060
1263 1020
1238 985
1208 1076
1254 1066
93 32
744 525
781 583
290 172
38 30
705 622
727 560
1276 1119
137 87
778 545
766 495
679 552
1213 1017
780 547
710 491
248 161
1253 1109
661 501
1205 980
746 622
673 578
786 612
234 114
722 632
114 10
706 618
696 548
653 509
209 155
758 672
599 500
655 585
2239 1960
187 153
779 536
757 656
787 595
2233 1964
403 270
448 281
390 255
454 246
353 282
432 385
127 107
144 31
531 352
505 443
388 327
485 315
408 347
543 391
506 382
529 415
191 114
413 279
393 286
252 21
165 95
281 73
459 325
382 245
459 309
294 248
541 355
402 316
452 343
531 267
453 300
127 5
275 96
495 421
124 25
501 389
410 194
390 270
373 126
338 143
231 200
315 130
111 29
411 293
111 55
324 183
335 276
95 58
373 301
367 279
319 218
369 166
165 137
273 163
258 2
184 154
87 26
268 156
47 1
161 104
376 323
238 91
298 167
328 216
407 259
293 254
334 178
253 147
91 57
257 115
376 183
178 41
411 221
405 224
192 29
292 198
394 286
183 155
129 5
127 92
286 94
268 49
281 149
251 8
227 50
299 16
275 220
215 182
133 104
285 154
221 192
297 189
145 114
227 185
136 69
65 20
25 17
200 53
219 192
271 27
249 194
298 49
164 5
193 143
104 56
106 34
296 170
115 51
271 97
255 156
275 174
243 105
226 11
99 73
293 49
249 27
231 189
81 50
95 9
137 12
112 43
136 106
273 73
139 106
220 59
145 30
224 163
266 108
215 144
276 178
151 90
175 12
141 110
240 180
103 35
292 24
276 24
223 182
114 50
83 50
165 127
98 31
288 207
234 130
263 131
280 95
229 116
270 212
135 46
280 159
262 189
205 152
100 21
276 31
191 164
229 94
129 18
255 86
105 6
238 212
167 147
212 182
90 58
283 49
137 35
128 20
206 141
48 7
274 146
223 148
299 141
1112 998
212 43
282 28
290 84
21 12
236 164
111 86
281 134
276 142
296 14
185 121
83 31
292 12
283 133
255 75
190 60
263 86
266 78
188 118
248 200
205 88
247 69
170 142
239 24
268 142
196 82
290 10
74 46
111 77
93 12
288 248
262 1
288 179
126 111
113 92
298 239
234 186
139 61
116 72
275 180
202 162
272 232
242 47
185 44
215 41
233 193
229 61
288 77
120 5
249 164
114 43
83 33
263 179
135 117
245 129
257 113
280 23
262 90
50 23
212 199
82 74
241 227
1252 1152
1056 995
1255 1134
1110 1019
1209 1091
189 172
737 678
766 692
1274 1179
1175 1094
1224 1129
1226 1138
1229 1114
669 606
259 242
604 563
527 490
2138 1961
2208 2075
684 646
698 648
2145 2004
158 142
2199 2016
712 652
2247 2086
2201 2063
2135 1997
2169 1984
2226 2074
2191 2042
2246 2018
2171 1987
4179 3942
390 363
163 147
307 290
207 193
31493 31254
15922 15685
2119 2064
4106 3909
1269 1220
2205 2165
4163 4042
1268 1226
4134 4003
3999 3941
2246 2143
4063 3997
4203 4019
4185 4121
1116 1092
15917 15711
31550 31265
1135 1111
4176 3990
4154 3969
4199 4109
4146 4016
4004 3943
1045 993
4141 4102
1204 1147
8072 7972
4090 3934
4192 3967
4169 4117
433 413
2017 1962
1145 1102
279 266
7970 7820
419 396
4008 3957
1002 984
4060 3972
15832 15654
4114 4003
559 543
292 279
8024 7906
4002 3937
1246 1197
4085 3946
431 414
8084 7969
1207 1151
2073 2018
4062 3918
4113 3946
4028 3913
7961 7867
4017 3915
2047 1987
4183 4033
8040 7893
7971 7837
8030 7932
7999 7897
8106 7819
628 598
8015 7847
8014 7928
8043 7836
8060 7866
611 593
4162 4002
677 644
15877 15671
4190 4150
2198 2174
15860 15681
4135 3926
15840 15679
8022 7848
15853 15629
2237 2191
2146 2067
15795 15630
7990 7841
2142 2092
2101 2028
2217 2187
2161 2127
8011 7816
8097 7906
2238 2157
1979 1956
2159 2041
525 508
8073 7984
15856 15641
2163 2054
2213 2132
15834 15698
15804 15629
2187 2163
8078 7904
681 665
53 50
41 39
146 139
147 140
152 145
179 172
245 236
271 262
313 303
255 247
213 208
244 239
294 288
295 289
446 437
722 709
130 128
1034 1019
532 526
283 280
1187 1175
1973 1954
15825 15693
4111 4077
15824 15695
8039 7974
1243 1233
8041 7979
7873 7813
15798 15683
1970 1956
15749 15638
31542 31321
4114 4086
31533 31319
2072 2058
463 460
31534 31334
15808 15710
7958 7912
15726 15638
1272 1114
31492 31302
31476 31266
15749 15658
4050 4028
4194 4172
