99898797
174 1
175 2
219 3
276 5
255 6
250 6
286 7
275 8
248 8
299 12
41 2
139 7
45 3
265 19
53 4
297 23
141 11
71 7
289 34
237 29
218 27
257 32
184 23
255 32
254 34
294 45
273 44
253 41
160 26
213 35
289 48
106 18
264 46
57 10
267 47
243 43
105 19
182 33
82 15
251 47
176 34
134 26
159 32
112 23
222 46
102 22
270 59
224 50
219 1
21 5
157 38
267 66
254 64
15 4
209 56
63 18
147 43
245 73
210 63
212 66
259 82
142 46
119 39
269 90
182 61
271 92
263 90
131 46
291 103
275 99
132 48
123 45
237 88
31 12
198 77
293 114
233 91
174 68
107 42
290 114
108 43
193 77
238 96
237 96
31 13
219 92
164 69
67 29
150 65
168 73
233 102
278 122
125 55
49 22
227 102
257 116
266 122
114 53
129 60
206 96
77 36
81 38
116 56
138 67
171 85
284 144
161 82
92 47
158 81
290 149
146 76
194 104
144 78
234 128
197 108
234 130
215 120
166 93
226 129
111 64
259 150
262 152
280 164
147 87
281 169
250 151
33 20
73 45
178 110
265 168
159 101
221 142
229 148
270 175
296 67
270 179
42 28
292 195
204 138
257 175
245 171
285 199
234 164
164 115
171 121
187 133
205 146
263 188
222 159
81 59
178 130
64 47
241 177
267 199
229 171
232 176
235 179
254 194
270 208
205 158
230 182
172 137
251 200
236 189
151 123
200 164
291 239
278 230
296 245
250 207
215 180
233 196
284 241
233 199
127 109
284 244
240 207
38 33
269 234
68 60
279 248
127 113
91 81
209 187
238 216
158 145
282 260
85 79
270 251
71 67
20 19
155 148
247 237
279 268
135 130
153 148
190 184
36 35
258 251
234 228
94 92
295 291
167 165
130 85
195602 195318
195599 195354
195575 195335
195570 195332
195547 195321
195527 195322
195611 195408
195524 195326
195608 195416
195564 195395
195514 195361
390909 390633
195522 195403
195601 195487
390875 390658
390867 390655
195499 195393
390896 390690
390833 390653
390836 390672
195547 195469
195412 195335
390833 390679
390835 390682
195611 195535
390810 390660
390869 390728
390884 390744
195586 195517
390909 390773
176 175
390820 390691
195391 195328
781500 781256
781542 781307
195516 195458
781525 781304
390784 390674
195598 195544
195604 195550
390859 390755
195568 195518
195540 195491
195487 195439
781473 781286
390715 390627
390885 390798
781490 781318
390753 390667
390733 390649
781467 781302
781493 781333
781528 781369
781430 781273
390867 390789
781495 781344
390718 390643
781454 781312
390698 390628
781455 781315
195590 195556
1562794 1562537
781469 781342
1562798 1562550
781417 781297
390919 390861
195474 195446
781465 781356
781550 781445
781549 781445
1562794 1562592
781539 781272
781502 781410
781516 781426
781525 781436
390689 390645
195478 195456
390808 390766
195556 195535
390849 390808
390783 390749
195559 195542
390720 390688
390890 390858
781382 781320
781375 781315
390921 390891
1562765 1562649
1562723 1562525
1562713 1562602
1562794 1562716
195515 195508
781370 781316
1562757 1562658
1562737 1562639
195352 195341
781391 781351
390717 390697
1562767 1562690
781419 781384
781358 781324
390761 390745
1562730 1562669
781541 781513
1562740 1562692
1562733 1562695
781521 781504
781434 781418
390693 390686
1562765 1562755
1562716 1562707
390845 390845
1562735 1562733
27 27
781509 781516
195570 195573
781402 781414
1562747 1562772
1562725 1562757
390885 390894
1562730 1562778
781378 781403
781375 781403
1562725 1562783
781379 781413
195372 195383
781416 781468
781422 781477
390873 390901
781356 781414
781363 781422
390762 390792
390790 390824
781475 781544
390812 390847
195472 195491
195417 195438
390807 390849
781438 781526
781439 781532
781420 781514
390874 390923
781383 781484
390757 390813
195346 195375
195481 195514
390768 390835
195411 195445
390763 390833
390765 390836
192 196
781369 781529
390744 390828
781380 781549
390692 390777
195395 195444
390691 390811
390767 390890
390777 390914
195536 195605
195489 195569
390758 390920
390702 390882
195371 195465
195404 195501
390700 390897
390689 390895
195399 195504
195475 195584
195428 195540
195351 195474
195355 195495
195439 195588
195424 195577
195398 195561
195367 195541
195377 195555
195374 195576
195371 195578
195376 195585
195352 195568
195347 195563
258 259
230 231
258 260
168 170
175 178
216 220
138 200
217 222
185 191
265 274
102 107
132 140
148 157
278 295
277 297
60 65
193 210
257 280
162 177
207 229
94 106
250 282
261 295
191 219
63 73
220 255
255 297
179 209
172 201
156 183
110 130
65 77
46 55
171 205
140 168
111 137
164 205
81 102
222 280
48 61
158 201
96 123
171 220
173 223
106 137
154 200
90 117
205 269
32 42
132 174
157 207
198 262
139 184
201 267
145 193
148 197
84 112
27 36
188 251
183 245
98 132
129 176
175 239
181 250
154 213
172 240
202 285
100 142
84 121
138 199
91 260
128 188
123 181
117 174
163 244
130 195
4 6
125 188
152 232
153 234
179 277
73 113
99 154
41 64
77 123
128 205
68 111
148 244
107 177
68 113
148 246
120 202
93 157
76 129
117 202
145 255
112 198
144 257
142 255
94 170
127 232
96 176
154 286
145 270
142 265
143 269
110 209
120 229
133 254
130 251
118 229
70 137
147 293
124 250
26 54
71 148
121 255
133 281
134 285
110 240
61 135
122 271
58 131
94 213
124 289
126 297
50 119
115 279
97 237
115 289
64 161
95 246
48 125
34 90
73 203
103 298
68 205
40 121
88 272
51 163
88 282
59 193
46 151
24 79
82 271
26 86
85 283
83 279
84 289
67 231
58 202
41 143
84 296
82 290
72 259
74 273
71 264
73 290
32 140
41 186
27 130
56 270
12 58
41 199
46 229
15 77
52 272
29 152
34 182
32 182
13 75
34 205
39 237
32 220
16 124
19 155
25 206
34 281
32 269
20 185
17 158
26 255
18 191
22 242
21 249
22 280
8 102
20 258
16 228
19 291
9 138
17 298
8 170
5 139
4 132
1 55
3 204
1 80
2 199
