50012692
268 3
169 19
285 42
261 40
182 30
103 18
121 26
253 67
166 45
160 44
28 9
80 32
181 77
109 51
158 74
174 90
224 120
233 126
236 128
247 141
177 104
172 103
276 181
215 142
249 169
120 93
55 43
212 166
154 132
288 249
255 231
280 255
175 162
126 117
249 242
137 133
165 161
68 5
50001299 50001083
223 283
11 294
71 74
216 228
84 90
197 214
217 238
194 226
77 90
177 208
188 222
89 111
203 256
165 216
145 194
174 246
209 296
74 108
195 287
42 63
139 210
133 203
111 181
55 92
107 207
89 181
108 257
93 222
78 191
115 298
47 138
64 222
39 182
28 133
57 272
55 285
28 253
31 295
21 227
14 271
7 141
12 289
