1026093
163 29
223 110
138 77
281 21
296 69
173 71
254 1
132 8
125 60
239 37
147 53
283 111
157 67
249 136
291 53
262 114
207 98
274 67
83 26
233 78
282 137
298 73
202 116
150 5
242 32
220 10
274 60
268 125
240 60
47 8
241 2
176 42
285 76
23 7
232 37
175 96
259 49
198 109
273 75
131 27
158 74
274 103
105 5
191 22
187 90
169 67
84 34
252 59
202 40
213 14
190 60
261 120
194 25
176 33
93 48
36 1
279 39
202 63
286 58
242 108
282 1
192 60
260 52
197 16
227 96
287 135
298 131
218 12
299 4
171 41
203 113
253 29
214 73
178 27
165 92
193 10
232 23
267 99
266 139
101 47
269 63
186 62
235 63
210 34
141 9
235 44
175 82
168 74
139 54
120 48
219 6
51 24
134 58
288 78
163 40
122 61
239 9
16 4
111 36
150 34
220 68
201 20
297 140
144 83
95 45
139 44
135 66
300 16
172 68
212 119
300 100
226 44
241 111
136 50
166 59
282 28
152 1
98 38
282 76
175 86
101 16
79 42
290 77
71 12
298 123
72 4
135 71
300 87
273 49
115 32
124 71
246 135
210 16
110 33
239 95
241 94
259 162
289 168
278 161
249 155
163 96
227 137
283 164
238 142
164 102
254 155
267 158
117 76
203 132
286 185
266 164
67 39
192 129
172 119
224 158
226 192
229 190
284 225
291 251
278 234
295 201
213 149
190 137
250 178
270 205
283 190
261 178
162 109
264 193
279 209
105 72
232 193
246 180
216 160
297 252
297 257
184 143
186 141
170 131
214 149
174 125
221 161
190 141
247 189
236 169
265 176
290 230
280 245
152 117
299 247
279 216
135 88
210 153
210 166
287 204
247 194
12 8
36 24
101 73
93 68
71 52
121 90
100 75
128 100
107 84
135 106
150 122
78 65
72 60
55 46
26 22
13 11
158 136
80 69
106 92
237 207
134 120
225 202
254 229
169 153
215 195
213 198
291 272
136 128
159 150
230 217
296 281
80 76
168 161
104193 103931
104189 103930
104196 103940
115920 115643
115923 115650
141 52
115917 115643
104188 103907
108070 107823
108094 107850
