995414
274 6
224 21
277 31
82 11
293 42
212 34
129 21
286 53
228 52
146 34
111 26
216 52
132 33
270 72
176 48
123 34
194 63
229 76
147 50
259 89
144 53
247 91
132 7
238 94
235 98
254 114
208 99
187 90
125 64
129 70
248 136
250 139
300 169
164 94
272 162
290 178
271 169
181 118
171 113
212 144
289 209
288 210
104 76
257 188
221 171
193 153
170 137
70 57
170 140
131 113
62 54
273 246
187 171
263 243
265 249
252 242
109 42
31556 31266
31531 31263
31540 31284
31553 31320
31525 31302
31541 31323
31518 31321
31522 31327
192 189
31527 31334
31514 31324
31550 31402
229 229
31513 31351
31513 31359
31510 31357
31528 31380
31526 31409
31515 31406
31524 31439
31520 31447
31539 31478
31544 31488
31541 31496
31529 31489
31527 31488
31540 31509
31542 31512
31521 31521
31523 31524
31543 31548
31539 31547
31526 31543
261 286
9 223
179 182
123 127
129 134
225 236
236 248
125 136
220 246
244 277
164 191
180 230
206 265
154 199
135 175
108 144
155 207
211 289
65 95
72 110
172 270
88 145
154 258
152 265
135 236
156 281
146 266
149 274
144 266
121 249
105 228
92 201
128 290
81 191
48 115
57 150
21 57
37 102
81 232
91 269
47 140
67 216
67 228
22 75
67 252
54 272
15 88
17 102
39 241
27 170
32 205
18 121
37 258
34 263
30 266
19 241
5 64
1 17
8 176
9 204
9 285
