100016324
277 4
287 10
103 5
150 8
259 15
224 14
147 11
226 17
209 17
248 21
231 21
262 25
233 25
95 11
198 28
135 22
231 40
274 55
283 59
182 39
239 59
186 49
279 75
191 52
234 64
255 84
147 57
136 54
224 91
270 111
171 71
287 122
99 43
229 101
272 121
119 53
199 90
151 70
291 135
281 134
257 123
114 55
126 61
273 137
205 105
191 98
293 163
199 116
188 110
78 46
239 145
278 172
169 106
85 54
252 161
147 98
191 131
281 193
197 138
246 174
193 138
53 39
178 134
128 97
279 214
282 223
112 92
129 107
253 214
206 175
198 169
205 180
248 219
255 226
257 230
230 216
288 273
193 183
157 151
236 1
275 267
202 201
293 292
1195582 1195316
1195550 1195317
1195552 1195365
1195578 1195392
1390846 1390636
1781545 1781284
1781525 1781270
1195530 1195369
1781525 1781287
1390841 1390658
1195527 1195373
1781505 1781286
1781546 1781329
1195584 1195447
1195483 1195349
1195494 1195367
1195579 1195465
1781442 1781275
1390815 1390691
1390848 1390728
1390880 1390761
2562757 2562548
2562784 2562576
2562738 2562543
1781396 1781262
1781511 1781378
1390759 1390658
1390782 1390681
1195439 1195354
1390727 1390629
1195531 1195448
1390913 1390818
2562771 2562599
1781427 1781312
1195449 1195372
1195403 1195327
1781504 1781391
1195539 1195464
1195590 1195515
1390894 1390807
1390748 1390663
1781380 1781281
1781458 1781359
1781548 1781453
2562725 2562592
1781420 1781329
1390880 1390817
214 206
1781396 1781320
1781491 1781436
1781479 1781411
1195541 1195490
1195543 1195493
1390863 1390807
1195434 1195387
1390730 1390679
1781430 1781367
1195462 1195425
1390832 1390795
1390805 1390771
1390727 1390695
1390681 1390650
1195493 1195469
1390726 1390700
1195605 1195583
1195516 1195509
1195477 1195471
219 227
263 275
174 183
