1009524
203 28
290 41
249 96
2165 1973
198 66
2171 2035
297 177
2219 1985
253 153
201 1
228 161
182 134
2221 2087
234 72
286 98
188 93
207 49
272 21
209 8
115 36
79 10
189 43
174 25
182 7
284 137
83 12
281 88
228 133
252 164
121 54
298 10
173 97
122 27
266 112
230 36
220 34
204 11
222 79
77 38
123 84
85 71
71 60
283 242
225 193
155 134
219 195
2137 2021
2192 2074
297 284
4151 3977
2076 2010
4177 4045
2167 2104
2206 2151
4180 4088
8025 7873
4213 4135
4140 4071
4142 4092
7910 7823
15815 15661
15869 15739
15862 15776
15826 15741
31440 31289
15836 15760
15859 15800
62749 62516
62734 62511
212 179
62723 62515
7946 7922
4011 4000
62794 62661
31492 31438
280 166
125307 125032
15713 15693
125254 125128
250299 250052
2256 2254
