1009435
205 57
263 106
148 2
251 113
242 151
272 207
175 139
294 237
140 102
255 194
288 217
297 139
172 133
245 160
294 60
273 210
138 116
181 108
124 73
290 238
239 11
142 24
259 225
179 37
255 210
212 35
298 246
252 212
77 24
85 56
109 11
196 83
140 55
91 62
260 72
70 18
273 227
187 143
283 172
133 10
296 27
283 24
202 102
214 50
166 11
214 44
230 133
106 31
126 65
268 52
209 100
292 69
246 125
162 140
41500 41288
41513 41256
41544 41317
41432 41280
41466 41292
41441 41258
41540 41344
41508 41297
41519 41361
242 214
299 268
71 64
227 205
73 66
252 231
276 261
77 76
41483 41345
41504 41374
41489 41361
41384 41261
72719 72510
41493 41374
72756 72548
41407 41290
41488 41373
72746 72558
200 73
72714 72516
41523 41420
248 250
