99411120
285 5
210 4
210 8
148 7
265 16
131 9
256 18
204 19
278 28
238 25
209 22
198 24
255 31
204 25
80 10
257 33
44 6
272 40
296 54
180 35
184 36
222 44
146 29
161 35
100 22
290 66
240 55
247 61
135 34
283 72
276 75
241 66
168 48
162 48
272 83
236 74
84 27
162 55
222 77
227 79
118 43
152 56
102 38
251 95
100 38
290 114
164 65
63 25
226 2
217 87
189 77
200 83
250 111
161 72
98 46
49 23
237 113
243 117
223 112
242 122
275 140
210 113
138 79
34 20
295 175
190 113
185 114
115 71
37 23
115 75
124 81
113 74
227 149
102 67
120 79
63 42
209 142
91 62
249 174
256 181
83 59
158 115
108 80
242 183
25 19
276 210
255 196
270 210
200 156
179 140
285 226
5 4
202 162
256 207
231 188
265 221
252 212
145 122
246 209
129 110
213 184
232 205
241 218
175 159
280 260
144 134
259 243
70 67
240 237
131 130
299 119
16250300 16250281
290 300
35000300 35000042
35000300 35000047
13125299 13125270
289 289
191 191
122 122
52 52
146 289
239 240
129 130
152 154
277 281
249 255
283 291
171 177
216 229
280 300
178 194
200 218
100 110
231 256
129 144
184 206
181 203
212 238
80 90
231 263
163 187
94 108
239 276
223 266
147 177
155 191
200 249
194 248
77 99
41 53
161 209
227 299
215 285
175 233
170 227
197 272
167 236
118 167
19 27
183 262
180 263
143 210
144 216
188 284
194 294
175 269
20 31
162 252
104 162
144 227
148 254
75 129
37 65
158 279
129 232
154 284
73 138
43 83
136 264
57 112
147 299
76 155
10 21
110 234
130 278
52 113
119 263
40 91
127 289
119 272
118 272
48 114
109 259
88 217
15 37
62 156
109 277
107 273
70 181
71 196
71 201
46 141
72 223
66 208
88 287
56 191
70 239
71 243
42 150
62 232
36 137
74 284
36 148
54 228
48 204
32 137
7 30
58 254
17 76
58 272
16 79
49 242
58 292
31 162
39 206
50 266
51 278
36 198
32 181
42 248
26 173
33 281
22 191
23 280
14 182
10 163
15 260
14 270
2 45
10 251
8 231
3 111
7 284
1 243
