518388
60 1
90 2
75 2
87 3
78 3
77 3
96 4
45 2
84 4
100 5
97 5
83 5
75 5
80 6
79 6
63 5
86 7
23 2
90 8
97 9
75 7
53 5
84 8
67 7
75 8
55 6
67 8
41 5
80 10
84 11
51 7
20 3
83 13
69 11
61 10
61 10
88 15
63 11
74 13
39 7
97 18
96 18
37 7
58 11
21 4
60 12
95 19
43 9
50 11
81 18
60 14
72 17
43 11
33 9
84 23
83 23
61 18
27 8
91 27
100 31
45 14
60 19
41 13
25 8
45 15
18 6
62 21
82 28
32 11
84 29
80 28
51 18
45 17
13 5
18 7
57 23
43 18
26 11
33 14
82 35
86 37
81 36
76 34
96 44
54 25
95 44
97 45
60 28
81 40
97 48
60 30
90 46
78 40
33 17
50 27
64 35
85 47
83 46
72 40
79 44
91 51
53 30
29 17
67 40
92 55
83 50
86 52
92 56
54 33
93 57
73 45
42 26
100 63
71 45
96 61
47 30
81 52
57 37
80 52
40 26
57 38
43 29
37 25
85 58
79 54
98 76
99 76
88 61
74 52
71 50
92 65
96 73
89 67
96 70
85 63
58 40
48 34
53 38
87 67
32 25
28 22
62 49
78 62
15 12
58 47
96 78
70 57
60 49
11 9
33 27
34 28
65 54
56 47
94 79
97 82
81 69
62 53
57 49
98 85
66 58
92 81
89 79
99 88
83 74
84 75
96 87
32 29
54 49
67 62
83 77
59 55
89 83
31 29
70 67
51 49
42 41
90 88
61 60
86 1
500100 500003
97 97
59 59
43 43
38 38
13 13
41 41
3 3
59 78
79 80
77 79
96 99
79 82
56 59
86 91
64 68
63 67
31 33
90 96
67 72
93 100
86 93
36 39
91 99
51 56
30 33
36 40
68 76
33 37
16 18
77 88
70 80
54 62
45 52
76 88
83 97
79 93
39 46
56 67
53 64
43 52
41 50
76 93
56 69
43 53
46 57
31 39
42 53
64 81
60 77
55 71
35 46
63 83
30 85
15 20
30 40
59 80
70 95
47 64
64 88
52 72
38 53
57 80
63 89
7 10
58 84
62 90
35 51
15 22
34 50
63 93
44 65
46 68
61 91
16 24
39 59
44 67
45 70
35 55
28 44
61 96
40 64
18 29
37 61
35 58
45 75
55 93
54 94
39 68
36 63
50 89
10 18
48 88
50 92
22 42
14 27
41 80
47 93
23 46
39 79
43 88
40 82
13 27
30 64
15 32
45 97
44 95
37 80
19 42
44 100
27 62
41 96
18 43
24 58
39 98
32 82
25 67
14 39
18 52
20 58
22 64
23 67
12 35
28 84
18 54
28 86
21 65
22 69
29 92
17 54
28 89
26 87
11 37
24 81
26 88
22 76
11 38
24 89
21 78
7 27
17 66
11 45
13 55
17 80
12 58
14 68
13 66
18 93
17 99
10 59
15 90
11 69
6 42
13 91
8 58
10 74
9 75
4 35
5 45
8 78
6 59
9 92
1 11
5 57
4 48
7 86
4 51
6 80
7 95
3 54
4 75
3 62
3 65
4 94
2 50
2 51
3 97
3 99
2 66
1 81
1 84
1 86
