100029902
244 109
260 147
235 7
1097880 1097685
1000981 1000801
1195597 1195314
165 63
258 45
288 169
1001003 1000786
239 22
1001059 1000827
1195572 1195333
184 98
261 184
1001036 1000841
1012505 1012209
176 4
217 42
1012492 1012250
266 37
1001766 1001579
260 132
270 173
1390906 1390657
1012468 1012293
232 168
185 78
250 97
258 69
1024671 1024508
1024712 1024440
281 97
299 154
270 19
109 36
1024686 1024515
1001711 1001529
240 80
296 48
101 15
1024701 1024532
1024632 1024445
1390905 1390677
209 116
263 58
284 18
160 90
235 12
1006363 1006111
148 53
189 104
1006352 1006144
288 45
1024683 1024479
208 117
271 195
1024646 1024480
278 80
247 104
145 32
244 116
215 24
214 44
265 173
157 80
186 5
1003264 1003098
252 17
240 18
1024654 1024437
210 37
1024617 1024415
298 41
180 6
249 138
206 134
259 147
1003303 1003056
1001760 1001577
158 22
211 49
216 99
280 214
234 124
1000999 1000784
1049015 1048832
1001755 1001554
121 29
233 62
178 44
281 14
187 41
255 78
1003325 1003150
293 194
253 113
298 205
237 68
254 137
283 116
288 87
1003307 1003146
1049099 1048920
269 201
165 41
88 20
240 49
273 144
1097894 1097690
259 128
265 74
105 17
1097907 1097696
275 170
135 37
130 62
296 99
178 89
1097921 1097699
223 126
262 138
71 7
1097892 1097688
1003342 1003055
268 19
1003344 1003168
183 35
255 185
178 66
224 95
255 176
1781496 1781251
1012407 1012248
1390896 1390689
1000995 1000838
30 3
55 14
51 26
110 57
92 50
47 26
135 88
32 21
30 20
109 75
175 122
203 142
150 105
189 136
180 131
232 173
207 158
26 20
240 185
234 182
64 50
233 184
263 209
40 32
154 125
117 96
154 127
290 241
77 64
175 146
189 159
292 248
163 139
186 161
254 221
286 249
91 80
36 33
269 247
224 206
170 161
194 185
143 139
287 279
157 154
235 231
298 296
1006331 1006176
1024700 1024549
1003325 1003183
1024628 1024483
1003213 1003073
1001061 1000924
1049101 1048958
1003249 1003113
1195608 1195446
1024623 1024488
1781536 1781303
1781531 1781300
1001018 1000890
1000964 1000837
1049017 1048884
1001703 1001578
1097871 1097734
1003286 1003161
1003260 1003136
1012479 1012354
1097936 1097805
1195569 1195340
1024536 1024415
1390819 1390655
1001794 1001677
1001011 1000896
1049048 1048930
1390833 1390677
1006350 1006240
1012412 1012302
1024646 1024535
1001739 1001633
1049111 1049000
1012382 1012275
1003231 1003126
1195568 1195448
1781532 1781357
2562765 2562516
1024537 1024439
1390838 1390706
1049037 1048913
1195568 1195331
1000917 1000780
1012391 1012297
1195510 1195402
1012371 1012281
59 59
