522319
272 97
285 95
273 14
244 70
265 66
269 26
284 57
244 25
276 43
253 31
296 243
180 4
101 9
109 11
136 15
238 174
191 33
131 27
135 30
97 22
163 39
289 204
191 52
203 59
145 46
219 73
218 77
264 185
194 69
240 88
205 76
214 87
295 133
153 76
199 100
298 155
254 135
276 193
292 158
192 105
254 139
207 115
253 145
294 169
210 138
271 169
271 172
23 3
42 11
48 17
65 35
64 38
143 95
136 97
124 92
111 83
267 220
233 194
210 179
86 74
241 212
279 248
152 138
215 197
77 71
225 209
261 243
215 201
296 277
187 179
135 11
501300 501026
289 294
181 210
217 231
263 281
26 109
190 228
179 226
194 247
194 248
210 270
194 258
175 238
198 273
95 138
133 201
170 263
179 279
99 174
163 296
141 259
105 194
153 290
139 264
81 160
88 177
147 297
129 272
129 272
14 31
125 280
90 202
114 260
81 186
110 254
100 231
112 278
79 204
45 122
99 270
78 213
38 104
96 283
68 206
30 91
78 241
37 125
30 104
29 102
13 46
40 147
34 134
62 260
53 235
53 242
58 278
45 226
51 258
47 238
52 268
33 183
33 203
28 199
33 246
16 122
30 242
16 220
12 219
6 116
12 296
