9999908531
288 5
158 3
202 5
106 3
114 4
206 10
130 11
23 2
300 32
236 27
300 35
124 15
112 14
200 26
260 48
269 51
97 19
269 54
251 56
142 32
296 67
266 62
206 51
296 76
189 50
147 40
164 50
130 40
275 85
213 67
123 40
248 83
221 79
299 107
170 63
223 83
249 96
262 105
207 85
152 64
218 99
255 116
246 116
251 119
239 114
203 97
69 33
165 79
251 128
100 51
284 145
232 3
118 61
289 150
148 77
174 96
184 102
288 170
69 41
230 139
255 156
192 118
155 102
295 195
172 115
288 195
265 183
166 118
105 75
270 194
293 215
107 79
189 140
139 103
232 179
217 168
276 216
115 90
174 139
209 167
254 210
64 53
152 126
262 218
67 56
267 225
259 219
215 183
175 149
175 150
252 219
252 222
216 191
205 182
210 189
93 84
280 255
283 259
144 133
296 274
295 276
296 280
298 294
93 92
154 153
195 194
297 296
244 125
29531550 29531269
29531500 29531287
29531504 29531306
49062789 49062519
29531467 29531322
49062775 49062541
49062772 49062549
29531401 29531278
29531511 29531395
49062793 49062604
49062794 49062612
29531547 29531447
49062673 49062515
29531399 29531306
49062706 49062552
49062714 49062560
49062796 49062648
88125288 88125026
88125273 88125033
88125275 88125038
88125264 88125028
29531466 29531389
29531374 29531299
29531486 29531411
88125222 88125003
29531394 29531322
29531490 29531419
29531351 29531281
29531542 29531477
49062628 49062522
49062776 49062670
29531425 29531363
88125255 88125070
88125297 88125122
88125286 88125114
29531537 29531256
29531434 29531377
88125202 88125032
49062732 49062641
88125192 88125030
88125263 88125107
49062720 49062635
49062748 49062668
166250254 166250009
49062774 49062705
29531408 29531367
49062788 49062720
166250265 166250039
166250279 166250053
29531375 29531335
88125257 88125138
166250248 166250029
49062570 49062506
88125183 88125071
88125271 88125166
29531400 29531365
49062616 49062560
166250231 166250045
49062738 49062688
29531409 29531379
49062576 49062528
88125117 88125034
88125116 88125034
49062561 49062517
29531375 29531321
88125124 88125049
49062637 49062542
88125231 88125161
166250281 166250261
88125285 88125220
49062747 49062711
49062726 49062691
166250244 166250128
88125210 88125155
166250217 166250132
88125251 88125206
49062757 49062736
166250251 166250185
49062797 49062783
49062540 49062528
49062627 49062617
88125296 88125296
88125129 88125121
49062700 49062696
88125215 88125208
49062726 49062724
49062544 49062543
111 111
88125161 88125161
166250234 166250240
49062721 49062723
88125101 88125105
88125133 88125138
29531284 29531292
88125260 88125267
29531293 29531296
88125121 88125133
49062732 49062740
49062558 49062566
88125155 88125170
88125137 88125152
49062682 49062692
49062710 49062721
166250225 166250263
29531299 29531306
29531382 29531390
88125129 88125250
88125267 88125292
88125188 88125214
49062545 49062560
29531477 29531487
29531295 29531307
88125241 88125278
49062669 49062690
49062699 49062721
49062765 49062796
88125171 88125231
88125238 88125299
29531518 29531539
49062723 49062760
49062588 49062625
88125101 88125173
29531395 29531422
29531337 29531367
88125183 88125294
88125106 88125221
164 169
29531402 29531448
88125152 88125297
29531485 29531536
29531409 29531460
29531321 29531372
29531283 29531337
88125104 88125271
49062570 49062669
88125117 88125297
88125106 88125298
29531315 29531385
29531422 29531495
49062656 49062783
49062655 49062783
49062552 49062680
29531442 29531522
49062559 49062693
29531380 29531463
49062626 49062770
29531429 29531516
49062650 49062795
49062625 49062770
29531331 29531422
29531364 29531457
49062584 49062740
29531441 29531539
29531356 29531465
29531286 29531411
49062547 49062755
29531408 29531541
29531371 29531506
29531300 29531437
29531296 29531438
29531360 29531512
29531287 29531439
29531294 29531449
29531385 29531548
29531280 29531444
29531306 29531475
29531275 29531469
29531288 29531504
136 138
113 115
146 150
155 289
222 229
173 180
247 257
243 253
196 205
164 172
153 161
110 116
266 282
105 112
208 222
86 92
274 296
215 233
103 112
91 100
155 172
164 182
74 86
219 255
101 118
195 228
200 234
248 292
67 79
158 190
196 237
142 172
90 110
207 259
114 144
93 120
36 47
142 189
35 47
184 248
120 164
177 242
201 278
127 180
107 155
184 268
154 225
96 141
85 125
197 294
179 270
125 197
153 244
130 209
26 42
174 283
172 280
126 212
139 234
141 238
63 109
16 28
137 245
148 268
67 122
152 279
49 91
134 249
51 98
133 256
130 255
92 183
29 58
39 79
141 286
31 65
46 97
48 106
121 270
72 163
107 247
94 218
126 299
89 220
63 156
115 293
78 199
78 202
73 192
74 195
61 161
105 284
79 216
87 240
44 127
68 203
80 248
81 257
15 48
36 118
59 197
30 104
29 102
59 215
62 245
50 207
71 300
31 136
26 119
33 159
56 273
57 284
49 288
45 273
29 182
28 179
5 35
33 262
21 167
22 176
21 169
21 201
21 223
26 300
13 220
4 78
2 46
8 257
5 173
3 204
3 237
1 242
