1008741
180 157
157 21
169 70
8007 7843
8012 7828
4071 3965
4095 3992
4028 3959
4098 3935
4013 3923
4081 4008
4033 3964
4019 3946
4086 3923
4033 3918
2025 1979
2123 2072
2150 2035
2074 1987
117 36
2057 2016
2118 2055
2101 2052
2149 1998
2048 1961
2152 2070
2138 2034
2108 2017
2122 2073
112 79
147 123
92 71
71 52
164 35
76 49
172 99
85 33
71 3
150 96
103 11
80 57
80 4
7968 7832
127 48
130 82
139 61
169 102
176 87
110 12
140 41
121 58
125 68
183 65
155 72
31449 31277
15804 15681
15790 15632
15806 15673
15763 15630
15782 15649
15779 15650
8005 7890
7991 7875
50 40
111 97
76 67
17 15
111 105
95 90
148 142
167 161
135 132
2039 2007
3970 3911
3972 3918
4043 3990
4088 4036
8006 7916
182 180
4041 3997
4030 3987
4011 3970
7979 7903
7969 7903
7915 7851
7878 7816
15801 15683
15789 15674
7955 7900
7931 7877
15744 15643
15750 15660
15818 15734
1968 1958
2056 2046
15750 15677
7958 7922
3966 3949
15713 15647
7981 7951
31427 31317
2100 2093
31417 31313
31434 31338
7999 7975
31428 31342
62675 62506
15744 15705
4086 4076
62668 62515
62657 62520
31357 31292
31335 31274
15720 15690
15751 15723
120 16
62611 62502
15697 15632
31311 31257
2068 2067
178 184
66 71
