1014989
4298 4084
8152 7919
245 114
130 67
174 143
4293 4084
128 50
257 158
4282 4134
118 36
294 217
119 90
289 48
216 5
220 162
222 83
190 40
217 47
143 128
277 36
87 73
214 178
62 26
171 41
223 92
439 322
367 231
487 382
377 286
291 234
447 320
426 376
294 271
4253 4126
395 306
400 230
469 429
480 463
565 491
579 468
627 579
531 398
552 503
605 482
790 755
825 722
828 761
865 593
765 732
825 735
743 614
763 693
826 667
814 759
839 677
770 633
839 750
853 727
738 589
1331 1147
1275 1211
1207 1094
1285 1082
1280 1184
1298 1158
1357 1085
1276 1133
1235 1108
1185 1127
1344 1124
2230 2057
2176 2116
2312 2241
2272 2071
2170 2065
4162 4017
4188 4074
4252 4024
4235 4064
4137 4031
15934 15860
7998 7958
31601 31454
31591 31377
31619 31395
4173 4081
31650 31376
4198 4109
4251 4191
4300 4258
8158 8026
2267 2238
8022 7926
8142 7986
8196 8009
8141 8027
2135 2094
8177 8130
8054 7953
8176 7973
8059 7962
8079 7982
15999 15846
15985 15777
2258 2230
15951 15732
8081 8035
16017 15918
15998 15817
15972 15800
15952 15776
15866 15754
15908 15837
31581 31423
104 98
264 251
31 30
234 229
2172 2157
518 515
8059 8024
31500 31370
15799 15734
31605 31483
62830 62607
2313 2305
31588 31487
62833 62641
8061 8037
31642 31555
15988 15951
39 28
62789 62623
7978 7957
31564 31493
62891 62752
8167 8152
1182 1182
454 457
