1008243
124 31
75 31
5101 4948
5061 4926
3079 2997
3136 2966
3121 3010
52 2
88 31
128 7
176 70
108 47
88 26
175 99
134 1
132 18
134 73
126 35
170 77
148 1
72 22
8995 8814
170 48
103 14
157 75
191 38
187 58
189 26
138 93
107 30
194 29
174 44
53 9
164 54
180 127
138 73
5020 4935
16800 16638
4988 4928
32410 32286
32375 32260
4981 4915
8967 8879
16814 16736
16720 16627
5016 4945
9004 8853
32437 32315
32445 32261
16771 16667
5093 5028
8903 8838
5019 4936
32443 32315
5058 4959
5069 4995
5026 4931
8971 8870
8958 8815
8986 8892
8914 8856
16758 16631
5079 4997
32411 32254
30 5
34 8
22 7
59 42
144 114
193 172
122 111
72 66
140 129
70 66
3046 3016
5067 5021
112 111
2991 2967
2992 2971
5069 5036
4947 4918
4949 4920
8919 8869
8999 8954
4931 4911
8894 8858
9005 8974
16780 16724
32441 32334
8867 8840
4985 4970
2997 2988
2998 2989
3026 3017
8938 8913
63680 63504
32444 32356
3004 2996
32386 32310
32371 32298
3124 3117
16774 16737
32412 32344
32337 32273
16811 16778
32334 32275
110 83
63629 63518
16701 16667
32347 32283
16764 16749
178 178
4994 4998
