990772
201 8
155 7
129 8
75 9
175 24
270 41
96 17
133 5
158 33
145 33
129 31
174 42
86 21
253 77
289 90
86 29
105 37
168 65
279 108
103 40
192 97
265 138
112 61
240 135
261 147
83 49
250 153
179 123
129 89
145 106
252 186
295 222
60 46
109 84
219 173
128 103
234 199
170 32
171 163
199 193
259 252
190 185
31556 31278
31525 31263
31529 31273
31520 31265
31533 31313
31546 31344
31556 31358
31517 31323
31528 31350
31546 31368
31542 31370
31516 31353
126 114
31496 31349
31518 31371
31555 31454
31515 31378
31529 31420
31525 31422
31512 31430
31499 31421
31554 31478
31527 31455
282 299
31500 31458
31539 31504
31535 31527
31498 31508
31543 31556
31526 31554
31524 31559
31514 31557
31510 31560
277 287
86 88
262 269
223 229
149 161
36 39
235 256
164 188
208 245
103 122
103 129
194 246
222 283
100 133
186 250
209 281
172 249
174 253
112 164
105 161
62 98
175 280
181 295
159 263
104 174
43 72
150 260
48 88
43 82
118 239
30 65
88 192
101 226
63 167
35 97
75 225
74 231
92 295
61 201
87 295
64 221
43 169
42 167
56 228
72 297
70 295
26 119
45 246
21 118
39 282
27 224
22 189
25 229
6 56
9 235
4 106
