50004458
87 23
82 12
75 8
59 4
60 6
81 18
31 9
78 24
51 16
85 28
68 23
50 18
59 22
30 12
83 35
63 28
84 40
66 33
28 14
80 41
87 54
53 33
57 36
54 36
28 19
7 5
89 66
88 68
38 30
40 33
99 83
92 80
68 60
57 52
13 12
37 36
87 81
37 36
86 84
11 1
50000100 50000014
83 94
79 79
1 47
65 66
49 51
54 57
15 16
79 89
68 79
6 7
71 83
64 76
60 72
69 87
42 53
20 27
64 90
54 77
64 92
25 37
34 52
50 78
62 98
21 34
31 52
54 93
48 90
46 88
48 97
20 41
46 96
36 80
16 37
28 69
25 62
25 65
10 26
33 88
22 59
24 71
18 64
18 72
17 71
19 80
14 59
21 98
18 89
16 83
13 70
12 82
7 49
11 80
7 58
6 57
8 92
5 66
1 19
5 95
2 95
1 70
