987016
164 5
33 4
275 40
128 23
242 52
276 65
145 38
147 47
198 68
121 46
241 103
189 84
158 72
175 90
289 163
237 143
167 105
166 112
149 109
151 114
161 123
215 167
238 186
274 229
49 41
36 31
84 76
238 235
31638 31363
31649 31381
31627 31363
31628 31383
31599 31381
31640 31437
31569 31367
31563 31376
31555 31374
31609 31432
31550 31374
31604 31432
31577 31407
31627 31494
31638 31512
31559 31447
58 7
31580 31470
31612 31521
247 297
31585 31489
31580 31511
31628 31569
31650 31591
31619 31572
31570 31524
31573 31581
31551 31568
31617 31637
31553 31587
31568 31605
31563 31626
31579 31650
211 264
66 248
182 200
138 157
153 182
196 243
26 44
111 196
130 233
129 277
84 185
132 300
76 173
92 213
93 233
32 103
55 218
57 228
48 213
31 138
42 245
28 166
36 223
43 277
36 300
32 287
29 267
9 203
7 236
1 46
