5000115883
240 137
133 14
53 7
250 34
291 42
181 27
247 57
264 62
131 31
228 54
290 71
289 77
291 86
283 85
205 71
274 97
287 109
290 122
96 43
195 89
238 109
297 139
169 83
228 114
280 140
104 53
253 142
23 20
167 97
294 174
51 34
197 132
180 129
265 205
81 65
209 177
225 192
300 261
246 216
137 123
243 219
277 255
189 174
169 160
287 276
217 214
154 15
5000100300 5000100021
264 291
209 213
49 50
218 231
244 267
243 266
233 260
225 252
252 283
110 129
181 219
140 173
187 238
209 267
135 188
123 172
174 249
145 214
129 194
175 271
151 255
166 290
95 166
95 185
130 254
140 275
133 278
73 153
80 176
118 279
116 296
66 181
41 152
42 160
28 121
63 284
59 269
2 10
23 132
38 222
43 260
16 98
20 123
35 249
6 48
21 169
33 281
29 255
27 282
13 145
18 213
11 170
9 251
