10000038800
287 2
296 11
300 5
171 1
134 1
147 2
144 2
205 3
105 3
228 9
202 8
101 5
137 7
152 8
262 15
244 15
151 10
200 14
79 6
184 14
227 18
204 17
271 23
23 2
273 24
124 11
245 23
275 27
70 7
149 15
273 30
289 34
242 31
300 39
60 8
154 21
144 20
21 3
226 34
102 16
195 31
178 29
188 31
296 49
277 47
66 12
296 54
295 55
127 24
285 54
246 55
288 65
286 65
223 51
243 57
81 20
137 34
260 66
298 76
197 53
146 41
164 47
177 51
187 54
86 25
129 38
259 78
262 79
176 54
263 81
227 70
280 87
257 81
120 38
158 51
185 60
296 96
183 60
102 34
53 18
260 90
66 23
153 54
263 94
173 62
212 76
196 72
283 105
273 102
122 46
210 80
220 84
287 112
201 79
298 119
275 110
261 105
149 60
233 94
252 103
261 107
232 96
160 67
187 79
238 101
167 72
237 103
212 95
245 110
49 22
129 58
285 130
243 111
293 134
253 117
207 96
169 79
27 13
278 135
270 132
211 104
173 86
257 128
154 77
221 112
263 135
296 153
208 109
293 154
241 127
258 136
173 92
265 141
295 157
96 52
211 118
182 102
187 105
169 95
144 81
143 81
285 162
222 129
294 174
299 177
258 153
258 155
280 169
278 168
69 42
259 158
18 11
218 134
283 174
166 103
98 61
268 167
268 167
105 66
108 68
209 132
122 78
183 117
175 112
127 82
232 150
208 135
223 147
100 66
268 180
290 197
66 46
271 190
250 176
285 202
132 95
275 198
272 196
249 180
112 81
288 211
169 125
265 197
165 123
95 73
175 135
256 200
165 129
219 172
173 136
287 226
198 156
173 137
143 114
287 231
126 102
280 228
267 218
285 234
186 153
287 238
140 117
216 181
175 147
253 213
216 182
206 175
240 205
99 85
263 227
291 252
144 126
160 141
121 107
87 77
209 185
109 97
212 189
160 143
283 254
123 111
258 237
235 216
51 48
101220993 101220705
100076588 100076313
100152870 100152595
109765917 109765641
100076592 100076342
101220972 101220721
109765895 109765626
100305401 100305183
100076593 100076377
109765915 109765682
100305398 100305187
119531518 119531272
298 71
100076582 100076380
100076533 100076335
101220993 101220794
100152866 100152674
100610607 100610416
100152814 100152626
109765872 109765670
102441644 102441458
109765835 109765642
102441665 102441487
109765851 109765661
104883067 104882887
104883096 104882916
119531516 119531312
139062758 139062524
104883050 104882874
100305390 100305224
100610536 100610370
101220901 101220737
100152763 100152604
100305459 100305300
104882983 104882817
109765814 109765642
104883063 104882902
109765887 109765719
139062777 139062567
119531517 119531339
119531531 119531359
101220909 101220766
109765905 109765751
100076500 100076362
104883086 104882947
139062781 139062597
100610571 100610441
119531440 119531291
178125258 178125036
100076489 100076366
73 56
100305308 100305187
139062696 139062529
100305365 100305246
102441690 102441570
109765829 109765709
139062684 139062533
178125201 178125011
178125278 178125091
256250291 256250028
102441666 102441562
101220935 101220836
104883025 104882923
100610570 100610473
109765908 109765803
178125237 178125067
104883065 104882965
102441668 102441571
256250266 256250024
100152887 100152794
178125263 178125098
101220931 101220838
100305429 100305337
119531501 119531392
119531466 119531359
109765830 109765733
100610468 100610380
100152823 100152737
109765815 109765721
109765906 109765684
119531400 119531283
100076479 100076341
119531470 119531369
119531544 119531443
102441531 102441447
100152779 100152700
100076549 100076480
100152694 100152632
100152656 100152601
