100043966
295599 295324
295564 295325
120 12
259 31
219 136
295578 295321
245 67
119 99
203 182
267 65
170 149
210 128
197932 197718
154 89
263 168
260 180
293 73
125 46
121 45
150 103
187 97
288 236
299 100
280 185
185 157
197927 197662
293 53
124 58
287 258
225 129
189 93
144 50
235 90
276 232
111 83
71 22
231 181
145 13
187 91
224 16
197836 197673
203 177
132 58
269 146
145 98
168 44
155 2
197834 197667
197952 197663
294 76
130 1
257 36
261 194
239 169
78 1
91 46
230 150
255 71
197886 197663
151 133
238 157
183 158
159 112
168 109
197865 197658
263 114
152 97
138 113
226 52
145 104
72 41
119 80
235 113
255 189
207 156
274 79
131 52
294 122
239 141
164 18
270 66
202 179
148 86
182 135
178 6
194 4
84 11
197899 197734
111 47
268 161
285 30
149047 148883
235 46
179 82
149039 148851
98 56
126 47
227 26
141 123
231 90
273 205
284 112
251 166
276 164
149029 148849
262 155
299 34
267 146
292 13
149081 148833
255 31
268 83
185 63
204 122
249 213
222 152
184 77
272 31
216 172
149095 148955
104 53
277 198
245 126
282 187
260 200
287 104
171 85
149096 148966
112352 112236
112458 112320
112476 112332
112451 112213
112462 112371
112489 112302
112384 112269
112364 112234
112449 112329
112492 112330
112426 112291
112405 112247
112479 112329
112374 112271
112462 112226
112501 112313
112502 112287
112429 112328
112486 112249
112502 112323
112460 112350
112461 112315
112422 112261
112481 112299
112407 112226
124700 124437
124643 124480
124612 124449
124698 124469
124707 124573
124696 124528
124634 124510
124714 124598
124611 124419
124641 124516
124611 124456
124700 124423
124674 124447
149108 148942
149065 148901
149060 148909
149095 148880
149020 148861
149064 148943
149010 148834
490903 490759
490910 490681
197731 197664
490835 490632
490810 490678
490907 490658
490889 490739
197874 197753
490836 490744
490876 490638
1662777 1662505
1662773 1662534
1662746 1662533
1662796 1662546
1662743 1662511
124655 124571
124592 124496
112433 112373
124688 124623
149118 148999
124677 124579
881496 881309
124699 124631
148919 148829
295595 295417
112335 112252
149100 148996
295597 295498
112505 112423
124679 124608
295575 295389
124613 124539
148958 148860
295557 295402
149115 149011
295473 295372
149111 149036
295597 295368
148990 148873
295429 295313
295528 295372
295503 295418
295514 295350
295585 295414
295583 295478
295589 295350
295477 295357
112500 112437
295591 295462
881528 881290
295509 295398
295513 295332
112372 112300
295589 295496
295591 295507
149115 149049
490911 490656
295604 295406
112355 112279
490842 490735
490877 490781
490881 490704
112316 112236
197780 197669
197876 197794
112425 112349
490922 490627
149103 149025
197895 197756
881550 881272
490844 490677
490919 490698
490852 490718
148985 148871
197931 197777
490792 490662
197902 197747
490858 490744
490764 490670
197786 197680
490789 490645
197938 197803
197800 197719
197844 197709
490925 490669
197870 197719
490800 490661
490796 490685
197835 197767
197902 197781
490882 490784
490896 490804
490910 490641
490855 490692
112388 112307
490841 490728
197950 197795
149022 148944
112429 112346
112425 112347
197806 197688
112385 112306
490826 490695
21 6
175 162
109 101
109 101
234 220
101 95
239 226
194 184
286 273
269 257
185 178
291 281
166 161
251 244
255 251
112312 112254
112340 112284
112376 112323
124576 124521
112488 112439
124649 124597
112415 112370
148914 148855
124634 124585
112257 112213
149031 148975
124667 124622
112485 112445
124673 124629
197826 197761
148925 148878
124565 124526
112277 112242
197894 197838
197899 197847
149108 149070
124642 124611
124645 124614
124689 124658
295464 295392
124564 124534
295392 295321
197853 197806
295412 295343
295553 295484
295611 295542
124512 124483
197941 197895
149118 149084
295444 295382
124578 124552
112477 112454
295533 295473
124674 124649
295477 295421
149018 148990
112391 112370
124603 124580
197784 197748
124648 124626
295374 295322
295547 295495
490830 490745
197788 197754
124531 124510
124643 124622
149011 148986
197746 197713
881484 881338
295464 295416
112406 112388
881432 881294
490903 490827
295491 295447
148911 148858
295409 295366
881525 881397
124712 124694
881477 881351
881376 881254
124487 124470
124530 124513
295366 295326
881456 881337
881438 881325
197818 197793
881405 881298
1662724 1662523
1662735 1662536
295582 295547
1662785 1662589
881427 881324
1662733 1662546
124615 124601
197752 197730
197869 197847
881446 881354
881466 881375
165 50
1662687 1662522
1662703 1662554
490715 490667
1662697 1662548
1662669 1662508
881519 881437
1662798 1662641
1662749 1662594
881492 881415
124691 124679
295558 295530
490730 490686
112277 112267
112305 112295
490810 490767
490822 490779
148901 148888
881439 881365
1662788 1662651
490898 490825
881345 881256
490700 490643
1662644 1662508
3225262 3225005
148934 148923
220 220
124609 124609
280 280
83 84
61 62
