9690612976
96 1
82 1
69 1
64 1
56 1
83 1
51 1
45 1
71 2
86 3
84 3
83 5
45 3
65 5
82 7
41 4
97 12
82 12
20 3
73 11
70 11
37 6
84 14
58 10
62 11
82 16
55 11
59 12
42 9
59 13
98 24
43 11
38 10
51 14
81 24
89 28
52 1
25 8
93 32
58 20
71 25
38 15
81 33
77 33
77 33
38 17
28 13
94 45
46 23
83 42
47 24
72 37
76 40
83 44
86 46
82 44
65 36
92 51
90 51
49 28
57 33
5 3
51 31
16 10
82 52
89 57
70 45
54 17
48 33
61 42
83 58
90 64
66 47
94 68
76 55
73 53
64 48
76 57
49 37
60 46
22 17
55 43
59 47
86 69
88 71
73 60
68 56
78 66
87 74
81 69
42 36
86 74
80 70
66 58
27 24
57 51
57 51
41 37
49 32
40 37
88 83
50 48
52 50
27 26
56 54
63 61
74 72
89 87
312600099 312600004
312600099 312600007
312600093 312600007
312600099 312600013
312600094 312600011
312600080 312600001
312600098 312600021
312600097 312600025
312600099 312600027
312600086 312600019
312600092 312600025
312600087 312600021
312600081 312600024
312600093 312600038
312600094 312600039
35 32
312600097 312600064
312600080 312600034
312600089 312600045
312600092 312600061
312600081 312600054
312600087 312600071
312600095 312600079
312600084 312600069
312600086 312600071
312600097 312600082
88 91
312600098 312600097
312600083 312600079
312600089 312600088
66 66
52 52
312600083 312600087
312600081 312600086
312600082 312600091
63 92
88 91
54 56
59 62
66 70
79 85
62 67
40 44
86 95
46 53
39 45
45 52
70 83
66 80
81 99
44 54
77 96
64 84
46 61
69 92
60 82
65 89
60 83
65 93
13 19
64 95
41 61
50 76
45 69
24 37
12 19
53 84
26 42
53 86
32 52
3 5
28 47
54 91
58 98
48 82
36 62
43 75
24 44
21 40
43 94
21 46
31 68
18 41
40 94
10 24
19 47
35 89
22 56
20 51
12 31
23 60
8 22
20 55
29 80
25 70
31 87
31 87
33 94
24 72
25 82
3 10
27 91
4 15
14 57
23 100
18 80
13 63
17 92
8 46
9 59
9 67
13 97
6 45
12 98
1 12
5 69
5 77
5 86
5 91
3 57
5 100
1 50
1 98
