100045085
228 84
60 19
291 78
278 8
287 113
234 27
260 107
265 78
297 106
179 36
204 25
154 6
272 11
113 48
174 65
289 87
284 79
186 87
202 18
91 2
250 8
128 42
175 41
203 36
108 20
278 119
122 22
300 6
208 80
44 1
267 72
200 64
255 76
267 89
294 12
48 12
205 52
72 4
204 23
251 87
146 53
138 26
175 80
56 17
208 64
166 56
271 28
151 56
150 47
252 84
82 16
167 54
266 94
202 17
234 98
234 34
299 31
259 25
119 40
281 117
145 46
213 71
265 123
278 40
151 41
270 74
272 75
274 106
255 35
165 4
203 53
193 22
106 13
287 69
132 23
168 31
185 31
151 34
252 29
255 105
142 15
262 49
245 34
157 74
291 70
177 30
240 98
179 36
215 19
242 65
295 116
251 116
94 37
263 51
202 1
160 73
274 91
219 74
268 122
297 122
248 43
224 96
75 7
191 61
224 55
130 57
153 5
137 11
251 42
228 45
225 97
137 17
294 107
171 73
300 61
288 121
126 41
256 59
155 11
196565 196343
98906 98739
268 179
25714 25624
25681 25537
292 179
292 176
25659 25564
25704 25429
299 186
229 149
249 152
290 142
25678 25553
274 154
258 182
25564 25447
288 150
25678 25421
25610 25461
183 89
13445 13284
249 138
246 135
49991 49871
265 129
50123 49848
13406 13225
13473 13284
2059 1825
13477 13322
268 160
231 115
50110 49842
1907 1821
221 136
50000 49838
50124 49901
236 123
13391 13286
205 104
223 106
50025 49852
1959 1793
13309 13229
13438 13333
98953 98700
2013 1838
1979 1834
13391 13261
13353 13238
1992 1894
98948 98661
13459 13261
7381 7200
2030 1942
7228 7138
290 210
2693 2588
2769 2693
2690 2584
7311 7224
2783 2552
2770 2576
230 134
261 184
7358 7182
233 112
2732 2635
291 167
7315 7239
217 110
263 126
286 162
7294 7182
191 117
7269 7121
2821 2646
2791 2621
2801 2555
7382 7143
221 133
4344 4146
275 170
263 145
2698 2546
4309 4094
4170 4094
229 141
4250 4163
224 144
4295 4155
4297 4083
4261 4069
4327 4220
4275 4077
4242 4125
4263 4165
186 98
98810 98680
196540 196357
196546 196411
196533 196375
40 6
35 9
61 29
140 75
100 56
121 69
129 75
115 68
91 54
100 60
164 99
127 77
171 104
139 85
176 109
163 103
193 122
137 87
131 85
208 136
117 78
203 138
156 107
199 137
173 124
135 98
229 168
253 186
255 188
134 101
163 124
298 228
265 203
176 135
205 158
223 172
250 193
182 142
194 152
283 222
56 44
53 42
223 177
102 81
147 118
244 196
261 210
103 83
236 192
244 200
140 115
169 139
166 140
281 238
275 233
158 134
264 224
206 175
141 120
215 184
202 173
284 244
177 154
275 241
265 235
266 236
205 182
143 127
208 185
94 85
130 118
172 157
158 145
201 185
123 114
210 195
199 186
161 151
287 271
112 106
196 186
257 246
169 162
291 279
296 285
1887 1821
1879 1814
248 240
140 136
246 239
297 98
2814 2742
2630 2572
146 143
98 96
148 145
1919 1881
256 251
1861 1827
1890 1856
1997 1964
4264 4194
2625 2582
4256 4188
2574 2537
2606 2571
166 164
192 190
1938 1918
4121 4081
7358 7292
2677 2656
1828 1814
4102 4071
13289 13222
13307 13249
1862 1854
1892 1886
13348 13307
4348 4336
25516 25448
7241 7222
4234 4223
25537 25471
25581 25517
25639 25577
25534 25473
50098 49979
50077 49959
25552 25506
49920 49832
49950 49872
50021 49953
50065 50000
98943 98819
98832 98720
13261 13247
25598 25575
98810 98727
49937 49898
25690 25673
391860 391656
98767 98719
196554 196464
391889 391710
391862 391696
391858 391703
98782 98747
782522 782292
391844 391729
98725 98697
391848 391737
391900 391790
196512 196460
782543 782362
391798 391712
196408 196367
3126152 3126004
782477 782328
782510 782370
391716 391651
1563668 1563593
391741 391680
782426 782305
1563596 1563504
1563777 1563542
782540 782432
391856 391807
391896 391847
782403 782308
1563626 1563527
782386 782297
1563705 1563605
782486 782401
782314 782262
1563772 1563605
1563738 1563574
782515 782439
782449 782375
1563761 1563614
1563701 1563594
3126251 3126030
6251290 6251021
6251204 6251004
3126133 3126031
3126247 3126142
25486 25482
98803 98788
196558 196535
98930 98919
196354 196333
196344 196328
196385 196369
98829 98822
782512 782473
782296 782259
782315 782278
782539 782503
782545 782510
1563692 1563635
782324 782296
391901 391887
1563742 1563689
391868 391855
3126249 3126148
1563682 1563634
782371 782347
3126131 3126037
3126207 3126114
3126198 3126107
782416 782394
6251292 6251122
391775 391765
192 187
6251195 6251027
3126086 3126012
1563781 1563749
255 255
7149 7150
49999 50024
55 57
