5010056405
292 56
289 51
293 50
298 37
281 7
259 31
287 34
244 11
278 13
279 33
253 13
217 1
207 3
207 5
99 3
87 3
219 11
187 10
129 7
236 16
117 9
165 13
214 18
160 14
248 22
151 15
226 25
173 21
166 25
241 38
224 37
46 8
270 47
153 28
177 34
223 44
237 47
190 40
97 21
157 34
226 50
284 64
194 46
288 69
96 24
291 74
242 62
202 53
216 58
215 59
209 59
184 53
173 52
246 74
276 84
169 55
157 53
152 55
108 40
233 87
205 77
109 41
265 101
165 63
295 114
259 102
32 13
86 35
159 65
299 125
248 106
159 68
114 49
225 97
244 106
214 97
300 136
257 118
186 86
276 129
216 101
74 35
19 9
88 42
138 66
190 95
243 123
183 93
289 147
166 86
149 78
194 102
270 142
154 81
125 66
283 151
208 111
276 150
250 136
129 71
29 16
188 104
251 139
34 19
280 157
215 121
248 142
183 105
47 27
273 157
290 168
195 114
159 93
265 156
194 115
271 161
181 108
279 173
190 119
209 131
150 95
284 180
129 82
120 77
123 79
230 149
273 178
173 113
138 91
257 171
248 168
135 93
162 113
292 206
125 90
199 144
98 71
257 187
213 155
211 154
205 150
171 126
172 127
296 220
128 96
214 164
236 185
299 238
300 239
291 232
295 241
151 124
257 213
269 225
216 181
236 200
266 229
291 252
136 118
102 89
92 81
287 254
83 74
207 189
214 198
29 27
181 170
53 50
296 281
204 195
298 286
293 282
174 168
200 194
174 169
115 112
266 261
170 168
288 285
198 196
269 267
212 2
5010000300 5010000210
289 294
73 73
153 153
58 78
155 156
131 132
258 260
69 70
187 190
146 149
97 99
279 285
190 196
248 256
236 248
269 283
129 136
198 209
271 290
133 144
275 298
195 212
249 275
141 156
219 243
261 290
53 59
265 297
114 128
150 171
78 90
75 87
163 196
205 249
161 198
239 296
228 284
201 251
82 103
197 248
211 267
74 96
158 205
212 278
165 217
174 229
69 91
219 290
183 245
92 236
142 191
113 153
208 284
93 127
189 259
110 155
208 297
97 139
181 261
61 88
164 238
196 285
155 229
104 154
91 135
77 115
169 253
126 189
137 208
128 200
92 144
153 241
183 292
176 283
148 239
42 68
63 103
157 257
94 156
168 283
170 294
142 247
106 185
168 297
75 133
106 189
166 297
103 185
60 109
153 279
62 115
128 238
51 96
59 113
84 165
113 225
127 256
119 242
121 247
100 209
124 267
95 208
136 299
61 135
40 89
131 295
128 293
96 220
103 238
44 104
73 173
82 196
59 146
26 66
76 199
21 55
94 249
107 284
110 293
83 224
94 254
37 100
49 133
18 50
90 252
106 300
77 219
65 187
92 268
74 218
73 216
89 265
75 225
85 256
32 97
79 256
85 276
79 268
81 275
77 273
83 299
34 124
74 270
59 216
71 263
28 105
24 92
66 260
36 142
48 194
19 78
42 178
34 146
54 241
29 131
46 216
45 249
23 133
48 289
37 225
41 250
34 211
25 156
4 29
25 193
30 237
32 267
27 258
23 245
14 174
18 231
10 139
8 117
8 125
10 160
16 259
6 249
3 133
