527855
161 2
284 5
174 7
299 18
189 13
128 14
163 18
201 25
291 39
206 33
122 23
265 55
160 34
245 53
107 24
196 45
135 31
279 71
288 77
98 29
145 43
80 24
239 72
271 82
158 49
263 83
292 93
210 78
169 64
193 74
289 113
230 91
150 61
294 120
287 119
203 86
207 91
282 124
181 82
245 119
242 118
193 98
204 106
214 115
98 54
224 130
48 28
249 148
300 182
168 102
298 182
129 80
136 87
211 135
170 109
170 114
79 53
236 168
242 174
58 42
213 160
264 200
252 202
130 103
254 204
259 217
220 186
288 245
243 208
75 65
125 111
117 106
275 250
223 205
233 221
54 53
218 216
189 1
500300 500207
290 292
191 295
220 221
141 143
235 239
160 165
272 281
258 267
193 203
213 226
258 279
247 272
199 221
235 261
61 68
247 278
133 151
257 293
248 283
244 279
197 229
135 159
152 183
240 292
64 78
237 289
241 295
212 264
202 260
158 209
86 115
184 247
160 217
183 250
88 126
193 286
195 293
146 226
127 199
182 290
137 219
184 299
120 203
120 204
165 281
86 147
95 168
137 244
125 224
154 277
117 225
133 264
103 205
56 113
85 173
107 222
107 223
133 279
20 42
108 228
136 292
106 235
88 208
113 271
114 279
23 62
56 156
87 259
49 148
90 284
43 136
70 222
22 71
22 71
48 155
53 172
26 90
38 142
35 133
45 174
14 55
69 274
56 263
60 283
53 272
39 224
44 258
38 259
30 208
43 299
30 226
24 192
18 171
29 297
22 272
18 284
13 211
12 250
8 228
9 298
5 195
1 138
