1010728
150 87
197 136
235 164
307 213
234 143
253 162
296 155
279 87
266 159
123 57
215 112
237 83
239 18
180 104
266 32
178 75
249 138
452 264
200 80
293 64
227 125
300 193
277 26
188 123
267 8
237 46
175 27
143 79
266 52
72 10
292 86
253 70
236 3
232 108
8098 7861
4134 3927
4171 4010
8038 7920
15859 15731
15867 15746
694 539
1209 1030
694 574
1243 1076
1202 1010
2234 2047
2219 1961
2123 1994
15924 15646
8038 7868
8067 7942
74 20
8 3
78 40
31 17
52 31
121 76
309 222
265 193
367 270
198 149
503 392
208 166
209 167
181 147
238 194
135 112
353 296
708 599
262 222
244 216
197 177
277 252
1207 1117
42 39
1158 1077
144 134
353 329
656 622
1273 1211
2035 1955
485 466
1219 1176
4013 3912
8069 7964
4152 4098
607 600
15792 15676
148 147
15871 15797
4001 3973
2034 2026
31533 31424
62788 62663
125253 125076
125282 125117
15748 15734
250288 250097
376 156
62737 62684
125071 125026
31294 31288
4049 4074
112 114
92 94
