1056775
235 42
2200 1974
223 35
277 77
231 65
298 68
91 59
173 132
235 91
284 234
129 101
296 254
117 62
186 57
135 111
156 105
238 147
275 82
232 54
166 132
75 50
273 156
235 44
176 86
95 32
223 187
284 197
117 43
126 13
160 17
147 41
300 78
82 18
294 252
128 105
234 15
273 221
156 17
145 92
227 48
181 111
175 101
106 15
187 49
275 179
231 26
228 92
250 15
162 93
231 149
276 71
289 120
265 68
257 170
268 46
112 11
235 155
127 95
237 156
272 156
200 120
299 107
155 28
137 15
286 61
278 237
233 145
240 151
29 8
136 2
122 25
206 76
130 18
225 69
284 155
85 23
232 125
173 129
299 192
145 18
264 44
185 60
282 136
208 5
232 127
139 22
67 34
72 50
161 119
209 138
219 159
152 100
172 37
169 127
263 17
162 93
293 5
173 48
267 143
135 12
212 15
239 172
81 20
197 135
204 121
245 199
77 41
258 73
124 77
115 21
265 65
253 83
251 129
176 135
279 72
273 149
154 15
41 25
300 139
263 11
189 14
212 101
213 151
39 3
35 17
249 9
292 44
258 2
149 97
287 11
272 17
277 120
8 2
237 12
239 28
120 49
265 46
205 60
273 115
157 27
240 163
299 81
24 18
289 12
150 116
250 147
244 128
266 196
270 202
220 51
203 44
167 114
216 129
219 165
33 20
236 119
292 226
34 29
153 90
189 147
148 77
57 32
72 36
224 41
280 153
270 88
201 32
220 197
211 8
224 124
115 83
182 34
209 94
55 16
250 167
178 154
246 113
218 31
227 195
98 59
213 42
285 99
82 64
53 23
273 141
189 101
200 132
22 15
243 98
197 117
245 142
235 166
266 64
211 173
268 184
222 29
244 136
287 255
285 58
291 25
266 95
240 69
216 15
204 154
143 80
259 149
284 193
69 3
153 92
98 67
150 35
232 153
137 48
178 44
249 60
144 115
181 144
295 232
279 249
297 235
296 126
299 47
296 188
195 108
204 162
275 121
77 2
179 93
204 148
234 34
64 18
127 35
57 31
154 87
299 215
136 71
231 191
235 36
256 159
210 188
295 160
125 77
224 94
285 23
223 44
146 3
219 196
274 218
240 160
287 214
326 292
157 32
408 308
109 15
270 205
265 127
235 154
169 94
179 123
214 120
418 161
194 163
69 31
186 36
225 88
224 163
171 135
283 164
48 42
266 235
216 61
267 96
61 35
285 239
396 335
271 241
414 185
414 270
201 144
154 41
199 138
380 165
91 70
323 234
183 134
158 79
483 271
495 338
238 81
442 386
243 39
93 18
478 412
465 302
536 436
244 38
497 319
541 395
540 266
115 38
518 349
528 372
388 269
298 221
229 195
462 261
435 353
405 308
186 117
228 70
456 351
171 132
464 289
252 136
126 85
239 201
480 300
491 369
469 299
215 1
227 39
186 144
532 458
183 92
500 402
59 3
112 35
793 593
2261 1978
33 14
124 51
183 57
275 163
679 582
752 610
665 559
649 576
692 583
690 550
781 621
740 570
272 165
643 558
790 578
287 199
587 501
688 607
644 563
297 54
250 216
129 53
128 62
783 567
1182 1007
1284 1132
1249 991
1201 1067
1224 1058
1241 1032
263 112
230 141
272 147
1281 995
293 263
1154 1012
1128 1010
180 116
1284 1048
1112 1000
1201 1089
15789 15668
7939 7827
4129 3980
4097 3946
161 145
237 220
262 244
128 115
8117 7831
4180 4072
4088 3959
1225 1187
4183 3931
1103 1013
4114 3988
736 711
4162 3925
4015 3934
1164 1108
4059 3935
4008 3939
15849 15697
4216 4088
1230 1175
172 156
216 195
4193 3939
4129 4088
1231 1140
4195 3994
197 184
1240 1201
7987 7891
4122 3933
15875 15755
4149 3933
4185 4094
4138 3959
216 194
15887 15759
265 244
4215 4099
3978 3948
15920 15659
194 183
4204 4041
153 143
1133 1055
744 698
8019 7878
4090 3957
329 305
4179 4008
7978 7866
7979 7910
2222 2060
2220 2119
8099 7850
2230 2073
253 234
670 653
2240 2088
2008 1977
258 232
1129 1050
15912 15684
2244 2211
2254 2174
15834 15664
240 219
259 248
1181 1157
2011 1985
7926 7823
1151 1067
2117 1973
1110 1061
2114 2039
480 455
2252 2113
7974 7904
2081 2005
2257 2183
2103 2046
2211 2037
2247 2217
7892 7836
2087 2016
136 125
467 442
2180 2122
8034 7860
2089 1994
2238 2095
729 708
311 298
2164 1991
15919 15735
15862 15653
2214 2155
2221 2028
248 234
8031 7892
8018 7856
2208 2168
15905 15648
611 595
7929 7860
1281 1182
1097 1063
117 107
1190 1101
1208 1191
400 377
8067 7883
15861 15682
678 657
7977 7900
1215 1160
298 282
1264 1179
246 234
15853 15651
8074 7836
1213 1096
15804 15655
15845 15686
1189 1098
1250 1141
8116 7982
4 2
72 65
68 62
111 102
113 104
100 93
182 172
78 74
178 169
203 193
245 236
180 174
284 275
289 280
274 266
295 287
226 220
286 279
179 175
425 416
195 191
98 96
111 109
399 396
31520 31301
15891 15781
4144 4116
31537 31330
7999 7947
7929 7880
31465 31272
31533 31348
4100 4076
736 730
3953 3930
31546 31363
31559 31389
31457 31294
8035 7994
7902 7865
15868 15794
87 31
62807 62529
31544 31405
4075 4058
2230 2223
307 306
356 355
200 200
