6000008277
153 1
104 8
152 13
164 21
87 13
188 29
94 17
189 49
163 43
145 39
152 48
122 43
121 45
189 82
71 31
129 61
162 77
174 87
100 51
142 74
164 89
133 80
118 73
163 104
129 84
44 30
35 24
154 108
56 40
157 117
189 145
164 132
150 123
186 155
89 77
143 125
97 86
37 33
171 160
168 160
86 82
135 131
168 9
6000000200 6000000024
175 186
16 181
131 135
125 139
12 14
118 143
116 148
145 185
125 168
136 196
115 168
124 187
74 115
121 200
83 140
60 107
73 133
76 141
80 153
19 40
22 47
62 146
44 116
21 56
53 174
18 63
13 51
33 131
32 130
30 155
21 130
18 124
25 180
15 173
3 44
4 82
2 195
