9937590494
233 3
230 4
252 6
283 8
96 3
146 5
210 9
46 2
191 9
191 10
243 14
294 17
153 9
180 11
245 15
226 14
282 19
279 19
214 15
88 7
230 19
217 19
273 27
222 22
144 16
261 29
177 20
284 33
124 15
250 32
200 26
272 37
254 35
152 2
190 27
272 42
125 21
278 47
185 32
168 30
288 54
110 22
260 52
269 54
264 55
274 60
167 38
266 61
209 48
270 63
187 44
250 59
146 35
184 45
257 63
231 58
291 76
232 61
171 46
228 62
188 52
292 81
282 79
221 62
198 57
251 73
263 78
235 72
142 44
283 89
133 42
240 76
290 94
79 26
274 38
69 23
153 51
65 22
262 89
251 86
246 85
238 84
102 36
264 94
67 24
276 99
86 31
58 21
217 79
247 90
210 77
111 41
208 77
133 50
234 88
93 35
178 67
228 90
200 79
269 108
196 79
276 114
207 86
254 106
141 59
298 99
209 88
225 95
254 109
172 74
169 75
161 72
199 89
253 114
139 63
229 104
277 126
251 115
125 58
245 114
246 115
201 94
79 37
117 55
236 111
156 74
141 67
246 119
238 116
224 111
160 81
284 145
262 134
43 22
227 117
164 85
239 124
250 131
76 40
150 80
234 125
157 84
282 152
295 161
135 74
69 38
270 149
190 105
90 50
183 77
225 127
121 69
182 104
145 83
291 170
183 108
296 175
280 166
258 153
263 156
202 120
162 98
252 153
167 103
64 40
207 131
77 49
119 76
216 139
209 136
78 51
208 136
205 135
297 199
93 63
231 157
281 191
166 113
104 71
250 171
210 145
191 132
257 178
203 141
203 141
149 104
93 65
220 154
124 88
252 179
266 190
284 204
112 81
261 189
234 172
239 176
93 69
254 192
272 207
249 190
102 78
196 150
73 56
232 178
286 220
233 180
106 82
295 229
209 164
184 145
245 194
255 202
232 184
218 175
220 177
256 206
226 184
229 187
159 131
236 196
72 60
12 10
138 115
234 196
193 162
183 154
103 87
171 145
264 224
153 130
244 208
161 138
159 137
109 94
178 154
230 199
136 118
284 247
258 225
235 205
279 244
153 134
147 129
269 237
136 120
215 190
205 183
85 76
180 161
167 150
255 230
278 252
135 123
169 155
221 206
221 206
241 225
288 269
189 177
271 254
292 276
224 212
40 38
163 155
167 159
273 260
270 258
146 141
144 81
282 274
178 173
273 266
264 258
264 258
271 266
279 275
213 210
280 277
266 263
205 203
106 105
192 191
238 231
1312500298 1312500127
1312500294 1312500183
6000000296 6000000157
294 298
1312500295 1312500286
234 234
180 180
24 24
238 291
290 291
146 147
118 119
97 98
73 74
139 141
181 184
211 215
126 129
241 249
108 112
182 189
190 198
220 230
63 66
184 193
238 251
210 222
104 110
103 109
277 294
126 134
180 192
232 248
186 199
271 290
50 54
209 227
208 227
260 284
125 137
188 207
244 269
211 238
242 273
262 296
51 58
254 292
152 175
235 271
225 260
193 225
64 75
156 183
218 256
106 125
119 141
243 289
224 267
173 207
248 298
147 177
91 110
108 131
245 299
147 246
192 236
109 134
198 244
73 90
149 186
28 35
143 181
213 270
198 251
112 142
11 14
83 106
212 271
158 202
161 206
132 169
231 296
203 261
223 288
169 220
109 142
195 256
171 226
175 232
197 263
175 235
154 208
196 265
170 230
139 189
86 117
88 120
208 288
108 150
109 153
161 227
12 17
102 145
178 259
125 182
108 159
161 238
144 214
185 275
147 219
24 36
163 247
162 247
156 239
177 273
147 227
68 106
191 298
97 152
75 120
85 136
134 216
168 272
100 165
59 98
165 275
148 247
168 281
98 232
171 288
171 289
99 169
153 262
149 257
92 159
89 154
142 246
86 149
165 286
78 136
39 68
145 254
90 158
161 284
116 205
69 122
70 124
71 126
32 57
140 250
137 246
89 160
153 277
18 33
116 213
100 187
49 92
129 244
141 267
121 230
114 220
126 245
139 277
88 176
47 95
97 197
96 195
116 238
56 115
106 219
103 213
78 162
110 230
132 276
97 205
118 250
92 195
112 239
98 210
118 255
99 214
131 284
62 136
124 273
116 256
135 300
94 209
76 170
94 212
79 179
111 261
121 286
53 257
98 234
78 188
56 135
85 206
68 165
59 144
8 20
103 259
108 272
72 182
69 175
85 216
111 284
63 163
45 118
99 265
70 189
44 119
74 204
77 214
77 214
23 64
69 200
51 150
83 246
59 175
51 154
49 151
85 263
73 226
60 190
84 266
52 165
87 278
37 119
59 192
74 244
46 154
88 295
13 45
49 170
55 192
41 145
50 178
57 204
72 260
41 150
31 115
68 254
55 215
25 98
32 126
50 197
49 199
60 250
41 171
69 300
20 87
20 88
60 264
61 269
19 85
59 265
16 72
46 224
55 275
26 132
54 283
48 254
37 198
32 173
29 157
45 244
31 173
49 278
44 254
49 292
17 103
40 254
39 251
38 245
18 119
43 290
17 115
26 177
39 269
17 119
16 116
28 208
18 135
37 281
24 188
18 142
30 237
35 282
20 176
26 232
32 286
11 100
32 291
23 217
15 142
17 191
1 12
22 270
18 240
13 177
19 275
12 194
16 291
16 300
13 258
14 293
7 154
11 252
7 174
8 278
7 247
8 293
7 286
3 140
1 63
3 205
2 176
2 211
2 255
1 246
1 295
