9999998242
71 3
266 24
266 24
286 26
154 14
205 22
195 21
116 15
286 42
141 25
275 58
194 42
214 59
67 22
239 84
95 43
226 125
16 9
244 146
259 158
292 181
256 170
139 94
206 146
258 20
201 166
190 157
258 237
165 152
248 230
295 284
89 87
135 133
265 263
191 155
1000152875 1000152615
234 273
1019531545 1019531345
1625000294 1625000258
1002441698 1002441509
1039062795 1039062637
1312500299 1312500129
1000610639 1000610559
1000076585 1000076518
1000610636 1000610581
167 170
173 185
223 242
185 209
135 156
138 164
220 280
119 152
108 139
93 130
134 194
189 281
35 57
28 48
158 276
169 296
165 294
69 127
136 283
94 198
130 285
81 188
104 242
110 287
87 258
84 250
39 132
45 189
27 115
41 237
35 230
39 294
12 94
29 248
19 230
14 175
5 271
