99974884
191 1
144 9
50 4
160 13
163 15
173 16
170 17
158 18
153 19
199 38
198 38
125 26
70 20
37 11
146 45
81 27
168 58
179 62
78 28
147 53
184 70
190 10
189 77
188 84
110 51
101 47
34 17
123 63
160 85
133 76
155 90
70 42
123 74
188 117
178 113
151 96
165 107
40 27
179 124
110 78
63 45
59 43
164 123
180 137
176 137
122 98
195 160
119 99
19 16
175 158
130 118
88 82
193 182
191 185
180 177
171 169
153 62
10390825 10390686
166 181
10390821 10390683
10390822 10390684
10390825 10390708
16250200 16250056
10781450 10781376
10781448 10781379
10390825 10390770
10195510 10195480
101 113
150 169
128 134
98 104
111 118
124 133
143 158
86 99
140 162
73 88
134 162
132 165
150 194
147 193
138 182
99 138
133 194
75 115
118 182
110 182
95 163
57 102
78 141
98 188
64 126
87 191
87 194
86 193
83 188
35 80
53 127
27 67
35 88
46 116
66 168
63 186
40 136
28 96
44 152
24 84
32 131
16 70
44 195
41 191
34 163
24 117
37 181
32 165
30 163
6 38
26 165
24 157
24 157
7 46
7 47
9 63
16 154
18 179
19 195
14 183
6 154
1 73
