9999251796
290 28
183 22
285 42
50 8
231 40
242 43
203 37
279 54
208 44
285 61
287 63
265 5
172 53
62 20
267 87
265 87
149 50
294 99
231 78
153 53
300 119
287 117
243 107
293 137
247 123
298 165
268 150
283 162
212 122
116 67
240 141
115 70
133 81
275 170
220 144
84 56
246 168
32 22
291 202
273 194
242 174
81 59
153 121
183 146
228 184
171 140
173 154
186 167
277 251
199 185
257 242
283 270
238 228
179 176
119531543 119531282
119531505 119531256
119531510 119531269
119531489 119531264
139062773 139062532
119531495 119531289
119531533 119531336
139062794 139062565
119531518 119531334
119531544 119531367
119531542 119531377
139062797 139062607
139062799 139062610
119531547 119531386
139062784 139062606
289 76
119531522 119531378
178125282 178125068
178125298 178125105
119531547 119531421
178125269 178125090
139062791 139062653
256250283 256250030
139062752 139062618
119531547 119531402
119531503 119531412
256250300 256250075
256250293 256250072
256250292 256250076
256250275 256250077
256250293 256250119
139062793 139062702
139062796 139062716
412500299 412500091
256250268 256250103
256250275 256250117
178125266 178125160
139062757 139062677
139062780 139062701
178125297 178125208
256250280 256250159
256250288 256250173
178125283 178125204
139062738 139062698
139062774 139062740
412500300 412500206
139062783 139062755
272 291
139062766 139062742
178125262 178125238
139062762 139062749
256250269 256250265
256250290 256250295
139062767 139062781
119531533 119531546
119531534 119531549
178125256 178125289
139062762 139062791
139062762 139062792
119531494 119531532
19 237
227 229
271 283
102 112
105 119
207 239
228 264
230 270
183 223
128 156
240 298
191 261
66 91
137 195
149 214
194 283
183 285
134 217
169 279
41 71
99 179
64 120
131 257
34 70
135 283
139 297
101 220
57 125
14 35
63 183
76 225
87 273
91 294
47 161
38 131
52 180
34 125
50 228
57 285
33 233
25 226
13 160
16 269
14 258
