5000021378
259 35
298 35
268 4
300 22
294 15
286 118
161 1
270 101
261 97
204 11
277 92
292 94
234 22
261 51
184 24
195 8
162 8
150 9
171 14
112 11
105 17
144 34
151 39
226 77
242 84
247 89
106 39
164 61
193 72
194 78
191 78
120 50
184 80
158 70
46 21
246 114
296 141
184 89
67 33
66 33
40 20
273 140
289 149
178 92
278 145
266 146
240 136
92 56
119 75
223 146
197 144
292 215
294 232
259 206
299 239
148 120
76 63
253 210
226 188
183 156
290 255
265 236
234 210
182 165
170 156
179 166
277 265
254 253
250 242
296 295
121 5
5000000300 5000000130
271 299
165 174
188 191
126 130
229 276
130 142
202 231
258 297
122 144
185 220
143 179
202 254
221 281
109 142
110 147
125 173
177 247
162 261
136 225
111 186
78 131
151 254
164 284
135 251
97 185
68 132
114 223
104 223
121 261
73 159
125 296
104 252
79 196
109 271
87 221
39 102
88 237
42 115
33 93
104 298
99 290
97 286
77 239
42 136
10 38
74 286
34 142
34 143
59 256
67 296
46 209
33 154
45 214
27 130
39 190
23 114
20 112
53 297
24 136
17 121
12 90
26 198
25 224
26 242
25 246
20 252
17 263
4 96
4 224
