50029756
285 133
277 119
211 2
197 8
192 9
295 116
139 13
228 27
267 96
149 19
214 62
157 22
235 39
208 37
297 56
243 70
244 49
239 51
225 51
212 55
276 77
130 9
90 11
67 9
123 24
166 67
204 87
178 76
232 112
115 59
140 73
140 73
248 141
285 163
107 62
187 110
300 179
236 142
270 167
273 176
232 150
105 68
223 145
268 181
130 88
19 17
288 200
194 135
238 168
294 208
195 139
209 153
263 193
287 220
264 212
162 131
253 207
189 167
271 1
190 170
45 41
272 248
266 252
183 174
248 237
117 113
194 186
234 231
199 138
50010300 50010010
297 297
89 213
249 250
206 214
257 270
80 86
169 184
116 128
231 255
203 230
191 224
136 184
142 195
197 271
77 111
176 269
140 215
159 254
94 158
154 262
163 292
134 242
18 33
145 277
152 291
123 238
140 277
94 198
39 108
48 133
40 118
93 300
48 163
57 203
38 138
40 158
15 62
54 239
61 272
30 147
44 222
19 96
49 265
13 72
7 41
45 265
26 166
18 151
17 252
9 293
1 37
