1024454
230 32
291 42
239 13
124 23
108 22
175 18
244 32
85 13
267 25
225 15
210 15
201 21
233 2
165 17
119 9
179 10
231 1
283 32
255 7
257 12
258 51
284 28
299 21
208 16
196 38
75 3
141 22
223 47
214 31
93 4
170 23
93 13
25915 25647
264 64
204 73
181 70
286 141
292 125
218 103
217 128
259 133
252 140
173 111
12221 12036
12236 12054
12220 11960
229 142
240 178
145 67
279 206
81 19
12243 12009
101 25
238 80
216 152
266 187
110 42
236 95
14197 13935
232 170
270 105
286 214
278 102
169 74
193 101
287 144
222 122
180 44
237 108
175 68
195 121
14136 13915
274 187
299 155
262 62
292 142
146 80
124 61
241 93
205 80
141 79
282 168
299 129
189 76
145 78
222 75
289 148
254 188
14196 13970
273 158
249 61
258 130
202 137
195 105
275 70
18103 17843
208 107
253 148
281 131
264 74
280 169
125 57
300 124
196 98
263 129
298 86
18095 17814
201 108
248 143
237 113
12105 11956
12080 11956
12174 12047
18100 17864
18047 17854
14074 13944
14156 14008
18074 17833
14195 14011
14106 13929
25915 25713
18041 17897
14100 13965
14127 13996
12191 12060
25844 25634
12104 11970
18068 17825
12244 12075
14153 13999
12101 11978
14178 13987
27 2
37 10
88 28
55 21
100 45
86 39
26 13
75 38
90 47
121 70
126 76
88 54
149 95
160 108
54 37
120 83
181 128
162 120
140 104
244 185
228 173
259 198
247 190
159 123
280 219
281 222
227 183
217 175
300 243
136 111
46 39
93 79
236 202
296 257
39 34
228 200
289 255
95 84
221 200
296 268
244 221
129 117
291 265
174 159
207 192
125 116
142 132
91 85
215 201
148 140
95 90
127 121
135 130
237 229
290 282
297 289
199 194
229 224
12060 11955
12137 12033
14170 14050
14056 13948
12250 12157
12134 12042
18108 17975
14160 14062
12069 11988
73 8
18074 17963
12151 12072
12173 12094
14071 13980
25836 25675
17994 17882
25809 25649
12238 12162
18083 17984
18000 17902
18069 17977
14099 14028
17915 17827
12144 12063
41512 41282
25750 25628
41504 41309
17992 17916
14121 14064
194 194
236 241
