100035940
153 2
221 4
213 4
186 4
194 5
241 7
227 7
155 5
222 10
249 14
75 5
284 21
254 23
53 5
246 25
163 18
27 3
226 26
296 36
298 37
167 21
268 34
227 29
287 37
170 22
91 12
141 19
148 21
88 13
137 21
75 12
56 9
286 48
138 26
159 30
253 49
175 35
285 57
74 15
224 48
163 35
150 33
204 45
299 66
40 9
218 52
243 62
288 76
56 15
178 48
291 85
194 57
238 72
105 32
142 44
274 87
270 87
212 69
293 96
80 27
254 86
243 83
228 79
219 80
271 99
232 86
200 75
281 106
246 94
272 105
288 112
112 45
82 33
152 62
182 76
217 92
202 86
169 72
129 56
76 33
68 30
92 41
156 70
269 121
107 49
26 12
269 125
165 78
176 85
169 82
184 90
145 71
233 115
252 3
163 82
104 53
200 103
231 119
174 90
171 89
292 152
293 154
57 30
74 39
149 79
278 150
157 86
223 123
182 101
232 129
242 136
215 121
273 154
177 100
192 111
12 7
88 52
207 123
168 100
249 151
89 54
218 137
173 109
228 144
254 161
156 100
146 94
78 51
114 75
59 39
259 173
266 179
93 64
185 131
90 64
204 146
177 127
255 183
236 171
258 187
224 167
177 132
205 154
224 169
298 225
286 220
163 128
290 229
281 222
92 73
100 81
190 154
289 236
175 144
58 48
62 52
94 79
283 238
204 172
151 128
240 204
159 136
286 246
177 154
295 258
279 246
164 145
269 238
155 139
243 218
148 133
179 161
142 130
238 223
78 75
190 183
252 247
171 168
244 242
141 140
203 202
240 239
196604 196345
196591 196335
196566 196320
18 9
196600 196383
196543 196327
196584 196387
196578 196386
196592 196402
196577 196401
196584 196423
196570 196417
196485 196344
196506 196367
196550 196422
196536 196418
391924 391697
391896 391671
391862 391643
196599 196492
196442 196338
391831 391625
196538 196435
391839 391638
391868 391679
196498 196405
196515 196422
196604 196511
196432 196340
196586 196495
196609 196518
196436 196347
196426 196338
196605 196517
391858 391684
196486 196399
391810 391637
391902 391739
391907 391764
391775 391643
391913 391781
391814 391686
196380 196316
391782 391656
391905 391780
196389 196329
782489 782256
391872 391756
782495 782281
782474 782272
782492 782293
196584 196342
782455 782259
391725 391627
391864 391768
391758 391663
196441 196394
782546 782360
391798 391706
782451 782268
782534 782352
391768 391677
391788 391697
391798 391709
391858 391769
196467 196423
196604 196560
782457 782284
782487 782321
782437 782273
391784 391702
196430 196390
391713 391636
782426 782273
782546 782393
782441 782295
391749 391678
391879 391808
196546 196511
782547 782408
782516 782385
782402 782272
782440 782310
782404 782281
391838 391777
1563755 1563514
1563780 1563542
782457 782338
1563753 1563517
1563764 1563529
1563766 1563531
1563773 1563545
782370 782256
391707 391650
1563789 1563562
782483 782370
782482 782284
782491 782380
391860 391806
782478 782371
782381 782275
391701 391649
196426 196400
782468 782368
782544 782451
782549 782456
782499 782411
391915 391871
1563683 1563512
1563713 1563544
1563729 1563562
1563722 1563561
782531 782451
1563742 1563584
1563701 1563549
1563744 1563592
782384 782308
782449 782374
1563729 1563585
1563647 1563515
391751 391718
1563642 1563511
1563662 1563531
3126267 3126006
782431 782367
196354 196338
1563724 1563597
3126292 3126044
391728 391697
391766 391735
782371 782310
782316 782256
391824 391794
196518 196503
1563618 1563506
782486 782373
782519 782463
782332 782280
782488 782440
782354 782307
782508 782464
782520 782476
391724 391702
391922 391903
196332 196323
196385 196376
391693 391676
391643 391627
391876 391862
391697 391684
391750 391738
391828 391817
391858 391849
391878 391869
196540 196538
391833 391828
391691 391689
391766 391766
196589 196591
196395 196397
196420 196424
196392 196404
196571 196589
271 272
200 202
262 265
171 173
237 241
178 182
232 238
174 179
264 274
98 104
