50157636
290 210
189 4
169 4
182 8
295 13
210 10
117 6
290 15
135 7
260 14
287 20
256 18
198 15
154 13
135 12
185 17
216 21
208 21
241 26
203 22
248 27
99 13
220 30
271 190
222 33
207 31
170 27
129 21
275 192
138 25
123 23
276 53
255 176
113 23
262 54
189 39
154 32
231 49
182 40
235 52
286 191
183 43
279 185
146 36
135 34
282 74
275 73
176 47
279 177
260 72
144 40
245 69
273 79
290 86
296 88
215 64
233 70
125 38
157 48
207 67
270 90
232 80
189 67
155 56
294 185
211 80
267 166
218 85
241 95
213 84
230 91
206 84
246 101
275 169
287 173
284 122
206 123
152 68
250 113
285 166
220 128
269 127
224 106
170 81
206 99
210 121
202 100
276 139
281 142
175 89
165 84
233 119
164 84
228 118
189 99
195 104
221 118
271 145
292 166
235 130
34 5
48 8
67 13
30 7
79 19
104 28
121 44
106 41
127 53
69 29
121 53
44 20
56 26
137 67
111 60
16 9
164 93
159 96
160 98
166 102
88 55
120 75
201 129
215 139
205 134
138 91
116 78
234 159
169 115
208 143
13 9
238 165
81 57
256 184
219 158
102 74
217 158
170 124
213 159
300 224
266 199
148 111
296 223
144 109
149 113
25 19
96 73
209 159
228 176
277 216
129 101
295 233
153 121
300 238
293 234
239 191
274 220
224 180
189 152
158 128
276 225
114 93
100 82
213 175
68 56
260 216
273 228
210 178
134 114
295 252
130 113
128 112
221 194
66 58
291 258
228 203
56 50
234 209
274 246
256 231
300 271
241 219
175 160
282 259
89 82
267 247
161 149
275 256
170 160
193 182
278 263
170 161
152 145
296 283
300 288
139 134
255 3
288 280
283 276
245 240
198 194
191 189
145 144
158 157
96 93
50100300 50100055
269 286
85 85
119 119
120 136
89 90
67 68
234 239
267 277
242 253
146 153
226 237
225 237
200 212
75 80
138 148
174 187
186 200
194 209
162 177
110 121
215 238
177 197
150 167
258 288
41 46
218 245
36 78
161 186
250 293
190 226
154 184
209 252
148 179
247 299
127 155
240 293
76 93
101 125
88 109
50 62
103 129
95 120
165 211
164 210
180 234
168 220
219 288
183 245
208 279
206 280
90 124
126 175
135 189
200 281
69 97
195 275
39 56
109 158
200 291
188 279
167 255
123 189
158 243
147 234
62 101
141 230
167 273
180 297
171 284
134 223
46 77
103 173
124 209
145 251
132 230
113 197
132 234
114 203
97 173
104 197
115 221
115 221
131 258
102 202
137 273
128 260
129 269
88 185
100 211
126 267
99 213
117 260
130 290
75 168
103 231
109 250
69 164
88 212
93 236
111 283
100 271
90 251
66 185
80 226
94 277
88 260
88 265
93 291
73 231
90 287
72 231
45 152
71 240
72 247
77 266
84 298
37 135
56 208
50 189
44 169
74 286
72 286
56 226
23 94
44 180
23 99
61 275
29 133
57 268
45 215
60 293
40 209
41 215
32 173
51 277
29 159
39 233
33 198
49 300
34 234
22 158
8 59
35 293
27 242
18 164
14 168
24 295
6 86
9 146
10 170
12 211
10 225
12 279
4 113
2 92
