100014279
1662617 1662516
1662669 1662522
1662637 1662545
124589 124532
124551 124437
124583 124468
124544 124482
106 71
124523 124482
1662661 1662516
124513 124443
124557 124455
1662673 1662586
124572 124472
1662658 1662525
192 118
881346 881265
881418 881304
112374 112230
112289 112209
881434 881267
112323 112247
124 65
149011 148927
112333 112282
149020 148904
148972 148876
112371 112238
149025 148912
112398 112237
148939 148862
86 37
148992 148851
148923 148865
881411 881300
881367 881267
194 135
112272 112233
112395 112208
149012 148864
112373 112331
162 125
170 73
197 48
148959 148833
881368 881296
149007 148927
148924 148866
157 27
166 120
881416 881308
149007 148870
149000 148952
111 75
187 10
76 36
191 129
47 11
197806 197765
142 65
192 4
197740 197666
141 21
197774 197701
197830 197669
111 15
169 83
198 110
490716 490646
197806 197745
490743 490672
197854 197669
167 50
490821 490692
490756 490628
178 104
173 28
197783 197660
197729 197675
197851 197749
171 12
137 16
197836 197727
96 3
186 79
190 96
197776 197658
107 52
135 34
185 52
191 32
490802 490672
134 90
490803 490708
490808 490657
138 78
159 103
490815 490737
129 49
200 50
162 106
180 38
295465 295418
62 8
295486 295351
295510 295379
295480 295382
181 131
295447 295326
295446 295396
295480 295397
53 2
3225143 3225010
3225193 3225036
3225191 3225037
3225196 3225055
33 1
68 37
71 49
113 79
126 92
104 82
71 56
114 90
77 61
105 84
184 150
73 60
130 110
104 90
8 7
199 175
126 119
199 191
126 121
110 106
91 90
124464 124431
112405 112377
124546 124518
148908 148875
197854 197817
149011 148984
149004 148979
197736 197704
197840 197809
197837 197808
124551 124533
124602 124584
124522 124505
295354 295314
295404 295366
124526 124510
148879 148861
295468 295435
295452 295420
295499 295467
149009 148993
295371 295341
295363 295334
295389 295360
295444 295415
112341 112330
197740 197721
295417 295394
490700 490664
1662598 1662515
124589 124520
1662675 1662616
3225160 3225044
3225140 3225022
1662599 1662524
881384 881346
3225157 3225037
3225149 3225028
1662692 1662630
3225146 3225037
3225133 3225038
112332 112324
124532 124524
197731 197721
490774 490754
490656 490638
490690 490672
490701 490684
881449 881423
1662556 1662508
490729 490716
1662551 1662508
881368 881346
881388 881366
3225075 3225001
490742 490707
6350200 6350035
881316 881281
3225136 3225067
1662615 1662581
881369 881357
112366 112369
168 174
