9937546977
181 1
240 6
272 7
285 9
52 2
275 12
264 13
165 9
182 11
261 19
285 21
294 22
270 21
224 19
138 16
212 27
164 21
139 18
161 21
236 34
246 37
286 49
256 45
273 48
125 22
229 41
59 11
289 54
101 19
270 57
230 50
288 63
153 34
268 60
233 53
245 63
111 29
205 54
215 57
30 8
293 79
199 54
116 32
161 47
260 77
271 84
64 20
278 91
216 73
237 81
280 7
233 80
192 66
168 63
292 110
227 86
300 125
184 80
259 113
177 81
172 79
260 122
156 74
276 131
262 127
115 56
250 124
292 145
293 146
32 16
194 97
205 104
288 152
239 127
121 66
280 153
286 159
125 70
151 85
158 89
299 169
281 159
146 84
220 127
171 100
165 97
288 175
136 84
66 41
254 158
257 161
213 134
160 103
300 196
208 136
52 34
265 175
253 170
283 191
270 189
138 97
205 149
238 173
252 184
186 136
252 186
293 219
213 162
282 218
260 201
202 158
286 228
144 116
186 151
253 206
138 113
85 70
159 133
221 189
265 228
188 162
247 215
193 169
230 203
29 26
80 72
283 256
265 241
220 203
42 39
216 202
116 109
238 224
75 71
249 239
238 232
165 161
294 292
155 53
260 254
286 294
1312500292 1312500194
3500000300 3500000057
1625000292 1625000187
3500000300 3500000277
209 209
241 241
160 160
224 224
251 251
195 195
94 113
203 204
89 90
204 208
113 116
270 283
219 231
280 297
281 299
263 281
252 273
262 284
85 93
264 289
126 139
165 183
110 122
66 74
259 291
128 145
100 114
83 95
200 229
115 138
96 260
217 266
190 234
136 170
68 85
96 122
174 222
226 290
208 268
154 202
173 228
212 282
222 296
143 191
205 274
45 61
137 189
159 223
183 261
118 169
165 237
172 256
147 220
192 289
174 268
24 37
138 214
9 14
126 199
180 287
157 252
139 224
152 245
123 200
113 186
20 33
153 256
95 166
147 257
125 231
120 222
63 117
133 250
97 186
135 260
114 229
119 243
120 246
111 229
144 298
90 189
100 215
93 200
99 214
114 252
70 157
116 274
109 258
81 192
111 265
101 242
84 207
95 239
75 192
115 300
73 201
68 191
68 195
101 297
71 219
87 274
82 260
36 116
84 273
49 160
40 137
73 253
56 197
75 264
84 296
47 167
51 184
49 177
41 150
56 205
33 123
62 245
32 128
37 148
51 213
39 165
23 100
43 190
62 275
47 217
52 263
48 245
34 182
22 122
3 17
45 262
6 36
45 274
33 203
46 287
9 59
20 136
38 264
23 166
23 172
19 150
3 26
21 192
11 108
19 207
10 110
13 167
12 155
2 27
13 187
11 159
18 266
20 299
6 117
7 137
5 104
11 273
3 247
1 90
