1014603
261 46
281 52
299 130
249 32
290 98
290 98
219 28
241 54
272 9
264 33
218 35
178 13
274 70
286 45
252 66
273 39
296 69
274 75
245 17
280 84
188 7
246 78
297 17
189 26
280 61
236 66
245 13
272 8
138 3
131 7
156 10
169 13
158 15
138 16
138 18
126 18
52 8
90 15
118 20
75 15
10 2
159 35
174 41
200 49
194 50
200 54
78 25
124 43
140 49
174 62
187 68
244 91
190 72
100 40
235 97
144 64
180 80
244 110
189 87
191 89
120 56
217 105
297 148
183 92
142 72
255 130
89 47
189 103
287 158
205 120
227 137
296 181
257 158
170 105
250 155
227 146
177 114
226 146
160 106
292 194
133 89
251 169
239 161
175 118
114 79
248 179
239 174
229 171
138 104
58 44
286 217
185 141
267 206
49 38
270 211
234 186
291 232
258 206
287 231
182 147
71 59
250 214
262 225
275 246
275 247
258 232
236 216
172 159
245 231
290 274
292 279
95 91
224 215
136 131
102245 101976
100392 100130
108107 107843
47 28
100768 100522
115902 115654
115914 115668
113 92
115882 115662
115876 115661
115836 115634
