5000012883
87 46
75 1
86 3
72 4
78 5
89 6
89 7
73 7
92 9
77 8
82 9
70 8
52 6
59 7
60 9
72 11
69 11
91 15
95 16
77 13
86 16
87 17
61 13
68 15
92 21
61 14
95 22
68 16
83 41
73 36
100 25
90 23
78 21
100 29
91 27
81 39
55 18
97 32
100 48
95 32
79 27
77 27
73 26
93 34
60 22
79 37
67 25
93 35
68 26
95 43
66 28
89 38
94 42
89 48
90 53
87 48
25 6
37 9
22 7
36 12
57 21
57 23
16 7
58 27
57 28
30 15
35 18
62 32
78 43
63 35
51 29
50 29
63 38
53 32
81 49
59 2
72 45
11 7
58 37
94 60
64 41
91 59
91 59
92 62
78 53
50 34
76 53
97 68
74 52
92 67
23 17
31 23
86 64
98 73
32 24
84 64
44 34
68 55
84 68
21 17
80 66
53 44
61 52
89 79
29 26
69 62
86 78
94 87
79 74
80 76
79 76
53 51
95 92
40 39
82 80
97 95
46 28
5000000100 5000000002
94 99
36 36
49 49
13 13
73 73
87 87
60 60
44 75
89 90
55 56
48 49
76 78
63 66
85 91
61 66
63 70
83 93
66 74
72 81
45 51
34 39
20 23
52 60
44 51
50 58
6 7
58 68
85 100
78 92
82 98
25 31
45 56
51 64
57 73
54 70
40 52
57 75
60 79
63 84
64 86
67 91
50 68
52 71
65 92
68 98
43 63
55 82
63 94
50 76
55 84
15 23
31 48
46 72
36 57
12 19
56 89
15 24
39 66
40 68
51 88
33 57
45 79
17 30
31 55
54 96
18 32
52 93
44 80
45 82
42 77
43 79
25 46
34 64
21 40
37 71
37 73
39 80
44 93
16 34
22 47
45 97
25 54
12 26
43 98
20 48
17 41
10 27
19 54
30 88
7 22
25 83
19 65
17 59
6 21
6 21
19 70
4 17
20 85
23 98
11 47
6 27
20 94
19 93
15 83
14 79
16 91
4 24
16 96
1 7
12 85
7 59
10 94
10 99
7 70
9 99
3 37
6 80
4 55
5 96
3 59
3 79
1 63
1 83
