99986661
141 3
213 6
163 6
130 6
249 12
122 8
295 30
226 24
239 32
202 35
222 42
68 14
153 32
169 36
147 32
22 5
153 36
284 68
226 55
269 70
143 39
256 70
67 19
147 42
295 87
180 54
256 85
222 76
289 105
177 67
293 111
257 5
261 111
162 70
236 102
212 94
208 103
260 132
194 117
153 94
266 166
157 107
282 194
94 65
257 182
297 212
121 88
266 194
234 180
115 90
223 176
271 215
188 150
264 211
45 36
187 150
286 235
197 166
188 159
150 133
146 130
217 196
271 245
252 228
284 257
284 257
250 227
45 41
102 94
104 96
62 58
113 106
249 236
203 199
88 87
10195611 10195355
273 109
10195611 10195394
13125300 13125114
270 274
11562790 11562580
10390921 10390742
10781546 10781457
13125300 13125249
10390922 10390918
10195609 10195606
213 213
218 296
145 147
135 138
37 38
127 132
252 264
108 114
177 196
232 259
152 172
228 259
147 168
106 126
202 243
94 115
208 256
129 159
186 235
119 158
206 285
106 148
124 175
209 297
168 241
150 217
92 134
194 290
195 299
27 43
42 67
136 221
114 200
67 122
67 124
122 230
94 179
79 155
81 159
134 269
83 169
95 206
120 267
106 240
52 126
96 233
38 97
111 290
39 110
35 101
59 175
84 257
82 259
87 278
39 128
81 266
59 194
61 206
31 106
81 296
64 236
36 139
49 210
63 283
48 221
45 212
19 91
18 100
49 273
47 269
36 207
40 252
18 118
33 217
17 137
29 256
30 266
11 98
23 208
13 149
16 221
14 240
8 160
2 118
