50011493
125 84
106 9
127 10
106 9
167 26
178 30
183 34
60 13
64 14
160 39
173 48
132 37
155 47
89 30
166 105
100 37
101 46
79 36
184 89
151 74
166 85
172 96
143 80
183 103
152 89
166 103
183 140
161 121
38 13
60 40
113 78
107 83
137 109
41 34
171 142
149 131
188 168
92 83
185 167
182 166
147 4
189 193
50001199 50001007
115 143
105 107
154 160
166 173
180 189
174 191
97 107
99 112
83 97
136 159
117 138
25 30
158 191
111 137
153 192
113 143
109 139
14 18
132 174
47 65
115 161
121 174
38 55
131 192
57 85
59 88
99 149
109 168
125 198
102 164
42 68
68 112
61 101
98 173
51 92
46 83
40 74
72 142
40 82
53 110
77 168
73 162
75 174
59 143
45 124
46 132
40 119
60 182
41 140
54 199
44 170
41 175
18 83
10 48
24 135
27 156
10 188
4 142
