9980547442
240 1
115 1
181 2
177 2
126 2
213 6
240 9
287 13
93 5
281 16
224 17
260 20
142 11
162 13
274 22
235 20
183 16
210 19
125 12
270 26
155 15
207 22
268 35
42 6
210 30
181 26
104 16
277 44
268 44
243 40
270 45
290 50
113 20
265 47
155 30
219 43
60 12
257 53
138 29
162 35
201 44
299 67
232 55
157 39
262 67
263 69
261 69
194 53
262 72
292 81
160 46
239 69
295 89
177 1
291 91
167 53
102 33
142 48
180 61
156 53
120 41
118 41
238 85
106 39
254 96
240 91
218 85
296 116
126 50
103 41
107 43
241 98
126 52
93 39
287 122
230 99
46 20
50 22
199 88
210 96
153 71
73 34
291 137
227 107
46 22
252 121
223 108
147 73
190 97
297 156
219 116
242 129
247 132
226 121
260 141
285 156
291 161
193 108
118 67
244 140
193 111
245 141
120 70
288 169
216 131
256 156
259 158
35 22
250 161
288 186
216 141
298 201
132 90
127 87
172 118
211 145
289 203
211 149
219 155
223 162
256 80
140 102
258 188
262 197
126 95
204 154
207 160
126 98
295 230
196 154
89 70
88 70
207 166
285 229
299 244
293 246
269 226
240 203
174 151
176 156
235 210
219 198
240 218
81 74
187 171
194 180
209 194
286 266
146 138
158 115
114 109
143 137
200 192
273 264
253 251
19531518 19531252
19531518 19531263
19531541 19531294
19531532 19531302
19531515 19531305
19531438 19531260
19531458 19531288
19531390 19531256
19531494 19531360
19531480 19531347
19531406 19531293
39062785 39062566
19531517 19531410
39062743 39062531
39062782 39062581
39062783 39062582
39062732 39062534
39062721 39062527
39062769 39062586
19531499 19531411
19531390 19531306
19531532 19531454
39062765 39062613
78125292 78125023
78125300 78125047
39062729 39062604
19531471 19531410
19531429 19531369
78125239 78125010
19531343 19531288
39062769 39062660
19531504 19531450
39062617 39062512
78125278 78125084
39062645 39062550
78125237 78125049
39062637 39062552
78125245 78125077
78125291 78125123
19531433 19531391
78125174 78125007
78125201 78125042
78125181 78125030
19531366 19531329
78125275 78125133
78125217 78125077
39062765 39062696
78125162 78125031
78125243 78125114
39062687 39062625
19531544 19531513
156250283 156250036
78125257 78125136
19531521 19531492
78125266 78125153
156250231 156250012
156250279 156250060
78125275 78125169
156250227 156250018
156250259 156250054
156250292 156250089
252 239
156250285 156250087
156250245 156250050
156250262 156250071
39062672 39062626
78125109 78125019
39062616 39062571
78125114 78125026
78125288 78125203
19531385 19531365
156250266 156250114
156250237 156250091
156250150 156250009
39062583 39062549
39062590 39062558
78125194 78125130
78125183 78125124
39062714 39062664
39062800 39062771
39062635 39062607
78125220 78125181
39062779 39062753
156250194 156250142
19531516 19531503
156250269 156250171
39062562 39062539
156250245 156250157
312500298 312500150
156250293 156250219
156250233 156250191
78125141 78125121
78125083 78125064
39062661 39062654
78125251 78125241
19531383 19531381
78125152 78125150
78125122 78125124
78125265 78125268
78125220 78125223
19531299 19531300
156250254 156250273
78125115 78125120
156250205 156250219
39062730 39062734
39062751 39062756
39062775 39062782
78125103 78125141
39062565 39062576
78125119 78125141
39062595 39062716
78125079 78125125
39062702 39062726
39062723 39062748
19531389 19531402
156250185 156250289
78125149 78125202
39062662 39062692
78125139 78125203
19531395 19531414
78125205 78125284
78125142 78125221
78125140 78125219
78125175 78125261
39062635 39062679
39062591 39062653
78125122 78125249
19531387 19531419
78125125 78125256
78125133 78125266
78125163 78125299
39062647 39062716
39062592 39062662
78125088 78125229
39062687 39062765
78125104 78125263
78125098 78125264
19531325 19531368
39062622 39062712
19531324 19531372
19531390 19531440
39062599 39062699
39062677 39062778
19531479 19531531
39062629 39062737
39062611 39062719
19531452 19531512
171 223
19531326 19531388
39062655 39062780
19531339 19531408
39062574 39062712
19531411 19531483
39062578 39062740
39062596 39062768
19531449 19531543
19531301 19531395
39062547 39062753
39062583 39062796
19531373 19531483
19531410 19531529
19531349 19531482
19531314 19531472
19531348 19531517
19531283 19531456
19531358 19531533
19531310 19531512
19531333 19531538
174 176
207 210
268 274
278 285
279 287
100 103
243 251
232 241
277 288
274 285
163 170
270 288
262 282
202 218
194 212
269 297
215 239
213 237
251 280
187 209
133 149
188 211
95 108
169 194
116 135
188 219
91 107
245 292
137 165
145 177
184 226
132 163
116 145
163 208
169 216
211 271
143 186
20 56
201 265
170 226
76 102
75 102
142 195
198 278
193 271
155 218
143 202
126 179
185 266
178 256
180 259
58 84
113 165
165 249
88 133
126 193
173 270
112 176
122 193
12 19
181 287
109 178
36 59
162 273
11 19
140 242
86 150
156 275
169 298
106 189
132 238
65 118
100 185
73 136
101 192
112 213
125 242
54 105
89 179
131 276
26 55
135 289
75 161
132 284
132 285
28 63
69 156
74 169
91 209
88 210
108 262
74 181
29 71
106 264
84 212
84 216
25 65
84 221
112 297
38 101
77 210
76 212
32 91
41 118
82 245
84 251
88 268
79 244
56 179
65 208
80 261
75 250
89 298
65 218
70 240
41 143
57 205
50 185
67 248
9 34
53 202
43 166
50 200
37 150
40 166
64 274
67 287
63 290
46 215
19 89
63 297
57 269
42 206
41 204
58 289
14 75
34 184
34 186
51 299
13 88
43 292
31 223
25 186
27 202
33 252
26 203
19 155
18 150
19 169
30 271
32 294
9 84
17 186
11 121
24 265
24 279
17 278
17 284
4 69
15 283
1 25
5 202
6 283
4 203
1 119
1 252
