1017015
3950 3910
4022 3907
182 49
177 41
163 128
8003 7866
7959 7880
112 59
192 92
139 41
2140 2053
110 68
168 24
133 11
2153 2126
2016 1988
163 19
161 151
112 104
183 84
119 53
66 7
92 31
176 169
167 5
188 135
97 12
155 98
122 56
29 18
115 33
95 40
200 175
194 51
144 70
82 7
27 9
78 45
116 3
100 74
150 10
177 89
160 61
198 131
145 76
48 29
125 114
194 108
186 69
195 187
83 27
150 32
100 49
103 96
167 152
133 102
117 30
126 83
115 74
152 52
121 71
186 30
152 90
7968 7890
8002 7889
151 116
192 110
120 17
4080 3944
85 21
185 32
168 5
145 23
176 24
161 69
193 182
199 155
181 139
4042 3940
90 17
53 26
68 31
195 21
179 149
172 81
4071 3950
8010 7928
118 3
66 29
4097 4004
180 173
161 118
7988 7901
4105 3999
53 22
182 118
155 144
4086 3937
83 22
4083 4013
72 38
190 46
152 31
174 86
101 41
102 6
107 16
173 49
108 74
168 119
7984 7872
119 101
92 5
163 64
162 23
165 64
151 37
124 14
98 48
3997 3908
4072 4015
4066 3916
154 55
162 156
168 73
180 105
88 78
109 94
4065 3938
176 23
144 129
4067 3956
138 58
197 137
4067 3983
7951 7823
4103 4067
4072 3985
4034 3947
110 54
164 14
46 10
2095 2000
4066 3925
2106 2012
2096 2004
4103 3960
2074 2038
2144 2071
2147 2019
3982 3919
2133 1994
15818 15662
2060 1973
2128 2037
2044 2026
4013 3934
2133 2020
2050 2025
4031 3966
4066 3945
2137 1983
4077 3913
2008 1988
15808 15665
2070 1987
1977 1955
2134 2002
2148 2105
2144 2081
15785 15673
7890 7845
3942 3913
15808 15670
4012 3980
15764 15633
15757 15660
7894 7839
15767 15644
7884 7816
7905 7853
15783 15678
31446 31255
8001 7948
15793 15671
15735 15637
15797 15706
66 63
75 72
68 66
31445 31277
15815 15737
3973 3954
31417 31267
7863 7827
15770 15698
3992 3974
15739 15672
15751 15689
31427 31306
31424 31309
7920 7892
15745 15696
31393 31296
31434 31337
15784 15736
31422 31329
15719 15673
8002 7979
31409 31320
7837 7815
8005 7983
31421 31336
7846 7825
15767 15726
175 92
31392 31260
31383 31308
1960 1956
7960 7945
