60047852
221 2
112 2
217 4
190 6
71 3
275 12
196 10
166 9
255 14
120 7
85 6
280 20
146 11
65 5
235 19
182 18
219 23
198 21
285 31
219 29
176 24
141 20
226 33
183 28
192 31
187 33
195 36
263 49
149 28
259 54
162 35
259 56
168 37
216 49
152 35
117 27
293 70
290 70
295 73
155 39
188 49
210 55
294 77
270 71
191 51
221 61
58 17
257 77
83 25
76 23
290 88
267 85
231 75
144 47
268 88
300 100
144 48
300 103
211 74
276 97
269 95
110 41
93 36
296 115
97 38
217 87
187 75
117 47
88 36
270 111
180 79
44 20
249 120
265 129
112 55
204 101
261 132
297 152
252 132
296 157
271 145
94 51
232 127
182 101
220 123
178 101
293 167
148 85
252 145
243 140
233 135
181 106
275 163
275 164
288 175
268 167
114 72
71 45
98 64
255 168
83 55
224 150
206 141
114 79
255 178
174 122
218 153
236 166
272 195
247 178
31 23
194 144
276 206
232 174
188 145
206 160
275 214
163 128
216 170
261 207
175 140
96 77
296 239
185 150
227 187
182 150
160 132
272 225
135 113
256 217
173 147
140 119
117 100
213 185
275 239
234 206
177 159
298 268
237 217
255 234
107 99
157 149
239 228
247 237
156 152
252 246
288 284
247 245
122 1
60000299 60000088
294 299
123 159
274 275
277 287
18 19
269 284
283 299
171 181
82 87
213 227
113 121
204 219
131 141
239 258
207 228
221 248
260 293
215 243
227 257
93 106
27 31
220 254
199 230
184 213
234 271
137 159
23 27
208 246
155 185
5 6
159 191
34 41
175 212
191 232
227 277
118 145
185 228
113 140
157 195
144 179
198 249
111 143
104 257
54 71
192 253
209 276
154 204
194 259
208 279
134 181
198 268
111 151
119 162
153 209
165 231
197 276
135 192
132 189
78 112
142 208
58 85
201 295
164 243
69 103
154 235
107 164
167 258
155 241
133 207
185 292
111 177
35 56
83 134
125 206
162 267
86 142
26 44
177 300
48 82
162 279
116 201
143 253
90 160
103 184
119 213
156 293
33 62
123 242
37 73
137 271
88 180
52 108
134 280
133 280
94 199
93 199
94 206
132 291
92 204
68 154
113 260
79 184
3 7
32 75
81 190
118 279
118 290
94 237
72 182
99 253
112 287
56 144
90 232
96 249
69 179
58 157
98 266
80 229
78 231
71 215
35 108
58 179
59 185
29 94
74 249
8 28
81 285
76 272
80 297
57 229
44 179
39 159
31 129
58 250
57 253
57 253
34 151
46 209
14 67
52 249
22 108
37 195
23 123
32 177
20 118
37 222
33 207
41 294
27 195
18 148
8 69
33 285
29 264
25 233
25 238
15 162
26 292
7 86
18 225
16 203
3 43
4 85
13 283
11 265
8 225
8 229
3 87
2 158
1 153
1 242
1 257
