100007738
124 10
282 51
236 45
61 14
95 23
191 52
11 4
218 89
205 88
252 119
100 51
214 129
186 113
141 96
94 68
269 198
273 201
265 197
234 181
390921 390645
97943 97715
49064 48847
12502 12215
283 268
12385 12219
24627 24431
24599 24452
24576 24434
24570 24433
49018 48917
49016 48916
48951 48854
12370 12349
24536 24495
24561 24522
24614 24585
97946 97846
195536 195344
195563 195375
195545 195387
97767 97692
97894 97835
195497 195398
195480 195389
390813 390666
24643 24635
390844 390720
390847 390737
195508 195459
781484 781303
781493 781321
781391 781278
1562791 1562587
781398 781304
97750 97739
97677 97667
1562647 1562513
1562771 1562651
3125278 3125046
3125270 3125049
3125197 3125014
1562594 1562506
390809 390788
781480 781441
3125181 3125048
6250245 6250003
3125290 3125173
781426 781398
781526 781504
6250229 6250064
3125236 3125157
12500288 12500009
195528 195524
3125095 3125034
136 115
3125194 3125152
12500298 12500131
1562797 1562771
1562692 1562672
12500287 12500153
3125180 3125164
781360 781358
390799 390799
195584 195593
781435 781499
48960 48965
195391 195414
35 58
12271 12274
97849 97931
48986 49029
12454 12467
97803 97921
12431 12454
12246 12272
215 230
109 128
176 208
181 224
76 96
87 114
196 272
180 271
96 147
155 242
135 239
