1032132
187 6
155 69
277 21
231 14
282 43
102 21
292 23
108 28
251 34
166 11
89 12
202 1
224 65
195 52
208 63
288 64
222 17
241 58
209 19
140 33
266 90
234 39
209 70
262 86
206 13
237 78
246 39
205 65
291 31
209 35
147 25
84 4
94 20
239 104
206 91
292 21
96 34
227 33
171 10
227 99
224 38
30 9
101 32
175 47
276 85
291 25
271 67
135 53
219 84
241 98
266 47
167 42
170 15
59 12
296 23
174 44
253 48
149 14
154 32
130 26
95 8
243 75
269 20
247 23
154 21
117 10
51 36
291 244
253 235
19 9
31 15
292 227
208 113
254 223
219 114
122 73
261 204
157 118
47 28
233 193
300 247
108 57
245 147
266 176
269 171
163 81
282 193
136 108
154 113
238 116
156 139
238 168
282 243
216 119
130 121
228 148
211 115
252 201
95 54
170 117
286 134
157 75
116 74
275 241
214 107
74 52
286 266
295 142
2253 2091
2317 2142
205 172
148 101
221 145
174 96
157 130
234 196
249 111
275 234
287 180
287 137
300 168
230 146
220 178
2285 2062
100 89
256 136
245 158
2335 2112
2345 2169
203 161
287 187
199 157
268 215
148 88
2292 2128
246 221
2339 2094
210 170
2211 2055
155 120
269 157
282 209
289 158
248 155
212 97
127 102
91 82
271 224
2174 2095
2172 2087
4191 4125
2199 2098
8170 8021
8139 7975
8069 7947
8051 7926
8084 8009
8171 8082
8029 7919
8206 7943
2313 2204
8131 7996
8210 8054
8130 7971
8197 8105
8146 8026
8149 7930
8142 7986
2130 2073
15895 15763
15928 15757
8147 8020
8172 8062
2192 2137
15883 15752
16011 15755
2160 2129
8089 7926
15948 15781
8073 7986
16022 15752
8184 8069
4300 4074
8200 8041
8092 7916
2150 2069
16004 15740
2251 2167
15929 15755
2112 2071
4294 4073
16016 15830
8125 7997
8098 8022
8044 7955
2336 2299
8208 8048
15967 15778
4156 4045
8138 8034
2214 2103
4289 4040
2268 2214
8152 8036
4168 4080
2185 2068
15905 15741
15900 15765
15922 15735
16025 15823
4240 4087
15932 15791
2234 2139
2310 2184
4115 4029
4124 4031
4144 4057
4229 4088
4301 4149
4216 4032
2271 2181
4173 4066
4261 4115
2179 2134
4259 4012
4282 4203
2284 2134
2299 2252
4219 4124
4272 4039
4264 4162
2266 2134
4283 4105
2279 2240
16013 15884
4263 4195
4209 4116
4217 4114
4245 4037
4227 4033
4169 4040
4302 4140
4279 4229
2278 2146
4244 4043
31612 31377
15867 15746
15871 15748
15894 15771
16013 15890
86 81
127 121
223 214
142 137
278 270
261 254
2243 2213
230 228
2189 2170
2110 2092
4230 4197
4213 4181
8170 8108
16018 15899
4266 4235
15989 15873
15949 15835
31577 31356
31588 31368
15950 15843
4190 4162
4269 4241
31630 31423
247 72
8011 7924
4060 4011
15856 15747
4203 4179
283 282
177 178
