100053827
34609 34448
34676 34481
34709 34540
208 20
266 118
260 190
196 138
298 105
212 121
168 39
34602 34417
34696 34523
138 61
219 83
256 24
56 28
275 48
223 117
265 59
250 71
34663 34429
213 107
276 190
210 29
34634 34439
184 27
161 66
294 187
52 13
252 164
168 82
198 81
239 193
181 140
176 35
246 164
260 179
34639 34427
34673 34517
266 165
244 108
154 11
191 65
22489 22259
124 27
247 84
262 192
153 83
251 59
249 215
87 43
147 106
295 155
183 133
299 142
256 167
214 97
139 3
123 7
257 58
57 15
239 145
197 100
260 60
22506 22221
190 83
294 59
130 78
287 94
22460 22321
119 3
231 193
169 111
244 150
254 158
237 58
144 97
282 4
22451 22317
245 33
279 18
22389 22211
268 217
227 57
120 1
84 48
32 5
167 42
145 115
175 34
255 143
186 96
300 15
34 4
209 144
267 204
260 24
22440 22306
153 66
22471 22259
22360 22243
22475 22304
22398 22228
195 145
212 116
68 3
282 141
205 172
299 236
203 90
297 131
262 120
239 51
196 57
231 155
272 36
219 116
22458 22230
272 84
261 193
294 260
155 43
16379 16207
16242 16107
167 65
198 170
268 72
170 1
250 107
160 28
269 203
133 96
288 83
16374 16184
16369 16155
285 254
284 69
259 121
163 60
16268 16154
276 66
292 164
97 25
16381 16279
218 7
88 59
260 18
144 88
16377 16170
267 114
270 8
286 135
265 94
16328 16139
16277 16160
293 104
289 3
16387 16315
200 140
287 230
269 151
13190 13089
146 61
227 96
268 165
268 59
274 142
94 14
180 135
184 6
13331 13186
13259 13086
13330 13141
13325 13236
209 100
91 21
152 8
196 15
138 7
236 151
228 132
13310 13180
246 152
95 29
276 195
195 61
223 191
259 142
234 128
246 97
156 85
221 99
276 15
82 34
273 27
13319 13168
290 97
260 176
273 238
101 64
232 189
264 126
219 71
275 58
56 21
13199 13068
13316 13060
83 20
287 227
11685 11555
158 59
242 27
286 164
11772 11562
201 19
225 154
285 150
198 147
247 183
93 30
216 102
236 127
292 133
11663 11604
152 13
217 89
227 112
228 201
188 134
205 79
174 140
11784 11677
210 88
106 48
271 13
170 113
252 141
236 68
143 11
218 4
225 115
206 13
245 206
280 205
270 204
204 19
135 9
95 15
177 9
174 86
11680 11568
207 155
232 156
285 125
255 190
247 152
269 212
191 75
281 42
164 98
176 17
261 179
242 72
200 32
263 186
11712 11615
153 75
177 39
11701 11632
148 58
109 46
11814 11736
145 108
254 217
139 71
154 31
268 161
242 141
11793 11690
116 64
271 229
11022 10946
212 126
123 11
183 79
10938 10839
11052 10803
159 120
242 60
64 31
260 183
157 93
278 193
287 248
296 16
10926 10775
279 118
90 6
10862 10789
99 21
79 46
10951 10802
240 90
244 181
174 97
124 96
10964 10833
284 230
131 25
226 121
130 52
281 25
273 214
11060 10814
247 198
257 67
163 1
222 171
252 64
295 106
85 9
10912 10791
224 53
237 93
11017 10885
203 49
11001 10936
10991 10817
10918 10830
10864 10817
59097 59024
34692 34585
34525 34469
107931 107741
34644 34562
34650 34587
107904 107672
59102 58955
34654 34511
11634 11605
11756 11720
13294 13262
13270 13213
59118 58970
34578 34476
59109 59036
16222 16187
22351 22262
34507 34463
59105 58955
16372 16336
16214 16148
16379 16316
22413 22320
59001 58889
59116 58980
791471 791342
1572725 1572526
1572740 1572525
3135221 3135009
400836 400682
400867 400699
791508 791323
107918 107824
791477 791333
791451 791277
205471 205338
791521 791308
107892 107776
107879 107774
791485 791310
107891 107772
205598 205477
205542 205437
791512 791297
400890 400700
205510 205400
791481 791316
791432 791257
1572736 1572518
3135223 3135002
1572707 1572519
1572749 1572575
3135251 3135012
791488 791359
22385 22304
59111 58920
107905 107739
107793 107659
59046 58892
32 9
35 11
71 45
28 20
85 63
90 69
111 90
89 73
101 84
115 98
163 139
142 122
130 112
68 60
195 173
225 200
211 188
212 189
65 58
99 89
238 214
119 107
154 139
287 261
278 253
115 105
131 120
270 248
111 102
263 242
143 132
300 277
196 181
201 186
221 205
294 273
175 165
297 281
260 246
131 124
118 112
261 248
235 224
225 216
296 285
122 118
232 225
267 259
213 207
257 250
212 207
209 206
152 150
229 227
230 228
241 240
10788 10767
16151 16125
10803 10789
59067 58995
13222 13207
22232 22209
59064 59005
11013 11002
16241 16227
34554 34525
10873 10864
107907 107820
58990 58943
58882 58837
16124 16113
107884 107818
13205 13197
107913 107849
107830 107770
107733 107678
10856 10851
58997 58970
10945 10940
205422 205329
58944 58920
205596 205515
10944 10940
205409 205349
59066 59049
791359 791302
149 14
205492 205436
205611 205557
400737 400645
1572675 1572558
400925 400837
400720 400634
400915 400834
205611 205570
400869 400807
400880 400819
1572762 1572644
107847 107831
400864 400805
791423 791312
791500 791392
1572662 1572534
205558 205537
400692 400646
1572718 1572547
791412 791328
791399 791317
6260291 6260083
1572645 1572595
6260290 6260121
6260273 6260069
791463 791406
1572784 1572730
3135284 3135080
3135222 3135022
3135291 3135168
1572686 1572623
1572606 1572512
3135248 3135062
791524 791478
1572785 1572718
1572659 1572606
1572690 1572637
13233 13231
58892 58885
58931 58924
205347 205334
205368 205355
400669 400649
400915 400904
205531 205474
6260198 6260041
1572548 1572509
400907 400899
194 194
268 269
122 127
