100000149
118 1
236 6
115 4
120 6
258 14
132 8
285 23
210 18
198 18
231 5
255 27
196 21
205 23
297 36
83 11
260 35
210 30
253 42
42 7
239 41
242 42
236 41
261 46
170 31
129 26
137 28
179 37
105 22
249 54
297 67
215 49
176 41
269 67
88 22
112 28
233 59
144 38
225 61
136 41
109 34
34 11
220 76
166 58
235 83
209 83
203 84
190 81
271 116
181 78
178 77
218 97
193 87
205 95
286 134
271 134
185 93
147 74
222 115
210 109
253 133
201 108
266 148
97 54
250 140
269 160
210 126
224 136
283 174
178 112
227 143
219 139
130 83
196 130
209 140
110 75
109 75
162 112
50 35
242 171
287 203
174 127
236 175
212 21
243 185
278 212
247 191
285 224
107 85
235 187
252 201
252 202
240 193
201 163
124 101
206 169
236 194
203 167
270 224
184 153
181 151
81 68
177 150
288 249
298 258
202 178
232 207
198 179
167 152
89 82
115 106
211 198
171 162
235 223
161 153
227 217
232 223
255 247
287 280
186 182
281 279
218 217
10781547 10781279
186 140
10390911 10390681
13125299 13125017
273 291
10195604 10195441
13125300 13125146
10195609 10195498
10195594 10195498
10390916 10390888
46 46
225 225
11562796 11562800
139 249
121 123
148 153
224 233
165 172
69 72
170 182
146 159
231 252
100 111
261 300
185 213
211 249
111 131
182 215
155 187
229 277
178 217
72 90
150 188
216 271
168 212
210 266
208 265
233 299
180 231
160 207
174 230
165 219
192 258
223 300
209 286
217 298
104 145
197 275
210 298
188 281
57 86
55 83
154 237
130 202
19 30
115 182
107 170
138 220
58 93
119 191
66 106
41 69
176 297
156 265
94 160
115 206
139 250
159 300
71 134
114 218
114 219
146 281
134 265
124 252
55 113
92 192
137 287
51 113
83 184
72 165
56 131
80 200
115 288
56 152
71 193
67 186
83 239
87 257
54 160
91 297
30 100
65 217
55 191
80 295
77 291
54 209
52 202
56 229
50 206
11 46
27 115
27 122
47 227
30 152
16 84
25 136
49 269
22 121
33 186
44 251
21 122
40 239
30 180
19 124
30 210
36 279
18 140
23 210
20 193
17 181
9 135
13 207
7 142
8 204
6 165
6 188
4 237
3 247
1 86
2 246
