9690624213
137 2
220 5
156 5
143 7
276 17
300 21
197 14
214 26
193 27
266 41
272 42
99 18
192 35
268 50
192 36
106 20
193 43
273 5
155 37
279 70
166 45
177 55
225 72
184 60
69 24
191 69
224 84
273 104
225 95
226 97
182 91
200 104
169 92
158 87
282 156
286 168
209 128
187 115
288 180
63 41
6 4
290 200
147 103
173 123
229 170
274 206
262 201
235 186
185 147
170 138
189 157
195 165
283 245
269 233
15 13
261 227
291 262
150 136
138 128
15 14
229 216
249 237
181 174
312600260 312600025
312600277 312600052
312600247 312600032
312600219 312600008
312600263 312600071
312600194 312600016
312600246 312600087
312600228 312600087
312600180 312600042
59 14
312600147 312600034
312600200 312600103
312600216 312600155
312600202 312600155
312600128 312600091
312600228 312600194
312600115 312600086
312600152 312600128
312600269 312600251
312600152 312600144
312600130 312600139
312600236 312600246
312600175 312600185
312600114 312600150
312600209 312600250
312600221 312600267
312600232 312600283
312600148 312600220
312600212 312600297
312600152 312600270
312600108 312600251
312600122 312600288
72 74
269 278
175 182
247 263
277 299
152 165
168 189
231 260
242 279
62 73
146 188
190 250
204 269
147 204
141 202
183 269
193 286
22 34
77 121
90 151
68 120
83 147
147 265
145 266
66 122
107 202
129 258
16 34
133 287
76 171
113 258
92 216
122 289
87 208
103 254
112 281
86 233
34 107
64 216
23 85
48 180
38 144
23 91
60 240
55 235
60 265
26 116
48 228
40 229
35 262
29 221
32 251
28 297
2 53
1 97
2 232
