100019252
782531 782356
782530 782266
277 228
288 185
263 109
221 111
278 71
294 203
782510 782332
153 108
241 178
782500 782271
163 44
248 76
782508 782302
148 49
391767 391631
185 114
391731 391658
391916 391680
210 156
391851 391678
391835 391642
219 74
283 81
253 167
391847 391776
215 38
139 57
269 49
183 26
150 24
391874 391689
13490 13335
13442 13267
391749 391643
13501 13380
391911 391728
391710 391634
13466 13361
13412 13235
13401 13332
13428 13335
13398 13307
13383 13222
13365 13321
391898 391735
13457 13308
13447 13275
13480 13345
13382 13209
196550 196422
25545 25456
25698 25514
25589 25529
25531 25487
25607 25526
25690 25528
25627 25464
25626 25563
196602 196472
25510 25449
25542 25425
196461 196376
25655 25433
25702 25518
196501 196391
25558 25418
196524 196470
196579 196427
25669 25625
50113 50027
196533 196436
49956 49840
196560 196419
50024 49955
50034 49942
49976 49909
49890 49849
50035 49939
50069 49900
49990 49873
49946 49904
49940 49878
50080 49963
49996 49841
49986 49887
50086 49880
49913 49856
98934 98706
98714 98663
98870 98765
98831 98672
98841 98665
98874 98715
98938 98733
98916 98765
98927 98711
98772 98725
98905 98860
98915 98672
98917 98784
98839 98697
98830 98734
98864 98698
17 1
46 16
68 41
96 64
65 51
131 105
24 22
182 167
164 152
212 200
13282 13249
25462 25423
13373 13354
25488 25455
25666 25635
50106 50068
13441 13434
49986 49960
50021 50000
98951 98910
98826 98786
25533 25524
98704 98671
98853 98823
98812 98786
25441 25435
13343 13340
13423 13420
1563795 1563524
98746 98729
782456 782327
782400 782288
1563786 1563563
98929 98915
50056 50049
782423 782314
196369 196342
196418 196391
782372 782268
196376 196351
782476 782378
1563772 1563580
1563695 1563506
49959 49953
391827 391780
391855 391808
196433 196410
782417 782329
782360 782274
391727 391686
196598 196578
1563744 1563585
98689 98679
782446 782367
1563711 1563559
1563668 1563531
1563773 1563645
391689 391657
782505 782446
782433 782377
782368 782313
3126242 3126038
50007 50004
782468 782423
1563628 1563547
98809 98804
3126263 3126105
782502 782463
3126268 3126120
3126268 3126120
1563771 1563699
196435 196426
1563588 1563539
782313 782269
3126271 3126136
3126284 3126183
6251274 6251031
1563668 1563611
6251238 6251032
6251233 6251028
1563690 1563645
1563604 1563560
83 71
3126201 3126078
1563586 1563518
782376 782354
6251205 6251033
782397 782378
25533 25533
196316 196318
49886 49894
25678 25689
