980905
89 2
81 3
96 4
93 5
97 6
75 6
95 9
72 8
45 5
69 10
61 9
75 14
96 20
98 21
76 17
31 7
61 16
54 17
61 20
12 4
57 19
99 35
26 10
95 42
22 10
87 41
36 17
78 37
68 34
99 51
88 46
75 41
96 53
74 42
65 37
86 54
60 38
78 50
93 60
93 61
69 46
78 55
29 21
77 57
32 25
88 69
90 72
88 72
34 28
97 2
79 66
82 71
92 80
34 30
71 63
61 57
30 29
85 84
87 86
31449 31352
31447 31358
31450 31362
31439 31364
31450 31375
31439 31366
31442 31372
31444 31374
31446 31378
31438 31373
31446 31383
92 76
31450 31441
31444 31410
31444 31397
31441 31396
31440 31396
31439 31396
31441 31399
31447 31408
31446 31410
31448 31416
31436 31411
31442 31417
31446 31422
31444 31431
80 94
31449 31441
31447 31441
31441 31438
31437 31435
7 7
31439 31444
31444 31450
78 80
9 76
75 76
26 27
71 80
58 68
39 47
75 98
63 84
34 47
5 7
7 10
28 40
67 99
26 39
49 74
33 51
61 96
55 89
16 27
40 68
54 92
35 60
43 74
27 47
54 95
16 29
49 92
52 98
43 89
14 30
45 97
23 52
34 84
39 98
17 48
24 74
22 71
13 42
19 62
23 77
27 93
11 38
17 69
23 95
23 100
14 65
16 75
15 71
12 64
8 44
14 77
3 18
3 47
2 33
2 37
2 40
3 60
