1019818
5179 4986
5159 4913
5137 4946
5181 5013
5120 4966
263 143
5199 5011
156 23
5110 4940
16871 16666
5160 4964
182 34
144 38
5179 4989
5181 5033
9045 8839
5185 5014
5135 4919
274 9
3177 3030
275 19
16907 16704
3250 2966
3209 2993
181 1
3180 3011
9089 8896
9016 8813
16851 16626
286 183
3242 3072
240 79
16914 16659
3173 3043
9102 8863
3120 2971
9054 8839
8992 8814
3147 2960
279 153
9057 8814
199 73
9067 8897
3176 3039
157 35
9084 8868
260 33
3150 2983
125 9
3175 3040
284 178
296 174
3244 2980
9026 8846
9074 8906
3130 2966
3250 2999
3154 2982
9110 8823
9063 8888
16851 16646
16922 16659
3196 3072
9063 8896
100 38
53 21
67 30
156 77
66 38
206 119
285 192
259 183
253 182
259 190
235 175
215 169
274 216
77 66
237 204
72 63
227 207
187 173
189 182
3201 3093
3123 3022
3094 2995
3183 3092
3074 2990
3036 2955
5206 5087
5061 4946
5124 5015
5132 5024
3215 3148
3244 3179
5053 4956
3112 3054
3114 3057
3071 3020
243 239
9007 8859
5170 5086
3104 3054
9006 8863
8968 8832
8977 8841
4986 4911
5198 5120
5088 5015
9065 8936
5045 4974
8987 8865
5185 5115
9056 8939
3183 3142
9043 8927
5190 5124
9003 8894
16834 16635
3196 3160
5017 4961
5102 5046
8976 8878
16843 16663
16831 16657
9107 9014
5147 5095
4984 4936
16832 16670
9046 8960
5104 5056
8950 8868
16900 16750
16884 16738
3016 2990
16788 16648
3027 3002
8963 8890
3061 3037
3226 3201
16849 16721
16768 16643
32506 32266
16801 16677
5161 5123
32528 32289
5160 5123
5001 4966
32503 32276
32516 32291
16808 16695
5026 4942
8931 8857
2982 2957
16880 16766
32494 32288
5172 5140
277 277
