9980518656
296 1
294 37
238 32
279 12
195 37
270 55
175 36
207 44
139 32
257 60
90 22
50 13
214 57
228 61
237 76
240 80
257 98
240 112
216 104
205 99
289 153
270 148
131 74
257 151
263 157
217 130
149 96
225 153
201 137
204 150
115 88
245 191
227 179
278 222
145 117
251 208
194 168
216 193
221 218
19531545 19531251
19531548 19531292
19531501 19531273
19531534 19531306
19531494 19531287
19531525 19531338
19531492 19531306
19531430 19531252
19531489 19531324
19531471 19531314
19531401 19531254
19531531 19531395
19531525 19531395
19531492 19531363
19531405 19531278
19531398 19531274
19531515 19531394
19531399 19531279
19531403 19531286
19531450 19531334
39062786 39062556
39062795 39062567
19531453 19531339
39062747 39062529
39062798 39062580
19531493 19531391
39062766 39062565
39062787 39062592
39062787 39062592
39062747 39062554
19531482 19531386
39062690 39062512
39062708 39062537
39062679 39062513
39062752 39062597
19531328 19531252
19531473 19531397
39062651 39062505
78125291 78125008
39062666 39062526
39062690 39062551
19531426 19531357
78125272 78125009
39062732 39062602
19531422 19531360
19531408 19531347
39062672 39062552
39062787 39062667
19531414 19531355
39062761 39062644
19531331 19531275
78125274 78125054
78125285 78125073
78125220 78125018
78125199 78125001
78125212 78125014
39062792 39062697
19531312 19531266
39062613 39062522
144 21
78125281 78125106
78125230 78125056
78125182 78125016
39062683 39062600
39062755 39062674
78125162 78125009
78125222 78125069
39062701 39062625
78125276 78125126
78125176 78125032
156250297 156250012
78125205 78125068
39062647 39062579
19531506 19531472
156250288 156250020
39062685 39062618
39062769 39062702
78125149 78125016
19531461 19531428
78125222 78125095
156250299 156250047
19531334 19531303
39062661 39062601
19531347 19531317
156250268 156250034
39062597 39062539
39062645 39062589
39062741 39062685
78125279 78125170
39062750 39062697
78125256 78125081
39062578 39062515
39062787 39062736
78125137 78125041
78125198 78125106
19531409 19531387
78125196 78125111
39062637 39062596
156250299 156250136
39062739 39062700
156250291 156250139
78125289 78125213
39062795 39062757
156250237 156250089
39062611 39062574
39062753 39062716
78125237 78125134
156250264 156250124
156250281 156250146
19531545 19531529
19531343 19531332
156250269 156250143
39062773 39062743
39062653 39062624
78125190 78125134
19531518 19531504
78125169 78125116
78125138 78125087
39062571 39062547
39062582 39062558
39062709 39062685
78125284 78125240
78125286 78125279
39062575 39062554
78125243 78125202
156250253 156250212
156250236 156250196
19531277 19531273
78125130 78125117
78125254 78125242
156250236 156250213
1 1
78125129 78125130
39062689 39062691
156250272 156250284
39062753 39062759
78125275 78125284
156250234 156250256
156250265 156250288
78125266 78125279
78125152 78125174
78125121 78125203
39062752 39062765
39062763 39062779
78125147 78125192
39062633 39062656
78125132 78125179
39062706 39062732
19531428 19531443
78125181 78125241
19531372 19531388
78125131 78125198
19531370 19531388
78125134 78125207
39062689 39062727
19531489 19531509
78125153 78125234
19531355 19531379
19531493 19531518
39062608 39062660
78125160 78125271
78125124 78125246
39062715 39062780
39062698 39062769
39062647 39062724
78125133 78125300
19531349 19531391
39062659 39062747
19531367 19531412
39062610 39062700
39062689 39062786
19531366 19531415
39062671 39062770
39062676 39062790
19531295 19531359
39062600 39062761
19531405 19531492
19531330 19531417
19531315 19531403
19531301 19531394
19531408 19531504
19531432 19531530
39062573 39062785
19531425 19531532
19531339 19531453
19531307 19531423
19531297 19531415
19531339 19531460
19531399 19531521
19531402 19531544
19531361 19531512
19531351 19531536
19531287 19531473
19531349 19531540
19531290 19531490
19531291 19531494
19531333 19531541
19531318 19531540
19531299 19531521
19531302 19531539
118 123
166 180
248 270
259 291
249 280
208 238
135 158
92 113
96 119
120 152
142 214
173 263
184 290
47 76
161 272
75 150
99 206
122 257
90 230
111 286
103 284
31 88
102 293
87 262
94 295
33 107
40 140
62 217
75 269
64 239
39 156
36 153
58 288
45 263
41 243
20 187
27 275
29 298
6 135
