513438
250 5
228 21
125 17
109 21
244 56
285 66
169 40
226 58
252 65
162 42
203 53
181 49
285 81
241 70
293 87
140 50
158 59
114 45
247 114
183 86
256 123
223 110
46 23
213 113
77 42
245 138
128 73
38 22
280 164
290 173
254 153
161 100
84 55
194 129
144 100
115 80
186 136
65 52
251 209
293 245
266 245
186 173
146 139
148 141
142 136
271 266
233 7
500398 500189
250 263
71 265
247 252
228 243
170 182
248 272
191 210
105 125
241 289
149 181
38 48
129 167
227 299
171 233
193 267
121 168
137 194
92 131
140 205
102 152
22 45
103 213
107 223
124 273
99 267
91 278
67 250
29 114
49 205
32 291
22 297
10 213
5 144
