96931615
232 1
187 6
200 13
280 29
288 36
164 24
185 28
95 20
227 3
267 67
239 63
279 83
203 64
228 72
286 96
150 54
255 95
233 89
270 108
170 70
111 48
296 140
296 143
42 21
177 97
111 67
201 122
240 151
159 101
250 165
257 170
154 103
213 147
173 120
157 109
292 203
236 166
172 125
281 207
57 42
59 44
267 204
141 108
117 94
278 232
241 205
175 149
297 255
140 124
114 101
237 213
234 211
241 237
3126273 3126015
3126241 3126006
3126245 3126021
3126227 3126017
3126294 3126097
3126274 3126095
3126290 3126113
218 51
3126228 3126056
3126238 3126067
3126227 3126078
3126300 3126153
3126233 3126090
3126231 3126093
3126266 3126092
3126239 3126100
3126213 3126080
3126300 3126227
3126273 3126199
3126286 3126157
3126253 3126163
3126217 3126130
3126213 3126127
3126286 3126224
3126297 3126235
3126281 3126232
3126286 3126261
3126271 3126259
100 100
3126211 3126227
3126222 3126275
3126216 3126270
3126207 3126273
279 281
170 172
148 159
151 166
227 251
224 248
170 193
204 236
149 177
223 270
180 218
139 175
66 84
123 157
124 159
229 299
38 50
95 126
208 292
57 81
206 294
177 261
199 294
137 206
153 239
46 74
170 275
74 124
143 250
158 286
106 197
74 138
116 221
117 229
42 83
77 154
30 61
143 296
140 299
6 13
127 286
98 232
97 233
100 253
32 86
73 224
74 251
67 229
25 86
70 256
71 274
52 202
58 245
25 145
21 142
14 102
28 254
16 209
13 268
4 114
7 232
8 277
5 182
1 235
1 240
