571021
299 39
284 32
284 20
281 6
289 7
155 3
195 4
234 6
54 2
179 8
162 8
233 13
233 13
216 13
49 3
221 14
218 16
27 2
141 11
242 19
191 15
243 20
252 22
251 22
228 20
148 13
177 17
244 26
258 29
185 23
143 18
108 14
257 37
197 29
20 3
178 27
210 32
241 37
246 39
157 27
243 43
190 35
265 49
134 26
157 31
236 49
269 57
231 49
149 33
273 61
223 50
282 64
272 62
165 38
242 56
159 37
244 58
46 11
225 54
162 39
247 61
251 62
202 50
246 63
186 51
236 66
137 39
274 80
94 28
210 63
265 2
169 52
187 59
240 76
138 45
128 42
179 60
142 48
297 101
284 100
65 23
201 72
265 95
96 35
177 65
245 92
53 20
293 111
218 83
21 8
145 56
154 60
146 57
255 100
137 54
142 57
297 120
106 43
238 97
115 48
286 121
193 82
257 110
209 94
255 115
280 128
283 130
161 74
231 107
183 86
168 80
67 32
31 15
223 108
264 128
149 74
192 97
61 31
145 74
205 105
119 61
219 113
291 151
156 81
295 154
243 128
234 124
149 79
213 113
279 150
103 56
276 155
119 68
284 164
184 107
267 158
138 82
45 27
231 139
254 156
264 164
191 120
242 153
181 115
222 142
284 183
258 167
234 153
78 52
150 100
242 162
155 104
211 143
116 79
193 133
295 204
139 97
223 156
126 90
170 122
54 39
251 182
244 177
150 109
129 94
225 165
84 63
219 167
140 107
121 93
268 206
65 50
236 182
200 155
139 109
218 172
260 206
239 190
285 230
280 226
252 206
203 167
238 196
40 33
256 214
281 236
33 28
226 193
134 115
147 128
229 200
287 254
88 78
224 200
173 155
269 242
289 262
265 242
298 275
285 264
290 269
266 249
259 243
255 241
143 136
199 190
253 243
92 90
143 141
155 154
285 284
175 53
510300 510207
296 297
286 286
16 16
182 258
201 202
187 188
282 284
130 131
143 146
288 295
229 235
256 264
93 96
249 260
185 194
202 214
220 234
260 281
222 244
239 266
118 132
256 287
116 131
106 120
216 246
178 204
225 260
144 167
168 195
144 168
140 165
211 254
63 76
111 134
202 246
78 95
205 251
201 249
238 298
85 107
169 213
154 196
190 244
184 238
230 300
177 231
82 108
124 164
74 98
194 257
200 266
158 211
201 274
183 252
170 235
151 210
204 288
104 147
180 255
79 253
132 188
97 143
149 224
111 167
132 199
16 25
157 246
121 195
76 123
63 102
8 13
132 216
148 247
153 258
93 157
119 201
128 224
90 158
119 209
104 185
134 241
99 179
121 220
140 256
106 197
59 111
136 259
147 280
89 170
124 238
133 262
150 299
89 178
53 107
104 211
46 94
74 154
120 253
110 235
120 258
97 209
121 261
79 171
117 254
121 263
25 56
36 82
40 94
98 232
82 201
121 299
55 138
17 46
96 275
49 142
52 151
21 62
85 252
59 177
45 140
81 253
95 298
72 227
9 54
43 138
74 239
7 23
65 215
82 276
83 281
51 173
50 170
39 133
84 290
62 219
22 84
39 150
73 284
72 283
54 213
67 272
41 169
53 243
56 261
44 220
45 226
56 288
41 216
44 235
27 146
49 267
23 127
41 237
36 218
40 253
38 245
31 211
25 171
36 257
33 238
27 198
39 286
36 299
15 126
32 269
27 231
26 236
31 292
28 284
12 131
21 247
16 200
6 89
12 185
16 266
5 101
14 294
3 91
6 188
7 263
7 274
6 244
7 287
3 235
2 169
1 99
2 300
1 246
