9975038118
166 2
187 4
55 2
113 5
192 9
102 5
171 9
179 10
148 11
196 15
124 10
68 6
42 4
167 16
51 5
120 12
197 20
86 9
95 10
185 21
135 16
160 20
71 9
171 25
115 17
57 9
56 9
149 25
200 36
108 21
119 1
94 19
177 37
153 32
137 29
145 32
189 42
107 24
124 28
79 18
102 24
173 41
156 37
143 34
137 33
105 26
192 49
154 42
136 39
127 37
165 49
67 20
92 29
168 53
151 49
127 42
123 41
144 48
182 61
161 54
186 63
181 63
60 21
148 52
176 62
84 31
113 42
64 24
85 32
185 70
197 76
69 27
170 67
193 80
62 26
182 77
175 76
78 34
126 56
102 46
184 83
177 80
64 29
75 34
167 76
129 59
159 75
96 46
158 76
148 72
168 83
155 77
38 19
132 66
147 74
124 63
161 82
185 95
195 101
154 80
140 73
176 93
154 84
178 98
153 85
126 70
160 89
151 84
95 53
192 110
26 15
116 67
185 107
120 70
182 107
54 32
187 111
142 85
167 101
142 86
108 69
180 115
134 86
156 101
88 57
134 88
196 129
181 120
184 122
117 78
176 118
53 36
89 61
166 114
23 16
57 40
198 140
162 115
191 137
196 143
162 121
120 90
78 59
153 118
166 129
135 105
146 114
138 108
162 127
112 88
159 126
107 85
83 66
132 106
115 93
200 163
154 128
145 122
200 170
179 154
165 144
138 121
104 92
73 65
177 158
159 32
166 149
164 151
102 94
181 167
110 102
120 113
91 87
114 109
24 23
152 146
136 134
194 192
163 162
192 191
192 172
53 52
412500198 412500067
725000200 725000010
725000199 725000093
2600000200 2600000090
5100000200 5100000047
184 197
412500198 412500194
55 55
159 159
45 62
178 180
177 179
118 120
177 183
103 108
161 169
79 83
85 90
129 137
69 74
116 125
115 125
132 144
164 179
128 140
132 145
176 194
48 53
133 148
103 116
133 151
84 96
147 168
153 177
121 140
136 159
53 62
120 142
106 127
156 187
44 53
77 93
129 159
86 106
159 196
140 175
124 155
112 144
93 120
108 141
88 116
129 171
90 120
117 159
111 152
33 106
136 188
142 198
72 101
119 168
136 193
57 81
128 188
76 113
108 161
83 124
108 164
75 115
80 123
107 168
121 191
104 165
85 135
53 85
84 137
121 200
101 172
84 144
51 89
103 181
101 178
93 164
68 121
28 50
63 114
62 114
92 173
30 57
60 115
74 152
90 186
91 189
64 136
93 198
86 184
78 168
58 126
91 200
28 62
83 193
50 120
42 101
22 53
44 107
29 72
79 197
36 91
74 189
65 168
49 127
59 154
45 118
54 143
59 162
58 167
14 41
56 167
63 196
46 145
43 137
61 196
44 144
34 113
42 144
8 28
54 192
46 166
46 173
43 162
32 121
31 119
49 191
51 200
49 193
18 73
27 119
42 186
44 198
32 144
42 200
38 186
33 164
38 193
31 158
21 110
35 200
28 161
26 159
17 108
11 70
12 85
26 186
11 79
22 160
6 44
20 147
11 88
21 171
15 129
15 130
21 182
22 195
16 144
18 165
15 140
17 170
8 89
14 164
13 155
9 115
9 115
12 167
7 123
7 128
3 59
6 125
5 111
1 28
5 143
5 148
6 193
2 143
2 178
1 113
