9996175523
152 4
267 8
227 7
277 10
160 6
174 7
177 8
214 13
287 22
88 7
121 10
253 21
263 23
201 19
281 27
196 19
142 15
46 5
256 28
261 29
243 28
194 24
235 30
265 34
240 31
277 37
174 24
274 39
193 28
227 34
287 45
124 20
225 37
238 42
62 11
231 43
211 40
120 23
156 30
260 52
161 33
198 41
111 23
275 58
217 46
163 35
52 12
193 45
242 59
299 73
259 64
287 74
263 68
293 76
220 60
175 48
295 81
268 74
143 40
259 73
175 50
241 69
168 51
223 68
227 71
219 70
105 34
276 91
191 4
189 63
149 50
294 99
61 21
285 99
204 71
283 102
225 83
275 102
178 67
211 80
263 102
233 91
153 61
278 111
265 107
288 117
129 53
172 71
254 106
285 120
241 102
216 92
296 128
261 113
254 110
209 91
250 110
130 59
181 83
198 92
161 75
257 120
169 81
225 110
208 102
297 146
250 124
195 97
232 116
155 78
174 88
144 73
132 68
95 49
289 150
227 119
133 70
182 96
194 105
258 140
98 54
283 156
58 32
261 146
66 37
138 78
247 140
162 92
260 148
221 126
296 169
290 166
83 48
283 164
31 18
142 83
273 160
228 134
264 156
212 126
256 153
253 152
191 115
286 173
197 120
246 150
172 105
300 184
290 178
202 127
220 140
144 93
283 183
179 116
207 135
181 119
292 192
161 106
223 149
226 152
93 63
229 156
277 190
185 127
209 144
178 125
180 127
226 160
128 91
154 111
218 158
108 80
167 125
268 201
242 184
288 220
81 62
266 205
260 204
259 204
33 26
171 135
133 105
193 155
241 195
85 69
221 181
133 109
215 177
209 175
94 79
289 243
254 214
271 229
278 235
40 34
288 246
279 240
158 136
268 233
148 129
121 106
268 235
233 205
243 214
215 190
211 187
253 225
247 220
289 258
105 94
289 259
29 26
277 249
172 156
184 167
293 266
252 229
252 230
107 98
132 121
230 211
138 128
260 242
266 248
292 97
105 98
202 191
244 231
231 220
171 163
157 150
276 265
282 271
157 151
89 86
263 255
211 205
259 252
157 153
280 273
266 260
193 190
178 177
182 181
1156250299 1156250042
254 237
1019531544 1019531343
1312500300 1312500258
290 292
1039062800 1039062597
1312500295 1312500056
1039062799 1039062640
1019531548 1019531429
1078125294 1078125206
119 119
1019531543 1019531547
155 196
112 113
84 85
249 252
228 233
91 93
219 224
243 251
242 250
162 168
253 263
259 270
281 295
266 281
225 238
201 213
117 124
245 260
274 294
231 249
227 245
224 243
94 102
264 287
137 149
56 61
200 218
230 253
151 167
235 260
154 171
266 298
188 212
195 221
237 269
58 66
258 295
177 203
246 283
86 99
258 299
245 285
211 246
243 284
133 156
75 88
115 135
45 53
165 195
198 235
123 146
68 81
192 230
206 247
248 299
234 284
241 295
217 270
233 290
191 238
173 216
232 290
199 250
171 215
56 100
127 161
89 113
98 125
206 264
117 150
103 134
97 131
101 138
109 149
152 208
149 204
178 245
200 278
187 260
165 231
151 213
200 283
98 139
38 54
142 203
106 152
172 248
180 260
148 214
183 267
174 254
145 213
168 247
104 153
189 283
99 151
121 185
17 26
134 205
120 186
167 260
160 250
80 125
40 63
82 130
112 180
54 87
154 249
105 170
102 166
146 239
85 141
68 114
110 185
143 241
119 201
171 289
43 73
54 92
120 205
147 252
126 217
97 168
133 231
143 249
130 228
120 213
141 251
45 166
117 212
82 149
92 168
139 256
73 135
87 162
103 192
139 260
134 257
146 282
151 295
142 280
16 32
75 151
126 254
144 296
133 274
103 213
65 136
110 231
131 276
118 250
99 211
109 239
69 153
71 160
127 291
109 250
125 288
36 83
117 270
74 174
68 160
57 135
123 296
65 158
108 268
62 158
103 266
15 39
89 233
12 32
37 101
57 157
102 284
95 267
23 65
25 73
71 211
13 39
95 285
79 241
87 266
90 277
85 266
36 119
57 189
29 97
39 133
57 195
27 94
21 74
68 245
15 136
78 288
70 264
39 152
62 248
48 194
45 183
47 196
52 221
56 244
43 189
47 208
64 286
44 197
21 96
55 266
30 146
10 49
57 285
41 210
48 247
30 156
36 201
12 69
27 157
49 292
49 297
38 231
31 193
37 232
41 267
41 276
38 257
16 115
29 210
36 273
34 274
15 125
34 294
28 245
31 284
10 105
16 169
23 269
23 270
21 254
10 131
14 197
11 169
12 188
16 255
13 211
12 207
13 234
3 55
4 75
11 221
12 284
10 244
6 176
5 212
4 184
2 109
2 275
1 218
