50020311
293 1
220 1
208 8
254 17
241 18
173 17
193 23
245 30
246 38
247 41
282 54
292 56
294 67
291 67
101 24
74 18
258 66
215 57
255 69
290 84
277 81
231 69
250 76
288 95
298 99
184 63
40 14
202 71
259 98
240 96
250 101
188 77
186 78
147 68
112 58
31 17
294 163
202 119
209 125
26 16
256 167
182 120
184 125
72 49
267 183
207 143
156 109
264 185
182 129
139 100
146 106
228 172
182 146
181 155
294 252
161 138
241 216
278 275
247 1
50000300 50000233
291 298
214 271
171 173
245 249
223 227
210 215
291 298
288 296
258 266
169 180
41 44
107 115
211 229
233 257
242 269
187 208
238 266
40 46
192 227
220 265
111 138
79 99
114 143
170 215
201 261
211 286
38 54
144 207
157 246
89 141
168 282
134 225
105 177
152 269
169 300
130 237
71 134
95 188
109 223
81 167
82 177
115 251
92 220
88 214
23 60
70 191
40 126
52 173
54 183
28 98
77 273
63 278
41 277
26 195
35 268
19 164
20 225
16 284
14 289
3 251
1 158
