1038750
216 1
187 1
123 1
229 3
219 3
245 4
278 5
52 1
42 1
299 8
247 7
96 3
124 5
199 9
211 10
96 5
93 5
203 11
201 11
176 10
264 15
282 17
251 16
279 21
262 20
249 20
132 11
294 25
186 16
112 10
235 21
152 14
119 11
149 14
252 24
277 27
296 29
241 24
250 26
277 29
85 9
195 21
250 28
139 16
273 32
111 14
241 31
123 16
239 32
82 11
215 29
93 13
7 1
294 43
213 32
86 13
104 16
250 39
96 15
196 31
265 42
114 19
194 33
245 42
290 50
69 12
120 21
125 22
59 11
154 29
178 34
292 58
90 18
297 60
225 46
238 49
291 62
174 38
214 47
285 63
196 44
270 61
143 33
146 34
73 17
252 59
254 61
191 46
128 31
209 51
176 44
138 35
107 28
239 63
272 73
265 73
194 55
239 68
157 45
129 38
290 87
266 80
99 30
298 91
103 32
178 56
141 45
128 41
174 56
273 89
293 96
219 72
280 93
185 62
214 72
88 30
206 71
194 67
249 86
108 38
249 88
265 94
234 84
175 63
200 72
300 111
300 111
227 84
185 70
244 93
162 62
127 49
168 65
116 45
189 74
222 87
205 81
182 72
239 95
274 111
152 62
272 112
289 119
260 108
139 58
193 81
281 119
229 98
294 126
189 81
256 110
251 108
127 55
145 64
138 62
258 117
225 103
270 126
294 138
66 31
255 120
114 55
141 69
214 105
179 88
285 144
192 98
144 75
214 113
295 156
251 134
172 92
71 38
106 57
292 159
202 110
143 78
99 54
287 157
242 133
240 132
278 154
270 150
111 62
84 47
296 166
295 166
230 131
145 83
101 58
45 26
189 111
234 138
252 149
296 177
108 65
248 150
56 34
148 90
258 157
281 173
256 158
290 179
166 104
150 94
57 36
207 133
202 130
247 159
57 37
243 158
250 163
295 193
168 110
236 155
283 188
279 186
143 96
117 79
249 169
120 82
98 67
111 76
264 181
225 156
205 144
118 83
152 107
77 55
253 182
222 161
299 217
106 77
272 198
170 124
196 143
26 19
298 218
71 52
72 53
296 218
175 129
226 167
62 46
175 130
137 102
128 96
80 60
217 163
267 201
65 49
256 193
239 181
294 223
265 202
257 197
266 205
217 168
105 82
23 18
154 121
253 199
215 170
78 62
250 199
290 231
133 106
170 137
124 100
225 183
207 169
191 156
296 242
135 111
157 130
164 136
211 175
256 214
206 173
256 215
120 101
298 251
85 72
288 244
285 242
40 34
173 148
154 133
193 167
113 98
46 40
294 257
215 188
248 217
232 204
291 256
242 213
198 176
262 234
294 263
154 138
268 242
255 231
268 243
161 146
204 185
127 116
280 257
51 47
244 225
118 109
273 253
252 234
297 278
271 254
58 57
31546 31268
31550 31276
31543 31274
31544 31287
31517 31263
31530 31280
31554 31305
31559 31315
31553 31319
31517 31302
31522 31313
31516 31312
31556 31363
31469 31277
31539 31359
225 37
31521 31354
31453 31287
31483 31320
31522 31359
31426 31264
31532 31374
31539 31389
62807 62517
31506 31358
31547 31400
31544 31369
62798 62518
62785 62516
