1009368
103 2
292 27
258 25
299 29
256 27
162 18
182 24
134 19
97 14
166 26
272 45
109 19
203 37
204 45
256 67
290 80
159 44
126 37
94 28
296 89
290 93
288 97
202 69
124 45
85 32
152 58
124 49
248 103
155 3
224 96
272 118
230 101
85 40
203 97
287 138
216 104
278 134
228 110
53 26
187 94
154 80
221 115
129 69
18 10
198 111
205 119
280 179
197 130
275 182
210 143
287 199
293 207
297 211
224 160
242 176
234 171
134 98
99 73
213 158
153 115
298 232
261 206
294 236
168 136
198 167
263 237
228 206
259 235
193 177
271 250
270 250
164 156
25 24
105 102
216 211
247 242
100320 100034
100416 100131
100763 100505
100333 100077
38 16
100278 100030
294 298
104094 103915
115903 115739
162739 162527
108021 107884
150 150
197 197
21 21
144 145
245 248
