1016045
112 34
35 14
176 132
3136 2995
95 69
188 26
115 36
200 21
162 137
191 7
139 106
3122 2987
164 76
161 86
125 49
131 16
114 98
150 53
158 29
183 148
186 58
171 74
108 96
103 71
114 92
161 137
94 19
119 26
162 52
178 101
163 92
85 9
134 120
163 109
184 84
140 65
180 50
135 9
163 5
150 141
181 126
99 25
82 53
89 56
60 35
117 23
157 75
141 30
140 78
112 77
168 148
83 67
198 93
90 31
194 46
130 83
174 25
142 1
94 57
174 60
199 65
112 49
193 39
182 105
111 44
81 12
112 11
141 3
182 92
108 75
160 22
147 139
175 37
128 18
124 33
137 89
192 61
147 41
122 8
105 20
74 16
69 42
73 20
115 30
58 2
180 11
90 23
184 82
133 21
152 141
198 54
180 43
174 136
22 4
185 135
118 20
167 75
189 149
131 116
107 13
110 22
140 75
71 57
167 154
64 10
122 66
94 38
186 5
71 31
184 8
131 112
124 46
32445 32286
16737 16672
3126 3019
3085 3027
4981 4918
16800 16693
16815 16723
16738 16647
16737 16648
16799 16628
16824 16715
16781 16642
16815 16723
8913 8847
3135 3098
3141 3085
8952 8838
8911 8862
3151 3111
8899 8818
8957 8908
8918 8866
9001 8929
8907 8819
8967 8826
8926 8845
8995 8825
3116 3032
9002 8930
9002 8872
8909 8828
8967 8855
8937 8859
5043 4935
5062 4942
5088 4916
5026 4943
4988 4944
5015 4958
5104 5038
5064 5005
3022 2979
5063 4997
3106 2988
5070 4986
5096 4922
5082 5026
2992 2964
4981 4919
5079 4935
5062 4968
3000 2965
3092 3017
3140 3063
3026 2966
3102 3048
4985 4909
3100 3017
3119 2987
3117 3072
5066 4985
5087 5053
5059 4964
3058 3032
5092 5030
5092 5049
16707 16632
32360 32256
32379 32278
32436 32290
16730 16660
32448 32332
32446 32342
8 6
14 13
164 157
31 30
41 40
191 187
145 142
49 48
150 147
3069 3047
2998 2978
3078 3065
8997 8961
3020 3008
8848 8814
16714 16656
9004 8975
16806 16755
4991 4976
32411 32318
16812 16765
5041 5027
8954 8928
8888 8865
5076 5063
32411 32329
63675 63514
17 6
4941 4923
16755 16713
32401 32321
76 79
