1003416
12 1
60 5
69 12
59 1
96 5
55 3
53 1
62 11
92 42
79 17
75 15
80 28
41 11
69 23
59 20
43 15
31 12
55 24
70 32
82 39
58 28
81 40
83 44
57 32
75 44
88 53
63 38
82 50
85 52
86 54
60 39
77 51
98 65
48 32
79 59
44 33
13 10
93 72
67 52
76 59
81 63
98 78
99 79
92 74
89 73
46 38
57 48
74 63
42 36
44 38
85 74
25 22
46 41
10 9
74 67
81 74
36 33
97 89
88 81
61 58
79 77
69 68
80 7
32345 32257
32345 32261
32348 32272
32349 32275
32334 32261
32332 32261
32323 32254
32342 32275
32331 32265
32338 32272
32334 32273
32334 32276
32326 32271
32342 32293
63598 63506
32303 32257
32309 32263
32339 32294
32302 32258
63598 63513
32314 32271
63591 63507
32345 32257
32300 32252
32313 32272
32346 32307
32310 32275
32297 32264
79 80
64 65
77 79
