509793
95 19
90 14
94 13
93 3
88 5
41 1
26 1
44 1
77 8
78 10
75 10
60 8
66 9
64 11
33 6
55 10
77 15
77 15
76 15
76 15
75 15
87 18
86 18
88 19
79 20
42 11
37 10
73 20
99 28
81 23
91 26
79 23
77 23
72 22
97 33
77 27
99 35
19 7
87 33
68 26
100 40
51 21
69 29
89 38
64 28
80 36
92 44
97 48
73 37
29 15
83 44
49 26
24 13
64 35
86 48
77 43
79 46
60 35
94 67
73 43
89 55
85 60
85 60
98 66
96 65
99 68
97 67
35 23
21 14
48 34
83 59
80 58
70 52
84 63
75 57
57 44
27 21
81 63
41 32
60 47
89 70
73 58
38 31
80 68
21 18
38 35
51 47
55 51
71 66
72 67
90 84
91 85
31 29
97 92
59 56
40 38
91 87
51 49
33 32
56 55
87 86
75 6
500200 500119
88 96
17 21
84 84
81 81
70 70
50 51
41 42
34 37
42 46
21 24
62 71
43 50
65 76
66 78
50 62
60 76
7 9
58 75
73 100
67 93
23 32
37 55
64 97
55 89
43 70
53 87
50 85
24 41
34 60
56 100
19 35
52 96
19 37
51 100
49 97
42 86
32 67
42 88
29 61
45 98
39 88
25 57
27 62
38 91
7 17
23 58
20 51
33 90
30 83
17 48
30 85
23 77
17 58
4 14
24 91
19 75
21 83
14 56
22 92
10 44
17 92
9 53
6 36
10 62
3 19
7 45
4 26
14 95
13 89
5 39
6 48
5 44
3 33
1 13
6 91
6 99
4 95
2 56
