100026786
781419 781260
197 6
781436 781270
149 8
781428 781258
781448 781258
175 15
390787 390648
134 14
190 29
175 27
153 25
390781 390642
158 28
199 36
153 33
390783 390643
188 46
390797 390652
390802 390626
195497 195360
197 66
195454 195314
195465 195315
195495 195333
195509 195346
195508 195326
97804 97679
97804 97672
97795 97663
97808 97675
97799 97662
97840 97695
97829 97675
97842 97682
49026 48909
49013 48865
48989 48836
48996 48842
49010 48850
49015 48852
49024 48858
24593 24477
24573 24455
24598 24475
24587 24460
24561 24427
24598 24453
24566 24421
24607 24440
24600 24421
12389 12270
12381 12260
12381 12239
12381 12235
12396 12249
12382 12220
12389 12238
12405 12257
1562699 1562510
83 2
113 7
118 9
104 10
71 12
32 7
54 14
59 18
76 24
121 41
159 54
158 61
183 71
186 78
170 74
142 71
173 87
125 65
188 98
105 57
106 61
194 112
151 106
75 54
121 89
38 28
151 115
198 151
173 132
196 150
159 122
176 136
123 98
159 128
142 115
109 90
181 152
61 52
174 150
41 37
49 45
185 176
71 70
12371 12257
12396 12286
12394 12286
12330 12235
12312 12222
12322 12234
12302 12215
12295 12212
12390 12320
12297 12231
12276 12211
12300 12235
12353 12289
12275 12215
12381 12322
12384 12329
24526 24422
12368 12316
12266 12215
24516 24418
24521 24426
24553 24459
24601 24508
24598 24506
12317 12271
12383 12339
12257 12214
24590 24504
12368 12325
24559 24476
12288 12248
12355 12316
24526 24449
12346 12308
12341 12304
24555 24485
24600 24532
12352 12318
12286 12253
12361 12328
24491 24430
24568 24507
24578 24517
24548 24488
12341 12311
390772 390657
390764 390635
48981 48880
195483 195361
97804 97689
97806 97689
1562680 1562509
781394 781262
70 1
48989 48891
24531 24482
24568 24519
48940 48843
24465 24417
24523 24475
48953 48858
12326 12303
12379 12356
48975 48885
48982 48892
49010 48921
48980 48892
12372 12350
12319 12298
48957 48874
24481 24440
48912 48831
24485 24446
48972 48894
24564 24526
48918 48843
12368 12350
48952 48887
24462 24430
24515 24483
12369 12353
12378 12362
48984 48921
48982 48920
24455 24425
12277 12264
24483 24458
97772 97673
97825 97728
24470 24446
48936 48890
24499 24477
24529 24507
97809 97723
97852 97766
97748 97666
48961 48920
97773 97693
24551 24531
24522 24503
97829 97754
97768 97697
97762 97693
49026 48992
48975 48942
97728 97665
97808 97746
48927 48896
97798 97737
48930 48901
97851 97795
48940 48912
97732 97681
97822 97772
97851 97801
97745 97696
97767 97720
195439 195348
195472 195381
195511 195426
97713 97671
195411 195328
97801 97760
48956 48936
195397 195320
97787 97750
97754 97718
97847 97811
195442 195372
195510 195440
195384 195315
195426 195362
12228 12224
24581 24573
12372 12368
195454 195393
390779 390667
48888 48874
48905 48891
390750 390639
195382 195328
390785 390677
390781 390677
390743 390640
1562679 1562535
781439 781342
781360 781262
781444 781345
781449 781348
390720 390631
390727 390638
390738 390650
390740 390653
390715 390630
781401 781300
390789 390710
390711 390633
781414 781305
781447 781328
1562661 1562527
1562678 1562546
1562699 1562576
1562633 1562507
1562668 1562529
1562640 1562512
24572 24517
48870 48853
195416 195369
97697 97674
195442 195397
195395 195355
195468 195429
97812 97794
195406 195371
390760 390692
97789 97772
195491 195458
390707 390642
195426 195394
390720 390657
390787 390724
390767 390706
390697 390637
195400 195370
390699 390640
195502 195473
195442 195414
97843 97829
390712 390659
390819 390770
195364 195340
390753 390705
97747 97735
48934 48928
48987 48981
195491 195469
781446 781366
781401 781322
390770 390731
781357 781280
781412 781335
781379 781305
781377 781304
1562632 1562536
390694 390637
390771 390672
781385 781318
781369 781303
1562632 1562535
1562671 1562571
1562657 1562557
781361 781299
1562637 1562525
1562680 1562562
1562625 1562508
3125192 3125004
390735 390703
195407 195391
48924 48920
195430 195415
781377 781323
781410 781356
390795 390769
781317 781268
781329 781281
781405 781357
48911 48908
390730 390707
390747 390724
1562634 1562549
1562647 1562565
1562691 1562610
390696 390676
781424 781384
97716 97711
195435 195425
3125180 3125024
1562666 1562588
781366 781327
781365 781327
3125187 3125040
390814 390796
195456 195447
781389 781319
1562588 1562509
195388 195371
781374 781340
781383 781349
390785 390768
781383 781350
195440 195432
390794 390779
781439 781412
390741 390731
24533 24533
24603 24603
48864 48864
179 179
197 197
195473 195474
97767 97768
195478 195482
97808 97813
48950 48954
48940 48944
97803 97812
49007 49012
12244 12250
12342 12353
161 166
49 54
44 49
