1005691
12038 11991
12050 12003
25725 25631
13991 13927
88 9
13982 13915
95 50
17894 17820
12013 11958
17899 17820
12045 11977
12022 11958
96 78
13964 13914
53 7
14000 13918
77 47
13995 13931
84 24
46 2
12033 11960
92 69
12049 11978
52 14
13977 13907
12036 11967
12027 11970
81 37
84 20
86 65
38 8
12045 11960
12043 11977
13977 13926
51 34
79 5
36 14
14006 13952
47 10
87 70
77 3
80 4
55 32
73 30
52 20
67 1
13997 13926
74 1
85 71
86 35
75 35
71 18
12008 11961
88 15
13968 13916
91 3
73 31
78 54
99 63
93 60
13996 13933
98 54
17907 17836
12036 11973
12026 11967
66 44
17912 17822
13982 13916
92 58
13991 13921
14006 13921
13998 13924
12035 11988
12017 11954
14004 13909
13984 13934
25715 25636
17890 17828
17912 17850
25710 25629
17887 17823
12026 11983
17887 17823
13 4
42 29
46 36
70 57
74 62
92 79
25 22
51 45
65 60
88 83
88 83
84 82
97 96
12042 12000
13964 13917
12022 11982
13955 13910
13960 13916
13953 13912
17890 17838
13948 13908
12008 11975
17908 17860
12046 12014
13968 13931
17879 17832
13951 13915
17892 17846
12042 12012
13947 13913
59 38
17875 17822
12007 11960
13955 13921
12034 12005
13998 13964
13995 13962
12008 11980
