978543
45 1
75 3
38 3
23 3
77 3
72 17
76 22
46 14
14 5
44 17
39 16
65 28
73 33
88 41
36 17
91 44
74 40
75 41
62 35
81 47
61 36
94 56
97 61
55 36
76 50
58 39
57 39
39 27
67 48
89 66
100 75
50 41
99 87
93 82
93 87
99 93
96 91
78 74
63 60
31446 31351
31450 31366
31435 31356
31421 31355
31432 31374
31448 31390
31422 31367
31427 31372
31440 31386
31419 31366
31423 31371
31415 31369
31437 31391
31432 31387
31414 31371
61 12
31447 31412
31447 31422
94 98
31446 31423
31433 31411
31430 31414
31434 31419
31423 31414
31427 31418
31435 31426
31422 31418
31431 31431
30 30
31437 31442
31420 31425
31419 31425
31425 31439
87 97
31416 31444
62 64
83 86
50 52
55 58
27 29
80 86
74 81
53 59
63 72
78 92
22 27
55 70
70 93
51 73
9 13
51 74
23 35
56 88
42 71
41 71
50 87
44 83
11 22
24 79
28 99
1 5
16 96
6 36
2 14
5 41
8 80
4 42
7 100
4 61
3 59
1 31
1 47
