100010271
84 1
62 1
47 2
20 1
32 2
28 2
60 5
69 6
86 8
20 2
94 10
27 3
100 12
75 9
90 12
72 11
83 13
94 15
90 15
86 15
38 7
78 15
72 14
36 7
71 14
23 5
84 19
83 19
75 18
58 15
19 5
46 13
96 30
86 27
75 24
83 27
52 17
91 31
43 15
72 27
73 28
98 38
23 9
97 41
54 23
93 40
88 38
95 42
27 12
88 40
90 41
51 24
99 48
39 19
81 41
79 40
97 50
64 33
54 28
98 51
83 45
92 50
99 54
11 6
86 48
87 49
92 52
24 14
29 17
68 40
55 33
78 48
98 61
66 42
80 51
75 48
91 61
86 58
83 56
58 40
75 52
69 48
54 38
42 30
25 18
93 67
94 68
66 48
33 24
72 54
57 43
25 19
43 33
76 59
55 44
82 67
90 74
67 56
74 62
63 53
99 84
56 48
60 52
80 70
66 60
99 90
59 54
24 22
69 65
22306 22228
22286 22209
22287 22216
22272 22212
22264 22211
34509 34427
22305 22253
22262 22212
22262 22213
22261 22214
34508 34437
34513 34443
22260 22217
34489 34425
22287 22247
22294 22255
58924 58840
22282 22251
58920 58841
58911 58834
34495 34450
22269 22240
34472 34429
34460 34418
58901 58832
34470 34431
34474 34435
58900 58841
34508 34475
22242 22221
34456 34424
34488 34456
107751 107658
58922 58873
58896 58848
34470 34442
58916 58870
58905 58863
107734 107660
107734 107661
34512 34489
107755 107685
58875 58838
58907 58871
58910 58877
107742 107682
34457 34438
58875 58843
34507 34489
34512 34495
58924 58896
205409 205321
34498 34484
205398 205316
107745 107704
205397 205319
58899 58880
205388 205323
107730 107696
22220 22213
205388 205328
58864 58847
58882 58866
22254 22248
22277 22271
58860 58845
58873 58858
34508 34500
205385 205340
107698 107675
205368 205325
107731 107710
22258 22254
22281 22277
34451 34433
34510 34504
205356 205323
107742 107725
205402 205370
205410 205378
400725 400663
400705 400644
107718 107702
34475 34470
205383 205354
107733 107718
400703 400648
400706 400651
22217 22214
400692 400640
205400 205374
205387 205362
58874 58867
400685 400640
400678 400635
205354 205335
400685 400648
400710 400676
400676 400643
791347 791283
400670 400638
205342 205326
400721 400691
791334 791275
107696 107688
791313 791256
400676 400648
400719 400691
791332 791277
58837 58833
205368 205355
791346 791296
791312 791267
107735 107729
400704 400683
400716 400695
791320 791279
1572583 1572503
791299 791260
791296 791258
400692 400673
791328 791291
107705 107700
1572584 1572516
400720 400703
791313 791282
400689 400674
98 12
3135093 3135028
3135075 3135008
791314 791297
1572578 1572525
400656 400643
791325 791300
1572554 1572505
1572564 1572515
1572587 1572538
791320 791296
1572591 1572544
1572562 1572516
3135076 3135007
791324 791301
791302 791284
3135091 3135009
1572574 1572537
1572557 1572519
791290 791271
791317 791298
3135082 3135039
6260085 6260008
3135071 3135029
107678 107674
205365 205358
58849 58847
205367 205361
205331 205326
205389 205385
791348 791333
791275 791261
58878 58877
58905 58904
1572528 1572504
3135071 3135030
6260087 6260011
3135098 3135060
6260087 6260014
205393 205357
3135071 3135002
3135087 3135052
34450 34450
22306 22307
