9690614397
77 2
90 3
67 3
46 3
60 4
68 5
91 7
74 6
99 10
87 9
57 6
95 10
69 8
60 9
38 6
91 15
24 4
89 15
92 16
50 9
77 14
59 11
16 3
37 8
96 21
79 18
96 22
96 22
52 12
82 19
90 21
64 15
42 11
65 18
50 14
69 20
79 23
30 9
79 24
100 1
61 20
87 29
66 23
77 27
37 13
89 32
68 25
84 31
13 5
69 27
45 18
50 20
99 40
68 28
31 13
100 42
60 26
39 17
73 32
9 4
90 40
37 17
62 29
71 35
73 37
43 22
86 44
61 33
11 6
99 56
37 21
49 28
82 47
84 49
65 38
57 18
42 25
40 24
83 50
28 17
71 44
72 45
91 57
49 31
41 26
96 61
80 51
59 38
82 53
79 52
70 49
67 47
29 21
22 16
22 16
69 51
85 64
97 74
64 49
74 57
88 68
44 35
20 16
77 63
72 60
79 66
49 41
93 78
41 35
47 41
98 87
56 50
13 12
56 53
88 84
70 67
63 37
60 59
312600092 312600002
312600082 312600001
312600081 312600003
312600092 312600017
312600098 312600025
312600081 312600009
312600096 312600025
312600087 312600022
312600100 312600036
312600092 312600031
312600097 312600036
312600097 312600043
312600090 312600041
73 71
312600099 312600071
312600082 312600054
312600091 312600049
312600079 312600046
312600088 312600061
312600085 312600060
312600080 312600059
312600087 312600069
312600099 312600084
312600099 312600090
312600093 312600089
312600087 312600086
312600078 312600077
312600098 312600099
312600093 312600099
312600081 312600090
312600075 312600090
312600076 312600096
36 74
64 65
59 60
42 43
40 41
69 71
63 65
80 83
81 85
77 81
57 60
32 34
77 82
55 59
67 72
76 85
66 74
83 97
72 85
42 50
54 65
14 17
60 73
68 84
69 86
70 89
22 28
78 100
43 57
26 35
43 59
59 81
47 65
47 65
66 93
31 45
37 55
27 41
53 81
28 43
53 82
55 88
35 57
40 66
46 77
51 89
52 91
46 81
33 59
41 74
41 77
29 55
48 92
50 98
11 22
37 76
21 48
38 79
30 63
30 63
47 99
27 60
12 27
42 95
33 75
30 69
30 71
26 63
34 87
26 67
31 80
17 44
8 21
16 45
28 79
14 40
8 23
26 76
6 18
12 37
30 93
12 38
22 70
29 93
15 49
9 30
13 45
26 92
26 93
25 90
26 95
23 88
24 93
15 59
15 62
15 64
14 62
5 23
13 60
11 53
15 73
6 30
7 44
13 86
12 94
10 81
11 96
3 28
8 84
3 32
4 52
3 45
4 64
3 49
6 100
3 60
4 83
3 68
1 64
1 71
1 92
