1010057
124 3
176 7
248 13
151 9
86 7
119 12
299 31
176 23
257 34
255 35
262 38
270 45
293 51
132 25
167 32
270 60
183 43
262 62
247 64
244 64
283 75
125 34
204 58
228 68
187 57
231 77
265 91
288 99
290 101
102 36
93 37
215 87
269 109
107 44
259 107
172 76
285 132
82 38
207 98
227 109
276 136
184 91
252 125
254 127
254 128
51 27
279 152
187 105
242 139
136 79
238 139
279 167
292 179
191 118
203 126
281 177
260 168
92 60
201 134
287 196
203 141
289 203
212 151
292 208
42 30
76 55
229 167
257 192
234 175
60 46
272 211
226 177
291 231
164 131
162 131
174 141
206 169
98 82
118 99
94 80
127 109
159 137
243 211
264 231
33 30
294 270
291 270
200 187
204 191
147 138
203 191
154 145
260 248
185 178
110 108
240 7
259 274
162757 162508
225292 225012
600296 600027
258 261
143 144
66 67
205 209
202 206
101 104
253 267
173 184
240 256
220 240
