96895612
271 15
269 19
281 26
95 9
236 25
137 25
238 55
75 18
251 62
217 54
235 62
137 44
216 74
176 63
205 76
158 62
293 118
155 63
156 70
189 85
142 67
195 94
34 17
277 139
47 24
250 2
272 158
232 138
207 124
148 89
131 79
145 91
41 26
188 124
184 122
212 146
217 151
230 175
109 83
68 52
175 137
242 195
237 201
168 151
252 227
262 237
262 260
3125276 3125018
3125283 3125035
3125248 3125005
3125247 3125015
3125272 3125050
3125279 3125060
3125272 3125063
3125243 3125036
3125253 3125049
3125253 3125056
3125298 3125103
3125255 3125071
3125239 3125070
3125260 3125096
3125264 3125103
138 75
3125262 3125106
3125300 3125240
3125280 3125149
3125264 3125158
3125248 3125143
3125283 3125197
3125256 3125178
3125268 3125196
3125250 3125188
3125257 3125215
3125298 3125278
3125278 3125271
3125287 3125282
3125285 3125285
245 281
3125276 3125298
3125237 3125263
206 252
191 192
169 187
185 205
161 185
148 177
184 222
179 225
58 82
60 85
142 207
179 292
60 101
94 160
155 288
140 300
110 246
59 137
59 142
94 230
78 191
92 261
22 66
63 231
49 218
19 91
48 279
21 251
4 108
5 189
7 265
