50039593
299 79
252 6
282 14
237 13
284 19
276 22
284 35
285 27
246 9
96 13
105 15
70 11
201 35
171 31
158 29
196 36
23 5
102 24
246 58
249 63
163 42
212 61
205 62
68 21
127 40
192 61
190 63
127 43
175 61
245 86
242 89
285 110
295 115
190 76
227 92
233 96
208 86
114 48
272 121
160 72
72 33
236 111
101 48
190 91
161 78
127 64
240 124
200 104
224 117
83 45
266 147
210 118
278 163
168 101
244 148
178 111
194 121
168 105
265 167
120 77
242 157
143 94
227 150
222 150
180 122
297 203
201 139
198 137
284 204
256 187
294 216
268 198
26 21
142 115
231 191
99 83
279 234
222 190
135 117
292 254
104 92
248 225
175 164
48 45
19 18
292 280
162 156
40 39
132 129
200 197
224 18
50010300 50010144
280 280
15 15
133 133
154 239
200 202
111 115
277 287
276 288
202 211
257 272
213 228
117 126
259 281
173 188
142 155
236 261
243 271
219 246
161 182
252 286
191 218
185 213
250 290
236 276
218 255
80 94
201 238
196 235
171 208
65 81
134 170
111 141
198 252
226 288
193 249
168 217
193 250
154 202
136 181
158 214
218 296
141 197
93 136
122 179
199 297
46 75
141 237
41 70
161 275
109 199
140 258
45 83
87 163
151 291
130 259
138 285
44 92
126 268
132 297
118 271
108 262
110 277
97 275
97 283
94 293
55 174
68 221
51 171
79 265
68 229
56 200
45 163
66 241
80 296
38 142
32 134
49 206
29 125
41 189
46 213
33 174
37 204
53 293
24 138
45 269
25 164
41 280
36 256
38 273
31 234
38 291
28 218
8 75
13 129
20 205
26 284
16 191
22 283
14 182
6 82
17 268
13 218
11 249
6 267
6 290
4 223
3 169
3 236
2 270
