1017278
5103 4969
5155 4942
283 207
163 139
284 66
191 90
104 13
209 114
259 225
182 64
269 165
5023 4943
177 161
257 142
297 66
153 12
217 92
204 122
124 33
280 197
129 35
253 18
174 132
297 166
269 160
260 158
299 84
300 157
164 6
288 176
211 142
292 10
240 115
200 76
67 30
95 47
154 131
281 151
261 236
3197 2957
3094 3001
3164 2959
3156 3096
3069 3008
16886 16646
3253 3179
3238 3006
3241 3042
9085 8913
3191 3050
3028 2975
3231 3095
3122 2962
8956 8830
3205 3108
3089 3009
3249 3195
3193 3125
3075 3024
3182 3102
3046 3007
9071 8877
9082 8963
3133 3027
3154 3103
3251 3199
3140 3012
3104 3050
3167 3025
3248 2968
3018 2979
3122 2973
8991 8824
3141 3027
3222 3170
3053 3012
3151 3091
9005 8884
5013 4922
5154 4943
5168 5082
5098 5011
5175 4908
8997 8818
8936 8814
5025 4931
5135 5068
5198 4952
5182 5023
5193 4949
5014 4910
9057 8871
5184 4928
5074 4930
5002 4932
5114 5038
5106 4954
5172 5012
32546 32333
16761 16629
16906 16776
16898 16764
16890 16770
16817 16650
16806 16630
8969 8864
8927 8829
32504 32268
4977 4928
8990 8920
4967 4912
3025 2987
8981 8911
16904 16701
16825 16632
16795 16646
16862 16711
8922 8850
16918 16787
8934 8867
3172 3135
16874 16748
16786 16628
8987 8910
32511 32281
52 44
5135 5094
5129 5089
3136 3112
5146 5108
3105 3083
3106 3084
9098 9034
16756 16644
16754 16646
16877 16769
9077 9019
8892 8836
32502 32302
16820 16718
4981 4951
32541 32355
157 113
32479 32276
16735 16634
32487 32301
32438 32253
9036 8991
217 216
