100010384
96 1
172 19
138 37
193 62
110 36
150 52
51 18
186 73
119 47
113 53
199 103
175 93
197 105
137 78
116 71
180 115
164 107
81 61
153 116
120 96
72 58
200 174
112404 112211
112368 112217
112407 112265
112364 112229
112344 112212
149013 148847
149005 148843
124554 124426
149019 148869
112400 112292
149007 148873
197846 197670
148977 148853
124612 124509
112347 112259
112345 112261
112391 112310
197835 197693
197830 197694
197809 197674
148999 148903
148946 148852
124581 124505
112349 112281
124602 124527
197834 197725
197847 197738
149002 148925
112286 112229
295512 295363
112330 112274
112350 112294
197770 197672
148942 148870
124579 124519
124521 124464
148994 148927
124546 124493
148912 148849
295491 295366
197846 197767
112255 112214
6350172 6350030
6350192 6350005
490799 490640
295500 295412
3225180 3225055
490809 490672
295448 295374
1662690 1662617
295451 295383
1662634 1662561
295508 295449
490760 490668
295438 295386
881401 881255
881391 881251
1662634 1662550
490800 490728
3225179 3225006
490717 490648
881400 881281
490703 490638
1662685 1662594
881396 881301
881388 881295
490811 490760
881421 881337
881428 881347
1662680 1662559
1662684 1662540
124537 124501
148997 148956
112340 112313
148887 148857
197800 197770
295380 295338
295509 295474
295365 295338
124491 124480
197821 197804
295474 295450
124449 124439
112244 112235
295493 295471
124490 124481
295505 295484
112364 112357
881385 881340
490715 490690
490759 490737
1662591 1662528
1662601 1662538
881341 881310
881413 881382
1662604 1662555
148893 148889
3225090 3225013
3225090 3225021
295455 295449
3225087 3225029
3225137 3225083
490725 490717
124608 124564
6350122 6350016
1662582 1662519
3225101 3225056
12600175 12600002
3225081 3225038
490628 490626
112263 112269
