9999857229
96 2
95 2
41 2
71 5
69 5
90 7
38 3
97 8
95 9
94 9
70 7
97 17
85 15
22 4
77 15
86 18
92 20
34 8
55 13
80 19
84 21
77 23
19 6
88 28
54 18
90 1
100 35
48 17
84 30
94 36
31 12
49 19
67 26
57 23
79 32
90 38
87 37
35 15
85 38
100 46
13 6
99 48
59 31
76 40
72 38
45 24
28 15
55 30
81 46
38 22
93 57
73 45
73 45
74 46
60 38
91 31
76 49
60 39
92 60
49 32
96 63
63 42
72 50
45 32
74 53
95 69
85 62
98 72
65 48
51 38
20 15
62 47
85 65
35 27
31 24
76 59
98 77
90 71
76 60
73 58
42 34
64 53
56 48
21 18
90 78
90 79
26 23
58 54
33 31
51 49
76 74
42 41
55 54
63 62
83 82
29531345 29531251
96 61
49062595 49062502
29531339 29531285
29531349 29531300
29531349 29531300
49062600 49062522
29531343 29531309
88125090 88125013
88125096 88125019
29531342 29531321
29531348 29531327
88125096 88125043
88125093 88125049
166250089 166250009
166250096 166250016
166250098 166250018
49062592 49062572
49062596 49062578
166250090 166250030
166250091 166250035
88125094 88125067
322500097 322500001
322500094 322500004
88125090 88125044
322500096 322500015
166250096 166250057
88125089 88125069
322500094 322500049
49062590 49062584
322500094 322500056
166250096 166250086
166250092 166250084
1260000094 1260000036
635000096 635000071
635000097 635000077
166250092 166250087
635000095 635000083
1260000094 1260000075
26 26
1260000095 1260000096
88125092 88125098
92 97
49062597 49062599
30 42
74 76
35 36
62 65
53 56
49 52
29 31
39 42
42 46
59 65
9 10
82 93
79 91
59 70
42 50
46 55
77 93
53 66
65 83
62 80
24 32
66 89
53 72
54 83
71 100
47 68
69 100
45 66
42 62
31 46
66 100
35 54
34 53
33 52
26 41
49 78
42 69
46 76
52 90
56 98
8 14
48 92
52 100
43 83
32 62
41 81
22 46
42 88
16 35
26 57
19 42
13 30
38 95
31 82
29 78
27 73
34 93
35 100
28 83
26 81
28 89
25 83
27 95
27 95
24 90
25 94
21 83
15 66
22 99
14 68
8 40
9 46
16 85
13 73
14 97
7 50
11 79
8 61
10 80
5 46
8 78
4 41
1 15
4 64
4 71
5 93
2 65
1 99
