99915577
234 1
278 3
272 3
246 6
240 6
76 2
72 2
197 8
231 10
264 13
93 5
268 15
187 11
209 13
300 19
243 16
218 15
29 2
128 9
197 14
115 9
113 9
265 23
257 27
165 18
247 27
183 21
288 34
271 32
41 5
169 21
95 1
166 21
270 35
122 16
288 38
284 38
259 35
147 20
193 27
234 34
226 33
243 36
202 36
228 42
227 42
216 40
253 47
87 17
126 25
154 31
119 24
239 49
121 25
188 39
268 56
112 24
204 44
193 42
247 54
286 63
254 57
207 51
293 73
202 51
99 25
73 19
122 33
266 72
109 30
133 37
199 56
213 60
261 75
184 53
122 36
132 39
221 66
267 80
228 69
269 82
291 95
149 49
127 43
108 37
245 84
268 94
218 77
249 88
209 74
256 91
239 88
271 100
199 74
39 15
166 64
297 117
252 100
287 114
277 116
88 37
154 66
223 99
263 33
286 128
211 95
152 69
250 114
130 60
203 96
148 70
88 42
262 127
292 142
86 42
238 119
222 112
259 131
185 94
278 142
66 34
236 122
239 124
293 153
241 126
202 106
295 156
224 119
277 149
225 123
148 81
272 151
88 49
219 123
266 150
269 152
148 84
157 90
292 168
112 65
112 65
213 125
255 152
105 63
269 162
277 170
209 129
114 71
213 133
128 80
175 111
156 99
107 68
268 171
259 167
251 162
211 138
188 123
174 114
108 71
280 186
242 161
157 105
219 149
107 73
54 37
83 57
265 184
226 158
168 118
210 148
222 157
255 182
267 191
93 67
129 93
205 148
229 166
95 69
296 132
281 207
61 45
78 58
299 224
158 119
138 104
164 124
253 192
129 98
60 46
52 40
76 59
291 227
261 204
242 191
146 116
300 239
103 83
250 202
63 51
264 215
244 200
274 225
221 182
267 221
228 190
123 103
107 90
266 225
192 163
252 214
299 257
258 224
266 231
183 159
228 199
194 141
75 66
175 155
255 229
257 231
246 222
242 220
286 261
161 147
140 131
167 157
264 249
159 152
104 100
191 184
221 213
296 288
183 179
221 217
91 90
135 134
195598 195323
195585 195326
195574 195325
195590 195363
195585 195399
195607 195422
195589 195432
195540 195385
195473 195320
195600 195450
195543 195395
195604 195456
390904 390633
195568 195440
195475 195350
195495 195373
390895 390673
195448 195341
195593 195492
195442 195342
195467 195367
195576 195477
195464 195367
195420 195324
390841 390654
390837 390661
390811 390642
195434 195350
261 229
195457 195378
195431 195359
390859 390719
195466 195396
195482 195412
781541 781263
390774 390638
390768 390638
781541 781288
781533 781281
195436 195374
781502 781261
781522 781286
390857 390741
390770 390657
390785 390677
195423 195369
195425 195372
195600 195548
195600 195549
390851 390755
781510 781323
390835 390747
195480 195436
781533 781361
390878 390792
781478 781309
781537 781370
390920 390839
781524 781366
195510 195471
195576 195495
195389 195330
390788 390713
781503 781357
390761 390691
390865 390795
390785 390716
390914 390846
1562776 1562508
390702 390635
781472 781341
390860 390795
390901 390838
781411 781287
781385 781263
390739 390678
781520 781399
781397 781277
390809 390749
781407 781299
781411 781305
1562759 1562550
781509 781407
390841 390790
781520 781419
1562775 1562587
781520 781427
390702 390656
781496 781405
781538 781388
781479 781395
390789 390747
781526 781443
1562784 1562624
1562766 1562609
1562769 1562622
1562764 1562619
781455 781383
195604 195586
390806 390773
195563 195547
781504 781432
390730 390701
781514 781475
1562790 1562739
781454 781405
390774 390751
1562786 1562695
390863 390841
195461 195450
781390 781347
781450 781407
1562763 1562678
390865 390844
781444 781404
195450 195440
390758 390739
195536 195528
781385 781354
781474 781446
781413 781386
390716 390703
1562769 1562723
390793 390785
1562782 1562752
781463 781450
195369 195366
1562767 1562750
195469 195467
781454 781448
781478 781478
128 128
288 288
195608 195609
195437 195438
1562767 1562779
781488 781498
781459 781471
781438 781450
390716 390723
781430 781445
390870 390879
781420 781439
781453 781476
781510 781536
781482 781509
781506 781542
390795 390816
390746 390767
390848 390872
390852 390879
781415 781472
195455 195470
781461 781522
195536 195553
781436 781507
390869 390906
195509 195529
195457 195569
390872 390923
195464 195493
781405 781522
195573 195603
390853 390913
390698 390760
390693 390755
390734 390799
195360 195394
390721 390790
390722 390795
390834 390908
390775 390856
390759 390840
390756 390842
195491 195539
390776 390875
195513 195565
195445 195497
195466 195522
195448 195504
390751 390863
390702 390817
390745 390865
390723 390844
195516 195579
195469 195539
390696 390845
195492 195573
195448 195529
390722 390893
195495 195583
390692 390887
195414 195523
195462 195574
34 43
195385 195497
195483 195610
195383 195513
195389 195520
195387 195522
195387 195589
195373 195609
258 259
165 166
128 129
252 254
274 280
76 78
210 216
278 286
229 238
229 238
245 256
281 294
274 288
267 282
241 259
207 225
209 228
130 142
69 76
202 223
19 21
76 84
203 227
231 262
107 122
98 112
193 221
234 270
228 264
152 178
197 231
241 284
246 292
208 247
21 25
141 168
219 261
218 260
209 250
230 279
215 262
194 237
203 248
31 38
150 185
236 298
66 114
185 235
209 267
61 78
160 205
103 133
108 140
99 129
144 188
192 252
35 46
92 121
199 263
159 214
77 104
51 69
123 167
201 273
36 49
204 278
161 222
146 203
92 128
196 274
202 284
51 72
123 174
189 271
194 279
80 116
42 61
163 237
186 271
124 181
150 219
140 205
188 276
100 147
53 78
175 258
184 272
171 253
192 285
183 274
126 189
64 97
105 160
192 297
164 254
142 220
175 275
167 266
149 240
124 200
58 94
80 132
23 38
113 187
175 291
122 205
123 209
126 215
129 221
141 243
32 128
135 236
165 292
62 110
75 134
159 285
159 291
139 256
118 218
83 157
75 142
138 263
109 209
131 252
91 181
87 174
69 138
78 157
96 194
147 299
102 216
120 258
86 186
36 78
98 213
131 287
61 138
54 126
87 206
125 298
76 184
112 272
105 256
116 292
103 261
101 261
105 284
103 280
67 183
90 247
72 201
72 202
55 155
102 288
86 254
41 122
32 96
81 250
92 291
64 203
82 262
76 244
14 45
73 242
66 219
54 181
69 242
61 219
51 186
71 260
72 267
62 233
32 122
66 253
71 276
39 160
63 261
65 275
69 292
51 217
35 149
21 90
51 220
51 220
21 92
62 272
52 232
62 277
59 267
42 192
35 161
35 161
47 224
40 192
32 158
21 104
54 275
22 113
55 283
38 201
44 237
45 266
40 238
42 257
42 266
18 115
32 206
9 58
10 68
42 291
24 169
23 162
36 269
36 271
27 208
19 148
13 102
32 257
16 130
24 214
11 100
15 145
8 86
19 206
26 282
15 167
11 125
9 104
14 209
11 207
12 251
9 277
1 45
5 260
4 237
3 181
4 275
2 152
1 144
