100034205
238 19
277 2
219 2
87 1
213 3
197 3
264 9
192 8
160 7
293 13
263 13
54 3
272 17
94 6
171 12
283 20
283 21
161 12
239 18
186 15
156 13
131 11
80 7
212 19
161 15
169 16
236 24
217 23
218 24
150 17
218 25
255 30
25 3
296 36
226 28
207 26
262 35
112 15
110 15
241 34
105 15
209 31
241 36
238 36
237 36
263 40
288 45
229 37
220 36
133 23
271 48
79 14
78 14
274 50
200 38
184 35
262 50
87 17
240 47
61 12
216 43
250 50
283 58
271 56
284 59
121 26
203 44
230 50
220 50
155 36
73 17
277 65
139 33
206 49
128 31
291 71
258 63
295 73
270 67
251 63
295 76
275 71
228 59
161 42
230 63
83 23
252 70
212 60
226 64
185 53
177 51
181 53
140 41
282 84
292 87
217 66
265 81
134 41
141 44
191 60
299 94
62 20
182 59
92 30
46 15
60 20
109 37
226 77
184 63
293 102
185 65
275 98
184 66
300 108
275 100
236 86
290 108
26 10
275 107
138 54
226 89
289 114
249 99
181 72
186 74
233 93
125 50
70 28
119 48
220 89
163 66
190 77
288 120
158 66
274 115
245 103
64 27
257 109
269 116
178 78
221 97
298 138
28 13
273 127
282 132
224 105
194 91
129 61
265 126
288 138
52 25
268 130
72 35
133 65
226 111
273 136
221 111
190 96
184 93
284 145
52 27
188 98
117 61
271 144
275 147
211 113
280 152
268 146
225 123
51 28
131 72
254 140
243 135
156 87
137 77
268 151
94 53
121 69
281 161
255 147
248 145
247 145
288 170
208 123
284 171
215 131
118 72
277 170
219 135
179 111
193 120
247 155
143 90
254 160
279 177
124 79
207 132
269 172
292 187
249 160
168 108
239 154
271 175
122 79
256 167
189 124
129 85
183 121
263 174
203 135
266 177
270 180
45 30
277 185
168 113
267 181
129 88
292 200
156 107
10390900 10390627
243 167
221 154
288 234
196 138
298 210
277 197
277 198
249 178
299 242
294 231
218 157
221 160
284 207
278 203
274 201
194 143
199 147
276 216
282 220
265 198
292 227
216 163
63 44
96 69
125 90
170 126
155 115
20 15
163 124
183 140
163 125
159 125
71 56
43 34
182 144
226 179
179 142
63 50
226 180
30 24
177 143
166 135
156 127
126 103
68 56
231 191
274 227
275 228
256 213
223 186
163 136
201 168
160 134
280 235
166 140
231 195
116 98
282 239
224 190
264 224
300 255
222 190
236 205
23 20
31 27
186 163
116 102
299 264
226 201
281 250
298 266
250 224
148 133
288 259
296 267
200 181
221 201
244 222
78 71
213 194
217 198
160 147
289 270
113 106
100 94
295 278
256 243
42 40
217 207
95 91
122 117
222 213
204 196
268 260
202 196
274 266
193 188
147 144
213 209
275 271
204 202
195 194
10781538 10781264
10781537 10781269
10781521 10781259
11562775 11562502
11562792 11562520
10781543 10781297
239 1
10195592 10195355
276 287
13125298 13125039
168 168
169 169
270 273
219 221
187 189
266 272
264 270
210 215
206 211
190 195
36 37
140 144
200 206
259 267
253 261
244 252
210 218
183 190
235 244
223 235
30 32
113 122
159 172
227 247
204 222
55 60
245 269
121 133
