5001016724
297 142
290 129
299 132
258 104
244 8
281 107
143 7
158 8
202 14
290 52
293 55
230 51
266 93
270 89
201 64
248 81
133 3
87 2
58 2
80 20
147 43
206 72
137 56
87 36
47 20
134 64
180 88
92 48
89 47
239 128
267 143
167 91
270 166
283 183
248 166
62 42
237 173
109 1
207 159
143 111
241 190
249 197
153 122
283 230
259 220
284 253
132 119
182 168
91 84
204 195
221 218
250 248
299 224
5001000300 5001000126
274 285
106 113
182 189
187 204
130 146
238 268
118 134
165 189
156 183
162 192
142 170
248 299
122 149
144 177
243 300
170 212
91 117
58 78
80 114
144 207
121 181
195 296
186 294
155 255
16 27
91 158
154 268
149 262
95 194
130 299
108 262
24 63
35 101
53 154
35 107
79 245
87 278
27 89
63 219
51 186
81 296
51 215
68 287
56 238
18 77
29 137
37 178
57 289
18 95
47 249
54 297
47 276
31 183
42 248
32 201
14 88
31 198
32 293
26 253
12 130
23 267
14 167
20 273
20 274
15 292
5 118
3 203
