1018746
421 143
405 133
231 84
292 32
115 32
255 84
296 25
173 44
112 3
89 34
277 83
188 53
299 87
247 110
282 70
256 132
130 27
171 17
178 47
86 2
264 4
160 47
253 30
181 34
156 21
253 35
242 49
256 103
234 100
187 53
91 29
272 120
237 23
86 28
94 45
147 52
147 7
291 50
130 51
167 12
204 85
216 40
157 23
219 3
205 34
263 103
203 67
287 90
277 11
118 24
91 14
259 2
281 54
175 50
223 117
189 81
260 147
33 19
295 171
375 218
77 45
181 107
240 145
236 148
196 129
278 185
501 336
158 107
784 545
374 261
436 306
273 193
237 171
274 199
487 354
267 196
292 215
279 206
372 275
152 113
215 161
256 193
203 154
273 210
156 122
331 262
170 135
788 628
1233 991
246 201
66 54
28 23
268 221
178 147
709 587
773 640
289 242
174 146
632 535
289 245
90 77
1275 1094
235 202
1255 1083
88 76
215 187
234 204
1153 1009
188 168
452 405
636 570
145 130
679 609
1183 1065
269 244
228 209
1265 1163
2144 1984
1168 1084
2150 1998
1191 1113
1176 1099
289 271
4205 3950
4194 3944
276 260
366 346
243 231
1257 1197
188 180
289 277
2181 2099
4031 3911
2194 2129
4194 4072
2078 2026
247 242
8090 7942
7979 7853
15918 15674
70 69
4163 4106
293 289
4101 4047
87 86
2091 2069
7903 7832
2162 2145
15769 15648
15860 15761
15830 15733
31539 31353
8066 8019
31501 31324
4000 3979
31438 31279
31491 31352
15773 15704
15794 15738
4136 4122
62786 62580
62772 62571
31434 31340
62730 62556
31459 31382
62708 62558
125299 125039
31525 31474
31531 31481
254 125
125249 125050
31478 31436
15713 15700
51 54
