1008731
2196 2034
2242 1983
1189 1011
181 1
1190 1001
311 139
233 15
218 3
260 53
184 3
223 47
242 70
276 11
280 15
222 42
284 64
112 3
124 4
87 3
154 20
143 25
135 35
23 6
113 35
131 49
197 80
136 66
171 83
133 66
113 58
171 96
248 144
265 160
111 69
107 68
150 102
174 134
265 208
232 185
339 275
159 130
397 329
101 85
514 449
145 131
533 484
1216 1108
285 260
2249 2102
160 152
1247 1196
633 608
294 283
4158 4008
281 271
4157 4026
2041 1984
1029 1006
8100 7943
678 669
8010 7917
15842 15712
7886 7828
31528 31313
31532 31322
8047 7996
2042 2031
31522 31365
4006 3962
31544 31409
15743 15679
187 117
62740 62511
2226 2221
62642 62537
125264 125089
125265 125106
62807 62556
125239 125062
62649 62587
125252 125159
15863 15860
8041 8041
714 722
198 206
