1018187
8079 7866
4150 4010
209 67
255 2
241 208
191 140
250 61
128 50
299 71
233 95
273 74
257 103
151 41
287 121
241 32
270 35
158 11
114 63
166 16
234 107
2221 1996
235 186
273 234
288 65
97 16
111 35
89 58
8103 7854
241 17
8118 7892
284 95
4104 3949
78 40
2210 2025
4205 3918
2119 2062
2175 1977
4067 3920
4189 4046
4138 4028
2259 2067
4157 3918
2115 1967
2097 1969
2187 2039
4139 3973
2226 2139
2244 2116
2202 2134
2191 2027
2235 1976
2238 2094
4182 3958
4161 3995
4080 3935
2261 2189
4214 4032
2132 2012
2209 1987
2256 2071
2148 2062
2141 2074
2261 2115
2205 2120
4099 3933
2108 2005
31520 31341
8080 7951
8071 7916
4124 4055
8121 7937
7988 7903
8081 7935
8020 7937
7999 7905
8074 7965
7963 7824
7942 7832
4214 4146
31555 31266
31538 31298
8045 7941
8056 7923
8121 7930
31510 31273
8114 7918
15852 15691
4043 3985
15797 15687
15775 15645
4148 4063
15839 15704
15881 15705
2230 2177
4145 4068
15906 15773
8029 7837
15874 15685
8113 7914
7990 7913
15904 15733
4200 4118
15877 15676
15768 15637
15929 15743
15873 15709
8060 7953
8098 7910
15934 15745
121 102
2173 2125
2029 1986
2215 2169
2102 2066
4120 4067
4150 4107
2203 2181
8001 7931
8040 7972
7932 7867
7940 7877
2158 2141
4070 4041
15801 15704
7879 7831
2171 2158
15788 15694
31461 31286
31486 31314
31488 31317
31444 31274
31518 31349
4156 4135
31473 31322
15786 15716
7954 7920
213 171
31429 31284
15804 15743
4206 4193
4197 4191
