10000005492
82 4
98 7
90 7
42 5
71 10
35 5
80 12
95 17
94 17
90 18
84 17
29 6
63 14
89 20
64 15
96 23
99 24
87 23
100 23
60 17
56 16
76 23
59 19
91 31
92 32
65 23
30 11
56 23
83 35
91 40
96 43
93 42
53 24
57 26
24 11
58 27
88 44
99 50
91 46
83 44
24 13
42 25
86 52
94 57
99 62
100 63
72 47
58 38
100 71
96 73
63 50
65 52
82 66
57 47
45 38
88 75
14 12
77 66
14 12
83 73
88 80
100 91
57 54
93 89
1320799 1320707
1320793 1320713
1320784 1320723
1320777 1320720
1320772 1320717
1320757 1320707
2541500 2541423
2541497 2541423
1320759 1320726
2541479 2541417
2541463 2541409
2541479 2541429
1320761 1320736
2541476 2541429
1320734 1320713
4982909 4982850
2541443 2541418
4982887 4982842
4982866 4982829
9865702 9865634
4982855 4982824
4982861 4982830
52 14
4982869 4982843
9865720 9865671
4982872 4982848
9865681 9865636
19631340 19631274
9865688 9865655
9865652 9865629
39162596 39162525
19631305 19631272
39162568 39162513
39162581 39162533
39162546 39162505
39162587 39162553
39162560 39162527
78225072 78225013
39162550 39162521
78225060 78225006
39162556 39162529
78225089 78225055
78225029 78225006
156350070 156350028
312600084 312600002
156350059 156350018
156350061 156350028
156350057 156350027
156350043 156350014
312600067 312600015
625100095 625100003
312600084 312600048
625100089 625100018
625100097 625100040
625100070 625100015
625100074 625100019
312600082 312600057
625100089 625100040
312600081 312600009
1250100098 1250100009
625100087 625100046
1250100085 1250100006
8 9
