100010531
190 13
186 53
169 30
165 7
185 30
160 9
157 22
112 5
129 25
87 17
111 26
160 47
124 37
151 48
177 62
143 60
146 62
134 62
143 69
122 63
107 59
103 59
147 88
184 113
70 43
156 99
199 139
99 73
123 92
78 63
194 161
127 109
167 158
1024611 1024446
1024590 1024426
1012384 1012234
1024575 1024426
1195493 1195322
1024597 1024453
1024604 1024464
1097855 1097708
1390809 1390626
1097825 1097684
1390820 1390652
1097820 1097688
1049019 1048893
1195494 1195357
1097794 1097672
1390825 1390673
1048967 1048854
1024539 1024429
1024533 1024424
1012368 1012265
1024558 1024454
1097836 1097725
1097790 1097680
1024598 1024498
1048941 1048841
1024578 1024482
1195430 1195321
1048941 1048848
73 3
1048976 1048887
1195445 1195344
1390817 1390701
1048947 1048860
1024559 1024475
1781445 1781300
1195443 1195346
1390798 1390687
1012366 1012287
1390744 1390636
1781394 1781257
1781422 1781287
1097835 1097757
1390765 1390669
1097732 1097657
1195490 1195409
1049009 1048938
1781415 1781295
1024554 1024485
1195446 1195367
2562700 2562532
1195436 1195358
1097764 1097696
1024498 1024436
1390776 1390692
1097845 1097781
1781442 1781340
1195492 1195425
1012287 1012231
1012351 1012295
1781349 1781254
2562650 2562514
1195411 1195348
1195414 1195351
1195384 1195325
1390735 1390667
1048943 1048893
1195377 1195322
2562640 2562524
1781399 1781321
1097852 1097804
1390732 1390673
1097793 1097698
1012283 1012223
1048909 1048866
1024474 1024436
1012391 1012354
1097819 1097784
1012321 1012289
1097768 1097736
1048905 1048875
1048917 1048887
1048888 1048862
12 13
