99983692
44 2
98 6
99 7
100 14
85 14
71 12
92 19
93 21
13 3
54 13
66 16
19 5
67 20
77 23
66 21
83 27
70 23
82 28
93 32
82 29
97 5
8 3
82 33
41 17
66 30
67 31
8 4
40 20
75 39
98 51
81 43
39 21
95 52
65 38
28 17
31 19
73 46
20 13
84 63
75 58
67 52
63 49
47 37
58 46
97 79
89 73
66 55
97 83
87 76
50 45
41 38
61 58
51 49
77 75
3225099 3225007
3225090 3225004
3225091 3225005
3225084 3225002
3225090 3225012
3225090 3225020
3225093 3225030
3225097 3225034
3225093 3225037
3225083 3225028
3225094 3225039
3225086 3225036
3225098 3225048
95 35
3225099 3225050
3225098 3225050
3225100 3225061
3225089 3225043
3225085 3225040
3225092 3225048
3225092 3225051
3225084 3225047
3225091 3225054
3225094 3225060
3225086 3225063
87 89
3225097 3225082
3225083 3225069
3225095 3225084
3225094 3225084
3225096 3225089
3225091 3225091
71 71
3225095 3225098
87 95
72 73
31 32
85 90
33 35
65 69
29 31
27 29
70 77
27 30
74 83
47 53
74 84
31 36
41 48
70 90
42 55
73 96
39 52
65 87
49 67
47 70
53 82
28 45
45 73
60 100
11 19
30 54
13 24
45 84
48 93
40 80
27 54
17 39
30 69
12 28
14 33
23 58
17 44
28 75
28 76
23 66
19 63
29 97
11 37
15 56
15 58
14 59
18 80
10 47
14 68
16 93
17 99
14 88
10 65
11 84
8 69
5 46
6 59
6 96
1 21
1 22
2 99
