1006297
43 33
12036 11965
11041 10977
27 4
47 3
10222 10162
70 8
60 47
86 39
67 39
11074 10979
10316 10255
85 50
100 9
11074 10986
86 36
91 24
10205 10140
86 2
43 10
66 55
84 36
24 10
13994 13907
10184 10125
80 59
58 18
100 73
75 34
95 19
10316 10248
81 56
84 33
12037 11958
10341 10269
98 88
10218 10152
70 28
85 60
10581 10518
12033 11956
89 49
12046 11954
12030 11958
15 2
38 5
98 37
75 43
19 4
63 40
10563 10490
10588 10509
10199 10123
12045 11974
59 24
10556 10492
31 9
12038 11954
10221 10157
92 14
96 60
80 58
10221 10177
10207 10156
10552 10491
13981 13919
10574 10526
10331 10277
10213 10165
10220 10161
11057 11006
12015 11959
10183 10133
14000 13923
11052 10996
13989 13918
11074 11024
12029 11965
17903 17824
13986 13923
11070 11012
13978 13908
11061 10997
10332 10286
12024 11959
10199 10155
17907 17828
17 10
33 28
48 41
74 69
98 95
12019 11968
10554 10510
12029 11979
17892 17819
12033 11984
12022 11974
11021 10977
11047 11003
11060 11016
12036 11989
10318 10278
10337 10297
11023 10981
13969 13916
10320 10282
11998 11954
10214 10177
10287 10250
11021 10982
17896 17833
11049 11011
17876 17815
17886 17826
10180 10146
13957 13911
12021 11982
10290 10257
17883 17826
12008 11970
17881 17825
10285 10253
70 11
10179 10143
13962 13920
12034 11998
10569 10539
39 39
