995216
197 3
150 4
183 5
29 1
193 9
175 10
151 9
200 12
30 2
196 17
149 14
113 14
166 21
146 22
181 33
159 31
48 1
82 17
102 22
158 35
154 38
163 41
176 46
70 19
114 36
99 32
188 61
146 56
101 39
153 60
141 56
112 45
92 39
141 60
153 66
121 54
159 71
162 73
187 86
49 23
89 42
160 76
69 33
171 82
171 87
41 21
135 70
173 90
82 44
179 97
157 86
193 106
156 87
21 12
102 59
145 89
138 85
159 100
176 114
74 49
186 124
175 122
58 41
66 47
159 118
175 131
109 85
115 90
187 149
182 146
162 131
37 30
183 149
45 37
76 63
105 88
186 158
149 127
199 40
142 125
60 53
187 166
146 132
63 57
57 52
174 161
66 62
174 166
129 124
100 97
181 177
113 111
191 188
171 169
187 186
31512 31367
31486 31374
31529 31429
31472 31373
31544 31459
190 166
31504 31438
31522 31458
31548 31506
31491 31450
31514 31474
31546 31508
31527 31491
31531 31497
31474 31445
31484 31455
31514 31494
31506 31499
31479 31473
31465 31461
31498 31496
31506 31506
31474 31483
31531 31541
31536 31547
31485 31523
31481 31496
31493 31512
31517 31539
31483 31512
31480 31515
174 185
132 168
31478 31541
84 85
47 48
168 172
139 147
161 171
70 75
106 115
150 163
75 83
140 155
152 174
67 77
127 147
24 28
85 100
100 120
84 101
21 106
112 143
92 119
109 141
108 140
152 199
45 59
28 37
116 158
90 123
91 130
75 111
62 94
29 44
70 107
63 97
111 173
80 128
87 140
73 119
53 87
98 165
52 89
85 149
98 175
100 193
46 90
79 156
35 72
95 198
83 182
49 112
44 101
40 102
50 128
55 150
73 200
69 194
67 197
63 193
56 177
56 180
35 114
42 138
24 88
24 90
35 139
45 196
36 160
22 107
20 106
30 169
22 125
25 145
15 106
23 190
9 75
17 146
19 169
15 134
11 177
8 130
7 115
10 171
2 149
