100014147
73 3
86 5
94 6
74 6
24 2
95 8
57 5
66 6
32 3
86 9
85 9
79 9
77 9
92 11
75 9
57 7
84 12
77 12
80 13
99 17
66 12
16 3
95 18
20 4
83 17
97 20
52 11
66 14
64 14
58 13
97 22
13 3
34 8
46 11
67 17
61 16
86 23
56 15
78 21
66 19
72 21
34 10
85 26
86 28
67 22
6 2
97 33
64 22
74 27
71 26
75 29
87 34
87 34
94 38
96 40
69 29
90 38
80 35
73 32
75 35
51 25
87 43
22 11
100 50
93 47
46 24
82 43
77 42
48 27
60 34
68 40
61 36
35 21
83 50
91 55
62 38
85 53
48 30
88 56
88 56
82 54
80 55
78 54
56 39
37 26
34 25
12 9
12 9
98 74
74 56
52 40
94 73
92 72
96 76
24 19
59 47
92 74
82 66
23 19
37 31
100 84
67 57
80 69
76 67
63 56
92 82
29 26
29 26
87 78
93 84
62 56
35 32
71 65
12 11
47 44
39 37
60 57
89 85
87 85
89 87
22307 22209
22306 22215
22302 22228
22302 22233
22278 22215
34511 34418
22300 22240
22307 22254
34498 34420
34509 34431
22281 22232
34509 34434
34489 34416
34489 34419
34511 34441
22273 22228
22298 22254
34501 34437
34494 34432
34511 34449
34478 34419
22280 22242
22255 22220
34469 34415
34487 34434
22252 22218
34511 34461
22303 22271
34498 34452
34500 34454
34510 34464
22241 22212
58911 58835
58917 58841
34465 34423
22270 22243
58908 58839
22297 22271
22278 22254
34469 34432
22300 22277
34482 34449
58895 58842
34507 34476
58884 58833
22267 22248
107751 107660
34450 34421
34494 34465
58888 58839
107753 107665
107753 107665
22283 22265
34505 34478
58927 58882
22264 22247
107742 107660
58919 58876
22277 22261
58925 58885
22226 22211
70 57
34461 34438
58919 58880
107755 107684
107747 107678
58926 58889
58923 58887
34437 34416
34482 34461
58873 58838
22226 22213
107746 107683
107720 107660
22273 22261
34459 34441
58871 58841
58876 58846
107741 107687
58895 58866
107727 107674
58919 58892
107732 107683
107720 107672
107736 107690
58869 58844
58892 58867
107751 107707
107699 107657
107724 107682
205394 205315
34465 34452
107736 107696
22261 22253
58907 58886
58909 58888
58920 58899
205408 205335
205409 205340
107755 107721
22299 22292
205405 205341
58859 58841
58897 58879
107726 107694
107710 107680
107693 107664
205372 205317
205375 205320
205397 205343
107704 107678
205375 205327
205387 205339
34499 34491
205386 205339
22235 22230
205395 205349
400719 400632
400721 400634
205376 205332
205379 205336
107699 107677
34442 34435
107727 107706
107727 107706
400719 400641
205404 205365
205407 205368
205393 205355
205402 205364
400713 400639
34464 34458
34464 34458
205359 205324
58858 58848
400701 400634
205397 205363
205349 205316
205393 205360
400707 400643
107720 107703
400708 400645
400715 400653
58880 58871
58921 58912
400705 400644
107734 107718
205404 205374
400682 400627
22302 22299
400683 400634
400702 400653
400713 400664
205354 205329
107688 107675
400680 400632
400691 400643
400683 400637
400716 400670
400702 400657
1572598 1572534
205398 205375
400705 400661
205398 205376
205349 205328
205405 205384
791335 791257
205354 205334
205389 205369
107675 107665
205342 205323
400716 400679
205393 205384
205381 205372
400672 400638
1572588 1572518
791344 791283
791327 791267
791334 791275
107686 107678
400672 400643
400693 400664
400706 400677
400655 400627
791329 791274
205367 205353
400691 400664
107694 107687
400666 400642
205340 205328
791309 791263
791300 791255
791327 791284
205386 205375
1572591 1572508
1572598 1572517
791293 791253
400715 400695
205367 205357
205410 205400
1572578 1572502
1572591 1572515
1572587 1572516
791304 791268
3135080 3135010
3135100 3135034
1572582 1572541
1572545 1572505
3135082 3135003
3135084 3135005
791327 791306
1572565 1572505
791295 791265
791329 791299
791292 791263
791322 791293
1572588 1572532
1572598 1572542
400660 400646
400666 400652
400681 400667
791338 791316
791287 791261
791315 791289
1572575 1572526
791313 791289
400671 400659
1572558 1572514
791325 791302
1572600 1572565
1572558 1572520
1572562 1572524
3135092 3135017
3135099 3135025
22213 22211
58834 58829
58928 58923
107698 107693
22230 22229
22264 22263
205339 205333
205399 205393
107736 107733
400684 400673
400715 400704
205387 205382
791324 791307
791271 791255
791277 791261
791302 791286
791340 791324
1572570 1572539
34438 34415
1572535 1572503
400644 400632
791333 791318
791264 791251
205316 205313
205378 205375
107689 107688
80 80
74 74
7 7
22301 22303
76 77
46 47
