100056004
273 71
228 98
124711 124484
149091 148885
124632 124418
149 21
124683 124447
124679 124450
93 44
149099 148882
124654 124486
208 27
124601 124424
147 59
124652 124440
124673 124457
112502 112259
271 77
112503 112276
112470 112325
131 84
149128 148898
112434 112264
246 52
112450 112256
112411 112234
116 9
262 92
197913 197676
240 83
112487 112299
112489 112286
112505 112259
197927 197686
160 34
272 208
242 54
225 29
135 83
285 127
157 90
195 147
180 38
210 53
228 63
175 91
152 80
131 86
270 192
207 120
272 204
235 189
197950 197678
149 53
265 190
294 108
158 42
170 49
269 28
289 66
300 183
260 74
156 26
127 94
132 47
251 188
258 196
294 84
291 217
246 21
141 85
286 106
255 29
220 91
78 43
275 98
226 112
151 47
279 238
291 116
93 39
188 32
262 172
259 53
221 100
229 177
180 11
196 123
262 77
292 22
70 24
286 157
154 94
250 86
219 173
251 56
206 140
149 62
210 84
217 67
285 72
151 112
270 222
136 94
222 182
263 84
280 208
284 253
197 106
195 158
127 89
276 205
207 10
267 4
284 187
126 19
194 69
213 166
269 179
268 92
152 72
82 11
221 72
149095 148927
248 39
240 205
277 42
257 20
200 22
195 94
175 20
298 62
214 56
237 189
294 19
189 146
156 69
71 10
141 93
249 159
120 42
288 146
148 13
185 118
139 11
224 45
78 26
269 27
207 10
268 78
253 42
237 70
234 102
203 30
184 82
286 116
264 217
259 203
155 61
154 22
248 59
278 83
160 35
287 177
108 75
89 14
264 64
265 8
246 106
293 123
172 21
277 198
249 180
259 179
90 44
211 64
215 60
297 40
176 129
259 3
251 83
260 149
293 111
35 2
246 157
229 62
228 143
221 169
297 43
172 134
188 20
100 49
285 177
77 46
242 175
132 12
213 92
238 149
252 51
296 9
261 209
183 43
280 125
249 29
218 49
212 66
184 122
286 170
142 97
164 2
102 26
262 91
294 107
280 40
251 162
75 38
265 153
230 120
137 104
260 135
92 28
290 33
203 119
213 158
111 17
255 140
229 36
267 50
222 35
233 122
100 67
278 128
70 22
249 201
269 183
227 88
276 181
205 55
292 234
247 59
225 78
102 11
171 64
154 87
291 198
198 68
128 60
241 57
216 122
251 76
210 32
110 63
180 136
124 46
295 128
256 78
198 81
112 74
273 18
291 181
282 40
242 126
227 68
225 138
264 117
251 127
178 68
168 69
256 212
227 182
271 154
177 9
160 25
174 113
100 48
197928 197861
197874 197824
197744 197692
490802 490675
881547 881268
197877 197759
149052 148966
197943 197854
490903 490676
197822 197684
197933 197881
197781 197727
124584 124506
197732 197679
148997 148922
881533 881284
197799 197665
197781 197673
112379 112260
881509 881276
124584 124477
490910 490778
148969 148894
148959 148874
197722 197659
149053 148959
148913 148829
197930 197725
197882 197686
148961 148834
112290 112234
490909 490708
881492 881266
149034 148885
881515 881297
149004 148854
197857 197797
149097 148962
112334 112249
112325 112212
112454 112374
881519 881276
112284 112211
881473 881254
112420 112375
112496 112408
112391 112267
112384 112340
490890 490693
149103 149024
112480 112362
148958 148892
112424 112376
148977 148914
197811 197685
197888 197707
295536 295429
149076 148919
295611 295331
295598 295402
295588 295469
295548 295451
295545 295453
295576 295340
295532 295330
295591 295530
295606 295462
295583 295409
490900 490711
124710 124612
490851 490742
124651 124511
490895 490763
124567 124510
295414 295319
295546 295338
295536 295452
295593 295338
490924 490683
295601 295443
197918 197730
295611 295348
124478 124430
295541 295447
124601 124492
149093 149025
295591 295440
490878 490723
490863 490743
295570 295337
197877 197805
112352 112245
148968 148912
148965 148915
149048 148933
149006 148872
148927 148853
148886 148830
124625 124536
19 7
46 18
45 27
58 37
36 24
80 60
102 78
19 15
69 55
132 106
92 75
135 114
174 147
168 142
101 86
152 130
44 38
129 112
220 192
222 195
199 176
123 109
222 197
73 65
270 241
196 175
163 146
208 188
219 199
299 273
146 134
285 263
188 174
299 277
99 92
297 278
131 124
97 92
85 81
237 226
204 195
159 152
271 262
292 284
131 128
227 222
233 228
166 163
185 182
222 219
80 79
101 100
179 178
180 179
112434 112398
124595 124557
112451 112418
124665 124631
149128 149088
112361 112331
124632 124599
124648 124616
112346 112318
112492 112465
124502 124473
197845 197803
881479 881306
112416 112395
295562 295508
148973 148947
881537 881388
148964 148939
149004 148979
1662787 1662517
490793 490714
295594 295547
1662763 1662505
881544 881408
490708 490633
881531 881397
112397 112380
1662786 1662541
490883 490813
295503 295462
1662787 1662557
490819 490752
112325 112310
881482 881370
881398 881291
1662762 1662568
881357 881259
881383 881286
1662769 1662594
490846 490795
295462 295432
881498 881412
881373 881290
490836 490790
1662706 1662551
1662725 1662571
881404 881323
881526 881447
295509 295483
490693 490650
490807 490764
1662647 1662503
197886 197869
881483 881409
295473 295449
295489 295465
1662778 1662644
3225260 3225050
149123 148872
3225289 3225038
490849 490812
3225272 3225033
1662712 1662589
881315 881251
490909 490874
1662708 1662590
3225298 3225136
1662631 1662532
881369 881317
490703 490675
1662616 1662528
124451 124445
1662597 1662519
881357 881286
3225219 3225026
3225199 3225049
881310 881270
197683 197677
250 250
124710 124712
112238 112241
