50052803
298 77
211 1
240 6
287 55
254 35
227 7
217 11
290 30
287 15
286 19
211 3
69 2
59 3
147 8
151 11
203 15
83 7
139 12
219 21
162 21
201 27
118 19
215 35
198 33
239 41
122 22
197 36
210 39
217 42
55 11
254 53
224 50
91 23
272 71
80 21
174 46
226 63
281 80
223 67
262 81
215 69
149 48
292 95
280 92
125 43
286 99
155 54
234 82
209 78
126 48
265 101
216 83
251 100
273 109
209 84
207 84
141 58
195 81
177 74
242 108
57 26
220 101
174 80
92 45
144 71
256 128
192 97
257 134
217 114
213 112
188 101
236 128
261 143
202 111
115 64
140 79
127 72
44 25
276 157
225 129
175 101
274 164
221 133
144 87
152 92
204 126
290 180
276 172
185 117
280 179
255 167
122 81
232 159
286 198
115 80
135 95
255 183
174 125
271 200
277 206
291 220
208 158
273 211
177 138
174 136
250 199
207 165
283 227
264 213
127 103
290 241
132 111
162 137
259 220
283 241
209 179
162 140
38 33
83 74
171 154
271 247
204 186
12 11
25 23
238 219
271 250
235 217
261 242
291 272
254 242
239 229
179 172
246 238
250 242
161 157
243 238
197 5
50010300 50010013
283 288
217 231
109 109
159 159
253 258
206 211
205 210
173 179
180 188
85 89
103 108
164 172
116 122
262 278
89 206
222 237
258 278
258 278
232 253
158 174
211 235
176 197
25 28
267 300
24 27
220 250
234 268
207 241
47 55
240 281
189 222
198 233
147 173
203 240
163 193
173 208
158 190
79 95
180 219
61 75
230 286
207 260
161 208
219 285
202 264
220 292
58 77
144 192
170 238
96 136
141 201
56 82
198 293
146 218
83 125
117 179
75 118
61 96
88 140
132 215
151 250
145 248
132 229
155 273
120 218
152 277
140 263
128 241
152 287
110 213
121 243
80 168
113 238
60 128
97 209
133 291
53 119
8 18
106 240
116 270
40 94
54 128
25 60
27 66
98 241
80 197
112 291
101 263
67 178
50 134
56 151
87 237
89 247
77 218
40 115
74 214
55 165
83 254
77 239
7 22
88 284
64 214
68 233
67 231
65 229
19 69
75 285
58 223
73 285
47 185
66 260
56 244
38 166
66 298
61 284
21 99
40 192
18 90
41 212
48 253
45 247
45 256
15 96
41 286
31 232
26 208
20 167
4 37
6 56
20 187
10 100
26 263
4 44
26 289
25 281
6 88
14 241
5 103
8 177
3 103
5 178
4 295
1 97
