100017498
231 22
186 20
266 106
271 81
278 82
151 26
250 91
286 51
145 2
263 134
291 25
240 114
13442 13232
298 95
155 14
2059 1808
255 1
293 159
235 41
167 26
298 127
245 72
226 39
246 34
4235 4063
240 47
209 80
288 102
2801 2656
286 38
4285 4137
230 36
4348 4215
297 32
260 117
2678 2533
213 79
130 8
277 31
149 17
103 8
145 25
97 17
137 27
153 33
130 30
143 33
61 16
167 53
94 32
164 56
83 29
118 43
173 64
195 76
96 40
209 92
121 55
149 75
122 63
148 77
199 104
151 83
273 153
289 171
15 9
299 185
143 90
104 66
152 100
240 158
106 71
94 63
143 96
199 134
65 44
137 93
229 158
238 166
235 164
214 150
25 18
271 197
220 161
283 209
289 215
142 106
160 121
39 30
149 116
136 107
289 237
259 213
262 218
225 190
271 232
204 175
262 226
148 131
277 246
264 235
201 180
48 43
186 167
216 197
198 186
240 231
2795 2711
4348 4229
120 117
231 226
2752 2695
2033 1997
7379 7259
2596 2556
4276 4214
84 83
265 262
13445 13323
4304 4265
2058 2041
154 139
13390 13313
13317 13243
7161 7125
50128 49917
50062 49859
13437 13397
13478 13438
13468 13429
25661 25589
98926 98682
98919 98737
98872 98693
25619 25577
2760 2756
196533 196355
196597 196439
50094 50054
98821 98744
391919 391646
391916 391664
196448 196336
98852 98800
2009 2008
50102 50078
98704 98657
782542 782306
25711 25704
391787 391681
391883 391799
782493 782349
391846 391774
391776 391713
1563746 1563533
1563782 1563580
782406 782331
1563713 1563584
1563615 1563504
98906 98899
1563792 1563685
1563753 1563660
782393 782347
3126183 3126001
3126270 3126089
391698 391682
782325 782295
6251253 6251073
3126184 3126097
12501231 12501002
782346 782334
3126127 3126085
3126056 3126016
6251257 6251192
12501222 12501129
25001281 25001097
196332 196382
3126051 3126030
205 209
