100007211
280 53
276 37
252 4
178 3
162 5
102 8
142 16
174 25
67 11
268 49
198 52
203 54
199 62
272 86
162 56
295 116
278 116
200 85
239 102
174 76
291 132
37 17
282 134
137 67
196 103
48 35
295 219
194 149
188 146
196 156
61 49
270 221
230 204
269 242
298 295
1195598 1195422
4125226 4125106
4125131 4125008
1781463 1781272
1195540 1195422
1195509 1195399
1781405 1781259
1781502 1781365
1781416 1781293
1390817 1390722
1390787 1390694
1390852 1390771
4125185 4125002
1781435 1781357
7250251 7250015
7250283 7250124
7250203 7250039
13500269 13500039
273 251
1390781 1390738
1195523 1195489
1390849 1390810
2562684 2562631
2562781 2562735
2562748 2562708
7250193 7250082
1195497 1195481
4125199 4125144
1195595 1195439
1195376 1195314
1781549 1781529
4125085 4125041
239 239
1781342 1781330
1390740 1390739
190 192
177 185
194 203
211 226
