9690412837
265 27
202 31
111 22
52 17
286 112
98 42
129 57
278 130
132 83
168 106
272 4
274 181
282 190
151 103
148 102
261 202
295 243
144 123
291 250
119 104
176 157
78 73
267 262
312600226 312600006
312600295 312600085
312600263 312600116
625100264 625100002
625100267 625100105
207 131
312600177 312600069
312600161 312600085
312600181 312600119
312600206 312600151
312600190 312600148
312600069 312600047
312600116 312600097
312600091 312600078
312600040 312600077
312600285 312600283
312600161 312600163
312600116 312600123
312600132 312600158
265 297
41 239
312600184 312600237
312600119 312600204
312600083 312600202
312600116 312600248
312600093 312600228
312600126 312600293
312600073 312600240
312600093 312600298
312600057 312600280
312600011 312600259
312600010 312600275
251 252
186 189
245 286
232 275
72 86
183 224
142 174
194 245
225 292
212 296
20 31
134 212
164 269
92 153
127 224
100 191
136 271
106 213
55 112
99 219
89 209
110 273
72 179
82 216
53 215
17 69
53 268
32 170
51 273
31 178
42 243
12 103
13 143
8 130
