50124757
190 86
170 2
185 82
182 79
181 6
181 75
181 9
180 66
194 64
154 11
142 11
182 16
150 48
128 13
195 61
189 49
148 18
171 21
186 24
149 38
157 21
198 50
190 43
135 21
137 23
154 27
143 32
143 28
44 1
85 2
100 4
69 4
103 6
90 8
46 5
62 7
60 8
99 14
101 15
96 18
106 20
126 27
23 6
60 16
47 13
139 39
103 29
96 28
81 30
153 60
104 41
160 64
99 40
116 47
165 68
163 68
99 42
127 55
92 41
112 50
174 78
143 66
143 66
174 81
166 78
102 2
112 58
174 91
200 105
62 33
127 68
82 45
141 78
182 101
9 5
144 81
123 70
118 68
130 75
179 105
95 56
198 118
156 93
55 34
198 123
175 110
154 97
200 126
141 91
113 73
133 87
128 85
180 124
200 141
129 95
174 132
130 99
187 143
68 52
111 85
181 139
87 68
197 154
127 105
139 115
197 164
115 96
150 127
192 163
197 168
175 150
158 139
129 114
136 124
103 94
181 166
148 139
133 125
145 137
96 91
180 174
186 179
83 81
157 154
196 100
50100200 50100010
183 198
16 16
55 55
151 151
93 179
89 90
57 58
111 114
139 143
121 125
63 66
145 153
161 171
148 159
113 122
157 171
172 188
32 35
160 180
113 128
137 156
72 82
151 175
172 200
77 91
87 104
80 98
67 85
89 113
141 188
29 39
126 171
65 91
119 168
55 79
100 144
124 183
135 200
47 70
16 24
93 141
61 94
96 159
94 156
110 185
96 166
12 21
101 181
94 172
103 193
25 92
83 160
98 193
89 179
61 126
37 77
57 119
58 127
72 159
60 133
54 122
54 125
78 184
55 133
9 23
42 109
68 184
69 188
15 41
47 129
47 129
65 183
20 57
60 176
48 142
30 89
55 170
29 91
63 200
42 134
52 167
44 145
51 170
40 134
53 187
39 144
34 135
44 188
26 112
27 125
12 61
16 82
29 149
30 156
18 113
9 57
15 110
22 168
1 8
17 138
10 85
20 176
7 66
11 111
13 147
9 105
13 160
7 105
13 196
9 140
8 132
8 140
8 154
4 85
1 95
