100025021
215 12
232 33
215 40
249 21
199 6
249 12
273 45
111 6
100 7
272 35
237 3
176 16
233 21
211 37
48 6
183 22
100 7
137 27
265 9
262 16
170 8
187 18
242 19
294 51
253 12
55 10
133 22
149 25
141 28
249 51
162 34
261 57
273 61
250 59
286 69
217 55
218 56
216 56
246 66
152 41
298 87
297 89
206 62
263 81
170 53
279 90
73 24
224 75
274 93
219 76
183 64
110 39
298 106
288 104
232 84
245 90
299 110
273 103
53 20
257 97
164 62
185 71
166 64
283 111
197 78
248 99
222 95
260 112
272 122
299 138
173 80
253 117
220 102
130 61
228 111
152 75
229 113
151 75
276 141
172 88
157 82
266 143
166 90
119 65
193 107
198 110
215 121
298 168
279 158
220 125
216 123
210 121
215 125
243 145
88 53
251 153
235 144
44 27
241 148
96 59
146 90
156 101
209 137
96 63
156 103
188 125
290 195
247 168
247 169
243 167
148 103
292 204
294 207
298 211
192 136
238 169
46 33
171 123
225 162
253 184
162 124
224 172
261 201
222 171
230 179
181 143
235 187
262 217
211 175
791520 791332
263 29
791460 791256
791517 791288
791541 791260
400819 400658
400922 400730
400871 400672
400900 400683
205545 205419
400896 400644
205572 205421
205565 205406
205528 205342
205543 205323
205608 205363
3135266 3135063
3135244 3135027
3135293 3135024
1572719 1572574
1572668 1572502
1572745 1572548
1572795 1572529
6260284 6260001
286 241
285 242
174 148
208 177
183 157
268 230
150 129
288 248
188 164
282 248
150 132
119 105
217 192
115 104
174 158
172 157
225 207
246 228
117 109
205544 205439
205509 205416
205410 205320
205504 205421
205481 205413
205570 205509
205416 205357
400748 400643
400826 400734
205480 205433
400921 400836
205515 205475
400769 400704
791368 791254
400797 400743
205360 205334
791393 791295
791475 791394
400685 400645
791395 791316
791523 791449
205352 205335
400783 400750
400804 400771
400658 400627
1572667 1572549
791441 791388
400834 400810
3135284 3135110
1572694 1572608
205400 205389
3135296 3135139
3135215 3135082
3135207 3135077
6260213 6260002
200 166
6260224 6260029
1572665 1572609
1572681 1572630
3135253 3135157
3135283 3135194
6260293 6260121
3135243 3135119
3135225 3135138
791379 791358
3135101 3135021
791300 791285
791299 791279
205361 205356
205503 205498
1572694 1572662
791464 791450
1572548 1572535
400779 400783
43 45
