556802
262 4
299 6
282 8
167 6
296 11
184 7
288 11
203 8
153 7
271 15
258 15
197 12
281 22
112 9
246 20
232 21
183 17
204 19
277 31
141 16
233 27
197 25
180 23
164 21
187 24
205 27
184 27
281 42
190 30
176 31
278 49
299 59
293 60
161 33
291 64
280 64
265 63
287 71
254 63
272 68
222 56
268 71
223 60
286 79
196 60
275 85
164 51
106 33
249 78
257 82
294 100
140 48
253 89
298 109
257 96
229 90
255 102
37 15
37 15
268 111
223 93
199 83
288 123
275 118
41 18
298 132
213 96
152 69
142 68
292 140
261 127
87 43
225 112
126 64
174 92
260 139
198 106
172 93
180 98
162 89
31 18
270 159
182 108
208 125
100 61
284 174
198 122
205 127
220 138
274 172
262 165
206 130
292 185
115 74
245 158
285 184
102 66
115 78
178 121
44 30
93 65
119 85
162 116
243 174
197 145
131 99
272 216
281 229
236 193
39 32
201 167
224 188
145 122
136 115
294 249
161 139
69 60
278 243
241 211
73 64
158 139
293 262
166 151
204 186
251 229
119 109
87 80
200 185
277 257
159 148
104 97
135 127
194 183
194 188
215 211
245 238
212 211
206 4
510300 510250
280 285
268 268
211 256
239 240
190 191
169 170
279 282
75 77
98 101
211 218
239 250
274 287
235 251
84 92
156 172
240 265
252 279
184 204
184 204
266 299
248 280
194 220
249 287
156 181
179 209
182 213
134 157
160 188
246 290
49 58
233 277
248 297
211 254
89 204
50 61
143 176
242 299
210 263
96 121
134 169
205 262
227 291
178 229
100 132
110 147
205 274
212 285
124 169
189 261
176 248
174 252
177 257
119 174
198 290
115 171
123 183
116 175
140 212
122 185
161 247
91 141
159 247
108 168
91 145
173 279
83 134
94 154
179 294
165 278
116 197
37 63
15 26
167 290
97 172
130 234
130 236
67 122
130 237
60 111
156 290
145 271
115 217
136 257
104 199
91 175
101 195
116 224
130 252
107 209
108 217
38 79
125 260
107 226
128 276
127 277
93 209
71 160
114 260
10 23
90 209
63 147
126 294
43 101
109 258
40 95
84 200
121 299
83 207
114 292
92 239
99 258
89 233
90 236
57 156
47 129
90 253
88 252
31 89
68 196
28 81
72 209
95 293
58 186
87 295
79 272
43 150
83 299
41 159
67 278
28 119
23 99
63 285
59 270
53 250
23 113
57 282
7 35
32 161
40 203
17 97
47 286
48 293
35 219
36 253
29 207
16 115
16 115
39 292
39 295
28 238
11 94
29 250
21 188
25 249
16 226
19 282
18 271
15 263
16 292
10 219
11 258
2 214
