9937519652
215 5
230 6
286 9
125 7
288 18
300 32
129 14
63 7
194 24
235 30
290 40
241 34
198 38
114 22
184 37
262 61
261 62
235 73
163 51
69 22
289 106
196 72
179 72
174 70
189 81
192 92
259 138
209 113
233 126
178 97
256 142
218 122
207 123
67 40
121 77
130 83
227 145
108 71
283 188
182 130
246 182
105 78
238 197
291 242
233 197
219 189
90 78
178 160
117 3
210 191
284 260
289 265
233 219
151 145
229 221
287 283
159 143
1625000300 1625000058
291 292
1312500300 1312500123
3500000289 3500000031
3500000286 3500000230
102 102
109 258
87 91
68 74
175 192
239 264
37 41
250 285
184 210
182 208
120 138
211 244
180 211
233 274
184 222
179 216
128 156
209 255
199 245
209 258
25 31
199 248
188 243
123 163
111 149
73 99
209 292
126 179
193 276
21 32
70 108
147 244
49 83
121 217
147 268
133 244
102 188
121 262
88 196
56 126
101 233
77 209
75 226
95 290
94 288
83 279
60 206
81 288
55 249
33 153
55 269
52 275
47 249
41 278
32 263
23 203
29 261
13 118
2 44
9 263
3 114
1 115
