100023505
270 2
170 3
42 1
254 7
173 5
201 6
251 8
146 6
112 5
192 11
206 12
300 18
270 18
282 20
97 8
217 20
291 28
269 27
151 33
244 30
162 22
260 36
226 32
136 20
266 43
154 25
176 29
185 33
172 33
227 45
172 35
145 34
112 27
181 44
280 69
281 70
176 44
126 32
278 74
104 29
249 70
192 54
232 67
255 74
235 69
247 73
246 77
158 51
113 37
291 97
267 90
193 67
288 100
288 100
271 95
190 67
208 75
293 110
299 119
261 104
203 89
283 129
174 81
184 86
208 100
248 121
254 125
140 69
104 53
203 104
286 150
295 155
28 15
149 80
162 87
282 152
164 91
124 72
242 142
240 143
258 154
120 74
212 132
297 198
263 176
244 167
141 100
294 218
150 112
162 123
282 218
60 47
68 54
175 139
234 186
232 185
213 170
121 97
202 162
285 235
280 231
208 172
288 243
246 211
176 152
262 230
188 166
145 129
274 245
286 256
141 128
213 198
211 197
219 207
82 79
280 272
246 239
282 276
259 255
144 142
289 285
233 231
251 250
205583 205314
205586 205342
205604 205406
205519 205323
205539 205354
205572 205387
205602 205436
205586 205441
400916 400654
400894 400638
205468 205338
400913 400677
205544 205436
205476 205370
205496 205396
205476 205381
205571 205484
400820 400660
205586 205505
205498 205419
400903 400765
205569 205500
791538 791304
205457 205399
791479 791256
205448 205393
791455 791260
791506 791326
205422 205376
791496 791326
400727 400643
791464 791311
400883 400812
791433 791303
1572798 1572549
1572751 1572514
791439 791325
400895 400840
3135213 3135036
3135294 3135105
3135260 3135052
1572697 1572587
3135297 3135075
791409 791325
791441 791358
791539 791458
791515 791436
791527 791453
791425 791353
3135290 3135057
3135247 3135005
6260259 6260040
3135227 3135091
400793 400740
400678 400627
400894 400844
400663 400627
400816 400782
791526 791459
400764 400733
791544 791484
791311 791264
1572661 1572576
1572678 1572608
1572773 1572710
3135169 3135049
1572731 1572673
3135275 3135163
1572614 1572559
1572767 1572712
3135136 3135031
3135223 3135125
3135229 3135141
270 32
6260230 6260019
6260267 6260100
6260297 6260137
235 235
278 279
259 260
90 91
199 205
128 134
260 280
273 296
