99386699
168 2
261 12
112 7
250 23
160 15
247 24
35 4
85 10
290 37
119 17
232 34
119 1
276 53
65 13
280 82
107 39
253 94
136 51
241 93
31 12
31 13
181 82
240 112
194 92
279 142
277 154
185 116
164 108
77 51
179 121
68 47
128 93
223 178
59 48
264 226
206 183
259 231
82 78
262 254
267 42
16250295 16250196
237 288
35000294 35000029
35000287 35000024
13125262 13125199
216 257
16 256
85 89
205 243
200 253
190 241
171 218
128 178
164 229
108 151
42 59
177 252
178 279
136 228
119 229
122 251
108 225
82 175
128 288
81 194
52 148
66 221
42 146
64 245
64 250
21 94
57 271
45 249
18 110
22 137
4 30
35 266
25 263
10 116
16 216
11 197
9 263
9 283
6 242
