1018228
300 165
289 2
229 2
265 4
159 3
271 7
176 5
300 10
255 9
150 6
169 7
227 11
100 6
214 14
89 6
297 22
268 22
160 14
288 26
168 17
197 20
18 2
81 10
140 18
247 32
204 27
189 27
226 35
140 23
103 17
202 34
69 14
234 49
248 52
192 42
197 47
295 81
138 39
204 58
243 70
245 71
295 87
65 20
189 59
252 84
42 14
183 61
280 94
112 39
176 62
218 77
296 105
118 42
188 67
295 106
106 39
191 72
266 103
279 109
269 107
195 79
242 99
257 106
263 113
86 37
145 65
91 41
180 85
90 44
84 42
190 95
193 97
184 94
263 135
81 42
86 45
75 41
249 142
200 115
251 146
242 142
262 156
118 71
217 131
122 76
284 179
152 99
135 88
271 177
29 19
195 128
294 193
196 129
120 80
220 147
232 157
248 168
131 90
132 93
183 129
262 186
100 71
142 101
31648 31387
31618 31353
31630 31392
31600 31361
31588 31351
31614 31361
241 172
166 122
148 109
84 62
198 147
165 124
281 213
278 211
214 164
266 207
233 183
220 173
244 195
237 191
268 218
149 122
235 193
87 72
189 157
246 210
204 175
64 55
53 46
92 80
268 236
168 148
165 146
261 231
66 59
257 230
253 227
166 149
211 190
153 138
164 149
198 181
267 245
269 248
135 129
205 196
262 251
31611 31418
296 1
31557 31353
31610 31402
31584 31374
197 189
252 242
228 220
145 140
214 207
86 84
294 289
273 270
251 249
31581 31398
31532 31354
31587 31411
31623 31448
31523 31351
31534 31369
31603 31441
31648 31489
31634 31476
31549 31392
31600 31446
31628 31474
31581 31435
31616 31474
31551 31414
31614 31477
31567 31436
243 242
31634 31505
241 231
31553 31426
278 291
31634 31520
31642 31541
92 92
266 280
264 290
132 133
117 120
36 37
260 268
205 215
174 184
250 266
211 231
136 149
247 271
154 170
188 208
206 234
194 224
163 189
246 287
175 205
104 123
222 265
189 226
190 228
75 93
150 187
223 279
124 156
174 220
232 297
147 189
225 290
203 263
115 149
125 163
223 291
190 248
214 282
107 141
173 232
201 273
100 136
158 215
174 247
75 107
179 261
