100037733
195603 195499
158 22
255 8
122 5
281 16
224 19
288 29
237 27
171 21
195 25
268 35
390846 390637
269 36
281 42
207 33
139 24
195525 195419
205 64
195458 195352
237 85
239 88
295 114
205 84
210 92
246 108
232 107
207 99
225 113
390876 390657
390894 390674
390852 390631
267 149
390864 390634
195611 195495
284 168
195588 195472
195574 195457
195452 195331
390871 390629
195554 195429
195459 195334
195557 195406
195569 195417
195574 195421
195576 195415
195514 195337
97911 97813
195539 195343
97769 97669
195528 195321
97826 97721
195579 195364
97849 97741
195587 195369
97911 97798
97871 97758
97927 97813
195587 195359
97879 97764
97918 97795
97895 97751
12436 12208
12435 12232
12467 12282
12411 12235
12447 12277
12376 12225
12392 12244
12392 12244
24710 24415
195602 195314
12454 12318
12372 12246
12348 12227
12497 12377
24699 24475
24699 24477
12364 12254
24663 24446
12450 12351
12467 12368
12487 12389
24696 24505
24610 24435
97923 97774
24652 24482
24658 24490
97833 97683
24602 24453
97898 97745
24614 24471
49115 48840
97862 97707
97883 97725
97941 97781
97868 97703
24613 24484
49106 48849
24711 24582
97921 97745
97939 97760
49126 48879
24710 24586
97899 97705
49068 48842
24598 24486
24552 24442
49108 48890
24581 24472
49113 48896
49076 48860
97917 97714
97889 97679
49128 48927
49045 48845
24533 24434
97891 97662
48981 48865
49011 48831
48971 48852
49062 48942
49032 48911
97926 97679
48991 48867
49070 48911
49099 48971
97944 97688
49086 48938
49015 48876
781502 781277
390907 390749
781490 781265
390810 390697
781545 781308
390780 390646
1562776 1562591
195462 195360
390844 390642
1562712 1562513
1562750 1562517
781476 781324
781534 781368
390859 390684
781468 781286
781547 781347
781509 781301
390827 390659
781506 781296
38 5
107 25
83 26
118 60
115 62
192 105
203 117
112 66
135 81
204 124
136 90
141 97
165 120
250 183
195 145
244 183
274 208
294 224
72 56
124 97
88 70
262 210
196 158
237 200
192 163
281 240
261 233
223 203
145 132
247 228
80 74
91 85
93 87
192 186
260 257
12406 12320
12300 12219
12468 12395
12352 12283
12280 12213
12355 12288
12442 12375
12504 12439
12418 12354
12416 12356
12315 12262
12323 12271
12295 12246
12307 12258
12278 12234
12287 12243
12391 12347
12434 12391
24657 24577
24581 24502
24504 24429
12449 12412
24670 24597
24694 24626
24562 24501
24644 24586
24527 24470
24713 24656
24615 24560
24520 24468
12388 12364
49053 48963
48984 48897
49094 49008
24691 24648
49119 49034
12254 12233
12419 12398
49027 48953
49034 48968
24633 24600
24647 24614
24603 24573
12321 12306
48925 48869
12302 12288
12316 12303
24633 24607
49038 48989
97806 97713
97913 97822
49070 49027
97782 97705
48988 48950
97907 97833
97756 97685
48941 48906
97733 97664
97903 97835
97797 97735
97738 97678
97851 97794
49076 49049
49089 49062
97798 97745
49117 49091
195498 195397
195456 195357
97878 97830
97728 97682
24577 24566
24637 24626
97727 97684
48865 48844
24444 24434
195600 195521
12426 12421
97864 97826
781424 781333
167 1
781360 781260
195403 195332
195588 195517
195531 195462
195561 195498
781549 781447
781518 781416
195534 195477
195476 195420
390814 390703
781451 781338
390736 390635
781445 781326
781379 781258
390851 390758
781419 781290
390841 390752
390788 390716
390701 390626
1562736 1562576
1562678 1562505
1562729 1562567
3125276 3125052
3125288 3125036
3125292 3125056
1562766 1562632
3125294 3125026
781434 781345
97786 97750
97890 97859
97868 97838
48851 48838
12334 12331
12438 12435
195362 195316
195380 195336
195403 195359
195513 195469
195375 195335
195451 195415
195531 195495
390844 390780
97859 97843
390732 390669
195411 195380
390727 390667
195598 195568
390727 390670
390722 390668
390917 390864
390795 390747
195507 195483
390856 390811
390880 390836
781411 781329
390695 390655
97861 97851
781514 781438
781544 781468
781414 781339
390762 390725
390710 390674
195420 195402
781442 781371
781403 781333
781463 781393
390703 390669
781438 781371
1562666 1562536
195511 195495
49127 49123
12485 12484
1562728 1562603
390693 390664
390781 390752
1562734 1562620
3125282 3125060
1562690 1562581
1562652 1562549
1562673 1562576
781487 781439
3125288 3125097
195495 195421
3125258 3125011
3125254 3125028
3125236 3125048
195520 195512
390871 390857
390899 390887
195531 195525
12440 12440
49127 49127
97926 97928
49046 49048
48968 48973
24692 24695
24667 24670
49062 49072
12492 12496
24680 24691
231 243
93 98
