100003021
182 3
163 3
108 2
54 1
133 3
159 5
200 7
101 4
192 8
180 9
133 7
127 9
199 15
87 7
157 13
174 17
118 13
126 14
191 22
76 9
192 23
98 12
179 24
59 8
163 23
142 21
71 11
131 21
160 26
167 28
108 19
33 6
82 16
91 18
108 22
98 22
155 37
187 47
167 42
182 49
196 2
56 17
131 40
197 61
106 34
52 17
116 38
179 60
144 49
183 63
176 61
107 41
199 80
150 61
113 51
48 22
198 91
28 13
128 60
194 92
112 54
56 28
60 30
131 66
123 65
162 86
110 62
160 91
97 56
189 113
92 56
195 119
192 119
121 75
58 38
131 86
120 79
129 88
149 103
23 16
99 70
91 65
175 126
164 120
196 144
49 36
108 80
58 43
43 32
180 135
124 93
111 84
92 72
162 127
102 80
57 45
82 66
88 71
170 138
193 158
196 162
156 132
150 127
183 156
173 148
51 44
73 20
71 64
194 179
39 36
43 40
188 176
196 187
136 131
173 170
61 60
3225181 3225003
3225195 3225022
3225181 3225019
3225186 3225030
3225196 3225050
3225163 3225019
3225187 3225048
3225172 3225035
3225185 3225054
3225198 3225075
3225166 3225046
3225149 3225038
3225182 3225072
3225195 3225088
3225195 3225090
98 87
3225149 3225065
3225199 3225115
3225185 3225126
178 200
3225166 3225088
3225167 3225111
3225181 3225142
3225157 3225126
3225145 3225121
3225168 3225160
3225148 3225155
166 166
72 72
3225188 3225189
3225145 3225148
3225143 3225146
3225156 3225170
3225177 3225199
3225174 3225198
82 155
152 153
142 144
168 171
163 168
89 93
108 113
145 161
25 28
170 193
86 99
162 188
68 80
92 110
146 177
126 154
160 196
71 88
160 199
47 59
92 118
74 95
28 36
111 143
95 123
61 79
139 183
129 170
94 125
80 108
31 42
54 74
78 107
115 165
131 190
99 146
106 159
40 61
43 67
104 163
36 57
70 112
90 149
64 106
112 188
75 127
43 74
32 56
48 85
61 109
80 144
57 106
54 102
93 177
78 150
62 120
26 51
65 128
86 173
17 35
40 84
24 51
21 46
74 170
75 180
40 99
66 164
42 107
62 160
71 184
57 149
62 163
34 90
42 115
70 198
68 194
52 152
45 132
54 161
9 27
52 163
35 114
52 174
46 156
43 146
24 86
54 195
14 52
29 113
10 40
49 198
46 186
28 114
31 127
33 138
32 134
13 57
6 34
20 115
30 187
28 184
28 190
17 117
22 165
12 103
13 128
13 147
11 133
3 43
6 92
8 154
6 122
6 144
5 167
4 162
3 147
2 172
