50118168
289 153
173 3
256 9
87 4
101 5
185 10
47 3
224 17
293 27
143 19
177 24
297 49
248 41
293 51
275 62
163 37
236 56
220 53
138 34
150 45
211 69
266 93
169 70
118 54
296 138
254 120
120 57
217 111
214 110
268 138
256 135
179 115
278 156
280 160
285 172
295 180
110 69
181 123
231 160
264 185
275 196
200 144
221 169
242 191
87 69
247 203
290 245
108 93
166 143
147 143
155 152
118 116
213 210
291 290
264 3
50100300 50100293
232 253
146 148
92 95
140 145
113 118
152 166
53 58
221 242
227 255
156 177
231 270
85 106
74 96
200 278
203 283
121 170
99 143
181 266
202 299
41 61
65 99
187 293
109 176
171 288
93 158
124 218
163 290
123 219
47 84
132 241
119 221
129 241
122 236
32 62
97 195
117 236
122 247
30 61
116 246
56 121
66 172
109 298
65 183
78 227
88 264
57 177
21 67
68 221
67 219
86 294
18 64
65 235
81 297
73 278
62 254
67 297
10 47
39 190
20 98
23 127
30 192
30 277
6 191
3 210
2 212
