100026539
1785 1559
3328 3095
1756 1618
241 11
1823 1572
265 31
939 809
969 775
267 1
990 897
271 99
184 48
194 11
903 803
299 180
1056 873
916 808
243 153
963 854
138 1
256 113
293 117
296 49
232 85
178 13
134 28
290 103
200 66
226 73
181 12
278 125
181 55
194 51
215 119
158 73
138 37
217 31
205 28
192 86
220 90
260 5
200 28
220 131
111 22
260 45
263 177
112 9
141 36
200 105
106 14
99 17
153 29
233 108
217 94
233 103
288 55
140 49
234 135
244 25
272 188
193 107
144 50
124 19
123 19
241 114
128 23
131 7
167 79
256 128
287 146
267 37
227 137
141 52
183 76
225 124
212 106
168 76
279 35
279 154
98 34
122 56
136 64
29 14
49 25
150 78
35 20
165 95
83 48
161 95
110 65
145 86
161 99
175 110
183 116
150 97
130 85
41 28
213 147
193 134
114 80
187 135
183 133
203 148
230 171
102 77
243 185
183 141
244 193
300 240
190 154
252 205
296 242
285 234
222 183
248 207
144 121
188 158
184 155
281 241
75 65
193 170
96 85
263 234
244 219
257 234
35 32
167 155
257 240
917 860
1782 1673
264 249
1670 1586
122 116
208 198
280 267
243 232
268 256
1787 1707
227 217
3196 3067
3189 3065
259 249
6365 6123
6370 6132
244 236
1623 1574
195493 195368
273 53
3228 3137
3273 3186
6259 6107
195588 195430
6377 6226
6294 6160
6250 6130
3301 3241
3258 3200
48928 48884
3094 3053
3342 3299
3255 3217
195576 195377
12359 12229
12503 12384
24690 24459
6293 6236
12438 12331
6241 6191
24646 24455
24635 24449
6304 6263
24653 24500
12481 12409
49072 48870
24664 24563
12430 12383
24711 24621
12497 12452
24683 24595
49123 48951
97879 97763
49013 48860
12462 12424
195597 195349
24552 24486
97834 97672
49060 48931
97930 97691
97891 97668
24531 24482
97919 97736
97955 97776
24675 24631
97849 97680
48972 48889
97822 97660
3125229 3125089
3125161 3125028
6250292 6250117
6250234 6250085
1562715 1562598
3125228 3125010
781435 781387
3125286 3125106
1562733 1562643
3125268 3125094
1562630 1562553
1562623 1562549
3125248 3125008
97721 97676
195448 195358
390912 390736
195605 195517
195418 195337
195491 195416
390900 390753
195417 195351
1562737 1562601
390866 390747
390862 390747
781527 781300
390743 390636
390876 390779
781445 781269
781540 781387
781524 781376
390868 390799
1562755 1562611
390821 390761
390815 390759
781532 781424
390754 390709
1562710 1562545
1562666 1562506
1562750 1562606
3125173 3125030
993 969
1791 1765
891 881
6127 6106
12395 12360
6384 6367
24464 24430
24588 24564
24690 24670
24478 24461
49014 48987
97714 97683
97825 97808
390843 390808
12229 12228
1562604 1562556
1562547 1562501
1562701 1562661
1562641 1562602
3125159 3125091
3125251 3125184
3125148 3125083
3125064 3125003
6250266 6250160
1687 1639
6250193 6250077
6250170 6250070
195585 195583
12387 12387
781415 781419
195606 195609
48927 48931
24417 24420
48850 48865
161 162
239 244
