1008578
290 83
245 62
266 84
339 105
274 37
75 10
171 22
237 5
108 38
247 64
139 6
276 41
245 68
172 61
256 92
151 55
160 60
276 112
219 93
291 127
74 33
275 128
99 47
234 118
144 74
164 87
36 20
121 69
255 147
518 327
276 183
272 184
299 205
226 159
148 106
315 227
123 91
298 221
519 385
175 130
243 184
280 215
290 223
291 225
283 227
477 385
222 184
184 153
284 238
645 556
339 295
530 467
297 262
1274 1128
205 182
1255 1118
2261 2032
1228 1120
291 272
148 139
635 599
317 302
4097 3947
2263 2194
8117 7908
2218 2139
4057 3953
415 406
277 271
8100 7969
15776 15652
15873 15751
31553 31331
31431 31307
62720 62567
62769 62635
1161 1159
62643 62590
31379 31354
31386 31362
62547 62513
15840 15833
265 39
250280 250069
125172 125110
15838 15834
125073 125043
156 156
15657 15680
283 293
138 145
107 113
