1004638
34 1
92 1
94 3
25 1
96 4
87 4
94 5
75 4
35 2
94 6
91 8
26 3
100 12
32 4
8 1
78 10
93 12
62 9
84 13
40 7
57 11
98 19
73 15
71 15
47 10
23 5
53 12
46 11
29 7
97 25
81 23
7 2
70 20
94 27
37 11
88 27
39 12
45 14
38 12
56 18
82 27
33 11
95 33
90 32
39 14
33 12
76 28
67 25
91 35
77 30
55 22
22 9
38 16
64 27
26 11
56 24
91 39
100 44
85 39
100 46
65 30
45 22
71 35
62 31
100 50
94 48
84 43
100 53
87 47
95 52
56 33
64 38
88 53
33 20
51 31
44 27
85 53
41 27
68 46
19 13
90 62
39 27
44 31
34 24
94 67
70 50
18 13
70 51
74 57
41 32
100 79
98 78
96 77
53 43
99 81
44 36
61 51
89 75
107906 107815
102044 101961
81 71
94 84
72 65
86 78
91 83
57 52
72 66
51 47
77 73
71 69
86 85
87 86
107902 107819
115714 115626
107897 107815
115711 115626
96 1
103992 103922
104006 103936
94 95
131341 131254
77 77
82 82
83 84
74 75
50 51
67 69
80 83
87 94
16 18
19 22
