5000044456
296 72
283 49
299 14
245 13
261 35
244 30
254 26
236 18
75 3
90 5
31 2
192 13
190 15
125 17
104 17
120 20
220 37
134 23
231 41
210 38
105 20
214 45
174 42
49 12
181 45
258 69
217 59
83 23
169 47
63 19
205 62
165 50
125 38
82 26
279 90
262 85
117 39
193 65
102 35
290 101
254 94
219 82
273 103
300 114
201 78
249 97
153 60
198 78
53 21
291 116
204 82
258 107
274 114
197 84
265 113
143 61
247 106
195 84
294 128
110 48
135 61
298 137
116 54
237 115
251 124
248 123
189 95
251 127
51 27
189 101
273 146
184 101
286 158
103 57
277 154
56 32
33 19
299 177
278 166
235 3
294 177
295 179
189 116
276 171
110 69
234 149
170 109
191 124
207 137
107 71
78 52
266 178
160 108
291 199
165 113
51 35
83 57
275 190
234 163
266 186
133 93
84 59
280 197
285 201
102 72
196 139
177 126
230 167
118 87
213 158
299 222
148 110
194 145
289 221
168 132
147 116
299 240
244 196
267 216
190 154
128 104
165 135
193 159
257 215
271 228
105 89
184 157
144 123
289 247
271 233
189 164
205 181
292 260
211 191
50 46
263 243
185 171
181 169
238 223
152 144
274 260
276 266
227 222
224 223
276 166
5000000300 5000000152
277 300
229 275
199 200
191 193
103 106
212 219
181 188
204 213
239 250
273 288
276 294
195 209
211 228
199 216
212 231
195 214
247 272
269 299
266 300
158 179
110 125
196 225
219 252
235 271
236 273
143 170
95 266
226 272
94 114
68 83
96 118
147 181
193 247
185 237
227 293
121 159
212 279
219 290
210 280
55 74
187 253
156 221
57 81
205 294
95 138
179 263
128 193
150 229
138 217
178 286
38 62
171 279
161 268
135 235
143 249
128 224
55 97
164 291
111 198
66 118
89 160
132 239
120 218
148 270
125 230
129 245
52 100
119 232
63 123
91 178
81 161
51 103
136 275
130 265
101 210
70 157
102 230
131 296
95 215
15 34
113 259
70 162
92 217
25 59
18 44
74 193
76 204
74 199
69 186
94 255
94 261
68 203
39 118
45 138
49 158
85 277
91 300
87 292
27 91
58 197
77 265
65 224
6 21
69 242
61 220
74 274
26 97
70 269
17 68
36 157
53 237
55 249
12 55
60 276
43 198
41 191
37 176
52 253
55 269
34 171
33 166
57 297
34 185
12 66
46 263
45 259
28 162
28 163
7 41
45 272
48 296
35 223
34 223
44 292
25 188
27 236
29 266
23 211
31 299
25 254
22 225
8 88
19 219
18 217
17 234
16 243
17 275
14 300
7 169
7 209
3 109
7 287
6 280
3 208
2 165
