100030677
203 87
136 49
174 56
247 117
220 78
264 38
210 38
225 50
239 17
215 59
163 2
182 10
261 62
292 18
201 1
283 76
228 94
105 17
180 90
166 47
290 69
269 117
244 49
277 7
276 91
262 15
56 10
70 4
284 17
274 11
99 32
240 33
144 7
264 112
269 96
270 126
238 109
201 31
157 58
262 55
164 81
242 101
220 67
234 30
273 4
211 79
267 52
202 30
251 25
189 82
141 39
256 1
148970 148877
149101 148992
124630 124544
200 101
264 156
175 107
217 130
212 130
257 138
242 143
240 142
296 165
133 72
100 55
241 138
124709 124629
112373 112291
112444 112361
198 125
271 200
197937 197664
258 174
149093 148932
149098 148868
197923 197666
277 200
149073 148860
295611 295326
149098 148898
295551 295328
256 160
149069 148954
249 162
112423 112300
149092 148881
149100 148956
297 218
199 127
259 177
270 198
112351 112238
149039 148854
149024 148888
149114 148942
124702 124477
124618 124433
124614 124444
112463 112251
124592 124479
112470 112238
124681 124529
124621 124480
124653 124464
124637 124538
124700 124481
112466 112325
197917 197665
124706 124539
124605 124440
124647 124500
197899 197720
112332 112246
112320 112212
112396 112254
112404 112302
112413 112257
112366 112281
112315 112236
197945 197822
295578 295357
149118 149029
295564 295346
20 2
40 13
35 13
43 22
53 28
69 42
131 84
180 121
191 134
151 108
127 91
189 136
111 80
192 139
267 199
250 187
94 71
63 49
297 234
293 240
208 171
122 104
231 200
226 197
268 236
292 259
296 267
137 124
76 70
275 256
281 263
250 236
275 263
208 200
266 259
179 175
112317 112255
197857 197748
197884 197777
490891 490633
112348 112289
197948 197846
112483 112427
190 50
295524 295360
295508 295369
148922 148852
149045 148975
295538 295401
148958 148893
112493 112444
197886 197800
490903 490690
490904 490696
197773 197690
148923 148861
197793 197711
295441 295320
490893 490693
490859 490667
148982 148925
148958 148902
197849 197777
124584 124539
197820 197750
124569 124526
112417 112379
112454 112416
295447 295351
490890 490735
295404 295313
490881 490731
124514 124476
112469 112435
197866 197808
197728 197671
295451 295368
197927 197873
197791 197740
490925 490802
881509 881302
881545 881339
490904 490791
124553 124527
197698 197659
490852 490757
881520 881352
148878 148850
490765 490674
881408 881270
881477 881316
1662793 1662509
295415 295365
881549 881401
3225204 3225032
881365 881307
1662709 1662592
881386 881253
1662778 1662533
295570 295527
1662758 1662631
881479 881353
490860 490790
1662713 1662582
490792 490724
881413 881292
1662766 1662634
1662660 1662524
1662729 1662515
3225270 3225004
490741 490680
881482 881375
1662704 1662565
881505 881405
881383 881297
881512 881426
490869 490826
490886 490844
1662766 1662626
1662651 1662543
3225220 3225021
3225264 3225119
1662619 1662536
1662647 1662558
124683 124660
124666 124645
112430 112413
112434 112418
112328 112313
197714 197688
197701 197676
124476 124461
295577 295559
490774 490746
295563 295549
149029 149022
881366 881326
1662611 1662539
3225197 3225061
3225131 3225001
1662770 1662703
3225279 3225151
3225165 3225043
295540 295393
881339 881289
3225168 3225046
6350272 6350033
112289 112288
49 56
