100015356
112472 112308
112444 112337
295584 295426
295549 295351
112489 112307
112491 112317
112491 112278
295557 295321
112475 112328
112487 112257
295493 295367
241 106
262 84
295518 295331
297 136
490891 490635
299 79
490804 490676
148 6
112466 112239
490858 490736
490846 490684
490869 490695
295557 295382
269 121
263 87
197919 197738
490911 490760
267 49
193 39
124712 124516
124622 124493
293 123
278 162
197877 197715
300 90
124629 124463
149024 148858
881484 881332
171 47
149071 148953
148983 148838
881432 881282
205 82
197859 197722
881543 881366
149096 148955
1662746 1662514
149100 148951
1662778 1662587
3225225 3225022
1662734 1662544
108 15
119 18
94 34
96 36
105 43
166 73
72 36
63 32
187 98
154 81
179 104
26 16
237 148
146 93
106 71
178 121
167 117
129 94
199 147
273 212
187 149
267 222
266 230
262 229
269 237
254 224
230 203
256 226
205 189
157 146
78 75
112437 112336
112315 112223
124574 124478
124512 124418
149106 148999
148945 148846
149086 148992
149009 148920
124610 124546
149117 149049
197789 197701
149076 149010
295447 295345
295494 295402
295580 295491
149128 149093
197705 197660
197706 197662
295 105
490826 490722
490760 490670
112492 112475
197705 197677
490839 490770
295425 295384
881405 881286
881379 881265
295600 295563
881501 881394
490882 490823
490795 490742
881346 881252
881527 881440
295374 295345
490692 490654
881506 881442
1662669 1662558
490829 490799
1662697 1662597
881371 881327
3225289 3225137
3225125 3225019
3225147 3225006
3225164 3225048
3225226 3225096
3225246 3225117
3225214 3225094
6350200 6350028
881419 881381
490892 490873
881458 881424
881496 881462
1662576 1662518
881362 881335
490734 490720
490792 490778
490764 490751
3225297 3225225
3225246 3225177
12600274 12600012
490824 490716
6350155 6350007
295371 295365
1662746 1662724
490904 490914
148875 148889
202 208
