100036872
390897 390683
390848 390681
71 12
229 60
257 72
231 172
249 183
390788 390629
390902 390727
208 139
249 177
275 111
62 4
261 17
262 90
160 60
390904 390662
390920 390739
390868 390657
165 92
299 80
199 105
299 171
195486 195390
115 58
257 151
195537 195349
142 11
195536 195342
234 177
195610 195463
209 8
284 227
114 21
195580 195362
277 1
220 83
256 63
176 76
195564 195337
195489 195353
215 86
195477 195373
185 91
58 3
220 135
243 105
195592 195354
195536 195407
195527 195349
288 161
246 122
204 6
235 25
277 161
195505 195386
266 21
195580 195473
281 118
221 115
92 27
195517 195362
283 114
244 118
167 105
195481 195381
12471 12268
195546 195415
195552 195333
12319 12225
12427 12280
12298 12232
12464 12349
12462 12277
195522 195412
12389 12287
195484 195316
195550 195430
195467 195363
195607 195453
97816 97687
12424 12258
12486 12211
12428 12225
12324 12236
12420 12227
97918 97747
12454 12229
97939 97790
12336 12238
12388 12257
12449 12340
12266 12209
12438 12319
12474 12232
97791 97734
12423 12338
97917 97818
12458 12393
97861 97749
12477 12392
97732 97658
12477 12367
12303 12211
97913 97773
97782 97667
24543 24444
24551 24435
97903 97831
24645 24544
24686 24611
97938 97679
24674 24617
24712 24552
97731 97659
24651 24518
97875 97740
24695 24512
97811 97704
97880 97666
24544 24476
24690 24515
24714 24584
97936 97855
24591 24513
97868 97702
24632 24566
97907 97757
97885 97671
24691 24493
24702 24525
24665 24455
24682 24480
24575 24503
24616 24564
97950 97886
24572 24460
97930 97837
97956 97814
49015 48907
49011 48875
49101 48843
49078 48866
97791 97682
49088 48972
97850 97683
48983 48914
48946 48890
48974 48869
97792 97675
48944 48841
49047 48886
49038 48979
97889 97702
97829 97687
97916 97704
49047 48895
97955 97737
48990 48918
49083 48973
49052 48953
49024 48939
48992 48850
48999 48901
49107 48998
48945 48857
48942 48839
49091 48891
49111 48867
48941 48888
49038 48842
49107 48951
49042 48913
48954 48883
781517 781261
56 17
112 70
121 79
88 58
92 61
212 171
107 88
80 71
299 266
147 131
244 219
116 106
62 57
272 254
217 204
149 141
278 271
172 168
12262 12215
281 280
12365 12322
298 297
12346 12306
12440 12400
12449 12411
12282 12246
12248 12213
12455 12420
12246 12216
12457 12428
24560 24511
24498 24453
24496 24453
24667 24625
12494 12475
24495 24459
24582 24547
24705 24675
24465 24436
24477 24448
24451 24425
24711 24685
24621 24596
48889 48842
49039 48993
49068 49022
48997 48952
49029 48986
48917 48876
12404 12394
49042 49004
48917 48880
49007 48971
24656 24638
48952 48922
24430 24416
12366 12359
97739 97690
97911 97862
49006 48982
781418 781316
1562738 1562531
781515 781410
781449 781343
1562723 1562511
1562719 1562501
781504 781388
781496 781379
1562796 1562559
195607 195535
1562784 1562544
781535 781411
390834 390703
390783 390655
1562790 1562539
390791 390665
390894 390769
390901 390777
781473 781347
390800 390684
390880 390764
781531 781307
781391 781260
781476 781259
781496 781360
781507 781294
390836 390730
781508 781368
390877 390775
781538 781395
781550 781388
781450 781251
390801 390718
781447 781252
390809 390725
781444 781258
390743 390650
781452 781269
390721 390630
781449 781272
781427 781254
3125293 3125022
1562718 1562555
1562757 1562564
1562752 1562567
287 285
48866 48843
49012 48990
48997 48976
12281 12276
24631 24621
24671 24661
97913 97874
24648 24639
97796 97761
97836 97804
97760 97729
24427 24420
195559 195505
195429 195376
195474 195423
97707 97682
195434 195385
12280 12277
195572 195533
195388 195352
48878 48869
49041 49032
195482 195448
97758 97741
97835 97818
390735 390669
390759 390695
97848 97832
24481 24477
195355 195325
390850 390790
390729 390671
195479 195452
195546 195520
97834 97821
390815 390764
97917 97905
49051 49045
1562674 1562544
1562634 1562504
1562796 1562664
781506 781421
1562767 1562633
781445 781362
781475 781394
781374 781295
781455 781377
1562759 1562614
1562744 1562597
3125269 3125035
1562770 1562641
3125264 3125021
24663 24651
97872 97861
195419 195398
390779 390740
390885 390847
195573 195554
195449 195431
781340 781272
781407 781340
781421 781358
1562738 1562613
390844 390813
781471 781410
1562694 1562576
781415 781356
3125262 3125037
195385 195371
390923 390895
781365 781311
390698 390671
390737 390710
781514 781460
781340 781251
3125261 3125041
49107 49106
195436 195423
195515 195502
390845 390822
390742 390720
390859 390840
49102 49101
24630 24631
49009 49011
24597 24600
24571 24579
253 255
