100024233
107 1
167 4
240 10
84 4
281 14
56 3
31 2
184 13
214 19
146 13
208 19
244 146
50 7
193 28
213 31
121 20
63 11
289 52
249 55
88 20
225 54
268 69
224 58
289 79
296 82
146 41
279 79
240 76
126 40
232 75
213 71
254 87
290 103
273 99
212 77
269 101
157 62
191 76
300 126
275 120
255 112
246 111
240 110
48 22
244 121
62 31
235 118
139 70
61 31
226 122
77 42
105 59
256 144
146 85
132 81
249 158
250 159
182 116
226 145
278 179
140 91
129 84
256 168
145 96
211 142
179 121
248 168
178 122
137 97
55 39
114 83
215 158
87 64
133 98
236 175
242 183
279 212
178 136
297 229
212 170
260 222
276 236
223 191
97 84
172 150
158 138
226 198
99 88
297 272
126 119
81 77
123 119
113 110
12463 12238
12408 12220
287 283
24707 24427
24693 24422
12352 12241
24712 24518
24643 24479
12462 12381
12488 12409
24620 24467
12440 12367
24642 24501
24623 24485
12392 12335
49107 48888
49100 48884
12261 12210
24686 24591
24532 24439
24661 24570
49072 48894
49007 48847
49053 48899
24711 24634
49000 48851
24522 24448
12453 12417
12469 12435
781542 781326
48982 48853
781505 781280
97901 97665
97928 97703
390888 390774
97951 97757
97870 97688
781488 781258
390910 390786
390891 390767
390842 390694
195604 195355
390784 390629
195555 195324
97905 97790
97865 97754
390906 390750
390886 390730
195526 195328
97914 97816
97903 97806
195555 195365
390878 390697
195514 195420
390869 390645
195529 195380
195608 195471
390902 390649
781509 781354
781462 781312
781501 781361
1562671 1562521
781415 781279
1562723 1562512
781462 781329
3125201 3125040
3125295 3125106
3125228 3125032
3125224 3125025
1562666 1562538
781524 781339
781434 781255
1562748 1562614
781438 781276
24650 24589
24628 24576
49023 48940
12313 12293
24533 24498
24654 24621
12327 12312
49064 49009
48916 48862
24520 24499
97790 97708
97857 97775
49076 49044
97868 97814
48980 48953
97853 97802
24633 24621
49054 49031
195492 195411
195497 195424
195563 195490
24708 24699
97777 97742
195475 195420
97686 97659
195511 195461
195417 195370
390902 390819
390836 390766
97715 97698
390787 390732
390838 390783
781438 781335
97842 97830
390695 390649
195457 195434
781391 781313
97786 97777
48915 48911
49060 49056
781355 781292
781327 781268
1562662 1562547
1562672 1562562
781532 781478
781321 781268
195440 195428
390833 390810
1562599 1562522
3125251 3125097
390748 390729
781402 781367
3125134 3125010
3125231 3125110
195354 195347
3125254 3125143
6250285 6250064
6250293 6250095
3125092 3125006
1562688 1562639
6250215 6250056
6250263 6250111
212 29
3125189 3125100
3125178 3125103
781304 781302
24501 24501
97929 97932
97750 97759
97795 97805
97935 97952
24599 24604
24636 24650
12373 12386
12360 12373
228 229
270 276
244 250
218 230
