1011568
29 1
260 10
106 7
94 8
61 7
237 32
29 4
151 24
181 29
118 20
109 19
187 35
288 56
272 54
134 27
165 34
24 5
185 42
258 67
274 76
260 74
161 47
129 38
300 91
261 82
289 96
228 76
178 61
244 85
110 41
277 105
236 92
164 64
135 53
183 77
223 95
285 126
103 49
140 67
257 125
255 125
214 105
25 13
228 121
299 159
146 78
56 30
297 160
296 163
161 90
42 24
279 173
256 170
224 156
210 148
147 104
219 159
242 177
210 159
248 189
274 214
237 192
300 244
258 214
243 218
39 35
196 176
291 265
144 136
249 237
259 252
32535 32256
32530 32258
32516 32316
32457 32285
32431 32264
32509 32342
32464 32300
32430 32273
32519 32362
32413 32259
32459 32311
63790 63508
259 199
32420 32285
32526 32392
32480 32349
63790 63557
63788 63562
63778 63556
32440 32295
63761 63501
63765 63547
63715 63506
63735 63535
189 193
