1018417
2194 2070
291 63
239 3
253 106
298 248
265 253
176 106
105 89
269 244
208 21
221 15
149 31
204 36
223 59
407 135
394 199
227 2
301 275
248 145
289 90
185 151
286 25
165 83
414 370
243 3
292 72
430 367
377 250
392 371
285 38
398 177
154 58
219 140
278 249
198 103
278 99
223 69
516 373
268 199
267 6
251 164
140 15
80 16
252 239
376 342
183 17
295 248
139 80
364 341
77 63
269 69
220 120
169 82
215 104
173 29
156 55
72 10
174 145
74 14
88 32
636 504
258 117
44 21
711 500
624 527
206 169
726 614
193 143
283 114
296 232
107 34
258 232
164 24
81 66
230 49
209 101
78 45
723 533
560 520
181 115
727 623
665 503
221 101
246 42
82 47
769 583
1197 1013
251 146
1077 1034
179 169
266 202
82 30
241 221
266 194
248 145
203 30
8066 7830
64 45
219 45
189 11
167 155
155 43
8075 7840
1243 1047
136 120
284 92
4139 3978
216 206
209 17
236 171
4200 3982
218 187
225 21
290 272
72 17
287 7
284 96
4115 3937
213 153
181 17
92 5
2085 1969
2196 2105
2174 2062
241 129
1185 1126
126 38
177 93
102 8
57 6
8071 7843
32 26
118 110
139 135
2169 2115
4135 4044
2084 2050
386 380
2186 2154
4159 4103
8003 7899
15846 15693
15884 15742
15904 15766
15852 15717
8105 8045
1980 1966
4045 4017
15786 15682
15922 15838
4052 4031
15879 15809
62808 62565
31445 31324
31479 31358
15860 15802
62755 62543
62760 62563
15789 15752
62665 62523
31516 31445
62673 62533
125289 125014
125308 125039
107 25
1038 990
31496 31433
62717 62592
173 180
