987989
152 1
121 4
176 9
18 1
196 15
175 15
173 15
192 20
199 22
163 23
180 26
114 17
197 31
199 32
185 30
195 34
103 19
197 45
197 45
198 1
185 45
188 48
43 11
166 44
178 48
186 52
119 34
151 45
181 54
177 59
69 24
84 38
131 60
178 82
159 79
179 91
164 87
189 102
170 99
120 70
137 80
130 76
198 122
57 36
181 118
192 126
80 53
181 123
97 66
105 72
173 124
109 81
103 78
187 44
200 169
148 128
82 72
158 145
124 114
118 109
102 96
161 154
113 111
145 143
31450 31257
31447 31265
31428 31251
31440 31263
31444 31267
31429 31261
31435 31267
31435 31278
31450 31298
31436 31300
31442 31306
175 133
31450 31284
31450 31389
161 169
31434 31318
31446 31338
31435 31330
31444 31358
31449 31364
31432 31359
31441 31387
31435 31382
31435 31382
31442 31394
31427 31387
31442 31402
31448 31409
31427 31391
31440 31408
31449 31439
31438 31431
107 107
31427 31440
158 180
17 99
76 80
52 55
42 45
115 126
126 141
113 133
129 156
14 17
61 75
62 77
38 52
131 181
106 151
119 172
123 185
93 140
128 194
19 29
110 170
100 155
99 155
11 18
87 162
53 100
58 113
79 154
10 21
75 162
91 199
84 191
53 122
65 155
37 91
43 108
65 165
48 132
67 192
35 115
33 116
44 173
40 169
35 151
20 93
39 194
23 188
13 109
15 147
15 175
14 166
2 38
6 165
