97224811
184 5
32 1
293 13
231 15
227 17
138 12
131 13
294 30
155 18
286 35
152 20
282 38
219 33
194 30
221 37
297 50
236 42
211 38
232 44
148 33
249 57
191 45
300 71
63 15
88 21
209 50
279 74
174 49
151 4
197 59
256 77
219 75
224 81
82 30
270 99
177 65
187 70
105 40
181 69
247 99
232 93
140 57
271 116
141 61
202 88
86 38
279 124
184 86
156 75
232 114
287 142
289 146
247 129
80 42
177 93
193 102
232 123
180 97
204 111
184 101
202 113
205 115
60 34
246 141
150 88
246 72
221 139
179 113
239 151
250 158
135 86
202 129
255 172
243 169
237 168
282 201
280 203
209 152
77 56
218 165
240 182
194 151
195 155
189 152
176 142
276 235
111 96
262 228
249 228
89 83
290 271
283 267
114 113
3135271 3135010
3135283 3135025
3135253 3135001
3135294 3135054
3135285 3135056
3135252 3135030
3135299 3135088
3135266 3135059
33 20
3135269 3135081
3135294 3135108
3135282 3135092
3135279 3135208
280 280
3135274 3135158
3135254 3135111
3135243 3135102
3135252 3135113
3135275 3135139
3135277 3135173
3135259 3135166
3135244 3135156
3135261 3135181
3135258 3135185
3135257 3135185
3135275 3135229
3135247 3135213
3135230 3135204
3135244 3135262
3135232 3135258
3135262 3135290
3135244 3135280
3135255 3135293
24 34
236 246
253 264
205 214
282 296
207 218
267 284
275 293
196 209
225 241
188 203
224 242
269 292
177 193
179 198
177 206
90 105
246 295
243 294
230 279
59 72
233 285
79 97
197 242
192 236
220 271
66 82
180 225
231 292
188 239
105 135
119 154
121 159
208 276
189 254
153 206
150 202
149 201
200 271
118 160
160 220
168 241
47 68
192 281
63 95
155 237
194 299
78 121
66 103
125 199
78 125
132 213
112 184
66 109
99 168
164 283
162 287
164 291
80 143
157 283
161 294
96 178
118 220
143 268
38 72
93 177
72 141
83 164
74 152
141 295
75 157
108 233
101 228
66 154
48 115
70 195
25 70
46 129
75 215
90 258
87 261
40 127
58 186
91 296
29 98
22 82
75 287
70 283
33 135
63 258
66 287
19 90
54 262
34 175
30 158
30 159
43 286
31 232
30 237
14 122
27 262
12 150
18 247
3 121
2 195
