100035689
881510 881325
881533 881265
881465 881267
881540 881288
269 45
881538 881346
881431 881254
881429 881260
490908 490742
241 2
490849 490755
234 157
160 84
490851 490762
490850 490726
198 74
186 68
490824 490700
275 165
490913 490701
217 128
490857 490658
490794 490677
202 66
490888 490706
249 14
102 32
143 37
132 1
284 71
251 16
490845 490736
490766 490652
490879 490755
490792 490666
98 16
295592 295392
295606 295508
281 198
167 43
295577 295496
295512 295395
218 135
241 25
133 20
221 18
263 175
295546 295336
227 20
112 51
295526 295451
295610 295342
295509 295387
258 71
264 170
128 44
146 14
295565 295343
178 120
270 124
129 64
205 13
226 84
155 60
298 48
295595 295439
189 31
296 226
112397 112325
112449 112383
295524 295437
278 49
112491 112257
295567 295324
112477 112218
112401 112289
112410 112291
112433 112250
112455 112211
112307 112213
112360 112280
112411 112260
228 118
295603 295501
112460 112331
112450 112249
112501 112342
112429 112338
295584 295409
112406 112213
112448 112325
112430 112285
287 48
295544 295384
284 151
296 154
295588 295488
112339 112210
112424 112339
112434 112346
112442 112325
112395 112279
300 225
124618 124552
124653 124563
295500 295323
295428 295321
124700 124505
295604 295456
295609 295382
124558 124466
197820 197704
197851 197751
124663 124451
124623 124549
197809 197738
124655 124465
124673 124535
133 2
197843 197747
124694 124625
124686 124553
124689 124520
124517 124430
256 56
150 79
124530 124421
124697 124555
279 150
124625 124532
197760 197687
190 59
124616 124544
124654 124507
272 178
124566 124475
271 50
158 4
189 110
124574 124486
124597 124497
200 58
197911 197808
197859 197687
149029 148859
246 178
269 160
149049 148923
149065 148835
149107 148857
149095 148896
197926 197787
197929 197693
268 4
149106 148960
197910 197781
149112 148913
149049 148952
233 139
149020 148851
254 73
225 15
149002 148881
255 25
149068 148944
197941 197721
148986 148867
149060 148952
157 63
197865 197795
149099 148896
197857 197669
149033 148874
197875 197761
149049 148913
148966 148850
148993 148840
149108 149029
149089 148875
197843 197681
238 28
148980 148851
296 157
197930 197674
197868 197661
881474 881325
881451 881295
881514 881367
881542 881415
1662799 1662511
1662731 1662517
1662729 1662549
1662730 1662507
1662707 1662507
1662797 1662550
881539 881383
1662791 1662563
881413 881267
1662780 1662539
43 5
55 9
43 11
74 29
57 26
35 16
111 68
81 51
141 98
140 100
191 141
119 88
70 52
220 164
105 80
185 142
230 178
115 91
195 158
102 83
287 235
283 233
177 147
36 30
168 140
293 245
192 161
205 174
160 136
118 102
106 92
300 264
196 174
234 212
151 139
236 218
159 151
265 252
291 278
208 199
188 182
112358 112302
124537 124481
149082 149018
124706 124653
148946 148883
149069 149006
149038 148977
112488 112444
112255 112213
149040 148986
149078 149028
124632 124591
197854 197797
124599 124564
124607 124574
112263 112234
149073 149037
295494 295423
197951 197906
197762 197721
295506 295445
197772 197736
149037 149010
112505 112485
112426 112407
124595 124574
112385 112367
490862 490786
490873 490800
490866 490795
295575 295533
490747 490678
148862 148846
881433 881314
881548 881431
881531 881417
490779 490716
149051 149032
112436 112422
149094 149076
124503 124488
124565 124550
490827 490769
295456 295422
881479 881380
1662743 1662571
295407 295377
295603 295574
881483 881401
148985 148972
490785 490743
197789 197773
881404 881333
1662781 1662654
245 120
3225281 3225038
3225286 3225045
3225271 3225030
3225267 3225032
3225248 3225017
490859 490824
112375 112367
295428 295408
1662789 1662683
1662610 1662506
3225288 3225094
1662672 1662572
881401 881282
3225230 3225008
3225202 3225013
124485 124478
197757 197748
