980816
97 1
49 2
136 9
51 5
168 25
191 31
148 27
140 26
175 40
183 44
159 41
60 16
137 37
185 58
170 56
155 57
178 71
162 70
166 2
107 55
25 13
94 49
33 19
60 35
49 29
99 60
144 91
145 94
50 36
41 32
46 37
151 127
47 40
80 73
190 182
80 79
144 143
31438 31269
31444 31290
31402 31261
31413 31274
31416 31280
31457 31328
31412 31286
31413 31287
31422 31302
31399 31284
31431 31317
31420 31313
31456 31350
31455 31363
31381 31292
31397 31313
31397 31314
159 75
31390 31305
31398 31316
31402 31335
31394 31320
31381 31311
31384 31314
31385 31338
31371 31331
31376 31351
31410 31411
31414 31450
31376 31395
31403 31432
31399 31440
150 189
91 93
81 85
40 42
131 141
148 161
91 100
116 128
129 156
59 72
86 106
34 44
121 167
73 106
106 154
67 102
106 173
66 116
98 177
59 110
45 87
21 41
57 126
49 109
60 138
71 169
70 172
65 168
14 37
64 176
34 95
49 141
56 168
35 125
49 192
35 155
25 148
26 192
23 194
12 111
11 121
3 171
