100023667
293 151
246 3
138 1
135 1
286 4
269 4
275 5
300 153
254 9
197 7
168 6
139 5
128 6
273 128
245 12
235 13
299 23
165 13
292 24
279 24
254 115
189 19
215 22
166 17
205 21
293 127
166 18
247 27
153 17
287 32
262 112
177 22
206 27
252 34
237 98
261 36
180 25
293 41
288 41
228 33
267 39
245 37
223 34
166 26
238 39
283 117
216 37
173 31
185 34
191 38
249 101
245 51
261 102
229 50
284 109
242 90
254 56
210 47
212 78
283 103
215 52
191 67
300 74
287 100
238 79
296 98
290 94
204 55
294 80
238 66
222 71
212 59
231 71
212 65
281 86
243 72
188 54
230 67
106 2
106 5
46 4
66 7
107 12
125 17
66 11
138 28
72 15
96 21
59 13
114 26
63 15
110 27
107 27
87 22
74 19
26 7
126 35
46 13
148 42
147 42
140 40
141 43
134 44
166 57
174 62
92 34
133 50
194 75
191 74
195 76
185 74
56 23
157 67
103 44
147 63
151 66
182 84
104 50
103 50
238 119
204 103
105 54
211 110
63 34
127 69
134 73
239 133
139 78
16 9
178 101
126 72
255 146
84 49
161 94
270 159
66 39
243 146
293 177
46 28
297 182
213 131
265 163
281 173
192 120
174 109
132 83
259 163
169 108
184 119
195 127
162 106
268 177
299 199
126 84
162 108
256 172
151 102
148 101
117 80
119 82
296 204
296 204
217 150
162 112
253 177
90 63
207 145
27 19
287 202
251 177
280 200
131 94
232 167
219 158
224 164
124 91
129 95
163 121
255 191
177 133
89 67
285 215
282 213
270 205
71 54
264 203
92 71
299 231
87 68
139 109
230 181
287 227
231 183
243 193
145 116
213 173
225 183
188 153
265 216
171 140
150 123
112 92
81 67
158 132
277 234
239 203
235 202
59 51
274 237
273 238
94 82
216 189
236 208
68 60
164 145
255 1
136 121
55 49
237 213
30 27
152 137
168 152
270 245
46 42
181 166
287 264
255 235
281 259
218 201
197 182
184 170
268 248
138 128
262 244
45 42
189 178
251 238
195 185
204 196
289 278
57 55
118 114
267 259
56 55
244 240
298 296
10781545 10781257
10781545 10781258
11562795 11562503
10781539 10781295
10781534 10781303
113 100
10195601 10195351
10390853 10390655
13125297 13125047
280 297
11562723 11562514
271 281
76 76
34 34
260 262
236 238
273 276
209 212
187 190
227 231
275 282
148 153
140 145
273 284
49 51
142 148
235 245
216 226
171 179
164 173
193 204
174 184
32 34
100 107
185 200
135 146
254 276
271 295
180 196
157 171
237 259
186 206
92 102
258 288
137 154
124 140
224 254
197 224
231 263
259 297
251 289
89 104
136 160
137 162
235 280
211 254
221 267
134 162
220 266
231 281
115 140
203 248
63 77
222 272
230 284
214 266
203 256
60 76
193 245
219 282
223 290
224 294
180 238
193 256
143 190
225 299
176 234
175 235
130 176
147 200
156 213
153 213
