1022908
195 36
272 45
157 32
295 64
227 64
205 53
239 73
223 31
289 110
267 10
295 28
230 27
246 38
173 52
48 5
210 50
253 27
243 77
116 38
218 64
158 61
169 29
285 5
149 25
267 23
197 7
275 54
264 61
150 30
222 37
189 52
153 55
272 22
204 31
197 26
4291 4118
162 82
2261 2077
149 94
144 105
2309 2114
249 179
2267 2090
2337 2133
4203 4054
2273 2112
2285 2156
4189 4038
281 254
2305 2176
2293 2125
269 144
4215 4116
68 41
172 116
260 114
4292 4026
4280 4129
261 105
4228 4106
4255 4121
134 54
4277 4150
262 216
4251 4132
4141 4047
276 206
294 152
259 228
2297 2101
8110 7938
129 87
2140 2101
2351 2136
2203 2165
4242 4132
8204 7996
8193 7926
4138 4037
130 99
204 171
2212 2146
4268 4160
2309 2245
266 209
282 130
289 176
4278 4033
8090 7914
8153 8019
8125 7916
8085 7939
4265 4164
215 180
175 90
266 182
2252 2172
299 175
199 100
4257 4085
108 57
4106 4037
4296 4071
4289 4031
4258 4030
2245 2086
2140 2071
283 202
257 172
4206 4011
299 212
4165 4040
203 80
8180 7940
4214 4135
213 150
249 131
235 93
2322 2225
222 199
15988 15762
15984 15791
4094 4034
15970 15767
15952 15770
15984 15797
8055 7940
8208 8111
8029 7933
8026 7935
8135 8047
15991 15823
8175 8048
4278 4218
4205 4153
4125 4062
4116 4052
8091 7963
29 17
170 154
158 144
177 164
269 250
106 101
154 147
197 189
207 200
128 125
162 159
2152 2117
144 142
4301 4251
4284 4236
4128 4083
4168 4125
15951 15794
8184 8111
4109 4073
31645 31377
8184 8116
244 242
15977 15851
8034 7974
31650 31414
31595 31361
4061 4032
31621 31414
2324 2309
31600 31397
15978 15877
31587 31388
15912 15812
31614 31423
31634 31444
15903 15810
31558 31378
31595 31415
8097 8051
31575 31408
15921 15838
15885 15804
15916 15835
31618 31459
75 22
15969 15885
15881 15777
8000 7916
15811 15733
