9937520097
154 11
276 22
268 31
207 26
244 36
244 49
199 40
274 56
273 60
233 61
263 77
98 30
205 65
31 10
244 79
173 58
251 89
157 6
236 85
268 100
292 126
182 79
272 121
227 116
37 19
277 145
149 79
105 60
143 83
167 99
268 161
177 111
240 152
164 104
290 186
251 166
201 134
266 181
188 129
249 172
264 184
280 197
253 182
234 169
132 106
130 107
166 137
291 242
241 214
294 263
220 201
204 187
223 206
165 157
225 216
273 263
176 170
223 219
115 114
285 102
1625000297 1625000043
282 284
1312500300 1312500179
3500000299 3500000022
3500000300 3500000158
27 146
27 28
229 238
159 166
153 163
265 283
125 136
201 224
45 51
183 208
232 266
79 91
163 191
197 231
208 244
184 216
216 265
186 233
105 133
135 173
167 223
76 103
189 266
66 95
33 49
159 238
177 274
92 146
163 269
31 53
101 219
84 186
119 265
94 211
58 139
82 203
88 251
89 256
41 135
30 101
77 261
82 286
49 172
71 257
15 55
22 81
40 148
74 274
21 92
55 265
49 274
40 233
31 246
31 257
21 207
26 285
11 187
7 285
2 185
