1005018
209 151
193 126
2021 1955
96 33
2042 1960
68 47
74 42
68 9
2052 1986
70 35
77 55
39 12
1062 1008
25 7
90 39
83 20
53 35
2008 1968
90 70
92 7
78 20
2006 1959
2018 1968
65 48
1022 981
2028 1961
1056 1033
1025 1009
2043 1960
81 35
74 13
152 127
73 5
66 47
3984 3917
67 48
1020 985
58 20
170 147
1076 1007
1069 1012
46 24
40 11
78 50
539 527
46 15
584 548
88 14
53 22
529 500
535 510
3999 3952
48 6
53 37
69 28
64 28
50 23
53 23
77 57
74 32
67 7
576 495
48 29
50 38
548 524
78 46
86 56
304 246
89 41
91 60
338 269
83 43
50 22
312 257
310 285
341 245
147 133
343 270
307 271
212 197
341 324
186 160
43 35
61 50
61 50
64 53
84 73
87 76
41 36
48 43
71 64
60 55
139 129
81 77
62 59
99 95
175 172
293 289
524 517
558 552
993 983
4002 3962
549 544
7900 7829
343 340
7896 7832
3982 3950
2009 1993
3999 3968
7891 7831
2011 1998
2035 2022
2038 2025
7860 7813
4006 3984
15722 15650
15721 15656
247 246
1967 1960
987 984
7896 7875
7895 7875
3922 3913
3915 3907
15710 15678
7854 7839
7875 7860
15654 15626
31334 31278
15688 15663
3973 3935
2040 1990
62589 62506
62585 62503
31287 31254
62574 62508
31326 31293
62569 62509
7879 7872
62561 62520
125099 125037
31344 31325
62556 62523
31322 31278
31269 31254
62560 62533
15721 15716
318 318
994 995
325 328
