1007493
198 10
69 4
117 8
101 7
167 13
112 9
149 12
115 10
108 10
156 15
140 15
126 15
130 18
109 18
138 24
199 36
145 30
190 44
122 29
143 35
103 27
133 38
169 60
177 67
190 77
172 71
166 71
66 30
68 31
155 74
169 82
118 60
72 38
195 103
114 73
169 109
185 121
85 56
163 111
188 129
193 136
191 136
152 109
142 102
93 68
199 149
134 103
199 153
189 146
199 154
192 152
148 118
185 150
48 41
174 150
37 33
30 27
190 172
86 78
32450 32258
32403 32254
32448 32302
32435 32290
32402 32271
32437 32310
32428 32303
32440 32321
32382 32266
32406 32296
32410 32304
32417 32319
63697 63519
32389 32299
32423 32333
32360 32271
32354 32272
32384 32304
32415 32336
32392 32314
32418 32340
32340 32266
63682 63544
145 43
63680 63554
63686 63560
63698 63582
