9995297096
104 7
258 84
73 33
285 150
298 169
84 52
182 56
162 120
70 54
177 154
254 221
277 242
160 150
255 252
19631541 19631350
19631468 19631287
19631511 19631343
19631484 19631325
19631488 19631344
19631532 19631390
19631480 19631340
19631459 19631322
19631437 19631305
39162759 39162512
19631509 19631386
39162795 39162562
19631461 19631366
19631369 19631284
19631492 19631408
19631445 19631363
39162790 39162628
39162762 39162627
19631317 19631252
39162700 39162572
19631349 19631286
19631319 19631263
39162765 39162655
19631448 19631395
19631328 19631278
39162785 39162686
78225202 78225027
39162706 39162619
78225274 78225118
78225222 78225075
78225287 78225145
39162664 39162593
39162569 39162501
78225278 78225156
39162747 39162686
156350276 156350046
39162763 39162707
39162777 39162722
156350234 156350022
78225262 78225160
156350194 156350006
156350227 156350043
78225191 78225099
156350279 156350096
156350253 156350072
287 212
156350257 156350080
19631521 19631501
156350209 156350061
19631326 19631308
156350175 156350053
156350150 156350059
156350161 156350071
39162622 39162577
78225155 78225086
156350093 156350005
156350268 156350193
156350256 156350247
78225244 78225216
78225163 78225140
78225166 78225145
156350123 156350083
39162786 39162777
156350177 156350143
156350083 156350056
156350148 156350123
39162691 39162685
78225024 78225019
78225193 78225193
39162507 39162507
156350165 156350170
156350081 156350086
78225028 78225032
39162657 39162660
156350242 156350254
19631404 19631406
156350218 156350237
156350121 156350140
19631418 19631421
39162673 39162734
156350130 156350160
78225133 78225154
78225159 78225185
39162758 39162772
78225205 78225234
156350191 156350255
39162520 39162537
78225228 78225268
78225046 78225090
39162747 39162770
39162618 39162641
78225096 78225152
156350165 156350286
78225015 78225084
39162552 39162587
39162669 39162706
78225036 78225111
156350080 156350231
156350128 156350287
156350120 156350285
78225194 78225279
78225114 78225200
19631300 19631323
39162689 39162735
39162715 39162762
78225164 78225261
78225049 78225149
78225046 78225154
78225086 78225197
78225008 78225122
19631379 19631408
142 264
78225021 78225145
78225017 78225147
39162623 39162692
78225047 78225189
39162656 39162728
78225111 78225261
39162627 39162708
78225022 78225184
78225093 78225266
19631360 19631405
78225064 78225244
78225003 78225185
39162703 39162799
39162638 39162735
78225104 78225299
39162656 39162761
19631451 19631506
39162541 39162652
19631399 19631455
78225043 78225268
78225017 78225286
39162564 39162713
19631398 19631473
39162613 39162788
39162614 39162794
19631306 19631397
39162595 39162790
19631391 19631489
39162575 39162787
19631333 19631456
19631383 19631508
19631324 19631449
39162518 39162785
19631346 19631492
19631330 19631490
19631387 19631549
19631339 19631512
19631281 19631491
70 73
95 102
207 241
113 135
201 285
207 298
139 214
95 151
154 253
163 271
87 145
77 133
164 289
17 30
162 289
83 157
127 244
93 204
72 231
40 199
26 135
40 265
34 229
26 188
