9980495693
81 3
79 3
67 3
75 5
26 2
75 7
83 8
82 8
78 8
19 2
66 7
46 5
42 5
50 6
83 11
60 8
79 11
56 8
53 8
46 8
63 11
91 16
74 14
81 17
81 17
99 21
32 7
53 12
88 23
74 20
97 27
75 21
81 24
20 6
58 18
87 27
63 20
31 10
76 25
57 19
97 34
70 25
86 1
66 24
99 38
49 19
98 40
96 40
45 19
94 40
49 21
53 23
55 24
100 44
43 19
73 33
90 41
60 28
70 34
84 41
91 45
83 42
59 30
39 20
60 32
48 26
90 49
42 23
20 11
45 25
70 39
77 43
32 18
94 53
76 43
95 54
51 29
38 22
31 18
32 19
85 51
60 37
77 48
43 27
39 26
93 62
47 32
99 68
98 68
66 47
56 40
81 58
90 66
49 36
70 53
80 61
93 71
43 33
96 74
92 75
49 40
96 79
95 79
84 70
55 46
31 26
76 64
83 70
92 78
70 61
86 75
40 35
97 85
84 74
88 79
49 44
51 46
36 33
98 90
50 46
63 58
55 20
48 45
94 89
69 66
33 32
50 49
61 60
19531344 19531263
19531334 19531264
19531339 19531269
19531332 19531264
19531333 19531272
19531344 19531292
19531316 19531265
19531320 19531269
19531314 19531268
19531337 19531291
19531338 19531292
39062594 39062505
39062600 39062512
19531326 19531282
19531298 19531255
19531302 19531261
39062590 39062509
19531293 19531254
39062595 39062517
39062581 39062505
19531291 19531253
19531311 19531274
39062596 39062525
39062586 39062516
39062574 39062506
19531319 19531285
39062576 39062512
39062585 39062521
19531332 19531301
19531305 19531275
39062564 39062505
39062592 39062544
19531308 19531284
78125099 78125007
19531320 19531297
19531313 19531291
78125091 78125004
39062575 39062532
39062552 39062510
19531291 19531270
39062591 39062549
51 47
19531346 19531325
39062600 39062559
39062544 39062504
19531345 19531325
78125095 78125019
39062587 39062549
78125093 78125018
39062591 39062554
78125096 78125024
39062569 39062533
39062579 39062545
39062585 39062551
19531313 19531296
39062543 39062510
39062589 39062556
39062592 39062559
78125067 78125003
39062542 39062511
78125099 78125038
39062531 39062501
39062546 39062516
19531293 19531278
39062581 39062552
78125077 78125020
78125068 78125012
78125056 78125001
78125081 78125027
39062598 39062556
19531278 19531263
39062599 39062573
78125069 78125018
78125073 78125023
78125080 78125030
39062567 39062542
156250099 156250002
78125059 78125011
78125084 78125037
78125088 78125041
39062564 39062541
78125069 78125025
39062548 39062526
39062584 39062562
19531313 19531302
19531325 19531314
19531332 19531321
78125075 78125032
39062558 39062537
156250098 156250017
78125091 78125052
39062569 39062550
39062600 39062581
39062583 39062556
78125058 78125022
78125080 78125044
78125086 78125050
19531328 19531319
19531330 19531321
156250098 156250030
78125099 78125065
156250098 156250048
39062569 39062553
39062562 39062545
39062526 39062510
19531350 19531344
19531344 19531339
78125090 78125059
19531286 19531279
19531302 19531295
19531339 19531332
78125056 78125029
78125060 78125034
78125100 78125075
39062537 39062525
19531293 19531287
39062544 39062533
78125071 78125050
39062532 39062522
78125089 78125069
39062564 39062554
39062593 39062584
78125056 78125037
39062549 39062540
78125100 78125082
39062591 39062582
39062532 39062524
19531279 19531275
19531290 19531286
39062585 39062577
19531306 19531302
39062537 39062530
39062548 39062541
19531275 19531272
39062525 39062520
39062537 39062532
78125051 78125042
78125058 78125049
19531308 19531306
19531314 19531312
19531332 19531330
39062528 39062525
19531337 19531336
39062592 39062591
39062589 39062589
48 48
47 47
8 8
39062592 39062593
78125098 78125100
39062539 39062540
78125066 78125068
19531343 19531344
19531337 19531338
78125088 78125093
39062568 39062571
78125067 78125074
78125059 78125066
19531309 19531311
19531295 19531297
19531275 19531277
78125056 78125067
19531347 19531350
19531333 19531336
78125058 78125073
39062541 39062549
19531264 19531268
78125075 78125092
78125049 78125066
39062581 39062590
78125076 78125094
78125065 78125084
78125049 78125069
39062552 39062563
78125052 78125075
19531334 19531340
78125056 78125081
78125052 78125077
78125070 78125097
78125063 78125090
19531335 19531342
78125054 78125083
39062554 39062569
78125066 78125097
19531338 19531346
19531305 19531313
19531302 19531310
78125049 78125083
39062523 39062540
78125056 78125091
19531269 19531278
39062542 39062562
19531301 19531312
39062529 39062552
78125051 78125100
39062545 39062570
19531278 19531292
39062533 39062561
19531303 19531319
19531277 19531293
19531319 19531336
39062534 39062568
19531275 19531294
19531286 19531306
19531279 19531299
39062539 39062581
39062554 39062597
39062528 39062571
39062545 39062589
39062538 39062582
19531293 19531316
19531318 19531343
19531295 19531320
19531275 19531300
19531263 19531288
39062530 39062583
19531297 19531324
39062538 39062592
39062535 39062590
19531276 19531304
39062544 39062600
19531311 19531340
19531297 19531326
19531294 19531323
19531304 19531338
19531293 19531328
19531291 19531326
19531300 19531336
19531304 19531344
44 83
19531282 19531327
19531287 19531334
19531291 19531342
19531278 19531329
19531277 19531338
19531271 19531332
19531266 19531328
19531287 19531350
19531263 19531330
19531272 19531350
87 90
91 96
52 55
16 17
57 61
93 100
47 51
86 95
61 68
61 69
59 67
65 74
53 61
19 22
63 73
54 63
59 69
11 13
75 89
5 6
24 29
61 75
76 95
43 54
39 50
24 31
73 97
54 72
34 46
21 29
21 29
42 60
65 96
32 48
4 6
27 42
12 19
23 37
44 71
56 91
43 71
52 86
45 75
17 29
41 71
34 60
30 54
33 61
53 98
40 76
21 40
39 75
42 81
48 94
46 91
50 100
33 68
27 56
45 96
26 56
22 48
22 48
19 42
17 39
11 26
25 60
32 90
33 100
19 60
25 80
15 50
14 47
22 77
22 77
26 94
27 99
26 97
24 93
5 20
15 63
10 44
17 76
14 64
3 14
7 34
10 52
10 54
2 11
4 24
14 85
10 63
13 84
13 89
8 61
12 98
10 83
8 81
4 42
7 74
7 84
5 60
8 97
6 91
6 92
5 77
5 79
6 98
5 86
3 54
3 59
2 56
2 80
1 68
