1007533
2048 1955
98 10
94 7
72 1
83 2
33 1
59 2
77 5
68 6
34 3
47 5
48 6
91 12
42 6
89 13
84 13
62 10
98 16
61 10
36 6
64 11
75 13
72 14
97 19
66 14
89 19
89 20
79 18
57 13
84 21
28 7
83 21
99 27
58 16
65 19
65 19
92 27
36 11
78 24
83 27
57 19
98 33
77 28
63 24
97 37
96 38
70 28
80 33
84 35
74 32
82 36
84 37
26 12
46 22
90 44
67 33
77 39
63 32
78 41
56 30
24 13
86 47
48 27
66 38
12 7
74 44
85 51
23 14
65 40
82 52
85 54
27 18
88 59
82 55
86 59
23 16
100 71
80 57
70 50
53 38
99 71
100 73
71 52
53 39
95 70
76 56
69 51
74 56
100 77
51 41
69 56
97 80
72 60
85 73
52 45
88 77
63 56
58 52
29 26
97 89
53 50
56 53
95 90
91 87
2050 1963
86 83
2025 1956
2040 1974
2048 1984
2013 1960
2011 1959
2026 1981
3995 3909
3995 3915
2035 1995
3993 3920
2026 1989
3999 3926
2028 1991
3995 3928
2050 2018
2042 2012
2045 2016
4001 3950
3978 3928
3986 3938
2022 1998
3982 3937
3987 3943
2013 1993
1985 1966
7901 7831
3991 3956
7901 7833
3981 3947
7891 7828
3971 3940
7900 7841
7897 7840
7876 7821
7892 7837
3945 3918
3964 3937
3987 3960
2006 1995
7875 7832
15696 15663
71 53
15691 15658
7862 7830
7847 7816
7843 7813
7854 7824
15678 15645
15715 15662
31345 31274
15701 15655
15707 15663
15701 15659
15711 15675
15677 15640
31349 31290
31333 31277
31325 31274
31341 31289
31346 31284
31329 31268
3975 3958
1968 1961
3943 3933
3956 3946
7903 7884
7907 7888
15714 15682
15676 15647
15722 15693
31345 31296
31297 31251
31299 31255
31333 31290
62593 62510
31293 31253
31297 31258
31301 31262
7867 7826
15672 15631
31306 31269
31310 31274
