50038897
290 158
201 3
164 4
209 8
153 7
205 14
182 14
283 22
276 28
165 17
254 30
292 35
138 19
281 40
295 44
294 158
264 41
269 144
254 50
111 22
205 107
274 58
151 34
273 65
280 68
290 73
228 58
205 53
220 58
203 54
290 148
247 71
251 73
298 87
271 82
267 136
240 75
258 85
211 71
161 57
286 106
151 56
171 65
164 63
212 83
150 59
276 111
286 116
254 106
277 141
219 96
212 94
252 114
239 109
253 116
229 115
278 129
249 156
267 151
299 176
261 168
262 167
13 2
87 14
24 5
67 19
62 19
58 25
110 51
140 70
118 65
196 108
154 88
74 43
226 138
197 122
203 126
111 71
244 158
164 107
199 130
182 119
109 72
217 144
235 156
125 85
199 140
225 160
289 206
107 77
134 97
255 185
255 5
251 187
255 194
184 142
257 200
100 78
218 171
257 204
253 201
235 187
193 154
176 142
205 167
217 178
197 164
54 45
224 187
181 152
249 211
143 122
254 217
185 159
271 233
293 275
153 147
237 232
220 218
132 130
295 293
200 199
84 61
50001299 50001014
270 286
216 216
108 180
239 240
37 38
141 146
199 210
114 121
79 85
207 224
207 224
233 254
264 291
203 227
25 28
228 256
125 141
220 249
102 116
137 157
162 193
150 179
138 166
195 236
91 111
236 289
204 250
72 90
237 300
151 194
83 109
196 261
146 198
140 190
168 231
178 249
109 155
72 104
87 126
203 296
159 233
161 238
178 265
161 241
163 245
114 173
139 214
151 234
139 216
107 167
185 294
157 253
39 103
124 216
86 151
166 293
139 249
161 290
88 159
72 131
97 177
59 110
20 38
99 192
144 282
33 65
95 189
126 278
97 224
52 124
81 198
104 260
111 278
89 227
41 105
108 282
108 284
36 96
59 160
92 258
87 244
43 126
90 267
88 271
82 256
26 83
77 264
76 265
61 241
65 258
14 58
33 141
59 258
25 115
35 189
12 65
44 239
46 254
36 220
39 254
37 243
6 40
36 273
28 223
23 210
28 261
14 135
15 164
13 181
9 173
8 165
6 132
4 96
10 261
1 43
2 97
6 300
