9999261987
261 8
108 4
64 4
153 10
159 12
194 15
175 14
178 2
200 21
287 36
39 5
160 21
289 38
120 17
199 37
137 28
257 53
286 60
232 51
257 57
273 63
293 68
161 38
296 72
167 43
251 69
216 66
217 67
206 64
82 26
276 93
249 86
232 86
97 36
228 86
124 48
250 98
217 22
208 87
243 102
129 57
217 96
127 57
232 107
289 135
112 54
248 123
283 142
203 103
241 130
251 138
246 139
268 153
283 165
290 178
94 58
174 108
294 184
160 101
299 193
269 174
292 189
266 174
153 101
257 173
270 186
268 185
82 58
164 117
149 107
281 204
255 188
160 118
137 102
188 142
269 208
167 131
297 233
259 205
159 127
138 112
111 91
286 238
259 218
281 237
160 136
293 250
69 59
293 253
155 136
252 226
171 154
270 248
272 252
255 244
220 212
123 122
237 236
178125299 178125006
162 65
139062779 139062576
178125226 178125001
178125253 178125051
139062781 139062624
139062682 139062539
139062753 139062610
139062750 139062611
256250278 256250036
178125274 178125108
139062792 139062664
178125275 178125112
178125244 178125082
139062633 139062523
178125235 178125101
119531368 119531285
256250257 256250084
256250210 256250044
139062717 139062635
256250198 256250055
178125129 178125034
256250197 256250064
256250226 256250102
119531511 119531454
119531375 119531319
119531451 119531402
178125161 178125088
139062696 139062648
119531539 119531499
119531328 119531293
256250161 256250088
119531462 119531429
139062741 139062517
119531546 119531513
412500286 412500232
256250284 256250227
139062643 139062607
256250247 256250181
119531539 119531509
256250231 256250169
178125266 178125230
139062674 139062651
139062791 139062797
178125114 178125117
119531443 119531452
119531346 119531412
256250228 256250263
178125133 178125159
178125144 178125172
256250194 256250245
178125182 178125229
119531388 119531432
139062654 139062729
265 300
67 103
119531347 119531421
139062667 139062758
119531357 119531441
139062623 139062761
119531357 119531550
175 176
100 101
231 235
249 259
265 278
108 117
239 260
144 159
127 141
34 38
101 113
213 247
161 188
158 188
199 238
213 258
236 300
198 253
147 193
200 266
199 265
216 288
214 286
195 261
159 214
189 257
54 74
192 265
25 35
116 163
147 207
101 143
78 111
60 87
62 92
62 95
15 126
85 132
130 202
9 14
183 285
103 161
112 176
76 122
155 255
68 112
29 48
152 252
118 209
72 130
137 251
132 255
123 239
135 263
83 162
113 221
96 196
107 224
135 290
105 228
60 131
134 293
87 193
87 195
122 286
83 196
78 199
33 87
70 189
89 244
93 259
102 288
104 300
92 266
79 236
52 162
47 154
51 168
86 295
85 293
67 293
30 136
43 195
53 292
41 227
34 194
27 177
28 191
29 226
31 276
19 208
13 157
7 87
14 183
10 157
15 247
3 50
8 135
9 153
4 72
1 238
