96900046
218 7
128 6
185 24
267 61
121 32
249 83
184 66
150 54
203 74
267 10
260 104
219 104
160 79
182 95
63 33
118 65
97 54
246 137
105 62
242 143
190 115
176 110
209 134
119 77
163 107
131 86
149 99
67 45
92 63
239 172
269 196
231 172
298 223
214 161
248 195
119 96
200 162
94 78
248 207
222 82
199 167
216 183
296 255
8 7
262 231
246 219
279 251
292 265
177 164
276 263
246 236
213 209
278 275
3125288 3125052
3125248 3125041
3125227 3125021
3125256 3125056
3125290 3125105
3125212 3125039
3125241 3125088
3125227 3125095
3125278 3125146
3125232 3125103
234 196
3125291 3125199
3125270 3125169
3125284 3125188
3125265 3125183
3125211 3125132
3125240 3125164
3125278 3125210
3125224 3125159
3125252 3125188
3125259 3125214
3125220 3125176
3125253 3125214
273 277
3125219 3125186
3125289 3125276
3125286 3125275
100 100
3125242 3125243
3125281 3125285
3125220 3125248
3125207 3125246
3125227 3125271
3125232 3125291
267 283
168 172
221 233
98 104
65 74
193 227
233 285
178 219
55 69
224 282
70 90
104 137
25 33
207 274
75 101
17 23
122 169
77 108
121 170
184 263
188 279
148 224
91 141
182 283
125 195
142 226
134 217
137 227
108 180
168 286
114 202
43 79
151 288
111 221
43 87
42 85
140 286
146 299
23 50
102 233
95 228
36 88
48 120
82 209
89 241
104 283
36 100
91 254
39 112
82 240
102 299
45 132
90 267
40 125
75 241
20 70
79 287
60 218
17 80
30 142
21 161
15 244
17 282
5 102
