50116494
279 44
295 45
282 41
184 3
217 7
170 11
178 12
128 11
183 17
235 30
223 33
182 27
49 8
269 49
74 15
158 38
214 53
47 12
197 51
179 48
129 37
61 19
37 12
208 69
69 23
154 55
102 46
250 114
121 61
260 146
71 40
246 139
160 91
200 115
133 82
184 115
209 132
180 117
105 70
274 190
286 204
166 125
293 225
250 194
255 207
296 245
175 149
197 169
134 116
84 74
87 77
91 82
135 128
59 1
50100300 50100120
260 288
96 96
128 221
191 196
74 79
143 155
219 238
79 86
255 282
215 245
177 203
86 103
229 276
247 300
241 298
31 39
82 105
162 213
142 191
172 238
68 95
138 193
74 104
135 190
147 210
147 217
129 192
42 66
151 241
181 292
162 268
125 223
149 269
122 221
113 210
106 200
105 200
52 102
90 178
87 193
101 244
92 231
116 294
99 264
87 232
70 191
27 76
70 210
57 178
76 255
67 228
78 269
75 300
3 12
16 80
50 278
22 131
22 153
30 244
16 179
13 148
19 231
10 132
4 54
4 58
14 250
