9999761416
100 10
87 9
58 6
94 11
69 9
69 11
43 7
66 12
85 17
76 16
91 20
79 18
65 16
65 19
85 30
31 11
67 25
81 34
21 9
50 22
72 33
66 31
85 41
73 36
38 19
46 23
82 42
87 49
61 6
87 53
99 66
100 67
98 67
89 64
80 58
68 50
50 37
88 71
83 71
66 61
63 62
1009765724 1009765646
1002441500 1002441423
1039062589 1039062513
91 52
1004882910 1004882837
1625000100 1625000078
81 82
1156250097 1156250049
1004882909 1004882848
1156250098 1156250073
1001220796 1001220794
43 43
22 100
78 79
69 71
25 26
67 70
63 70
75 85
12 14
69 81
63 74
57 67
8 10
72 94
72 96
66 96
49 73
18 27
40 61
27 46
47 83
14 26
46 89
39 77
39 82
47 100
21 46
45 99
44 98
16 39
34 92
29 79
20 55
16 46
18 63
18 66
11 45
13 63
11 59
13 73
3 23
1 9
10 94
6 92
2 77
