5100026870
291 15
195 3
247 4
124 3
186 6
73 6
265 24
228 21
241 32
144 20
211 31
148 22
145 22
264 41
264 42
113 18
130 27
237 53
241 54
206 47
114 27
270 64
264 63
241 59
300 74
104 27
162 45
263 74
160 47
198 59
237 71
120 36
210 75
161 58
300 111
264 98
281 108
293 115
223 88
52 22
153 65
294 127
196 87
270 123
265 123
252 117
121 57
109 53
99 49
297 158
75 40
296 164
198 111
182 104
187 107
172 99
177 104
216 132
121 75
93 58
182 114
289 184
166 106
241 154
234 153
297 198
262 178
174 121
298 210
48 34
136 100
257 196
284 219
254 198
201 159
182 146
128 106
91 80
226 199
207 184
80 72
272 246
227 213
286 271
212 201
189 183
99 96
223 218
281 276
146 1
5100000300 5100000226
285 293
143 143
113 170
212 219
209 216
284 298
182 191
283 299
185 196
102 109
140 152
219 240
126 142
166 191
6 7
188 232
192 247
174 226
26 34
183 250
105 144
181 250
200 277
156 217
81 116
172 251
120 185
164 260
177 281
109 178
122 215
48 85
102 185
150 276
156 297
58 111
149 286
81 159
144 283
126 250
81 172
138 296
109 237
83 185
134 300
97 223
120 278
14 33
85 207
69 180
31 82
84 226
80 231
41 121
74 226
83 260
35 112
65 217
52 182
79 290
77 283
59 226
33 127
63 246
75 295
21 88
67 286
19 89
40 188
50 251
40 216
52 284
31 170
29 162
21 124
11 68
46 288
24 155
10 68
27 230
5 43
28 241
10 97
13 223
8 145
13 253
3 83
3 92
2 280
2 286
