100009764
64 3
152 9
249 15
167 11
96 8
204 17
285 24
300 42
31 5
140 24
210 41
149 31
194 43
203 45
34 8
292 70
164 40
118 33
221 64
199 59
283 84
269 81
158 48
232 71
260 84
231 80
245 85
239 83
280 99
104 37
131 47
264 99
215 81
127 48
269 104
280 114
163 67
188 79
269 123
195 92
268 132
243 120
217 108
173 87
295 151
267 141
70 37
137 74
232 127
281 156
153 88
138 81
300 187
196 123
258 170
282 188
186 128
267 184
152 112
213 163
255 208
241 198
276 232
300 257
218 187
142 122
194 167
261 225
98 85
27 24
217 193
294 267
10012507 10012254
10781533 10781276
10195572 10195329
286 133
157 54
10781510 10781266
10097911 10097690
13125288 13125046
35000275 35000030
