100005526
71 1
57 4
25 2
57 5
44 4
94 9
42 5
33 4
15 2
29 4
36 6
83 15
34 7
41 10
93 24
92 27
91 27
63 19
87 32
34 14
66 28
81 35
69 30
80 35
20 10
72 38
9 5
59 34
69 41
79 48
82 52
74 49
65 45
80 62
91 71
97 77
28 23
67 56
37 31
61 55
74 68
98 92
58 56
22302 22219
22270 22210
22272 22215
34502 34420
22283 22231
22266 22216
34490 34419
22262 22220
34491 34428
22282 22246
34467 34418
58896 58831
22238 22217
34474 34443
58901 58849
34447 34417
34446 34417
58927 58878
58921 58874
22230 22213
34474 34449
107733 107662
107734 107664
58909 58872
58926 58891
22230 22217
34491 34472
107732 107674
58888 58858
58862 58833
205410 205323
205410 205324
107716 107672
22271 22262
58898 58879
94 57
205405 205343
107702 107670
107753 107721
58875 58858
107732 107705
205365 205316
400725 400631
205393 205346
58908 58895
107747 107725
400722 400643
400717 400641
107710 107691
400710 400646
400696 400634
58928 58919
205411 205380
400722 400662
107742 107726
400700 400643
400721 400667
205383 205357
400718 400669
205368 205348
34427 34424
791319 791251
58833 58829
791307 791259
791328 791283
205330 205320
205383 205373
791338 791304
791318 791285
1572575 1572511
205391 205383
791293 791266
400655 400642
1572557 1572512
400641 400630
3135049 3135016
1572552 1572512
400680 400670
1572558 1572520
3135069 3135001
1572561 1572528
3135075 3135010
791323 791307
791331 791315
3135067 3135004
3135092 3135034
791295 791281
1572553 1572526
3135065 3135017
3135056 3135010
1572592 1572571
1572568 1572548
1572587 1572567
3135065 3135036
12510097 12510001
1572532 1572516
791287 791280
791341 791334
6260056 6260009
6260063 6260016
1572528 1572517
205389 205325
3135044 3135011
6260082 6260040
3135034 3135015
1572513 1572504
58882 58884
22210 22215
