100004699
88 1
146 5
180 12
194 70
176 92
113 63
183 113
74 50
177 125
185 156
160 141
1390815 1390663
1390783 1390635
1781444 1781257
1195508 1195389
1195444 1195326
1390816 1390698
191 3
1390815 1390700
1195439 1195343
1390789 1390678
1195457 1195369
1195415 1195336
1390789 1390701
1195503 1195429
2562686 2562528
1390806 1390724
1195433 1195363
1390822 1390742
1195406 1195338
2562667 2562527
1195464 1195399
1781427 1781335
1781394 1781305
1781368 1781281
1195504 1195448
1781439 1781357
1781425 1781345
2562624 2562510
2562646 2562534
1390719 1390660
4125191 4125021
1781357 1781284
2562658 2562557
1390761 1390708
1781358 1781293
1781425 1781361
2562672 2562581
1390720 1390674
4125162 4125036
1781446 1781297
1195468 1195428
1195441 1195408
1781448 1781399
1781390 1781355
1390766 1390730
1390798 1390763
2562683 2562625
2562690 2562641
1781384 1781354
1195486 1195471
1195506 1195493
2562683 2562657
1195462 1195451
2562694 2562676
1390815 1390817
1781433 1781449
1195489 1195507
1390794 1390822
1195479 1195506
112 116
59 64
64 76
107 131
116 144
119 161
112 159
72 109
123 188
121 185
89 137
106 179
77 132
16 28
33 66
