100041456
391917 391657
391922 391668
196573 196339
1920 1838
2029 1970
1840 1794
1939 1885
1988 1933
1991 1868
2040 1935
2011 1954
1872 1763
1945 1832
1845 1764
1962 1802
1918 1811
196443 196329
196449 196331
1918 1800
196572 196325
1868 1815
1943 1868
2015 1799
268 15
2770 2611
227 170
196558 196327
256 183
196606 196346
2694 2570
2631 2526
2682 2554
196502 196343
238 130
2607 2544
2711 2650
2676 2586
196539 196401
2780 2602
121 60
196504 196349
2751 2554
2697 2645
127 64
2676 2534
133 75
2821 2775
2716 2565
2786 2675
196535 196393
170 127
2659 2602
150 53
170 89
286 41
196600 196458
234 94
196583 196409
2779 2542
2819 2680
98946 98734
63 3
2573 2529
2796 2594
179 55
98908 98731
98955 98657
4319 4105
103 33
98852 98672
4349 4197
4130 4083
247 166
98784 98725
98913 98829
114 40
253 11
281 160
98851 98711
4304 4089
206 155
280 19
209 26
288 147
276 125
293 227
98955 98756
98828 98699
98838 98713
116 59
148 69
4206 4126
274 103
98907 98680
139 13
4169 4122
4272 4079
98814 98733
293 245
98905 98807
258 190
285 115
4335 4169
4322 4247
203 128
4176 4071
4195 4057
224 141
187 104
143 55
4222 4166
4327 4229
7294 7191
122 71
7303 7237
176 31
7374 7183
177 85
7382 7122
50032 49841
7258 7127
7400 7211
236 56
168 19
50061 49976
205 46
7386 7282
7364 7261
144 93
50117 49950
7375 7307
7321 7231
7360 7163
7339 7196
7271 7170
114 46
278 128
50123 50064
7320 7264
7204 7121
7249 7125
7228 7126
7326 7215
7325 7250
54 11
7397 7302
7307 7189
247 63
213 94
224 55
7367 7250
151 53
7379 7238
7351 7110
7366 7223
7345 7260
7366 7128
13408 13306
50118 50006
251 89
13488 13308
13434 13266
254 166
158 104
50074 49911
50093 49856
197 56
49984 49936
49937 49875
13373 13260
217 108
109 58
199 134
153 19
182 61
13390 13317
227 116
175 10
214 12
13442 13272
13462 13390
13451 13304
13445 13313
13324 13253
13482 13298
264 152
13271 13226
13454 13379
13368 13285
13476 13367
13460 13235
13411 13321
241 161
50050 49944
13455 13392
222 172
25708 25503
25666 25591
130 7
291 98
25660 25614
288 68
50061 49917
58 5
25611 25448
25560 25421
49980 49932
185 84
25675 25513
198 152
25667 25566
25664 25470
90 1
25680 25576
25632 25464
25706 25537
204 6
278 204
136 39
25530 25475
25661 25476
25677 25456
25662 25608
158 109
25652 25496
25476 25427
25701 25574
25546 25432
25602 25417
234 164
189 139
25574 25473
25696 25556
25598 25480
205 48
50023 49893
49919 49837
50093 50019
50003 49895
391767 391693
391894 391828
391799 391718
391817 391698
782549 782423
782482 782372
782526 782412
391895 391834
1563783 1563544
1563798 1563567
782433 782302
391918 391755
391833 391650
391864 391697
196472 196362
391802 391693
196499 196405
391716 391631
391871 391712
391825 391758
391846 391668
782476 782280
782521 782306
391833 391706
782493 782283
196593 196517
196431 196324
782545 782314
782433 782282
782485 782340
391882 391767
196521 196466
782537 782255
391893 391760
196415 196337
391836 391677
391887 391671
782496 782312
391822 391636
98784 98730
391787 391662
391915 391781
43 1
39 24
118 80
44 32
43 34
107 85
212 173
127 104
79 65
133 112
265 226
282 245
272 238
168 149
203 181
274 245
263 238
130 120
130 122
195 186
285 279
1794 1765
1918 1887
2578 2544
2662 2627
2572 2543
184 182
1979 1959
4307 4264
4339 4297
2717 2694
4095 4065
4277 4247
2592 2574
2026 2013
4139 4114
4239 4221
13264 13224
13268 13229
7286 7266
13353 13319
2607 2602
13397 13373
13505 13481
7386 7374
25700 25669
13400 13384
25487 25457
4313 4308
13469 13456
50090 50047
25607 25589
49957 49933
98894 98850
50114 50092
98951 98913
13320 13315
98800 98768
98850 98820
13465 13462
50008 49999
50097 50089
25467 25463
391859 391806
196419 196393
782423 782320
98757 98744
1563699 1563507
391886 391838
1563712 1563528
1563693 1563516
1563730 1563561
782481 782398
1563732 1563576
782508 782432
1563698 1563549
391755 391720
782460 782391
1563684 1563548
3126269 3126013
1563644 1563524
1563636 1563518
1563660 1563542
782298 782256
1930 1849
3126183 3126015
391864 391835
3126241 3126010
196428 196414
196566 196552
1563766 1563673
1563653 1563547
1563715 1563616
782354 782306
782472 782424
3126295 3126148
1563599 1563531
1563699 1563628
782299 782257
6251292 6251007
1563704 1563628
3126180 3126033
98691 98684
196505 196495
1563782 1563718
3126265 3126032
6251288 6251021
3126138 3126008
98717 98713
196581 196576
196419 196414
391734 391727
