1012070
17991 17821
18011 17831
157 60
197 23
174 76
115 28
172 124
119 69
134 11
122 13
164 39
154 28
101 15
106 26
154 96
132 52
154 27
143 58
130 21
91 16
17979 17819
196 80
41 1
131 7
69 35
193 45
199 24
149 80
166 143
122 24
135 102
149 115
192 57
160 108
158 92
72 29
175 114
182 46
141 109
78 16
179 2
152 36
17982 17820
60 41
130 19
182 37
142 104
194 63
59 20
166 137
14072 13942
161 38
125 8
14085 13937
84 17
195 40
14102 13919
158 73
156 81
135 63
14104 13939
129 84
165 93
14099 13953
200 176
182 122
188 83
197 65
86 22
188 161
193 135
120 43
122 78
14088 13938
151 50
175 37
182 120
138 104
55 1
105 63
137 15
136 49
200 176
101 8
186 164
93 44
185 37
122 81
12118 11973
12134 11979
12107 11988
12127 11988
25777 25689
14096 14031
17947 17879
17951 17866
25813 25706
25795 25671
12125 12055
13994 13923
14015 13916
12127 12043
17978 17858
17975 17851
14024 13911
14063 13956
12149 12058
14028 13920
14094 14009
17931 17834
25777 25643
14097 14040
25751 25633
17943 17872
14075 14001
12049 11987
18004 17932
12046 11994
14 1
30 14
57 46
149 133
137 126
133 127
177 172
107 106
12137 12090
12127 12086
12016 11976
13973 13927
13973 13927
12045 12006
17953 17895
17986 17928
13993 13948
17874 17819
25753 25675
17897 17843
25801 25727
41412 41294
71 69
25695 25626
72696 72511
