96944809
255 1
161 3
256 5
182 4
178 5
225 9
298 14
166 8
260 13
253 13
234 13
298 19
75 6
196 16
283 24
81 7
300 27
236 23
180 19
225 25
240 27
209 1
165 20
243 30
259 33
137 18
237 32
266 37
246 35
210 30
206 31
243 37
78 13
263 45
195 35
148 27
268 49
298 55
236 44
266 50
245 48
202 41
173 37
106 23
184 40
78 17
231 52
93 21
246 56
106 25
117 28
207 50
105 26
96 24
226 57
107 27
253 64
255 70
256 71
44 13
114 35
107 33
149 46
119 37
213 70
79 26
84 28
300 102
263 92
185 65
185 65
297 35
98 35
92 33
179 66
78 29
195 73
88 33
282 107
189 73
166 65
284 112
264 106
118 48
142 58
267 112
135 57
292 124
206 88
297 133
188 89
153 73
286 137
265 127
200 96
268 129
180 87
229 111
235 116
48 24
12 6
227 114
97 50
241 125
262 136
225 117
215 112
279 149
265 143
252 141
214 122
131 75
272 157
147 85
164 95
218 128
233 137
257 153
140 85
257 157
135 83
203 125
292 180
120 74
131 81
264 167
90 57
156 99
230 82
239 153
104 68
238 156
73 48
38 25
233 154
292 195
284 191
208 140
288 196
168 116
216 150
43 30
232 162
190 133
296 210
130 93
299 214
168 121
169 122
286 207
174 126
287 208
222 161
274 200
256 187
276 202
135 99
250 184
209 133
221 164
82 62
156 118
209 162
135 106
174 137
109 86
293 233
215 171
253 205
53 43
162 132
300 247
295 243
234 194
281 233
145 121
267 229
58 50
168 146
262 229
278 244
266 234
159 140
206 182
229 204
237 216
264 241
234 214
283 259
272 249
212 195
206 190
237 219
224 211
198 187
276 264
212 205
292 283
294 285
178 174
259 254
122 120
167 123
155 154
3125289 3125038
3125256 3125011
3125236 3125023
3125223 3125026
3125279 3125090
3125281 3125094
3125290 3125115
3125272 3125119
3125287 3125139
3125294 3125166
246 244
3125295 3125179
3125297 3125232
3125257 3125157
3125290 3125192
3125258 3125174
3125245 3125165
3125256 3125180
3125293 3125236
3125249 3125194
3125224 3125170
3125228 3125179
3125250 3125209
3125255 3125223
3125231 3125201
3125271 3125262
3125281 3125272
224 224
3125255 3125251
3125245 3125243
3125256 3125254
103 103
43 43
3125230 3125242
279 293
3125238 3125271
130 185
194 196
187 190
159 162
36 37
261 269
253 263
199 207
216 226
190 201
275 291
182 195
269 290
225 244
267 295
128 143
123 138
258 290
32 36
70 79
208 235
249 282
138 157
86 98
235 270
190 219
160 185
157 182
194 225
253 296
105 123
98 115
212 250
89 107
114 138
179 217
220 272
167 209
177 222
230 292
117 149
211 270
219 282
163 211
186 241
53 69
62 81
193 253
122 160
185 243
102 134
214 284
130 174
59 79
186 250
196 264
158 213
216 296
108 148
152 209
215 297
105 149
47 136
132 188
129 184
184 263
160 229
171 247
192 287
182 275
173 263
155 236
159 243
115 176
133 206
101 158
116 182
182 286
51 83
86 141
112 184
148 244
126 208
84 139
159 265
172 287
155 259
75 128
124 217
157 279
51 91
167 300
59 106
83 150
153 277
142 262
89 165
145 272
111 209
146 279
126 249
59 117
143 287
97 196
78 158
43 89
111 232
10 22
112 248
129 292
45 103
37 85
122 287
122 292
110 264
111 267
99 243
106 262
68 170
108 271
108 275
66 177
97 262
99 271
76 211
29 82
75 215
72 229
32 102
94 300
90 288
72 232
84 271
90 291
69 230
60 205
35 130
7 26
76 283
64 239
49 184
13 50
44 171
47 189
69 285
16 67
28 125
33 151
13 60
41 207
52 293
43 249
42 251
26 158
29 186
45 291
23 157
7 48
24 165
10 72
28 208
35 269
9 73
23 191
17 146
23 222
10 97
12 126
8 90
24 270
16 190
23 279
14 172
8 104
11 148
16 254
14 225
10 167
9 151
13 221
16 290
7 144
13 288
4 96
4 101
8 296
2 92
2 108
1 107
2 264
1 242
