1014749
133 13
164 17
92 11
200 24
172 24
172 25
77 15
138 30
187 43
126 36
190 68
198 80
141 58
110 47
148 64
320 140
301 134
76 35
122 58
171 82
174 84
112 55
137 75
9 5
451 259
268 154
166 96
450 271
96 58
246 150
159 97
216 135
46 29
138 88
418 267
154 99
97 63
298 200
253 172
257 178
200 141
265 189
417 307
202 149
681 509
398 298
303 227
372 283
431 336
204 163
638 510
255 204
113 92
403 329
680 562
67 56
317 266
1185 1001
620 525
1179 1001
434 369
696 592
366 321
148 130
1171 1031
1165 1027
153 136
1146 1021
263 235
1119 1001
401 360
202 183
687 627
560 512
289 265
2146 1968
1163 1070
439 404
582 537
395 365
539 499
601 558
2129 1982
672 627
1066 1001
2091 1966
357 336
188 177
2154 2034
370 350
1062 1005
2096 1984
2133 2024
124 118
585 557
2105 2011
653 625
2145 2057
2060 1980
1058 1017
4088 3930
2145 2063
2134 2059
697 673
4079 3940
2142 2070
4116 3979
1063 1029
4068 3944
2083 2023
663 645
2073 2017
1151 1120
432 421
4083 3983
1106 1079
2090 2040
8016 7825
4094 3998
4006 3921
189 185
320 314
8003 7853
2116 2077
1009 991
2150 2112
511 502
8005 7868
7995 7861
182 179
4075 4008
3994 3929
2159 2126
394 388
7961 7845
1156 1141
8007 7904
7999 7898
1126 1112
7963 7864
8008 7915
15819 15640
2075 2052
8015 7928
15817 15648
7951 7878
4096 4059
4017 3981
7944 7875
15781 15644
2015 1998
15808 15681
1995 1979
4037 4005
15812 15687
15796 15684
15777 15668
7976 7921
15772 15666
7881 7829
15749 15649
4022 3998
7975 7928
2081 2069
4090 4068
4016 3995
15811 15729
7908 7869
627 624
7918 7882
7947 7911
15774 15704
7951 7919
15769 15707
31405 31282
31414 31295
278 277
15803 15749
7982 7956
8000 7974
7908 7883
15739 15691
31374 31283
7966 7944
31379 31299
15707 15667
31352 31273
31413 31334
31396 31319
62708 62557
15768 15731
15825 15789
89 6
62696 62513
31369 31298
31342 31287
2137 2136
