1030527
297 34
253 192
14191 13922
185 97
103 22
247 112
289 42
249 117
79 43
225 35
60 31
184 105
265 75
160 52
196 101
14153 13926
12221 11965
217 81
196 156
186 125
12156 11962
14126 13909
14129 13933
188 15
173 135
100 24
233 33
12195 11978
247 54
220 81
269 124
12165 11975
237 184
277 24
47 19
12178 11987
12193 11965
11210 11054
11268 11061
11227 10995
227 69
173 78
11244 11029
151 87
281 98
248 24
157 78
53 21
217 153
272 222
18099 17829
115 87
192 87
11232 10991
234 184
281 122
239 221
11269 11091
11179 10978
294 239
11225 11025
18088 17837
187 96
103 49
221 108
222 179
292 255
152 18
18106 17837
179 3
118 42
202 66
11145 10982
11197 11031
213 54
291 97
234 64
249 141
225 85
11269 11097
290 117
10716 10536
10724 10537
161 107
10777 10507
113 57
10741 10531
10784 10575
38 21
102 13
293 42
105 64
10759 10542
10764 10613
114 27
180 5
10650 10498
10728 10537
279 92
10693 10495
193 152
10750 10561
213 41
134 73
130 68
290 207
258 16
223 198
141 53
162 148
10504 10339
10409 10263
298 254
10524 10336
10462 10245
230 68
216 75
283 133
10456 10297
147 29
10470 10321
10437 10249
14163 13967
233 6
10430 10283
10329 10161
10378 10138
109 82
10411 10149
10291 10124
164 132
10300 10144
293 143
269 228
10349 10167
175 92
10399 10219
143 13
187 45
259 169
296 237
223 62
274 47
275 10
152 83
171 135
180 54
258 93
185 160
262 173
195 26
283 147
259 220
227 135
257 56
296 234
212 110
250 238
281 26
98 14
172 22
218 112
174 159
274 75
233 146
256 101
152 134
119 49
224 1
185 158
237 127
78 24
136 58
245 201
132 36
246 4
285 78
263 71
127 25
120 34
221 86
283 4
87 59
191 62
198 85
252 197
138 79
289 198
47 3
10390 10251
12183 12025
14144 13956
11151 11000
10328 10186
10678 10532
12202 12037
11237 11083
10420 10280
37 31
164 157
217 209
271 265
177 174
10538 10401
10774 10635
10398 10265
11261 11117
10485 10351
11182 11042
14189 14013
10706 10574
18063 17842
10338 10213
11138 11004
18057 17843
14084 13920
14116 13953
10286 10168
10388 10269
10404 10285
11209 11081
18030 17825
10737 10616
81 50
10280 10126
11137 11010
10388 10274
12237 12104
12126 11995
284 283
104 104
