50028822
193 60
199 3
192 58
194 37
170 10
159 19
131 6
112 6
122 14
95 12
86 13
141 23
115 20
23 1
153 32
153 33
118 26
154 35
152 35
104 26
148 40
145 41
30 9
133 41
118 37
165 54
145 48
98 35
193 69
50 18
123 45
198 75
88 35
94 39
157 66
111 48
197 89
115 52
150 69
155 72
145 68
181 86
184 88
158 77
198 97
97 49
182 98
110 60
195 108
64 36
194 113
24 14
192 120
193 124
198 128
187 121
157 103
139 94
53 36
119 82
78 54
187 130
200 143
156 114
102 75
175 129
78 59
76 58
53 41
182 143
184 145
200 161
193 157
187 156
169 141
104 87
43 36
183 155
192 163
160 136
181 154
168 143
82 74
76 69
182 167
118 111
115 109
127 121
108 103
85 83
168 167
36 7
50010200 50010096
185 200
34 34
70 96
180 193
161 173
77 84
155 170
127 140
134 150
113 128
78 89
139 162
156 182
140 168
110 132
85 103
109 133
139 171
143 177
148 185
127 164
110 145
95 126
24 38
52 72
59 84
42 62
56 84
82 123
103 155
116 184
95 152
122 199
24 40
101 171
63 107
87 149
104 181
96 173
106 195
35 66
67 127
54 104
55 108
88 179
55 113
29 60
60 125
35 74
80 171
83 182
50 112
54 121
43 99
47 112
66 167
59 160
60 174
51 153
31 94
63 192
40 123
51 167
45 149
53 194
46 183
48 196
21 95
23 107
33 157
32 159
35 197
30 188
3 19
15 97
18 119
26 189
17 144
9 78
17 165
11 164
7 106
7 119
6 107
7 152
4 117
5 193
4 182
