9690645089
186 1
149 2
217 5
274 8
235 7
235 7
253 13
152 10
296 21
263 21
191 19
240 28
162 19
204 29
241 35
285 46
298 50
295 51
274 48
168 30
290 56
111 22
210 42
164 33
194 40
114 26
258 61
96 23
69 17
159 40
285 1
217 58
33 9
80 22
61 19
222 70
240 88
179 67
234 89
198 76
268 105
169 67
179 74
280 116
234 97
154 66
149 64
187 81
235 102
160 70
114 50
260 116
296 134
252 116
173 80
75 35
265 124
267 127
282 138
197 98
241 120
132 66
194 98
171 87
166 87
192 101
292 156
283 158
130 73
72 41
208 120
222 131
294 77
295 177
250 150
192 116
56 34
138 84
271 165
183 113
97 62
68 44
272 177
253 166
114 77
62 42
144 98
234 164
262 186
188 134
290 207
182 134
256 190
249 186
278 209
41 32
248 195
213 168
251 198
277 223
283 230
163 133
59 49
162 135
85 71
25 21
295 176
26 23
246 218
178 158
47 42
146 131
225 203
170 155
243 223
137 126
269 249
174 162
172 161
205 192
133 126
214 204
230 220
223 216
84 83
312600255 312600002
312600266 312600030
312600284 312600058
312600290 312600064
312600292 312600083
312600273 312600089
312600259 312600092
312600275 312600114
312600265 312600107
106 91
312600300 312600154
312600298 312600181
312600278 312600149
312600287 312600196
312600261 312600136
312600286 312600183
312600259 312600159
312600287 312600187
312600295 312600199
312600261 312600180
312600254 312600174
312600295 312600222
312600296 312600234
312600281 312600225
312600256 312600205
312600269 312600221
312600272 312600227
312600283 312600254
312600282 312600271
312600282 312600275
146 146
284 290
312600275 312600287
312600281 312600297
149 273
48 50
205 214
272 285
176 188
101 108
238 255
202 221
186 208
153 174
196 223
256 294
227 265
244 291
176 210
134 163
213 263
201 251
147 184
190 238
180 227
152 192
149 190
209 268
58 75
210 272
94 122
150 197
190 251
176 243
70 97
150 211
86 122
167 255
123 194
79 128
143 232
159 258
139 227
130 213
115 189
162 267
124 205
82 136
126 209
155 263
164 294
127 232
146 271
106 202
81 161
150 299
87 174
85 170
116 232
131 262
142 287
33 67
120 244
126 261
90 192
101 217
122 263
114 256
74 171
104 261
112 289
86 223
27 71
91 247
92 252
108 299
92 263
101 296
62 186
70 213
28 86
96 297
23 72
24 78
81 269
45 150
37 128
44 158
69 251
58 211
65 253
67 264
63 278
59 284
14 73
55 290
28 148
50 271
28 154
38 252
34 241
10 73
13 96
18 144
37 296
34 278
29 273
19 181
22 217
11 157
6 120
2 47
4 123
4 164
5 257
1 128
