10000030906
155 1
161 2
216 6
194 12
125 8
223 26
90 14
255 41
118 19
194 33
66 12
231 44
289 56
138 34
276 68
73 18
149 37
299 79
243 72
265 82
243 80
229 78
278 95
232 81
189 66
123 47
174 67
248 103
110 49
181 83
104 51
53 29
42 23
262 144
184 104
109 62
272 169
284 183
135 88
180 133
300 225
294 226
82 64
284 224
226 183
183 150
33 28
287 245
220 188
225 193
274 243
173 154
93 86
298 280
133 128
283 275
11220981 11220721
11220991 11220736
12441698 12441428
12441661 12441423
12441676 12441438
12441646 12441416
14883108 14882833
11220952 11220748
11220929 11220727
11220958 11220770
12441663 12441455
12441618 12441419
11220983 11220804
12441596 12441411
11220877 11220711
12441684 12441502
11220915 11220751
12441631 12441450
12441607 12441430
11220933 11220775
12441642 12441469
19765904 19765630
12441678 12441515
12441626 12441464
14883054 14882865
12441598 12441441
11220954 11220814
11220929 11220790
14883064 14882882
12441559 12441408
11220957 11220821
14883026 14882846
12441675 12441526
14882999 14882827
19765853 19765631
14883093 14882927
19765881 19765666
11220923 11220803
11220901 11220782
12441539 12441408
14882989 14882835
14883020 14882868
12441595 12441471
19765863 19765674
11220810 11220704
14882975 14882835
11220951 11220846
19765829 19765647
12441567 12441454
19765820 19765644
19765855 19765681
14883069 14882941
14882976 14882851
19765825 19765660
12441512 12441411
11220897 11220806
14882942 14882822
19765802 19765644
12441552 12441454
12441593 12441495
11220805 11220719
11220899 11220813
11220901 11220815
11220904 11220820
12441601 12441509
14883011 14882903
12441579 12441490
12441513 12441427
11220970 11220893
12441503 12441419
11220867 11220792
14883081 14882982
29531482 29531289
19765879 19765759
11220907 11220841
14883053 14882966
11220867 11220802
266 2
29531526 29531357
12441544 12441473
14882948 14882865
14883022 14882940
19765898 19765793
14882988 14882911
49062764 49062512
14883082 14883007
14883023 14882949
19765922 19765824
12441664 12441603
19765807 19765715
29531457 29531320
29531457 29531322
49062794 49062572
14883049 14882983
12441575 12441520
29531526 29531396
49062721 49062509
19765914 19765829
29531412 29531289
49062799 49062597
11220994 11220948
19765749 19765669
19765906 19765833
29531454 29531346
14882877 14882823
49062784 49062614
49062687 49062521
49062762 49062596
29531514 29531417
29531485 29531389
19765825 19765764
29531478 29531393
49062730 49062590
49062758 49062620
29531347 29531264
29531524 29531443
88125250 88125011
49062717 49062585
88125258 88125031
49062734 49062610
49062775 49062653
88125294 88125075
49062797 49062676
88125261 88125048
12441561 12441489
88125239 88125035
88125267 88125072
49062793 49062685
88125262 88125070
29531439 29531375
49062773 49062668
88125267 88125086
88125191 88125018
49062636 49062544
88125168 88125005
88125278 88125115
49062627 49062538
88125209 88125051
88125219 88125065
49062646 49062563
88125268 88125121
166250287 166250011
166250285 166250012
88125290 88125148
88125267 88125131
29531400 29531331
49062620 49062548
166250286 166250047
88125152 88125037
166250244 166250029
88125137 88125024
49062686 49062624
166250266 166250059
88125279 88125171
49062724 49062665
88125255 88125150
166250215 166250017
166250259 166250067
88125202 88125102
88125129 88125032
88125234 88125138
88125243 88125147
166250195 166250019
88125171 88125078
88125268 88125187
166250268 166250121
49062698 49062623
322500246 322500001
166250241 166250115
322500262 322500022
166250222 166250105
166250300 166250183
322500234 322500050
322500186 322500008
322500172 322500022
322500264 322500130
322500240 322500110
635000287 635000063
225 225
