985161
32 1
87 3
73 3
72 3
66 3
100 5
62 4
97 8
87 9
94 3
56 6
82 9
43 5
49 6
75 10
28 4
91 13
90 14
98 16
85 14
72 12
64 11
57 10
22 4
92 18
87 18
96 20
41 9
96 25
90 25
86 24
88 25
7 2
54 16
53 16
66 21
98 32
52 17
76 25
73 25
90 32
100 37
87 33
94 36
5 2
93 38
99 41
26 11
99 44
59 27
95 44
54 26
95 49
31 16
57 30
95 51
78 42
20 11
38 21
98 55
67 38
91 52
81 47
31 18
31 18
76 8
88 55
49 31
79 50
70 45
62 40
93 60
85 56
85 57
41 28
86 60
94 66
27 19
44 31
91 65
74 53
89 64
50 36
83 60
66 49
42 32
20 16
30 24
99 80
61 50
57 48
53 45
97 83
49 42
92 80
56 50
85 76
82 74
22 20
33 30
99 91
21 20
70 67
32 31
77 76
31442 31351
31448 31358
31435 31353
31443 31361
31446 31365
31433 31357
31434 31359
31450 31377
31446 31375
31430 31364
95 59
31425 31361
31443 31385
31439 31385
31444 31391
31445 31396
31447 31401
31450 31423
31428 31384
31449 31406
31433 31392
31438 31400
31431 31400
31427 31402
31439 31416
31432 31419
31431 31425
31426 31422
26 26
65 65
14 14
97 97
99 100
31433 31437
31436 31441
31428 31433
31434 31442
51 70
57 59
86 90
91 98
83 91
78 87
78 87
17 19
57 64
73 82
32 36
47 53
7 8
84 97
55 65
76 90
42 50
75 92
4 5
73 94
31 40
75 97
36 48
51 69
3 83
25 35
17 24
62 91
42 62
21 31
49 73
54 81
25 38
55 84
15 23
32 50
49 77
40 63
54 86
51 84
46 77
57 96
15 27
41 76
29 55
35 72
22 46
40 87
44 96
5 11
12 27
39 88
42 97
42 98
18 42
23 54
31 78
23 58
38 100
28 74
32 85
16 44
31 86
10 28
8 23
34 98
21 61
21 62
7 21
4 12
30 95
20 72
20 77
22 93
22 94
14 62
20 92
15 69
20 93
17 98
10 61
14 87
11 76
8 57
10 82
8 88
5 84
3 52
4 83
