100034318
269 2
154 4
143 7
271 17
235 16
263 25
294 29
293 32
251 49
277 57
256 54
239 53
211 50
270 84
152 49
275 91
110 39
146 60
97 40
248 107
170 79
174 82
277 133
275 134
80 39
286 142
163 85
99 53
214 115
276 152
99 55
195 120
285 177
268 169
288 182
276 185
175 121
164 114
132 94
254 183
294 213
284 207
227 174
215 165
269 219
288 238
193 160
202 168
235 200
276 248
153 143
272 264
252 246
13481 13249
13443 13214
13478 13249
13459 13234
13478 13279
13395 13226
13383 13216
13405 13241
13389 13226
13477 13313
13389 13234
13471 13327
25711 25446
25697 25459
13457 13334
13428 13309
25636 25415
13343 13235
13332 13225
25630 25427
25635 25440
25709 25517
13419 13325
25577 25421
25678 25522
13349 13268
25589 25436
25656 25504
25708 25557
25573 25423
25616 25468
13378 13301
13305 13230
25596 25452
25592 25452
13396 13326
25606 25474
13445 13376
25606 25476
25550 25427
13502 13438
13432 13369
25542 25423
25625 25508
25706 25592
50105 49886
50092 49885
25527 25423
50063 49862
13482 13428
13365 13315
25584 25494
50055 49881
13274 13228
50106 49934
25691 25605
25701 25615
25614 25533
25585 25506
25674 25597
13385 13345
49966 49830
50121 49989
25578 25512
50127 49998
49980 49853
25621 25558
50116 49993
98940 98698
50063 49941
98907 98670
98952 98720
98897 98667
50041 49931
25583 25527
98885 98669
50011 49903
98945 98737
13378 13350
25603 25550
98859 98659
98876 98676
49936 49835
50013 49914
98949 98758
49956 49860
25530 25481
25539 25490
25710 25663
49929 49843
50026 49940
49990 49905
49929 49849
98886 98737
98837 98690
98844 98700
49922 49851
25532 25496
25669 25633
98883 98757
196558 196317
98956 98835
25703 25672
50022 49962
196596 196364
25584 25554
98774 98660
98871 98758
98835 98727
196553 196345
25519 25492
50035 49985
50127 50078
49881 49834
13315 13303
50033 49988
13444 13432
196541 196367
98915 98830
50124 50082
25462 25441
49886 49848
196490 196341
98937 98863
49963 49926
98829 98760
196514 196382
25662 25645
50050 50017
98834 98769
98850 98789
98915 98855
391886 391651
391900 391670
98899 98845
196589 196483
98757 98704
196471 196369
196552 196451
196569 196472
196554 196458
391910 391719
196431 196338
196531 196441
13245 13239
196533 196444
196464 196376
13490 13484
391858 391697
50097 50077
391858 391703
391891 391736
391847 391693
13291 13286
196450 196378
196503 196431
25669 25660
196473 196406
391851 391720
391889 391758
391757 391627
98937 98905
49868 49852
98715 98684
196430 196369
196388 196329
196390 196331
13453 13449
391856 391745
782488 782267
782509 782295
782471 782258
391831 391726
98852 98826
196406 196355
391892 391793
196556 196509
391915 391822
391880 391789
196508 196464
391775 391695
391846 391766
782449 782294
782549 782396
782484 782335
1563793 1563501
391795 391725
391802 391732
782480 782343
782523 782388
1563780 1563512
782417 782283
1563780 1563517
196412 196379
782511 782385
391880 391819
1563772 1563536
782382 782265
782525 782409
782515 782400
782504 782390
196539 196511
98722 98708
98922 98908
1563782 1563563
391892 391858
169 102
196374 196348
1563778 1563571
782503 782400
391710 391659
391844 391796
1563714 1563529
782498 782406
782519 782429
782489 782401
782517 782430
1563792 1563620
1563724 1563555
782353 782269
391706 391666
391814 391777
391832 391795
1563752 1563605
1563730 1563585
782354 782282
1563705 1563564
3126288 3126013
1563756 1563619
1563676 1563540
3126277 3126073
782450 782384
782425 782361
3126299 3126059
1563706 1563587
1563776 1563671
3126270 3126036
1563783 1563667
782367 782311
1563731 1563622
3126209 3126016
1563695 1563599
1563771 1563675
1563734 1563640
3126265 3126066
391664 391636
782416 782372
391890 391868
196406 196379
3126200 3126027
1563702 1563618
1563648 1563568
