5001017332
260 196
239 72
273 19
192 15
224 164
272 25
273 46
76 13
198 34
138 24
289 59
219 47
268 59
290 66
136 34
168 45
275 183
251 87
272 114
179 79
211 102
293 144
291 176
133 67
214 126
299 180
37 3
52 14
102 51
114 68
151 95
146 103
110 80
227 170
262 210
297 241
79 68
147 128
173 151
195 171
297 262
219 200
111 103
288 269
94 89
231 225
254 248
170 168
274 272
143 7
5001000300 5001000009
295 299
36 37
256 259
212 216
45 46
142 186
124 129
255 271
239 260
161 177
254 283
206 230
134 155
191 225
178 211
165 198
137 167
57 72
119 152
196 255
199 278
136 191
140 200
196 288
120 179
149 228
158 247
170 273
153 260
146 250
167 295
149 267
72 133
151 280
32 62
79 154
23 46
126 252
128 256
107 217
27 55
119 283
77 184
101 249
34 90
77 229
45 159
39 178
53 246
23 139
28 178
21 137
41 284
29 204
11 78
38 279
18 155
27 252
18 207
25 292
6 81
6 93
3 52
10 174
13 276
8 170
11 242
10 250
4 158
1 266
