9718537124
126 1
200 4
175 4
40 1
158 4
155 4
67 3
102 6
175 13
170 16
148 14
124 12
123 12
80 8
97 12
40 5
160 20
167 21
152 20
61 9
81 12
98 15
149 2
121 20
59 10
179 31
147 27
177 33
96 18
151 29
160 32
132 28
71 16
141 33
100 24
163 41
189 49
192 52
48 13
120 33
149 41
109 31
171 49
161 47
85 26
159 49
173 54
198 62
127 41
195 66
189 65
173 60
173 60
92 32
147 53
130 48
148 55
64 24
104 39
145 56
120 47
194 76
127 50
193 79
68 29
50 22
150 67
163 73
196 90
167 77
193 89
80 37
151 70
86 40
165 78
76 36
167 82
40 20
87 44
183 101
184 102
148 83
140 79
192 109
114 66
193 112
195 116
118 71
181 109
107 65
133 81
105 65
32 20
146 92
188 119
110 18
89 57
90 58
81 53
24 16
171 116
173 118
111 76
42 29
159 111
189 133
136 96
166 118
195 139
108 78
148 108
195 147
21 16
119 91
159 122
161 124
128 99
166 129
81 63
165 131
197 157
152 122
164 133
80 65
192 156
175 111
173 143
200 166
188 159
146 124
14 12
14 12
133 115
115 100
193 168
184 161
136 119
187 166
29 26
148 134
136 124
60 55
198 182
42 39
188 175
194 181
154 144
154 146
46 44
119 114
164 158
195 189
140 136
78 76
189 185
128 127
172 171
313500191 313500004
313500171 313500007
313500196 313500037
313500193 313500046
313500184 313500040
313500171 313500031
313500189 313500056
313500180 313500063
313500177 313500063
80 66
313500189 313500079
313500157 313500053
313500196 313500147
177 197
313500161 313500075
313500167 313500096
313500166 313500115
313500160 313500110
313500183 313500133
313500193 313500157
313500159 313500126
313500185 313500154
313500195 313500168
313500199 313500175
313500168 313500143
313500177 313500158
313500195 313500176
313500171 313500153
313500164 313500160
313500173 313500177
313500154 313500162
313500168 313500178
313500178 313500195
170 181
135 136
164 166
122 124
169 172
176 180
146 150
126 132
124 130
72 76
141 149
102 108
93 179
58 62
122 131
89 96
92 100
108 120
65 73
97 109
141 165
152 179
110 130
130 155
159 194
118 144
146 180
94 116
161 199
108 134
127 158
122 152
115 145
101 129
152 196
73 95
130 171
133 178
148 199
145 195
102 138
124 168
22 30
137 187
144 197
133 182
131 181
132 183
134 186
50 70
29 41
69 102
134 199
4 6
92 141
102 157
127 196
102 162
70 113
53 86
107 175
33 55
20 34
89 152
86 149
85 148
99 175
97 173
34 61
68 122
72 130
75 137
35 64
63 116
86 161
105 199
70 133
99 193
79 155
93 184
51 101
73 146
67 136
73 152
78 169
51 111
69 152
78 182
81 192
54 131
64 158
53 135
44 113
34 96
70 198
54 154
54 154
38 111
37 113
7 23
25 92
48 189
42 166
46 185
43 182
14 61
38 166
37 168
33 150
39 188
8 39
11 55
28 141
13 74
16 92
24 142
22 141
23 155
25 181
19 143
12 98
18 151
11 114
8 85
11 125
16 189
12 147
14 187
9 130
6 111
3 56
9 169
7 155
8 190
7 200
2 64
5 165
4 136
3 131
2 122
2 140
