1008891
194 17
252 26
282 102
229 30
281 55
237 58
214 46
258 65
296 60
299 122
269 6
263 90
198 57
90 9
177 19
58 8
168 27
123 29
144 35
204 52
171 45
219 62
187 59
201 64
19 7
242 94
132 57
121 53
179 80
278 132
216 104
224 109
258 130
127 66
270 144
249 136
296 171
207 126
298 185
85 53
287 191
176 119
247 171
182 128
90 64
264 190
68 50
262 195
134 102
140 107
126 98
277 216
168 135
205 165
134 112
210 179
30 26
124 108
265 231
197 173
101 89
121 108
55 50
105 97
291 271
246 237
62 61
100538 100246
100772 100493
101268 100988
101252 100990
102243 101981
102220 101963
124 3
108089 107819
115924 115643
162798 162505
274 275
154 155
208 210
100 101
145 163
