6000018158
270 27
211 11
183 13
210 15
135 10
294 22
178 16
254 32
209 28
166 24
113 17
202 32
126 22
186 41
291 70
297 75
215 61
225 64
261 76
259 89
220 76
98 35
217 78
134 52
234 92
156 71
73 34
148 72
154 80
286 150
86 50
215 131
248 161
131 86
237 164
253 178
282 203
87 64
260 195
133 102
237 182
216 166
232 180
83 65
91 72
282 233
239 198
261 218
61 51
169 142
276 239
75 66
201 181
269 245
102 96
298 281
275 268
297 7
6000000300 6000000019
266 269
123 124
246 256
264 277
212 227
260 294
255 292
130 150
129 152
170 202
119 143
164 205
80 103
148 193
215 293
144 201
116 162
83 117
212 300
160 229
147 212
57 83
133 199
88 132
169 255
91 146
184 297
111 186
168 288
141 250
38 70
82 159
27 56
127 276
102 223
59 151
55 158
81 233
43 124
84 247
86 257
83 255
91 283
69 221
71 244
68 265
15 70
43 206
23 125
34 200
31 184
21 134
15 117
24 220
24 223
23 233
15 158
12 210
9 228
5 164
7 266
5 288
