1009893
31358 31276
31355 31277
586 502
31344 31268
547 517
571 555
583 532
31342 31270
570 502
584 565
567 546
556 539
15698 15646
573 516
15734 15638
570 499
547 519
295 260
571 507
581 538
354 300
566 499
580 545
15696 15655
327 277
90 17
591 560
567 518
546 523
338 257
15704 15650
593 529
314 285
353 312
15696 15660
556 521
327 289
292 258
321 299
317 282
592 508
346 296
15721 15657
353 256
1068 1018
353 270
1064 1021
317 294
1043 997
15717 15637
351 307
1073 1055
64 42
332 274
1063 998
1064 1023
1069 995
337 265
89 65
15692 15644
335 315
284 265
1074 1015
283 255
332 304
1024 1008
314 284
1074 1054
1072 1052
301 280
323 276
341 288
161 145
1057 1004
1082 1016
1076 1012
75 41
1078 987
1061 1024
1007 992
15734 15682
230 211
1064 1009
1045 1022
226 187
15718 15638
230 214
199 174
205 146
204 156
163 143
209 170
216 197
1022 997
223 165
2018 1975
2052 1975
195 135
15714 15656
2060 1976
204 147
96 56
219 145
161 143
210 185
225 137
205 189
2016 1977
179 152
59 6
2058 1996
195 157
2012 1993
2059 2041
194 180
2061 1981
2027 1989
223 154
2036 2012
169 141
65 15
161 133
2037 1982
78 42
7907 7831
2027 1999
2042 2025
7904 7834
168 149
2002 1971
153 139
7895 7826
65 7
72 18
7896 7827
7896 7844
99 11
79 61
69 49
43 7
2043 1971
2022 1975
100 34
3976 3951
4014 3977
42 12
69 7
3977 3951
39 1
3991 3943
65 18
4009 3918
7896 7848
95 41
3948 3920
3969 3923
7917 7836
45 30
3998 3932
71 31
7901 7837
3975 3922
3956 3930
95 74
83 56
100 56
3999 3919
3964 3924
7881 7846
7915 7856
3958 3934
4009 3974
3988 3926
56 24
81 31
73 49
90 26
3985 3937
91 71
7910 7835
63 27
79 31
69 13
7913 7858
78 26
7903 7833
7919 7866
7908 7844
7892 7836
82 45
15701 15665
31344 31273
31356 31290
31343 31284
31335 31271
31336 31272
37 25
41 29
75 63
21 18
51 44
59 52
92 85
54 50
225 215
192 184
321 308
272 263
333 322
33 32
272 264
75 73
315 307
279 272
560 548
155 152
542 533
541 534
555 549
1078 1067
1084 1073
522 517
2007 1993
1011 1004
1051 1044
2003 1992
2056 2046
2048 2040
3949 3935
3936 3924
7913 7889
3934 3923
7892 7870
7904 7882
7852 7831
7887 7866
7880 7861
1004 1002
514 513
15721 15693
31323 31268
15707 15681
7916 7903
15717 15694
62604 62514
547 504
15676 15653
7842 7829
15690 15668
93 93
