96922006
115 8
51 5
224 32
129 20
166 41
205 53
267 74
221 72
152 50
101 34
189 69
176 78
193 15
74 40
298 167
105 62
57 35
102 63
224 146
119 79
118 79
216 152
80 59
153 132
108 94
275 264
288 281
3126293 3126041
3126283 3126042
3126273 3126033
3126269 3126030
3126261 3126063
3126293 3126103
3126242 3126053
3126300 3126120
3126271 3126095
3126232 3126072
3126233 3126096
3126267 3126131
3126282 3126159
3126230 3126109
277 123
3126287 3126168
3126253 3126135
3126294 3126231
3126225 3126127
3126257 3126159
3126239 3126152
3126244 3126164
3126261 3126187
3126283 3126216
3126275 3126221
3126290 3126268
3126277 3126275
3126261 3126266
3126241 3126254
3126241 3126268
3126226 3126262
3126233 3126282
224 260
214 225
97 106
19 21
112 124
135 153
135 158
223 292
179 235
180 243
93 126
157 213
46 67
45 67
78 125
176 296
123 215
148 280
124 241
126 254
116 242
111 242
81 238
87 268
36 124
48 206
21 95
28 279
14 229
12 227
11 213
8 234
