9999229281
96 1
73 4
70 5
78 6
60 5
42 5
35 5
47 8
28 5
85 21
47 13
97 28
31 9
83 27
98 36
79 31
91 36
64 26
66 27
87 36
51 22
66 30
95 1
73 35
33 16
87 43
26 14
97 56
71 43
91 56
83 54
24 17
96 70
43 32
87 65
17 13
91 70
22 17
61 49
49 41
88 76
82 71
99 89
83 75
49 45
13 12
59 58
62 61
119531340 119531256
119531338 119531258
119531341 119531264
72 34
119531345 119531276
119531342 119531275
119531331 119531268
119531335 119531273
119531341 119531280
119531321 119531262
119531332 119531276
119531341 119531285
119531348 119531293
119531341 119531266
119531321 119531253
119531312 119531260
119531308 119531258
76 85
119531302 119531252
119531341 119531291
119531336 119531288
119531339 119531291
119531306 119531259
119531323 119531277
119531307 119531263
119531313 119531271
139062598 139062550
119531305 119531264
119531333 119531292
119531300 119531260
119531300 119531263
119531322 119531285
119531311 119531276
119531320 119531287
119531347 119531314
119531337 119531306
139062596 139062562
119531299 119531271
139062598 139062567
119531286 119531260
119531300 119531275
119531317 119531293
119531308 119531285
119531288 119531267
119531278 119531258
139062596 139062576
119531341 119531324
119531334 119531319
119531326 119531315
119531327 119531316
119531342 119531332
119531307 119531298
119531347 119531340
119531347 119531340
119531344 119531338
119531340 119531337
119531284 119531282
119531298 119531297
119531349 119531349
30 30
119531329 119531331
119531313 119531315
119531342 119531345
119531336 119531343
119531307 119531315
119531330 119531343
119531284 119531297
119531325 119531340
119531323 119531338
119531297 119531312
119531317 119531339
119531306 119531331
119531294 119531320
119531291 119531318
119531279 119531308
119531307 119531337
119531305 119531337
119531313 119531347
119531296 119531331
119531295 119531330
119531274 119531310
119531292 119531338
119531281 119531331
73 99
2 75
119531280 119531335
119531276 119531339
119531284 119531349
55 56
65 69
22 24
55 62
58 66
26 30
39 46
58 70
61 74
51 63
37 46
57 74
63 83
45 63
43 62
33 48
38 56
15 29
38 77
33 68
46 95
34 72
35 82
35 83
27 66
30 77
31 81
33 87
27 72
35 95
33 93
21 61
24 70
29 85
17 50
1 3
17 56
14 51
13 55
19 82
17 89
9 61
10 85
6 66
3 36
6 74
4 56
