100027117
193 76
178 83
124589 124443
124591 124458
124572 124456
124610 124503
149002 148851
124587 124429
124588 124427
124523 124415
124608 124426
124605 124431
148984 148848
112383 112230
112406 112289
112361 112225
112316 112212
112389 112243
112378 112210
112328 112238
112370 112254
112407 112241
158 124
200 21
109 5
149 25
144 68
137 27
107 18
126 49
158 1
164 1
156 70
133 70
153 67
132 60
92 60
110 54
183 82
177 98
124 24
135 24
146 9
63 3
124 61
152 48
178 96
95 9
41 2
97 66
189 24
118 71
97 55
119 70
176 45
170 49
123 43
196 64
148 110
159 56
176 40
178 59
126 27
94 6
145 42
128 24
190 79
190 94
198 67
125 18
192 127
190 74
82 4
195 46
99 64
150 109
166 88
188 36
154 13
98 3
124 44
96 16
153 68
126 11
175 92
69 8
198 4
181 89
158 36
196 17
170 129
55 13
200 103
107 61
186 87
175 82
185 85
169 4
153 49
143 47
129 71
103 26
95 40
148999 148882
171 34
114 64
126 84
184 76
106 47
183 69
144 71
184 19
159 8
130 75
41 6
94 1
186 41
135 101
185 130
194 147
170 73
166 31
194 65
72 27
155 124
73 33
185 138
152 97
159 110
177 92
163 31
189 143
160 37
90 31
138 71
70 19
182 52
142 81
112 74
183 150
189 73
190 35
97 16
197758 197711
197746 197690
490755 490702
490751 490633
197813 197661
490724 490649
112307 112250
112381 112298
490724 490653
197737 197700
197790 197704
490694 490637
112329 112254
197813 197680
197759 197690
490751 490650
112345 112267
295512 295350
490797 490637
295459 295361
295483 295315
295498 295315
295496 295348
112316 112235
112264 112228
295493 295365
295429 295354
295508 295408
295445 295319
295445 295344
295484 295414
295450 295396
295510 295319
295448 295363
295481 295383
295426 295366
295500 295380
295497 295398
881370 881309
1662645 1662519
1662645 1662531
1662633 1662520
881379 881282
881442 881252
490749 490692
881372 881251
881429 881252
148965 148867
124574 124483
124600 124503
881378 881255
881446 881365
124571 124511
148939 148875
148956 148864
124467 124422
149013 148970
881398 881306
149028 148987
881434 881294
148928 148846
124562 124510
148938 148893
124596 124552
490778 490633
490755 490675
149022 148909
148936 148832
1662678 1662543
148899 148837
124515 124433
148980 148879
148982 148894
148997 148924
148891 148848
490722 490644
490781 490692
148936 148868
1662659 1662527
490780 490718
881440 881277
490800 490751
490819 490735
124601 124523
197773 197677
490803 490727
112333 112249
197828 197751
112288 112248
197847 197734
112310 112243
112290 112228
112353 112301
197728 197660
197823 197730
197834 197771
112315 112270
112274 112217
197758 197704
197825 197673
197755 197714
197789 197746
197818 197718
490822 490689
197803 197729
8 1
32 5
55 26
26 16
56 39
43 30
77 54
101 71
58 44
121 92
122 93
29 23
54 43
97 78
133 109
135 112
65 54
92 77
180 151
162 136
102 86
187 158
197 168
179 154
124 107
145 126
191 166
148 129
172 151
34 30
129 115
156 140
89 80
124 113
143 133
75 71
184 175
129 123
108 103
144 140
124474 124445
124568 124540
124596 124570
149005 148974
148972 148942
124519 124494
124553 124528
197761 197725
148884 148857
112269 112249
124563 124542
148991 148966
148907 148884
124583 124564
197709 197680
295358 295320
197686 197661
124449 124434
295359 295324
197708 197687
197739 197719
197815 197795
197833 197813
197849 197832
490778 490738
295430 295406
124519 124509
112254 112246
490729 490696
124428 124415
42 33
3225183 3225007
3225172 3225035
1662655 1662550
1662685 1662583
295354 295336
3225171 3225019
490700 490671
490769 490741
3225160 3225003
3225187 3225015
1662614 1662526
3225176 3225016
881436 881400
3225132 3225018
1662680 1662619
197839 197826
197852 197839
148980 148971
124511 124504
295362 295347
124427 124421
490699 490680
881373 881340
490710 490692
3225149 3225039
881433 881404
3225161 3225055
1662637 1662526
1662603 1662518
881323 881292
3225190 3225085
3225116 3225012
197668 197664
