9999789186
280 1
42 1
186 7
225 11
196 11
285 21
199 15
266 21
62 5
251 21
100 9
153 16
197 22
70 8
150 19
171 22
181 26
258 40
129 21
260 45
290 52
283 51
283 52
266 50
222 43
102 20
258 2
213 47
76 17
277 62
150 35
253 63
246 63
217 59
93 26
150 45
294 97
135 45
237 81
235 81
71 25
293 104
289 104
247 95
275 112
143 61
249 107
221 95
67 31
67 33
140 69
243 120
98 49
174 87
268 141
259 142
83 46
95 53
215 121
260 152
276 165
98 60
122 76
73 46
228 146
255 164
132 85
178 115
293 191
262 172
275 182
287 193
289 212
248 182
183 135
96 71
204 151
294 225
211 166
271 214
262 207
259 212
283 237
222 187
151 32
126 107
153 130
157 134
280 239
256 224
266 237
281 253
151 136
259 234
233 219
147 140
151 144
167 162
276 270
252 214
1625000299 1625000066
292 295
1001220998 1001220758
1019531544 1019531334
1019531546 1019531347
1078125296 1078125116
1078125290 1078125135
1002441696 1002441553
1019531550 1019531434
1156250300 1156250196
57 57
32 32
142 235
169 170
261 272
261 281
250 272
45 49
198 216
268 295
260 291
145 164
160 185
211 245
96 114
170 202
138 167
201 244
182 224
119 148
179 229
213 273
65 84
208 269
139 181
156 208
181 242
48 65
217 294
151 205
207 283
111 154
205 299
122 178
37 54
205 300
128 189
140 209
157 236
170 257
160 256
136 224
44 73
63 108
91 160
97 171
73 130
51 91
20 36
125 226
159 294
8 15
108 205
51 99
18 35
121 236
148 296
95 192
46 93
57 116
86 176
118 243
81 167
62 128
21 45
57 128
126 290
40 93
35 84
80 198
83 209
98 252
108 297
52 151
89 266
55 176
34 111
77 280
62 255
62 276
45 207
25 127
56 296
29 154
54 296
45 260
37 225
27 167
16 104
37 251
22 152
38 267
32 279
15 207
15 208
11 165
8 120
12 188
9 148
10 233
11 281
3 147
3 175
4 266
4 278
1 112
