1017953
293 135
402 257
77 23
213 108
99 20
249 42
231 83
219 16
216 94
270 3
417 268
213 92
297 25
269 16
241 108
451 274
268 68
256 24
485 285
519 297
139 60
460 292
201 79
178 86
382 184
232 25
293 30
69 25
401 165
156 22
92 22
202 128
83 48
378 223
274 86
636 409
212 86
325 158
112 22
149 16
272 19
339 167
284 59
252 72
104 65
71 28
286 173
414 122
144 47
297 103
166 11
234 75
130 16
275 46
98 64
267 124
251 163
194 84
379 149
355 164
289 20
60 18
273 171
206 4
78 20
8131 7957
286 243
1251 1208
277 195
246 184
1369 1308
276 225
357 299
270 192
259 215
402 286
464 367
492 411
2173 2059
327 260
1265 1176
351 275
414 276
261 187
176 119
2332 2101
574 531
1305 1224
222 147
631 468
2323 2218
274 229
428 289
287 242
281 208
620 509
279 200
411 311
842 739
387 316
278 199
879 813
1343 1259
854 813
4234 4072
214 169
771 662
821 723
417 336
8169 7990
16011 15800
31563 31367
62892 62705
62812 62618
31550 31380
15985 15730
4260 4186
4226 4126
4195 4052
8156 7956
12 4
105 77
155 117
131 101
170 142
268 233
158 139
168 148
231 206
296 270
257 235
132 121
204 189
260 242
267 253
795 756
214 205
452 434
679 652
1333 1293
1211 1180
410 401
237 232
750 737
4174 4107
2280 2252
4084 4035
4200 4155
4124 4086
4086 4054
7998 7938
7973 7917
8209 8152
4124 4097
15885 15799
8045 8004
15902 15833
7968 7939
31612 31524
31456 31373
62815 62657
2216 2211
453 452
15966 15933
62818 62707
62781 62680
62701 62610
4303 4297
264 126
250362 250176
15950 15939
59 61
