1023742
231 38
159 73
151 21
274 27
295 119
178 34
202 52
225 77
245 24
299 60
243 70
199 90
73 2
262 24
175 53
187 40
244 109
148 62
216 47
149 23
265 13
215 82
161 37
77 15
79 10
93 23
255 31
263 69
251 13
299 79
267 118
199 47
113 10
224 33
183 43
237 70
249 46
256 30
247 30
274 11
180 32
290 64
282 55
137 44
300 63
158 56
215 99
288 42
228 30
148 7
123 28
105 20
275 115
246 63
250 11
299 104
288 89
255 100
284 118
273 65
261 35
159 71
18079 17940
41547 41263
18096 17949
224 154
245 191
212 102
139 86
221 125
142 87
242 184
12203 11963
12236 12089
12162 12012
241 184
275 195
273 205
25909 25654
12223 12056
12089 11960
223 137
276 217
188 128
150 88
12239 12021
175 105
12224 12057
270 128
287 165
168 104
127 59
179 88
18083 17844
14154 13969
14199 13948
144 90
160 74
266 147
164 76
251 173
213 126
226 124
18091 17814
195 123
233 135
239 117
18041 17816
14182 14044
14143 13961
257 179
257 179
18090 17899
255 158
283 136
262 152
290 158
272 133
138 66
291 165
286 184
198 128
14167 14008
293 148
14116 13911
14140 13992
256 123
276 197
272 202
185 95
274 221
140 85
262 125
14195 13913
283 210
152 80
272 215
228 160
168 98
99 46
25798 25638
25858 25701
41515 41264
17987 17866
25842 25632
23 2
21 2
26 5
107 58
39 25
108 71
79 52
92 62
88 61
104 74
129 96
32 24
175 133
202 158
215 170
207 170
265 221
246 206
213 179
267 226
106 90
148 129
56 49
249 219
248 219
137 122
85 76
231 207
276 248
286 257
199 179
270 247
115 106
244 225
195 180
175 162
240 224
135 126
198 186
282 265
137 130
147 140
231 220
266 257
214 209
12152 12061
12207 12117
14052 13958
18058 17943
18031 17924
12138 12068
14076 13996
25908 25762
14180 14105
25921 25784
17973 17879
14090 14017
25882 25762
14097 14034
41537 41377
41480 41329
41426 41285
25878 25790
110 14
25736 25635
12080 12034
25907 25820
25812 25732
65 66
127 130
