96904029
188 5
174 5
200 6
61 2
123 5
140 6
181 9
107 6
68 4
200 12
117 8
183 13
200 17
20 2
112 13
79 11
169 24
84 14
151 28
176 2
165 36
173 38
50 11
200 44
122 28
127 30
177 42
121 30
146 39
128 36
53 16
106 33
138 44
150 48
158 51
192 70
42 16
163 65
169 69
156 64
132 55
69 29
195 82
38 17
182 82
137 62
156 71
126 60
179 86
160 77
135 65
69 35
195 100
195 100
95 49
180 93
85 44
169 88
182 96
152 81
57 31
179 98
92 51
171 95
105 59
126 71
183 106
107 62
107 62
136 79
184 107
112 67
191 117
60 38
71 47
103 69
97 65
117 80
190 132
105 73
200 145
76 57
157 118
164 125
134 104
131 102
74 59
152 122
116 94
140 114
97 79
159 131
168 140
43 36
166 139
200 168
91 77
46 39
106 90
51 44
96 83
62 55
91 81
191 171
144 129
192 173
110 100
167 152
111 102
38 35
113 105
156 146
33 31
184 173
179 169
91 86
160 152
103 98
3125185 3125009
3125179 3125005
3125190 3125024
159 34
3125169 3125025
3125179 3125046
3125198 3125067
3125186 3125057
3125177 3125053
3125192 3125069
3125178 3125027
3125191 3125083
3125199 3125174
184 199
3125184 3125088
3125170 3125075
3125194 3125108
3125198 3125115
3125189 3125108
3125180 3125105
3125185 3125116
3125175 3125108
3125172 3125110
3125178 3125130
3125197 3125175
3125175 3125156
3125189 3125170
3125168 3125151
3125178 3125170
3125175 3125174
3125179 3125178
3125176 3125178
3125177 3125180
69 139
134 138
120 124
119 123
165 174
176 186
140 148
166 177
178 190
160 173
164 178
70 76
112 122
183 200
85 93
176 197
98 110
137 154
7 8
165 189
115 132
78 91
66 79
140 168
90 110
101 124
70 86
106 131
96 120
152 191
154 194
58 74
126 167
107 144
53 72
43 59
130 187
37 54
119 177
18 27
130 197
108 165
116 182
31 49
91 146
14 23
88 146
27 45
107 189
60 106
107 194
65 119
46 85
46 86
84 164
80 161
40 82
89 183
21 44
51 108
44 96
17 38
57 135
72 171
74 180
71 181
66 177
59 159
58 169
42 125
49 148
48 145
46 141
37 117
4 13
36 118
48 161
17 58
55 188
58 199
16 59
49 188
41 160
35 142
42 179
34 146
32 158
22 109
32 160
26 134
17 98
14 81
29 168
12 71
16 96
23 139
28 180
25 167
21 141
20 150
16 128
3 26
18 167
11 103
13 132
13 133
13 135
14 146
4 50
14 192
8 144
5 118
4 103
3 94
4 127
6 195
5 171
3 121
2 92
4 189
