99765508
53 1
96 2
81 2
97 4
45 2
31 2
98 7
13 1
43 4
43 4
36 4
85 10
73 9
93 12
54 7
66 9
50 7
81 12
69 11
80 13
18 3
92 16
78 14
55 11
86 18
62 13
49 11
75 17
66 15
68 16
92 23
80 20
27 7
77 20
91 24
44 12
83 23
99 29
64 20
78 25
60 20
66 22
84 28
12 4
20 7
91 32
71 25
84 31
98 38
72 28
57 23
94 38
73 30
51 21
50 21
95 40
98 44
84 39
81 38
61 30
72 36
34 17
97 49
87 44
84 43
82 42
89 46
52 27
57 30
36 19
71 38
56 30
36 21
86 51
32 19
59 36
80 49
70 43
92 57
80 50
83 53
75 48
68 44
98 64
99 66
39 26
95 65
78 54
68 48
89 63
55 39
76 54
32 23
33 24
77 56
79 58
99 74
41 31
50 38
21 16
82 1
52 41
81 64
72 57
88 73
97 81
45 38
94 80
95 82
88 77
40 35
68 60
43 38
32 29
54 49
44 40
98 90
62 57
31 29
72 68
82 78
66 63
49 47
75 72
78 75
32 31
66 64
95 93
95 93
51 50
64 63
88 87
68 52
63 62
97 99
7250099 7250029
13500099 13500037
13500099 13500045
13500100 13500047
26000100 26000003
26000099 26000009
30 30
70 70
81 81
19 19
27 27
23 23
47 47
77 77
36 42
64 65
57 58
44 45
37 38
36 37
88 92
47 50
74 79
59 64
88 96
71 78
55 61
64 71
17 19
89 100
16 18
39 44
87 99
43 49
49 56
80 92
85 98
13 15
13 15
65 75
39 45
51 59
43 93
44 52
77 92
77 93
52 63
77 94
54 66
66 81
61 75
56 72
73 94
72 93
58 75
68 89
74 98
74 100
58 79
48 66
61 85
7 10
23 33
55 79
32 46
45 65
42 61
66 96
65 97
64 96
2 3
51 77
40 61
47 72
39 60
22 34
53 82
57 89
35 55
55 88
42 69
60 99
53 89
37 63
38 65
45 77
39 67
19 34
31 57
44 82
15 28
40 75
17 32
34 64
50 95
45 86
30 58
48 93
51 99
22 44
17 34
32 65
38 78
20 42
28 59
47 100
33 71
19 43
28 66
36 88
15 38
28 77
14 39
32 90
9 26
33 98
32 96
2 6
12 37
29 90
30 94
29 91
28 97
18 64
19 70
23 86
19 72
21 80
23 88
17 66
21 82
11 45
20 83
9 39
16 70
18 79
14 63
16 74
12 57
16 77
19 92
8 39
15 75
9 45
3 16
18 100
13 73
15 86
11 72
9 59
8 53
4 27
9 72
7 58
7 60
8 69
6 63
7 80
5 61
3 37
2 25
6 76
3 39
5 82
1 17
1 21
1 21
2 46
1 52
1 56
1 84
