1016205
121 1
79 2
296 11
230 10
179 9
34 2
157 12
167 13
219 18
214 20
110 11
227 25
51 6
148 18
156 19
298 37
251 32
60 9
297 45
244 39
213 35
298 49
294 55
272 53
262 54
223 49
263 62
251 62
292 75
215 56
168 44
95 25
183 49
194 52
294 79
281 79
124 35
208 61
177 53
279 84
279 84
168 51
23 7
69 21
256 78
267 82
292 90
229 73
215 69
271 97
291 111
220 84
258 99
112 43
273 106
99 39
99 39
281 114
263 108
73 30
274 113
137 57
68 29
293 126
266 116
250 111
270 121
280 127
239 6
56 26
266 125
193 94
98 48
67 33
231 114
248 128
206 108
223 117
272 146
160 86
78 42
268 151
297 170
269 154
233 135
264 153
221 133
296 181
156 97
177 112
190 121
207 132
254 162
140 90
244 163
300 203
125 85
295 203
58 40
142 98
177 125
223 161
211 155
270 206
283 216
185 142
298 229
62 48
59 46
290 233
185 149
193 157
287 234
277 227
214 178
194 163
201 169
254 216
181 154
92 79
128 110
163 141
216 187
245 217
234 208
165 147
264 236
204 186
263 240
291 267
258 119
207 194
136 128
291 275
24 23
275 264
179 173
279 272
134 131
204 200
269 264
227 224
118 117
31557 31307
31534 31297
31493 31266
31479 31261
31514 31301
31484 31299
31490 31308
31498 31316
31545 31365
183 182
31441 31274
31409 31264
31470 31327
31441 31306
31442 31311
31553 31422
242 241
31542 31416
31446 31330
274 273
31493 31384
31494 31373
31393 31271
293 270
31447 31341
31457 31351
31545 31449
31525 31419
31455 31356
31551 31482
31548 31473
31522 31448
31485 31417
31545 31488
293 295
31553 31519
262 262
215 215
270 277
264 269
197 201
163 167
170 175
201 208
145 151
151 158
197 207
257 271
111 120
157 172
76 84
148 164
175 199
252 290
230 267
167 194
229 269
195 230
218 260
201 243
179 222
93 116
140 175
153 195
235 300
190 250
162 215
222 295
139 186
73 98
76 104
169 234
209 291
136 191
123 173
158 223
123 177
44 65
26 39
193 293
142 217
159 245
61 94
72 113
179 283
152 244
57 93
139 229
161 269
102 172
150 254
145 249
173 299
