100010913
99 21
95 13
100 12
88 2
85 4
97 11
94 7
93 5
67 1
61 3
40 2
50 3
66 4
79 5
77 5
46 3
62 5
47 4
34 3
51 5
71 7
76 8
60 7
85 10
34 4
46 6
45 6
51 7
79 11
82 12
88 13
60 9
12 2
39 7
57 11
88 17
50 10
69 14
92 19
66 14
28 6
85 19
87 20
90 22
61 15
85 22
92 24
95 25
72 19
41 11
93 27
89 26
90 27
93 28
84 26
65 22
61 21
70 25
91 33
19 7
46 17
97 36
78 29
62 24
74 29
65 26
73 30
36 15
90 38
26 11
68 29
28 12
55 24
64 28
72 32
87 39
71 32
99 45
43 20
88 41
55 26
55 27
55 27
50 25
14 7
93 48
58 30
79 41
84 44
94 50
65 35
79 43
11 6
62 34
58 32
85 47
86 48
28 16
50 29
94 55
54 32
83 51
34 21
92 57
52 33
75 48
64 41
56 36
95 62
84 55
29 19
93 61
38 25
85 56
53 35
83 55
83 58
93 66
100 71
45 32
79 57
72 54
65 49
33 25
62 47
13 10
70 54
90 70
45 35
18 14
91 71
58 46
59 47
69 55
98 79
27 22
83 68
100 82
82 68
87 73
77 65
78 66
99 84
100 85
89 76
96 82
36 31
47 41
32 28
64 57
47 42
79 71
93 84
98 89
79 72
96 88
59 55
15 14
79 74
68 64
59 56
55 53
87 84
62 60
94 91
99 96
78 76
82 80
66 65
73 72
79 78
96 95
205407 205326
205393 205326
1572600 1572506
77 1
205378 205316
205412 205350
205375 205315
205396 205336
205378 205319
205378 205320
205382 205324
205411 205365
791341 791284
400716 400639
400718 400641
791340 791280
791323 791261
791326 791260
791321 791255
791348 791279
400718 400661
400702 400647
791348 791275
791331 791252
400725 400672
400684 400637
400719 400671
1572572 1572501
205385 205345
205354 205317
205369 205333
205374 205338
205384 205352
205371 205341
205361 205333
205383 205355
205339 205313
205349 205324
205372 205347
205382 205357
205386 205362
205378 205355
400677 400633
400697 400656
400706 400666
400708 400669
400687 400649
400709 400672
205347 205329
205387 205369
400678 400643
400689 400654
400702 400668
400725 400693
205347 205331
205364 205348
400659 400628
205373 205358
400723 400694
400665 400637
205348 205334
205399 205385
791304 791251
791341 791289
791344 791293
205352 205339
205369 205356
205410 205397
400691 400667
400717 400693
791309 791262
791326 791279
205358 205346
400664 400641
400725 400703
791327 791284
791312 791271
791318 791277
205323 205313
205382 205372
205393 205383
791343 791305
400721 400702
791332 791296
400648 400630
205412 205346
1572590 1572528
1572593 1572530
400715 400697
205327 205318
791295 791261
791320 791286
791337 791305
400646 400630
400669 400653
791313 791283
791349 791319
400648 400633
1572588 1572533
791281 791254
205328 205321
205400 205393
1572587 1572534
400688 400675
791300 791275
1572561 1572513
1572571 1572523
1572592 1572544
400660 400648
1572563 1572517
791285 791262
791279 791257
791279 791257
400666 400655
3135093 3135009
791295 791274
791301 791280
3135096 3135014
1572543 1572502
1572545 1572505
791280 791260
791297 791277
791314 791294
205372 205367
791306 791287
791314 791295
791317 791298
400681 400663
1572545 1572509
791282 791264
3135100 3135029
400707 400698
1572559 1572524
1572579 1572544
3135086 3135014
791278 791254
3135088 3135020
791268 791251
205410 205406
400691 400683
400707 400699
1572590 1572559
791309 791294
400687 400680
400662 400656
400704 400698
400719 400713
205369 205367
400704 400701
93 93
12 12
26 26
205409 205411
205403 205405
205407 205410
205384 205387
205402 205406
205387 205391
205405 205410
63 64
55 56
96 98
93 95
90 93
79 82
93 97
57 60
91 96
86 91
71 76
64 69
