50072205
131 1
143 4
285 14
210 12
156 9
170 11
105 7
275 19
209 15
172 13
131 10
187 15
167 14
112 11
292 29
206 21
282 29
281 31
139 16
17 2
234 28
253 34
253 35
146 21
222 33
146 22
209 33
106 18
211 41
159 31
239 47
101 20
247 50
265 54
173 36
239 52
289 63
293 64
118 26
222 49
290 65
229 52
199 46
284 69
223 55
264 66
240 62
58 15
228 60
121 32
184 49
242 65
80 22
191 53
130 37
291 83
164 47
59 17
161 47
58 17
146 44
275 84
229 72
228 73
183 59
129 42
299 98
275 91
63 21
156 52
200 69
269 96
127 47
234 89
106 41
291 120
232 96
48 20
287 123
261 112
260 113
229 100
269 118
241 108
184 83
195 88
285 130
279 128
280 129
232 108
73 34
197 92
231 108
77 37
300 145
243 122
278 141
206 105
226 118
110 58
250 132
99 54
212 117
237 131
167 93
285 159
283 158
190 108
294 169
144 84
214 125
300 176
151 89
266 157
279 165
135 80
209 125
290 176
185 113
80 49
26 16
263 163
244 152
221 138
172 108
291 183
140 89
279 179
201 130
231 151
150 99
145 96
221 147
208 139
290 198
158 108
110 78
196 139
230 165
291 209
182 131
273 220
206 149
219 161
232 171
244 181
212 164
277 206
217 167
255 191
228 171
274 206
202 155
156 116
163 122
185 141
196 159
241 197
223 183
223 185
127 107
264 226
183 158
66 57
259 225
216 188
206 181
135 119
180 159
160 142
271 241
285 255
267 241
188 170
257 233
131 119
196 182
256 239
200 187
197 185
279 266
183 175
158 153
64 62
225 219
235 230
112 110
123 121
124 122
188 185
155 153
180 178
198 197
298 297
242 3
50010300 50010020
281 297
86 86
182 209
271 275
191 194
212 216
224 231
145 150
173 179
189 196
244 255
149 156
183 195
251 268
250 267
102 109
41 44
212 230
147 160
209 230
108 119
115 127
191 212
200 222
262 291
184 206
208 233
222 250
227 256
180 203
237 268
207 235
86 153
202 232
117 135
208 241
118 139
117 138
179 212
248 294
194 234
198 239
39 48
215 266
196 243
229 286
109 137
226 285
171 216
187 237
156 198
97 124
127 169
165 220
65 87
177 239
182 246
219 300
212 294
180 250
127 181
117 168
150 216
166 241
166 241
188 273
84 122
191 278
82 120
158 236
121 182
123 186
166 255
72 111
172 266
163 253
180 281
186 291
136 218
181 293
184 299
180 293
86 141
106 175
178 296
120 200
125 210
73 123
128 216
117 198
124 212
135 232
103 179
169 296
66 116
76 135
79 295
51 92
59 107
156 286
68 125
131 242
130 241
132 245
152 283
117 219
122 230
131 247
149 282
83 160
149 292
140 278
125 250
117 236
140 283
57 119
83 174
63 133
126 271
113 244
48 106
37 82
68 156
61 144
57 135
35 83
106 256
49 119
27 66
110 272
39 97
52 131
74 187
53 134
116 296
93 238
116 297
76 197
85 222
62 162
55 144
56 147
104 279
60 167
98 273
33 96
56 167
97 290
39 117
62 187
59 178
32 101
85 271
58 185
62 200
69 233
56 197
54 190
53 193
18 66
30 112
74 286
73 285
60 237
74 297
21 86
60 246
49 202
59 246
52 220
14 60
33 146
31 154
12 60
50 254
53 272
17 88
30 174
39 229
16 96
25 151
18 110
26 168
37 240
39 255
26 170
36 240
29 198
30 212
35 262
28 211
22 173
31 259
6 51
3 27
27 260
3 29
21 225
22 241
18 214
23 298
22 290
13 176
12 178
19 289
14 215
8 127
14 225
11 183
13 217
15 263
11 202
11 208
13 252
12 258
13 300
3 70
8 190
8 292
3 122
2 119
2 125
2 159
2 166
1 113
