1038208
210 122
259 127
204 111
174 17
142 22
285 8
275 29
187 83
225 77
116 5
252 140
166 2
107 42
290 159
272 18
184 15
252 125
165 9
138 41
278 109
154 3
279 66
228 68
282 55
283 126
108 46
234 84
42 19
121 67
277 40
265 129
287 97
241 24
260 150
289 50
149 2
248 110
296 8
231 4
224 17
112 52
275 120
257 41
205 77
47 17
159 51
108 58
137 18
238 66
184 26
241 72
254 74
290 14
275 50
212 97
294 148
261 42
297 82
185 87
239 118
257 33
157 57
287 83
200 107
115 15
202 2
266 18
240 66
271 83
85 35
252 144
208 52
228 30
285 67
109 56
247 6
270 89
196 75
111 19
223 45
283 121
281 4
210 17
259 141
129 39
242 97
293 83
203 65
186 53
277 96
227 92
258 8
179 2
261 151
93 22
167 32
192 48
260 12
192 93
202 48
262 6
174 50
296 12
171 85
287 48
186 41
235 20
157 70
163 72
28 8
233 8
67 32
264 16
260 76
62 5
130 55
272 142
239 20
169 79
278 150
295 166
298 2
243 107
260 59
151 2
166 44
273 9
160 49
258 32
296 12
207 112
292 90
52 13
220 74
244 130
246 1
194 55
285 87
298 114
279 31
188 71
204 25
250 111
283 119
140 54
297 33
158 15
123 53
191 21
299 138
262 35
273 149
180 73
284 42
153 42
260 31
102 32
85 3
286 80
76 35
29 5
119 29
215 70
258 30
23 12
93 38
182 53
257 74
286 80
94 25
252 6
199 46
63 32
216 85
190 32
262 114
193 103
294 5
263 37
265 108
82 6
290 173
183 107
123 72
180 107
124 75
232 141
208 127
265 162
253 156
136 84
247 155
173 110
274 175
208 133
274 176
239 154
159 103
273 177
196 128
287 189
280 185
210 139
284 188
287 190
289 192
253 169
58 39
162 110
166 113
279 190
266 182
72 50
228 159
287 201
64 45
123 87
230 163
231 164
272 195
149 107
276 199
288 208
265 192
182 132
270 196
173 126
220 162
205 152
242 181
286 214
169 128
246 188
278 213
111 86
277 215
286 222
262 204
128 100
243 190
249 195
292 229
221 175
261 207
189 151
73 59
233 189
266 216
213 173
160 130
293 239
146 120
119 98
284 235
6 5
181 151
156 131
72 61
158 134
216 184
267 228
120 103
269 231
292 253
15 13
229 199
293 255
133 116
193 169
156 137
258 227
245 216
253 224
188 167
208 186
268 240
164 147
237 213
168 151
271 245
125 114
205 187
178 163
143 131
209 192
276 254
214 199
87 81
76 71
155 145
142 133
251 236
31520 31275
207 36
31530 31273
31530 31265
220 207
227 214
181 171
232 220
255 243
44 42
73 70
31488 31273
31485 31277
31496 31300
31520 31326
31475 31291
31516 31334
31435 31265
31531 31365
31496 31331
31485 31325
31496 31351
31522 31384
62787 62523
169 159
31513 31384
31482 31354
31436 31310
31482 31357
31515 31390
31463 31344
31432 31322
62765 62546
31548 31418
62758 62540
62766 62549
