100044444
278 18
189 88
251 147
191 95
126 5
288 136
281 195
294 2
152 12
287 112
101 72
298 201
208 62
202 28
235 147
161 93
296 158
271 95
279 49
275 8
287 86
130 80
246 47
213 55
259 163
170 70
279 133
268 86
146 15
200 82
132 68
49 17
88 28
174 78
261 169
279 120
146 45
114 71
291 191
141 65
207 117
255 40
265 131
259 43
121 51
296 145
121 93
213 145
112 15
299 141
144 42
252 120
297 218
152 100
298 208
96 29
231 10
194 85
292 21
114 12
159 104
246 117
156 36
115 29
129 9
205 8
222 144
201 72
161 10
287 124
137 51
214 45
81 26
279 204
27 4
18 3
141 46
162 5
214 91
176 74
62 39
58 35
286 173
199 100
39 17
261 186
82 11
144 2
43 18
104 63
141 88
142 13
287 72
271 49
198 149
230 147
52 32
274 154
200 122
98 35
290 60
22 9
272 85
212 114
197 88
207 112
173 113
297 187
188 115
230 27
286 42
161 31
267 140
262 76
283 210
245 135
271 93
119 66
221 48
66 26
274 54
122 19
86 66
188 116
97769 97669
97790 97702
390839 390676
390923 390776
390789 390629
12390 12342
390897 390657
12361 12270
12383 12331
12502 12316
12285 12223
12368 12300
390840 390643
6321 6201
195528 195410
12480 12299
12274 12211
6193 6115
6402 6358
6334 6195
12467 12409
6375 6177
195482 195334
195564 195405
390847 390694
12369 12227
6342 6182
6318 6124
6248 6148
195589 195466
390872 390647
256 209
195498 195374
1016 962
994 926
6367 6174
6370 6274
12346 12248
6225 6125
12394 12260
390908 390683
12424 12363
1028 979
6348 6144
6332 6139
6367 6142
6333 6170
195575 195424
990 838
3216 3089
24639 24477
1019 794
195520 195385
24678 24450
3300 3222
24678 24509
24588 24514
195576 195402
24703 24579
24712 24510
229 177
24511 24430
24694 24579
3341 3150
195562 195435
195604 195354
3306 3246
24557 24427
3285 3105
24659 24469
24571 24464
3330 3184
3309 3213
1048 947
195533 195334
24584 24418
195612 195326
3312 3212
3347 3054
24549 24454
24688 24528
24689 24608
988 788
24625 24561
973 905
3230 3151
24709 24494
24627 24524
280 228
3351 3077
934 804
847 796
3163 3112
195478 195383
968 816
195609 195475
24677 24573
195559 195349
49092 49035
97901 97688
1792 1570
1713 1549
49009 48944
893 765
977 835
1036 847
1805 1733
97922 97863
97787 97695
49061 49000
97807 97657
97921 97693
1021 836
1822 1588
97838 97787
49024 48843
48944 48831
1773 1660
882 790
49082 48902
49082 48971
49092 48901
49117 48841
1809 1724
97866 97686
1773 1689
259 203
49076 48991
49037 48969
1777 1640
97780 97674
937 800
1053 966
48984 48939
283 230
1746 1674
192 148
97761 97689
49043 48856
97948 97722
48915 48832
49084 48867
97814 97698
1582 1528
1685 1600
49067 49020
97833 97750
49019 48837
1730 1620
1029 912
1624 1527
49080 48915
97920 97721
97948 97662
97911 97683
1042 925
1644 1584
97777 97708
1752 1557
1813 1751
1751 1582
1746 1618
14 5
29 19
113 87
145 114
133 106
82 66
113 91
165 135
221 182
249 207
143 119
144 120
177 150
270 231
292 250
115 99
230 199
268 233
240 209
197 172
296 270
267 244
142 131
194 179
247 228
175 162
233 216
287 269
99 94
261 248
232 221
283 270
117 112
79 76
265 255
178 172
806 780
285 276
195 190
1670 1628
1656 1624
280 275
1746 1716
1688 1659
1637 1610
1651 1624
1595 1569
1784 1757
290 286
3119 3087
3092 3061
825 817
3321 3293
148 147
3167 3146
6210 6169
921 916
921 916
3117 3102
6378 6355
6302 6280
929 926
12377 12341
1044 1041
6158 6142
3102 3095
12272 12245
1742 1739
24526 24487
6254 6245
12435 12419
1636 1634
24675 24645
12421 12406
24554 24532
49080 49040
49107 49068
24601 24583
48920 48886
6186 6182
24508 24494
24607 24593
12395 12388
49001 48974
24686 24673
49118 49093
48987 48965
97840 97800
97868 97830
781547 781258
97838 97803
781549 781275
12377 12373
195480 195417
48938 48923
390895 390859
126 3
1562725 1562580
195547 195492
195397 195345
48963 48950
195453 195405
390885 390790
390721 390637
97819 97798
195477 195438
390768 390694
390806 390735
390739 390670
781485 781347
781517 781379
781398 781261
781441 781304
390828 390760
1562795 1562539
195405 195373
97854 97839
195443 195414
390713 390656
781467 781353
1562745 1562526
195360 195333
1562767 1562565
781371 781275
1562742 1562593
390845 390798
781484 781400
97896 97886
1562703 1562545
781498 781420
1562707 1562642
1562791 1562729
1562790 1562666
781334 781284
3125287 3125047
1562792 1562679
1562673 1562571
781511 781461
3125210 3125015
1562798 1562702
781377 781341
390665 390642
781401 781355
781487 781444
390846 390825
3125263 3125101
3125243 3125086
1562719 1562640
3125267 3125109
6250273 6250018
6250268 6250047
6250222 6250005
3125120 3125008
3125150 3125037
3277 3276
97849 97844
97923 97918
195371 195362
49094 49092
1562748 1562695
48948 48933
1562594 1562524
6250274 6250069
781478 781454
150 150
3302 3303
6357 6359
815 817
179 180
