100022571
295 3
269 41
205595 205354
205607 205330
205579 205317
245 12
118 8
62 5
120 10
57 5
196 21
88 16
181 33
218 42
148 34
173 41
251 63
272 69
300 80
258 70
63 19
124 42
91 33
200 74
123 46
275 112
207 86
242 102
43 19
246 109
290 132
92 42
94 45
122 61
161 82
241 124
259 141
276 165
194 116
300 194
235 155
108 74
129 91
93 66
178 127
285 212
54 41
270 208
214 169
155 135
237 234
205585 205368
205556 205340
205567 205354
205582 205373
205562 205371
205513 205327
205594 205408
205579 205396
205593 205418
205502 205341
205603 205452
205581 205436
205526 205384
205450 205314
205452 205320
205524 205392
205510 205386
205492 205371
205564 205443
205498 205383
400876 400671
205495 205391
400880 400678
400859 400665
205582 205483
205410 205315
400915 400739
205461 205372
400831 400659
205471 205384
205482 205395
400811 400644
400911 400744
400919 400759
205528 205447
205611 205532
400913 400777
791534 791272
400771 400639
400834 400702
205380 205313
400810 400680
400907 400785
205593 205531
205609 205547
791535 791301
400775 400657
205552 205492
205412 205355
791513 791300
400868 400763
791506 791312
400840 400742
400925 400828
400866 400774
205389 205342
400896 400805
400895 400805
400722 400634
791513 791340
791507 791338
400911 400827
400925 400841
791487 791322
400863 400780
400850 400768
179 4
205545 205503
791540 791379
400776 400698
400881 400804
400896 400820
791442 791294
205604 205567
791475 791334
400753 400683
791450 791319
205435 205401
400708 400642
400735 400672
400834 400771
400901 400838
791454 791331
1572768 1572525
400827 400766
400884 400824
791473 791357
400921 400863
1572786 1572560
791425 791314
791454 791343
791381 791273
791450 791343
400874 400820
400795 400742
791487 791384
1572722 1572518
791549 791448
400678 400627
791476 791376
791396 791299
1572733 1572543
791446 791351
205459 205417
400819 400772
1572794 1572610
1572696 1572522
1572692 1572521
1572772 1572604
1572687 1572520
791444 791363
400883 400844
791549 791474
791529 791457
791319 791250
791393 791326
1572760 1572631
1572747 1572624
3135256 3135011
3135278 3135045
3135246 3135019
1572786 1572679
3135236 3135024
1572627 1572523
1572725 1572621
3135298 3135094
3135281 3135080
1572797 1572698
1572663 1572565
400910 400862
3135267 3135084
3135255 3135085
3135280 3135117
243 243
138 141
