9996120139
159 5
255 13
126 7
138 9
75 6
300 30
169 18
177 20
179 21
206 25
173 25
259 39
6 1
204 35
174 34
183 38
120 26
236 57
164 40
252 64
255 65
276 71
209 56
282 76
300 84
169 48
139 44
289 94
241 79
95 32
277 96
75 26
265 96
43 16
149 56
143 57
261 105
238 96
107 44
271 115
167 75
219 99
250 115
269 141
139 74
147 79
191 103
178 96
131 72
35 20
235 140
81 3
97 64
246 164
69 46
289 198
223 157
299 213
290 214
229 169
237 176
279 215
212 164
81 64
141 112
268 221
133 110
284 240
245 208
268 228
248 211
129 111
219 191
105 94
153 137
265 244
220 207
182 172
282 272
211 139
1078125299 1078125041
1312500298 1312500279
289 300
1039062797 1039062573
1312500296 1312500067
1156250300 1156250100
1039062797 1039062678
1019531545 1019531435
1019531549 1019531507
1019531549 1019531521
193 239
235 242
95 98
29 30
170 176
136 142
154 163
244 260
70 75
223 241
224 248
164 182
196 221
93 105
130 155
218 261
190 236
229 287
98 124
210 268
116 149
63 81
214 276
128 166
159 215
202 282
204 287
118 169
121 175
113 168
180 277
56 91
132 217
69 114
125 216
141 250
90 162
155 296
83 166
118 239
132 272
134 282
65 137
75 162
112 251
65 156
98 237
121 296
98 248
45 122
65 209
92 297
73 282
10 39
49 201
43 177
69 290
46 209
60 274
40 187
49 239
49 276
47 272
50 291
12 86
39 280
18 136
3 23
29 225
32 271
2 18
5 45
16 165
24 254
15 165
13 150
21 245
16 244
9 158
6 145
