9975010019
67 1
47 1
50 3
13 1
77 6
38 3
43 4
91 9
30 5
85 15
95 17
67 12
64 12
63 13
46 10
90 20
43 10
72 18
41 11
22 6
95 26
38 11
96 28
24 7
47 14
57 17
10 3
43 13
33 10
62 21
52 18
26 9
82 29
89 33
34 13
88 34
87 35
94 38
96 2
89 38
87 38
97 43
20 9
62 28
70 32
79 39
34 17
52 27
88 46
80 42
90 49
100 55
97 54
88 49
64 36
71 40
92 54
64 38
94 57
42 26
91 59
19 8
99 65
33 22
18 12
64 43
92 62
97 68
14 10
93 69
66 50
59 45
91 70
89 69
76 59
41 32
79 63
64 52
79 66
93 78
63 55
61 54
97 86
53 47
38 34
57 51
81 75
51 48
94 92
69 68
412500098 412500001
90 59
91 90
91 98
412500100 412500056
1350000100 1350000064
5100000100 5100000015
1350000100 1350000090
1350000100 1350000095
15 15
6 6
43 57
48 49
88 91
45 47
20 21
84 89
90 96
85 91
64 69
45 49
73 80
76 84
42 47
67 78
47 55
80 94
68 81
52 63
53 65
72 92
32 42
72 96
65 90
47 66
44 62
61 86
61 86
39 56
57 82
66 96
63 92
52 76
28 41
47 70
61 96
19 30
36 57
63 100
36 58
44 71
60 99
55 91
51 91
54 98
41 79
47 92
28 55
12 24
47 97
36 77
40 88
4 9
16 36
40 91
35 81
30 75
39 99
35 90
28 82
3 9
30 91
29 89
18 57
22 70
7 24
24 85
26 96
20 75
8 32
2 9
20 100
17 91
15 83
14 89
10 90
8 77
9 92
5 54
7 88
7 91
5 66
4 59
3 53
3 94
1 58
