5010008394
71 7
172 7
168 7
76 4
178 12
140 20
194 39
163 33
192 44
28 7
93 25
70 20
174 56
173 56
188 62
138 48
100 35
149 55
153 64
176 76
165 74
161 73
88 45
136 71
189 104
131 77
54 33
162 99
151 94
65 46
166 120
149 111
157 117
67 50
48 36
170 133
135 120
89 84
116 1
5010000200 5010000019
198 199
190 195
154 172
148 174
147 173
100 121
96 122
19 25
141 188
135 192
73 104
102 150
92 136
18 28
92 144
108 170
108 173
104 175
85 147
42 73
85 151
78 157
90 188
84 187
33 76
66 162
70 183
25 66
47 163
49 196
10 40
36 150
33 140
24 106
31 171
10 58
31 181
23 186
16 176
5 129
1 43
