1011354
187 1
199 1
199 8
193 11
196 6
77 1
146 2
153 3
32 1
110 5
190 12
184 12
180 14
10 1
165 17
94 10
139 15
186 23
55 7
98 13
50 8
86 15
97 17
171 35
184 39
56 12
117 27
142 33
171 40
183 43
137 33
190 47
177 44
18 5
156 45
172 50
183 55
33 10
150 46
110 34
181 57
107 35
157 53
147 50
177 61
24 9
50 19
186 71
123 54
165 73
27 12
73 33
68 31
57 26
85 39
189 87
26 12
70 33
86 42
159 78
162 80
165 82
126 63
193 97
131 66
137 70
144 75
59 32
127 69
11 6
196 109
179 100
162 99
188 115
43 27
109 69
152 97
166 106
67 43
198 131
39 26
147 100
181 124
149 103
117 81
109 76
45 32
98 70
189 139
129 95
149 110
200 148
151 112
36 27
123 93
177 136
178 137
198 154
138 108
139 109
193 154
122 98
83 68
200 165
184 152
81 67
113 95
170 147
80 70
184 161
197 173
191 168
146 131
196 177
183 167
161 151
57 54
104 102
32428 32255
32426 32262
32424 32270
32442 32294
32428 32287
32439 32310
32403 32280
32417 32296
32437 32316
32406 32290
32403 32288
32404 32290
32408 32297
32393 32285
32385 32280
63700 63517
63700 63522
33 9
63692 63512
63694 63532
63685 63529
63669 63519
63687 63542
63666 63524
