5010012621
191 59
131 8
239 16
241 22
182 21
190 34
282 73
163 44
203 63
255 82
265 87
100 34
191 65
264 101
252 97
141 58
275 116
235 104
243 111
193 91
195 92
118 56
240 123
245 146
233 141
280 173
187 116
279 188
221 151
267 188
215 154
48 36
287 225
291 230
78 63
247 208
101 90
133 119
204 183
66 61
87 81
108 101
296 278
297 7
5010000300 5010000223
267 284
100 106
210 226
189 206
257 288
175 203
53 62
66 81
104 136
118 155
131 187
148 214
30 44
184 276
82 123
100 151
101 161
122 216
65 121
141 286
84 174
44 95
124 280
75 211
73 250
63 218
66 282
56 242
47 226
39 295
12 95
18 200
4 80
6 209
6 232
2 275
