50022752
157 89
131 9
200 20
76 8
171 23
122 21
191 37
192 38
180 36
170 36
158 34
162 40
193 52
171 47
29 8
197 55
149 43
178 57
60 22
168 62
156 58
135 51
151 68
185 84
80 38
172 82
59 29
188 98
83 44
179 95
85 46
109 61
168 136
91 54
67 40
165 101
108 68
159 102
111 78
193 137
197 145
101 76
166 133
169 136
95 79
198 166
112 94
193 163
191 163
172 154
32 29
166 151
13 12
120 111
196 182
174 163
72 70
167 160
114 112
198 197
109 2
50010200 50010012
170 185
85 87
129 133
59 62
145 157
165 183
147 170
92 111
128 155
145 176
120 148
42 53
125 158
121 154
130 169
95 128
131 179
119 170
26 39
105 159
94 145
69 110
108 175
115 196
79 153
49 95
64 127
75 153
85 182
46 99
75 164
86 193
34 78
18 46
40 108
48 138
59 191
56 189
19 68
35 129
31 117
26 102
39 154
48 190
30 122
41 173
36 189
14 78
22 123
16 90
11 66
13 101
9 165
1 19
10 195
3 59
6 149
6 190
3 188
