1007016
225 13
111 7
236 17
226 24
177 24
290 43
296 45
140 22
272 46
81 14
129 29
253 58
265 61
163 38
254 67
169 45
133 39
254 77
300 93
225 70
174 58
93 32
67 24
196 71
269 101
184 70
264 107
29 12
253 110
183 80
160 72
250 113
267 136
200 102
239 122
159 82
187 100
174 109
233 151
273 179
95 63
95 66
204 142
198 144
235 171
103 79
293 231
254 205
157 134
255 228
124 111
212 194
205 191
292 275
156 148
187 178
219 210
68 59
153 147
264 258
158 156
141 120
131550 131263
162778 162535
350286 350013
350281 350012
