1009495
853 713
1331 1086
248 121
224 151
194 19
737 595
216 102
291 45
141 63
135 11
614 415
162 16
265 154
568 465
473 293
281 198
137 32
86 19
237 52
236 132
176 70
248 112
397 226
320 240
273 46
271 120
289 166
300 76
476 279
2285 2073
2271 2055
66 41
143 89
75 52
124 89
191 142
274 227
273 227
406 340
631 530
108 93
784 685
1348 1185
180 159
744 664
1298 1175
244 221
732 668
273 251
389 359
633 589
234 219
2294 2158
2215 2103
460 438
2282 2178
250 239
582 559
8185 7916
688 674
8192 8057
8159 8033
2350 2314
16010 15772
4261 4205
16014 15855
15943 15820
31602 31379
284 282
15895 15788
15968 15863
15893 15800
31601 31467
31646 31521
31548 31445
8122 8004
31515 31415
62857 62677
62731 62624
4295 4288
31633 31583
267 25
62860 62781
62727 62643
125314 125147
125373 125250
125377 125307
4183 4186
15851 15863
183 191
