1058451
2239 2002
136 40
115 59
22 5
192 155
122 21
238 50
217 130
151 47
249 207
142 117
289 108
255 226
258 138
274 136
110 75
186 60
182 81
267 120
247 104
219 50
278 36
198 9
217 76
143 96
238 188
270 120
254 10
156 31
285 168
283 107
152 121
258 43
164 68
231 61
225 190
264 21
268 150
238 145
291 11
272 162
300 159
229 211
282 145
287 10
266 184
237 167
255 144
280 230
236 83
185 71
267 86
186 139
266 203
229 129
216 132
250 41
136 95
147 95
249 30
151 94
190 30
116 5
244 145
49 30
233 21
268 125
107 42
172 96
253 77
117 85
231 191
167 98
169 120
266 74
142 101
84 40
295 135
295 240
174 93
176 80
247 10
265 56
157 38
186 155
165 142
200 136
298 4
234 34
124 88
169 74
266 53
287 214
198 62
287 264
238 173
110 16
30 8
123 113
272 185
91 27
205 2
144 9
99 78
286 197
292 52
201 128
174 34
220 195
272 73
178 4
153 47
98 39
182 32
196 120
124 48
24 8
244 206
229 192
68 20
266 117
243 80
239 169
298 259
61 2
139 47
64 15
270 213
226 191
176 32
298 217
197 104
155 42
268 15
233 56
274 221
276 251
221 30
282 44
242 31
254 152
48 22
212 36
113 91
178 82
239 63
256 94
72 8
222 167
268 84
258 28
272 26
161 134
226 93
223 36
255 198
210 186
146 54
139 106
92 26
287 157
133 48
260 144
217 196
173 89
177 46
208 48
279 244
239 176
207 26
154 129
234 48
185 7
232 210
248 66
125 54
260 147
268 128
193 130
237 108
110 26
245 28
80 34
240 129
205 7
259 9
276 251
269 30
202 84
61 12
284 147
292 251
221 165
236 108
236 115
215 152
178 75
73 8
249 17
316 275
135 121
288 35
143 107
264 191
282 150
102 81
96 51
139 25
278 116
194 167
122 73
168 58
280 244
251 136
169 37
216 162
153 112
127 86
268 197
184 88
271 74
132 101
300 23
309 214
172 123
109 67
33 28
253 110
207 186
276 167
270 44
142 99
282 97
240 26
309 284
99 63
98 82
257 138
284 79
190 80
314 55
279 29
272 52
183 62
296 56
177 68
198 117
198 168
160 85
282 165
278 150
150 51
181 164
305 159
268 166
278 149
261 192
281 179
138 73
208 98
121 79
269 156
294 199
157 105
270 53
261 118
197 97
317 125
220 64
154 136
258 149
371 149
363 225
206 170
266 139
319 256
233 213
348 211
209 85
191 148
278 109
170 132
366 127
355 290
205 184
278 232
135 107
259 76
187 110
358 117
423 365
324 217
214 189
416 259
427 165
333 188
214 183
340 184
431 150
364 226
376 308
396 306
190 135
231 179
328 276
267 232
410 271
308 168
168 155
394 209
252 164
292 195
401 241
181 149
424 225
403 196
438 364
497 365
538 438
459 357
553 274
514 322
376 322
466 390
444 368
540 271
449 278
533 426
468 390
357 258
423 361
526 352
438 334
467 322
491 306
545 317
725 540
599 506
643 528
597 501
724 650
728 632
754 577
716 555
669 543
748 540
784 653
741 612
788 598
780 579
749 672
760 699
773 518
751 556
549 499
774 618
621 514
567 522
749 605
652 533
1117 1005
1262 1128
1236 1078
1213 1005
1285 1090
1138 1015
1186 1045
1208 1102
1220 1070
1272 1067
1203 1083
1090 988
1274 993
1192 1004
1276 1068
1202 1024
1268 1142
1259 1089
1224 1067
1122 1028
2259 2047
2216 2040
2082 2018
15898 15639
1124 1046
258 250
15920 15638
1231 1189
8094 7837
241 231
123 115
2225 2135
8112 7950
2252 2083
242 228
278 258
783 759
7982 7871
8017 7842
277 261
4095 3986
4147 4056
221 204
8108 7975
2055 2023
4210 4071
8099 7950
4023 3928
4194 3991
4175 4004
4130 3926
1091 1057
4083 3994
4142 3930
2121 2018
117 108
4204 4030
4137 3918
276 262
612 592
4201 4043
4146 4040
642 597
4195 4095
206 194
4160 4035
583 558
4144 3942
4129 4017
1083 1027
4030 3955
4085 3973
300 283
4062 3988
4085 3925
551 523
4071 3982
250 237
4188 3980
8013 7878
205 196
253 243
1235 1157
8085 7882
4135 3950
548 506
4157 4011
8001 7839
675 663
2084 1983
4120 3944
8001 7826
4050 3950
1091 1007
1056 1021
8105 7978
276 260
2171 2050
228 213
639 628
767 731
1153 1092
352 343
1176 1117
2042 1978
2255 2125
1274 1186
2120 2078
2078 2032
15906 15684
481 454
8015 7871
511 499
536 496
395 384
2249 2095
15891 15667
2074 2000
2070 1964
305 293
306 296
2071 1991
8028 7943
8029 7950
15894 15728
15910 15749
2080 2052
15872 15706
8064 7973
8116 8022
15869 15662
8059 7953
15835 15659
7955 7882
2085 2060
7970 7866
8038 7929
15920 15758
8023 7916
91 86
94 89
113 107
152 145
173 169
182 178
180 177
245 241
619 611
1146 1133
443 438
2137 2118
15922 15782
2062 2044
15852 15718
15876 15747
7952 7888
31545 31292
31502 31261
15828 15707
524 520
15923 15806
31559 31329
3995 3966
31558 31330
15865 15752
4028 4000
15883 15773
15904 15794
7996 7941
31552 31335
15925 15816
15917 15815
2082 2069
31525 31330
15887 15789
431 361
7897 7829
15815 15722
7949 7904
1256 1250
