50016271
95 40
94 30
92 2
69 3
96 7
77 23
100 18
64 9
81 14
57 7
61 8
34 8
54 16
73 22
27 9
53 21
60 25
71 31
92 41
38 19
46 24
69 1
53 29
34 19
100 56
96 54
71 42
76 45
58 35
56 35
99 63
65 42
60 40
65 46
76 55
20 15
99 75
96 73
81 62
99 76
83 65
52 41
91 72
82 66
67 54
87 72
94 78
71 59
86 73
27 23
63 54
80 69
100 89
33 30
86 80
41 40
75 41
50010100 50010056
93 97
20 20
87 89
73 75
82 85
62 66
62 66
82 89
70 76
16 18
37 42
81 93
82 99
53 66
78 99
69 89
56 75
47 64
64 91
49 72
29 43
16 27
46 78
33 57
33 61
44 86
32 63
45 89
26 52
39 80
11 23
34 77
26 60
36 84
20 48
28 70
28 73
34 91
34 100
11 33
27 82
23 70
31 95
14 43
27 91
12 55
20 93
21 100
17 81
18 91
5 31
14 88
13 88
8 56
3 29
4 57
2 29
2 30
6 98
3 54
2 41
3 72
3 100
