9996114499
126 4
202 10
297 20
262 31
122 15
75 11
121 23
151 6
224 58
269 75
133 39
141 45
295 96
289 99
194 81
152 64
192 83
159 69
238 108
104 49
299 144
189 94
237 119
135 68
293 148
236 122
295 156
194 104
46 26
296 169
85 49
233 143
98 64
180 120
255 173
151 104
272 189
197 137
244 170
143 100
297 209
175 129
117 87
208 156
295 230
171 134
82 65
280 226
207 169
56 46
152 125
99 82
288 239
222 186
148 125
64 55
212 186
39 35
298 273
255 235
264 246
1039062795 1039062588
114 29
1019531537 1019531330
283 293
1078125291 1078125141
1019531541 1019531415
1078125294 1078125183
1625000296 1625000132
1078125289 1078125244
1019531520 1019531480
1039062796 1039062799
264 278
36 300
194 205
193 208
136 147
229 248
207 227
259 292
246 281
139 163
130 154
247 296
236 283
237 287
172 211
195 241
230 286
80 108
78 112
150 216
109 159
75 111
154 239
141 230
107 183
118 212
125 226
140 254
75 137
157 297
45 88
56 113
132 299
103 265
69 178
68 187
25 72
88 300
49 183
79 300
31 130
45 191
55 243
47 212
16 76
39 255
33 220
14 97
33 244
18 155
18 190
23 260
6 79
19 272
1 24
11 276
6 279
2 208
