1002757
195 4
155 12
184 18
168 19
61 8
163 23
147 21
176 36
133 29
166 38
179 49
178 49
137 38
138 44
193 62
65 21
43 14
197 71
189 70
76 30
167 68
103 47
47 24
152 80
47 25
196 109
195 109
163 92
96 57
188 115
137 86
184 122
45 31
159 120
171 139
55 45
104 95
121 114
131447 131256
174 13
131429 131264
131448 131294
176 193
600193 600018
23 23
157 198
144 146
126 137
148 161
141 160
154 177
131 159
126 153
127 163
81 111
139 191
127 191
126 192
123 197
84 135
73 118
59 98
72 134
97 181
79 154
91 182
60 142
63 150
51 126
15 42
