9687507965
47 1
94 2
93 1
87 10
43 5
99 17
80 15
73 15
34 7
84 19
50 12
51 13
65 19
57 18
69 22
85 28
96 32
28 10
50 18
77 28
24 9
79 30
92 35
53 21
32 13
41 17
95 42
44 20
75 35
92 43
84 3
91 45
2 1
61 32
80 42
93 49
74 39
86 46
79 44
98 62
33 21
96 64
20 14
51 36
89 63
53 38
82 59
29 21
41 30
66 51
69 55
53 43
75 73
312500100 312500010
312500096 312500017
312500098 312500019
312500096 312500022
312500083 312500011
312500085 312500016
312500082 312500014
312500100 312500032
312500090 312500026
78 37
91 91
312500100 312500041
312500085 312500028
312500086 312500033
312500100 312500066
312500092 312500051
312500090 312500053
312500099 312500067
312500084 312500054
312500098 312500079
312500093 312500066
312500094 312500070
312500090 312500071
312500098 312500081
312500090 312500075
312500097 312500082
312500084 312500070
312500090 312500079
312500082 312500080
312500085 312500087
312500091 312500097
312500090 312500097
312500086 312500096
84 86
61 65
9 10
18 21
60 72
79 95
67 83
75 94
71 89
36 48
59 81
54 75
55 78
52 78
25 39
45 72
14 23
34 56
31 56
55 100
30 56
16 30
36 69
28 55
23 46
35 74
41 89
41 95
38 92
39 99
26 79
24 74
5 16
19 79
21 100
16 82
13 74
9 56
9 65
6 54
2 47
3 92
1 35
2 88
1 55
