1004379
156 12
125 3
148 24
197 37
175 25
134 35
113 30
134 36
114 31
58 16
33 11
127 43
58 20
166 58
151 53
135 49
30 11
160 61
55 21
103 40
151 59
111 44
145 62
188 85
138 64
189 98
158 82
171 100
115803 115632
66 12
195 121
95 60
176 112
184 122
92 61
116 79
104086 103914
170 123
134 101
102148 101959
88 60
84 67
147 119
126 102
156 138
156 143
180 167
126 117
152 145
130 125
160 159
178 177
107959 107813
131430 131257
102116 101990
88 52
102109 101977
115804 115669
115781 115666
119 120
170 175
118 122
114 133
