99855214
264 6
275 8
237 12
258 19
153 13
262 23
202 27
257 36
269 41
122 21
185 32
130 23
231 43
256 48
192 39
235 48
251 52
297 68
279 82
259 78
229 75
141 47
198 67
296 103
299 113
145 55
284 108
259 102
167 66
179 71
30 12
143 59
227 95
235 101
129 56
264 118
259 118
232 109
227 110
295 145
232 116
161 82
299 163
185 107
291 169
88 52
278 168
225 144
95 65
188 131
116 85
89 66
261 196
150 116
140 109
177 138
284 226
273 225
230 190
131 109
250 212
236 202
254 220
297 262
102 93
218 199
276 252
179 164
205 194
115 110
248 242
195538 195335
195610 195428
195512 195339
195502 195369
390862 390626
195519 195401
390890 390660
195523 195410
195520 195410
195612 195504
390845 390634
195433 195331
390874 390684
390886 390703
195579 195491
195532 195447
195577 195495
390875 390718
390898 390750
390775 390637
390758 390627
195610 195545
781519 781261
195460 195397
390867 390746
390813 390693
195481 195421
195574 195516
390798 390683
390869 390760
390780 390672
390901 390794
195437 195386
781477 781276
781509 781309
195549 195500
270 2
195574 195529
195600 195556
781459 781293
781540 781377
781519 781357
390867 390786
390751 390672
781466 781319
390903 390830
781480 781335
390712 390640
195361 195327
781452 781316
390811 390744
781545 781412
781493 781380
781365 781254
390694 390639
781426 781320
1562774 1562563
390835 390783
1562763 1562559
781517 781416
390706 390658
781528 781433
390761 390714
781425 781332
1562756 1562576
781416 781326
390847 390802
781350 781261
390738 390645
1562711 1562543
781435 781351
781549 781465
1562773 1562611
390757 390718
1562657 1562504
195421 195402
1562749 1562605
781434 781362
1562685 1562543
781385 781314
1562649 1562511
195412 195396
195454 195438
195569 195553
1562741 1562617
1562657 1562535
390709 390679
781487 781427
1562711 1562597
1562742 1562628
1562700 1562587
195406 195392
781381 781293
1562751 1562649
195407 195399
781523 781472
781337 781291
781503 781460
390750 390736
1562655 1562603
390718 390706
1562713 1562666
1562768 1562773
781374 781352
195601 195600
781506 781545
195367 195377
781418 781425
1562761 1562779
1562728 1562763
390832 390841
390814 390824
781451 781471
1562739 1562790
781453 781480
781372 781399
781376 781407
781505 781538
1562669 1562747
390739 390924
781479 781529
781380 781435
1562678 1562789
1562655 1562769
1562649 1562773
390866 390898
390769 390802
195591 195608
390822 390862
781432 781518
781372 781458
781421 781510
781330 781422
390759 390806
195435 195462
195500 195528
781330 781482
195509 195549
781371 781534
195468 195517
390731 390829
195546 195596
390721 390826
195423 195480
195412 195471
195494 195555
390729 390854
195529 195593
390715 390843
195437 195503
390724 390861
195539 195608
390753 390892
195413 195492
195339 195424
390684 390859
195393 195487
195445 195541
195492 195589
195439 195572
195448 195599
195340 195530
195386 195578
195371 195607
258 266
286 299
161 170
61 65
217 238
132 149
233 268
203 244
213 262
221 273
212 266
150 190
170 216
194 252
73 95
190 255
146 197
106 145
180 264
57 84
140 212
186 287
73 122
91 156
74 134
80 147
51 95
150 290
101 226
124 286
70 165
61 167
47 134
99 293
88 271
76 259
55 210
34 155
28 156
48 274
15 91
40 252
15 157
20 212
15 160
14 150
4 45
3 35
12 189
17 272
4 253
