100011233
83 1
80 2
36 1
50 2
96 4
79 5
50 4
85 7
92 8
92 9
70 7
100 11
61 8
79 11
74 11
73 11
73 13
38 7
81 15
74 14
77 15
5 1
84 17
79 16
87 18
97 21
18 4
93 21
65 15
95 22
23 6
57 15
96 27
31 9
99 29
98 29
76 23
32 10
79 26
97 32
39 13
77 27
67 25
58 22
79 30
82 32
64 25
87 34
84 33
22 9
39 16
70 29
79 33
75 34
81 37
76 35
93 43
90 42
96 45
72 34
38 18
82 39
63 30
52 25
72 35
79 43
89 49
18 10
80 46
88 51
87 51
63 37
51 30
93 55
51 31
18 11
36 22
60 37
58 36
39 25
95 62
52 34
45 31
91 64
82 58
76 54
91 65
63 45
78 56
79 57
62 45
53 39
46 34
89 66
91 68
84 63
54 41
100 76
42 32
85 65
77 59
59 46
50 39
52 41
63 50
59 47
69 55
80 65
73 61
64 54
34 29
90 77
8 7
48 42
92 82
95 86
53 48
65 59
71 66
34 33
75 73
84 82
50 49
205410 205315
205400 205315
205406 205322
205397 205323
205397 205325
205401 205330
205407 205337
205401 205333
205405 205338
205412 205346
205380 205315
205397 205333
205399 205335
205404 205341
205376 205314
205395 205336
205411 205355
205392 205340
205397 205348
205396 205349
205412 205365
205394 205348
205389 205344
205392 205348
205389 205349
205380 205341
400709 400634
205407 205360
205391 205353
205396 205358
205405 205368
205412 205375
400699 400630
205388 205353
400702 400635
400707 400640
400714 400647
400696 400630
400722 400656
205368 205335
205380 205347
400715 400652
205358 205326
205345 205314
205345 205314
205381 205351
205351 205322
400683 400627
400699 400644
400704 400651
205398 205371
400706 400655
205382 205356
791344 791251
400688 400641
400720 400673
205394 205370
400677 400632
791341 791253
400715 400671
791338 791253
205363 205341
400678 400636
400681 400639
400703 400661
791337 791255
400705 400664
400720 400679
205338 205317
791341 791262
400708 400668
791332 791254
791338 791260
205370 205351
791337 791270
791349 791282
791324 791259
791326 791261
400663 400631
400695 400663
205332 205316
400711 400680
791332 791271
791316 791256
400692 400664
791319 791265
400718 400691
791315 791262
791326 791273
400669 400644
400675 400651
400709 400686
791321 791278
400693 400672
791296 791255
791290 791252
791332 791296
791337 791301
1572573 1572502
791291 791256
205360 205322
791284 791250
791300 791266
1572568 1572501
791303 791270
1572593 1572528
791303 791271
791287 791256
791284 791254
791292 791262
1572584 1572525
1572561 1572503
1572565 1572508
1572579 1572523
1572593 1572537
1572583 1572529
1572555 1572502
1572571 1572520
1572562 1572512
1572559 1572510
1572575 1572527
1572560 1572513
1572573 1572526
1572598 1572552
1572553 1572508
1572594 1572550
1572582 1572513
1572550 1572507
3135087 3135002
1572544 1572502
1572591 1572550
3135100 3135023
3135079 3135004
3135099 3135024
3135100 3135025
3135084 3135017
