1010634
593 409
878 624
142 1
158 10
497 371
264 168
168 55
276 51
154 9
214 74
269 19
105 11
300 63
159 35
184 114
294 70
178 32
350 184
393 212
298 148
363 124
406 252
279 207
323 145
327 159
284 196
432 220
381 245
407 172
384 284
452 322
521 331
2332 2063
1351 1127
634 506
338 266
456 373
542 440
48 7
116 87
244 185
271 215
205 164
405 344
533 455
352 302
142 122
1318 1135
252 218
289 252
277 243
1233 1090
418 379
334 303
1203 1094
224 204
2327 2150
131 122
2222 2070
651 611
1179 1111
4284 4051
511 491
4211 4061
2198 2125
4151 4064
8117 7959
486 478
8062 7949
16013 15817
15946 15804
31585 31356
8177 8121
31630 31418
31624 31477
8143 8107
15860 15800
62899 62681
31498 31397
15900 15860
271 33
62867 62746
15767 15739
125366 125217
62862 62799
4160 4157
15826 15791
250396 250236
125323 125244
15828 15840
213 225
