6000030672
285 165
172 2
282 17
183 12
252 144
242 19
267 21
240 21
167 19
234 27
195 24
203 27
224 121
285 45
169 29
261 46
156 28
177 32
162 31
219 117
283 63
231 52
262 66
288 152
151 41
219 64
270 79
266 78
273 128
234 76
285 95
165 56
241 84
214 75
281 99
252 94
165 65
234 96
284 133
181 78
178 78
285 125
222 99
248 151
274 178
283 164
286 167
255 156
14 1
35 5
103 22
62 16
90 29
100 43
37 19
69 38
60 34
120 68
45 26
171 102
214 129
180 110
83 51
162 101
133 84
77 49
235 152
208 5
129 85
190 133
205 146
127 91
158 117
272 202
296 223
129 99
234 181
287 231
292 238
196 162
146 121
139 116
235 197
130 112
283 245
220 192
231 207
209 188
157 145
248 231
167 156
127 119
212 203
283 267
151 146
191 186
237 156
6000000300 6000000041
282 286
134 214
227 231
188 196
187 196
220 233
156 166
252 272
255 277
255 281
217 240
165 188
175 201
229 265
83 97
214 251
184 216
172 202
149 178
61 73
233 279
243 291
201 245
202 247
223 278
120 150
164 206
237 298
135 170
222 285
220 298
156 221
206 293
88 129
182 280
65 100
177 276
68 107
95 258
164 263
139 224
140 229
87 148
76 131
110 193
70 123
78 143
122 227
149 283
138 264
120 237
136 270
83 165
140 282
88 180
69 142
92 192
48 102
137 293
85 188
103 239
119 280
19 45
113 268
64 152
33 79
96 237
119 295
96 245
112 296
61 202
67 222
72 249
73 256
16 57
27 97
29 110
43 169
27 113
11 47
59 254
16 86
44 250
41 247
23 151
27 181
36 243
17 116
36 270
34 286
29 253
16 140
21 199
9 89
24 270
17 204
20 257
8 247
2 62
8 256
4 228
3 288
1 282
