99931566
285 3
153 2
209 5
236 6
226 7
95 3
157 5
54 2
211 10
110 6
230 14
230 15
276 19
276 19
232 21
129 12
247 23
225 21
234 22
254 24
60 6
77 8
161 18
142 16
203 24
197 24
238 29
252 31
138 17
126 16
300 39
151 20
167 24
294 43
180 28
62 10
289 47
64 11
284 49
287 50
295 52
226 40
160 29
230 42
215 40
279 52
149 28
252 52
273 57
211 45
192 41
287 63
108 24
225 50
114 1
169 39
168 39
267 66
255 64
292 74
219 57
130 34
255 67
132 35
287 78
267 73
296 81
208 58
145 41
261 76
270 79
255 76
294 90
232 73
231 74
284 91
295 95
273 90
166 55
289 96
18 6
89 30
255 87
264 91
176 61
135 48
288 104
239 87
206 75
215 79
230 85
89 33
128 48
231 87
58 22
282 108
227 88
246 97
147 58
276 109
93 37
153 61
183 73
218 87
262 105
168 68
284 115
160 65
245 100
150 62
300 124
254 105
143 60
214 90
182 77
208 89
74 32
164 72
202 90
132 59
58 26
102 46
108 49
283 129
160 73
208 96
188 88
185 87
217 104
198 95
77 37
221 107
97 47
192 94
128 63
266 131
224 111
242 121
277 142
279 145
230 120
115 60
204 109
226 122
259 141
278 152
157 86
166 91
249 57
118 65
196 108
203 112
271 150
135 76
110 62
179 101
23 13
294 168
132 76
196 113
137 79
149 86
133 77
138 80
279 162
48 28
104 61
224 133
105 63
10 6
286 173
71 43
299 183
241 148
211 131
123 77
266 167
297 187
254 161
224 142
263 167
110 70
195 125
131 84
285 183
266 171
250 161
79 51
175 113
170 110
242 157
216 141
196 128
131 86
56 37
257 174
264 179
243 165
240 163
111 76
277 190
291 201
228 158
138 96
262 144
243 171
223 157
286 202
215 154
159 114
263 189
25 18
287 207
266 192
18 13
243 176
156 114
151 111
280 211
192 145
286 216
165 126
297 227
234 181
296 229
280 218
60 47
135 106
245 194
149 118
130 104
136 109
172 138
86 69
253 203
291 234
162 113
297 243
220 181
52 43
228 189
176 147
281 236
269 227
97 83
210 180
260 223
221 190
295 254
275 237
232 200
255 220
248 214
293 253
88 76
281 243
89 77
114 99
210 184
155 136
141 124
71 63
240 213
240 214
159 142
157 141
295 265
288 260
117 106
292 266
277 254
242 222
250 232
267 252
154 146
196 188
189 182
268 259
69 67
212 206
187 182
155 151
197 192
172 168
89 87
47 46
116 114
264 261
119 118
195523 195367
195605 195451
195588 195440
195487 195347
390917 390640
390910 390639
390903 390635
390880 390629
195488 195364
195570 195446
195493 195373
390900 390663
195434 195318
195569 195457
128 103
390910 390699
195497 195393
195442 195340
195592 195490
390886 390683
390909 390706
195562 195463
390884 390700
195531 195439
195501 195410
390821 390642
390864 390686
195562 195473
390911 390736
195562 195475
195400 195320
390852 390695
390852 390698
390872 390720
390898 390746
390886 390736
195459 195385
195502 195428
781544 781255
781548 781261
390839 390696
195532 195461
781546 781264
390896 390755
195424 195357
390796 390664
195520 195410
195556 195491
781535 781277
195442 195378
390882 390760
195516 195455
195589 195528
781501 781259
390804 390684
195584 195524
390837 390720
781532 781308
195583 195527
390778 390670
781484 781272
195368 195316
390770 390670
390886 390790
390811 390716
195407 195360
390856 390762
390826 390734
781445 781263
781451 781270
781460 781280
390906 390816
390863 390774
390778 390690
781467 781294
781444 781273
195403 195338
390798 390717
781471 781314
195429 195390
390773 390696
781436 781286
390916 390841
390875 390803
195501 195465
195585 195550
781514 781378
1562782 1562511
195415 195382
781547 781433
781445 781332
390776 390720
390923 390867
390871 390817
390778 390725
390817 390764
390887 390834
781526 781421
390874 390824
781534 781436
390910 390861
781516 781348
781479 781387
781522 781433
195453 195431
195490 195468
390839 390800
781402 781326
781453 781377
195392 195364
390905 390867
195492 195473
390830 390797
195561 195544
390818 390785
781438 781374
781480 781416
390760 390728
781540 781482
1562794 1562746
390779 390748
1562793 1562678
781476 781420
781489 781434
390842 390816
195610 195597
781523 781479
390795 390773
195345 195335
1562779 1562700
195379 195370
195407 195398
195572 195563
1562786 1562718
390731 390715
781446 781420
781452 781427
781398 781375
390837 390826
1562791 1562749
390871 390861
195461 195456
195612 195607
781435 781418
195477 195473
1562793 1562766
1562787 1562771
781451 781457
231 231
221 221
195411 195412
1562783 1562798
390707 390712
781473 781484
390867 390877
781491 781508
781468 781485
390840 390849
390781 390791
390726 390736
781457 781479
781403 781426
781466 781501
390877 390896
195452 195464
781486 781536
390708 390733
390818 390847
390694 390791
781429 781492
390789 390822
781464 781534
195536 195554
390831 390875
390800 390844
781459 781548
781420 781509
390863 390908
781404 781498
390788 390837
390815 390865
195509 195535
195559 195586
781401 781510
390785 390844
195515 195547
390829 390893
390827 390892
390739 390805
195353 195391
390697 390776
195536 195576
390811 390900
195415 195461
222 241
390766 390873
195466 195527
195392 195463
195385 195456
195355 195428
195350 195425
390711 390867
195504 195588
390707 390878
195525 195612
195351 195438
195512 195601
195463 195553
390711 390912
195357 195461
195388 195493
195486 195592
390699 390925
195390 195511
195415 195567
195414 195568
195453 195612
195427 195589
195393 195555
195430 195598
195365 195538
195415 195594
195366 195548
195406 195601
195411 195611
195365 195582
195365 195591
251 254
157 160
153 158
212 221
160 167
157 164
266 278
171 180
199 210
114 122
240 259
257 278
176 191
196 294
115 125
261 284
226 246
208 227
197 216
152 167
81 89
144 159
244 270
107 121
91 104
211 244
128 149
237 277
240 281
240 281
168 197
182 214
232 274
143 172
215 259
163 197
230 279
132 162
209 257
162 200
182 225
228 282
116 145
162 204
205 259
172 219
152 195
198 255
127 166
148 194
208 276
165 220
167 223
177 239
82 111
76 103
157 213
195 266
124 171
166 229
26 36
157 219
173 243
186 264
178 254
134 192
67 96
116 167
168 243
194 287
62 92
138 205
150 223
113 168
119 177
69 103
155 232
134 289
145 218
97 146
186 280
91 137
181 273
158 239
131 200
62 95
80 123
179 276
150 232
146 227
63 98
61 96
66 104
87 138
52 83
98 158
95 154
122 199
71 116
82 135
178 294
173 286
141 234
55 92
50 84
154 259
163 277
132 226
107 184
157 270
61 105
129 223
52 90
110 191
79 138
52 92
137 243
76 135
47 84
109 195
154 276
96 176
75 140
125 234
157 295
103 194
94 179
134 256
90 172
83 161
107 209
98 192
128 252
9 18
103 210
89 183
136 280
117 243
93 195
109 229
69 145
45 198
127 274
81 177
124 273
87 192
118 261
125 277
44 98
92 206
106 245
83 196
52 124
81 194
27 66
64 157
13 32
45 111
82 203
79 199
99 257
81 211
37 97
85 225
110 292
81 216
102 273
51 137
76 206
79 215
26 71
20 55
104 288
76 213
78 224
101 296
69 203
82 246
88 267
25 79
93 295
91 291
93 298
79 261
82 271
65 219
87 294
62 211
38 132
58 204
69 244
67 248
54 200
13 49
78 296
68 262
40 158
5 20
71 284
44 179
65 265
62 258
57 238
61 259
49 214
48 210
42 185
45 200
67 299
26 121
32 157
42 210
51 262
58 299
53 278
34 179
49 265
28 154
47 265
44 252
28 177
3 19
44 281
38 243
15 96
44 287
19 136
41 296
41 298
37 276
35 270
28 219
16 128
25 206
19 157
30 254
32 289
18 176
10 104
24 250
16 167
16 173
18 204
9 105
19 222
11 136
7 87
16 203
22 291
18 243
13 183
6 86
13 187
19 281
16 238
10 169
12 213
15 272
14 293
4 89
7 161
3 82
5 138
7 209
3 105
7 273
3 127
5 246
2 279
1 219
