5010006125
79 31
66 5
99 9
34 4
74 10
33 5
91 15
15 3
58 12
68 15
74 18
74 18
28 8
34 10
90 27
85 27
77 27
51 18
76 31
90 37
97 44
35 17
45 22
85 43
63 33
71 40
87 50
57 33
30 18
96 61
96 61
11 7
97 64
99 66
88 59
80 55
100 71
97 69
91 66
33 25
83 63
100 76
98 75
60 46
32 26
71 58
90 78
83 72
26 23
72 64
44 40
94 89
68 65
91 88
91 88
79 78
62 4
5010000100 5010000034
90 97
68 69
72 74
85 88
89 94
35 38
81 94
44 52
40 48
69 85
41 51
76 97
73 95
53 70
67 100
28 43
24 37
18 28
53 84
34 58
31 53
51 91
50 91
12 22
34 69
36 78
37 82
7 16
39 92
20 48
35 88
9 23
39 100
31 81
29 76
32 84
30 80
21 59
34 97
24 73
20 62
24 79
13 45
27 97
14 55
14 55
18 71
8 32
21 91
16 77
13 64
12 66
15 85
6 35
8 47
14 85
9 71
10 86
7 64
5 54
4 89
4 96
4 98
