9980562786
288 6
223 5
35 1
138 6
247 13
261 14
104 6
68 4
216 17
161 13
185 15
244 20
73 7
112 11
127 13
291 31
234 25
229 25
270 30
215 26
137 17
55 7
192 25
255 36
184 27
272 40
201 31
122 19
143 1
283 47
239 41
170 30
190 34
244 45
248 49
147 31
246 52
278 59
108 23
225 51
259 59
210 48
119 29
243 60
192 48
284 77
278 80
270 80
299 89
122 37
140 43
262 82
179 58
174 57
78 26
244 84
63 22
262 92
147 53
161 59
196 72
150 56
292 112
255 98
268 105
102 42
181 75
142 59
69 29
263 111
46 20
124 54
252 113
286 130
110 54
38 20
296 158
144 78
254 138
46 25
300 166
213 118
80 45
175 100
243 139
209 121
146 85
72 42
239 140
281 170
297 180
253 154
143 88
296 185
238 149
133 85
200 130
204 33
128 87
245 167
249 174
208 146
223 157
247 174
214 151
212 152
205 147
25 18
288 208
252 183
149 109
288 214
184 138
124 93
206 155
131 100
297 227
242 185
265 203
125 96
50 39
208 164
278 220
283 230
224 184
271 225
258 215
221 185
269 226
177 119
142 121
78 67
291 250
112 98
228 200
293 258
195 172
17 15
70 62
252 225
238 215
187 169
201 187
295 278
184 174
280 265
274 261
246 235
180 172
249 239
80 77
196 193
97 96
178 177
253 252
19531518 19531264
19531510 19531272
19531508 19531284
19531484 19531262
19531531 19531317
19531433 19531253
19531469 19531289
19531536 19531375
19531454 19531294
19531436 19531286
195 164
19531428 19531283
19531447 19531303
19531523 19531381
19531439 19531298
19531538 19531401
19531462 19531332
39062785 39062538
19531510 19531388
19531489 19531371
19531437 19531320
39062776 39062543
39062792 39062561
19531388 19531273
19531474 19531361
19531535 19531424
39062787 39062569
39062776 39062562
19531421 19531314
39062786 39062574
19531440 19531335
39062729 39062530
19531416 19531318
39062768 39062576
19531453 19531359
19531349 19531256
39062798 39062619
39062763 39062595
39062789 39062624
39062700 39062546
19531509 19531433
39062656 39062507
19531503 19531433
78125296 78125029
39062733 39062601
78125268 78125010
19531329 19531265
19531549 19531485
78125289 78125039
39062764 39062642
19531537 19531476
78125250 78125015
78125289 78125056
19531433 19531375
39062770 39062655
19531460 19531312
39062747 39062635
39062729 39062619
78125243 78125027
19531422 19531368
78125273 78125063
78125242 78125036
39062652 39062550
39062796 39062694
78125281 78125081
78125218 78125019
19531494 19531446
39062678 39062584
78125270 78125083
78125240 78125060
39062604 39062516
78125190 78125028
78125179 78125019
78125224 78125064
19531475 19531435
78125218 78125062
78125197 78125045
19531431 19531393
39062749 39062675
19531533 19531497
39062671 39062600
39062742 39062672
78125274 78125047
78125278 78125142
39062666 39062598
19531343 19531309
156250297 156250035
78125197 78125069
39062745 39062682
39062764 39062702
78125300 78125177
156250285 156250064
78125166 78125056
78125286 78125178
39062708 39062654
78125146 78125046
78125157 78125072
78125177 78125092
78125241 78125102
78125248 78125172
39062647 39062612
19531473 19531458
78125152 78125074
19531327 19531309
156250296 156250154
78125196 78125127
78125154 78125086
19531315 19531298
156250281 156250175
78125280 78125228
78125160 78125112
39062582 39062559
78125292 78125256
39062738 39062716
78125157 78125117
39062591 39062572
78125283 78125247
78125257 78125223
39062759 39062744
39062798 39062790
19531318 19531311
78125268 78125247
39062767 39062757
156250296 156250257
78125232 78125213
78125145 78125131
78125224 78125211
39062622 39062618
19531392 19531390
19531435 19531433
39062611 39062608
39062690 39062687
19531378 19531377
19531383 19531382
39062635 39062637
136 136
220 220
42 42
78125265 78125270
78125227 78125232
78125220 78125225
19531322 19531324
78125163 78125174
39062663 39062670
39062645 39062652
78125264 78125278
19531405 19531409
78125189 78125206
78125241 78125262
78125140 78125161
78125222 78125246
78125219 78125287
78125251 78125280
39062682 39062701
19531397 19531407
78125212 78125254
39062756 39062778
78125160 78125206
78125174 78125227
78125176 78125234
78125168 78125230
78125235 78125300
19531492 19531546
78125186 78125254
78125205 78125283
39062703 39062743
39062618 39062661
39062735 39062779
39062681 39062726
39062669 39062714
19531397 19531420
39062649 39062698
39062574 39062623
19531440 19531465
19531405 19531430
19531315 19531341
78125173 78125280
19531464 19531492
19531399 19531428
39062594 39062653
39062699 39062759
39062727 39062792
19531510 19531544
78125148 78125285
39062655 39062725
39062703 39062774
39062596 39062667
39062619 39062702
39062708 39062796
19531475 19531520
39062672 39062763
149 157
19531491 19531549
19531369 19531427
39062671 39062796
39062619 39062744
19531364 19531429
39062649 39062779
39062659 39062791
39062597 39062732
19531353 19531423
19531476 19531549
39062578 39062725
19531429 19531504
19531296 19531372
39062591 39062745
39062641 39062798
19531384 19531472
19531301 19531391
39062573 39062759
19531442 19531540
19531315 19531413
39062598 39062797
19531363 19531472
19531387 19531510
19531415 19531541
19531347 19531479
19531283 19531431
19531356 19531508
19531330 19531496
19531356 19531533
19531329 19531508
19531305 19531489
19531305 19531490
19531294 19531513
192 194
250 254
235 240
233 238
167 171
224 231
191 197
136 141
283 296
62 65
153 238
148 156
53 56
154 163
116 123
241 258
122 131
145 156
201 217
272 295
209 227
263 289
90 99
199 220
172 195
207 235
109 124
260 298
86 99
222 257
78 91
123 144
174 204
249 293
116 137
65 77
242 289
216 259
236 285
143 173
200 244
180 222
222 274
226 279
186 231
217 270
36 45
174 219
176 229
135 176
83 109
198 261
131 173
36 49
163 223
44 61
10 14
183 257
170 239
61 86
74 105
45 64
206 293
104 148
79 117
200 299
127 191
88 133
162 246
189 288
181 276
28 43
152 235
177 275
29 86
181 282
160 256
135 222
97 160
131 217
152 252
28 47
151 254
141 238
113 195
167 292
145 254
60 106
148 262
59 107
97 176
105 191
163 297
96 178
114 212
150 279
155 290
149 284
128 244
72 139
74 143
106 206
28 56
30 60
140 282
105 213
135 274
127 260
97 199
22 46
63 132
117 248
56 120
108 233
110 241
81 180
95 213
85 193
32 74
39 91
66 159
119 287
36 87
111 271
79 197
20 50
6 15
106 266
52 132
83 212
26 67
101 261
108 280
100 266
81 221
106 298
88 252
72 209
1 198
3 9
100 300
95 289
66 204
47 149
94 298
46 147
53 172
53 172
46 151
76 253
77 259
56 193
48 168
76 269
77 282
72 270
29 109
25 98
57 224
73 291
72 293
37 156
13 56
29 128
64 285
13 58
34 153
49 229
59 294
39 197
11 58
56 299
52 288
17 95
31 182
27 159
41 246
25 156
43 287
30 207
31 217
29 203
24 172
17 159
2 19
19 184
16 160
25 270
3 35
14 179
23 297
2 26
10 137
11 180
7 150
8 202
11 296
10 281
6 180
1 52
3 165
3 171
2 222
