99411770
184 2
123 4
226 8
196 9
65 3
157 8
288 16
246 17
52 4
216 17
252 24
153 15
70 7
229 23
167 22
254 42
282 48
201 36
192 35
230 42
271 53
88 18
277 57
266 57
65 14
239 52
265 60
46 11
70 17
91 23
289 76
30 8
300 83
252 71
290 83
285 82
296 86
208 62
156 47
36 11
233 75
175 58
225 76
271 94
216 76
235 87
271 105
203 79
146 58
217 87
277 114
273 113
157 65
121 53
273 128
275 130
147 71
241 118
97 48
292 151
79 41
283 149
262 138
240 129
291 158
223 122
178 99
224 128
201 120
216 129
67 41
219 135
74 2
212 135
156 102
144 95
242 163
283 191
219 148
150 102
202 140
293 204
213 149
297 209
129 91
118 84
196 143
285 211
104 79
243 186
184 143
9 7
28 22
202 159
110 87
51 41
52 42
210 174
171 142
106 90
121 104
131 82
45 40
219 195
201 179
208 186
256 229
186 167
154 140
178 164
107 101
195 188
203 196
160 155
234 229
156 153
130 129
190 168
142 138
279 283
13125294 13125131
35000299 35000007
16250298 16250197
35000300 35000124
183 183
155 293
57 59
219 227
136 143
95 100
278 294
117 127
251 274
252 276
264 291
242 268
163 181
236 266
251 284
214 243
184 211
157 183
244 288
152 183
197 243
197 244
27 34
216 272
123 162
164 216
145 195
202 272
151 204
107 145
205 281
133 188
191 272
197 283
151 217
135 198
56 86
173 267
51 79
57 89
191 299
182 291
71 116
64 105
140 232
112 186
68 113
86 143
66 111
108 183
110 191
93 163
144 264
162 298
107 197
134 247
103 195
66 125
147 282
138 266
101 202
79 163
97 202
134 285
59 127
90 195
133 290
135 300
127 286
119 282
41 99
76 184
114 283
96 240
93 233
36 91
102 263
90 234
88 231
94 253
110 298
95 270
65 192
96 289
87 263
34 105
73 235
54 180
54 183
35 121
65 227
81 285
77 279
16 58
79 287
77 280
69 255
74 277
75 293
30 118
71 289
61 281
38 179
59 278
45 213
55 263
51 248
60 293
43 219
34 175
14 73
54 289
32 205
9 100
22 288
14 208
18 283
10 205
5 104
5 135
