99762460
202 5
293 8
252 13
226 12
196 12
257 35
183 25
277 43
222 36
91 17
198 44
184 45
194 50
220 65
100 30
262 103
268 108
256 120
296 164
137 83
79 48
187 117
205 136
256 183
210 167
296 240
296 242
216 179
262 219
247 220
175 162
280 268
56 55
7250267 7250044
13500293 13500080
164 3
7250290 7250288
236 242
13500287 13500173
51000295 51000179
7250287 7250277
52 58
84 96
151 184
212 275
217 286
89 123
210 296
145 219
100 158
174 285
106 175
136 251
145 273
7 14
133 276
110 230
117 256
121 272
101 246
76 230
71 216
31 99
21 71
70 237
75 269
17 62
60 220
54 203
3 13
28 128
43 202
26 141
47 281
36 224
35 243
33 241
30 265
29 260
15 162
14 185
17 235
9 265
6 206
4 151
2 140
