99797730
209 1
295 3
190 5
222 9
149 7
173 9
217 13
96 6
172 11
262 18
291 23
62 5
204 20
172 17
89 9
296 30
279 29
141 15
273 31
217 25
209 1
259 35
298 42
207 31
129 20
184 29
193 31
280 49
45 8
281 50
236 44
294 59
264 54
205 43
263 58
244 54
289 65
295 67
151 35
73 17
158 37
71 17
130 32
207 51
245 62
230 59
99 26
147 39
176 48
193 54
183 54
175 54
277 87
258 83
281 37
254 88
75 26
198 69
205 72
93 33
229 82
134 48
112 41
154 57
276 103
254 101
253 108
275 119
216 95
93 41
249 110
218 98
223 101
29 14
97 47
144 71
221 110
193 100
222 116
294 155
157 83
172 93
169 94
122 69
272 155
122 70
270 160
202 120
222 132
221 132
167 101
153 93
125 77
256 159
156 98
210 133
222 149
214 144
37 25
210 146
246 174
268 190
93 66
293 212
167 121
90 67
185 138
44 33
260 195
297 227
275 211
185 142
276 212
217 167
282 218
258 202
160 127
292 232
261 208
227 181
65 52
176 141
198 159
121 98
282 231
274 225
102 84
274 232
87 76
189 166
132 116
294 259
216 191
132 117
288 256
263 236
296 271
216 199
67 62
219 203
149 139
240 228
171 163
156 149
108 104
252 245
289 282
70 69
222 219
142 141
4125297 4125038
286 96
7250296 7250116
282 292
4125295 4125105
7250298 7250281
26000300 26000206
51000300 51000252
51 51
245 282
158 159
118 119
263 270
274 282
136 140
233 240
279 291
282 296
153 165
220 239
136 148
210 229
123 135
225 247
224 248
268 299
185 209
108 238
147 172
252 299
174 207
203 242
236 283
10 12
189 227
37 45
204 256
124 156
83 105
82 104
179 228
197 254
206 266
65 84
210 272
147 193
166 223
189 257
60 82
211 289
212 291
26 36
199 276
177 248
176 248
207 297
191 277
192 283
172 254
197 293
14 21
114 172
169 255
180 272
172 262
184 294
101 162
92 149
172 279
116 191
25 42
51 86
163 275
151 257
171 292
74 127
173 297
152 262
147 256
155 271
8 14
168 295
121 214
23 41
155 277
154 277
38 72
82 157
83 159
106 207
81 159
143 294
66 146
27 60
71 162
56 128
113 275
15 37
26 65
100 252
102 266
96 257
58 156
60 163
93 256
75 218
71 207
83 247
79 238
41 127
62 194
77 241
51 161
21 67
26 85
73 239
88 293
77 275
72 259
39 142
41 150
68 257
66 257
61 253
56 235
40 174
46 213
33 157
46 222
60 294
17 85
55 294
18 97
34 184
39 213
44 256
4 24
43 262
35 224
26 180
28 197
27 219
35 293
26 219
31 290
7 68
24 262
12 137
16 201
10 130
18 270
18 278
12 205
7 126
7 152
5 221
