1014419
151 2
116 2
136 3
208 10
40 2
79 4
222 12
274 22
206 17
186 16
278 24
146 1
299 28
279 27
113 12
248 28
285 33
250 31
238 32
14 2
142 22
165 26
191 32
252 49
273 54
196 40
99 22
274 63
228 53
281 71
75 19
206 53
154 40
187 49
156 41
79 21
220 62
195 55
289 83
253 74
194 60
277 86
51 16
257 82
165 53
121 39
146 50
155 54
277 97
287 101
73 26
191 69
274 100
189 70
215 80
200 75
293 111
233 92
195 80
252 107
286 124
222 97
190 86
105 48
242 112
269 125
232 111
73 35
229 110
281 136
127 62
285 142
170 85
132 66
140 70
187 97
61 32
198 105
247 132
79 43
124 69
186 104
125 70
117 67
280 163
279 166
170 105
133 84
249 158
277 182
289 191
289 192
283 192
60 41
162 111
200 142
263 187
136 98
126 91
103 75
276 203
297 224
249 189
273 213
244 192
240 195
96 78
230 187
165 135
105 86
290 238
100 83
125 104
85 71
167 140
222 20
145 123
231 196
235 200
291 248
256 219
56 49
127 112
259 230
101 90
292 261
239 214
146 132
263 243
162 150
179 166
256 240
208 198
272 259
110 105
216 207
31550 31296
31504 31266
31505 31267
31515 31277
31486 31251
31497 31263
31474 31251
31501 31279
31532 31316
31530 31317
31471 31260
31468 31258
31481 31276
31476 31274
31481 31284
31470 31280
31521 31333
31510 31325
31538 31357
31479 31319
31504 31331
107 90
31515 31365
31542 31408
31536 31403
31504 31376
31508 31382
31517 31391
31529 31411
31517 31407
31519 31426
31526 31459
155 155
295 296
192 214
240 241
251 254
265 273
216 226
126 133
71 76
228 248
199 217
264 289
126 139
95 105
262 291
79 94
198 221
184 207
68 77
135 153
86 98
42 50
249 297
52 63
84 103
210 259
175 218
173 218
170 216
184 235
215 278
191 248
207 273
220 291
37 49
152 202
136 182
176 239
196 275
22 31
133 189
190 271
166 237
187 268
142 212
138 209
192 298
85 132
113 177
130 214
97 164
168 286
149 254
149 257
99 174
134 241
129 234
91 166
119 219
127 235
151 280
91 174
24 47
128 253
140 290
125 260
126 267
99 210
50 107
52 112
72 156
119 261
51 112
112 248
30 68
52 121
48 112
58 137
85 205
87 219
