1028470
208 1
160 1
279 3
247 3
243 3
213 3
265 4
213 4
87 2
215 5
279 7
250 7
104 3
275 10
271 12
278 13
110 8
192 15
250 20
42 4
48 5
134 14
200 21
266 28
256 27
223 24
212 23
215 25
131 16
143 18
247 32
194 27
192 27
247 35
169 24
281 41
130 19
265 39
238 37
171 27
61 10
101 17
213 36
235 40
275 47
205 37
83 15
136 25
27 5
240 47
240 47
102 20
287 57
275 56
256 53
246 53
193 42
272 1
231 51
260 58
200 45
260 59
180 41
162 39
170 41
260 63
234 57
106 26
269 66
171 42
250 64
156 40
261 67
217 58
240 68
246 70
165 47
45 13
255 75
294 87
246 74
179 54
135 41
181 55
92 28
115 36
180 57
107 34
108 35
255 84
242 80
229 79
83 29
258 92
84 30
227 82
286 105
287 106
54 20
191 71
277 104
230 87
197 75
168 64
52 20
178 69
156 61
281 110
276 115
136 57
242 104
173 75
295 128
278 121
269 119
217 96
241 107
73 33
243 113
191 89
113 53
70 33
246 117
251 120
236 115
211 103
186 93
297 152
168 87
206 107
282 148
155 83
244 131
247 133
287 155
296 160
205 111
130 72
237 132
189 107
192 109
240 137
244 142
163 95
298 174
212 124
206 121
240 143
250 149
220 132
248 149
140 86
226 140
219 138
268 169
267 169
291 185
179 115
241 155
278 180
168 109
157 103
256 172
172 116
154 105
262 179
283 197
270 59
186 131
298 211
235 169
118 85
279 205
53 39
175 129
218 163
166 125
297 224
295 223
258 196
254 193
240 184
173 134
237 186
216 170
243 192
62 49
135 107
263 211
247 199
287 232
228 185
164 134
236 193
111 91
185 153
220 182
206 171
138 115
74 62
162 136
138 116
201 171
184 158
95 82
177 154
232 202
190 166
201 177
112 99
242 215
9 8
291 259
149 133
243 217
103 92
156 141
97 89
195 179
210 194
284 263
68 63
84 78
172 161
63 59
96 90
165 155
232 220
250 239
188 180
144 138
219 210
227 218
135 130
272 262
219 212
181 177
107 105
32529 32269
272 270
32544 32309
32538 32328
32510 32330
197 196
32438 32278
32415 32260
32524 32371
32531 32383
293 206
32446 32306
32516 32377
32406 32273
32521 32389
32416 32292
32474 32353
32546 32402
32401 32262
32506 32393
32399 32289
32511 32440
32400 32298
32441 32344
32474 32388
32550 32464
32455 32380
32385 32319
32387 32321
32546 32488
32378 32323
32405 32353
32525 32489
232 232
256 256
218 218
293 299
203 204
161 163
166 172
73 76
222 232
162 170
191 201
206 217
276 292
100 106
189 201
277 295
163 174
59 63
256 274
254 272
233 251
198 214
234 255
264 288
259 284
153 168
198 218
129 144
186 208
192 216
64 78
