96930473
154 7
261 14
124 13
96 12
142 19
299 49
296 49
187 32
179 32
60 12
171 35
158 36
287 78
292 97
207 70
294 102
295 113
244 99
262 114
265 124
168 80
33 16
293 147
117 61
210 112
216 117
241 133
242 134
271 153
120 74
178 113
174 111
244 165
260 179
168 117
186 136
241 178
218 175
109 89
281 232
284 1
252 217
289 249
105 95
217 198
252 234
137 129
217 205
177 172
125 124
170 169
3126260 3126021
3126296 3126074
3126290 3126081
3126232 3126048
3126259 3126079
3126266 3126115
3126211 3126061
3126220 3126075
3126263 3126142
136 116
3126254 3126139
3126258 3126152
3126289 3126235
3126276 3126192
3126215 3126151
3126233 3126169
3126257 3126195
3126271 3126215
3126271 3126219
3126241 3126208
3126230 3126215
3126222 3126216
3126259 3126257
65 65
220 220
3126243 3126249
3126288 3126300
3126234 3126248
3126270 3126290
3126215 3126240
3126263 3126292
3126241 3126287
3126228 3126288
237 271
3126230 3126299
30 59
174 175
41 42
129 140
70 76
98 109
143 165
117 137
202 241
185 230
64 80
134 170
179 236
204 273
121 166
191 265
156 218
102 145
143 205
193 280
136 202
98 151
110 170
95 153
178 293
141 249
117 211
92 170
120 231
60 117
94 188
121 255
56 130
110 275
50 127
103 289
88 255
53 154
51 151
41 127
74 231
82 287
79 279
81 297
79 290
76 285
52 202
56 220
60 250
50 225
13 64
57 283
36 189
35 243
34 238
19 133
35 283
8 94
5 66
9 125
5 70
12 224
8 250
5 160
2 262
