605308
291 91
208 1
299 86
294 4
281 4
246 4
219 4
297 6
246 5
240 9
289 12
291 83
255 11
296 73
298 14
275 13
285 14
287 67
286 15
289 66
292 63
269 22
293 63
293 25
275 25
276 59
271 57
231 23
278 57
256 52
251 27
272 30
299 60
268 53
251 29
291 55
262 32
270 48
255 44
250 42
300 48
298 38
92 1
188 8
135 6
118 6
49 3
129 9
156 13
55 5
82 8
179 18
150 16
81 9
53 6
198 23
186 23
105 13
218 27
88 11
149 19
141 18
169 22
42 6
185 29
51 8
157 27
234 41
69 13
68 13
238 46
151 30
155 31
139 28
104 21
220 45
248 52
28 6
65 14
55 12
245 54
127 28
231 51
203 45
126 28
170 38
236 53
169 38
223 51
96 22
156 36
34 8
114 27
194 47
237 58
136 34
263 66
129 33
249 65
191 50
196 52
67 18
266 73
258 71
235 65
83 23
43 12
111 32
234 68
17 5
173 51
120 36
165 50
168 51
104 32
143 44
133 41
220 69
114 36
202 65
205 66
278 90
116 38
198 65
103 34
261 88
278 95
143 49
259 90
198 69
228 82
183 66
105 38
120 44
163 61
238 90
238 91
233 90
192 75
253 99
232 92
184 73
98 39
158 63
187 75
180 74
260 107
97 40
240 100
110 46
240 101
250 106
181 77
51 22
187 81
191 83
155 68
68 30
77 34
201 92
76 35
273 126
279 129
208 97
270 126
49 23
66 31
123 58
284 135
96 46
199 96
230 111
128 62
118 58
195 96
241 120
86 43
16 8
184 92
169 85
273 138
285 145
269 137
159 81
86 44
109 56
262 136
275 144
220 116
297 157
300 159
248 132
234 125
163 88
81 44
149 81
235 128
184 101
204 112
222 122
293 162
244 136
210 118
85 48
262 149
274 156
216 124
254 148
118 69
99 58
71 42
290 173
132 79
167 100
259 156
244 147
131 79
38 23
300 182
220 134
234 143
266 163
232 2
259 161
260 162
101 63
290 183
248 158
225 144
190 122
73 47
290 187
271 175
184 120
67 44
111 73
279 185
282 187
200 134
144 97
277 190
150 103
219 151
219 151
287 199
287 200
288 201
223 156
137 96
24 17
231 164
97 69
199 143
147 106
169 122
199 144
161 117
88 64
169 123
118 86
163 119
251 185
196 145
243 180
258 195
254 192
128 97
258 197
98 75
35 27
273 211
226 175
120 93
285 222
245 191
159 124
114 89
154 122
290 230
271 215
195 157
251 203
274 222
278 226
108 88
163 135
236 196
89 74
144 120
261 220
74 63
185 159
252 217
275 237
204 176
137 119
183 159
291 253
186 162
171 149
252 220
286 250
64 56
144 126
125 110
267 235
184 162
159 140
228 201
190 168
215 191
284 253
266 237
268 239
222 198
161 144
275 246
290 260
177 159
40 36
246 222
239 216
270 246
79 72
34 31
141 129
141 129
239 219
39 36
290 268
27 25
288 267
170 158
206 192
252 235
267 249
218 204
259 243
255 242
277 263
263 252
169 163
260 251
288 280
181 176
77 75
223 218
273 267
184 180
188 184
131 129
115 114
292 290
137 85
500300 500191
286 291
220 220
175 175
77 77
149 160
252 253
250 251
217 218
189 190
99 100
279 284
100 102
230 236
188 193
116 120
119 124
271 283
270 282
231 242
62 65
247 259
224 235
199 209
190 200
184 194
154 208
203 218
222 239
238 257
199 215
222 240
233 252
134 146
139 152
213 234
148 164
120 133
127 141
116 129
198 222
239 268
198 223
265 299
232 262
85 96
200 228
219 250
192 221
228 263
104 120
208 240
163 189
145 169
255 299
255 300
182 215
231 273
99 117
130 154
236 280
230 276
74 89
101 122
229 277
166 201
242 295
171 209
70 86
235 289
185 228
202 249
204 254
93 116
231 290
119 150
203 256
30 38
218 279
199 255
213 273
168 216
125 161
125 163
98 128
171 224
151 200
202 269
146 196
117 158
171 287
170 230
110 149
197 268
116 159
59 81
214 295
138 193
125 175
182 255
137 192
109 153
162 228
142 200
124 175
177 250
207 293
96 136
151 215
105 150
190 274
195 284
70 102
129 188
179 262
97 142
162 238
77 114
99 147
151 225
137 205
193 289
199 299
85 128
167 252
132 200
172 261
136 207
149 227
158 242
184 282
169 261
70 109
176 275
149 233
179 280
183 287
78 123
112 177
60 95
120 190
29 46
167 265
183 293
181 294
44 72
147 241
139 229
140 232
127 211
89 148
27 45
93 155
133 222
35 86
105 177
159 270
61 104
140 239
148 253
153 262
122 211
159 275
158 275
145 253
151 264
129 226
86 151
154 272
90 160
120 217
96 176
25 46
141 260
77 143
107 199
118 220
112 209
71 133
132 249
150 287
96 184
50 96
114 219
128 248
92 180
63 125
150 299
118 236
131 264
62 125
131 265
121 247
131 268
129 265
109 226
107 222
90 192
121 260
133 289
127 278
102 225
109 245
65 147
123 281
97 222
100 229
87 200
93 214
93 214
103 239
106 251
114 270
27 64
88 212
40 97
44 107
119 292
28 155
55 136
100 249
57 143
26 66
110 287
81 213
93 245
89 235
95 257
105 288
74 204
63 174
49 138
26 74
99 284
67 194
43 126
59 174
87 269
19 59
91 288
93 295
83 264
25 80
85 276
78 255
70 230
59 200
10 34
87 296
88 300
40 138
77 268
44 157
56 202
72 261
42 154
36 133
74 274
57 221
39 155
66 264
38 153
47 190
68 275
35 146
64 273
60 259
46 201
44 197
53 241
21 96
62 286
37 178
56 273
39 191
59 291
49 245
25 126
58 294
53 278
43 228
54 294
40 219
16 92
32 184
45 276
29 178
31 191
44 278
19 121
30 193
25 166
3 20
12 83
10 74
18 134
6 45
30 229
27 212
21 166
21 171
27 226
31 261
33 282
27 233
32 278
34 298
31 274
15 154
24 251
18 203
21 252
20 244
18 231
18 238
20 268
22 296
9 126
11 157
15 215
20 296
9 150
16 269
5 87
9 173
12 233
11 216
9 192
11 242
11 255
3 81
6 175
5 150
2 67
3 106
1 38
5 190
6 250
4 172
6 270
3 147
4 207
2 109
2 111
4 293
2 255
2 258
