1012461
296 74
227 119
15879 15706
2204 2111
15932 15734
285 192
281 48
2201 2029
4028 3934
294 74
2261 2054
2134 2056
4136 4042
2262 2170
4146 4063
4015 3926
4184 4068
15864 15667
4127 3991
4204 4000
4117 4012
2099 2028
15869 15674
15918 15687
271 60
8038 7944
4141 3990
2146 1989
8121 7972
8050 7924
260 160
167 102
2179 2105
226 106
4189 4109
4177 4012
8092 7938
8095 7848
2217 2118
7969 7873
2204 1969
295 131
8028 7832
231 99
8003 7839
8095 8013
299 118
2258 2015
4086 3947
291 226
209 96
127 7
231 172
4214 3959
164 58
4165 3938
300 147
2232 2060
15819 15692
15840 15738
15934 15786
15815 15719
31521 31349
15849 15756
15733 15642
15847 15710
15926 15800
15856 15744
15837 15747
15746 15653
31549 31364
83 47
32 24
79 66
289 252
2095 2048
2035 1991
2203 2157
2097 2055
2243 2211
92 91
4103 4063
4019 3982
2193 2173
4165 4131
8013 7959
15795 15712
15724 15645
31482 31328
31558 31406
62807 62511
15755 15686
2152 2143
7927 7895
15750 15687
31386 31269
7975 7946
2204 2197
31412 31325
31367 31281
15933 15892
2188 1992
62781 62577
62780 62561
15738 15702
15928 15904
8048 8033
2001 1998
4183 4191
7841 7832
