9937506597
74 1
60 2
62 3
82 4
54 3
52 4
64 5
56 5
66 6
96 9
86 10
93 13
34 8
76 18
88 22
68 19
63 19
95 29
32 11
86 30
97 38
96 38
42 17
17 7
96 40
61 27
95 43
75 35
46 23
88 49
68 38
97 1
72 41
77 44
98 59
90 55
87 54
73 46
88 56
6 4
74 51
77 58
84 65
69 54
86 69
98 79
56 46
64 53
82 68
30 25
79 68
59 52
95 86
93 85
81 75
79 75
56 55
64 36
1312500098 1312500092
96 100
1625000100 1625000030
3500000098 3500000037
3500000100 3500000042
95 98
63 66
71 75
22 25
64 73
68 79
78 93
74 94
77 99
25 33
31 41
40 53
39 52
36 48
27 37
28 40
14 20
50 72
47 70
47 72
35 54
48 75
16 25
9 16
10 18
43 80
17 32
51 98
48 96
30 64
42 90
41 96
32 76
31 75
29 71
39 100
7 18
16 42
27 71
34 90
28 75
29 80
14 45
23 74
29 95
25 86
24 84
2 7
12 47
14 55
25 100
21 89
9 46
10 70
9 68
9 68
7 58
10 87
9 87
5 49
8 100
