100001382
121 1
61 1
228 4
231 5
192 5
211 9
274 15
225 15
279 25
176 16
252 23
299 29
296 29
171 17
299 30
122 15
199 25
223 29
245 35
248 38
174 28
295 48
241 42
209 39
91 17
225 43
241 47
249 51
224 48
199 48
285 71
287 72
93 24
217 57
169 45
62 17
142 40
269 78
47 14
153 46
219 66
171 53
235 73
280 88
101 33
223 75
164 56
275 98
227 81
173 62
269 98
185 68
218 81
206 78
279 106
262 103
202 80
186 80
283 129
257 120
244 116
239 116
203 100
227 114
270 137
242 125
266 142
279 149
105 57
290 159
220 122
233 130
213 120
149 84
300 174
244 145
159 97
229 143
8 5
51 33
216 140
203 133
187 125
163 109
249 168
207 140
224 152
81 55
272 185
86 59
237 163
128 90
177 125
255 189
78 58
247 184
67 51
107 84
252 199
189 152
299 243
228 188
251 211
164 138
261 223
241 208
228 198
295 257
230 202
245 216
194 173
212 191
278 251
169 153
282 257
285 267
233 219
192 182
265 252
213 203
33 32
282 275
199 196
202 200
10195610 10195336
179 2
11562800 11562718
272 300
10195610 10195390
10781545 10781316
11562797 11562552
10195610 10195507
13125298 13125268
11562796 11562779
10781545 10781537
92 172
218 226
254 264
249 262
134 142
214 227
266 285
83 92
268 298
192 215
163 183
52 59
226 257
128 146
42 48
116 133
94 108
181 208
236 272
144 168
26 32
129 162
172 216
220 283
27 35
214 279
213 283
194 260
48 65
163 221
172 237
151 210
97 136
91 128
68 98
175 253
168 246
131 192
112 165
175 263
142 217
92 145
26 41
123 195
81 133
114 188
60 99
78 130
80 140
8 14
159 282
84 149
77 137
151 269
84 151
163 300
125 235
151 284
138 273
103 215
132 278
41 88
107 230
96 208
135 300
94 209
126 287
99 232
57 136
14 34
23 57
103 256
108 270
117 300
84 216
103 267
102 267
106 278
40 105
99 272
102 283
72 201
98 283
83 251
26 81
12 40
52 181
58 204
76 268
13 47
78 294
31 121
39 155
27 108
66 270
38 156
45 191
44 187
45 197
28 123
45 198
58 270
49 233
40 192
38 184
44 217
20 100
16 94
38 250
28 210
9 90
8 82
12 139
20 279
3 62
6 221
3 119
6 252
3 171
2 158
