100031192
50123 49846
50120 49848
273 18
207 2
141 6
198 12
137 10
40 3
115 11
98 10
186 19
252 26
225 28
264 33
192 28
283 51
210 38
212 39
284 57
172 38
276 65
80 21
87 24
275 76
294 84
128 37
233 71
258 79
62 19
176 55
188 63
233 80
201 71
198 70
200 71
170 61
266 105
210 83
225 90
162 67
103 43
248 104
166 76
83 38
184 85
243 114
116 55
282 135
277 136
294 146
107 55
211 109
81 42
102 55
256 143
240 136
195 111
266 156
251 148
206 123
207 125
231 140
244 151
258 161
90 59
272 180
80 54
152 103
90 61
271 185
234 161
78 54
280 199
258 186
248 180
227 174
73 56
267 207
32 25
223 175
206 164
217 174
192 157
187 153
75 62
284 237
295 249
293 250
150 132
212 190
45 41
212 205
102 99
212 206
176 172
279 275
13425 13234
287 283
13457 13270
13427 13256
13455 13284
13505 13342
13382 13225
13419 13270
13426 13284
13468 13336
25669 25439
13327 13209
13469 13351
25639 25415
13347 13232
13320 13208
25713 25505
25698 25492
13473 13368
25666 25476
13328 13233
13381 13288
25641 25508
50107 49856
50126 49876
13447 13382
50075 49835
25567 25448
25551 25441
25708 25598
50104 49899
13363 13309
25670 25571
50045 49854
13382 13334
50119 49940
25535 25448
50030 49860
49994 49834
25503 25424
50064 49910
13356 13319
98953 98708
98892 98657
98940 98707
25678 25618
50058 49942
25589 25534
50082 49978
50127 50024
13465 13438
25585 25536
49936 49843
50088 49998
98907 98730
13379 13356
98859 98714
98881 98740
98819 98682
13418 13400
98799 98667
98865 98733
196562 196342
196527 196313
98876 98771
49941 49888
25517 25490
196525 196318
196532 196329
98763 98666
196554 196363
196511 196329
50030 49984
13424 13412
50074 50030
196491 196326
50118 50076
196514 196350
98891 98809
196593 196430
49932 49892
98943 98865
196481 196327
98875 98798
196591 196444
25525 25506
196601 196455
49952 49916
25641 25625
391916 391679
25495 25480
196512 196401
196525 196423
782449 782351
196548 196406
98803 98754
782385 782287
98855 98810
391829 391652
196590 196502
98703 98659
782499 782392
98771 98728
1563794 1563576
391809 391674
98851 98817
98833 98800
98850 98817
782535 782282
782546 782299
782520 782275
391857 391737
196558 196498
98721 98691
391790 391671
98907 98877
391839 391722
782499 782280
98690 98663
196483 196431
196436 196387
391780 391684
391748 391657
782487 782308
782522 782346
196527 196483
782463 782350
196435 196404
782509 782361
391860 391787
391874 391804
391728 391659
782438 782301
391894 391826
782535 782402
391705 391639
1563777 1563528
1563615 1563520
1563639 1563546
1563609 1563517
3126145 3126004
1563635 1563549
1563669 1563584
3126288 3126119
3126275 3126123
1563617 1563519
1563773 1563581
782425 782329
782484 782389
1563770 1563585
782454 782362
391749 391705
1563794 1563626
1563701 1563600
1563717 1563550
782371 782291
782451 782371
1563701 1563546
3126238 3126012
1563713 1563565
1563718 1563571
782371 782298
391729 391693
782546 782481
1563720 1563594
782477 782420
782439 782379
3126284 3126046
1563637 1563523
3126266 3126105
1563701 1563621
3126285 3126152
3126169 3126028
50017 49993
49975 49956
98867 98846
98820 98800
98811 98795
98672 98657
196383 196358
196610 196589
196468 196449
391789 391766
391821 391800
782337 782303
3126197 3126081
196538 196531
3126299 3126195
391881 391680
782324 782278
3126140 3126039
391834 391823
65 65
