99765563
156 4
87 3
156 10
46 3
172 17
139 14
89 9
27 3
179 21
182 22
87 15
138 24
200 35
26 5
79 16
107 22
83 18
139 31
150 37
181 49
118 33
74 21
88 31
57 21
178 66
164 62
139 54
185 72
111 44
131 52
168 69
70 32
188 88
163 81
30 15
123 62
150 79
17 9
142 76
139 77
61 34
95 53
90 52
136 80
97 58
46 28
65 40
180 111
128 81
159 102
133 86
20 13
6 4
179 122
194 134
125 94
99 76
31 24
97 77
69 55
164 132
192 155
88 72
90 75
200 172
102 90
156 140
175 162
138 128
171 160
165 158
178 172
111 109
64 2
195 192
187 191
7250199 7250055
7250198 7250066
26000200 26000086
4125200 4125183
4125200 4125199
51000199 51000198
171 171
123 175
166 169
126 130
13 14
155 170
80 89
174 197
95 110
100 117
159 188
49 58
101 120
134 167
137 171
42 55
102 134
26 35
10 14
118 167
99 144
124 181
114 167
128 188
80 119
94 143
53 81
113 174
11 17
46 72
115 181
10 16
36 59
59 98
117 196
34 57
25 43
23 42
107 196
28 53
73 143
74 149
76 159
27 57
74 161
71 156
31 70
60 139
42 100
61 146
64 157
46 117
61 157
53 137
67 176
66 180
62 188
54 183
52 177
40 138
54 195
31 116
34 129
32 123
7 27
24 96
30 140
32 151
24 117
27 142
29 163
24 167
16 122
19 167
16 147
20 193
11 130
12 156
9 145
6 97
5 153
4 130
5 185
1 184
