100016831
286 37
128 4
16298 16158
22480 22274
22490 22214
22463 22250
13264 13096
13176 13059
11740 11608
11774 11616
11745 11609
11792 11588
11722 11574
11681 11547
11750 11622
11687 11571
11011 10874
10990 10827
10999 10856
263 132
249 4
126 2
10954 10819
10914 10777
243 1
295 77
223 152
245 103
169 19
186 116
254 152
196 44
220 147
294 125
271 42
260 138
139 54
235 134
155 25
238 84
138 57
217 125
272 155
223 73
161 57
223 15
151 55
290 219
137 63
235 74
261 188
22467 22276
285 19
290 138
107866 107676
16335 16242
11629 11541
34655 34430
34684 34481
34621 34426
34652 34458
22379 22271
22485 22404
13247 13154
22354 22242
34685 34574
67 5
27 8
86 53
90 57
138 94
190 135
156 118
268 205
212 168
141 114
137 112
218 180
132 112
163 139
167 143
202 179
170 157
299 289
196 190
270 265
234 230
13342 13277
11013 10960
10864 10813
16205 16138
11592 11547
16243 16182
10988 10947
16279 16219
13188 13140
13185 13138
16373 16324
13117 13083
11625 11596
16196 16160
10884 10860
107895 107716
58990 58897
11580 11566
59011 58942
107946 107826
34463 34425
205530 205328
107770 107683
205527 205367
22284 22268
59118 59079
6260167 6260046
6260187 6260045
3135202 3135129
400891 400646
3135280 3135190
6260257 6260071
205560 205447
6260254 6260054
400829 400639
6260300 6260082
205474 205397
400856 400718
400768 400636
3135237 3135096
400923 400816
400852 400754
791525 791332
1572768 1572673
3135281 3135088
1572635 1572525
791415 791355
400766 400683
400771 400689
400797 400721
791478 791340
1572695 1572571
1572788 1572659
400729 400663
791384 791277
400747 400695
1572760 1572573
34525 34503
59069 59032
58930 58894
59059 59023
13251 13244
59126 59110
58849 58835
205393 205348
205539 205494
205604 205560
34563 34557
107834 107816
107873 107860
400786 400738
205491 205471
400872 400853
3135171 3135110
3135269 3135214
3135281 3135234
791290 791281
1572736 1572719
6260081 6260014
146 53
12510282 12510133
791274 791267
3135151 3135133
235 235
1572521 1572526
205465 205479
271 276
