1004855
7978 7937
80 38
2082 2074
2088 2063
2145 2067
15825 15759
2106 2062
2111 2076
15825 15753
2112 2087
2148 2137
2094 2054
15813 15728
2151 2134
2151 2118
2097 2076
2140 2099
2109 2089
2120 2081
2121 2112
2092 2078
2109 2100
15820 15734
2108 2054
2143 2127
2127 2117
2106 2068
4081 4014
2102 2057
4077 4035
2147 2130
4096 4079
52 34
2115 2093
2116 2056
4099 4027
2101 2090
4095 4057
75 12
4026 4007
80 60
4079 4048
4045 4029
4081 4067
7989 7916
4084 4034
4087 4009
4043 4017
80 30
7954 7920
74 15
15796 15727
4078 4025
47 42
79 22
80 11
96 28
44 25
4077 4014
15805 15748
4088 4022
49 6
4090 4011
56 26
15822 15751
4070 4043
87 49
61 37
17 1
80 73
4051 4024
4071 4033
100 51
4086 4059
8011 7939
7986 7936
7994 7919
7988 7944
73 60
82 50
81 57
94 49
8003 7962
7995 7967
82 11
8011 7981
88 41
7966 7920
63 44
7990 7923
33 13
7985 7962
31430 31358
7976 7956
31445 31395
31445 31370
31417 31362
31417 31352
31450 31390
15823 15780
31450 31377
7974 7951
13 11
68 64
53 51
87 85
4041 4031
2120 2115
7983 7968
15792 15764
7966 7952
15785 15758
15760 15734
15823 15797
15818 15794
2061 2055
4032 4026
62690 62604
31426 31383
31435 31392
15799 15727
31400 31352
7940 7929
62696 62609
31407 31366
15786 15767
2113 2111
