976373
64 6
61 8
58 15
91 26
97 29
54 18
54 18
74 35
92 50
95 58
39 26
99 68
79 62
92 84
49 45
31446 31360
31450 31372
31437 31361
31434 31362
31437 31366
31434 31366
31432 31373
31418 31361
31434 31379
31441 31386
31445 31392
31433 31385
31428 31381
31430 31383
31438 31396
62 5
31410 31365
31427 31389
31442 31416
31420 31394
31436 31413
31443 31427
31422 31408
31411 31400
31411 31402
31422 31418
31418 31415
31416 31414
31419 31421
31424 31430
89 91
31417 31442
31414 31442
73 77
71 75
53 56
87 99
45 55
42 52
15 19
41 57
25 36
61 92
39 62
54 88
20 35
48 100
39 87
26 67
25 86
16 56
12 45
15 67
9 74
11 94
8 72
