9687519603
235 35
222 35
293 48
152 33
297 68
245 68
104 31
296 90
85 27
129 44
137 47
87 31
176 70
186 10
223 96
229 99
122 58
293 143
283 140
229 131
194 111
214 136
261 169
154 101
278 190
57 39
56 41
158 118
84 63
265 201
225 175
101 80
181 146
154 127
158 131
249 212
274 243
187 169
139 127
145 141
68 67
312500258 312500010
312500265 312500026
312500228 312500012
312500221 312500013
312500255 312500048
312500229 312500032
312500240 312500049
312500274 312500092
312500277 312500095
312500298 312500134
312500232 312500072
312500240 312500095
130 54
312500288 312500148
312500247 312500117
312500296 312500250
312500253 312500126
312500264 312500156
312500244 312500155
312500219 312500144
312500247 312500177
312500293 312500224
312500270 312500234
312500257 312500222
312500239 312500206
312500227 312500195
312500291 312500287
212 291
312500226 312500232
312500248 312500258
312500247 312500268
312500259 312500295
312500228 312500265
204 225
71 159
146 163
144 168
153 182
153 188
143 176
136 168
175 223
129 168
179 249
204 286
161 233
103 150
176 262
128 203
121 202
144 273
116 233
62 132
92 197
82 193
113 284
115 294
60 159
55 156
79 228
31 100
39 137
24 105
48 219
57 264
63 293
20 177
25 230
20 229
5 105
