5010009252
89 39
84 1
81 2
70 2
98 4
75 4
94 39
72 7
94 37
59 6
57 6
71 10
70 10
85 32
79 15
85 18
94 21
96 24
83 30
65 17
85 30
79 27
100 29
76 23
67 21
86 27
84 28
95 32
33 3
20 2
11 2
8 2
40 11
38 11
48 16
58 1
74 31
59 25
71 31
67 31
28 13
53 25
64 31
61 31
45 24
49 27
66 38
93 54
59 35
77 49
100 64
78 50
68 44
47 31
100 66
77 51
72 48
45 30
87 58
64 43
25 17
47 32
70 48
86 59
47 34
45 33
61 45
28 21
52 39
71 55
50 39
47 37
55 44
72 58
48 39
70 59
39 33
98 83
98 84
51 44
92 80
73 64
90 79
87 78
60 54
61 55
100 91
73 68
92 86
16 15
36 34
64 63
79 78
54 19
5010000100 5010000011
74 91
1 1
35 60
64 65
71 74
34 37
21 23
61 67
62 69
69 77
31 37
41 49
24 29
67 81
67 81
18 22
13 16
56 71
14 18
46 60
16 21
50 66
59 78
65 87
46 62
71 96
50 68
72 98
71 99
57 80
41 58
47 67
52 75
32 47
12 18
50 79
51 81
40 64
52 85
47 77
45 74
12 20
15 26
5 9
27 50
17 32
47 89
30 57
21 40
25 48
47 91
22 43
13 26
7 14
28 60
40 92
22 51
26 65
25 65
30 79
7 19
33 92
30 87
11 33
10 31
24 76
21 68
27 89
20 66
24 81
15 55
12 45
6 24
25 100
10 40
9 39
22 98
18 82
18 85
13 66
2 11
12 69
12 70
6 36
6 36
15 90
10 62
7 46
15 99
13 89
1 7
12 86
11 82
5 41
5 53
7 75
5 54
5 58
4 69
2 37
5 94
3 58
2 39
4 93
3 76
1 91
