1008745
1585 1511
1566 1527
75 57
86 79
89 50
75 37
93 61
46 24
62 8
67 60
58 9
8903 8820
98 77
40 2
99 90
71 23
4990 4939
95 79
73 39
5001 4907
4975 4927
26 4
74 65
72 59
4997 4927
24 14
5005 4938
1552 1527
49 6
40 31
4982 4935
4992 4919
4983 4909
87 31
4980 4931
82 63
87 19
80 14
11 4
47 15
53 15
47 16
86 15
92 40
4988 4913
14 9
5003 4915
77 19
51 7
42 26
3041 2998
2981 2957
1200 1167
1175 1133
3044 2964
1186 1150
1207 1140
1193 1133
1173 1143
1168 1143
3018 2988
1203 1183
1218 1152
3026 3003
3030 2996
1203 1177
1184 1160
3048 2957
1217 1150
1220 1149
1187 1166
3049 2994
1197 1126
1164 1135
1172 1148
3025 3002
3037 2981
1201 1175
3046 3007
1190 1148
1208 1144
2997 2974
3053 2988
1163 1129
1174 1137
3050 2972
1194 1141
1192 1156
1329 1306
1338 1268
3013 2988
1336 1286
1344 1285
3044 3017
3026 2960
3034 2976
1340 1262
1289 1268
3049 3004
1284 1252
2036 2004
1312 1257
2026 2004
2030 2010
2057 1998
2069 2038
2066 1996
2065 2048
1298 1278
2066 1982
2031 2015
1304 1278
1307 1288
2037 1991
2050 2008
1340 1282
2066 2019
1280 1252
1298 1265
1319 1278
1313 1289
2017 1983
1335 1277
1339 1254
1275 1247
1317 1288
2014 1984
1562 1516
1572 1559
2001 1981
2057 2009
2046 2028
1558 1516
2061 2045
8884 8817
1566 1505
1545 1514
1533 1499
1575 1541
1581 1542
1565 1489
1503 1491
1577 1562
1588 1499
1560 1503
1565 1542
1588 1572
1562 1515
1542 1508
1554 1533
1540 1518
1547 1505
1523 1509
1569 1491
32347 32282
1528 1518
8904 8841
2001 1990
8895 8844
2010 1995
2012 1999
1344 1336
4967 4936
1540 1529
2022 2011
8897 8845
5002 4972
8889 8826
2978 2957
1527 1516
1197 1188
8905 8841
4928 4911
16720 16632
8883 8836
16711 16629
2983 2974
16708 16631
16692 16628
8846 8822
1297 1290
3011 3001
8857 8817
4975 4956
16716 16668
1207 1202
8875 8835
8903 8877
1564 1557
2973 2958
2059 2049
8871 8846
1520 1512
3053 3040
2039 2033
16723 16647
2027 2021
3042 3026
2055 2049
8879 8854
16711 16666
16710 16646
3028 3020
16705 16627
8851 8826
5004 4981
32329 32263
8837 8817
8902 8881
8869 8847
2965 2958
16708 16676
5005 4992
16720 16682
4936 4924
16704 16672
32337 32268
16719 16677
6 5
1573 1569
2011 2006
1311 1308
1508 1505
2036 2032
1546 1543
8853 8837
32329 32271
32343 32285
32342 32285
16699 16670
4995 4942
16683 16648
16676 16629
4941 4933
8880 8866
16670 16644
