1018398
287 218
228 11
190 7
148 6
183 8
251 11
178 9
228 13
188 11
182 11
241 15
274 18
204 15
256 187
205 18
285 26
190 22
154 21
252 35
290 43
158 24
247 41
280 201
221 158
296 57
210 42
185 37
98 20
148 33
173 39
134 33
286 71
151 38
225 159
292 74
126 33
105 30
145 42
232 69
159 49
253 78
161 51
145 46
289 204
190 62
262 86
182 60
115 38
290 96
199 67
163 57
300 106
282 102
200 74
251 94
275 104
287 112
186 75
295 121
181 77
179 77
147 65
168 76
178 81
281 128
159 73
136 64
190 90
224 107
174 84
230 112
126 63
295 208
255 134
260 137
291 161
294 165
223 126
250 142
157 90
282 190
182 108
236 142
268 163
218 135
266 166
221 138
286 181
292 188
276 179
257 169
41507 41279
41549 41302
41530 41279
41535 41280
41536 41264
41510 41303
41537 41323
39 3
64 11
33 6
79 20
77 25
120 63
24 14
150 99
171 114
127 86
187 128
133 92
200 144
187 135
197 143
204 150
193 145
214 161
172 134
282 221
242 191
171 138
167 135
81 66
210 172
227 186
199 164
253 209
122 101
273 228
242 203
81 68
237 199
219 184
231 200
231 203
256 226
77 68
218 194
219 195
285 257
186 170
195 181
75 70
261 244
187 176
214 202
261 247
208 5
235 226
272 265
145 143
246 244
41542 41343
41460 41266
41448 41260
41544 41359
41443 41268
41442 41268
41420 41261
72790 72525
41514 41363
288 275
72775 72517
72782 72535
274 285
72774 72528
72771 72527
246 246
208 208
158 158
173 176
158 161
244 249
237 249
211 222
220 237
201 219
