100012881
114 5
170 9
199 17
114 10
111 10
157 19
177 25
135 22
123 22
86 20
98 29
100 34
145 53
148 58
61 24
180 73
101 50
63 32
85 49
86 50
164 103
82 52
151 96
148 99
185 132
189 137
117 85
181 132
112 82
147 110
135 104
185 1
164 129
92 74
192 155
190 158
49 42
183 162
154 138
118 113
205498 205330
205491 205324
205502 205337
205461 205314
205477 205338
205461 205329
205503 205376
205431 205317
205491 205380
205458 205352
400816 400631
400809 400627
400813 400634
400813 400637
205445 205362
400818 400661
205480 205400
400787 400634
205427 205351
400806 400665
205413 205346
400758 400635
205392 205329
400740 400633
205512 205458
205376 205326
205397 205347
400774 400678
400783 400690
400795 400702
205486 205439
791441 791261
184 143
791448 791275
791429 791259
400760 400674
400760 400674
205404 205360
400759 400674
400780 400695
400767 400684
400806 400723
791401 791258
205511 205475
400825 400762
205354 205323
400731 400672
400704 400646
791384 791270
400781 400724
400787 400730
791372 791261
791415 791305
400688 400633
400695 400640
791383 791279
205443 205417
400797 400747
791373 791276
400734 400685
791353 791258
400792 400745
205384 205360
400758 400715
791398 791314
791387 791307
791391 791311
1572666 1572510
791427 791349
1572675 1572523
400666 400629
400676 400639
205418 205400
400707 400672
400823 400788
791387 791318
791345 791279
791363 791297
791376 791314
791327 791266
1572665 1572545
205416 205371
205352 205333
791319 791260
1572666 1572550
400690 400661
791351 791296
205454 205440
1572631 1572533
791447 791398
1572661 1572567
791438 791391
205418 205406
205439 205427
205451 205439
3135188 3135008
1572642 1572554
791372 791329
1572641 1572556
1572647 1572562
791360 791318
400770 400749
1572611 1572529
1572648 1572568
791416 791376
3135176 3135018
1572633 1572554
400647 400627
400704 400684
1572653 1572578
1572694 1572621
3135186 3135042
1572694 1572622
1572657 1572586
400652 400634
1572645 1572526
3135163 3135001
1572572 1572505
791413 791382
791342 791312
400787 400771
205371 205363
791381 791361
400744 400729
400752 400737
791430 791402
791279 791253
791279 791253
791323 791298
205391 205385
791293 791270
791329 791306
791340 791317
791294 791272
791381 791361
400731 400723
205379 205375
400630 400626
400653 400649
400691 400690
205398 205398
400699 400700
205448 205454
205507 205508
205451 205452
400663 400665
400631 400633
400807 400813
205483 205490
205476 205485
205412 205422
205454 205466
205417 205430
205475 205490
205359 205376
205380 205398
