100040672
207 102
136 43
217 148
284 204
117 50
132 5
259 6
191 144
110 4
246 46
137 16
168 108
135 105
81 38
136 71
165 18
141 21
195 75
258 5
86 1
284 116
286 22
296 197
297 152
297 234
170 2
283 99
245 161
128 41
233 145
237 54
233 97
198 14
289 95
271 192
200 74
148 52
111 47
169 9
253 6
190 112
249 137
292 127
121 78
154 124
275 133
53 4
297 32
66 9
220 167
208 68
298 206
264 90
288 59
253 139
179 96
267 74
216 119
207 78
286 93
211 102
278 19
255 83
276 9
88 22
186 36
222 89
151 33
163 80
279 177
236 43
251 17
153 110
259 195
221 88
198 143
258 130
143 4
268 205
284 111
195 27
245 6
288 220
243 32
173 52
153 70
139 109
219 8
124 69
268 101
197 86
263 150
251 138
284 139
282 75
140 54
53 22
179 40
158 55
260 146
261 141
241 25
110 54
141 1
275 45
285 184
200 120
35 3
273 82
107 30
146 21
244 116
63 17
203 41
179 108
251 117
284 104
184 58
131 20
200 20
270 184
256 64
116 43
160 38
249 166
164 98
174 45
237 11
239 55
182 9
259 170
1662728 1662588
3225239 3225010
3225262 3225035
3225298 3225080
1662790 1662666
881461 881313
124610 124529
881523 881377
197950 197725
197839 197689
124709 124420
124654 124468
881535 881368
197896 197807
295534 295463
197856 197798
197788 197712
197899 197687
197826 197704
295531 295464
197867 197733
295577 295473
124664 124568
295536 295391
197861 197700
295520 295461
197747 197689
295538 295326
124574 124491
112324 112213
197874 197716
1662788 1662629
197871 197782
197866 197698
197910 197825
112344 112276
295512 295390
295533 295416
295434 295342
296 242
295583 295443
881531 881281
112454 112208
295548 295414
112447 112231
197888 197795
197941 197657
295566 295319
112390 112232
197952 197854
881495 881312
881445 881350
197850 197723
295453 295386
197766 197689
197927 197755
197921 197699
295601 295367
112451 112215
295539 295399
295601 295359
112324 112263
881436 881342
149111 148890
881481 881268
124640 124502
149083 148928
112496 112326
881520 881388
149108 148913
490919 490737
1662731 1662536
490841 490686
112431 112242
124711 124461
1662724 1662528
490783 490683
149089 148962
148951 148838
149119 148845
1662752 1662554
124595 124497
124663 124608
490874 490802
490843 490627
148959 148877
490772 490697
149024 148933
124579 124488
148971 148860
112408 112350
149026 148948
490914 490835
112416 112269
149010 148882
124506 124434
148972 148845
124573 124421
490870 490726
490844 490654
490895 490747
490912 490636
112360 112243
112476 112332
112489 112380
1662754 1662575
490808 490701
149082 148902
278 233
149020 148859
1662678 1662534
148991 148874
149062 148939
149057 148882
112452 112352
124633 124546
490824 490641
490872 490669
881502 881415
124639 124521
490908 490793
112462 112400
490874 490630
124689 124474
124619 124466
124627 124550
287 235
124700 124524
124579 124418
124620 124502
124681 124478
112504 112450
124555 124473
881498 881354
881461 881308
112481 112270
881483 881348
881532 881275
112310 112228
112432 112240
1662713 1662571
8 2
34 14
63 40
40 31
76 60
88 71
161 130
180 147
121 99
231 192
261 218
56 47
244 205
195 164
276 236
260 226
276 242
250 220
158 140
208 185
285 254
287 263
298 283
255 243
298 288
300 293
190 186
115 113
124566 124517
124615 124567
124459 124418
124710 124671
149081 149035
149061 149018
148898 148860
197943 197893
197730 197681
124690 124662
112499 112474
148930 148899
148939 148913
112345 112327
112476 112458
148900 148877
295358 295313
112424 112408
490797 490730
197827 197802
124557 124542
490819 490763
148893 148877
490896 490845
295405 295375
881384 881299
149091 149077
148969 148956
197831 197814
295525 295500
881414 881342
285 25
295580 295530
881355 881291
1662673 1662553
1662714 1662609
881344 881283
1662764 1662657
881372 881313
3225257 3225090
3225187 3225017
197920 197906
881473 881428
3225200 3225036
881401 881357
1662786 1662664
1662660 1662526
1662658 1662518
3225296 3225143
3225191 3225042
197676 197667
112453 112448
280 282
95 96
