1009064
44 1
35 1
73 3
24 1
98 5
78 6
93 8
74 7
97 10
86 9
46 5
95 12
31 4
44 6
85 13
6 1
95 16
76 13
87 4
87 15
85 15
56 10
56 10
100 18
93 17
65 12
95 18
85 17
64 13
92 19
67 15
51 13
66 17
100 26
98 26
97 26
41 11
17 5
27 8
43 13
59 18
93 31
74 25
67 23
40 14
74 26
96 37
93 37
95 39
76 32
76 32
71 30
91 39
88 38
74 32
87 38
87 38
96 42
90 40
65 29
97 44
59 27
49 24
65 32
89 45
61 31
60 31
78 41
28 15
93 50
48 26
77 42
99 54
86 47
75 41
20 11
78 43
95 53
34 19
66 38
58 34
100 59
96 57
94 56
61 37
95 58
47 29
48 30
85 54
48 32
76 51
42 29
40 28
74 52
89 64
59 44
67 50
87 65
68 51
81 61
91 71
66 52
71 56
35 28
67 55
84 69
68 57
84 71
98 85
55 48
98 86
36 32
64 59
90 83
56 52
35 33
85 81
87 83
2044 1968
2043 1977
2016 1955
2020 1959
67 65
15717 15633
2038 1981
2053 1997
7911 7861
2051 2001
4001 3914
3996 3910
3996 3922
4005 3931
7911 7859
7900 7845
7906 7850
3980 3919
7897 7840
4002 3942
4001 3942
3974 3917
3974 3917
3994 3939
7900 7837
7886 7823
7887 7823
7904 7832
4000 3954
7901 7821
15700 15633
15712 15642
15721 15646
31345 31264
15719 15655
40 39
2026 1993
2006 1975
2014 1983
2026 1995
2039 2011
1989 1962
2010 1984
2012 1988
89 88
4002 3961
3948 3911
3952 3915
3980 3943
3978 3947
3937 3907
4006 3978
3967 3940
1993 1980
7875 7827
1976 1964
7878 7832
7898 7853
7882 7838
7905 7861
3957 3935
3983 3962
7876 7837
3926 3907
7884 7846
7887 7849
3979 3960
7891 7857
1969 1961
7847 7818
7875 7847
1984 1977
1985 1978
7871 7844
15701 15649
15718 15666
7885 7860
99 17
15680 15634
3975 3964
15710 15668
7878 7857
3979 3969
15696 15657
15670 15633
15680 15643
15693 15656
15683 15647
15675 15641
15699 15667
15673 15642
7872 7857
31347 31288
31349 31291
15675 15647
3976 3969
31323 31269
31311 31259
31320 31268
31323 31271
31324 31273
31337 31286
15694 15645
15662 15630
3929 3919
15709 15684
3939 3933
7902 7890
1998 1996
7890 7880
7860 7851
1976 1975
1978 1977
90 99
3955 3954
9 9
21 21
2026 2027
1989 1990
2019 2021
44 45
32 33
72 75
88 92
31 33
