9996111502
225 21
140 19
249 35
257 37
182 27
32 8
136 35
248 64
239 64
162 49
96 30
212 68
140 46
266 91
259 89
280 108
64 25
68 28
151 65
117 53
247 117
200 95
48 25
263 35
268 143
148 80
66 37
223 126
261 152
206 120
225 136
297 184
232 144
66 41
272 172
268 172
290 189
197 133
272 194
145 107
164 122
290 217
225 171
237 188
83 66
212 176
259 217
252 226
34 31
88 82
80 75
57 55
284 149
1312500296 1312500209
256 260
1039062799 1039062596
1078125297 1078125089
1156250293 1156250105
1039062798 1039062671
1019531547 1019531432
1156250297 1156250225
1039062798 1039062741
1156250294 1156250258
244 247
122 123
209 216
85 95
207 243
181 215
195 232
181 219
130 158
184 230
201 255
19 26
53 74
126 183
201 295
154 228
191 285
136 205
31 49
136 216
155 247
144 236
183 300
99 165
172 289
89 171
35 68
106 216
75 160
113 272
116 290
33 92
41 120
43 159
67 255
48 192
63 274
58 286
43 231
50 279
39 229
20 143
38 292
23 249
2 77
4 284
