1036079
278 21
221 112
237 26
290 147
288 137
137 3
158 29
144 17
74 10
247 101
86 22
166 50
63 21
298 35
293 29
189 81
155 4
216 73
191 85
243 82
169 28
144 41
100 31
290 39
36 15
201 86
111 20
245 121
90 38
220 83
224 51
159 58
207 53
236 77
181 22
176 41
187 22
269 107
221 7
192 40
51 2
118 52
244 97
227 110
273 85
251 10
221 60
203 78
187 9
179 31
199 81
269 75
211 62
276 139
108 54
193 94
127 65
69 11
277 58
124 53
296 29
128 18
187 27
255 86
238 7
291 138
106 31
173 18
129 20
161 44
229 81
228 94
255 16
177 25
92 35
154 74
133 23
250 13
291 9
162 74
149 26
97 21
229 71
166 30
171 80
216 107
189 25
242 121
250 80
204 65
173 40
182 10
51 20
130 29
67 25
221 32
120 48
239 82
133 37
267 131
222 183
2308 2189
2184 2117
4132 4048
225 188
272 213
4284 4085
4285 4205
4298 4021
4185 4059
4156 4083
2346 2304
4233 4087
129 104
4107 4017
89 63
255 225
243 168
2343 2255
275 247
298 234
4200 4110
4183 4021
4295 4097
4204 4086
198 178
4193 4026
152 121
165 112
4256 4078
8143 7979
160 112
132 68
4272 4125
8136 7984
4276 4137
196 161
4265 4077
258 220
250 143
266 239
4267 4125
207 123
8101 7961
259 240
155 125
8151 8007
8131 7988
4290 4194
159 110
8134 7935
2305 2178
280 214
183 144
2310 2127
8148 7970
2340 2151
2291 2204
4276 4083
269 150
251 135
4264 4178
8184 7926
258 214
208 109
4290 4141
121 81
4133 4012
232 172
163 145
83 48
237 146
277 179
4261 4116
212 147
4264 4029
75 43
8167 8028
177 136
208 141
2110 2074
8165 7981
296 213
2307 2083
194 136
2113 2061
8195 7999
262 149
2266 2161
2303 2074
109 77
8177 7971
175 93
205 170
16024 15728
2248 2090
2234 2112
2288 2094
190 132
2251 2080
189 107
2307 2084
2287 2214
8095 7945
193 158
177 100
255 172
225 157
161 86
121 84
67 48
2249 2141
209 110
2336 2163
194 136
2287 2115
281 145
2294 2185
273 227
2311 2113
212 138
71 43
2108 2059
2244 2109
226 129
2216 2126
290 247
2315 2110
2161 2111
294 280
2304 2096
2266 2158
284 231
2188 2065
2272 2138
107 87
2328 2088
226 117
2345 2187
2279 2183
2207 2113
2258 2086
15945 15737
8167 8086
16015 15857
15941 15746
2165 2133
8091 7984
8016 7938
4101 4036
16016 15834
8195 8099
15926 15744
16018 15848
8183 8063
8077 7951
8129 8003
7997 7918
8186 8097
8043 7916
4219 4167
8111 8025
4217 4162
15896 15742
4175 4122
15935 15776
4173 4107
4192 4134
8052 7950
8157 8067
8126 7999
15952 15756
16023 15828
16018 15772
16001 15734
8156 8044
8123 8042
8184 8083
4289 4217
15988 15834
33 22
30 24
93 82
77 68
91 82
116 105
133 124
74 69
216 206
288 276
230 221
290 279
139 134
171 165
97 94
69 67
101 99
2166 2136
274 271
276 273
2192 2169
2334 2310
4125 4083
2078 2058
15895 15752
2158 2139
15878 15743
8000 7933
31638 31379
15887 15759
4115 4082
8126 8061
15886 15759
15899 15773
15969 15843
15928 15803
15860 15738
8205 8143
8093 8032
222 39
31621 31378
31610 31379
31599 31376
4049 4027
203 202
263 266
