50018682
240 153
219 42
172 9
135 12
216 21
276 28
170 18
179 25
184 26
251 41
249 46
297 63
255 62
195 50
278 72
200 57
297 96
282 179
124 43
138 50
214 80
223 86
185 72
286 113
273 161
296 174
281 188
278 199
85 28
45 22
138 73
66 36
108 65
35 22
184 116
153 97
121 78
139 93
107 75
94 67
155 114
103 77
275 208
177 135
254 205
244 197
158 129
196 162
169 142
235 201
287 246
233 205
265 234
77 68
246 218
293 268
178 166
259 243
136 131
168 164
166 5
50000300 50000061
261 271
197 232
258 259
70 72
192 203
178 190
210 225
224 246
109 120
64 72
155 184
140 167
223 267
227 273
209 252
241 298
192 242
52 66
122 155
155 199
163 210
104 134
181 251
136 191
184 264
63 95
77 125
104 171
81 135
74 125
159 270
140 238
159 294
37 76
119 246
85 177
124 261
82 181
116 284
81 208
101 272
78 225
61 218
35 128
33 121
51 188
24 101
59 253
55 282
38 260
29 204
31 221
27 223
32 276
14 240
12 222
4 78
5 222
3 206
