5000007712
66 7
97 4
131 8
181 28
153 26
76 17
183 42
101 25
109 27
52 16
105 35
178 71
164 70
134 71
157 84
193 105
167 95
28 16
175 114
127 84
187 127
163 111
31 22
101 72
142 114
61 49
98 80
94 81
122 107
151 133
97 88
140 128
184 173
163 150
195 186
173 7
5000000200 5000000014
176 187
132 146
136 156
156 179
79 91
85 103
157 195
116 146
141 178
127 172
87 121
70 104
76 116
122 187
40 69
59 103
85 152
88 177
95 192
79 165
73 154
67 144
46 104
20 50
33 89
66 192
19 56
25 76
44 148
34 132
43 180
30 127
36 159
36 159
29 139
33 199
19 117
13 86
13 110
8 81
16 179
11 165
11 177
2 81
