99994682
159 1
74 1
193 3
159 5
180 6
175 6
137 6
88 4
87 4
181 9
196 10
18 1
104 6
196 12
197 13
150 11
190 16
116 12
132 14
169 18
148 16
174 19
150 17
117 15
132 17
117 16
135 19
127 19
63 10
161 27
184 31
62 11
80 15
168 32
78 15
199 40
192 40
199 42
171 38
197 44
151 34
173 40
132 31
96 23
125 30
141 35
181 48
162 44
137 38
133 37
186 53
153 44
190 55
188 55
178 54
161 49
62 19
125 39
194 2
176 57
180 63
179 64
178 64
166 60
149 54
114 42
40 15
196 74
136 52
26 10
31 12
86 34
134 54
61 25
58 24
188 78
159 66
106 45
114 50
186 82
104 46
180 80
88 40
167 76
105 48
161 74
141 67
37 18
152 74
179 88
117 59
122 63
135 71
150 80
173 55
173 97
179 102
128 76
165 98
66 40
115 71
138 86
143 90
135 85
172 110
142 91
195 125
107 69
101 67
194 130
73 49
183 124
178 122
133 93
195 137
196 139
173 123
63 45
142 103
150 109
70 51
185 139
185 139
162 122
133 72
167 127
71 54
109 84
53 41
118 94
102 82
133 109
130 108
158 134
196 171
93 83
89 80
103 93
119 108
174 160
135 127
70 66
59 56
175 167
46 44
138 133
157 152
66 64
87 85
145 142
186 183
68 67
177 176
108 82
10781447 10781276
188 199
10195511 10195402
10390823 10390719
13125198 13125104
11562699 11562615
11562694 11562621
10390825 10390776
11562699 11562687
10390824 10390816
13 13
101 101
137 137
56 67
148 149
92 93
155 157
91 93
55 57
187 195
94 101
140 151
38 41
125 139
79 88
118 132
132 148
148 166
151 171
126 144
108 124
163 189
129 150
88 189
136 164
95 115
121 147
144 177
143 176
99 123
136 169
65 81
62 79
134 172
113 146
129 168
147 195
134 178
138 184
149 199
116 155
138 186
128 173
50 69
46 64
31 44
19 27
94 136
129 191
85 126
101 156
98 154
103 162
64 101
100 160
87 140
78 126
103 167
119 193
98 159
114 185
95 156
112 188
115 198
77 136
97 175
50 92
88 163
51 95
106 200
28 53
84 159
83 160
95 184
65 126
63 126
91 183
79 159
71 144
58 118
87 177
85 173
83 169
83 169
54 111
44 92
81 172
84 179
70 154
56 125
65 146
87 196
52 118
83 195
34 81
49 117
9 22
49 120
54 138
75 193
17 44
68 176
10 26
69 194
59 167
42 121
27 78
16 48
43 134
7 22
43 136
44 144
52 172
35 118
8 27
27 92
58 198
49 168
55 189
32 110
37 128
19 67
22 80
44 165
49 188
32 127
36 144
36 191
36 191
9 48
21 123
28 173
18 114
29 187
13 87
11 77
21 165
20 176
12 115
17 187
16 178
15 169
10 136
10 140
9 128
6 94
6 110
4 76
3 63
7 169
1 85
1 132
