1016757
278 6
250 3
133 2
238 4
237 5
168 6
249 11
162 10
271 21
133 12
136 13
142 14
141 15
202 24
74 9
288 37
221 29
255 35
189 30
277 45
248 41
140 25
159 30
89 17
192 37
41 8
91 19
294 62
245 52
163 36
216 48
271 62
287 66
212 52
149 39
263 69
299 80
104 28
131 36
248 69
287 80
261 74
202 61
299 95
72 23
203 67
117 41
46 15
289 102
154 56
144 53
258 99
148 58
224 90
247 100
97 41
189 80
182 81
296 133
246 112
58 27
278 131
247 117
224 109
268 131
205 104
120 61
205 105
223 116
176 92
143 75
234 123
53 28
291 154
85 45
98 52
284 151
96 52
255 139
215 119
288 162
275 155
274 156
171 99
269 156
126 74
160 94
73 43
162 96
290 173
186 113
183 112
93 57
135 85
165 104
205 131
272 175
278 181
267 174
135 90
30 20
64 43
221 150
212 145
194 135
145 103
237 170
279 203
162 118
144 105
101 74
240 176
291 215
257 194
146 111
231 176
265 204
135 105
257 200
222 175
104 82
224 177
205 163
242 196
275 225
300 247
158 132
118 99
175 147
224 190
239 206
253 219
143 124
246 214
293 256
290 254
138 121
262 230
271 238
75 66
271 240
140 124
291 258
286 254
294 262
176 157
255 228
215 194
261 237
241 221
245 232
81 77
85 82
143 138
104175 103921
88 31
100356 100072
262 256
101252 101009
100518 100279
151 147
102231 101993
104197 103963
101271 101043
108039 107827
162770 162534
113 113
218 218
241 241
211 212
