1017016
264 214
272 3
145 2
183 3
223 5
159 4
128 4
210 8
177 8
193 10
19 1
227 12
183 11
265 19
247 20
217 18
113 11
221 22
251 29
74 10
239 33
283 40
287 46
150 25
297 51
139 24
209 37
247 44
221 40
248 47
152 29
171 34
259 55
256 56
286 66
299 69
17 4
213 51
65 16
214 55
26 7
238 65
226 62
136 38
272 77
245 71
258 78
229 71
291 91
111 36
58 19
253 85
95 32
187 64
273 94
261 91
201 71
248 90
98 36
263 98
90 34
294 114
189 74
80 32
152 62
205 86
285 120
213 91
207 89
289 127
127 56
79 35
248 112
285 131
201 93
122 57
164 77
262 126
189 94
74 37
215 109
149 76
78 40
148 76
155 80
269 140
150 83
288 160
48 27
108 61
155 88
197 112
106 61
208 121
234 140
219 132
191 116
130 79
235 146
138 86
156 99
299 194
132 86
111 74
283 189
294 197
226 152
242 163
172 116
208 141
175 119
166 113
104 73
253 179
134 95
279 198
234 172
243 179
162 121
144 108
206 157
262 200
171 132
253 198
221 173
166 130
84 66
258 205
201 161
195 157
212 174
178 149
299 251
208 175
167 141
40 34
285 244
298 256
106 92
148 130
82 73
161 146
143 130
101 92
291 266
245 226
79 73
280 259
194 180
231 215
250 234
285 270
251 238
97 92
185 177
134 129
93 90
234 227
155 151
218 213
278 274
155 153
129 128
199 198
131496 131264
131511 131279
131530 131305
131531 131309
215 1
131496 131266
162768 162508
162800 162564
277 296
275 297
245 249
236 242
218 229
148 157
189 201
167 179
125 137
176 196
