1012361
82 2
149 6
258 15
231 14
208 15
76 8
231 27
192 24
160 23
226 39
168 29
137 26
187 39
192 41
91 20
246 56
168 42
220 55
177 47
292 78
99 27
201 57
170 52
231 74
246 84
156 54
258 90
167 59
134 48
204 74
287 109
297 115
272 106
125 49
216 85
232 92
222 93
267 112
176 74
233 98
185 78
271 117
277 123
276 125
174 79
59 27
286 133
197 99
298 155
267 140
246 130
130 71
257 147
152 88
144 85
293 173
140 83
276 164
222 132
276 168
139 86
59 37
297 189
263 168
254 164
156 101
77 51
201 134
289 194
237 164
275 191
289 204
164 116
293 209
269 192
236 169
194 139
101 74
175 129
229 171
112 84
247 186
81 61
281 219
239 189
249 199
284 232
274 225
300 247
210 174
281 235
92 78
271 238
218 197
78 71
218 199
191 175
168 156
258 240
173 161
162 152
34 32
137 129
137 130
207 199
242 236
274 268
196 192
31649 31360
31638 31362
31650 31390
123 122
31631 31387
31608 31367
31643 31402
269 7
31642 31407
31634 31404
31616 31388
31608 31382
31614 31393
291 289
31636 31421
31574 31360
31571 31362
31600 31391
31629 31430
31620 31433
31634 31448
31622 31448
31572 31400
31602 31445
31622 31465
31615 31461
31594 31356
31584 31401
274 297
31585 31441
31598 31475
31639 31520
31624 31521
31626 31523
31643 31568
201 202
149 150
259 276
166 169
162 165
154 160
214 223
22 23
194 203
180 191
100 107
222 240
85 92
94 104
168 186
166 185
185 209
127 151
228 276
230 281
22 27
175 215
166 205
228 288
213 272
210 271
224 293
198 268
63 87
148 208
208 295
210 298
152 220
153 224
154 227
108 164
83 128
174 270
171 270
180 288
68 109
177 285
29 47
106 178
47 79
135 230
62 106
136 233
164 286
158 278
138 244
143 253
82 148
104 188
133 252
97 185
57 109
110 212
134 259
78 155
140 288
109 231
110 235
97 209
