1002717
198 1
189 6
90 3
269 10
263 11
247 11
125 7
45 4
111 14
265 35
179 26
258 38
289 46
261 44
253 43
264 49
169 32
53 11
287 60
216 5
282 62
258 62
240 63
277 77
125 37
267 80
235 72
136 45
46 17
148 59
247 104
183 86
237 116
259 127
230 118
111 57
257 132
281 148
204 110
220 121
263 145
299 171
180 103
279 160
259 149
238 147
228 145
50 32
87 57
100 66
37 25
262 184
289 203
300 215
97 71
263 193
282 210
267 203
286 227
122 97
132 105
260 209
171 138
149 121
112 24
140 116
295 247
160 135
206 176
284 243
202 173
134 117
300 262
218 196
180 162
118 108
111 105
31544 31283
31552 31293
31547 31302
31517 31294
289 287
31521 31303
31506 31303
31538 31336
31517 31329
31526 31353
31507 31350
31560 31406
31508 31355
31538 31385
31501 31371
206 170
31554 31481
220 220
31510 31447
31509 31399
31532 31432
31534 31448
31525 31451
31530 31460
31535 31467
31518 31459
31514 31462
31510 31472
31526 31498
31534 31517
31514 31517
31495 31510
31524 31541
285 296
31513 31551
223 279
259 260
284 286
86 89
261 271
246 257
194 203
129 135
249 261
48 51
235 258
190 213
58 66
191 223
190 236
148 189
56 72
152 196
191 247
101 131
200 260
60 79
169 225
193 273
144 205
14 20
59 87
105 157
122 183
161 245
171 261
172 263
111 170
145 226
163 258
185 293
80 132
119 198
107 183
119 206
163 288
108 194
104 187
162 294
90 164
98 182
120 224
82 156
144 276
102 198
129 251
68 137
32 68
33 71
129 283
77 171
72 169
105 283
97 271
98 285
97 299
59 183
90 280
45 157
70 287
58 244
57 276
40 207
26 144
26 144
18 147
35 289
18 158
30 286
17 165
11 108
15 246
6 149
3 109
