9687508565
205 59
71 23
137 50
272 127
77 38
143 83
212 130
266 198
244 23
241 197
312500272 312500019
312500216 312500079
312500190 312500073
625000279 625000062
625000299 625000100
312500222 312500130
312500241 312500151
113 89
312500187 312500006
312500174 312500081
625000293 625000134
312500262 312500276
312500207 312500149
312500146 312500100
312500149 312500104
312500186 312500146
312500204 312500184
312500257 312500238
312500190 312500175
312500221 312500208
312500207 312500198
134 258
312500176 312500185
312500186 312500216
312500161 312500191
312500228 312500276
312500217 312500278
312500151 312500245
312500163 312500272
312500142 312500281
91 112
131 208
111 191
57 115
98 206
92 288
40 256
4 213
