50174321
251 74
227 1
242 3
236 4
291 5
284 5
249 69
218 5
273 7
293 9
243 67
193 7
292 12
206 9
269 73
299 14
191 9
300 80
289 75
270 70
246 15
192 13
245 56
215 22
232 53
300 64
248 29
274 33
275 34
281 36
212 28
259 50
293 48
247 40
265 40
218 34
148 3
28 1
88 4
41 2
183 9
173 9
112 10
170 18
165 19
165 22
139 19
121 17
193 30
192 34
154 31
106 22
48 10
198 42
146 32
123 28
198 46
47 11
192 46
188 46
115 29
186 48
130 35
189 51
156 43
198 56
155 44
207 59
7 2
134 41
117 36
203 63
212 67
220 72
180 60
240 80
125 42
241 82
92 32
185 67
258 94
219 80
208 76
262 96
65 24
157 58
187 71
282 109
231 90
156 62
45 18
271 109
158 64
118 48
22 9
180 74
298 123
229 95
295 123
205 88
233 102
198 88
101 45
232 105
189 86
261 119
205 94
270 126
175 82
266 125
246 116
248 117
257 122
184 89
208 101
80 39
159 1
159 80
159 80
205 104
189 96
143 73
263 135
268 138
169 88
287 150
84 44
255 137
154 83
246 133
212 116
261 150
287 165
172 99
282 164
249 145
249 146
264 155
129 76
189 113
140 84
289 174
298 181
232 142
211 131
244 152
32 20
97 61
238 151
299 190
102 65
163 104
286 183
160 103
189 122
221 144
290 189
69 45
189 124
288 190
209 138
218 145
299 200
110 74
268 182
105 72
150 103
199 137
228 157
278 192
275 190
163 114
180 126
129 91
72 51
253 181
278 199
297 214
258 187
240 174
223 163
171 125
119 87
266 195
155 114
273 203
297 222
251 188
221 167
209 158
288 218
261 199
200 153
298 231
230 179
232 183
133 105
273 216
278 224
239 194
234 191
284 232
104 85
234 192
274 225
251 207
272 225
159 132
114 96
141 119
205 174
298 254
210 179
268 230
184 158
88 77
245 216
263 235
207 187
199 180
122 111
217 201
207 192
211 196
251 235
84 79
259 245
224 212
95 90
217 207
147 141
221 212
161 155
239 231
235 228
183 178
292 287
122 120
184 182
182 181
41 20
50100300 50100187
288 289
94 94
262 262
55 55
82 82
111 129
189 191
275 278
175 179
113 116
98 101
256 264
123 127
240 248
109 113
136 141
261 271
218 227
233 244
281 297
105 111
115 122
279 297
166 177
268 286
262 280
260 278
257 275
184 197
210 226
277 299
131 142
264 290
201 223
254 284
185 207
165 185
126 142
225 254
162 183
215 244
199 227
7 8
120 138
98 113
234 270
49 84
158 186
152 181
199 237
204 243
215 258
207 249
118 142
157 189
110 135
186 229
93 115
189 235
157 196
233 292
57 72
207 266
185 238
181 234
84 109
130 169
207 270
152 199
189 251
143 192
197 265
117 158
119 164
171 236
189 261
146 202
207 294
155 222
160 235
166 244
148 220
168 250
88 131
106 158
171 255
200 299
118 179
181 275
137 212
120 186
156 242
79 124
94 148
165 260
78 123
187 297
109 175
23 37
90 146
148 241
128 209
132 216
98 161
117 193
77 128
41 69
108 182
172 290
170 291
59 225
158 275
159 280
82 145
92 165
46 83
136 247
159 290
67 123
69 127
135 252
55 104
116 223
128 247
101 195
78 152
124 243
145 287
125 250
123 249
145 294
60 125
129 269
137 289
73 155
90 194
115 251
117 258
39 86
84 186
96 218
105 239
73 167
73 167
105 243
105 244
101 238
93 220
111 263
118 286
112 276
115 288
33 84
52 134
87 226
37 98
63 167
82 218
47 125
12 32
17 46
96 268
88 247
37 111
69 216
9 29
77 253
83 273
30 103
81 283
37 135
58 214
52 192
17 63
25 95
6 23
33 127
74 286
41 161
71 289
61 256
47 201
51 225
43 194
59 270
54 249
60 280
25 118
56 269
58 296
36 186
37 194
15 81
24 131
26 142
45 260
25 145
43 251
24 149
45 284
23 150
27 185
34 235
40 277
32 224
32 229
35 251
18 132
31 236
15 117
16 126
37 300
10 82
28 231
34 286
28 242
17 148
34 297
19 177
26 292
18 214
18 232
2 28
14 235
14 240
11 204
16 297
14 267
8 156
11 221
8 162
10 230
7 193
5 146
4 123
2 89
1 127
2 264
1 227
