9999765703
186 7
293 25
77 9
124 20
125 24
300 98
232 76
295 2
123 62
239 136
113 68
261 171
295 206
224 169
271 211
261 205
296 241
129 108
202 172
203 193
1039062797 1039062513
1009765924 1009765656
116 52
1002441698 1002441440
1312500272 1312500211
251 297
1156250269 1156250010
1009765918 1009765726
1001220986 1001220924
1312500273 1312500243
1156250275 1156250255
183 183
227 258
204 212
110 122
151 185
183 228
199 275
8 12
171 261
90 141
161 254
159 270
72 128
20 40
116 261
95 222
97 248
83 246
91 287
45 155
52 210
52 258
21 105
29 179
22 150
26 203
8 209
