6000035326
291 74
261 59
277 62
264 44
235 39
283 45
259 39
226 25
247 24
258 16
288 21
280 25
225 18
118 3
68 2
143 5
167 6
155 6
103 5
102 5
56 3
106 8
189 15
192 16
137 13
66 7
186 22
92 11
92 13
133 22
60 10
23 4
212 38
206 42
201 41
223 46
194 47
117 29
148 37
169 43
127 33
132 37
177 50
132 42
92 30
277 91
248 82
256 86
239 82
227 80
103 37
247 89
192 70
150 56
289 109
213 81
289 110
289 110
114 44
162 63
105 41
254 100
226 90
78 32
112 46
263 110
251 106
190 81
285 127
191 87
223 104
142 68
126 61
106 52
300 149
221 110
291 145
38 19
224 113
143 75
181 95
248 131
73 39
127 71
73 41
261 147
85 48
185 112
135 84
129 81
225 146
41 27
276 187
207 145
211 148
212 149
224 160
265 190
120 87
199 147
155 117
253 195
145 112
189 151
167 134
176 142
283 234
169 140
179 150
229 196
68 59
232 208
243 219
233 210
279 253
285 265
161 150
157 149
204 198
268 261
291 289
186 3
6000000300 6000000126
274 296
70 123
272 273
180 181
191 196
228 234
255 271
226 242
183 196
142 153
205 221
113 123
246 268
271 300
100 111
227 255
175 199
68 78
136 156
164 190
139 162
89 104
222 260
191 226
190 227
130 157
231 283
165 211
193 248
114 147
123 159
213 276
120 156
84 111
68 90
126 170
200 274
169 241
101 145
198 285
69 100
191 281
182 269
146 216
144 215
49 74
122 187
146 230
184 292
108 174
164 267
109 182
85 144
167 292
139 246
114 203
62 114
79 146
159 296
149 282
96 191
48 97
135 275
115 241
136 292
134 293
133 291
69 163
49 118
106 259
40 98
107 276
34 92
39 111
22 68
92 289
81 256
57 192
82 290
79 285
36 131
54 198
81 298
69 255
81 300
28 108
35 135
62 242
52 210
38 158
5 21
34 144
39 172
19 86
58 267
21 97
27 125
12 62
18 105
42 249
34 207
30 184
36 242
25 170
38 266
32 231
25 187
34 261
26 227
11 131
18 227
14 182
21 273
19 283
13 233
11 274
4 100
5 256
