5010063646
298 31
300 26
295 7
289 112
237 5
271 100
201 9
234 11
298 108
218 15
281 20
265 91
278 94
286 93
263 80
280 26
203 20
291 29
225 24
259 77
230 30
298 39
257 74
237 32
231 59
279 66
261 61
245 56
226 50
273 43
249 50
218 43
282 45
288 54
236 38
237 40
246 46
254 47
241 43
229 42
49 2
80 4
128 10
178 14
24 2
155 13
110 12
174 23
73 10
172 24
134 21
121 19
127 20
177 28
82 13
143 23
164 28
174 31
140 26
111 21
155 30
146 31
195 44
185 43
231 5
84 20
150 36
163 40
73 18
199 54
156 43
48 15
236 74
197 62
60 19
204 65
155 50
40 13
159 52
94 31
216 72
195 66
75 26
150 53
159 58
81 30
256 100
158 62
191 76
124 51
111 47
269 114
256 109
118 51
30 13
262 115
181 80
180 80
283 126
259 119
226 104
236 109
200 94
250 118
187 89
60 29
158 77
164 80
247 122
289 143
123 61
222 111
281 143
291 149
35 18
285 149
192 101
276 147
191 102
246 133
286 157
234 129
266 147
267 149
200 112
282 158
89 50
215 121
236 133
39 22
233 135
184 109
109 65
233 139
202 123
200 122
265 162
111 68
272 167
272 169
212 132
253 159
198 125
280 177
123 78
233 149
221 142
108 71
221 147
232 155
204 137
222 150
115 78
265 181
219 150
108 74
198 138
295 207
300 214
203 145
129 93
249 180
198 144
121 88
188 137
289 212
106 78
277 206
178 133
161 122
265 201
116 88
159 123
167 131
176 139
222 176
243 193
180 143
147 117
150 120
192 154
297 242
271 221
199 164
150 125
225 188
296 249
86 73
93 79
20 17
203 173
193 165
280 240
239 205
222 192
281 245
191 167
8 7
265 233
68 60
260 236
223 203
227 208
161 148
220 203
78 72
158 146
279 258
121 112
165 155
165 156
243 230
262 248
257 244
119 113
207 197
272 260
86 83
271 266
215 50
5010000300 5010000172
288 292
127 130
73 73
257 260
75 76
270 275
147 150
167 250
241 247
116 119
152 158
195 203
251 263
212 225
102 109
176 189
175 189
106 115
238 263
251 279
190 212
230 258
257 289
220 248
198 224
232 264
182 208
192 221
144 166
209 242
190 223
112 132
174 209
206 249
171 208
206 252
129 159
210 259
238 295
187 234
230 291
232 295
184 235
85 109
136 176
197 256
26 34
216 283
212 282
216 288
81 108
50 67
214 287
168 227
119 161
136 185
33 45
186 254
106 147
123 171
173 241
174 243
76 107
142 200
190 268
78 111
80 115
58 85
180 264
161 238
166 247
55 188
58 87
72 108
138 216
129 204
129 207
102 165
177 287
102 167
132 217
144 237
127 210
140 232
37 62
156 263
86 146
168 286
120 205
54 94
122 213
117 205
86 151
117 209
98 177
157 289
84 158
118 222
117 222
121 234
68 132
106 207
136 269
64 127
139 279
113 228
45 93
70 150
93 201
118 262
129 287
84 194
64 149
114 273
35 86
57 143
95 239
115 297
78 204
95 256
110 297
68 184
41 111
104 283
100 276
74 219
80 238
44 133
49 154
54 171
69 220
94 300
19 61
25 82
90 296
28 95
71 243
83 288
13 47
49 184
63 239
52 198
53 202
46 179
39 153
58 228
12 48
67 284
40 171
33 142
36 159
57 261
55 252
30 139
25 116
60 284
29 143
22 110
22 113
57 295
40 213
56 299
55 298
26 141
50 277
29 161
7 39
46 260
33 190
26 150
45 273
32 204
25 168
13 91
38 272
22 168
26 201
28 218
32 262
32 267
33 294
19 173
16 147
9 87
13 126
2 21
18 192
23 271
10 118
24 295
6 78
11 162
3 47
3 57
9 277
5 168
5 201
3 240
3 240
2 217
