100013253
278 5
285 21
237 44
275 61
252 59
51 12
199 50
241 71
219 69
300 102
109 41
289 112
210 106
292 151
200 107
127 78
263 167
120 77
265 190
195 145
183 138
234 182
239 200
150 129
12454 12266
12452 12294
12470 12324
12430 12289
12444 12324
12363 12276
24580 24416
12478 12398
24573 24435
12392 12323
12336 12270
49116 48854
12438 12379
24676 24578
12397 12351
49073 48908
49110 48948
49113 48954
48982 48841
24628 24558
24601 24541
12415 12387
49106 48997
781506 781389
172 15
97827 97702
1562770 1562528
97810 97696
781380 781257
781517 781377
781473 781321
195578 195385
390804 390674
390917 390784
390825 390689
195550 195371
390877 390721
195562 195391
390799 390634
390908 390678
195548 195413
195570 195444
195440 195323
390898 390667
3125297 3125137
3125189 3125015
3125280 3125023
3125291 3125029
1562709 1562574
24466 24436
24487 24459
48912 48859
49020 48967
49021 48974
97934 97843
97825 97735
24488 24466
48978 48940
97925 97855
48954 48928
97831 97787
97887 97844
97705 97663
195503 195424
195558 195490
195447 195391
97744 97720
97759 97735
24467 24461
390760 390695
390780 390723
195486 195460
390887 390840
390855 390809
390881 390836
390767 390728
781448 781377
24507 24505
781343 781285
1562638 1562524
781493 781437
1562791 1562686
781324 781272
781391 781354
1562640 1562568
1562587 1562524
1562706 1562651
1562572 1562518
1562712 1562658
781410 781384
6250265 6250080
3125261 3125169
3125095 3125006
3125274 3125194
390701 390691
6250222 6250068
3125165 3125093
1562626 1562590
3125246 3125175
6250211 6250071
1562657 1562622
3125102 3125046
24607 24554
3125099 3125042
12500231 12500055
12265 12266
