50035404
298 141
300 128
265 12
272 112
244 13
288 16
270 103
278 101
287 17
225 15
186 13
253 19
249 20
261 22
279 30
230 80
190 25
299 45
231 74
252 75
195 31
243 39
280 82
250 73
217 56
247 51
271 60
147 2
105 5
108 6
157 9
179 7
144 22
167 26
78 14
171 31
138 28
46 11
184 55
120 39
142 47
181 60
86 29
171 61
214 78
51 19
158 60
135 53
93 37
134 58
265 117
231 108
275 129
226 108
251 120
140 67
158 77
242 122
216 111
56 29
177 93
178 94
224 123
202 114
300 171
120 71
138 84
198 122
94 58
154 98
166 107
208 135
197 128
146 95
200 132
172 114
227 151
188 126
292 201
121 84
159 112
100 72
98 71
299 217
203 151
255 192
47 36
140 110
130 105
265 216
114 93
289 240
118 98
50 42
223 188
77 65
295 253
185 163
186 164
299 264
225 199
96 85
264 234
200 178
234 213
97 89
213 197
78 73
138 130
175 166
253 240
273 262
222 214
224 217
185 179
148 146
251 250
138 16
50000300 50000017
264 278
232 232
122 250
205 208
251 258
165 171
116 123
263 279
187 204
182 203
262 300
201 234
174 203
102 119
130 152
252 297
147 174
244 291
218 260
149 181
176 214
231 282
52 64
190 239
96 121
188 237
62 79
101 129
189 245
196 259
162 216
169 231
201 275
106 146
100 140
185 261
160 229
168 243
162 235
180 262
174 270
174 280
133 215
60 97
119 193
130 211
42 71
53 91
116 200
137 241
65 117
60 109
132 244
83 154
79 151
66 131
119 239
124 252
141 292
47 98
134 280
33 70
100 213
118 252
59 128
125 276
82 184
100 227
58 132
94 217
89 206
98 237
97 236
118 292
63 158
114 286
99 249
110 283
85 228
89 239
102 297
56 165
95 286
80 241
9 28
15 49
74 244
84 282
23 78
16 57
75 283
77 299
19 74
68 267
51 205
16 65
28 114
53 217
70 296
47 214
53 248
49 266
50 273
36 199
25 159
21 146
30 210
32 261
33 270
13 111
32 280
21 213
22 237
17 208
17 216
17 252
12 201
9 196
8 247
6 271
3 205
4 280
