1039752
184 166
374 240
1133 1071
166 53
130 104
142 20
83 52
241 109
142 87
221 48
255 238
1213 988
249 191
192 97
238 50
290 130
271 145
1259 1127
237 206
255 83
243 61
245 31
281 85
253 202
231 69
2197 1977
2251 2096
1272 1155
2189 2018
173 123
271 252
188 124
274 146
233 8
1169 994
210 32
288 202
141 70
247 111
134 59
1228 1161
1131 1011
272 168
244 175
1256 1102
173 99
207 29
268 28
213 115
251 132
269 189
252 157
296 257
2246 2002
1155 1031
184 169
2251 2140
279 157
108 9
295 10
198 188
285 192
1189 1038
208 136
35 24
238 85
237 217
165 70
245 31
156 138
119 21
2262 2069
1175 1025
109 26
248 118
236 178
1261 1066
1245 1014
2198 2011
2193 2095
25 10
1219 1056
248 10
229 136
172 128
166 50
2214 2032
1195 1024
218 110
2180 2081
300 201
258 211
193 165
246 30
1204 1095
243 175
2257 2090
90 21
291 173
2188 1983
260 4
1201 1080
190 151
1165 1016
2257 1971
1207 1146
231 149
244 56
1211 1161
213 71
219 145
1224 1094
234 218
4160 3926
268 81
1097 996
172 83
4117 3928
232 204
1157 991
195 79
245 62
4182 3973
1150 1076
295 4
239 213
254 145
721 617
293 136
299 212
241 168
768 584
4216 4054
218 25
738 658
124 44
664 602
171 139
772 726
4104 3931
170 95
4142 3948
215 60
4210 3991
741 543
4122 3939
4208 4027
296 280
579 524
238 30
184 147
53 19
249 56
244 99
116 50
781 703
124 3
715 539
105 5
726 596
769 739
124 98
90 36
131 10
607 503
210 10
743 638
247 223
106 42
250 160
269 9
213 143
4170 4008
196 161
737 582
256 58
553 526
83 27
171 61
689 556
703 674
661 502
784 657
300 164
212 84
258 12
553 299
231 193
286 105
43 27
521 470
444 388
432 355
245 105
301 271
229 25
419 351
549 434
497 286
182 48
222 146
475 276
466 384
495 335
431 340
332 255
545 312
526 447
248 187
402 348
245 62
394 308
438 290
419 265
145 15
342 159
189 141
281 103
422 341
288 47
338 236
209 170
283 258
243 216
168 113
193 181
345 294
418 270
375 181
292 258
382 165
279 230
151 62
206 46
121 71
266 167
196 134
376 178
43 1
393 152
277 145
296 149
266 72
173 157
119 36
298 54
251 183
429 201
181 160
382 312
383 169
324 150
176 51
294 47
291 161
250 21
399 161
191 39
393 192
1099 1061
4083 3980
2096 2046
4137 4006
2095 2029
657 634
2245 2162
4096 3952
4155 4052
1066 1034
4138 4035
2073 2002
748 722
4059 3950
477 463
2140 2066
1162 1132
427 415
1159 1126
458 445
2082 2037
42 34
98 91
105 100
87 84
130 126
301 292
8068 7894
236 231
4165 4077
7993 7825
8068 7900
4109 4024
8011 7853
8122 7966
280 275
2161 2123
8082 7953
2260 2225
8111 7989
8039 7919
4150 4089
4159 4098
15917 15690
2194 2163
15868 15654
15851 15640
758 748
1063 1049
4167 4115
1127 1113
7929 7831
15877 15681
348 344
15880 15698
15905 15730
3991 3949
7994 7911
15807 15643
15917 15752
15877 15715
198 196
31543 31263
4131 4095
15865 15728
31528 31278
700 695
7938 7882
31508 31291
31530 31313
2208 2193
15820 15714
15829 15724
31546 31339
7980 7928
31462 31263
8020 7970
8077 8027
31545 31350
8001 7953
4194 4169
7891 7844
31559 31373
31469 31290
7873 7829
15766 15682
15885 15814
31402 31264
713 710
1202 1059
3977 3932
31431 31300
62805 62544
3977 3962
8068 8039
1146 1142
