100013306
1662786 1662515
881431 881263
881539 881355
190 8
290 18
167 15
200 23
226 34
232 36
204 34
185 39
881464 881279
298 77
881540 881287
240 65
881539 881276
490922 490746
259 87
273 92
292 99
490857 490672
234 91
490923 490680
490922 490662
295521 295355
1662731 1662537
1662748 1662529
1662760 1662513
109 4
56 12
113 30
153 48
151 50
192 67
153 61
220 103
201 98
261 128
267 146
244 136
255 146
246 151
212 133
64 42
190 132
282 216
287 226
200 165
185 153
101 84
258 243
75 72
247 238
295538 295396
295521 295383
295529 295395
295460 295346
295428 295318
295559 295451
295412 295313
490882 490739
490781 490640
490923 490785
295462 295379
490856 490730
490843 490735
295452 295387
295433 295372
295524 295472
490805 490720
881479 881328
490875 490792
881507 881358
490795 490716
295590 295544
490789 490713
490866 490792
881460 881346
490901 490842
490893 490839
490853 490802
881455 881365
228 8
490806 490759
1662661 1662516
1662743 1662601
881534 881459
3225293 3225090
881364 881311
3225214 3225022
490826 490797
1662756 1662667
3225270 3225098
881403 881360
3225165 3225029
3225213 3225081
881315 881279
3225139 3225022
6350234 6350023
3225138 3225028
6350264 6350076
1662697 1662648
3225291 3225196
1662725 1662678
295338 295330
295479 295471
490888 490875
1662689 1662526
6350192 6350015
6350200 6350032
881497 881484
1662544 1662506
881395 881380
881490 881476
490806 490811
490641 490647
295555 295559
881518 881531
271 293
159 162
200 212
144 154
242 269
213 245
