1020350
138 1
127 1
180 2
179 3
191 4
167 5
62 2
124 5
99 4
193 8
46 2
86 4
27 2
168 13
160 13
68 6
31 3
191 20
160 17
73 10
72 10
163 25
31 5
182 30
24 4
50 9
147 29
53 12
136 31
155 36
185 43
43 10
111 26
144 36
183 46
167 42
181 46
91 24
77 21
132 36
183 53
199 59
121 36
104 37
102 37
142 53
93 37
86 35
167 69
129 54
109 47
160 71
187 83
139 67
192 95
189 94
102 52
193 100
138 72
74 40
186 102
23 13
122 69
177 101
149 89
151 93
156 98
136 87
92 59
183 118
192 124
115 77
197 132
159 107
53 36
13 9
166 116
96 70
105 77
169 124
136 101
177 136
132 103
121 96
136 108
83 66
200 162
65 53
165 136
179 148
188 156
150 126
165 139
167 142
188 164
200 175
152 134
169 150
139 124
177 160
90 82
2252 2094
2214 2063
2217 2073
2215 2074
2196 2062
197 185
2226 2091
198 186
140 132
2247 2119
54 51
2235 2111
2213 2091
2212 2091
2206 2093
2230 2118
2198 2088
2231 2120
2156 2055
4202 4007
2243 2146
4197 4017
2171 2081
2160 2077
4198 4046
2223 2143
2175 2098
2242 2163
2201 2124
4151 4010
2153 2084
4158 4027
4166 4035
2142 2076
4167 4039
2140 2075
4131 4014
2175 2114
4163 4052
77 75
4194 4088
4142 4040
4137 4037
4136 4038
4164 4067
4160 4066
8103 7922
4183 4090
4196 4106
8110 7941
2120 2077
4167 4083
8096 7934
8092 7933
2153 2112
4157 4078
4191 4112
2182 2141
8089 7939
4177 4101
8101 7954
2118 2080
4080 4007
2199 2160
2174 2136
8096 7957
2243 2205
4155 4085
4121 4053
8092 7965
8083 7958
2138 2105
195 192
4150 4088
8106 7985
2221 2188
8065 7947
8093 7980
2228 2197
2132 2104
4199 4144
2252 2223
2175 2147
4088 4036
4161 4109
8018 7918
8071 7973
8044 7947
4079 4031
15916 15731
2152 2127
4181 4134
8010 7920
4059 4014
2144 2121
8041 7957
15925 15762
15911 15749
4174 4133
15906 15754
4161 4122
8008 7933
15884 15736
2157 2137
15916 15770
15873 15729
2126 2107
4161 4125
8110 8041
8042 7974
2136 2118
8002 7935
4184 4149
8040 7973
15877 15745
15917 15786
8024 7959
8061 7996
15897 15771
7999 7936
15886 15763
8056 7995
8008 7951
8034 7978
8039 7984
4149 4121
15901 15795
15851 15749
15842 15742
31547 31360
7977 7930
8030 7984
15870 15784
31541 31372
15873 15788
31525 31357
31540 31372
8110 8067
8051 8009
15915 15833
195 194
8017 7976
2180 2169
8079 8040
15830 15754
15919 15843
173 153
15824 15748
167 8
31504 31356
