1024423
197 74
5105 4937
123 69
154 91
127 116
195 101
79 45
148 91
184 81
75 40
174 28
65 28
88 15
91 40
147 127
102 49
176 31
63 1
88 40
109 39
77 46
192 172
5105 4954
123 100
179 37
89 20
52 28
107 86
27 7
114 96
187 161
175 140
162 76
109 13
155 63
196 97
126 26
144 103
171 94
176 98
198 116
110 38
177 52
194 11
165 10
93 73
130 50
186 87
55 22
170 83
124 53
165 9
175 123
163 26
118 50
177 107
3103 2993
182 8
162 86
155 35
170 9
59 10
65 5
187 70
190 48
155 124
32 23
127 8
169 50
186 67
35 3
126 95
117 65
186 168
134 36
122 80
187 9
98 55
101 9
168 61
169 5
25 13
168 48
79 67
150 16
1270 1214
185 146
1266 1205
132 47
1307 1151
136 20
1286 1178
1230 1157
101 45
1321 1125
1284 1230
186 112
1303 1189
138 71
173 109
129 108
1318 1229
1306 1181
1277 1223
1192 1134
159 24
1255 1214
1199 1163
64 55
158 141
1264 1211
197 25
199 29
156 89
1313 1130
1245 1142
1312 1133
164 50
155 1
141 125
1328 1275
1434 1359
1296 1255
115 87
71 54
141 12
1436 1267
181 100
1360 1276
1336 1292
1428 1260
150 120
1420 1334
1313 1245
137 116
1424 1307
93 48
43 19
1404 1253
1439 1385
1386 1289
114 58
1390 1314
148 99
142 132
1424 1299
1393 1269
193 52
1436 1385
1409 1310
1423 1354
1669 1541
137 116
1655 1551
3105 2998
1621 1563
1640 1536
1676 1569
1591 1498
1603 1539
1686 1573
141 9
134 118
1600 1507
1642 1531
1572 1503
106 59
128 75
44 28
1653 1501
82 43
190 157
1665 1519
199 149
175 31
194 15
1688 1638
1670 1580
118 100
106 73
156 140
79 2
1676 1596
112 37
1571 1497
194 80
2171 2041
190 48
119 28
167 9
136 126
3071 2960
2134 2043
2159 2038
2093 2003
3136 3013
2126 1988
2172 2042
102 28
2065 1979
73 50
2174 2061
2143 2066
2164 2060
2175 2012
3141 3009
2114 1996
145 80
3071 2957
8979 8907
8912 8853
8937 8873
16816 16683
3136 3113
3112 3091
8907 8841
5078 5049
3001 2977
1229 1198
5073 4977
3111 3047
1655 1607
1266 1246
8961 8848
5092 5003
3041 2971
8950 8821
1404 1381
1320 1301
3128 3048
3101 3037
3131 3043
3057 3005
1381 1358
8971 8824
1579 1551
5049 4965
5081 5008
3074 3028
1309 1287
2045 1995
3117 3045
2089 2052
2125 2093
2086 2055
1322 1299
3013 2972
5032 4930
3138 3099
1440 1404
5041 4936
5002 4915
5095 5033
5069 4947
5065 4959
1181 1155
2148 2103
2069 2019
2161 2120
5051 4977
4994 4957
5014 4982
4945 4917
16818 16657
16792 16634
5053 5007
8933 8827
8984 8875
8943 8838
2172 2149
1630 1614
9008 8929
8982 8899
9011 8912
1339 1326
2989 2960
8918 8817
1202 1189
1249 1234
16802 16628
1308 1294
3051 3019
5020 4971
3058 3031
8975 8901
16743 16637
16809 16673
2167 2151
16779 16682
21 16
42 35
99 92
57 53
135 127
189 180
119 114
63 61
66 64
69 67
168 164
167 164
1326 1314
1538 1527
151 150
1382 1373
4989 4961
5032 5004
1623 1614
8959 8910
5001 4974
9010 8965
1205 1199
32427 32272
4979 4956
16727 16650
8860 8820
3004 2991
16736 16664
32406 32271
8945 8910
16799 16734
8963 8930
32402 32283
3063 3052
5098 5080
16808 16749
16727 16669
32449 32338
16743 16686
32419 32313
189 67
32382 32254
32375 32272
32394 32292
2089 2083
