100008249
217 12
127 16
130 19
116 18
262 51
193 39
297 71
249 76
104 33
283 105
85 32
117 50
282 121
149 66
250 121
229 112
111 55
288 149
106 60
240 136
262 171
288 191
259 177
90 66
218 161
47 35
124 97
257 217
283 239
98 84
120 103
268 238
781543 781300
183 47
97894 97749
97823 97667
12454 12208
12442 12243
12469 12296
12375 12213
12476 12343
24695 24477
24579 24448
97917 97747
1562689 1562539
6250182 6250028
3125203 3125071
781472 781330
1562791 1562537
3125256 3125104
3125272 3125007
276 268
243 236
24627 24549
24608 24540
24511 24462
49067 48979
49086 49016
48927 48864
48997 48936
97844 97753
97760 97685
24557 24540
97888 97836
195491 195402
390749 390647
781409 781305
781507 781412
781343 781252
390843 390799
1562662 1562554
781315 781271
24492 24491
3125252 3125131
390805 390790
97722 97719
1562786 1562745
3125149 3125071
3125228 3125167
12500278 12500093
12500295 12500132
6250202 6250140
122 116
12500222 12500085
12500243 12500131
3125187 3125188
390862 390866
48900 48901
781350 781366
390737 390750
195571 195585
97841 97856
24673 24682
195383 195466
12448 12457
48969 49018
12279 12298
137 140
223 228
167 178
230 263
186 222
168 209
165 206
200 261
203 265
