99763925
200 6
113 6
73 4
110 9
55 6
129 15
137 16
174 23
117 16
58 9
151 24
129 23
21 4
156 31
127 26
95 20
124 27
132 29
178 47
132 38
184 53
146 45
123 41
197 9
181 62
135 50
167 62
71 27
136 53
139 55
145 58
182 73
136 56
200 84
123 52
191 82
154 67
174 77
167 77
176 85
134 65
158 80
119 63
89 48
165 91
143 84
80 47
169 100
53 32
14 9
168 109
80 53
182 122
179 60
128 93
136 100
111 89
149 120
184 152
162 135
154 130
181 156
103 90
96 90
99 87
111 105
128 126
143 142
92 66
7250199 7250062
176 177
4125200 4125156
7250199 7250096
4125200 4125178
26000198 26000098
51000200 51000033
80 83
154 160
46 49
88 98
157 175
75 85
87 99
123 144
149 177
159 190
156 188
125 163
118 154
137 181
111 153
47 66
81 119
83 123
111 168
21 33
39 62
86 137
27 45
75 132
66 127
36 70
76 149
40 85
79 175
20 47
46 109
79 191
61 156
41 105
47 126
16 47
66 195
50 155
34 114
42 142
38 135
32 150
16 83
29 174
12 131
14 163
12 198
10 173
2 42
6 184
