100041935
24627 24499
781549 781271
1713 1573
210 37
24655 24586
3277 3117
3334 3056
3255 3129
3303 3130
3205 3129
24713 24420
1657 1600
1797 1550
24706 24511
1701 1598
48909 48843
202 86
1629 1526
3120 3074
192 85
3227 3082
3252 3178
291 145
390883 390626
3223 3192
1729 1581
3233 3128
1747 1673
280 183
197 54
1776 1578
1741 1576
3198 3089
49002 48960
1795 1534
1663 1555
1803 1672
1709 1582
3308 3102
3313 3079
235 92
1791 1714
3212 3167
49098 48991
3188 3139
3192 3118
1734 1665
1740 1677
3272 3093
3193 3145
1793 1674
49115 48963
3292 3223
1751 1646
3242 3077
6248 6136
1716 1531
293 147
390880 390736
24657 24616
49124 48892
49102 48859
6343 6200
6323 6284
6244 6175
962 877
6305 6152
286 105
244 164
1045 907
6395 6188
971 824
1014 948
1001 903
24670 24621
923 876
81 10
885 825
949 814
964 825
999 850
6213 6164
781542 781267
6244 6173
926 852
49014 48899
185 29
6367 6316
6391 6331
6269 6213
48929 48855
1037 806
835 771
6352 6116
49019 48898
276 139
6342 6283
6311 6179
280 203
281 86
927 815
1027 895
284 245
1042 789
988 864
235 26
390901 390653
6198 6109
1013 869
89 55
972 769
6189 6114
97782 97688
123 17
988 945
12378 12219
265 198
12453 12404
145 63
142 1
12501 12343
12459 12299
808 776
1061 1000
97943 97711
12308 12276
296 49
24668 24627
390925 390788
129 54
97856 97713
187 114
49054 48978
97831 97794
48946 48884
12485 12276
97809 97681
1037 870
102 66
225 34
269 172
97945 97824
284 251
249 85
97940 97849
97799 97685
186 95
97951 97901
259 97
147 13
12483 12358
24652 24552
97835 97745
288 233
48989 48851
290 6
24683 24627
97945 97755
97788 97710
297 21
97902 97814
97923 97760
12397 12262
12424 12385
12391 12259
97764 97679
12374 12240
208 65
97786 97678
97837 97761
97910 97689
12440 12241
12498 12415
97865 97729
97916 97783
49124 48832
97933 97773
12439 12323
390917 390761
12451 12335
12499 12357
12437 12234
97918 97715
49124 49079
97771 97703
177 76
12350 12263
97910 97760
97890 97826
199 95
159 46
246 34
97779 97668
12496 12227
12447 12250
97945 97673
12478 12264
12447 12316
213 102
12379 12297
24614 24521
241 163
255 95
149 86
199 18
24624 24429
24628 24530
299 217
195570 195377
198 83
197 102
24693 24544
195574 195459
24689 24461
49004 48842
265 234
297 254
226 173
24487 24419
195392 195316
195550 195474
24708 24448
157 43
390885 390652
82 28
199 130
195597 195497
115 65
195572 195317
237 115
49061 48907
195520 195379
150 108
195595 195348
79 8
48994 48930
237 169
390921 390716
285 194
195606 195478
285 173
109 63
229 39
195584 195401
24710 24557
195548 195425
272 159
195590 195320
49127 48917
49020 48829
195603 195340
221 102
24502 24452
195583 195442
24646 24526
390839 390724
3125286 3125006
1562683 1562536
390860 390772
1562615 1562508
1562705 1562521
1562734 1562532
195489 195434
781541 781438
781524 781416
781536 781450
781491 781291
781538 781437
195582 195539
781478 781320
195447 195406
1562666 1562538
1562767 1562510
781514 781323
781537 781386
781388 781284
1562689 1562501
781448 781383
390822 390739
781482 781369
1562788 1562577
781393 781267
390870 390770
781508 781353
3125262 3125082
1562779 1562566
390920 390824
390699 390650
781535 781395
781469 781404
781490 781317
781459 781272
390722 390666
390784 390717
781345 781262
3125264 3125009
1562793 1562580
390897 390795
1562793 1562648
3125297 3125052
390812 390693
390794 390733
3125221 3125037
3125260 3125091
1562780 1562669
390872 390815
1562707 1562596
34 6
15 11
55 43
120 102
170 147
95 83
62 55
90 80
248 221
227 203
271 243
128 115
89 80
231 208
279 256
176 164
240 224
222 208
171 161
254 240
298 282
821 791
965 937
1010 982
964 940
164 160
1741 1713
1711 1686
817 807
1641 1623
797 789
1657 1642
1704 1689
1638 1626
1806 1793
1719 1709
1049 1044
249 248
3336 3325
1540 1535
1646 1642
887 885
6338 6328
24680 24655
3118 3115
24496 24474
6152 6147
12481 12471
24707 24688
12224 12215
48876 48848
24493 24480
48938 48914
12440 12434
49119 49101
97779 97746
48930 48915
48858 48845
24655 24649
48844 48833
24544 24539
195582 195547
195428 195396
6338 6337
97854 97839
195453 195424
49033 49026
24670 24667
97929 97918
390727 390690
390818 390785
12426 12425
390660 390631
781454 781398
3125281 3125128
3125242 3125088
1562665 1562585
1562735 1562638
781362 781314
781486 781438
1562687 1562594
3125223 3125075
1676 1671
390922 390895
781375 781334
3125226 3125087
390768 390740
6250298 6250027
12432 12438
