1011312
4059 3931
4038 3946
8003 7825
187 14
185 161
190 144
126 5
123 29
4050 3951
127 94
145 44
195 114
129 104
134 85
4067 3960
103 48
179 54
196 30
4092 4006
176 42
86 30
77 44
181 59
158 77
143 2
195 127
187 38
73 19
177 83
186 142
189 59
140 112
117 58
179 68
77 53
108 79
192 131
191 86
152 25
4097 3939
149 8
173 29
130 96
4094 3961
196 127
199 22
178 104
4089 3988
153 24
191 136
174 148
118 31
36 4
4030 3969
193 100
2102 2045
2070 2008
2020 1969
7967 7821
2126 1963
8009 7843
7986 7814
2049 1997
2135 2078
2017 1958
2114 2060
4078 3920
2111 1976
4071 3990
2097 2016
2107 1973
2036 1970
2127 2083
2105 1995
2093 2043
4093 3931
2136 2024
2105 2069
31418 31251
15768 15647
15805 15645
7938 7844
7942 7838
8007 7904
26 4
42 22
69 51
150 131
76 69
181 165
191 179
71 70
2011 1985
2126 2102
2002 1980
4047 4005
4085 4044
7929 7850
2040 2020
4081 4041
4042 4003
4085 4046
7974 7900
3959 3926
7885 7820
3963 3931
7964 7905
7874 7817
15816 15710
15795 15691
7941 7892
3995 3971
7868 7823
15782 15694
1991 1980
15753 15667
7997 7955
15784 15707
3972 3954
15725 15657
7986 7953
15813 15748
15746 15682
31405 31278
159 95
7861 7814
15804 15742
31431 31308
15773 15714
31406 31294
31401 31304
15731 15677
31406 31299
31415 31313
31423 31332
62692 62536
3927 3913
3928 3915
7995 7972
1999 1994
31355 31282
7877 7846
62683 62530
15721 15680
62684 62545
7891 7875
7878 7864
4092 4086
176 176
172 178
46 48
