1024707
15846 15666
15841 15676
195 175
278 162
192 148
128 52
241 63
111 88
245 180
176 7
137 5
28 2
150 110
84 39
235 119
15885 15682
163 97
150 22
15921 15640
15897 15659
213 169
161 3
148 106
15902 15768
204 59
49 30
189 18
252 205
246 218
15905 15733
227 111
78 24
174 76
177 53
296 66
216 33
8104 7824
201 74
234 54
192 38
241 134
194 47
100 69
273 134
268 81
45 8
142 13
212 141
295 276
32 5
298 267
8099 7993
7927 7850
238 124
117 68
269 57
183 38
31 11
247 97
259 88
168 122
173 105
252 71
117 76
243 227
8035 7896
131 78
278 31
251 8
270 171
225 1
213 117
155 11
215 21
235 83
282 232
272 131
277 109
180 112
7913 7862
278 234
286 59
207 73
274 104
249 142
8004 7859
287 11
286 255
248 163
244 9
155 58
233 165
275 112
279 249
272 61
171 110
238 150
28 2
282 244
243 117
258 116
149 101
222 88
217 115
7902 7832
229 44
202 132
190 8
7918 7821
284 43
86 35
98 21
102 59
102 70
232 62
265 89
259 28
177 108
135 87
241 209
255 174
153 55
116 60
208 183
206 89
296 219
255 161
2235 1998
2025 2005
2240 1990
2153 2028
2083 2053
2029 1989
2240 1958
31545 31290
2251 1968
2193 2171
8073 7979
2091 2031
2225 2200
2204 2093
2227 2207
2233 2037
2242 2112
2234 2186
2135 1992
8109 7992
2244 2147
2188 2083
2161 2125
2164 2034
2168 2092
4096 3979
4142 4085
4074 3983
4139 4002
4126 4041
4085 3952
4130 4049
4202 3984
4056 3954
4184 4060
4151 3946
4102 3980
3957 3912
4173 4023
4130 4058
4130 4086
4195 3944
3989 3932
4097 3959
4042 3943
4038 3935
4145 4094
4048 3922
4076 3953
4070 3952
4041 3961
4033 3916
4173 4127
4191 4032
4130 4045
4059 3914
4201 4140
7973 7814
7958 7815
8019 7885
8076 7997
8007 7864
7999 7840
8103 7956
7945 7870
8092 7955
31436 31274
31483 31289
31452 31272
15742 15646
14 3
31 22
49 37
71 65
134 124
197 184
242 229
181 172
211 202
244 235
110 106
101 98
172 168
2017 2000
2056 2040
8051 8002
8040 7994
4052 4029
7872 7829
4080 4058
15911 15829
15907 15827
15887 15808
15756 15681
31422 31274
15783 15709
15808 15734
8015 7980
4144 4126
31513 31377
7968 7934
15782 15716
15921 15855
31544 31416
15836 15776
31529 31412
279 135
15721 15626
2000 1978
62788 62565
7907 7881
2253 2252
4 7
