5100025832
280 57
268 2
279 24
232 21
277 52
256 40
269 41
262 31
252 34
289 16
71 8
234 27
222 30
240 34
202 32
182 31
104 19
117 23
204 42
232 53
232 57
207 51
285 78
206 57
183 52
281 83
261 82
22 7
254 85
169 60
296 107
275 101
214 81
279 113
300 122
294 121
106 45
205 89
216 100
181 84
226 107
190 90
89 43
275 135
273 138
231 117
53 27
147 78
209 113
198 108
206 114
254 143
238 137
137 79
269 160
157 94
157 94
137 93
285 195
82 57
179 134
69 52
208 158
294 229
296 232
279 221
118 94
195 156
285 233
234 192
101 84
259 219
110 94
69 59
276 240
247 215
279 255
188 172
90 83
165 155
161 156
104 101
271 264
196 192
297 296
201 21
5100000300 5100000150
241 278
171 203
208 215
107 111
152 161
135 143
173 187
177 196
73 81
186 220
165 202
199 244
194 239
58 72
86 108
174 222
192 245
149 193
190 256
126 170
133 180
159 216
198 269
96 136
107 154
205 296
189 277
196 295
49 76
187 296
155 248
109 176
107 177
131 218
132 227
145 256
148 262
75 143
84 164
69 135
94 186
125 248
6 12
138 279
59 122
38 79
25 52
22 46
112 238
22 47
125 276
112 252
125 296
120 287
95 237
80 285
81 293
62 243
14 63
62 281
58 296
8 46
37 237
28 206
22 219
18 190
22 270
16 276
15 282
13 248
13 251
7 185
3 237
3 253
