1008669
82 38
83 23
17909 17828
32 1
76 8
52 12
17900 17813
47 4
17908 17816
73 7
91 45
47 16
81 24
68 31
59 8
17905 17816
17908 17824
68 11
48 1
17892 17814
89 17
100 1
92 1
76 29
85 49
98 2
67 5
13998 13928
49 6
14003 13913
49 11
100 15
84 1
76 21
95 2
98 61
46 4
67 28
58 8
100 66
60 25
89 34
61 2
74 10
96 4
78 11
42 5
73 32
97 16
91 49
87 8
35 1
60 18
98 53
53 1
95 1
68 17
75 6
12045 11973
72 32
12043 11964
12042 11965
12047 11967
64 30
61 19
66 3
93 53
85 50
12042 11975
76 44
93 16
86 19
74 40
96 18
82 29
99 63
90 46
79 11
92 18
69 9
90 34
68 37
80 46
56 4
20 1
19 1
20 3
18 3
30 6
24 6
25 8
43 14
22 8
41 15
10 4
28 12
35 16
53 25
62 32
60 31
64 34
26 14
58 32
18 10
46 26
45 26
24 14
72 42
66 39
76 47
84 54
23 15
70 46
88 58
80 53
59 40
81 55
53 37
53 37
88 63
76 55
22 16
15 11
80 59
90 67
8 6
61 46
21 16
88 68
88 68
93 72
98 76
71 56
82 65
97 77
69 55
86 71
62 52
51 43
87 74
79 68
62 54
95 83
77 68
78 69
53 47
50 45
100 91
100 91
51 47
65 60
54 50
100 93
46 43
97 91
70 67
47 45
84 81
12012 11955
12041 11987
13988 13926
17903 17831
13978 13923
17888 17818
17883 17814
14000 13946
12047 12001
12021 11976
12039 11994
13967 13915
13969 13918
17883 17818
12003 11960
17877 17815
17905 17845
25720 25634
13953 13907
13973 13927
80 28
17889 17831
17898 17840
25713 25631
12010 11973
25710 25631
17880 17826
13978 13936
13968 13927
17875 17823
13973 13933
25710 25638
12028 11995
17875 17826
13983 13945
13949 13911
13984 13946
13994 13957
17903 17856
25708 25641
12049 12019
25716 25632
25695 25627
11992 11955
25690 25628
25700 25639
41350 41255
1 1
