100009799
98 1
70 1
99 3
94 3
94 3
55 2
43 2
60 3
51 3
64 4
97 7
27 2
99 8
24 2
70 6
33 3
55 5
83 8
31 3
69 7
98 10
45 5
44 5
79 1
75 9
99 12
90 11
35 5
7 1
52 8
63 10
53 9
70 12
21 4
83 16
91 18
15 3
93 19
62 13
74 16
69 15
22 5
66 15
98 25
19 5
72 20
64 18
88 25
41 12
88 26
88 26
81 24
79 24
69 21
13 4
86 10
98 32
100 34
97 33
73 26
36 13
71 26
46 17
35 13
43 16
94 35
80 30
93 35
73 29
86 35
48 20
83 35
65 28
83 38
95 44
40 19
23 11
69 33
73 35
91 45
92 46
44 22
45 23
56 29
59 31
98 52
65 35
98 54
29 16
95 30
59 33
96 54
55 31
90 51
86 50
67 40
90 54
76 46
73 45
27 17
41 26
31 20
91 59
64 42
85 56
89 59
54 36
79 53
99 67
91 62
92 63
83 57
49 34
79 55
34 24
7 5
67 48
92 66
46 33
100 72
61 34
78 58
37 28
48 37
9 7
33 26
90 71
19 15
78 62
74 59
89 72
44 36
66 54
89 73
62 51
96 80
64 54
98 83
37 32
77 67
35 31
89 79
91 81
90 81
90 81
33 30
77 72
47 44
56 53
94 89
77 74
82 80
45 44
55 54
196400 196328
196412 196343
196377 196318
196380 196323
196390 196333
196397 196343
196388 196339
196400 196353
391722 391632
391722 391636
391722 391637
391721 391637
196371 196329
196374 196332
196377 196335
391710 391633
391715 391638
196376 196338
196410 196373
196402 196366
391701 391630
391722 391652
196391 196357
196398 196364
196380 196348
196359 196328
96 71
196386 196356
391694 391640
391680 391629
196355 196331
391689 391642
391724 391677
782344 782252
196358 196335
782341 782251
391707 391663
391711 391667
196335 196313
782339 782254
196345 196324
196348 196327
391697 391656
391717 391677
196351 196331
196352 196333
782330 782255
196342 196324
196382 196364
782322 782252
391663 391628
196394 196378
782346 782285
391664 391634
391699 391669
782325 782267
391669 391641
391697 391669
196354 196340
782347 782292
391714 391687
391661 391635
196342 196329
196373 196360
782341 782292
782346 782298
196364 196352
196383 196371
196382 196351
782311 782266
782329 782284
782314 782270
391668 391646
196387 196376
1563593 1563508
1563598 1563516
782311 782270
782318 782277
782339 782299
391670 391650
1563592 1563516
196329 196320
196347 196338
1563593 1563523
1563592 1563523
782294 782260
391674 391658
391709 391693
196349 196341
1563564 1563501
782348 782317
1563571 1563510
782350 782320
391659 391644
782328 782299
1563559 1563503
1563589 1563533
391689 391675
1563580 1563528
391669 391656
391713 391700
1563570 1563521
782301 782277
782323 782299
1563551 1563508
1563578 1563535
1563548 1563510
1563556 1563519
1563580 1563544
1563597 1563561
782305 782260
391665 391656
782349 782333
1563563 1563528
1563577 1563543
782282 782265
1563583 1563550
196408 196404
782268 782254
391656 391649
782340 782327
782346 782333
196359 196356
196387 196384
782340 782329
391691 391686
782324 782318
782329 782323
391692 391689
782326 782321
782310 782306
782349 782346
782264 782262
782264 782262
782271 782269
782299 782297
782309 782308
782282 782282
98 98
196340 196340
196370 196370
782288 782289
782255 782256
782278 782282
782332 782335
196375 196376
196354 196355
391647 391649
782322 782329
391677 391681
782315 782323
391638 391643
196391 196404
391631 391639
196402 196407
196362 196367
391714 391724
391703 391714
391680 391691
391674 391686
196316 196323
391657 391671
391633 391648
196349 196357
391706 391722
391640 391656
391685 391702
196364 196373
196359 196368
196319 196330
391682 391704
391678 391702
196366 196379
196320 196333
196325 196339
196318 196337
196334 196354
196379 196405
196366 196392
196316 196342
196377 196405
196325 196353
196378 196408
196320 196352
196323 196361
92 93
77 78
65 66
52 53
90 93
52 54
