100030649
270 122
144 6
124630 124458
124590 124416
124560 124416
149119 148953
149095 148887
124702 124562
124628 124453
124612 124466
124685 124420
124714 124505
149116 148904
124544 124442
124699 124604
149108 148937
124706 124552
149117 148982
112354 112259
112477 112283
149100 148954
197894 197726
112466 112220
112368 112246
177 105
112389 112242
112452 112257
112495 112342
106359 106137
197865 197688
106321 106229
106270 106114
106371 106127
295583 295367
106366 106194
106336 106264
106241 106131
106303 106196
295553 295353
103239 103161
295596 295395
295532 295314
103267 103177
295571 295336
103335 103097
247 12
103145 103053
103242 103106
173 2
253 100
103333 103261
103190 103101
103219 103055
103345 103253
101755 101676
101821 101663
163 79
101817 101738
101785 101590
158 64
101642 101537
186 113
101637 101526
101781 101627
101785 101703
101736 101639
101765 101633
227 152
207 98
101823 101526
101792 101584
101729 101553
197 75
101644 101560
101030 100855
161 91
100924 100773
220 2
100953 100789
295 25
162 106
298 164
198 170
101023 100906
100968 100775
100897 100824
100926 100804
100977 100875
245 212
100941 100870
100974 100872
195 156
101038 100780
100920 100764
295 247
56 17
100842 100763
100870 100791
101023 100953
124714 124630
100937 100771
205 51
275 136
257 2
232 148
213 47
264 77
172 25
232 63
271 161
62 12
249 12
198 80
252 65
154 4
165 17
224 66
252 123
148 105
229 108
269 31
294 131
261 21
66 1
179 24
244 158
175 114
150 122
179 10
244 81
191 54
242 187
59 30
264 191
211 121
292 146
185 143
268 140
264 40
1662689 1662543
1662800 1662615
490869 490665
112367 112292
490850 490712
1662731 1662502
1662666 1662536
1662640 1662517
1662753 1662561
197838 197717
197862 197753
490827 490671
197886 197798
1662750 1662503
124507 124428
124621 124560
490785 490664
881485 881314
490761 490633
149033 148972
149033 148958
295477 295347
881387 881302
103243 103176
295571 295403
295503 295341
881507 881341
103338 103275
295555 295390
490925 490671
490816 490641
295563 295463
197900 197781
881396 881304
881469 881348
295533 295402
103302 103243
295589 295494
295484 295355
197802 197741
295428 295362
197909 197844
295460 295376
103166 103111
124511 124433
106351 106289
490861 490693
149045 148947
490764 490678
1662762 1662650
124662 124579
1662790 1662613
881435 881251
881460 881309
881474 881288
197936 197823
197926 197798
101708 101647
17 5
22 7
70 58
49 43
182 163
224 213
270 258
233 224
293 283
91 88
273 267
100965 100913
100918 100868
101778 101729
112329 112282
100958 100917
101040 101002
124515 124469
112459 112419
103235 103199
103289 103254
103335 103301
106357 106323
100953 100921
148989 148942
106334 106303
106265 106235
197732 197677
101661 101633
103335 103307
124642 124610
112342 112315
100907 100883
148870 148836
149112 149078
197935 197892
106334 106312
124652 124627
149030 149001
100891 100872
106233 106214
101600 101582
101753 101736
197903 197872
106176 106161
197928 197901
490832 490767
490871 490809
112416 112403
197799 197777
148914 148898
106361 106350
100794 100784
881346 881269
881323 881252
112398 112389
295359 295338
881314 881252
106354 106347
881357 881299
881549 881492
295537 295518
1662758 1662652
881542 881486
3225253 3225053
3225293 3225102
881399 881348
3225218 3225034
881344 881296
1662750 1662663
1662618 1662534
3225290 3225129
3225190 3225030
3225168 3225010
3225241 3225089
124479 124467
1662634 1662562
490801 490780
197890 197882
3225260 3225136
239 23
6350291 6350045
1662790 1662729
1662772 1662716
197690 197684
112306 112303
197713 197708
124651 124648
149016 149019
