50207048
299 129
300 128
217 3
284 4
274 4
285 5
273 5
296 122
260 7
171 5
280 115
203 6
259 8
286 114
293 113
283 100
223 12
177 10
297 19
286 98
177 12
286 97
295 100
299 100
249 20
193 17
195 18
255 24
292 97
283 27
215 21
249 26
285 31
300 33
206 23
252 80
247 29
253 31
259 81
209 28
290 39
292 91
215 29
214 29
274 84
211 30
284 41
209 31
291 85
200 31
289 47
204 34
282 47
300 86
296 52
243 68
217 39
299 54
288 53
294 80
242 46
295 80
271 71
266 52
285 58
266 55
247 64
292 75
296 76
286 73
296 67
259 65
266 66
276 66
223 53
286 68
272 65
134 1
137 3
68 2
128 4
118 5
129 6
46 3
132 10
129 10
125 10
116 11
105 12
152 19
89 12
71 10
128 19
35 6
170 30
202 38
188 36
188 36
116 25
167 36
73 16
181 40
135 31
81 19
195 46
154 37
204 50
110 27
82 22
120 33
213 59
119 33
222 62
28 8
180 53
99 31
184 59
237 76
119 39
54 18
211 71
243 83
182 63
155 54
167 59
181 65
153 55
180 65
249 90
199 72
229 83
182 66
204 74
245 89
247 98
232 93
97 39
185 75
231 96
234 98
186 78
268 114
229 98
133 57
249 108
204 89
189 84
191 85
97 44
63 29
292 135
95 44
245 114
133 62
188 88
281 132
238 113
267 127
178 86
265 129
232 113
211 103
174 85
243 119
211 104
201 100
78 39
54 27
285 143
280 142
209 106
218 112
268 138
162 84
181 95
259 136
297 156
259 138
260 139
257 138
273 147
246 133
135 73
262 142
142 77
223 123
240 134
234 131
143 81
179 102
42 24
141 81
151 87
294 170
275 160
163 95
130 76
273 161
281 166
123 73
245 146
270 161
243 145
173 104
77 47
262 161
135 83
185 114
219 135
196 121
178 110
234 145
214 133
221 138
249 156
204 128
246 158
229 149
261 170
144 94
194 127
61 40
195 129
272 180
278 184
293 194
218 145
195 130
248 166
234 157
131 88
251 169
249 168
213 144
238 161
96 65
245 166
273 185
82 1
290 199
221 154
277 194
112 79
183 130
97 69
140 100
253 181
188 135
176 127
253 183
171 125
190 139
264 194
257 191
59 44
230 173
297 224
193 146
212 161
72 55
103 79
232 178
187 144
72 56
141 110
175 137
235 184
277 219
279 223
226 182
298 240
78 63
286 233
276 225
165 135
190 156
270 224
239 199
60 50
285 238
74 62
300 252
270 231
222 190
205 179
207 182
294 259
156 138
193 171
168 149
289 258
240 215
299 271
228 207
289 264
292 267
119 109
199 184
120 111
218 202
256 238
287 267
195 182
140 131
293 275
300 282
34 32
291 274
181 171
236 223
279 264
136 129
218 207
159 151
220 210
154 147
288 275
250 239
274 263
285 274
160 155
281 273
198 193
162 158
299 292
172 168
255 250
252 250
297 295
191 190
266 265
288 287
193 131
50100300 50100153
294 298
156 156
136 136
148 169
287 288
257 259
123 124
144 146
277 284
155 159
225 231
155 160
158 164
253 263
286 300
194 204
284 299
240 253
266 281
115 122
226 240
219 233
247 264
200 215
131 141
266 287
142 154
115 125
125 136
272 298
219 240
233 256
203 224
221 244
143 158
219 242
215 238
186 207
135 151
214 240
88 99
132 149
114 129
232 263
157 178
223 253
109 157
91 104
258 297
141 163
185 215
252 293
183 214
111 130
119 140
105 124
242 286
224 267
101 121
176 211
194 233
48 58
95 115
51 62
136 166
122 149
130 159
242 297
133 165
218 271
225 280
235 295
127 161
218 277
214 272
146 186
197 252
208 267
180 232
83 108
142 185
151 197
182 238
207 272
25 33
74 98
168 223
222 295
169 225
174 232
146 195
199 266
181 245
164 223
198 271
208 285
8 11
216 298
176 243
125 175
157 220
208 292
175 246
169 239
70 99
197 280
71 101
124 177
138 198
141 203
69 131
89 130
204 299
158 232
170 254
178 266
195 292
188 282
107 161
148 223
144 218
111 169
89 136
193 297
165 254
91 141
158 245
57 89
186 292
33 52
139 220
29 46
180 286
134 213
94 150
146 234
178 287
93 150
107 173
104 169
68 111
130 215
95 158
116 193
171 285
9 15
106 177
149 249
137 229
155 261
131 221
135 231
68 117
159 274
108 190
134 237
47 84
66 118
105 188
48 86
121 217
116 209
119 215
75 136
125 227
131 238
164 298
160 291
110 203
148 274
118 219
155 292
138 260
90 170
32 100
70 134
140 268
140 272
88 172
144 282
96 189
64 126
32 63
111 219
79 157
10 20
60 120
104 208
143 288
51 103
119 242
116 236
75 154
138 284
125 260
134 285
47 100
46 99
103 223
30 65
108 234
70 155
118 265
77 173
37 84
95 216
105 245
90 211
116 272
101 239
24 58
118 287
70 171
40 98
118 290
37 91
80 199
51 127
82 205
87 220
67 170
67 170
95 242
72 184
97 251
38 99
66 176
99 267
105 293
106 297
100 286
72 212
48 142
39 116
81 242
85 255
81 249
89 274
46 299
95 299
51 161
48 153
56 181
64 207
39 127
70 230
57 188
88 291
26 86
87 291
50 170
65 222
56 193
74 259
71 252
29 103
40 143
72 261
67 244
66 241
70 257
56 206
69 261
51 193
65 246
69 265
53 210
38 156
67 278
68 284
57 239
58 244
69 291
61 269
41 181
45 199
30 133
49 220
50 225
23 104
54 248
11 51
24 112
52 248
18 88
46 227
49 244
11 55
26 133
9 47
49 256
46 241
39 209
50 279
52 294
29 172
43 259
36 217
38 233
41 253
47 291
38 238
19 121
28 183
22 145
41 271
32 213
17 114
23 155
41 281
16 110
34 236
40 286
34 249
17 131
30 232
30 232
36 279
17 146
34 293
1 9
11 99
13 118
21 196
18 176
20 208
24 261
24 281
17 205
9 110
20 247
17 210
23 287
17 229
21 285
15 218
19 286
18 295
12 213
4 72
7 127
8 151
4 78
11 222
11 226
14 289
10 214
2 43
6 130
12 266
12 295
8 199
9 234
7 185
4 113
3 85
5 144
9 297
5 185
5 250
3 158
3 163
2 119
3 185
3 218
4 295
1 118
