1012061
16710 16636
99 50
1300 1281
1319 1276
1313 1252
1313 1286
1174 1144
1341 1262
1207 1134
1208 1154
1304 1247
1208 1126
1344 1258
1332 1295
1332 1319
1330 1315
1325 1277
1337 1275
1339 1277
1344 1296
1320 1282
1208 1169
1200 1147
1148 1123
1220 1178
1329 1310
1214 1142
1178 1170
1332 1279
1312 1291
1335 1278
70 8
1292 1277
1322 1261
1340 1246
1302 1281
1283 1268
1156 1138
1291 1252
1210 1157
1208 1162
1316 1304
1208 1131
1201 1145
1219 1204
1204 1191
1281 1249
1309 1269
1310 1256
1179 1160
16705 16642
1195 1154
1341 1312
1192 1128
1539 1523
1155 1124
1208 1189
1170 1150
1568 1520
1171 1162
1139 1124
1554 1498
1544 1504
1574 1492
1183 1161
1146 1134
70 17
1565 1508
1584 1530
1556 1530
74 11
71 39
1542 1493
1588 1545
89 9
89 3
1585 1524
79 51
85 58
54 23
36 15
1577 1538
16691 16634
1572 1514
91 23
1581 1565
87 34
91 24
1547 1534
1529 1514
99 61
1561 1552
1551 1541
1580 1531
91 39
1510 1492
1523 1499
79 22
70 63
1549 1523
38 2
47 37
1571 1555
47 18
1584 1532
16720 16649
1537 1522
89 65
2052 2025
22 5
2029 2011
2021 2003
2060 2030
2040 1988
93 15
94 4
2063 1992
85 57
2057 2033
67 47
84 6
92 4
2067 1984
33 25
92 84
2031 1993
99 74
54 4
2034 2011
73 4
2060 1983
2071 1986
89 18
2075 2017
2043 2006
2021 1991
45 33
22 5
2029 1977
77 71
97 81
59 1
83 17
2066 2028
76 59
78 7
39 4
62 18
2008 1989
97 78
2041 2016
2020 1988
30 12
62 24
1998 1981
2041 2017
2002 1990
2043 1979
45 29
93 64
99 80
30 23
2990 2967
3034 3001
3043 2964
73 48
3049 3023
3052 3033
2997 2958
16722 16637
2977 2957
3044 2992
2979 2958
88 18
3004 2991
3027 2979
3043 2978
99 50
3044 3023
53 19
74 42
71 48
67 27
3044 2961
21 15
48 42
16708 16652
3022 2973
3019 2987
98 19
2986 2954
3015 2954
98 27
3046 2993
92 54
98 35
3026 2987
56 1
3047 3010
60 50
3029 2974
33 2
68 19
3042 3010
48 1
3011 2967
90 53
5006 4970
4984 4947
68 3
78 55
4993 4947
50 19
8906 8827
4976 4925
4985 4910
4995 4972
33 20
98 77
53 14
4989 4957
81 5
76 6
4939 4907
96 81
4976 4937
22 9
95 68
4980 4943
5001 4983
48 16
100 59
91 34
8896 8821
4939 4915
4982 4929
45 36
4983 4950
4997 4936
8901 8862
4967 4924
4982 4914
32 21
4957 4933
4987 4949
61 21
82 40
8884 8826
50 13
47 33
8889 8832
59 33
8905 8825
8887 8826
8886 8814
8862 8825
81 23
8868 8818
79 51
8895 8823
8909 8865
8878 8816
8885 8855
8910 8876
89 43
92 73
8858 8821
8898 8826
71 64
16707 16655
16720 16681
16681 16644
8901 8876
32336 32254
16724 16672
16715 16671
16724 16676
8865 8843
32345 32259
16715 16665
8868 8841
8838 8814
32331 32265
4955 4939
8882 8854
8853 8824
28 25
61 56
28 26
21 20
64 61
82 80
86 84
59 58
1209 1202
1529 1521
1344 1337
1575 1567
1549 1542
2995 2985
3037 3027
2997 2989
4978 4965
1250 1247
16684 16650
8885 8867
1999 1995
5000 4990
16712 16679
16705 16673
1282 1257
32331 32251
32332 32272
50 50
