100002030
80 4
50 3
191 12
46 3
155 13
154 16
190 22
56 8
59 9
196 33
140 24
171 30
17 3
61 11
116 24
172 37
145 32
125 31
189 48
167 45
157 44
172 49
143 41
172 51
126 38
110 34
155 48
136 43
87 28
180 58
77 25
118 41
118 42
73 26
177 65
194 75
188 76
134 55
111 48
89 39
174 79
193 91
179 86
169 83
173 85
71 35
66 35
191 102
132 72
175 96
33 19
170 102
198 119
140 89
137 91
60 40
182 124
123 84
192 133
145 102
174 125
157 114
157 115
19 14
189 140
190 141
140 106
145 111
77 59
200 155
75 60
134 108
132 110
73 61
148 1
59 50
74 66
139 126
100 91
189 175
124 115
181 170
113 108
101 97
81 78
142 138
189 184
176 175
196508 196321
196507 196337
196500 196344
196493 196339
196489 196337
196484 196351
196468 196338
196445 196328
196462 196358
196458 196361
196420 196327
196469 196384
196481 196399
196503 196421
391822 391667
196416 196340
196406 196340
391783 391653
196446 196381
391810 391681
391766 391641
391764 391655
391759 391654
391824 391719
391757 391655
391789 391688
98 82
391725 391631
782435 782258
391739 391651
391751 391663
782450 782279
782424 782255
391796 391714
391792 391711
391815 391737
391758 391684
391770 391696
391786 391712
391755 391683
196353 196317
782427 782284
782377 782262
782393 782283
782369 782260
196372 196345
196461 196434
782376 782271
782388 782284
782396 782292
782376 782278
782375 782280
1563684 1563502
782389 782301
782396 782317
782401 782323
782333 782257
1563660 1563512
1563670 1563525
391707 391672
1563662 1563527
782407 782342
196405 196390
196482 196467
1563628 1563510
1563652 1563535
782445 782390
782436 782383
782442 782390
196418 196405
1563665 1563564
391757 391660
391698 391670
1563605 1563513
1563611 1563522
1563636 1563553
391713 391688
1563615 1563533
1563691 1563609
1563697 1563619
196434 196426
782378 782355
782408 782369
1563642 1563569
782378 782348
782414 782386
1563665 1563613
1563666 1563638
196411 196407
782434 782419
1563603 1563575
1563646 1563618
782308 782294
391802 391795
1563638 1563613
391684 391678
782323 782312
1563644 1563623
162 162
133 133
1563678 1563685
782411 782415
782339 782346
196335 196337
782258 782371
782288 782298
782350 782369
196489 196494
391765 391776
1563643 1563687
391736 391748
391632 391646
782342 782374
196491 196502
391665 391687
1563605 1563696
1563603 1563699
782373 782422
782344 782395
782270 782325
391672 391702
782349 782415
782330 782398
782307 782378
391638 391676
196455 196475
782314 782400
782315 782405
391694 391742
782272 782371
391761 391816
45 64
196432 196463
391714 391778
782273 782404
391676 391743
391732 391802
391676 391749
391735 391811
782285 782448
782268 782450
782257 782439
391673 391765
391718 391819
391700 391808
196448 196503
196398 196453
391685 391805
391631 391769
196421 196493
391663 391809
391670 391824
196346 196424
196400 196480
196401 196488
196341 196431
196315 196418
196342 196448
196317 196423
196371 196494
196354 196479
196365 196505
196352 196493
196336 196492
135 137
65 66
87 89
100 103
126 131
157 166
106 113
165 176
156 167
173 190
137 154
139 160
127 147
127 148
59 69
67 79
141 167
142 169
137 164
143 175
101 124
97 120
112 145
99 129
121 159
138 184
112 153
87 119
121 169
78 109
91 136
72 108
103 158
125 195
99 157
126 200
40 64
76 124
67 110
29 48
116 192
33 55
93 156
102 174
106 183
95 169
14 25
76 141
42 78
40 77
97 193
65 131
73 151
68 144
6 13
54 125
76 186
72 193
64 174
60 168
65 183
55 156
26 77
59 175
13 39
62 197
62 197
50 160
41 156
38 148
48 187
43 178
37 158
38 165
32 142
23 106
19 89
18 85
32 153
19 91
36 187
30 167
32 194
21 136
25 195
12 100
10 109
13 157
13 164
1 18
8 177
2 57
5 156
1 96
