1018803
298 143
257 63
172 5
179 54
97 27
240 34
75 3
262 8
140 36
265 8
280 93
190 11
65 32
199 98
295 65
190 1
200 65
211 45
148 73
179 87
313 104
263 49
349 159
192 46
281 88
278 60
285 93
228 81
262 74
304 150
208 60
156 43
282 90
336 157
144 68
766 536
281 173
179 94
90 55
351 246
1212 1025
279 139
305 248
410 341
188 143
325 176
346 218
2244 2161
260 198
2062 1987
325 196
285 156
154 90
2234 2044
2186 1970
1210 1016
334 176
390 296
2134 1976
772 651
2078 1996
408 296
431 369
198 152
238 200
2126 1964
243 169
2107 1977
2226 2089
362 296
8108 7860
310 265
292 149
2070 2013
2145 2078
4150 3954
4211 3973
473 360
782 517
551 473
4215 4035
154 117
4072 3956
471 363
194 116
511 260
8113 7845
527 475
429 285
1235 1146
4115 3959
719 606
758 707
1232 1060
298 223
567 512
349 264
4200 3951
4064 3937
4188 3978
470 334
238 179
716 613
1243 1107
197 147
449 410
309 170
733 636
725 675
184 110
784 503
8064 7852
15870 15662
8065 7881
15918 15706
36 27
167 138
173 154
187 169
281 255
257 234
112 103
297 275
271 255
286 277
146 142
2143 2085
1060 1033
8048 7867
504 494
692 679
4062 4000
8009 7888
503 497
8050 7960
15851 15681
4192 4148
15931 15788
15906 15786
1206 1198
316 314
323 321
15819 15731
31501 31339
31437 31279
31453 31302
31558 31427
62750 62514
2148 2140
62688 62516
62722 62571
15890 15854
31436 31373
62654 62534
125309 125113
31348 31318
199 1
125277 125159
31332 31306
7873 7871
8097 8095
2004 2004
1269 1270
