9998821502
151 1
132 8
120 10
20 2
123 13
60 2
182 24
82 11
74 10
131 19
33 5
42 7
110 21
144 31
111 27
98 24
200 50
93 24
54 14
173 47
58 16
174 51
155 47
189 59
120 39
163 53
167 56
103 38
144 57
126 50
119 48
194 81
170 72
79 34
200 91
186 23
59 29
149 75
134 68
114 58
115 60
153 80
141 76
66 36
114 63
158 90
158 90
44 26
192 117
113 70
107 67
115 73
107 73
197 135
183 126
117 81
187 130
137 97
185 132
162 119
136 100
115 85
185 137
61 46
69 53
176 143
73 35
114 94
170 142
115 98
78 68
187 164
158 141
187 168
197 177
200 180
65 59
161 148
187 172
77 71
78 73
185 174
187 178
189 182
141 137
38 37
195 191
51 50
61 60
97 96
1220852 1220706
1220850 1220721
1220857 1220742
1220848 1220734
2441598 2441457
2441606 2441467
1220803 1220741
1220812 1220750
1220841 1220784
1220811 1220758
2441559 2441472
4882987 4882824
4883012 4882866
2441521 2441454
4882977 4882848
4882959 4882834
2441496 2441434
1220814 1220787
1220848 1220825
9765824 9765645
2441578 2441534
1220878 1220858
4882936 4882867
2441440 2441407
2441544 2441511
4882916 4882854
2441475 2441445
9765747 9765629
2441465 2441439
9765783 9765687
1220824 1220812
2441593 2441570
2441588 2441567
9765795 9765712
2441437 2441418
2441535 2441516
1220898 1220889
9765704 9765635
19531449 19531311
19531449 19531311
9765768 9765707
9765713 9765657
19531375 19531280
4882873 4882850
4882852 4882830
19531399 19531315
39062668 39062502
9765720 9765682
39062699 39062562
39062636 39062514
9765820 9765790
39062659 39062543
9765681 9765653
19531312 19531258
39062697 39062591
19531388 19531335
39062619 39062517
19531315 19531267
9765719 9765695
78125187 78125008
39062636 39062549
78125172 78125008
17 14
2441497 2441492
39062633 39062559
78125151 78125007
78125186 78125042
19531415 19531379
9765701 9765684
78125166 78125034
19531284 19531253
39062646 39062586
39062599 39062541
9765718 9765704
78125151 78125051
78125185 78125094
78125113 78125039
39062666 39062631
156250174 156250041
156250180 156250054
78125075 78125013
156250173 156250049
39062622 39062592
19531351 19531336
78125113 78125058
78125168 78125117
19531316 19531305
78125085 78125042
39062541 39062520
312500196 312500036
39062644 39062625
156250168 156250093
39062682 39062664
312500149 312500009
156250117 156250064
156250159 156250108
156250088 156250046
156250172 156250130
39062565 39062555
312500174 312500096
312500158 312500082
19531380 19531340
39062585 39062575
156250079 156250041
312500184 312500134
78125040 78125023
156250199 156250166
39062678 39062670
312500175 312500118
78125140 78125127
156250181 156250166
156250087 156250079
39062683 39062682
156250141 156250139
139 139
115 115
1220847 1220847
1220823 1220823
156250147 156250148
78125110 78125111
9765798 9765801
78125109 78125135
156250152 156250166
312500156 312500188
39062638 39062643
312500145 312500188
78125142 78125155
78125057 78125071
156250112 156250150
156250113 156250153
156250137 156250182
78125153 78125178
39062609 39062622
39062607 39062672
156250096 156250149
4882983 4882985
78125035 78125068
78125156 78125190
78125150 78125185
156250106 156250186
19531375 19531387
156250083 156250197
78125108 78125167
78125051 78125110
1220734 1220735
78125040 78125109
19531283 19531301
19531317 19531337
39062526 39062569
19531392 19531415
39062606 39062653
4882875 4882881
19531305 19531336
4882895 4882939
4882896 4882906
39062557 39062638
19531298 19531341
39062611 39062698
9765790 9765815
39062554 39062659
9765718 9765745
2441549 2441556
9765755 9765784
19531371 19531431
39062516 39062637
19531320 19531381
1220740 1220744
1220724 1220728
9765659 9765692
4882917 4882934
9765669 9765703
9765737 9765772
9765695 9765733
1220845 1220850
4882893 4882913
9765705 9765747
19531261 19531345
19531333 19531418
4882897 4882921
19531263 19531360
9765763 9765812
19531327 19531425
4882902 4882927
4882881 4882906
9765658 9765709
4882972 4882999
9765723 9765778
19531264 19531376
19531308 19531423
19531292 19531415
4882882 4882913
19531260 19531384
1220791 1220799
9765661 9765726
19531286 19531425
2441559 2441578
9765638 9765716
2441523 2441543
4882870 4882910
9765743 9765824
9765741 9765822
4882876 4882917
19531286 19531450
19531285 19531449
2441490 2441511
66 107
1220846 1220858
2441437 2441463
9765631 9765749
4882825 4882885
2441457 2441490
2441528 2441567
4882843 4882921
4882868 4882947
2441523 2441565
1220751 1220773
4882910 4883004
4882823 4882926
4882882 4882986
2441517 2441572
4882862 4882973
2441506 2441562
4882870 4882990
4882878 4882999
1220773 1220806
2441446 2441513
4882814 4882950
4882827 4882973
2441424 2441500
1220785 1220826
2441442 2441555
2441449 2441583
1220831 1220900
2441425 2441565
2441459 2441600
1220829 1220902
2441416 2441572
1220720 1220818
1220769 1220871
1220718 1220845
1220722 1220858
1220721 1220884
120 123
58 60
44 46
129 136
127 139
117 132
171 195
117 134
87 100
105 121
124 148
82 99
68 86
138 176
131 170
79 103
63 83
146 199
70 97
133 192
88 129
111 164
74 113
114 175
111 174
110 178
87 148
88 150
62 106
77 133
106 185
37 65
65 117
51 92
59 108
71 130
108 200
85 159
61 119
72 146
15 31
43 90
76 160
59 126
88 189
65 148
55 130
82 194
47 117
54 135
24 63
59 158
53 144
53 157
52 158
53 162
49 180
19 75
24 97
40 168
44 197
43 196
20 94
31 154
35 194
13 76
15 88
8 47
18 108
22 134
28 171
19 118
20 127
28 192
11 87
21 172
20 169
6 53
11 101
10 93
18 182
9 142
7 132
2 38
9 171
8 161
4 153
3 152
3 177
1 183
