592467
291 115
226 6
261 7
290 98
297 98
256 83
284 13
293 93
292 89
272 15
224 13
234 14
299 19
247 65
256 64
240 19
273 22
264 23
201 18
272 26
246 24
290 29
207 21
266 27
262 27
256 27
275 68
229 26
250 60
252 30
256 60
201 25
249 31
281 35
263 60
290 62
281 36
234 30
283 60
285 39
246 35
222 33
282 43
289 45
253 40
266 44
290 48
294 51
279 49
217 46
298 55
212 41
266 55
274 56
242 48
277 55
167 5
130 4
58 2
39 2
152 8
156 10
140 10
127 14
149 17
115 14
120 15
152 19
139 18
177 32
129 25
137 27
193 42
194 43
219 50
221 53
172 42
136 34
50 13
99 26
165 45
117 32
84 23
215 59
205 57
202 57
126 36
126 36
237 69
44 13
196 58
72 22
222 68
55 17
152 47
219 68
90 28
104 33
126 40
218 71
79 26
63 21
139 47
233 79
252 87
236 82
212 74
91 32
161 57
53 19
242 87
199 75
130 49
202 77
211 81
164 63
178 69
262 103
249 98
130 52
112 45
102 41
94 38
185 75
211 86
239 100
117 49
241 102
261 111
225 96
220 94
147 63
248 108
259 113
219 96
276 121
112 50
271 121
218 99
105 48
235 109
272 128
245 116
264 125
183 87
65 31
298 143
255 123
254 123
226 111
91 45
111 55
100 50
46 23
297 149
265 133
106 54
102 52
131 67
298 153
254 131
145 75
201 104
221 116
187 99
166 88
164 88
297 160
239 129
103 56
285 156
125 69
94 52
220 122
252 140
9 5
290 162
48 27
257 145
300 170
130 74
158 90
7 4
266 152
127 74
271 158
243 143
287 169
297 178
45 27
156 94
270 163
208 126
189 115
158 97
65 40
185 114
260 163
121 76
109 69
246 156
202 129
295 190
34 22
135 89
50 33
103 68
77 51
196 133
283 193
105 72
189 130
276 190
212 146
158 109
287 198
159 110
101 70
245 174
121 86
274 198
203 147
152 111
275 201
282 208
126 93
229 170
189 145
138 106
233 179
143 110
81 2
296 230
226 176
259 202
205 160
275 215
184 144
273 216
289 229
161 128
51 41
156 127
296 241
277 226
263 215
154 126
83 68
106 87
289 238
229 190
288 239
186 155
183 153
80 67
31 26
57 48
255 215
289 244
207 175
282 239
224 190
53 45
248 211
191 163
76 65
225 193
186 160
229 197
221 192
292 254
231 201
235 205
264 232
159 140
135 119
186 165
222 197
258 229
254 226
187 167
280 251
285 257
181 164
235 213
289 262
300 273
252 231
181 166
125 115
150 138
220 203
95 88
266 247
193 180
80 75
198 186
200 188
95 90
181 172
21 20
288 275
126 121
265 256
92 89
124 120
249 241
254 249
294 289
64 63
299 295
82 81
126 125
151 150
199 198
290 289
219 170
501300 501154
277 284
245 268
230 231
149 151
203 206
149 152
243 249
198 203
218 225
56 58
155 161
164 171
102 107
252 266
198 209
178 188
261 277
174 185
188 200
257 274
238 256
91 98
91 98
227 247
22 24
98 107
166 232
157 172
239 263
113 125
249 277
177 197
227 254
154 173
249 280
146 165
97 110
149 169
222 252
58 66
137 156
99 113
209 241
52 60
109 126
255 295
226 263
171 200
154 181
133 157
225 266
214 254
37 44
217 259
128 155
113 138
164 201
189 232
188 232
242 299
128 159
234 291
149 186
230 290
148 187
98 124
201 256
219 279
191 244
118 152
232 299
205 265
214 277
83 108
95 124
84 110
132 173
35 46
169 223
178 237
152 203
173 233
203 274
97 132
41 56
99 136
136 187
130 180
165 229
76 106
29 60
201 283
151 214
82 117
121 176
82 120
170 249
153 225
130 192
160 237
178 264
182 271
110 164
83 124
110 165
194 292
177 267
130 197
71 108
184 281
98 150
96 147
28 43
69 106
21 33
182 288
172 273
159 253
48 77
23 37
106 171
138 228
152 254
145 243
172 289
119 200
161 275
174 300
102 178
111 194
154 270
132 232
110 195
110 196
147 263
59 106
64 115
125 225
102 184
95 172
107 198
115 214
130 244
92 175
103 196
155 298
50 97
22 43
122 239
113 222
112 222
116 232
144 292
56 115
60 225
89 185
102 213
133 278
124 260
102 216
84 179
36 77
123 273
40 89
131 292
107 240
59 133
51 117
103 238
126 293
75 177
77 182
124 297
93 223
12 29
58 141
99 241
114 279
99 245
87 219
75 189
75 191
84 221
85 225
90 239
96 257
92 251
95 260
40 111
45 126
58 164
82 232
62 176
33 94
93 271
72 210
65 192
96 284
47 140
28 85
45 137
45 137
94 287
50 153
98 300
94 290
71 225
43 140
73 238
65 212
87 289
58 206
58 207
53 191
70 253
58 210
59 219
67 249
51 190
71 281
30 119
73 294
38 158
66 279
64 271
54 231
57 248
60 263
29 129
21 96
30 140
63 295
31 146
63 300
51 273
12 66
42 232
43 244
24 144
23 139
48 297
40 250
14 89
22 140
45 289
20 131
34 227
19 128
34 237
10 70
38 276
39 285
15 116
27 221
12 99
27 223
19 157
12 107
18 249
14 222
16 260
12 204
14 255
13 239
12 238
14 295
11 240
13 285
6 141
5 123
9 238
7 194
4 118
8 247
5 202
5 207
4 263
1 77
2 204
2 281
1 170
1 186
1 192
