100030238
22441 22393
22441 22406
232 47
107944 107658
107927 107731
179 72
107902 107698
87 37
107931 107820
171 94
267 52
107914 107785
22492 22211
107944 107703
205565 205376
245 4
107888 107732
107787 107673
205489 205315
22453 22236
213 103
223 84
245 102
107955 107701
285 234
213 175
244 84
107836 107686
107949 107685
287 90
107849 107682
134 92
205577 205363
107889 107722
107926 107716
205533 205320
281 124
205581 205386
88 39
211 35
107952 107687
107841 107732
190 119
107774 107681
131 12
107924 107811
193 97
107818 107671
234 163
288 44
107887 107766
107931 107740
22427 22259
261 19
255 194
22441 22335
221 30
250 185
220 136
59010 58958
288 82
257 193
22475 22317
22389 22314
22321 22292
238 113
246 112
172 102
59023 58875
22350 22227
59074 58917
109 19
22443 22342
177 8
219 149
59063 58965
59062 58909
59058 58894
182 39
59032 58946
22451 22366
22378 22279
58909 58829
34688 34424
185 1
59049 58954
232 16
206 72
59079 58918
59122 58950
79 30
288 117
284 100
59053 58864
251 190
243 133
59095 58922
109 75
186 77
59045 58914
58994 58866
126 96
140 7
181 128
22457 22371
34573 34447
76 14
188 11
169 87
34670 34613
297 211
22355 22221
34457 34420
34521 34481
218 152
34603 34473
22447 22392
34685 34426
274 39
22303 22219
34523 34416
34509 34479
237 177
22434 22278
291 89
99 20
107884 107802
122 47
223 193
127 75
34661 34599
34617 34470
275 12
279 40
242 11
34623 34550
34673 34433
22474 22434
215 42
292 165
133 1
94 50
296 26
190 16
34645 34452
34624 34466
34712 34608
34514 34447
71 17
4 2
85 69
103 84
206 185
206 188
252 230
264 242
121 112
151 140
253 240
295 284
258 249
124 121
99 97
251 248
22298 22273
22472 22451
22278 22260
205500 205348
59125 59088
107887 107820
58959 58923
400896 400652
58905 58870
107881 107817
59102 59068
400861 400637
205559 205449
59090 59059
205449 205355
400863 400682
34619 34604
34669 34654
400913 400745
107740 107695
400813 400646
34542 34528
205553 205475
34640 34627
400805 400659
107909 107871
205510 205439
58903 58883
791548 791286
400767 400638
205425 205359
400820 400696
205425 205362
107741 107708
400760 400650
400815 400710
791538 791335
791480 791281
791469 791279
205570 205523
205595 205548
400868 400782
791491 791327
205494 205452
400750 400670
400834 400759
791419 791273
791464 791322
1572772 1572503
791465 791336
1572784 1572542
400900 400839
205436 205406
1572781 1572560
205437 205409
791473 791371
1572716 1572528
791467 791373
1572800 1572617
1572755 1572590
1572697 1572538
791456 791376
1572719 1572562
1572698 1572544
791367 791290
1572741 1572589
791445 791372
3135297 3135010
400769 400734
791440 791373
1572752 1572619
791417 791355
791412 791352
3135270 3135035
791376 791318
1572684 1572520
22380 22354
3135289 3135079
3135243 3135045
791365 791316
791421 791374
3135242 3135087
1572639 1572549
1572673 1572594
3135252 3135134
6260256 6260006
1572747 1572680
400886 400866
400922 400902
205339 205330
1572748 1572687
3135226 3135115
3135269 3135161
1572750 1572642
3135200 3135005
791461 791435
6260292 6260087
400915 400904
400722 400712
