1027804
153 100
49 18
9111 8830
9022 8826
9086 8857
9059 8816
271 162
9092 8816
155 127
9012 8837
254 139
9082 8903
133 66
123 42
9093 8918
281 125
5151 4913
61 5
291 193
5050 4933
5181 4936
5195 5063
5161 4984
147 40
5193 4909
5170 4966
158 126
5175 4995
5200 5019
234 46
249 68
215 18
5108 4986
258 139
5188 4961
5158 4928
5164 5001
5195 5040
5081 4935
5138 4967
274 138
5147 4981
5146 5020
143 105
5173 4945
5185 4933
141 33
241 14
5120 4994
5162 4982
5176 5010
281 188
5195 4981
213 180
189 115
5135 5008
123 97
5169 5050
5132 4985
5115 4989
5177 5004
202 84
266 226
5186 4969
3139 3016
3148 3038
3249 3119
3220 3089
3191 3093
217 70
166 25
3145 3030
3234 3070
217 50
3103 2990
280 115
294 81
3058 2966
133 19
245 91
265 148
291 86
231 160
3135 2978
3247 3083
3140 3034
3227 2972
3223 3039
3238 3032
3199 3070
3239 3105
3122 3044
3228 3113
3113 3033
228 171
3107 3038
3185 2960
3189 3049
3244 3074
3169 3008
3173 3001
262 88
3153 3032
169 43
3201 3017
298 171
125 46
9054 8880
127 59
273 119
152 43
84 30
134 53
133 17
193 77
221 79
132 79
272 205
242 60
204 73
271 113
167 93
253 82
75 51
295 250
272 44
149 101
263 26
207 15
107 54
86 29
171 131
242 102
177 101
273 174
300 40
263 168
287 102
210 17
135 87
150 27
185 46
108 66
83 19
257 177
269 92
215 182
91 41
165 73
218 136
61 8
5007 4913
5028 4965
5037 4954
8933 8837
5200 5104
5159 5088
9042 8908
16893 16728
5111 5032
5154 5080
16858 16679
16898 16704
16912 16651
16834 16638
8960 8813
16889 16713
8931 8816
16892 16667
16901 16747
16908 16753
16817 16661
9084 8974
16859 16632
3013 2963
9073 8916
8985 8895
9030 8863
3203 3152
8978 8883
16841 16657
8947 8820
3028 2974
9040 8878
9098 8958
5064 4985
44 30
70 49
76 63
123 102
68 57
106 93
96 85
198 178
99 89
238 217
50 46
283 266
240 227
235 223
61 58
184 175
261 250
192 184
245 237
300 293
3040 2999
3107 3070
5192 5139
8963 8878
5176 5127
5194 5145
5159 5111
5110 5063
16771 16630
16840 16699
5052 5011
16855 16719
5033 4993
32538 32282
32542 32288
16911 16780
9078 9008
16839 16713
8993 8927
16807 16686
9092 9028
3143 3121
112 96
32499 32270
8894 8822
32493 32266
287 290
254 254
