9993106967
253 7
259 11
235 10
168 10
160 15
191 23
221 28
259 36
241 45
286 58
268 55
109 23
14 3
175 41
288 77
300 81
277 81
263 81
281 101
167 61
217 81
176 70
102 41
54 22
240 103
242 104
195 85
169 81
192 96
132 67
222 114
273 158
257 154
299 195
295 194
300 201
276 185
299 207
300 213
192 138
217 159
168 124
225 178
5 4
146 119
254 208
176 145
160 134
149 125
148 125
300 9
291 248
81 70
199 173
197 173
174 153
205 182
289 260
178 161
263 246
290 272
199 187
88 84
286 274
19631539 19631278
19631486 19631278
19631533 19631343
19631419 19631277
39162790 39162533
39162757 39162503
39162779 39162531
19631375 19631256
19631411 19631304
19631443 19631340
39162787 39162594
19631520 19631426
39162789 39162610
19631363 19631274
19631470 19631381
19631386 19631304
39162794 39162664
39162640 39162520
19631485 19631428
19631500 19631444
19631348 19631293
39162716 39162615
78225290 78225102
39162626 39162532
19631461 19631414
19631314 19631272
78225240 78225074
19631456 19631417
78225297 78225164
78225287 78225169
39162739 39162684
78225193 78225108
78225236 78225152
156350201 156350041
156350284 156350132
78225142 78225069
39162664 39162628
19631378 19631363
78225197 78225141
19631437 19631423
78225122 78225068
78225229 78225177
283 241
78225254 78225203
156350260 156350159
39162786 39162762
312600249 312600070
312600249 312600072
156350109 156350032
39162659 39162641
78225251 78225216
19631279 19631266
312600257 312600124
156350274 156350239
156350073 156350048
78225137 78225109
156350259 156350208
78225095 78225072
78225216 78225194
156350118 156350091
189 189
78225041 78225030
39162756 39162751
156350122 156350104
156350032 156350017
156350093 156350083
156350115 156350110
39162580 39162588
156350241 156350250
156350084 156350095
156350009 156350021
156350117 156350138
39162522 39162528
19631422 19631426
39162543 39162717
156350037 156350077
78225205 78225226
156350089 156350132
156350105 156350159
78225074 78225103
156350071 156350142
156350046 156350118
78225035 78225076
39162643 39162667
156350168 156350284
39162557 39162591
156350070 156350208
156350003 156350151
156350089 156350242
156350020 156350174
78225098 78225181
156350120 156350288
78225050 78225139
78225025 78225115
78225133 78225224
78225027 78225123
156350069 156350262
78225135 78225235
39162609 39162662
78225084 78225190
156350037 156350274
156350029 156350272
78225145 78225271
156350007 156350274
39162623 39162690
39162640 39162716
39162604 39162681
78225038 78225204
78225017 78225184
78225117 78225286
19631330 19631374
78225054 78225255
39162581 39162682
39162632 39162750
39162639 39162759
39162552 39162674
19631462 19631529
19631399 19631470
246 273
19631377 19631467
39162548 39162762
19631312 19631424
39162518 39162764
39162522 39162792
19631290 19631426
19631292 19631472
19631324 19631530
19631263 19631473
19631300 19631537
143 144
256 264
258 269
79 83
183 194
81 87
146 157
89 96
190 207
234 272
220 258
211 248
141 167
230 279
233 291
148 185
215 269
133 167
211 272
139 186
155 211
155 211
60 82
109 152
81 117
150 217
63 93
159 240
100 154
187 289
54 93
106 183
54 95
55 99
147 296
140 287
57 135
115 276
13 34
99 266
50 138
91 253
67 211
61 226
59 220
71 290
48 252
26 141
32 209
24 272
22 290
10 147
13 267
2 275
