96909740
298 1
177 8
117 13
126 15
108 13
58 7
56 8
76 11
277 41
262 40
299 49
266 44
161 28
261 47
253 48
298 57
123 24
256 50
10 2
204 44
196 43
237 52
205 48
238 59
156 39
269 69
299 78
234 8
81 23
209 63
201 64
185 59
297 101
242 85
249 89
297 108
242 89
134 50
213 80
181 68
261 99
245 93
101 39
186 72
188 73
239 97
49 20
253 104
226 98
260 113
253 111
197 88
294 132
262 118
176 83
170 89
119 64
250 136
297 83
199 110
289 173
235 145
264 167
60 38
247 158
295 191
138 90
203 133
125 94
285 217
240 183
59 45
48 37
168 132
240 191
143 114
200 160
201 161
211 172
273 231
258 220
225 192
182 157
213 185
275 239
248 218
25 22
237 209
256 232
151 138
264 246
295 280
62 60
106 104
89 88
216 214
3125290 3125006
3125265 3125006
3125267 3125012
3125286 3125036
3125294 3125062
3125221 3125008
3125244 3125059
3125249 3125067
3125263 3125096
3125267 3125110
75 41
3125298 3125183
3125256 3125162
3125215 3125096
3125291 3125174
3125237 3125128
3125249 3125161
3125230 3125151
3125227 3125152
3125276 3125203
3125269 3125201
3125213 3125146
3125214 3125162
3125243 3125191
3125281 3125260
265 297
3125233 3125219
3125287 3125275
3125289 3125298
3125205 3125214
3125237 3125273
206 268
3125207 3125271
3125209 3125291
215 217
189 193
148 158
22 24
249 272
138 152
223 248
220 252
106 124
190 224
229 273
124 151
167 206
95 119
22 28
62 79
201 259
125 165
139 192
85 123
24 35
190 284
179 271
130 198
64 99
175 272
165 257
184 295
139 223
75 122
95 157
160 281
131 234
78 141
144 270
141 265
156 297
78 164
76 160
135 293
94 207
56 124
93 241
67 198
78 237
88 290
37 125
80 274
36 126
55 199
66 243
23 85
80 300
77 297
52 206
37 155
42 191
25 116
18 86
25 143
29 167
44 255
38 225
37 221
40 255
41 281
39 283
32 238
28 236
17 144
16 151
22 218
22 239
25 286
14 161
10 131
12 165
9 127
4 76
3 270
1 144
