1010889
2153 2085
2123 2100
29 10
15813 15731
67 14
72 53
15821 15730
7997 7958
8005 7942
8005 7947
8009 7939
8003 7914
2113 2071
7985 7945
7972 7917
52 1
2124 2057
91 60
2128 2082
70 23
8002 7933
7999 7960
67 22
7980 7929
100 18
56 18
68 17
33 9
7976 7921
2117 2089
2136 2071
7994 7936
94 57
7989 7932
7983 7939
7997 7922
8003 7942
2111 2082
7997 7913
63 28
77 56
7977 7917
7980 7926
4073 4025
56 17
74 48
42 22
4093 4041
91 53
97 68
4104 4009
4057 4013
2114 2086
2123 2070
2087 2069
4077 4054
47 19
64 14
4067 4019
2125 2081
2151 2082
4084 4016
98 40
2144 2073
57 30
2153 2080
4074 4009
92 17
77 45
4104 4041
88 25
99 22
4093 4056
92 19
83 10
81 37
98 42
95 53
26 4
70 11
62 26
4054 4027
84 28
50 26
4101 4069
2126 2086
4069 4036
44 7
2142 2066
59 26
4072 4023
2114 2090
4061 4025
85 3
37 17
4074 4029
70 3
79 28
4034 4007
4095 4021
77 45
4100 4033
51 14
4058 4028
2150 2131
2136 2095
4074 4048
42 26
91 43
87 49
2121 2061
4079 4039
2142 2069
4069 4034
4062 4033
62 11
4104 4027
81 2
4063 4014
68 20
2149 2114
4078 4035
54 42
4079 4041
100 59
2144 2081
2127 2090
2144 2066
81 34
81 48
4089 4029
87 15
4088 4059
62 44
83 15
76 2
60 16
65 5
2129 2094
2137 2103
2101 2071
97 8
2105 2074
51 2
61 13
2145 2081
94 9
65 34
88 32
2106 2067
2112 2089
85 2
63 19
2118 2086
61 23
99 63
90 61
2104 2071
2129 2074
2120 2094
91 36
2111 2068
90 28
85 59
2142 2080
2113 2094
20 7
15806 15729
2136 2086
55 40
2149 2095
2129 2075
64 24
98 61
2104 2071
58 46
2103 2073
44 13
98 6
39 13
96 35
77 54
2130 2057
8011 7972
15823 15758
15815 15751
7960 7923
15808 15739
7960 7922
7966 7930
9 3
9 3
15 6
18 9
24 15
23 16
4 3
10 8
29 24
39 33
27 23
76 65
56 48
24 21
100 89
93 83
100 90
34 31
82 76
97 90
15 14
29 28
71 69
43 42
97 95
63 62
2087 2072
2148 2134
2130 2117
2145 2132
4063 4041
4103 4081
2145 2134
2151 2140
2152 2141
4034 4014
4088 4068
4094 4074
2126 2116
4030 4012
4084 4066
7962 7927
8002 7968
2132 2123
4066 4049
7963 7931
7971 7939
8006 7974
4023 4007
4069 4053
15793 15731
2107 2099
8009 7979
7969 7940
7974 7945
15785 15728
4025 4011
4066 4052
15802 15748
15789 15737
7947 7921
4026 4013
2143 2093
31450 31351
15791 15742
15802 15752
4097 4084
15783 15735
15786 15738
15796 15748
15779 15732
4062 4050
4065 4053
2090 2084
31446 31356
2101 2095
15805 15760
15822 15777
7960 7938
4054 4041
31442 31351
15777 15729
8001 7979
8007 7986
4106 4096
2109 2104
2135 2130
4104 4096
69 69
67 67
37 37
52 53
