9937574934
293 1
288 5
209 4
290 6
226 6
194 8
239 10
115 5
269 12
271 13
130 7
281 16
194 12
140 10
194 14
187 14
218 17
185 16
256 24
175 17
294 30
124 13
102 12
288 34
59 7
227 27
173 21
290 36
241 31
277 38
292 43
86 13
211 32
147 23
230 37
75 13
265 46
281 49
290 51
263 47
256 46
161 29
216 39
166 30
154 28
135 25
167 31
260 49
234 46
208 41
230 48
131 28
216 48
134 30
266 61
186 44
265 64
175 43
69 17
146 36
280 70
158 40
280 72
178 47
283 75
127 34
119 32
252 68
173 48
194 54
295 83
158 45
300 88
199 59
132 40
240 73
218 67
93 29
298 93
144 45
112 36
182 59
244 81
270 93
29 10
284 98
202 70
275 96
295 103
273 96
216 76
147 52
182 65
265 96
279 103
197 73
90 34
217 82
127 48
169 64
194 76
227 91
103 42
154 63
263 108
224 2
264 113
71 31
154 68
293 131
258 116
91 41
268 121
207 95
288 135
253 119
121 57
21 10
165 79
221 106
233 112
190 93
66 33
254 127
277 140
233 118
292 150
187 97
256 133
128 67
57 30
105 56
225 120
39 21
269 145
72 39
227 125
242 134
297 167
200 113
282 160
108 62
291 169
146 85
53 31
181 106
166 99
174 104
299 179
130 78
106 66
191 119
215 135
281 177
281 177
238 151
287 183
260 166
150 96
277 180
172 112
134 88
286 188
192 128
288 192
294 197
204 138
221 151
130 89
163 113
167 116
167 116
59 41
159 111
195 137
146 103
48 34
182 129
165 122
123 91
212 157
290 216
146 109
193 145
254 191
66 50
249 189
50 38
290 223
164 127
192 150
92 72
258 204
227 180
197 157
239 191
269 215
251 204
182 148
157 128
293 240
280 230
215 177
245 202
212 176
152 127
119 100
284 120
247 210
162 139
238 205
267 231
272 241
136 121
254 228
177 160
176 161
129 119
270 250
299 277
68 63
166 155
213 199
193 181
291 273
190 179
296 279
233 220
188 178
38 36
244 232
267 254
217 207
114 109
231 221
121 117
165 160
161 157
202 197
83 81
220 215
254 250
73 72
269 266
232 229
103 102
249 210
1625000300 1625000139
286 298
3500000298 3500000061
3500000300 3500000065
1312500299 1312500258
142 142
260 260
135 135
204 234
254 256
236 239
251 255
257 262
273 279
254 261
58 60
54 56
280 291
225 235
19 20
170 179
152 161
261 279
247 265
119 128
168 181
148 160
216 235
205 224
266 291
50 55
238 263
189 209
244 270
215 238
146 162
182 203
212 237
225 253
257 289
165 187
109 124
93 106
83 95
130 231
261 300
146 172
123 148
233 281
176 213
38 46
202 245
216 263
9 11
182 226
89 111
219 275
134 169
108 138
214 277
168 218
228 297
162 213
187 246
164 216
200 265
154 205
181 241
134 179
119 159
80 110
199 274
207 286
134 186
127 177
48 67
152 215
117 169
196 284
109 158
194 282
167 250
185 277
130 195
125 188
124 188
86 131
191 292
112 172
191 294
177 276
96 150
101 158
189 299
132 211
179 288
179 289
175 286
145 238
99 166
172 289
99 167
122 208
96 165
137 236
129 223
166 290
88 156
82 300
19 34
63 113
160 288
111 200
27 49
121 221
111 203
158 290
135 249
99 183
105 199
96 184
152 297
148 293
129 263
114 233
134 277
133 285
116 250
126 273
90 196
59 130
61 136
91 207
130 297
36 84
94 227
96 234
82 201
116 286
57 141
108 272
75 189
114 289
83 213
113 297
107 282
98 267
79 223
61 175
50 145
32 93
74 217
61 179
98 293
40 120
32 98
54 168
82 264
9 29
68 221
58 189
23 75
26 85
86 287
50 167
53 181
73 257
30 106
40 143
25 90
54 197
23 84
73 267
73 270
51 194
55 210
32 125
28 111
60 241
64 261
68 278
65 277
53 230
44 191
69 300
57 249
59 258
59 260
53 234
49 218
57 261
33 154
59 279
31 147
30 143
17 90
28 151
36 199
34 190
29 167
36 208
43 253
45 266
40 255
35 227
46 300
17 112
27 180
36 247
23 160
35 251
14 102
36 277
18 139
28 220
21 178
23 199
13 113
5 44
20 176
7 64
23 225
11 122
11 124
21 250
19 242
23 294
10 129
15 224
11 172
12 228
12 235
3 72
8 246
5 255
2 184
1 271
