1025389
4195 3940
4132 3989
187 144
197 75
257 216
204 154
267 84
136 3
273 142
8037 7835
108 61
8116 7826
184 61
239 203
4104 3976
227 161
212 138
137 58
274 169
198 91
283 223
200 105
285 179
8118 7910
176 120
295 212
234 78
289 135
268 184
8120 7844
232 206
142 40
201 33
291 61
214 128
123 59
300 230
136 110
212 9
205 117
277 238
270 36
238 49
221 136
8090 7904
8044 7840
167 37
200 70
190 93
292 221
231 118
87 60
208 96
274 205
166 91
157 115
223 139
113 69
203 92
189 124
4216 3981
284 208
4090 3941
222 187
229 18
295 181
247 26
209 32
134 38
207 128
148 124
272 172
89 1
228 94
8050 7880
4202 3969
151 39
4186 4096
240 212
25 1
266 107
269 119
147 50
188 145
273 241
153 126
285 237
237 10
294 191
203 16
8018 7835
265 139
101 16
270 111
8038 7846
223 177
2251 2028
280 69
173 116
2118 2004
8091 7849
183 133
151 117
199 153
167 106
177 147
177 75
8067 7855
280 204
197 173
2240 2159
4184 4014
4173 3957
2226 2011
4089 3960
4215 4085
4066 3968
2080 2037
4068 3936
2228 2056
2232 2074
4187 4072
4212 4077
4024 3947
2216 2014
2230 2163
2231 2018
2156 1978
2233 1996
4204 3991
4046 3917
2215 2120
4090 3999
2240 2136
4079 3946
2160 2031
2192 2053
2187 2033
2230 2041
4123 3928
2158 2039
2035 1971
2143 2004
2117 2041
4176 4084
2182 2125
2169 2121
2118 1990
2233 2132
2066 2002
2101 2004
4183 4015
2181 2109
2033 1968
121 99
111 95
219 197
210 194
283 263
257 242
8034 7881
8039 7890
4003 3930
4117 4042
2146 2108
4203 4131
7993 7861
7971 7840
15896 15636
8074 7942
15903 15645
4164 4098
2038 2006
4084 4020
15919 15671
8065 7944
15914 15690
4137 4080
15857 15640
7949 7845
4021 3970
15892 15693
4184 4132
2232 2205
8071 7978
8087 7995
15826 15649
4172 4126
15811 15649
15844 15682
2216 2194
8060 7980
3957 3921
2209 2189
7906 7835
15927 15785
7936 7866
3972 3937
4054 4019
15854 15718
15809 15676
4118 4085
4156 4123
4038 4006
31542 31293
7984 7925
15891 15774
31520 31299
15861 15750
31514 31294
31493 31280
4154 4126
2097 2083
203 186
31538 31336
31494 31298
15898 15802
4002 3978
31467 31294
15755 15642
31466 31301
15926 15823
15793 15712
31468 31314
