1008485
70 18
98 81
2146 1973
163 73
196 176
2062 1970
155 19
2130 1983
40 18
113 14
188 56
78 27
166 134
63 25
188 58
145 113
2102 1995
178 88
193 163
180 153
196 27
197 173
184 18
174 119
102 57
156 107
190 140
160 135
164 48
176 15
140 28
161 22
153 93
86 48
83 63
2057 1971
106 62
192 51
166 40
141 57
40 18
128 86
150 63
170 64
92 51
189 136
4091 3920
2085 1999
2067 2028
7925 7822
4085 4020
4070 3913
15791 15645
4064 4000
2135 2057
7927 7818
15795 15635
15779 15641
4013 3937
3991 3931
15741 15652
7977 7816
31408 31264
2086 2034
7972 7852
2106 2045
2150 2085
4066 3970
2134 2057
2072 2002
7924 7834
15760 15657
31444 31328
15792 15680
8005 7858
31447 31264
7998 7933
3 2
41 28
38 32
93 80
121 112
113 106
135 129
159 153
200 196
92 91
2035 2020
2121 2106
4009 3994
31429 31319
31438 31330
15781 15728
31423 31320
3994 3982
15790 15746
7977 7955
31434 31348
15709 15671
7884 7865
62666 62518
62663 62536
3989 3981
2052 2048
31429 31369
15753 15723
15777 15747
7840 7826
62665 62560
15670 15645
173 55
125196 125004
62635 62535
7842 7830
7977 7966
15742 15727
90 91
