100016711
247 155
291 49
291 62
280 30
192 78
25613 25417
25633 25427
232 126
250 140
280 73
50078 49857
25586 25446
205 95
205 49
287 42
25615 25483
238 25
25706 25559
280 85
256 46
299 1
190 25
295 90
192 47
13409 13216
50110 49883
255 37
276 103
13411 13210
135 16
265 82
13371 13269
141 38
216 8
246 73
72 1
73 12
75 15
80 22
57 17
115 40
83 34
138 62
161 75
154 78
96 53
137 76
197 132
239 162
199 135
224 155
186 129
295 206
228 169
271 214
199 162
183 150
196 166
163 146
279 256
114 106
232 217
269 254
278 265
243 233
200 192
13356 13269
13500 13438
25713 25600
13281 13224
50099 49889
13361 13316
50000 49840
50048 49895
50102 49958
98936 98687
25522 25465
98894 98679
49948 49855
49993 49905
50113 50027
98899 98749
50070 49995
25484 25449
98925 98797
98861 98754
13364 13353
98939 98866
98942 98869
196535 196391
196488 196356
25566 25551
196565 196453
98797 98745
391881 391680
391820 391627
391869 391699
98848 98809
50069 50050
782476 782251
782336 782272
267 52
782517 782302
196566 196514
196506 196455
782496 782303
391921 391825
196533 196486
196531 196485
196583 196537
391918 391840
391911 391844
782493 782364
1563796 1563666
782382 782260
782483 782413
782501 782388
1563754 1563538
1563736 1563530
782353 782258
782509 782428
1563758 1563582
1563779 1563607
1563643 1563530
3126189 3126023
3126250 3126065
3126234 3126061
3126280 3126110
3126230 3126077
1563683 1563600
1563645 1563530
196590 196559
196436 196407
196395 196374
196590 196570
391732 391700
782457 782410
782410 782376
1563759 1563696
391788 391774
1563583 1563536
1563609 1563569
196610 196606
98702 98700
12501279 12501044
6251295 6251181
12501222 12501004
196429 196374
6251180 6251026
6251181 6251077
6251106 6251003
13299 13301
