99825787
69 3
259 13
174 9
247 36
232 43
265 58
232 54
241 64
286 88
218 90
265 126
163 79
149 75
207 110
198 110
114 70
233 155
269 204
174 142
270 231
132 114
219 191
300 265
207 188
236 231
195606 195384
195569 195415
390914 390682
195475 195367
195451 195346
390851 390662
195452 195368
195499 195421
195484 195415
781485 781263
781519 781298
390903 390793
781470 781279
390890 390803
195498 195460
390726 390651
781461 781315
1562790 1562538
781420 781327
390906 390861
248 40
390871 390836
3125281 3125006
1562636 1562505
3125251 3125005
1562711 1562595
3125229 3125008
3125254 3125073
1562592 1562502
1562639 1562555
781502 781478
6250257 6250070
3125277 3125190
1562581 1562538
1562692 1562650
3125270 3125194
6250256 6250105
781468 781392
6250252 6250113
195323 195322
3125172 3125133
781399 781391
3125144 3125118
781352 781347
1562699 1562691
3125266 3125274
1562750 1562747
234 234
390642 390642
781467 781515
195559 195592
2 291
1562648 1562668
3125223 3125265
390785 390792
390812 390820
3125144 3125230
1562605 1562650
1562655 1562708
781459 781487
1562679 1562743
3125131 3125291
390692 390715
1562677 1562783
781283 781338
781349 781412
195470 195490
781426 781510
781418 781549
781329 781492
195491 195544
390809 390922
195469 195538
195423 195514
390715 390907
390640 390846
390666 390875
195359 195496
195329 195520
195347 195584
265 283
160 199
103 131
213 277
65 85
189 260
198 296
101 171
126 247
47 122
109 300
54 267
37 191
31 168
24 245
17 248
7 181
3 179
1 276
