1011925
119 72
165 39
12091 11958
12112 11964
12103 11981
11121 11003
11146 11009
11149 11038
11163 11015
11170 11023
11129 11010
10681 10510
10653 10498
10657 10541
10666 10512
17997 17815
10638 10522
10615 10494
10639 10497
10417 10289
10438 10298
10426 10253
10395 10284
10425 10304
10444 10292
10444 10246
12090 11971
10283 10137
10299 10126
10311 10200
10298 10138
10279 10169
10266 10140
10284 10161
29 14
75 22
89 17
175 14
176 75
88 40
125 60
177 27
58 4
79 21
193 40
161 143
149 37
147 5
117 15
174 11
67 41
137 3
158 92
113 93
47 16
58 14
166 72
139 35
182 41
142 94
175 57
65 59
198 192
135 131
10373 10271
12153 12035
11123 11016
10652 10550
10646 10546
10254 10160
14054 13926
14035 13908
10613 10517
14100 13974
10656 10561
12141 12033
11083 10985
11092 10994
10418 10326
14100 13977
10397 10308
11088 10994
10279 10192
10443 10355
14029 13911
10615 10526
12136 12038
12111 12016
11107 11022
14030 13925
11113 11031
14075 13972
12044 11956
12125 12037
10614 10538
14008 13908
17961 17834
25803 25631
18009 17889
12079 12000
14097 14005
12079 12001
25798 25632
13997 13908
11071 11001
11075 11005
17937 17824
10567 10501
14093 14010
11049 10984
10240 10181
47 14
10237 10146
11137 11062
17943 17840
12092 12029
