99987626
88 1
31 1
58 3
90 5
87 5
81 5
90 7
66 6
42 4
73 8
55 7
13 2
97 16
37 7
67 13
96 19
52 11
29 7
78 19
86 22
54 14
75 20
90 30
80 27
97 34
100 36
75 27
69 25
57 22
82 32
97 38
99 40
86 35
54 22
68 28
87 36
89 40
40 18
72 35
78 38
75 37
75 37
62 31
57 29
79 42
97 55
97 55
85 50
98 58
97 58
57 35
71 44
92 59
52 34
41 27
47 31
56 38
53 37
90 63
60 42
88 62
50 37
82 61
4 3
90 68
91 69
97 75
89 69
95 74
95 74
93 73
75 59
82 65
93 74
97 79
62 51
98 83
64 55
57 49
87 1
80 69
100 87
16 14
58 51
70 62
68 61
49 45
77 71
28 26
71 66
31 29
31 29
19 18
31 30
80 79
89 88
3225098 3225006
3225091 3225009
3225094 3225012
3225087 3225015
3225081 3225016
3225092 3225029
3225100 3225043
3225080 3225025
3225082 3225029
3225074 3225025
3225075 3225026
65 56
3225099 3225053
3225099 3225051
3225097 3225050
3225095 3225051
3225100 3225086
3225092 3225053
3225073 3225040
3225083 3225057
3225089 3225064
3225083 3225067
3225100 3225088
3225094 3225081
3225071 3225059
3225089 3225080
3225088 3225080
23 23
3225096 3225099
3225075 3225079
88 100
3225082 3225093
3225074 3225087
59 69
3225072 3225096
57 58
65 67
69 72
63 66
83 87
68 72
53 58
83 92
85 95
66 74
76 86
75 85
33 38
78 90
58 67
31 36
67 80
40 48
38 48
74 94
48 62
75 98
53 70
67 92
71 98
33 47
47 68
58 88
58 89
41 64
28 44
57 90
43 68
31 50
44 71
52 86
33 55
52 87
39 66
32 56
35 62
40 75
24 45
47 90
20 40
24 48
14 29
43 90
22 47
32 77
36 87
26 70
23 64
3 10
24 86
8 29
17 62
21 78
10 38
14 54
17 67
22 89
21 87
8 38
13 63
19 93
17 86
10 57
16 95
2 13
9 70
4 32
8 73
3 41
7 97
5 97
1 37
2 85
1 47
1 74
