100021326
284 2
135 6
164 8
294 19
238 22
213 29
204 31
130 20
109 20
169 33
222 44
154 44
285 90
297 99
243 81
106 36
239 119
232 119
279 162
199 118
153 92
33 20
223 139
61 42
208 162
248 202
233 196
143 122
235 203
199 185
154 146
13484 13218
13500 13244
13439 13234
13469 13274
13504 13314
13432 13277
25692 25435
13383 13250
25706 25496
13357 13251
13358 13271
25608 25443
25659 25498
25682 25524
25713 25560
25615 25471
25664 25524
50109 49838
25604 25472
50113 49858
25583 25454
13338 13271
13295 13236
50118 49904
50112 49901
25603 25496
25674 25575
50078 49886
13379 13330
50041 49858
13282 13234
25679 25591
25665 25580
50082 49929
50123 49970
49978 49831
25487 25415
25551 25480
13452 13422
13333 13304
98938 98726
50103 49997
50002 49903
50093 49994
50045 49954
98900 98735
13434 13413
98821 98673
13398 13378
50032 49962
49894 49831
25495 25464
50065 50007
98809 98696
49940 49883
98913 98803
196554 196338
196510 196313
98921 98827
49924 49879
13362 13350
196551 196376
196583 196419
98865 98790
50099 50061
98874 98800
196607 196460
98868 98798
196528 196392
196520 196386
13247 13238
196609 196476
98846 98780
196515 196387
391881 391638
391906 391663
196439 196322
196439 196325
98713 98658
196539 196430
50003 49976
391903 391703
98835 98787
196518 196428
196557 196470
98868 98826
391819 391660
98880 98841
391831 391679
391877 391727
196555 196480
391917 391776
98754 98722
25664 25656
98901 98871
782487 782260
391816 391708
25429 25422
98824 98798
391722 391629
391889 391804
196407 196365
391854 391778
196560 196523
782425 782282
391724 391654
98866 98849
196504 196471
1563781 1563536
25578 25574
1563765 1563529
1563790 1563556
782427 782312
98742 98728
782456 782349
1563734 1563528
98875 98862
782493 782391
196348 196323
1563727 1563534
782441 782347
1563698 1563511
196586 196563
1563719 1563546
1563656 1563507
1563763 1563624
391845 391811
391849 391815
1563742 1563608
1563650 1563518
782516 782450
782508 782444
25659 25467
782385 782255
782490 782433
782485 782430
1563745 1563646
3126254 3126063
1563699 1563637
3126206 3126022
782488 782451
1563721 1563634
1563695 1563611
6251245 6251007
6251242 6251020
3126133 3126019
3126234 3126122
98868 98862
391650 391628
196356 196347
391907 391890
98796 98792
782386 782355
782331 782301
391765 391750
1563655 1563608
782521 782498
6251218 6251040
1563637 1563519
3126127 3126025
1563610 1563563
6251250 6251082
3126133 3126051
1563618 1563578
49927 49928
