1007214
110 47
32448 32335
195 69
32406 32275
163 67
167 101
157 15
35 6
126 90
195 5
118 47
32450 32322
115 29
152 18
83 57
198 168
125 103
151 94
143 47
96 47
140 61
124 67
114 97
136 35
53 3
64 12
69 35
84 55
178 54
185 18
151 33
184 41
152 108
65 9
200 43
169 51
90 64
116 76
88 57
53 8
32446 32344
32369 32258
32405 32281
162 30
172 25
62 40
139 100
32446 32284
164 131
145 11
53 24
32416 32295
151 6
32443 32308
176 101
32400 32254
192 175
32387 32283
32407 32272
86 47
32366 32259
88 8
32400 32254
32404 32292
32391 32273
115 100
17 9
73 65
129 126
111 110
32358 32257
32427 32326
32378 32279
32383 32284
32360 32263
63700 63514
63697 63513
63691 63510
63697 63516
195 119
32358 32257
32438 32349
169 174
