1050950
96 4
300 4
122 2
255 3
272 8
199 1
289 3
227 7
244 7
248 4
216 5
211 1
257 8
240 6
145 1
249 6
209 9
274 1
202 7
192 6
147 6
76 1
275 64
268 17
229 31
147 32
66 12
170 37
279 28
111 29
92 20
213 19
252 68
184 23
182 46
71 4
189 11
290 26
249 42
86 17
132 21
200 18
122 23
272 31
182 32
203 29
196 32
240 59
196 17
157 33
95 13
91 14
295 51
200 49
171 41
57 5
149 31
100 20
205 24
178 33
102 20
207 14
182 49
80 7
208 58
263 45
273 30
290 57
203 31
242 50
277 24
254 56
135 28
201 50
224 43
89 14
214 15
292 46
234 11
104 10
160 43
71 11
273 66
181 32
186 30
229 13
131 13
185 30
211 31
218 18
142 79
181 137
407 229
164 125
369 242
289 201
303 238
327 138
418 314
313 171
337 189
212 164
389 188
282 162
207 74
178 131
421 179
290 198
232 152
82 51
271 173
412 255
371 151
291 97
255 189
266 124
385 225
213 60
404 199
61 24
216 65
169 120
136 54
184 83
112 58
512 295
107 52
52 36
531 315
123 50
261 189
128 51
186 99
197 122
245 126
99 75
272 119
82 40
95 49
197 134
277 107
160 116
109 55
490 256
257 165
177 109
114 63
117 86
219 85
263 164
484 304
541 368
284 164
512 383
228 93
167 116
268 94
398 251
276 115
289 171
237 127
168 48
162 58
533 292
392 290
293 116
785 509
150 66
181 83
84 53
214 73
257 177
163 101
102 53
297 107
294 134
260 86
187 112
34 20
175 95
225 112
779 513
221 122
270 203
175 124
284 195
219 158
291 209
83 34
125 62
748 499
290 188
761 546
706 554
686 511
240 77
217 84
202 136
186 90
207 148
226 118
285 90
243 164
264 163
85 50
226 67
296 90
260 98
263 141
165 77
229 77
293 185
257 93
163 118
165 59
66 50
107 62
79 51
277 155
116 78
254 146
241 109
148 76
252 163
119 45
296 169
180 63
244 167
215 113
190 136
277 166
278 120
271 108
180 80
292 106
265 169
285 126
170 48
217 66
299 151
272 211
290 207
200 116
277 155
147 52
202 149
215 109
184 103
280 154
284 133
277 132
123 95
140 52
126 39
160 119
208 127
226 116
187 91
117 92
223 82
199 134
269 145
218 110
270 175
292 148
234 113
273 140
136 72
106 82
201 74
259 164
25 8
241 124
76 25
263 203
212 87
127 71
77 38
254 102
189 144
297 152
293 116
96 71
47 34
74 53
2011 1975
158 129
1205 1074
7959 7862
8044 7818
177 150
7972 7904
213 187
294 273
8063 7949
7986 7836
1110 1086
297 274
297 236
7992 7817
8067 7887
7982 7921
218 202
232 193
15878 15699
218 172
359 318
419 331
329 288
15859 15635
114 91
200 159
8007 7903
8014 7881
251 220
1047 1010
284 225
289 235
8068 7950
8091 7899
8109 7939
168 145
161 139
1261 1126
247 221
4204 4065
1193 1053
1217 1158
4093 4051
1235 981
15841 15689
128 112
126 103
4183 4134
192 174
15910 15665
497 406
1188 1059
4187 4002
1168 1007
4035 3910
486 387
387 355
4059 3922
4144 3992
15880 15701
275 222
4112 3970
459 416
1188 1046
345 308
4122 4079
4135 3961
529 420
272 221
731 595
4088 3950
213 184
1212 984
738 625
1220 1158
668 623
4114 3952
181 150
638 619
202 161
687 596
273 250
4062 3933
1202 995
2241 2184
1194 1109
2150 2054
720 592
15822 15641
249 213
627 528
2062 2011
711 576
740 696
270 244
2191 2074
2176 2061
292 238
15796 15665
15913 15739
189 162
1195 1066
2207 2043
747 706
2194 1965
639 533
2237 2164
15880 15758
2063 2040
290 253
1099 1035
2229 2175
1250 1113
2169 2144
632 593
2139 2012
596 512
2162 1984
2166 1955
2234 2065
92 74
177 142
2216 1968
24 16
39 31
98 86
34 31
93 85
165 151
28 26
227 214
276 261
117 111
206 197
46 44
265 254
121 116
291 280
296 285
272 262
382 368
185 179
134 130
584 571
214 210
189 186
385 379
263 259
610 601
2092 2072
2126 2107
4162 4131
15838 15724
1040 1033
15886 15781
7891 7840
31528 31332
31510 31316
15750 15656
3984 3961
31467 31297
3928 3908
31470 31312
31416 31268
2124 2114
15885 15816
62776 62512
31435 31306
7855 7823
31417 31299
1101 1080
31459 31345
62773 62561
31547 31441
59 2
15743 15651
15848 15795
62795 62592
