100010963
196 5
237 8
296 10
179 7
237 11
239 12
217 12
252 14
189 11
250 15
210 13
213 15
153 11
241 18
123 11
263 24
291 29
246 26
268 30
246 28
35 4
232 31
234 35
250 38
229 35
237 40
125 22
168 32
94 18
289 56
189 38
202 41
196 40
274 57
182 38
148 32
296 66
128 30
293 72
94 24
295 80
188 58
204 64
278 88
294 9
292 109
290 113
269 105
146 58
176 77
205 94
250 115
280 130
187 89
286 141
249 123
146 73
64 32
220 111
225 115
205 105
299 155
216 114
92 49
121 65
104 56
271 148
156 86
136 77
225 131
109 64
267 158
236 141
183 111
69 42
250 153
188 116
196 121
244 151
179 117
91 60
282 193
234 167
56 40
127 92
280 203
260 190
201 152
283 215
292 223
263 201
299 233
300 234
240 189
269 212
199 158
235 190
244 198
214 174
194 158
250 206
293 242
64 53
140 116
189 157
170 144
242 207
104 89
169 145
221 77
152 133
71 63
286 255
175 157
267 241
107 97
288 268
253 238
213 203
178 170
263 259
196600 196364
196550 196327
196569 196402
196561 196407
196559 196435
196506 196386
196433 196321
196594 196485
196467 196366
391907 391722
391917 391750
196558 196481
196578 196504
196552 196485
391905 391778
782519 782267
196509 196448
196469 196409
391774 391656
782483 782251
782508 782292
782527 782312
782510 782297
391888 391797
196606 196566
782544 782387
391755 391677
391839 391762
782498 782347
391834 391765
391875 391806
184 158
196530 196497
782501 782370
196441 196409
782400 782277
782481 782365
391758 391700
782426 782312
391884 391828
1563762 1563545
196357 196331
782446 782347
782532 782438
391894 391847
1563706 1563546
782548 782468
1563682 1563557
782403 782347
1563685 1563574
782426 782371
782504 782450
1563746 1563639
782388 782336
391802 391778
196354 196344
1563769 1563711
1563786 1563521
391725 391684
782377 782288
782336 782307
391871 391857
196599 196592
1563586 1563531
391820 391807
391887 391874
1563579 1563528
1563714 1563667
1563787 1563744
1563718 1563676
1563551 1563510
196349 196344
196597 196592
1563612 1563574
391879 391870
782542 782525
1563726 1563693
1563691 1563661
391804 391797
196599 196596
782374 782363
196494 196492
1563676 1563669
1563653 1563649
782277 782276
1563650 1563651
391848 391850
1563620 1563628
782385 782390
391662 391665
1563743 1563756
1563620 1563644
1563554 1563588
1563634 1563677
1563731 1563781
391646 391661
1563670 1563732
196426 196435
196408 196597
391826 391845
1563603 1563682
782269 782312
1563636 1563727
782469 782518
1563649 1563761
782359 782416
782368 782426
782314 782372
391869 391899
782454 782527
782352 782442
391647 391694
782449 782545
391660 391709
782359 782468
782376 782488
782403 782538
391645 391715
782370 782519
391637 391713
196379 196421
391726 391813
391727 391817
782331 782536
782315 782523
782256 782465
391772 391878
391681 391789
391737 391863
391660 391791
782274 782542
196508 196576
391705 391852
196428 196503
196399 196474
196413 196491
391724 391908
196408 196501
196369 196481
391656 391881
391667 391905
196428 196551
391666 391918
391637 391922
196367 196524
196359 196519
196346 196515
196398 196596
196343 196541
103 104
192 195
223 227
142 145
143 147
217 225
177 184
227 244
270 291
247 270
215 238
63 70
166 188
153 174
261 299
120 139
90 108
171 209
154 190
156 198
146 187
174 223
204 262
180 234
215 282
173 227
9 12
152 206
137 186
158 217
198 274
124 172
77 108
183 261
44 63
108 157
130 190
104 153
167 246
187 276
141 210
150 225
25 38
178 272
174 267
136 210
135 214
152 245
154 249
81 133
120 198
161 268
72 121
176 296
145 244
116 196
168 289
134 233
102 179
92 170
