1007999
12133 12060
25792 25676
149 97
128 10
103 60
199 93
17989 17821
198 143
184 32
196 187
17904 17815
182 2
17952 17843
184 51
66 1
161 148
17992 17897
17978 17830
180 133
180 91
78 6
14047 13983
150 34
17939 17820
163 140
14015 13909
159 53
38 21
104 38
110 15
192 152
14105 13913
175 55
128 65
17996 17872
14025 13943
14078 14014
17941 17832
14082 13991
17988 17820
12035 11955
12049 11959
17941 17847
14085 13934
17984 17880
14053 13955
25769 25637
14051 13955
12114 11994
14067 13927
12104 11996
25773 25656
12045 11959
12145 12041
14074 13925
14071 13947
25823 25633
25791 25651
14065 13991
12110 12002
25806 25666
12125 12053
12153 12054
25795 25633
14062 13921
12145 11988
41446 41279
25806 25694
14077 14020
12028 11980
17885 17814
25788 25686
12118 12071
41445 41286
17968 17854
25749 25635
12018 11967
13979 13926
17946 17878
17961 17894
187 188
