50025614
98 44
93 1
98 2
84 3
94 39
72 3
97 36
100 37
74 5
96 7
91 30
61 5
97 27
86 8
85 8
84 9
64 7
100 11
100 11
96 11
72 13
94 13
89 13
88 13
85 15
74 11
71 12
26 1
35 2
17 1
38 3
48 4
55 7
54 8
40 7
50 9
50 10
29 6
24 5
66 15
50 12
58 14
41 10
59 16
22 6
24 7
44 13
72 22
71 23
71 23
57 19
20 7
58 21
82 32
70 29
82 34
57 24
83 37
53 24
40 19
43 21
94 46
8 4
77 39
47 24
61 47
23 12
72 38
89 47
62 33
86 46
24 13
58 32
63 35
98 55
47 27
24 14
90 53
84 50
62 37
97 58
45 27
44 27
97 60
37 23
22 14
61 39
86 55
84 54
69 45
26 17
67 44
77 51
92 61
57 38
66 44
49 33
78 53
22 15
60 41
61 42
77 54
97 70
87 63
41 30
62 46
59 44
79 59
40 30
93 70
95 72
90 69
65 50
89 1
61 47
96 74
22 17
68 53
50 39
47 37
30 24
80 64
80 64
99 80
90 73
17 14
57 47
88 73
99 83
63 53
96 81
89 76
50 43
97 84
97 84
53 46
99 86
100 87
47 41
63 55
32 28
9 8
36 32
70 63
85 77
57 52
96 89
100 93
98 92
69 65
37 35
78 75
29 28
65 63
69 67
72 70
57 56
63 62
67 66
76 39
50010100 50010004
99 99
33 35
25 25
73 73
61 61
86 86
98 99
51 52
33 34
82 85
68 72
32 71
32 34
83 89
82 89
89 97
28 31
51 57
64 72
87 98
28 32
49 57
18 21
57 69
65 79
40 49
44 54
52 64
80 99
58 72
57 73
17 22
39 51
76 100
58 77
15 20
74 100
41 57
68 95
60 84
59 83
58 82
58 82
57 81
50 72
52 76
21 31
62 93
58 87
64 97
43 66
62 96
54 84
58 93
46 74
45 73
16 26
51 84
9 15
58 98
42 71
33 56
33 57
16 28
32 56
33 58
21 38
38 69
31 58
30 58
48 94
42 84
38 77
43 91
19 41
37 82
26 59
7 16
23 53
17 40
39 92
33 78
33 82
18 45
39 98
27 68
19 49
22 57
36 95
36 99
26 73
32 90
28 80
23 68
25 74
33 100
32 98
28 90
26 84
11 36
27 91
29 99
28 96
24 84
12 42
23 84
21 77
23 86
16 60
18 68
21 80
26 100
14 55
18 71
22 99
13 61
14 73
16 84
13 69
6 32
18 96
17 95
14 79
11 63
15 87
11 82
11 85
3 25
8 78
6 63
4 44
8 90
3 38
7 93
4 58
2 44
1 62
1 70
1 95
1 95
