10000018335
291 4
183 8
279 23
274 27
117 15
288 40
148 22
221 39
232 43
250 54
53 12
251 59
267 65
263 69
92 25
61 17
177 51
163 47
281 82
174 51
252 78
133 46
278 103
263 101
119 47
300 119
87 37
252 129
187 99
122 67
228 127
249 141
192 109
265 151
191 113
15 9
207 125
156 96
199 126
280 179
295 200
283 198
122 89
289 211
150 112
181 137
223 170
112 87
206 163
268 213
299 241
234 191
278 228
246 206
299 253
243 209
148 129
189 166
253 225
249 231
297 284
1076571 1076294
1076591 1076365
1305418 1305200
1152802 1152627
1076566 1076410
1610587 1610372
1610599 1610433
1305346 1305213
2220983 2220777
1305368 1305250
1152860 1152759
2220931 2220737
1610548 1610409
1610582 1610458
79125281 79125111
79125265 79125035
1152883 1152812
40062770 40062640
3441631 3441444
3441677 3441494
40062712 40062580
40062726 40062585
5883108 5882822
2220811 2220706
3441607 3441449
2220886 2220794
20531352 20531267
3441567 3441427
2220914 2220833
5883052 5882866
40062741 40062560
20531404 20531298
3441540 3441442
3441585 3441487
20531549 20531410
20531484 20531342
20531421 20531251
3441577 3441492
10765918 10765671
10765829 10765736
20531510 20531319
10765833 10765723
10765808 10765695
10765847 10765642
20531520 20531300
20531495 20531268
10765858 10765729
5882950 5882848
79125233 79125119
157250299 157250073
79125120 79125010
79125111 79125006
157250259 157250120
626000181 626000009
313500232 313500095
313500151 313500016
626000277 626000020
313500178 313500056
626000260 626000028
313500267 313500102
313500289 313500072
79125279 79125140
79125137 79125012
313500254 313500034
92 75
1152759 1152689
1152722 1152664
1076585 1076532
1076578 1076534
1152696 1152661
2220981 2220917
2220919 2220859
1076413 1076384
1152780 1152750
1076562 1076538
1610420 1610386
1305401 1305375
2220830 2220787
1610576 1610546
2220925 2220884
1152660 1152639
2220878 2220843
1152800 1152782
1152694 1152679
1610525 1610511
5883091 5883054
3441639 3441619
10765689 10765641
20531382 20531310
5883008 5882995
20531529 20531488
10765837 10765818
40062751 40062690
10765856 10765847
79125102 79125039
79125192 79125133
20531424 20531409
313500179 313500069
157250094 157250054
157250264 157250224
157250033 157250004
626000163 626000056
79125225 79125213
2220954 2220787
1251000285 1251000059
1251000282 1251000105
313500036 313500016
157250096 157250090
40062676 40062675
40062769 40062772
10765746 10765749
5882835 5882848
5882821 5882839
1076469 1076473
1610433 1610439
1305439 1305448
1076465 1076474
1305293 1305306
1076385 1076401
1152803 1152829
