1023739
15808 15724
15714 15636
152 92
175 114
60 49
49 27
165 50
171 6
150 132
195 68
167 72
130 105
141 103
199 93
165 40
33 8
81 52
176 32
35 22
169 127
63 9
196 42
157 101
106 84
195 153
151 101
148 97
138 56
170 159
149 72
69 6
15757 15660
191 139
190 21
68 17
15763 15656
176 117
145 28
143 134
119 107
195 17
111 56
73 60
161 68
190 3
168 152
70 18
133 75
183 75
82 38
166 17
108 41
82 5
155 56
180 112
163 113
135 75
87 5
110 15
120 36
167 104
146 134
167 60
189 28
110 54
141 7
88 75
177 67
135 48
200 108
186 124
59 25
179 123
136 47
62 51
161 84
122 82
15821 15736
106 46
172 24
137 105
155 118
99 74
42 25
192 141
15820 15664
198 98
146 36
115 14
179 20
197 48
35 16
124 49
110 36
265 141
294 141
252 127
204 160
320 269
283 212
15804 15682
321 165
274 132
256 170
280 225
293 141
233 165
215 130
208 140
255 205
301 203
251 180
249 208
316 157
315 137
311 195
311 185
276 242
218 158
15773 15643
289 177
316 207
160 124
307 198
301 220
196 173
304 166
8000 7893
427 351
385 249
442 419
363 296
429 311
397 246
363 320
396 347
403 293
410 318
386 336
295 260
439 314
7970 7860
441 258
387 300
400 377
414 272
383 258
345 332
338 324
7972 7859
384 371
389 332
420 392
399 301
433 281
402 369
350 279
404 362
529 491
687 625
657 602
646 604
653 539
645 556
628 545
674 640
650 610
521 507
658 593
660 542
634 503
646 609
7975 7860
663 641
654 511
629 495
611 560
685 650
669 590
8002 7884
611 600
664 586
681 601
592 532
654 624
7955 7904
1109 1086
1024 1010
1065 991
8009 7844
1111 1039
7996 7925
1176 1148
1150 1070
1118 1001
1053 1015
1109 1029
1056 1044
1159 1117
1173 1026
1122 1009
1101 1070
1033 1016
1056 1030
1140 1001
1045 1020
1176 1107
1106 1090
1136 1090
1143 1047
1067 995
2095 2019
2109 1959
2127 1957
2112 2002
2112 2012
1981 1959
2133 2032
15820 15649
2012 1989
2098 2007
2086 1958
2125 2014
2132 2103
2100 1958
2146 2086
2021 1957
2067 2012
7949 7833
2146 2081
2140 2028
2125 2065
2153 2112
2081 2056
8007 7886
2111 1965
2140 1962
2116 2060
2072 1984
2033 1984
2114 2091
4040 3964
3944 3916
4087 4019
4051 4018
4011 3987
3984 3956
3943 3911
3996 3949
4066 3973
3988 3957
3950 3920
4053 3995
4049 3941
4084 3974
3960 3924
4070 4022
3949 3919
4050 3943
4052 3933
4049 4001
4057 4019
4048 3919
4055 4015
4080 4003
4049 3957
4058 3968
7942 7889
8002 7857
7981 7867
8001 7822
8004 7854
8004 7935
7993 7925
7986 7833
7946 7890
7919 7865
7978 7888
8010 7963
7972 7874
8006 7931
7927 7859
55 50
169 164
196 191
167 164
587 577
118 116
589 580
361 356
223 220
1074 1063
405 401
226 224
1016 1008
1981 1970
1980 1970
2041 2031
7917 7881
31402 31262
31449 31322
7946 7914
15706 15643
31443 31318
15748 15689
15712 15654
31449 31335
31426 31314
15734 15678
4013 3999
31397 31290
31398 31295
31403 31302
124 1
31388 31284
7915 7830
31395 31295
31369 31270
78 78
225 225
