983203
108 6
115 9
199 17
189 17
183 18
147 18
165 22
167 29
176 31
167 30
100 19
175 35
88 20
89 21
106 26
138 37
33 9
199 55
61 18
172 51
33 11
61 21
199 75
110 42
164 1
116 50
34 16
106 54
161 94
100 62
178 114
128 82
169 110
188 125
24 16
33 23
151 110
96 72
191 153
165 134
114 98
117 101
63 55
183 165
159 145
49 48
31437 31269
31437 31272
31438 31290
31459 31312
31459 31326
31424 31295
31439 31317
78 32
31445 31326
31450 31331
31458 31456
31431 31314
31429 31342
31456 31378
31454 31377
31450 31374
31436 31362
31443 31372
31432 31363
31442 31380
31446 31390
31455 31439
31450 31402
31439 31405
31449 31419
31434 31426
31457 31451
63 63
31456 31458
31433 31438
31442 31448
31441 31454
31440 31457
169 200
67 159
115 119
141 146
22 23
144 174
147 186
144 191
147 200
117 160
108 164
93 155
79 133
90 152
53 90
67 119
94 167
96 171
39 76
19 38
80 188
57 142
61 180
38 129
52 179
41 163
42 176
32 187
24 168
21 157
20 159
13 142
