100010871
46 1
40 1
36 1
29 1
79 3
75 3
100 5
70 4
35 2
66 4
96 6
60 4
69 5
69 5
92 8
74 7
80 8
96 10
26 3
73 9
97 12
30 4
87 12
86 14
56 11
44 9
83 17
84 18
9 2
36 8
68 16
25 6
33 8
4 1
24 6
95 24
71 18
83 23
36 10
75 21
60 17
91 26
94 27
90 26
74 25
97 33
71 25
98 35
67 24
41 15
54 20
52 21
83 35
90 38
82 35
45 21
96 46
93 46
100 50
57 30
100 53
98 52
39 21
35 20
90 53
83 50
89 54
72 45
62 39
97 62
92 59
85 55
29 19
77 52
96 65
51 35
99 69
85 60
31 22
81 58
18 13
99 72
30 22
49 36
74 55
52 39
63 48
9 7
56 44
56 44
61 49
93 76
74 61
84 73
93 81
58 52
60 55
13 12
60 56
86 81
98 93
50 48
88 85
98732 98718
45 18
98703 98689
196379 196349
196409 196375
391717 391648
391708 391635
13279 13216
13293 13231
13296 13236
13268 13209
13262 13209
13300 13250
25513 25420
13252 13210
13249 13208
25502 25428
13267 13229
25500 25432
25494 25434
25495 25436
13241 13211
13285 13256
25495 25440
25486 25433
25481 25432
13291 13268
25459 25418
25478 25438
13242 13222
13288 13268
49911 49837
49900 49829
25508 25473
49917 49850
49901 49836
49916 49852
25455 25425
25466 25438
25480 25455
49917 49871
25506 25483
98749 98666
391713 391639
49891 49851
49911 49873
98741 98722
49869 49832
25453 25436
196399 196360
196387 196348
49871 49843
98739 98685
49871 49844
98728 98676
49861 49835
49890 49865
49898 49874
98703 98658
49892 49870
49912 49890
391719 391635
196408 196325
196401 196321
391712 391628
196391 196318
196387 196316
49916 49898
98690 98657
98699 98667
49874 49858
98715 98685
98742 98713
98730 98702
196391 196338
49912 49899
196412 196361
98742 98718
391722 391627
196381 196337
3126100 3126043
1563587 1563557
3126079 3126012
782335 782307
782350 782322
1563554 1563520
1563582 1563533
1563581 1563533
782283 782259
1563540 1563506
1563538 1563504
1563549 1563502
1563547 1563502
782348 782326
1563595 1563554
3126084 3126003
3126073 3126003
3126098 3126025
782313 782285
391690 391637
391680 391628
1563574 1563517
391696 391649
391674 391629
782345 782257
782349 782261
782343 782266
391669 391631
391678 391640
782326 782251
782336 782264
391698 391665
782335 782270
782338 782273
196352 196336
196368 196352
1563597 1563539
782310 782280
782321 782289
391675 391645
196397 196382
196404 196389
391667 391638
391695 391667
1563598 1563531
782321 782266
782335 782281
782302 782251
782343 782292
391695 391670
391682 391658
782334 782300
782317 782272
782337 782293
1563596 1563514
1563586 1563506
782300 782260
782298 782260
391657 391638
391676 391658
3126099 3126022
3126079 3126003
3126084 3126008
1563535 1563505
3126090 3126028
32 31
100 98
52 51
61 60
95 94
13256 13245
13265 13255
13257 13249
13275 13267
25464 25453
13215 13210
49893 49882
49923 49913
25474 25469
25514 25509
49840 49831
49855 49846
49893 49884
98714 98701
98736 98728
25460 25458
25470 25468
196345 196331
98670 98664
98672 98668
391696 391682
196345 196339
98670 98667
196326 196321
196405 196400
391670 391661
49880 49879
782272 782259
782297 782284
782307 782295
1563559 1563537
1563597 1563576
3126051 3126013
90 87
3126079 3126042
782348 782341
391686 391682
98748 98747
782312 782305
391673 391673
49868 49868
21 21
5 5
25511 25513
13276 13278
70 71
66 67
