96929813
277 2
118 2
260 2
277 12
225 16
141 11
147 12
273 37
216 31
297 45
236 37
89 16
229 57
155 42
202 55
282 87
244 87
174 65
254 99
194 77
172 72
139 59
203 89
48 24
175 88
109 56
128 69
201 113
183 108
237 142
277 168
288 175
153 93
270 178
182 121
243 167
295 7
170 119
292 207
58 42
121 88
234 172
227 170
24 18
250 191
46 38
194 161
293 246
292 249
108 95
177 159
279 252
211 191
259 235
28 26
162 152
134 127
274 260
38 37
3126285 3126028
3126235 3126010
3126264 3126039
3126222 3126004
3126221 3126037
3126299 3126131
3126219 3126068
3126287 3126162
260 180
3126167 3126009
3126277 3126159
3126198 3126089
3126299 3126212
3126159 3126081
3126187 3126116
3126253 3126193
3126208 3126159
3126242 3126193
3126265 3126218
3126289 3126257
3126168 3126146
3126198 3126186
3126270 3126259
3126281 3126287
3126205 3126213
3126264 3126274
239 289
3126209 3126240
3126198 3126245
3126206 3126255
3126172 3126222
3126245 3126296
3126172 3126275
105 111
82 88
216 233
203 224
59 69
235 275
70 84
143 184
88 116
205 271
202 270
78 110
44 63
152 224
190 282
159 238
60 97
129 212
142 234
76 129
151 261
98 175
23 42
100 188
9 18
117 237
96 202
67 143
6 13
93 205
33 74
126 288
86 208
72 176
113 277
114 280
71 190
32 95
59 198
12 41
66 232
64 231
31 112
21 81
44 192
36 172
51 271
33 190
42 267
34 222
17 127
37 293
28 273
21 267
18 231
6 117
11 244
8 218
2 63
