519363
234 111
147 22
276 15
204 15
272 114
266 24
228 21
190 75
148 18
176 26
200 32
275 49
222 44
261 55
298 77
229 86
245 74
267 99
230 81
40 3
68 7
147 44
244 8
52 21
188 85
139 67
34 18
198 108
217 123
186 112
257 155
184 119
192 135
175 124
176 125
57 41
137 99
226 166
222 164
120 90
292 222
283 234
268 225
260 221
271 231
298 256
204 179
269 239
146 130
124 111
111 105
74 71
113 39
501300 501095
270 294
190 192
155 156
100 102
171 175
218 229
255 273
225 245
255 284
230 258
226 255
207 235
211 241
169 206
186 231
215 273
117 153
174 231
37 50
197 268
203 277
138 190
125 175
112 157
196 275
100 141
185 261
123 174
166 238
69 99
193 277
163 268
57 95
92 154
167 286
148 265
113 220
127 259
66 141
117 261
17 39
80 191
105 257
101 251
118 299
70 181
37 96
84 221
79 217
50 169
21 74
33 122
77 285
20 78
65 255
70 290
32 138
43 236
50 283
37 263
29 274
12 121
7 120
6 111
10 198
1 109
1 145
