1008509
88 1
69 1
75 2
100 3
39 2
86 5
62 4
91 6
50 4
96 8
97 10
84 9
90 11
47 7
54 9
64 11
73 13
32 6
71 16
44 10
88 21
87 22
68 18
71 20
46 13
90 27
91 29
61 20
95 32
74 25
98 34
74 26
14 5
22 8
37 14
37 14
5 2
97 39
56 23
24 10
73 32
74 35
39 19
78 39
83 43
84 45
80 43
64 35
81 46
68 39
86 51
99 59
43 26
60 37
50 31
90 56
96 60
48 30
95 61
43 28
89 58
84 55
90 59
92 62
71 48
66 45
79 57
70 51
61 45
69 52
34 26
91 70
80 62
75 60
89 72
77 65
97 82
78 66
64 55
52 45
89 78
91 80
73 65
2047 1962
2049 1964
2031 1955
2029 1957
2045 1974
2034 1965
2053 1985
2033 1968
2047 1986
2029 1969
2037 1980
2014 1962
2015 1965
2052 2002
2008 1960
2042 1994
2047 2002
2004 1960
3995 3909
3990 3923
1997 1964
2040 2007
4006 3942
2010 1978
3980 3917
2004 1973
2030 1999
1989 1959
3966 3909
3959 3907
3967 3916
2023 1998
15724 15653
15719 15639
7911 7819
3970 3924
3960 3917
3974 3931
15717 15633
7872 7823
3975 3935
7910 7858
7910 7834
7888 7813
7894 7841
7910 7856
7888 7818
7901 7844
15721 15655
50 20
2043 2021
1977 1957
3962 3923
3985 3949
3990 3954
2025 2008
2045 2028
2013 1997
3989 3958
3944 3914
1988 1973
3991 3963
1997 1983
2016 2002
3935 3908
3933 3907
3990 3964
2038 2025
3998 3973
7875 7828
2031 2019
7893 7849
7868 7826
7895 7853
3988 3967
7864 7824
7894 7854
7882 7843
7896 7858
7882 7845
3929 3911
3994 3976
7876 7842
7852 7820
1977 1969
1983 1975
15702 15640
7891 7861
15698 15641
15699 15642
7891 7863
15713 15660
15718 15668
15720 15671
7857 7833
3937 3925
1975 1969
1992 1968
15697 15650
3929 3908
15690 15645
7845 7823
15700 15657
7840 7819
15677 15637
15681 15641
15670 15631
15671 15632
15720 15683
15665 15629
7833 7815
15710 15674
31331 31261
15668 15633
15685 15650
31350 31282
31340 31273
15663 15630
31347 31283
15704 15672
3939 3931
31317 31251
15663 15628
31322 31261
31313 31257
