9999949498
214 8
287 13
299 17
298 19
226 22
159 24
265 54
199 45
283 78
190 63
263 107
32 15
248 126
85 46
300 165
97 55
121 89
243 116
255 201
294 252
214 188
149 135
183 170
280 265
291 288
76581 76380
76492 76353
76548 76465
76511 76434
305439 305202
152858 152753
305366 305216
152802 152754
610635 610456
305344 305271
610638 610494
305236 305179
1220991 1220768
610519 610412
305427 305393
1220989 1220873
305450 305423
610428 610376
2441628 2441427
1220976 1220876
305263 305243
2441697 2441562
1220853 1220792
4883108 4882901
214 168
4883026 4882873
2441650 2441599
2441599 2441551
9765877 9765719
4883028 4882979
9765752 9765670
19531437 19531280
19531494 19531338
39062758 39062577
39062695 39062553
4882991 4882976
78125266 78125038
39062625 39062524
78125225 78125033
78125213 78125042
78125275 78125164
39062756 39062724
156250160 156250050
312500220 312500064
312500198 312500046
312500160 312500028
625000285 625000039
39062574 39062559
625000247 625000017
312500182 312500072
625000254 625000092
312500096 312500019
78125230 78125211
625000180 625000066
39062762 39062757
156250090 156250073
2441486 2441408
625000217 625000174
312500109 312500198
78125040 78125034
1250000265 1250000262
39062603 39062603
156250119 156250121
625000076 625000093
4883024 4883025
312500071 312500142
156250051 156250128
156250110 156250189
156250153 156250262
312500057 312500294
156250130 156250249
156250083 156250209
39062612 39062647
78125161 78125242
19531413 19531434
9765758 9765770
4882876 4882882
19531262 19531288
9765705 9765719
610428 610429
9765715 9765732
4883023 4883036
9765879 9765905
78125009 78125232
19531438 19531523
9765790 9765841
19531328 19531490
2441615 2441636
19531265 19531437
9765710 9765823
19531274 19531541
610479 610488
2441486 2441532
1220805 1220833
610495 610510
76584 76586
2441432 2441524
4882835 4883043
1220889 1220948
1220810 1220896
305352 305379
152745 152759
1220780 1220923
152802 152820
610424 610599
152662 152741
305276 305473
152742 152854
76317 76382
152653 152834
76469 76564
76417 76528
152642 152867
152598 152848
76318 76526
258 277
147 184
227 285
145 198
157 216
135 188
136 225
119 208
78 142
31 57
72 160
120 300
3 10
76 267
43 177
37 202
35 289
22 294
14 297
2 151
1 172
