1024868
233 101
215 149
123 61
249 24
221 161
81 11
61 11
290 29
268 13
63 10
299 57
288 169
176 122
255 75
265 170
255 142
128 79
246 76
199 112
242 139
158 68
78 17
184 112
243 136
60 12
235 143
240 119
249 67
186 71
224 153
293 119
156 93
132 15
274 113
262 113
258 185
81 6
209 85
256 169
287 11
238 67
140 34
237 18
231 136
47 14
143 104
259 16
83 45
299 78
255 43
261 19
284 49
144 70
37 2
150 99
109 71
127 15
258 114
102 30
259 188
279 202
290 80
205 87
231 96
246 115
210 70
170 93
237 98
231 154
99 51
46 4
243 118
191 115
61 40
167 111
240 111
282 156
213 99
268 47
298 204
156 97
99 4
110 37
70 22
265 88
272 119
168 22
260 49
233 15
278 142
188 30
252 111
189 116
237 58
215 102
126 79
275 112
69 7
250 18
82 60
154 71
178 79
79 33
211 95
294 34
243 16
187 32
216 119
180 17
192 48
241 15
186 121
295 176
9089 8886
3224 3059
197 148
1287 1209
1360 1263
1378 1215
3092 2997
1368 1155
202 176
1415 1156
1403 1180
1369 1219
295 259
1324 1253
291 238
1466 1392
155 120
1397 1294
265 229
1536 1327
266 223
1434 1264
237 184
1520 1442
1538 1497
276 251
1532 1365
5174 5027
3252 3036
1484 1340
236 181
3231 2985
1751 1523
1719 1619
5189 4963
1651 1586
3081 3006
1705 1547
1707 1632
1770 1648
283 259
2239 1980
278 205
168 146
169 137
2236 2173
2137 2040
2175 1983
2217 2107
2249 1982
227 170
2265 1990
2166 2110
163 135
172 141
2276 2120
2090 2036
3209 3160
2270 2222
9070 8909
8995 8853
16906 16694
3234 3178
8924 8815
5183 5122
5058 5004
16857 16732
8914 8826
9077 8995
16813 16657
16800 16632
16912 16781
32545 32362
2192 2154
5160 5062
1747 1716
1657 1619
53 35
26 20
62 49
69 58
85 72
81 70
140 125
47 42
138 124
160 145
231 210
243 231
171 163
274 264
248 239
252 246
172 168
1376 1354
1461 1443
1787 1766
1588 1570
3230 3201
1640 1626
5145 5103
3031 3008
4959 4922
299 297
2147 2135
3067 3051
32498 32344
32503 32352
32485 32335
32487 32337
3158 3144
1407 1401
4954 4934
9062 9027
63748 63538
16729 16677
9038 9011
32416 32320
32376 32293
9041 9019
16754 16716
126281 126014
63709 63509
32381 32255
63745 63563
290 204
63683 63550
4989 4979
247 248
264 267
