1047939
4138 3926
107 26
270 149
89 37
144 36
284 210
279 114
176 29
194 8
39 14
298 77
148 131
200 102
235 6
259 104
92 24
97 52
195 149
88 33
106 56
107 89
89 83
131 11
57 32
252 210
157 116
182 143
241 9
163 91
263 189
260 198
154 72
156 15
219 76
291 244
154 16
297 39
248 112
166 70
68 64
157 122
266 43
98 36
224 38
135 76
212 52
211 117
173 67
190 97
90 79
256 69
220 171
171 75
159 21
306 69
275 184
176 151
210 56
237 193
183 99
262 92
272 235
274 54
285 97
254 204
160 81
34 32
166 50
285 147
312 153
259 188
150 20
212 127
178 146
246 155
251 89
286 58
200 125
316 143
256 58
71 54
131 36
232 177
199 102
320 290
285 61
285 177
239 48
260 216
293 76
212 61
263 74
277 132
216 198
272 122
153 37
292 87
92 18
120 93
245 195
171 115
102 63
158 128
288 174
163 86
130 52
280 259
267 174
100 69
212 97
149 53
254 180
262 65
267 213
185 60
182 127
219 136
180 130
312 253
157 81
157 47
219 78
299 211
271 89
318 157
308 176
338 154
331 134
151 71
65 28
209 42
315 129
225 69
326 207
294 120
232 157
176 151
156 132
260 187
325 103
266 54
262 231
217 54
119 58
216 186
316 278
90 79
272 147
114 65
254 191
294 56
81 54
306 257
215 194
135 35
301 43
126 50
326 301
293 44
183 20
268 254
285 212
241 169
199 66
275 205
116 93
92 51
302 129
282 45
174 85
354 275
234 102
99 84
258 135
214 79
96 91
189 122
206 49
193 84
369 300
126 97
289 267
217 98
226 118
242 113
363 74
278 74
159 87
296 242
299 220
199 73
149 127
318 82
122 88
317 180
241 68
212 193
254 74
317 152
288 130
262 201
295 88
342 284
396 287
301 147
109 94
411 253
423 361
397 220
226 128
423 311
221 163
289 199
111 54
327 297
421 255
403 263
149 7
80 75
404 144
379 239
357 186
171 156
335 214
431 334
337 259
414 311
316 159
358 191
364 318
419 178
235 216
353 272
155 133
156 147
344 172
363 276
531 488
532 290
39 10
443 393
446 273
385 306
210 105
411 280
518 481
151 99
157 92
491 300
545 270
508 434
394 365
548 365
264 17
547 293
494 298
476 266
337 310
446 372
444 306
535 279
470 316
268 1
497 260
532 374
433 287
530 410
267 92
529 439
181 160
553 475
241 224
698 520
652 557
709 586
127 11
752 579
709 669
234 125
752 656
258 27
712 641
731 685
644 551
692 655
762 582
700 655
532 505
794 619
662 532
712 569
761 619
757 647
239 6
156 112
758 672
196 121
670 605
213 18
740 603
774 731
1181 1004
1278 1177
1149 988
1198 1042
1271 1101
1143 1065
1179 1003
1081 999
1218 1096
1274 1062
1100 1006
1275 1089
1160 1086
2261 2114
2131 2023
2123 2010
2147 1967
2198 2070
2168 2041
2200 2061
2236 2045
2252 2027
2204 2061
2235 2055
2156 1971
2245 2030
2229 2030
2099 1977
4201 3963
4203 3982
4212 3920
4212 3987
8030 7847
1062 1036
2231 2190
2104 2054
413 400
2238 2174
2235 2183
2113 2056
516 492
8042 7879
4133 3967
2166 2073
245 236
4156 4043
4078 4003
4121 4009
4161 3996
2100 1998
4199 4057
2106 2054
2256 2196
8046 7864
4147 3962
4155 3971
1253 1217
8049 7840
4155 3974
8107 7850
1102 1065
520 510
371 354
4082 4000
746 729
4104 3936
1029 992
4098 4023
4214 4034
1133 1079
4183 4091
722 697
8107 7863
4213 4123
1265 1223
2133 2031
2117 2075
4142 4047
304 294
4190 4008
4146 3947
1215 1173
8048 7977
8024 7956
31559 31272
15869 15681
31440 31279
4010 3958
31533 31383
8002 7937
4192 4149
8100 7968
15768 15660
31493 31339
8061 7919
31513 31321
2145 2112
15917 15798
15877 15752
8015 7890
7974 7879
8010 7878
7942 7864
31516 31295
7983 7924
15892 15647
15906 15765
15897 15675
15865 15720
207 199
263 256
273 267
160 157
352 346
262 258
1168 1151
2001 1972
604 596
635 627
562 555
250 247
336 332
2069 2050
681 675
4204 4170
4134 4102
536 532
4092 4062
4055 4026
2206 2192
2256 2242
8001 7957
7913 7871
7935 7895
4170 4149
4072 4052
4202 4182
31454 31314
15753 15685
235 234
15816 15749
15706 15640
31419 31293
219 17
62788 62513
31393 31269
15769 15708
7945 7917
31421 31310
59 60
