100030145
298 5
290 13
284 9
209 3
193 3
192 4
108 3
243 9
75 3
230 10
147 7
139 7
277 14
194 10
163 11
150 11
264 20
117 9
128 10
239 19
22 2
41 4
138 14
177 18
231 24
122 13
241 27
193 24
199 25
158 20
284 36
241 32
140 19
181 25
157 22
259 39
260 40
245 40
224 37
221 37
250 42
174 30
132 23
206 36
193 34
226 40
158 28
128 23
166 30
288 54
295 57
87 17
198 39
132 26
300 41
224 45
272 55
34 7
281 58
217 47
157 35
210 47
279 63
291 66
163 37
210 49
110 26
180 43
206 50
230 56
173 43
241 61
223 57
262 70
257 70
132 36
288 79
171 47
234 65
102 29
287 84
297 87
263 79
233 70
170 52
26 8
67 21
283 89
197 63
145 47
205 67
212 70
233 77
272 90
226 76
158 54
296 104
262 94
172 62
275 100
280 103
151 57
88 34
222 86
232 90
265 103
118 47
215 86
295 119
258 105
250 102
221 91
142 59
284 119
262 112
98 42
265 53
132 57
240 105
249 112
171 77
202 92
294 135
154 71
140 65
273 128
285 134
236 111
92 44
255 122
263 126
296 142
108 52
191 95
247 123
182 91
178 90
136 69
173 88
206 105
207 106
290 149
276 142
283 146
296 153
299 155
54 28
225 118
143 75
206 109
98 52
84 45
140 75
95 51
186 100
217 118
178 97
144 79
138 76
257 143
292 165
242 137
231 131
300 171
112 64
101 58
235 136
58 34
209 123
242 143
242 143
290 173
134 80
65 39
239 144
151 91
254 154
253 154
177 109
140 87
241 150
16 10
148 93
255 162
154 99
51 33
264 172
101 66
235 154
176 116
68 45
140 93
146 97
151 101
263 177
151 102
254 172
171 116
225 153
76 52
112 78
170 119
258 183
241 171
104 75
240 174
130 95
60 44
214 157
113 83
257 189
262 194
266 198
224 168
273 206
290 219
284 216
117 89
198 154
126 98
107 84
185 147
257 207
186 150
276 223
126 102
191 156
282 231
175 145
191 159
121 101
169 142
260 219
256 216
275 233
236 200
268 228
249 212
101 86
269 231
258 222
282 244
299 259
249 216
216 188
121 106
298 263
52 46
53 47
194 174
270 243
171 155
139 126
200 182
239 218
94 86
288 264
172 158
222 204
267 246
284 263
178 166
125 117
300 282
168 158
283 267
161 152
163 154
111 105
216 205
214 204
67 64
117 112
189 181
191 183
60 58
253 246
299 292
240 235
75 74
228 226
151 150
10006382 10006126
10390916 10390672
10781513 10781266
10003283 10003054
274 118
10001056 10000790
11562774 11562515
292 296
10781494 10781266
10195550 10195336
16250261 16250021
45 45
273 273
91 91
14 14
200 203
