1005875
98 5
120 7
136 10
34 3
132 12
125 15
120 15
200 27
48 7
157 23
196 29
193 34
188 35
200 41
104 24
175 41
173 47
157 44
59 17
170 49
180 52
136 40
195 59
111 36
76 25
65 23
110 44
89 37
57 24
173 78
159 75
197 99
75 40
83 45
46 25
110 62
84 49
160 94
29 18
129 81
67 43
66 44
195 131
143 99
164 114
98 69
123 88
104 75
52 43
152 128
135 119
185 166
165 149
148 136
94 88
141 132
64 60
67 64
41445 41271
41442 41270
41440 41287
41446 41293
41428 41281
41435 41299
41448 41319
174 5
168 197
72672 72514
72665 72510
72690 72537
72675 72523
72699 72556
72694 72568
135197 135009
135179 135008
142 146
110 118
116 130
58 66
42 48
137 170
159 198
111 144
94 127
98 135
72 102
128 183
122 176
127 185
128 195
122 188
