99832372
48 1
125 6
73 4
111 7
116 12
100 14
111 17
200 35
46 10
184 53
91 27
49 16
125 46
120 52
175 80
168 78
79 37
174 89
133 74
157 89
165 97
194 116
125 82
162 124
163 132
186 1
147 121
56 47
129 123
60 59
162 160
195508 195316
195481 195317
195477 195323
195484 195336
195453 195319
195447 195335
195462 195355
195441 195340
195411 195318
195512 195423
390802 390628
390804 390631
195424 195339
195444 195361
195454 195372
390809 390649
195417 195340
195390 195314
195417 195341
390792 390643
195457 195384
390798 390654
390782 390643
195389 195320
195383 195315
195386 195318
195475 195407
390804 390676
390791 390664
390798 390673
195410 195349
195451 195397
195408 195356
390821 390723
390808 390711
781450 781259
195423 195376
195369 195323
390741 390650
390818 390729
390770 390682
781435 781262
390787 390706
390794 390713
115 94
390704 390633
195466 195434
781417 781294
781388 781271
390805 390749
390768 390714
195403 195376
781403 781296
390812 390759
781417 781317
781423 781323
1562685 1562503
781394 781305
781444 781356
781426 781340
781366 781281
1562695 1562529
781420 781340
390781 390743
1562654 1562503
781419 781350
195329 195313
781411 781349
1562643 1562522
390687 390659
1562680 1562569
781389 781335
1562652 1562546
781368 781315
195506 195493
781404 781354
781398 781350
1562639 1562550
781357 781313
1562650 1562563
781322 781280
390765 390744
390787 390766
781359 781319
781424 781384
390742 390664
1562656 1562577
1562662 1562584
781405 781367
195413 195403
1562669 1562594
1562665 1562596
1562686 1562685
1562678 1562611
1562658 1562593
781433 781403
781435 781422
781381 781352
390702 390688
781420 781393
1562676 1562630
390737 390727
390789 390779
390677 390668
390672 390665
781375 781363
1562628 1562615
781324 781320
195431 195430
390786 390786
1562677 1562682
781387 781390
781319 781323
781385 781391
1562638 1562651
390806 390812
781412 781424
1562667 1562694
781382 781398
1562654 1562687
1562634 1562675
1562649 1562695
781327 781353
1562636 1562700
781411 781444
390693 390711
390685 390704
390740 390761
781332 781375
195471 195482
390759 390781
390667 390690
390781 390807
195352 195365
195472 195486
781342 781403
390726 390758
195446 195463
195333 195350
781326 781399
390769 390806
390662 390702
781324 781420
781338 781436
195378 195405
195482 195511
390701 390759
390685 390746
195437 195468
390736 390798
189 200
390718 390795
195335 195377
390662 390746
195339 195384
390696 390790
195439 195487
195386 195437
195392 195446
195412 195475
390685 390820
195381 195449
195347 195415
390667 390807
390668 390817
195347 195427
195350 195439
195339 195433
195330 195440
195391 195504
195379 195501
195329 195475
118 122
114 118
97 103
162 178
116 128
149 178
66 80
155 189
117 147
125 165
146 199
130 188
38 56
106 169
106 172
65 124
45 92
78 181
74 196
57 194
44 188
33 146
20 101
6 44
9 83
5 72
3 84
