100014880
230 30
299 48
296 28
226 18
253 48
293 32
186 15
249 50
230 9
299 70
195 9
211 31
242 33
246 43
234 4
224 39
221 32
263 3
259 60
278 41
189 11
267 67
289 29
90 1
123 3
155 6
24 1
124 6
152 8
81 5
115 8
92 9
154 19
7 1
79 12
127 21
108 19
137 25
55 11
48 11
98 23
77 19
64 16
152 42
50 14
106 30
90 27
71 22
211 67
218 72
238 80
34 13
153 60
251 99
186 76
230 94
202 88
149 67
147 67
220 103
267 128
187 90
99 48
205 100
196 98
283 145
148 77
278 146
274 148
133 74
205 116
300 174
213 124
273 159
288 172
107 64
251 151
221 133
149 91
219 134
149 92
152 96
299 190
55 35
122 78
17 11
241 157
145 95
230 152
136 91
232 157
192 130
168 116
259 181
94 66
246 173
160 113
214 152
253 182
227 165
255 188
207 153
79 61
272 215
145 115
286 229
196 157
66 53
157 127
174 142
151 125
270 224
272 226
250 208
173 144
242 203
216 184
52 45
202 175
148 129
287 251
274 240
174 154
258 229
297 264
110 99
154 139
284 258
93 85
269 247
273 252
289 267
185 171
166 154
292 271
90 84
132 124
253 238
208 196
170 162
151 146
62 60
254 246
165 162
10097954 10097657
10006385 10006120
10097931 10097676
10003320 10003079
10003313 10003073
121 7
10012494 10012274
13125293 13125005
10390899 10390706
16250283 16250002
