97200629
92 2
62 2
39 2
38 2
67 6
55 5
93 10
72 8
89 12
38 6
44 7
76 13
26 5
75 15
82 17
77 16
74 16
86 19
89 20
31 7
79 18
96 22
89 21
88 21
95 23
85 21
60 15
12 3
49 13
93 25
22 6
98 27
62 18
99 30
41 13
89 29
76 25
88 29
6 2
70 24
29 10
88 32
46 17
56 21
45 17
75 29
81 33
22 9
60 25
31 13
40 17
87 37
88 39
96 43
99 45
81 37
95 44
82 1
73 37
57 29
68 36
79 43
77 42
99 54
81 46
61 35
48 28
77 45
96 57
35 21
83 50
98 61
78 49
70 44
57 36
96 61
77 49
44 28
47 30
36 23
61 39
63 41
59 39
36 24
96 64
74 51
74 53
85 61
66 48
86 63
80 59
73 55
98 74
92 71
96 75
61 48
92 74
98 79
31 25
75 61
75 61
62 51
86 73
47 40
81 69
80 69
44 38
70 61
81 72
74 35
100 92
26 24
95 88
81 76
39 37
55 54
60 59
82 81
88 87
3135099 3135007
3135097 3135011
3135094 3135009
3135096 3135013
3135094 3135019
3135100 3135026
3135091 3135019
3135096 3135025
3135097 3135032
3135088 3135028
96 88
3135098 3135042
3135094 3135039
3135098 3135071
3135089 3135036
3135090 3135038
3135088 3135038
3135088 3135043
3135089 3135044
3135091 3135055
3135097 3135062
3135090 3135057
3135091 3135061
3135092 3135071
3135096 3135083
3135094 3135085
3135092 3135086
3135088 3135084
3135092 3135098
14 14
56 56
93 93
3135096 3135097
3135088 3135089
3135088 3135098
17 27
84 86
90 93
28 29
81 84
53 55
43 45
61 64
18 19
18 19
66 70
90 97
90 98
81 89
40 44
69 77
67 76
38 44
69 80
86 100
52 61
40 50
55 69
69 87
33 42
47 60
62 80
35 46
54 71
66 87
50 66
39 52
71 96
63 86
27 37
69 96
65 91
58 82
36 51
69 98
69 99
22 32
39 57
68 100
63 93
24 36
55 83
45 68
21 32
53 81
55 85
42 65
47 73
22 35
45 73
22 36
58 95
16 27
23 40
55 97
31 55
54 98
22 40
42 77
18 34
40 77
20 39
25 49
15 30
35 71
25 52
34 74
16 35
27 62
43 99
41 97
12 29
26 65
23 58
35 93
24 64
24 64
29 78
31 84
19 52
28 80
27 79
21 62
8 24
23 72
19 61
28 95
10 36
22 83
16 61
16 62
24 95
23 100
8 35
7 31
15 76
17 91
9 52
10 61
13 81
12 97
12 97
9 73
9 74
6 53
1 10
9 91
6 84
4 66
5 89
4 77
2 89
