100011852
190 1
160 8
165 6
169 10
182 29
170 12
163 9
142 1
125 4
87 6
29 4
96 16
36 6
138 24
148 31
43 10
84 20
150 42
195 57
105 33
80 26
142 49
127 50
139 55
177 74
116 52
119 57
185 89
176 86
145 72
188 97
67 37
5 3
96 58
162 99
189 117
112 70
198 131
187 129
191 132
82 57
50 35
173 123
178 130
153 114
192 145
150 114
58 45
41 32
62 49
111 89
87 70
96 79
116 98
173 149
65 56
185 161
188 171
295509 295334
295483 295323
295495 295373
490808 490628
295427 295323
295449 295364
295445 295362
490775 490651
490791 490672
295507 295443
490775 490669
490765 490660
295428 295365
490779 490678
490812 490711
295441 295384
295461 295406
490766 490676
490759 490670
881443 881284
490773 490687
490804 490720
490780 490699
295422 295374
1662683 1662548
153 18
881435 881305
881438 881314
1662699 1662560
881381 881264
881392 881275
1662677 1662533
1662697 1662545
1662677 1662525
1662674 1662504
490720 490654
490813 490752
295351 295315
881427 881322
295479 295444
295463 295429
490718 490663
490743 490688
490812 490757
881439 881341
295458 295426
881425 881335
295397 295367
490706 490657
881342 881257
490762 490718
1662667 1662538
881415 881350
1662654 1662532
881382 881322
881404 881346
1662655 1662548
881330 881277
1662665 1662566
1662595 1662504
3225183 3225008
3225193 3225018
881410 881364
881445 881399
1662675 1662590
490722 490697
1662593 1662510
1662620 1662539
295365 295351
1662606 1662531
3225186 3225043
3225177 3225044
3225140 3225010
3225154 3225056
490765 490688
3225135 3225034
3225155 3225051
6350192 6350011
1662593 1662544
6350180 6350001
6350200 6350022
