9687510346
31 1
89 3
85 4
99 6
45 3
96 7
92 10
100 11
54 7
36 5
45 8
22 5
68 2
71 19
44 12
62 18
77 24
85 27
47 15
80 26
58 19
93 32
80 28
28 10
37 14
63 24
49 19
94 37
96 39
92 39
82 35
68 30
99 48
72 36
6 3
57 29
41 21
83 43
39 21
74 40
46 25
95 52
67 37
62 35
91 55
64 39
98 60
90 57
93 60
37 25
53 36
44 30
90 62
55 38
87 61
64 45
41 29
84 22
60 46
83 64
53 42
97 77
86 70
92 75
65 53
96 79
86 74
88 76
73 64
52 46
81 73
53 48
61 57
32 30
97 91
33 31
78 74
41 40
312500086 312500005
312500096 312500019
312500083 312500007
312500082 312500009
312500100 312500030
312500100 312500034
312500078 312500013
312500083 312500020
312500100 312500040
312500088 312500031
312500085 312500030
312500086 312500032
312500088 312500036
312500089 312500040
312500082 312500036
39 28
312500090 312500046
312500082 312500043
312500089 312500050
312500085 312500047
312500096 312500088
312500091 312500059
312500080 312500054
312500083 312500059
312500086 312500064
312500083 312500069
312500087 312500078
312500089 312500082
312500092 312500086
312500090 312500085
312500086 312500084
36 36
68 96
312500082 312500096
49 73
61 63
65 68
46 49
61 66
39 43
63 70
39 48
12 15
6 8
5 7
43 62
33 48
61 89
52 76
61 91
32 48
34 53
39 61
12 19
49 78
37 59
55 89
37 61
46 79
57 98
46 86
16 30
50 94
9 18
33 68
29 61
45 95
37 81
22 49
15 34
44 100
34 78
38 96
21 55
34 91
20 54
29 80
35 98
33 94
32 92
32 93
32 94
27 81
15 47
29 91
4 13
12 39
12 40
24 80
23 81
16 60
12 47
5 20
13 57
17 78
12 57
21 100
17 84
19 100
16 94
14 84
4 26
15 99
12 90
7 58
11 93
8 72
7 75
8 94
8 96
2 26
6 79
3 75
