1007605
119 6
138 11
148 15
87 10
136 16
121 19
197 33
172 31
140 26
163 33
172 36
103 22
163 37
148 36
114 29
73 19
105 29
146 41
107 35
133 46
175 64
179 70
199 87
132 63
139 77
149 85
62 38
188 121
93 60
186 122
196 129
53 37
157 112
78 56
32 23
192 140
136 100
153 117
171 135
93 74
153 122
180 146
121 99
111 91
191 157
118 97
49 42
127 110
112 99
48 43
113 103
181 168
32431 32256
32422 32251
32434 32263
32432 32268
32424 32262
32444 32289
32437 32283
32406 32255
32420 32270
32437 32287
32405 32256
32409 32261
32417 32270
32432 32286
32420 32275
32446 32302
32403 32262
32392 32256
32449 32313
32387 32253
32434 32305
32450 32323
32425 32302
138 74
63695 63502
63692 63533
63685 63510
63687 63516
