1013775
209 82
56 1
243 9
205 15
259 19
270 21
282 25
210 20
228 24
291 31
231 25
120 13
276 30
43 5
190 24
262 34
282 42
281 44
118 19
295 49
246 42
260 49
289 55
222 43
300 60
220 45
78 16
266 60
240 59
226 59
42 11
190 50
97 26
282 76
241 65
226 62
234 69
204 61
221 67
230 71
300 95
126 41
265 87
213 70
249 84
185 64
143 50
141 50
81 30
148 58
160 64
95 39
282 118
154 65
167 72
281 124
61 27
249 112
259 117
53 24
116 55
59 28
152 74
223 110
295 146
292 148
204 104
102 52
219 112
149 77
294 153
246 129
121 64
135 73
287 156
189 103
204 112
89 49
242 136
170 98
120 72
257 157
92 61
284 191
169 115
299 210
136 96
143 101
101 73
239 175
298 219
23 17
148 110
86 64
244 182
193 144
205 153
282 221
130 105
299 243
229 187
300 249
117 100
293 251
38 33
219 191
290 253
295 260
82 74
173 157
143 131
12 11
182 167
136 125
283 263
241 226
139 131
255 245
187 183
228 224
230 226
258 255
263 262
131542 131286
131546 131302
162792 162512
131512 131290
131534 131320
269 3
131487 131278
162776 162524
269 294
163 165
70 71
198 201
248 253
194 201
52 54
124 129
92 96
253 267
183 195
261 279
173 185
248 266
118 128
155 169
108 118
109 122
196 220
251 283
242 275
245 279
228 260
140 162
108 128
227 270
120 143
219 267
160 196
175 216
242 300
228 287
112 143
