9999797434
131 1
201 11
295 22
261 22
264 24
185 19
163 17
199 21
298 38
258 42
144 24
224 38
264 51
287 61
239 53
197 46
287 69
295 73
46 12
60 16
78 21
179 49
266 76
272 79
276 81
228 71
55 18
272 91
232 79
212 73
226 78
193 67
232 81
257 91
232 83
163 61
255 99
186 74
281 113
229 93
169 71
214 90
149 64
116 50
279 121
258 112
289 126
139 61
283 128
269 122
257 117
260 121
194 91
151 74
265 130
247 123
156 79
236 120
203 104
186 96
104 54
290 15
102 54
247 133
74 41
50 28
210 123
262 154
259 153
205 122
295 176
292 176
278 170
162 101
187 117
298 189
200 127
152 97
264 170
135 87
237 153
141 93
269 178
222 148
151 102
300 203
285 194
265 181
238 163
148 103
76 53
204 147
256 186
213 155
150 110
137 101
222 164
195 148
297 227
188 144
229 177
297 232
163 128
103 81
236 187
171 137
285 232
240 196
240 199
226 189
236 201
79 68
74 64
261 228
233 204
295 260
298 266
236 211
123 112
91 84
209 194
283 265
83 78
226 213
270 257
243 234
292 282
299 291
80 78
216 211
285 282
1039062784 1039062519
1002441706 1002441468
201 105
1078125298 1078125052
1625000288 1625000139
264 290
1039062785 1039062612
1001220995 1001220834
1019531545 1019531476
1156250293 1156250221
1039062794 1039062798
83 145
115 116
214 216
259 262
236 243
220 234
237 255
231 252
19 21
225 254
126 146
249 293
102 121
26 31
236 286
204 249
157 194
163 205
219 279
184 235
74 95
100 129
122 158
171 226
78 105
214 290
165 224
67 93
201 279
72 101
156 219
119 171
196 286
174 255
89 133
165 259
175 276
175 291
24 40
54 91
176 298
39 67
168 291
114 198
147 264
154 281
123 226
162 299
162 299
160 299
82 155
32 61
12 23
125 242
95 188
31 63
114 237
18 38
122 258
134 286
97 209
117 253
97 213
80 178
52 116
122 273
100 230
129 298
86 199
61 142
61 153
97 258
88 240
103 290
71 209
81 247
85 278
85 283
81 289
25 92
38 146
54 215
10 49
47 231
55 294
42 225
47 267
48 276
45 290
24 155
10 68
13 95
28 206
33 250
36 284
18 143
35 293
24 220
17 186
17 191
12 139
12 170
10 175
4 85
6 132
2 59
4 245
2 138
