5001029241
230 4
292 11
156 6
143 6
292 16
16 1
128 8
142 12
125 11
273 26
59 7
293 35
80 10
239 30
148 21
282 43
245 38
286 46
223 36
235 39
120 20
206 35
39 7
146 4
51 10
182 38
270 57
281 60
221 56
211 54
123 34
243 69
157 47
221 70
66 22
112 38
262 89
182 62
220 79
298 108
105 40
159 62
126 50
149 60
277 115
118 50
266 113
270 117
253 110
170 75
213 98
292 136
271 130
96 47
185 91
109 54
225 116
209 108
160 83
148 85
179 104
265 155
116 68
177 107
236 146
196 123
219 140
170 109
283 184
278 183
270 180
236 159
71 48
10 7
133 94
197 141
131 94
134 97
297 218
281 208
80 62
293 231
95 75
295 234
200 161
141 114
222 182
103 85
126 104
275 228
254 216
168 144
294 258
228 202
297 264
18 16
202 181
222 202
174 161
181 170
245 235
257 251
142 139
295 289
243 239
119 118
138 137
145 144
235 45
5001000296 5001000273
281 296
164 236
103 111
216 233
75 81
36 39
268 292
185 210
110 125
219 249
65 74
222 258
216 254
138 166
196 236
240 293
182 224
147 182
28 35
109 140
123 159
20 26
203 271
199 266
178 247
96 134
162 227
186 285
141 217
61 95
127 198
93 146
147 234
177 289
52 88
76 130
158 285
149 270
53 99
123 231
10 19
135 261
119 240
123 257
19 40
106 224
69 147
26 56
52 118
100 234
111 261
18 43
101 250
87 234
109 298
64 197
94 291
51 159
50 156
69 231
42 143
72 252
25 91
48 178
71 278
47 198
29 123
62 271
33 146
27 121
38 176
43 241
30 199
34 237
23 176
36 282
30 241
11 105
25 247
20 202
23 247
16 189
6 83
14 217
16 255
9 196
7 163
3 110
1 61
1 112
1 150
