1010871
3043 2963
3049 2956
83 46
3044 2966
76 38
97 36
94 45
97 34
93 65
96 13
33 24
85 68
37 17
50 36
96 17
21 12
68 17
89 71
52 27
94 79
58 38
72 64
74 5
86 14
98 47
81 35
81 41
86 10
82 22
71 1
66 44
39 3
96 62
96 8
59 24
93 39
70 29
73 11
56 39
84 27
77 42
32 13
89 1
100 7
82 6
93 12
59 35
80 35
91 16
19 4
85 16
98 65
72 38
57 20
34 3
64 37
76 25
96 7
100 69
71 40
47 13
76 28
98 8
61 18
92 7
73 65
65 52
69 17
97 53
84 5
63 5
98 35
86 50
98 32
3053 2974
81 16
18 12
96 64
99 62
92 14
70 5
96 15
44 14
93 60
46 23
55 3
63 37
47 28
89 16
90 22
84 1
54 12
85 11
91 76
98 70
58 27
37 9
92 80
83 50
3022 2966
92 41
3038 2958
93 56
66 48
83 38
89 10
78 58
88 38
29 21
75 27
92 18
26 18
93 69
98 13
3035 2958
8879 8849
16701 16641
32339 32252
16678 16629
16714 16664
16702 16649
16720 16669
16723 16671
8875 8813
2997 2972
4997 4962
16712 16634
4985 4942
16702 16637
8910 8837
8901 8842
3016 2971
8910 8833
8897 8847
4989 4919
5006 4960
8887 8835
3042 3009
8884 8850
8906 8869
8899 8853
4999 4918
8903 8829
2995 2958
4942 4908
8905 8855
3015 2973
3036 2988
3003 2969
5004 4984
8864 8826
4939 4914
4966 4909
8891 8833
8903 8828
3007 2969
5002 4957
4984 4926
3020 2967
4980 4936
2980 2963
4997 4972
8893 8832
4967 4926
16719 16629
5004 4983
4930 4912
3014 2987
3029 2977
3025 3007
8908 8813
3026 2979
4940 4920
3029 2979
8891 8851
8910 8830
16708 16635
5004 4929
4973 4927
16695 16631
8895 8825
8882 8847
4986 4964
4963 4927
4954 4926
16725 16627
3033 3019
5000 4951
4952 4909
3009 2960
4940 4910
3016 2975
3005 2978
4966 4921
4975 4955
3041 3007
3037 3021
8882 8847
8890 8852
8865 8831
4951 4932
4996 4911
3030 3010
5000 4979
3002 2957
3008 2989
4977 4924
4978 4937
2989 2962
8863 8818
3019 2975
4998 4942
4953 4933
2988 2964
4996 4973
8859 8824
3008 2970
3007 2983
8883 8841
16687 16631
16721 16671
16723 16674
8887 8856
8867 8835
4946 4928
8908 8876
8868 8838
38 34
81 75
86 80
43 40
80 75
57 55
60 58
31 30
100 99
3008 2996
4976 4959
2967 2957
3026 3016
3049 3039
4982 4966
3017 3008
4969 4955
8907 8882
4989 4975
4994 4980
8864 8840
2985 2977
16694 16650
4993 4980
8849 8826
8855 8832
8910 8887
8842 8820
8855 8833
8889 8867
97 57
2966 2954
2994 2987
2999 2992
5004 4993
3007 3001
3008 3002
90 90
