100046317
207 73
195 6
184 32
203 40
255 136
234 73
256 2
207 12
209 12
218 19
288 156
229 108
175 23
289 30
229 36
256 133
249 53
208 89
219 9
264 86
220 8
296 67
225 49
168 46
243 95
272 115
247 54
198 21
264 58
280 64
174 14
153 33
158 33
295 147
279 45
271 23
196 59
193 62
247 8
291 155
194 45
250 9
296 131
297 8
283 116
193 1
164 38
216 86
298 125
200 73
272 94
237 49
243 46
228 74
240 92
191 43
231 40
279 62
259 93
207 64
278 13
236 64
152 35
258 100
279 55
251 99
274 11
298 173
248 85
284 91
294 98
201 37
297 32
226 31
214 72
298 131
193 36
238 72
284 35
287 126
288 52
175 18
242 5
295 99
248 20
279 67
207 78
194 48
270 9
195 73
299 134
230 92
272 89
254 136
236 90
300 159
256 55
289 154
227 52
225 61
163 29
234 44
196560 196382
391923 391734
196596 196431
196596 196410
391907 391703
391893 391629
391909 391688
391904 391684
1563787 1563502
391871 391671
391874 391642
391904 391627
391922 391743
782517 782260
196535 196345
782492 782266
196574 196399
196525 196325
196551 196327
782524 782287
103 1
38 1
110 3
110 4
114 6
51 3
73 5
84 6
27 2
21 2
102 13
65 10
130 21
106 18
40 8
115 23
49 10
138 29
87 19
63 14
130 29
132 31
58 14
45 11
156 41
75 20
77 21
117 32
133 38
59 17
56 18
40 13
56 19
153 53
62 22
82 30
177 65
108 40
177 66
80 30
173 67
171 68
144 59
183 75
68 28
166 69
95 40
185 80
182 79
191 83
143 64
70 32
180 83
81 38
190 91
162 80
184 91
212 105
113 56
176 89
190 98
222 116
122 64
213 112
247 132
41 22
119 64
209 114
95 52
202 111
58 32
191 108
244 139
77 44
189 109
201 116
195 115
269 161
128 77
212 129
195 119
223 137
289 178
230 142
244 151
243 151
271 170
171 108
271 172
285 182
151 97
217 140
265 171
291 188
280 181
283 183
232 151
107 70
267 175
169 113
250 168
289 196
168 114
258 176
167 114
187 128
90 62
46 32
296 207
182 128
193 136
129 91
255 180
68 48
253 179
209 148
265 188
133 95
148 106
150 108
223 163
175 128
150 110
274 202
218 161
265 196
121 91
85 64
193 147
242 185
266 204
211 165
70 55
391866 391727
391801 391662
391792 391648
391817 391667
391825 391670
391893 391736
391890 391731
391896 391728
391861 391691
391805 391635
196606 196510
196594 196496
196480 196373
196453 196341
196602 196483
196455 196331
196533 196408
196578 196452
196503 196374
196512 196373
196563 196414
196549 196400
196577 196424
196598 196442
196581 196423
196542 196384
391737 391627
1563708 1563502
1563719 1563508
1563715 1563503
782435 782304
782538 782406
782460 782328
782544 782362
782495 782359
782419 782254
782496 782333
782488 782327
782515 782363
782478 782331
1563758 1563577
1563759 1563578
1563722 1563544
1563776 1563608
1563771 1563586
1563727 1563533
391794 391666
391874 391750
391855 391735
391893 391773
119 94
181 143
226 179
219 174
286 228
275 220
279 225
235 192
174 143
93 77
289 240
142 118
298 251
280 237
68 58
209 179
215 185
279 241
194 169
241 210
39 34
114 100
299 264
263 236
287 258
143 129
169 154
222 203
164 150
51 47
253 234
187 174
259 241
79 74
209 196
263 247
249 234
233 219
250 235
201 190
245 232
246 233
236 224
185 176
150 143
109 104
125 120
270 261
241 235
248 242
222 217
237 232
273 268
299 294
200 197
291 287
237 235
238 237
196570 196482
196604 196524
196423 196344
196597 196518
196430 196352
196421 196350
196382 196314
196511 196445
196532 196479
196443 196392
391795 391695
391767 391670
391842 391746
391746 391651
391859 391772
391805 391732
196387 196355
1563763 1563602
782476 782354
260 205
391720 391658
391749 391689
391788 391731
782445 782336
391690 391636
196371 196344
782400 782293
391714 391664
196472 196447
391913 391864
782376 782282
391796 391749
391817 391770
782391 782298
782371 782280
196435 196414
391733 391692
1563674 1563518
1563716 1563563
391877 391839
196404 196385
782502 782427
782528 782453
1563684 1563537
1563757 1563610
196592 196574
1563660 1563519
1563767 1563629
1563790 1563652
1563719 1563586
1563664 1563533
391891 391860
1563741 1563621
782369 782309
391712 391682
391726 391696
3126258 3126029
391738 391710
391848 391820
1563796 1563690
782408 782356
1563755 1563653
3126231 3126030
1563719 1563627
782395 782349
196430 196419
1563796 1563710
391684 391663
196465 196433
1563647 1563547
782357 782272
391897 391876
1563797 1563721
782409 782371
391725 391707
391673 391656
782436 782404
782504 782472
391916 391900
782473 782444
391666 391653
782500 782475
259 261
163 165
217 220
188 191
285 290
120 123
