1003885
180 4
199 7
178 9
199 16
191 19
103 11
147 17
45 6
111 15
167 30
31 6
176 6
185 43
96 27
177 52
46 14
35 11
174 63
19 7
61 23
122 46
186 91
163 83
196 103
161 87
143 78
176 108
143 90
200 130
144 94
175 115
161 106
36 24
148 101
52 37
183 132
95 71
178 137
199 149
184 138
70 54
145 115
45 36
46 37
131 107
181 154
184 161
76 67
131 116
115 102
145 135
97 91
113 111
140 32
131416 131251
191 197
162697 162517
350192 350011
350179 350004
4 4
79 79
187 193
142 147
166 173
80 85
95 101
153 163
131 143
61 67
73 86
119 149
144 183
122 161
136 186
98 137
121 172
115 167
