9999855175
146 3
79 3
103 4
170 8
140 7
136 3
69 11
187 33
83 18
93 25
84 24
130 40
74 28
88 35
185 83
135 83
127 96
116 92
95 77
122 99
87 73
199 177
156 145
151 143
104 102
49062683 49062507
29531446 29531349
29531426 29531337
29531429 29531342
29531442 29531355
29531434 29531357
88125192 88125005
29531422 29531360
49062673 49062605
88125176 88125067
160 20
88125182 88125107
29531421 29531399
166250175 166250065
166250178 166250071
322500183 322500006
166250179 166250094
166250178 166250108
88125197 88125164
166250173 166250114
166250181 166250128
166250198 166250147
166250189 166250164
49062699 49062684
635000199 635000048
635000192 635000088
49062665 49062657
49062687 49062679
1260000189 1260000090
322500199 322500175
322500197 322500176
322500180 322500166
1260000196 1260000149
322500199 322500187
635000187 635000165
1260000190 1260000168
88125178 88125181
322500178 322500192
49062672 49062677
29531430 29531448
118 127
29531427 29531438
49062667 49062687
108 152
94 138
36 57
91 170
55 142
45 120
30 110
18 74
36 169
3 22
15 127
13 152
6 165
