5010011794
197 136
191 18
126 73
169 85
175 24
184 26
136 24
170 31
160 30
73 14
139 27
171 36
198 44
69 16
183 43
126 32
165 45
146 41
196 59
112 36
130 42
200 69
186 92
198 95
141 69
51 5
53 7
83 37
73 36
94 49
82 45
131 86
97 66
51 35
157 110
133 100
109 82
31 24
76 63
128 107
62 53
95 82
197 172
160 140
192 175
128 118
156 144
175 162
105 98
153 4
182 194
5010000200 5010000016
91 97
12 12
129 132
164 168
65 84
126 135
139 149
23 25
108 119
109 122
41 46
103 116
98 116
149 178
32 39
128 162
107 137
128 171
115 154
94 130
42 59
26 38
111 163
128 195
76 116
91 139
125 194
34 53
76 121
123 200
100 168
119 200
114 196
112 195
106 186
92 167
90 166
53 108
75 153
75 157
76 161
54 115
21 46
90 198
83 187
68 159
77 191
52 136
65 176
54 147
3 10
58 199
12 44
13 48
41 175
39 177
33 156
20 97
17 91
19 112
19 121
24 198
6 50
2 22
11 130
5 90
6 109
1 37
1 51
