9998793491
58 5
71 9
40 2
75 17
30 8
92 28
94 29
78 29
83 39
64 31
79 40
82 44
95 59
57 37
87 57
100 66
75 55
56 44
14 11
47 39
80 69
25 22
85 76
84 76
100 91
71 69
79 78
1220801 1220712
1220787 1220736
1220788 1220739
79 13
1220737 1220704
2441501 2441440
2441474 2441420
2441481 2441431
2441475 2441427
2441502 2441456
1220751 1220729
4882910 4882823
2441492 2441450
4882892 4882814
2441493 2441455
4882909 4882840
4882884 4882816
2441471 2441441
4882901 4882848
4882908 4882860
2441476 2441452
1220717 1220706
9765709 9765642
9765721 9765654
9765709 9765644
9765712 9765650
9765685 9765626
9765714 9765660
9765718 9765670
1220796 1220790
4882860 4882837
9765715 9765674
19531333 19531253
4882867 4882847
4882861 4882844
19531338 19531273
1220727 1220723
4882857 4882842
9765696 9765667
4882840 4882826
9765712 9765686
39062599 39062503
19531338 19531290
4882880 4882868
4882872 4882862
2441459 2441454
19531336 19531300
9765718 9765702
39062576 39062515
9765642 9765627
39062574 39062518
39062572 39062523
39062583 39062538
39062574 39062530
9765665 9765654
9765689 9765678
9765662 9765652
78125076 78125007
39062599 39062565
78125098 78125034
4882853 4882849
39062532 39062504
78125099 78125046
1220784 1220742
39062540 39062515
39062525 39062502
19531298 19531287
39062568 39062547
78125079 78125040
39062523 39062504
156250097 156250022
78125046 78125009
39062549 39062531
156250070 156250005
9765671 9765667
78125086 78125056
156250061 156250009
78125041 78125016
19531278 19531272
78125078 78125055
156250075 156250031
39062546 39062535
19531322 19531317
156250087 156250052
19531318 19531314
78125079 78125064
312500067 312500008
156250053 156250025
19531285 19531282
156250081 156250062
312500094 312500058
312500094 312500061
78125058 78125050
156250029 156250014
39062532 39062507
312500064 312500014
312500087 312500060
312500065 312500062
39062595 39062592
312500058 312500035
156250076 156250065
78125012 78125007
39062525 39062523
39062572 39062570
19531324 19531323
312500054 312500040
78125030 78125029
78125036 78125036
78125024 78125025
312500063 312500069
78125027 78125029
156250043 156250047
156250091 156250099
39062563 39062569
39062547 39062549
19531271 19531272
78125050 78125056
156250028 156250044
156250053 156250072
156250034 156250055
78125059 78125070
19531344 19531347
9765636 9765679
156250066 156250090
156250069 156250099
19531336 19531340
78125079 78125095
156250037 156250072
78125070 78125089
78125049 78125068
19531319 19531324
156250029 156250074
9765685 9765688
78125048 78125073
78125030 78125055
156250048 156250098
156250046 156250096
156250035 156250090
19531317 19531325
39062570 39062586
39062549 39062567
19531281 19531291
78125052 78125094
78125026 78125068
9765692 9765698
9765672 9765678
19531261 19531274
19531288 19531302
78125034 78125100
39062507 39062540
19531320 19531341
9765701 9765712
39062537 39062581
9765670 9765682
19531320 19531344
4882830 4882836
4882895 4882902
19531311 19531340
9765628 9765643
2441464 2441468
19531252 19531285
4882837 4882846
39062507 39062583
19531272 19531312
9765690 9765712
19531291 19531336
19531263 19531308
1220789 1220792
9765671 9765705
1220735 1220740
50 95
1220713 1220719
4882871 4882896
2441493 2441506
9765638 9765692
9765634 9765688
1220768 1220775
4882860 4882891
1220736 1220744
4882831 4882864
4882866 4882901
2441458 2441476
2441440 2441458
4882842 4882881
1220776 1220786
4882845 4882891
2441470 2441496
2441423 2441450
2441476 2441504
1220725 1220739
1220717 1220731
4882820 4882879
4882842 4882906
2441458 2441491
2441458 2441494
4882836 4882911
2441440 2441479
2441463 2441505
2441441 2441483
2441420 2441462
2441423 2441473
1220769 1220797
2441429 2441485
2441435 2441497
1220762 1220798
2441416 2441490
1220755 1220796
1220737 1220778
1220755 1220802
1220719 1220771
1220731 1220796
1220724 1220789
72 79
59 68
71 94
23 31
46 66
28 43
51 81
61 98
26 44
31 54
34 81
37 96
12 38
14 77
14 81
13 80
7 90
3 49
4 83
1 41
