521273
249 85
293 98
263 79
264 5
243 33
243 34
282 62
240 64
140 1
81 17
156 57
141 62
261 130
262 131
280 142
44 24
114 63
280 163
155 96
176 112
257 165
289 216
273 215
158 130
83 69
91 82
91 85
70 66
132 129
96 1
510300 510126
267 279
247 300
190 200
118 128
233 255
160 179
71 80
197 224
224 268
124 151
205 275
220 297
21 29
182 254
187 261
162 229
212 300
174 249
134 192
170 256
164 262
139 229
93 169
8 18
51 119
111 261
82 196
106 256
90 228
73 192
74 200
99 285
35 106
82 269
69 227
71 236
69 256
47 193
32 139
55 243
52 271
25 133
39 212
25 170
22 264
14 199
11 194
14 248
13 300
3 273
