1009828
197 56
185 6
8104 8014
8020 7929
178 94
8096 7954
8039 7944
191 123
125 7
8098 7970
158 61
4110 4029
4150 4081
4160 4027
127 28
102 18
4190 4091
4155 4036
95 16
4137 4022
110 16
4177 4058
4129 4038
4154 4091
4171 4084
2204 2143
2174 2096
2239 2106
2244 2130
2227 2131
113 52
192 79
2203 2136
2246 2101
2166 2061
2181 2120
125 49
73 5
2247 2081
2253 2184
2230 2149
128 22
105 38
123 32
157 1
199 58
140 46
2148 2072
161 29
145 34
114 6
90 1
8033 7944
175 90
130 61
134 50
122 62
195 12
15913 15802
15919 15785
15923 15754
72 33
55 26
46 24
116 69
53 33
105 66
61 39
91 66
152 115
29 22
126 100
193 155
157 133
190 164
188 170
154 140
2123 2070
2165 2115
2211 2166
4172 4115
2150 2122
4072 4023
4064 4018
200 198
8080 8000
4183 4144
4166 4136
8008 7955
15925 15820
4199 4172
15856 15758
8035 7990
2231 2220
4167 4147
31531 31381
15805 15730
8023 7986
15835 15764
4049 4018
8006 7962
31489 31367
31479 31360
31487 31376
96 13
15889 15837
31535 31438
15914 15870
62786 62613
31530 31445
62800 62631
31473 31363
31542 31460
31465 31394
31485 31412
31539 31468
62769 62619
31501 31377
15841 15779
8091 8063
62769 62637
2211 2212
2064 2069
139 141
180 184
175 181
6 10
