524767
174 1
234 2
294 4
63 1
144 8
246 20
59 5
215 20
274 31
282 38
277 44
257 49
187 36
228 45
231 50
225 49
264 62
72 17
279 69
168 42
267 68
190 49
221 58
288 88
217 69
221 74
81 28
241 84
194 68
216 77
117 42
145 54
298 115
287 111
298 117
159 65
189 80
194 83
142 62
234 103
112 51
234 110
179 87
124 63
125 66
209 176
251 135
144 78
186 102
88 50
218 127
214 126
203 120
243 151
224 143
298 249
179 123
108 76
226 162
253 183
221 161
179 135
200 151
237 185
224 177
260 210
297 243
276 261
211 184
129 109
204 173
259 223
259 223
219 190
9 6
272 265
161 1
500309 500017
281 286
72 81
138 139
235 238
249 253
254 259
100 103
235 243
150 156
251 262
140 147
179 189
16 17
90 96
200 216
215 237
253 279
68 76
10 162
156 176
253 295
216 255
20 25
234 299
193 251
160 209
155 204
130 179
171 244
182 263
73 106
107 157
89 137
186 295
166 269
119 203
46 80
152 266
124 230
17 32
105 204
105 209
7 14
119 240
140 296
72 153
90 193
88 193
102 229
122 277
89 203
62 143
108 281
106 297
47 134
99 286
31 90
55 160
52 154
19 59
65 207
80 258
87 285
35 115
54 197
70 262
52 197
48 213
51 240
34 166
40 212
43 238
52 294
39 225
45 280
44 274
34 276
23 256
22 245
6 89
12 204
5 138
7 265
