1007671
1570 1502
2072 1996
99 12
26 9
61 28
88 61
89 55
87 25
71 33
96 67
94 86
84 61
72 55
1578 1490
98 33
70 6
97 41
71 29
58 25
72 62
48 33
100 45
95 18
68 17
22 8
99 64
67 43
56 47
98 86
95 19
97 50
75 29
80 3
91 25
64 53
1567 1495
72 21
68 42
71 52
100 67
1336 1256
78 32
100 15
57 14
57 41
29 6
1309 1256
100 36
81 14
99 92
70 64
100 21
33 2
60 5
32 8
32 17
95 79
54 10
38 1
1338 1253
51 32
56 9
52 17
64 31
71 30
53 24
48 17
95 52
73 53
98 14
66 34
94 42
96 90
40 3
98 12
48 12
84 75
25 3
100 12
1208 1134
1217 1137
1212 1160
1181 1131
1201 1136
1218 1126
1211 1150
1323 1245
1336 1257
32348 32294
16684 16657
32333 32284
63600 63508
32350 32296
3005 2986
2007 1977
4976 4946
3007 2978
2067 2021
4987 4966
5001 4966
4953 4927
2052 2015
1203 1181
4997 4949
4988 4967
1222 1202
4966 4935
8911 8841
1218 1205
1201 1166
16692 16632
1188 1168
1183 1160
1214 1205
1176 1142
1217 1195
1168 1145
1210 1201
1175 1154
1190 1169
1198 1188
8879 8825
1210 1187
1295 1268
4975 4940
4939 4912
1338 1317
3026 2964
1268 1246
8881 8862
1285 1262
32342 32267
4998 4966
2011 1990
3041 2965
1281 1268
8893 8835
1320 1288
2046 1979
1319 1278
4983 4931
3022 2984
8911 8816
1519 1490
1552 1516
3050 2974
32344 32264
1510 1499
2996 2964
32319 32253
3053 3017
2058 2036
1555 1511
8885 8828
1532 1520
3031 2981
3049 2961
8895 8837
8909 8856
8885 8832
16720 16678
2024 2004
8894 8842
1566 1519
3015 2978
16720 16677
2022 1996
2025 2004
16707 16666
8862 8829
8907 8885
16684 16633
15 13
48 43
85 81
50 48
75 72
94 91
74 72
91 90
1301 1296
2022 2015
1258 1254
1283 1279
2979 2970
1149 1146
3015 3008
1311 1308
1517 1514
1557 1554
8865 8849
8835 8820
3020 3015
2054 2051
16660 16636
32326 32281
1505 1503
1511 1509
4978 4972
16653 16633
5001 4995
63597 63521
32301 32263
16707 16688
8852 8842
97 83
63582 63506
63584 63525
1269 1268
1998 1997
2011 2010
