1016753
234 188
299 125
345 228
186 80
267 233
233 52
121 25
293 176
141 15
200 7
173 13
209 86
193 147
247 50
170 22
303 97
362 139
149 115
290 57
190 69
197 126
225 77
232 181
183 137
267 210
283 74
297 257
231 159
281 111
281 187
172 118
40 7
222 180
312 250
326 100
398 315
171 139
315 114
114 3
208 72
178 24
85 13
296 161
372 231
182 71
377 308
209 164
166 96
142 28
516 296
64 18
127 5
445 337
190 130
263 123
431 382
129 94
549 322
153 60
288 79
473 377
505 357
226 192
146 52
237 152
278 241
176 141
226 122
244 34
744 535
251 109
77 12
218 86
223 99
191 124
243 190
115 56
160 70
182 23
770 629
233 156
796 530
213 82
300 205
226 166
268 122
286 140
275 221
216 31
2238 1972
132 22
177 145
244 130
299 17
95 38
234 74
186 45
253 10
252 145
165 39
1170 1059
15868 15646
2215 2026
8048 7863
4059 3957
2089 1969
4058 3945
15868 15727
31488 31334
15854 15738
31531 31278
31557 31262
27 9
38 13
43 31
117 88
61 47
77 60
83 67
141 117
190 160
187 159
202 176
163 143
371 330
583 520
146 131
356 322
602 552
191 177
1149 1065
124 115
1270 1184
104 97
224 210
614 577
74 70
2183 2099
295 284
162 156
614 593
1176 1136
2106 2038
2182 2115
1191 1162
176 172
1240 1215
4196 4128
4206 4145
4023 3977
7924 7835
31403 31270
8105 8071
7934 7903
15840 15787
31456 31365
62771 62590
15677 15645
2193 2147
31521 31461
62713 62616
62723 62626
125310 125122
291 147
125298 125057
62650 62551
15718 15697
125239 125091
