507574
191 75
172 44
175 6
164 12
183 25
181 32
196 46
121 22
84 19
130 42
151 50
126 42
132 50
164 66
174 76
130 57
113 54
61 30
51 1
150 79
165 90
86 47
135 77
45 27
108 75
185 132
79 61
175 144
32 28
49 45
185 173
172 166
139 133
145 140
124 63
500300 500146
153 175
21 21
47 93
20 21
118 124
103 111
40 46
90 105
119 140
115 153
51 68
8 11
94 131
103 152
104 155
33 51
96 163
65 116
78 140
73 132
59 109
8 15
86 163
67 127
64 131
69 143
86 181
53 118
77 183
58 170
59 179
54 166
35 109
48 152
49 168
38 150
41 179
26 143
12 76
30 194
19 191
10 112
14 169
2 48
6 179
