100046077
24601 24465
160 21
195 1
260 4
250 7
116 4
263 10
275 12
148 7
290 14
192 12
163 12
201 15
210 16
277 23
24710 24572
49124 48843
240 25
249 26
228 26
254 29
24666 24509
287 37
217 28
277 38
178 25
298 42
262 42
265 54
284 58
211 44
266 56
266 56
261 56
24646 24456
288 63
300 66
154 34
24634 24438
167 39
290 68
260 61
234 60
193 50
247 65
221 60
204 56
246 68
24676 24462
24700 24482
12503 12384
255 79
24710 24451
12374 12241
219 70
258 83
220 72
237 78
289 97
200 68
265 91
271 95
234 83
295 107
291 106
235 86
12361 12224
179 67
255 96
12430 12290
298 113
241 92
250 96
271 106
289 117
219 89
12425 12269
244 100
12473 12311
299 127
12493 12317
298 130
187 82
278 122
256 113
12496 12310
12462 12256
286 130
208 95
12470 12214
258 123
296 142
223 108
12494 12210
296 193
278 176
241 122
290 179
226 117
283 148
297 183
283 150
288 170
283 155
294 173
250 138
287 159
266 154
97859 97738
97920 97699
195610 195364
195605 195355
97884 97676
97878 97672
97931 97794
97954 97806
97919 97717
97871 97673
97944 97748
97903 97743
97931 97741
97850 97683
97904 97722
97931 97744
781447 781288
390823 390658
390915 390755
781440 781275
781523 781327
781519 781284
390849 390720
390864 390728
390802 390663
1562714 1562505
1562724 1562541
1562752 1562555
3125262 3125011
1562798 1562570
390921 390713
1562799 1562564
390879 390677
390844 390648
1562799 1562559
1562765 1562521
1562792 1562509
781487 781335
390917 390728
781412 781258
781427 781271
195435 195321
24636 24501
49106 48838
390912 390667
49080 48839
24589 24472
49051 48832
390885 390640
24688 24580
24648 24541
195533 195410
24631 24525
24632 24526
24658 24554
390886 390639
195446 195319
390923 390662
195513 195382
49020 48872
49121 48976
195484 195349
195486 195313
195595 195420
195587 195386
195531 195320
97791 97683
49032 48901
49053 48923
97943 97688
195576 195345
49082 48956
97849 97732
97937 97819
83 7
95 9
109 13
87 19
43 10
115 32
108 32
70 21
77 24
120 38
79 29
135 51
120 49
138 57
21 9
154 69
108 49
82 38
72 35
39 19
129 63
184 95
144 76
209 112
204 112
200 115
221 130
218 129
212 130
154 95
228 141
258 160
261 163
194 124
53 34
107 69
224 145
43 28
141 92
95 62
267 175
244 160
155 102
141 93
49 33
193 131
197 134
221 152
261 181
184 129
218 154
193 137
297 213
117 85
71 52
30 22
194 144
278 207
95 71
260 196
229 173
288 218
276 211
277 214
143 111
105 82
237 188
133 106
136 109
169 136
262 211
120 97
273 222
228 187
106 87
143 119
180 150
257 215
133 112
249 213
274 236
284 245
190 164
210 182
99 86
291 253
278 243
195 171
205 181
196 174
216 192
81 73
41 37
287 259
296 268
67 61
231 211
274 251
50 46
184 171
142 133
125 119
292 278
159 153
278 269
130 127
154 151
207 203
66 65
173 171
131 130
12324 12237
12306 12229
12313 12238
170 169
12274 12208
12346 12291
12278 12225
12492 12441
24521 24423
12445 12401
12256 12216
12296 12261
12489 12454
24687 24618
24548 24480
24592 24524
24543 24477
24693 24629
12242 12212
24669 24610
12494 12465
12270 12243
195568 195494
246 1
195433 195358
49097 48995
49117 49021
195495 195416
49049 48955
195461 195382
195519 195423
195441 195344
48998 48931
195540 195437
97882 97813
97879 97810
97810 97739
97924 97850
97752 97673
97798 97712
97952 97863
97755 97666
97861 97760
97822 97720
781498 781386
3125280 3125086
3125240 3125034
1562800 1562664
1562667 1562515
1562794 1562632
781405 781310
781480 781384
781374 781268
12437 12411
12437 12413
12301 12283
24590 24555
24557 24523
48902 48838
48996 48932
24523 24492
49028 48967
48919 48859
24558 24528
48943 48886
49066 49010
49008 48953
24529 24502
12254 12242
24657 24634
48887 48842
49119 49076
24691 24672
49113 49076
49054 49019
49066 49032
24664 24647
49041 49009
12376 12368
97736 97674
48944 48914
97954 97896
24502 24488
24472 24460
12365 12359
49111 49088
97723 97681
49055 49034
48901 48883
97926 97893
195461 195397
195382 195319
97739 97709
49027 49012
97843 97816
195465 195413
12350 12347
12444 12441
195516 195472
195569 195527
195390 195351
195410 195375
1562664 1562568
24711 24657
1562640 1562531
390821 390758
390720 390658
1562638 1562524
390703 390647
1562630 1562506
781524 781440
781548 781460
1562756 1562664
3125242 3125061
3125262 3125106
3125283 3125128
3125291 3125134
3125296 3125119
1562637 1562542
97780 97764
195499 195469
195565 195537
97912 97899
390849 390808
390905 390865
390902 390864
390916 390885
390777 390747
781526 781467
781370 781317
390837 390813
390651 390629
1562600 1562514
1562636 1562552
781522 781482
1562581 1562502
781488 781450
1562735 1562661
195562 195553
195464 195432
3125216 3125029
1562598 1562536
781539 781514
781431 781403
781524 781503
390868 390858
296 296
243 243
49114 49116
24669 24671
97886 97894
97915 97926
12263 12266
24575 24582
12478 12482
12448 12453
12284 12291
12486 12495
299 300
221 225
185 190
217 223
216 223
227 235
279 290
254 265
