100036121
257 39
240 67
257 23
232 30
298 46
230 40
280 211
290 217
277 231
166 72
207 146
274 115
234 108
203 49
250 83
132 58
287 86
166 79
283 155
286 40
263 186
163 64
259 178
224 137
280 29
240 113
83 13
294 156
173 20
94 45
294 167
197 79
298 13
262 10
283 202
178 50
272 6
215 73
225 87
119 9
274 183
282 97
261 128
228 148
287 89
194 36
157 87
101 21
273 164
160 49
269 208
210 114
199 91
297 10
234 113
288 72
234 138
127 74
136 17
261 201
124 32
185 75
242 69
195 135
79 30
287 236
276 82
267 216
205 26
280 108
206 78
292 121
166 114
217 21
224 152
187 31
278 68
283 53
148 38
270 142
280 194
274 14
207 87
182 66
168 16
229 141
282 69
147 40
129 40
233 133
137 90
249 38
290 115
275 12
185 138
169 54
265 168
258 177
147 20
140 11
218 142
264 5
180 103
292 2
287 134
263 56
270 63
87 30
222 103
259 178
240 102
207 120
152 60
235 156
273 166
263 114
277 175
289 153
271 124
267 125
198 49
146 63
257 113
272 154
97 28
246 95
189 62
289 66
258 49
298 4
199 127
122 11
164 30
228 95
249 194
230 70
285 239
289 47
284 191
260 68
178 91
219 9
1024697 1024418
1097942 1097685
1049125 1048848
1097934 1097665
1049120 1048862
1012472 1012212
44 3
45 9
25 8
35 12
71 28
78 34
74 33
81 47
101 62
85 54
36 24
71 50
131 94
112 83
170 126
174 129
106 79
199 154
72 56
113 88
148 123
50 42
239 201
110 93
219 186
160 136
47 40
272 232
126 108
105 90
274 237
240 208
264 230
147 129
205 180
287 257
220 199
43 39
272 248
192 176
171 157
295 272
293 271
138 128
60 56
78 73
268 251
270 253
179 168
294 277
22 21
116 111
119 114
245 237
263 256
249 243
1012442 1012208
1012479 1012247
1024672 1024438
1012486 1012261
1024653 1024429
1024696 1024472
1024695 1024472
1049066 1048864
1049123 1048922
1049099 1048903
1024657 1024467
1024656 1024469
1195589 1195373
1390886 1390640
1024696 1024516
1049026 1048844
1049068 1048886
1024609 1024434
1195517 1195315
1024644 1024472
1390916 1390686
1049032 1048859
1097907 1097726
276 119
1781544 1781253
1012430 1012265
1024666 1024500
1024623 1024461
1195597 1195408
1195543 1195355
1012482 1012323
1097950 1097778
1390855 1390638
1049077 1048915
1012491 1012335
1049005 1048844
1049061 1048901
1024575 1024421
1097866 1097701
1195535 1195357
1024577 1024425
1024602 1024450
1097859 1097697
1048982 1048829
1048991 1048838
1012368 1012227
1012418 1012277
1195609 1195444
1012474 1012335
1049023 1048879
1390898 1390709
1012356 1012219
1390921 1390734
1781549 1781334
1097851 1097704
1048999 1048859
1195554 1195396
1024700 1024566
1195518 1195365
1195571 1195418
1049016 1048882
1048971 1048839
1390814 1390639
1195573 1195425
1024609 1024481
1024687 1024561
1097812 1097682
1012462 1012344
1049104 1048982
1390783 1390627
1781548 1781351
1195560 1195428
1024674 1024562
1195508 1195380
1195461 1195334
1097903 1097723
1781541 1781328
1012354 1012226
1024618 1024510
1012464 1012358
1049120 1049011
1048976 1048868
1049121 1049013
1012472 1012371
