1007354
8071 7880
8104 7901
8058 7852
45 1
147 26
291 93
96 54
210 123
219 135
222 97
135 25
2048 1987
2134 1985
31526 31263
2178 1985
2166 2030
7975 7883
2216 2120
2244 2021
2217 2028
2050 1975
15812 15642
2224 2123
2121 2032
2114 2036
2254 2120
4087 4005
15876 15702
4008 3942
4200 3994
4164 3982
4199 4005
4083 4032
4075 4019
8042 7954
15920 15667
8031 7924
8035 7867
62724 62525
31404 31303
15736 15650
62795 62575
31545 31388
8082 8016
190 170
2154 2133
4205 4177
8072 8029
31359 31263
7992 7968
15690 15645
31392 31302
31442 31362
31356 31286
7851 7834
31456 31392
62802 62692
62785 62687
15897 15873
261 35
62649 62545
31356 31285
8019 8008
125225 125054
31318 31290
