100035324
242 47
278 54
4344 4131
4338 4123
4332 4167
2803 2702
82 13
2780 2530
7393 7159
2817 2657
297 87
7363 7133
1908 1850
2049 1801
2005 1936
286 125
142 28
1986 1791
2015 1933
241 31
2012 1801
2058 1775
1995 1929
2025 1822
137 31
2030 1890
1848 1785
1978 1820
2051 1943
295 217
273 88
172 81
216 58
279 113
144 9
273 2
187 84
231 73
184 99
261 115
224 107
167 95
167 29
269 89
137 8
249 183
138 38
166 97
147 75
236 189
284 232
227 32
210 86
133 3
205 53
194 52
146 16
237 174
4284 4159
186 16
255 52
260 90
259 57
285 53
165 111
275 49
198 76
218 147
236 103
135 65
219 55
263 113
258 199
236 31
286 12
127 42
231 160
257 90
287 143
243 117
264 139
124 7
277 153
199 153
240 113
274 74
205 100
124 75
212 136
155 28
259 156
197 15
219 154
209 58
274 117
235 44
182 69
297 87
179 72
272 189
253 107
261 3
223 11
254 164
56 11
247 110
152 7
285 171
177 55
53 8
237 23
300 100
178 117
166 102
287 226
187 120
298 212
221 6
297 242
186 13
154 31
282 237
254 137
207 40
220 106
197 107
190 79
269 161
279 88
233 19
235 190
275 76
193 107
240 186
92 35
265 112
268 113
154 17
186 103
225 171
296 87
79 22
251 205
292 211
152 67
80 22
226 167
20 2
28 3
65 21
101 62
87 54
98 66
126 93
96 71
160 122
65 50
170 133
115 90
150 118
54 43
30 24
145 117
213 172
157 131
123 103
266 223
293 251
63 54
267 229
252 218
112 97
244 213
278 243
243 214
289 256
76 68
296 271
198 186
17 16
52 49
286 270
202 193
223 215
252 244
282 274
1973 1918
7359 7159
4245 4130
2673 2602
230 224
7290 7104
289 282
2653 2589
1949 1902
7290 7115
297 290
116 100
4147 4052
220 215
7335 7178
4283 4193
7341 7191
299 293
7259 7131
7390 7270
7250 7136
13454 13246
4152 4095
13420 13244
13428 13261
2735 2701
13461 13295
13485 13327
1900 1878
7375 7293
2776 2746
13451 13307
7283 7206
13409 13269
1921 1901
2768 2741
7193 7126
13379 13264
25645 25466
25689 25527
2647 2631
13492 13412
25649 25498
25688 25539
25561 25424
25598 25461
13421 13351
4208 4190
25644 25540
13339 13288
25668 25579
7272 7247
7297 7272
50068 49900
25508 25423
25643 25562
4195 4182
50065 49914
25542 25468
50078 49934
7375 7354
98951 98683
4341 4330
4063 4053
2589 2583
25638 25586
50014 49913
25532 25482
98830 98664
50098 50014
25573 25538
49959 49891
50076 50008
50082 50017
196588 196342
196592 196349
49990 49935
196592 196384
98829 98732
196605 196427
49980 49940
391915 391633
50105 50074
196506 196389
391922 391694
50075 50046
782373 782303
98950 98899
196533 196439
391817 391653
98953 98913
391879 391725
196556 196484
1563789 1563624
98766 98731
782542 782272
391911 391781
782504 782260
196447 196386
196475 196414
391875 391755
782481 782253
391758 391655
782456 782370
391754 391665
196563 196522
782507 782344
1563785 1563611
391873 391813
1563791 1563567
782400 782291
1563776 1563598
782534 782442
782406 782301
391736 391689
782396 782294
3126167 3126023
1563647 1563575
3126260 3126120
3126215 3126135
3126188 3126103
6251258 6251083
6251247 6251106
1563725 1563676
1563775 1563724
3126162 3126045
1563687 1563574
6251298 6251036
782444 782391
1563793 1563695
3126286 3126095
3126211 3126025
1563754 1563685
3126225 3126059
3126235 3126079
3126253 3126099
3126294 3126149
49916 49898
98848 98829
196432 196405
7334 7333
98771 98758
196550 196528
391826 391795
13335 13334
391871 391844
196477 196466
196477 196471
1563591 1563545
782435 782414
391874 391864
782275 782257
3126127 3126063
1994 1948
6251169 6251082
49921 49921
13344 13350
80 86
