99399414
46 1
65 2
233 12
230 14
260 17
136 9
209 15
81 6
294 22
100 12
297 36
295 36
145 18
241 31
194 25
151 20
250 35
278 41
236 35
138 21
143 22
205 33
241 44
73 14
147 29
241 2
200 47
125 30
67 17
259 66
253 68
118 37
272 87
284 92
64 21
207 70
188 70
144 54
261 98
189 71
193 75
131 53
298 123
95 40
45 19
141 63
289 134
145 73
79 40
275 144
274 159
122 72
147 87
233 141
235 144
292 186
275 176
142 91
250 170
272 187
212 146
242 169
276 198
89 65
88 65
89 66
294 227
238 189
205 167
109 91
282 238
172 148
281 244
296 258
105 92
266 236
212 193
140 132
296 289
296 289
13125296 13125010
295 64
13125288 13125264
13125296 13125241
60000299 60000059
88 88
189 249
194 195
208 214
181 207
108 126
49 58
235 285
138 168
164 202
219 272
177 222
119 155
229 299
168 220
189 251
113 152
179 243
195 270
123 171
206 293
207 297
138 205
51 77
155 244
132 209
161 255
134 213
116 190
103 172
119 207
112 197
159 290
54 108
44 89
115 233
60 123
101 208
47 97
123 272
121 290
61 147
89 220
109 272
93 235
108 292
21 57
45 123
83 233
92 278
47 144
93 290
84 263
69 233
72 249
38 146
58 241
53 230
38 171
43 197
13 62
33 180
41 238
19 151
15 132
24 238
21 244
16 187
10 177
3 60
13 264
4 99
6 179
8 284
1 36
6 242
3 232
2 204
2 244
