1006957
169 10
228 148
10379 10237
295 214
136 22
127 27
276 183
212 125
285 198
10420 10281
14166 13980
10460 10323
41407 41295
167 86
248 149
10694 10534
14204 14115
41480 41337
128 6
192 53
14163 13934
269 27
14078 13961
41444 41308
277 47
269 70
11226 10989
237 8
41517 41309
12142 12014
12185 12097
137 36
12251 12042
145 40
124 54
118 59
111 59
62 44
196 148
243 190
201 174
289 252
223 201
171 157
10238 10157
10510 10430
11263 11184
11115 11041
10629 10559
10497 10430
10779 10711
10308 10254
10410 10363
11186 11138
12022 11971
12085 12036
11105 11066
25888 25804
17992 17934
10451 10419
12196 12160
10317 10293
41471 41385
18078 18043
25891 25848
41335 41274
290 211
135256 135044
72618 72526
135276 135176
