521976
69 1
135 5
139 6
114 5
67 6
164 20
23 3
182 24
68 10
187 30
47 8
177 33
163 32
149 30
166 34
96 20
54 12
30 8
200 55
189 60
84 31
111 42
40 16
195 81
184 77
185 78
160 68
91 41
139 64
156 76
187 98
96 54
184 104
200 115
121 70
147 86
179 106
104 62
111 74
121 90
174 134
132 102
150 116
85 66
149 123
158 137
122 109
121 110
190 176
83 80
118 116
138 136
149 147
179 178
65 2
510200 510180
188 191
168 191
84 161
163 164
84 86
99 102
92 102
108 121
89 100
95 115
150 185
152 191
135 170
113 147
137 179
126 168
41 55
140 196
113 164
64 98
123 189
72 112
122 190
114 178
100 159
86 138
49 79
91 149
109 180
32 53
66 117
28 51
17 31
104 190
94 179
68 130
68 130
13 25
68 131
40 95
70 170
35 89
13 34
22 59
55 149
55 155
63 181
58 167
52 159
54 180
33 114
19 68
19 68
48 182
28 110
44 180
25 178
10 77
6 69
12 188
5 89
4 85
5 115
7 177
2 170
