50045300
280 153
265 6
264 6
273 8
279 150
188 9
223 11
300 155
244 17
236 17
300 22
202 15
280 140
296 130
253 99
152 16
228 25
197 24
211 27
192 25
244 34
211 32
261 42
288 106
289 48
286 48
238 41
277 48
226 44
249 86
295 58
300 60
258 52
295 98
277 56
279 67
277 68
268 67
298 79
278 91
259 70
218 68
223 68
114 5
106 6
114 9
111 9
90 8
147 24
41 8
104 21
116 31
81 22
135 40
43 14
183 66
151 57
74 28
49 19
200 78
196 78
141 58
189 80
212 90
198 86
233 108
74 35
50 24
246 123
47 26
167 93
147 82
281 4
169 95
234 132
285 161
262 151
210 122
172 100
271 158
255 151
56 34
295 182
152 95
214 135
108 70
202 132
201 134
198 135
228 156
297 206
265 190
270 194
149 109
95 71
262 199
253 193
293 225
223 172
203 160
233 184
280 223
193 156
243 197
292 240
276 230
217 181
161 135
145 122
295 249
252 214
166 142
101 87
283 244
228 197
278 242
62 54
181 159
265 235
239 213
286 256
296 267
212 193
254 237
138 129
267 250
270 254
284 269
177 168
190 184
220 211
166 163
220 219
277 155
50000300 50000058
287 296
204 277
248 250
200 202
250 256
183 189
219 229
191 200
119 125
183 194
214 227
256 276
159 172
174 191
266 293
256 283
229 254
223 248
188 210
101 113
253 292
128 150
191 226
20 24
99 119
227 277
225 278
163 205
226 285
214 272
207 264
181 231
75 96
163 214
225 296
198 263
157 211
34 87
143 201
182 257
120 170
105 151
17 25
147 218
62 92
197 294
140 209
192 287
66 99
102 153
140 211
110 166
94 144
92 141
73 114
67 106
117 186
102 164
176 285
162 263
48 78
99 161
70 115
121 203
177 297
123 207
109 184
130 220
112 191
133 230
119 206
144 252
160 281
85 151
126 225
132 237
105 189
94 173
153 286
8 15
86 164
141 271
65 126
115 225
130 258
147 296
109 224
105 216
108 226
113 239
141 299
113 240
62 133
76 165
132 299
64 150
125 293
100 235
61 144
106 256
105 255
112 277
98 253
86 228
106 284
90 242
106 286
37 102
30 83
99 290
55 171
64 200
74 233
41 131
77 266
59 224
17 66
28 121
53 230
16 70
67 295
61 273
56 258
62 286
51 241
61 294
14 71
13 69
41 224
30 164
44 241
49 284
40 249
22 138
42 270
34 233
31 228
18 162
21 190
28 263
28 269
16 159
18 185
13 136
26 290
18 213
18 216
22 265
22 266
13 167
10 146
15 222
17 255
17 288
9 192
7 158
4 95
2 55
9 294
7 231
8 270
2 96
3 176
1 63
1 110
1 138
