512427
68 34
74 1
57 2
100 4
83 5
86 42
91 6
58 4
97 7
79 38
78 7
98 9
97 9
84 11
52 7
90 13
88 13
29 5
99 18
48 9
88 17
61 12
66 13
49 11
87 20
77 18
72 17
49 12
61 15
89 22
75 36
61 16
99 26
99 28
57 17
52 16
45 14
77 25
64 21
99 34
78 27
95 33
40 14
88 32
86 41
67 26
92 36
71 28
81 32
96 39
39 16
65 27
65 27
89 38
89 38
37 16
90 39
84 37
95 42
58 27
80 48
67 42
91 59
95 60
100 76
92 70
81 60
94 49
69 36
100 53
90 48
65 35
94 51
75 53
82 45
82 45
82 55
73 41
68 39
54 31
93 54
97 57
94 63
76 45
16 1
12 1
8 2
27 10
2 1
40 20
42 23
25 14
22 13
54 34
57 39
69 49
50 36
61 44
34 25
35 26
78 58
75 58
46 36
27 22
48 40
27 23
98 84
85 75
88 78
20 18
95 86
89 82
60 56
45 42
36 34
50 48
52 50
58 57
62 1
500100 500016
98 98
2 2
54 54
18 18
12 21
51 52
95 97
44 45
94 97
91 96
90 96
27 29
58 63
22 24
37 41
54 60
56 63
70 79
39 45
84 97
44 51
74 87
66 78
44 54
68 84
34 42
55 68
8 10
55 72
35 46
55 73
71 95
31 42
67 91
71 98
65 90
65 91
17 24
69 98
33 48
68 100
59 87
31 46
57 85
66 99
24 37
33 51
58 90
62 99
55 88
57 94
46 77
40 67
49 84
58 100
38 66
5 50
31 55
39 71
48 88
39 73
10 19
21 40
46 90
38 77
31 64
25 52
31 65
39 82
35 74
12 26
21 46
29 65
20 45
37 86
22 56
32 83
32 88
22 61
30 85
6 17
12 36
32 97
24 75
24 75
30 95
26 83
30 98
26 89
6 21
23 81
19 67
21 75
17 61
14 56
11 46
12 52
15 68
15 75
4 20
13 67
15 81
14 81
16 93
12 70
15 89
14 98
13 93
11 99
5 50
7 73
7 83
2 32
4 65
6 99
5 89
1 33
2 71
1 39
2 95
1 71
