96923455
134 3
176 9
135 7
183 11
99 13
139 19
143 20
187 28
140 21
156 28
120 22
147 28
163 36
100 26
119 32
121 33
195 62
169 61
111 41
166 65
153 60
109 44
168 69
66 28
186 80
40 18
31 14
191 6
145 69
199 96
114 56
155 88
153 96
160 102
163 110
171 119
128 92
133 96
192 141
64 47
188 144
172 133
134 104
79 65
149 123
78 65
50 42
188 161
121 106
195 173
183 164
154 141
109 101
193 179
132 123
190 179
123 117
3126185 3126022
3126152 3126012
3126195 3126072
190 88
3126190 3126070
3126137 3126030
3126196 3126106
3126148 3126064
3126147 3126073
3126174 3126054
3126130 3126057
3126142 3126076
3126196 3126181
3126128 3126056
3126180 3126114
3126186 3126120
3126195 3126139
3126189 3126134
3126191 3126139
3126190 3126141
3126139 3126093
3126182 3126139
3126167 3126134
3126183 3126161
3126176 3126160
3126163 3126161
3126159 3126164
3126130 3126139
3126164 3126187
3126161 3126190
3126143 3126182
3126153 3126193
149 184
163 170
163 171
182 196
57 62
132 146
174 197
151 175
131 156
136 164
159 192
48 58
87 109
132 167
42 55
92 128
69 96
88 124
80 123
43 71
107 177
101 172
4 7
93 165
43 81
98 190
60 118
55 112
20 41
58 129
42 96
70 161
76 180
58 142
61 155
69 178
51 132
63 164
36 95
34 101
54 168
43 143
51 175
49 170
22 90
36 152
22 98
32 144
37 174
27 134
36 190
21 125
22 147
16 118
25 189
4 38
11 128
15 182
10 126
14 198
6 197
2 149
