99907924
69 1
58 1
289 7
227 6
173 5
143 5
85 3
245 10
178 8
227 11
240 15
247 18
90 7
290 23
147 12
291 25
293 26
300 27
155 14
273 25
218 20
241 23
264 27
97 10
138 15
282 33
208 1
259 35
207 29
221 31
248 36
289 42
244 36
268 40
220 34
265 41
167 28
216 37
221 38
202 35
286 50
299 54
185 34
125 24
272 53
153 30
234 46
216 48
109 25
265 63
175 42
269 65
291 72
185 47
255 66
162 42
174 46
94 25
49 14
145 42
252 73
213 62
134 40
73 22
266 83
98 31
22 7
160 52
141 46
168 55
188 62
253 85
222 75
174 60
138 48
45 16
86 31
36 13
152 55
112 41
151 56
172 64
257 99
224 87
171 67
89 35
86 34
295 117
294 118
137 55
37 15
149 61
227 93
270 112
106 44
91 38
165 69
296 126
237 102
116 50
249 108
128 56
171 75
189 83
203 90
265 118
189 85
224 101
98 13
207 95
202 94
125 59
232 110
103 49
185 89
43 21
239 117
247 122
299 150
138 70
139 72
237 123
201 107
247 132
39 21
78 42
178 96
237 128
218 119
214 117
237 130
125 69
237 132
216 121
171 96
209 118
175 99
233 132
63 36
73 42
217 125
261 151
227 132
175 104
214 130
296 180
241 147
221 136
270 168
297 185
186 116
282 177
129 81
242 155
174 112
222 143
286 185
236 153
257 167
275 181
229 151
292 194
140 94
246 112
243 166
295 203
155 107
42 29
194 134
203 142
211 148
278 195
112 79
263 189
249 179
247 179
227 165
229 167
122 89
263 193
127 95
109 82
204 154
82 62
218 165
196 149
294 224
269 206
224 172
219 169
199 155
219 172
248 195
221 175
267 217
288 237
24 20
201 169
255 215
143 121
203 173
70 60
276 237
149 129
300 260
263 232
35 31
202 179
284 256
143 129
289 261
126 114
69 63
242 221
289 264
83 76
241 221
173 160
204 189
227 154
248 231
293 275
207 195
147 140
192 183
90 86
295 282
223 214
252 242
157 151
199 192
140 136
253 246
231 225
172 169
236 232
195604 195347
195566 195336
195583 195371
195586 195399
195586 195431
195578 195453
390914 390676
195449 195335
195579 195466
390854 390629
390876 390651
195608 195504
195498 195397
195603 195507
195441 195347
195507 195417
390904 390730
195490 195405
256 238
195546 195462
195409 195328
390808 390652
195445 195368
390865 390722
390850 390709
390892 390771
390827 390710
781529 781305
390769 390659
390915 390805
390761 390655
781464 781254
390857 390752
781487 781278
781508 781305
781494 781300
390740 390648
781510 781336
390896 390810
781507 781337
781549 781389
390882 390802
781452 781295
390769 390691
195424 195386
781471 781325
195410 195375
195441 195406
390840 390771
195577 195492
781477 781363
1562771 1562550
781482 781373
1562731 1562517
390747 390694
781505 781407
1562748 1562563
195507 195484
781361 781271
781366 781277
390742 390702
781517 781442
1562721 1562575
781402 781329
1562724 1562580
1562793 1562654
195450 195433
390917 390883
195405 195390
1562749 1562637
1562721 1562613
1562645 1562538
390761 390735
3125300 3125094
781360 781311
1562656 1562559
1562781 1562688
1562763 1562679
781471 781350
781491 781449
3125297 3125216
1562698 1562618
781445 781406
1562776 1562700
390716 390698
1562666 1562611
1562707 1562654
1562719 1562685
1562664 1562631
781392 781377
390877 390870
1562731 1562712
1562771 1562763
390892 390890
195491 195490
1562760 1562753
1562793 1562789
390723 390722
137 137
99 99
136 136
1562648 1562652
781472 781480
390863 390865
390691 390694
390818 390829
195537 195541
390730 390738
1562668 1562770
390743 390758
1562706 1562777
195566 195575
390831 390855
193 199
390800 390831
390710 390743
781350 781424
195529 195548
195469 195488
781460 781550
781348 781446
195465 195490
195429 195454
781368 781468
390869 390920
781386 781488
781359 781470
390730 390788
390785 390846
390814 390878
781364 781492
781332 781462
781385 781526
390801 390873
781336 781491
390751 390831
390701 390781
195460 195506
781321 781520
195516 195567
195528 195581
390753 390862
195527 195583
195391 195448
195441 195499
195426 195487
195339 195406
195438 195506
390780 390917
390731 390902
195464 195558
390724 390917
195460 195557
195383 195489
390674 390896
195494 195609
195396 195511
195429 195558
195386 195522
195335 195471
195351 195555
195397 195611
195333 195610
189 190
255 258
216 219
238 242
277 282
250 256
237 243
212 290
222 229
191 199
114 119
67 70
136 143
263 277
73 77
167 177
177 189
180 193
132 142
158 171
277 300
226 245
273 296
228 250
172 189
182 200
258 284
131 145
136 151
196 218
203 226
228 254
244 273
185 208
99 112
196 222
82 93
168 191
232 264
50 57
154 176
240 276
160 184
224 259
144 167
126 147
75 88
172 202
191 228
149 178
210 251
194 232
224 270
189 228
58 70
24 29
206 250
203 251
172 214
141 177
140 177
188 241
161 207
120 157
158 208
210 278
92 122
185 248
172 231
197 265
155 209
109 220
207 284
192 265
181 253
111 156
181 255
206 291
182 258
131 186
61 87
168 240
119 170
68 100
180 267
164 245
44 66
183 275
180 271
77 116
146 220
108 165
170 260
94 144
15 23
100 157
115 181
91 144
175 277
157 249
96 154
116 191
147 243
159 263
142 235
120 200
53 89
105 177
114 193
160 271
134 228
161 281
159 278
145 259
72 129
80 144
55 99
31 56
73 132
119 216
163 296
125 227
135 249
138 257
103 193
75 144
98 190
48 94
72 142
135 267
142 281
122 243
64 128
84 169
75 151
43 173
137 281
140 289
108 224
121 258
73 156
72 156
132 286
114 248
70 153
102 223
126 277
125 275
44 97
68 151
13 29
65 146
85 191
122 275
55 124
130 294
117 265
43 99
122 283
128 299
123 292
83 198
73 175
50 120
39 95
57 140
117 288
55 137
84 211
117 297
70 178
103 262
110 282
96 248
25 65
77 201
93 247
71 191
78 211
96 261
95 262
90 251
106 298
98 276
85 240
74 210
57 162
94 268
85 246
81 267
8 27
42 144
66 232
28 99
84 298
62 220
38 139
37 143
70 274
40 160
59 240
53 218
40 165
41 181
50 228
52 239
38 177
45 220
38 190
44 230
39 205
32 169
35 187
28 150
5 27
37 206
30 179
18 112
39 246
31 211
40 274
12 83
25 174
22 155
41 291
41 292
24 176
20 148
38 283
37 281
19 145
32 255
29 234
32 263
35 296
29 247
21 182
34 295
18 172
18 175
20 200
18 205
6 77
15 243
16 260
16 263
10 169
8 141
15 291
10 198
14 285
13 286
6 133
8 181
11 250
10 272
3 82
7 205
6 258
4 182
3 155
3 174
3 196
1 167
