5000117638
293 163
284 38
291 13
185 10
287 22
263 31
194 25
266 36
274 48
145 27
177 35
276 167
243 56
253 70
299 83
176 51
243 81
231 81
171 61
299 169
200 84
259 130
204 89
282 133
115 26
122 48
186 79
125 62
175 96
137 81
148 88
141 87
283 189
153 104
249 179
226 163
136 102
254 195
235 190
153 125
150 124
239 198
151 126
205 173
274 239
260 240
31 29
160 157
108 1
5000100300 5000100074
278 298
243 253
181 181
64 65
270 275
200 206
182 196
103 108
193 211
136 150
148 172
202 243
184 223
235 291
41 51
217 272
184 231
100 130
209 274
147 194
200 268
194 261
80 123
50 81
87 142
153 256
155 267
102 176
153 264
163 290
27 50
108 218
47 95
112 227
73 148
128 261
119 244
57 117
82 170
48 100
110 253
15 35
49 118
27 68
104 275
84 225
60 164
51 149
94 287
87 267
51 159
71 224
70 221
66 218
72 250
69 242
46 187
42 176
49 267
47 263
38 271
25 227
32 300
23 217
10 99
19 193
18 185
25 286
6 97
10 216
2 85
