99965576
78 5
94 16
45 9
44 10
99 29
62 20
79 28
82 32
99 39
90 37
39 17
38 18
100 48
54 27
88 44
67 34
97 13
78 47
79 50
30 19
66 43
61 40
76 53
97 69
94 67
55 41
71 54
92 72
85 70
89 76
14 13
70 69
10781349 10781255
96 54
89 79
13125098 13125004
89 98
10781349 10781273
10195412 10195351
13125099 13125080
10195412 10195372
10781348 10781308
10781347 10781312
10195409 10195411
81 91
39 44
79 92
14 18
41 53
42 55
35 46
33 44
48 67
14 21
22 36
37 64
35 68
25 49
41 81
10 22
39 86
9 20
30 68
12 28
36 86
24 59
27 67
31 80
34 91
27 78
33 96
20 61
15 50
25 84
8 27
29 99
25 92
19 71
23 87
21 92
17 85
11 63
9 56
11 85
8 62
12 96
8 67
5 66
3 97
