9999769467
62 1
68 2
93 3
94 4
42 2
41 2
75 4
51 3
15 1
98 8
83 7
100 9
10 1
72 8
9 1
38 5
51 7
29 4
92 13
82 13
6 1
89 15
71 12
23 4
69 12
85 15
98 18
92 17
32 6
77 16
52 11
85 20
54 15
54 16
99 30
99 33
84 28
9 3
84 29
78 27
71 26
19 7
92 37
84 34
100 43
74 32
30 13
99 43
16 7
89 40
75 34
90 41
96 44
100 46
69 32
15 7
100 48
25 12
50 24
52 28
67 38
7 4
41 24
99 58
46 27
47 28
78 47
49 30
29 18
40 25
94 60
82 53
66 43
48 32
39 26
63 42
60 40
85 57
98 66
43 29
75 51
69 47
60 41
67 46
81 56
65 47
11 8
97 71
30 22
91 67
57 42
59 44
98 74
45 34
37 28
71 54
70 54
99 77
77 64
36 30
95 80
14 12
92 79
71 61
43 37
22 19
15 13
54 47
79 69
56 49
90 79
84 75
76 68
87 80
66 61
93 86
29 27
65 62
87 83
27 26
56 54
77 75
40 39
80 79
1078125098 1078125001
92 2
1002441505 1002441412
1039062598 1039062516
1625000100 1625000007
89 100
1019531349 1019531270
1001220803 1001220729
1156250099 1156250016
1039062600 1039062526
1039062600 1039062598
34 34
73 73
39 66
64 65
51 52
50 51
60 62
24 25
46 48
85 89
57 60
28 30
27 29
86 95
73 81
40 45
55 62
70 79
35 40
33 38
73 85
72 84
84 98
46 54
65 78
35 42
71 86
41 51
79 99
15 19
26 33
73 94
41 53
42 55
58 76
76 100
56 74
51 68
69 92
38 51
60 81
40 54
46 63
31 43
49 68
61 85
58 81
46 65
57 83
52 76
64 94
29 43
14 21
28 42
65 98
56 85
44 68
42 68
43 70
17 28
15 25
55 94
39 69
50 91
50 93
51 95
44 82
46 87
37 70
38 72
29 55
50 95
38 76
23 46
47 95
45 91
25 52
47 100
28 60
20 43
24 52
41 89
20 44
28 63
42 96
35 86
15 37
19 47
17 43
20 51
28 72
20 52
26 68
31 83
26 70
27 74
31 87
28 79
34 97
5 15
17 53
18 58
17 56
6 20
16 57
19 70
26 96
24 90
26 98
15 59
23 93
15 62
7 29
14 58
20 93
8 40
6 32
5 27
12 72
7 46
10 74
8 60
11 97
1 57
1 93
