9718509230
91 2
51 2
54 3
96 7
39 4
18 2
64 8
57 8
13 2
56 10
96 18
58 11
96 19
48 11
78 18
74 18
64 18
94 1
73 22
96 31
42 14
91 31
87 31
72 26
71 26
86 32
45 17
55 21
97 38
42 17
87 36
75 32
69 30
48 22
90 45
86 43
84 45
96 52
62 35
90 53
44 28
40 26
38 25
47 31
56 37
78 52
3 2
62 42
27 8
50 35
84 64
60 46
40 32
10 8
98 79
99 80
81 67
96 81
87 74
65 56
97 85
80 72
82 79
76 74
98 96
85 84
313500100 313500023
313500080 313500006
313500091 313500017
313500095 313500021
313500080 313500013
313500066 313500001
313500084 313500021
313500092 313500029
313500093 313500030
313500080 313500028
313500082 313500033
313500090 313500043
313500097 313500051
313500089 313500047
13 9
313500085 313500045
313500095 313500064
313500080 313500053
313500085 313500060
313500091 313500067
313500070 313500050
313500097 313500081
313500073 313500061
85 98
313500086 313500079
313500068 313500062
313500100 313500096
313500086 313500089
313500071 313500082
313500083 313500099
313500074 313500093
313500069 313500097
313500067 313500099
64 68
83 97
71 72
73 75
35 36
55 57
63 66
81 85
71 75
49 52
72 77
76 82
57 65
33 38
22 26
45 54
46 60
73 96
50 67
44 62
55 79
44 65
37 55
67 100
57 91
21 35
54 94
41 75
44 81
48 90
43 83
29 57
43 87
25 61
17 42
20 54
29 84
30 94
22 73
28 93
18 66
21 81
10 39
21 85
14 58
23 100
10 65
6 45
10 85
5 73
3 45
1 36
