1005446
66 8
91 47
85 25
57 1
79 2
67 1
99 19
92 35
91 38
64 24
79 42
94 51
98 7
77 21
91 54
95 52
69 28
61 23
87 19
32348 32255
75 39
93 5
58 12
95 39
56 21
40 5
44 9
75 26
35 2
80 7
56 11
71 15
88 36
99 1
88 21
76 23
50 10
90 20
85 20
86 16
77 22
73 24
32348 32251
78 13
68 27
74 6
100 38
53 2
90 24
94 45
89 35
68 14
82 9
60 18
7 2
13 4
19 7
42 16
39 15
53 21
27 11
34 16
53 25
50 24
52 25
56 27
2 1
55 29
57 32
52 30
44 26
42 25
80 48
63 39
66 41
74 46
51 32
88 56
65 43
80 54
70 48
81 56
95 66
47 33
91 65
91 65
92 66
66 48
91 67
84 62
69 52
53 41
78 62
97 78
63 51
82 67
80 66
76 64
21 18
72 62
23 20
70 61
84 74
95 84
88 79
79 73
100 93
20 19
83 80
82 80
32314 32253
60 10
32337 32253
32341 32265
32326 32260
32329 32267
32347 32289
32321 32268
32324 32273
32318 32272
63594 63505
32315 32272
32319 32277
63597 63518
32313 32273
63589 63514
63581 63510
32327 32292
32342 32254
32303 32253
32283 32253
32344 32314
32348 32318
32318 32289
32319 32293
32308 32284
58 58
