6000016398
78 1
95 2
81 2
61 2
27 1
49 2
98 4
45 2
67 3
95 5
90 7
88 7
71 6
82 7
84 8
58 6
95 10
91 10
99 11
80 9
35 4
35 4
96 12
72 10
43 6
81 12
57 9
94 15
43 7
96 16
77 14
38 7
27 5
90 17
100 19
30 6
77 16
71 15
52 11
70 15
68 15
95 21
31 7
83 19
13 3
85 20
100 25
99 26
97 26
66 18
87 24
68 19
99 28
45 13
57 17
97 29
40 12
83 25
94 29
54 17
96 31
68 23
59 20
61 21
26 9
74 26
56 20
36 13
99 36
82 30
78 29
94 36
77 30
82 32
62 25
52 21
90 37
71 30
98 42
54 24
83 38
28 13
98 46
25 12
62 30
39 19
89 44
84 42
96 49
85 44
85 44
57 30
19 10
83 46
81 45
21 12
70 40
96 55
63 38
71 43
36 22
16 10
97 61
54 34
73 46
62 41
77 51
99 66
85 57
86 64
92 62
91 65
78 53
81 56
94 65
80 57
88 61
93 66
72 50
94 66
65 44
13 9
62 43
71 51
18 13
79 58
81 61
62 47
80 61
76 58
78 60
44 34
77 61
75 60
79 64
75 61
38 31
78 65
20 17
20 17
63 54
65 56
67 58
53 46
65 57
91 81
64 57
46 41
75 67
67 60
58 52
50 45
88 80
81 74
60 55
72 67
62 58
47 44
80 75
85 81
73 70
52 50
53 51
63 61
99 96
87 85
50 49
52 51
58 57
84 83
56 1
6000000100 6000000009
95 96
47 47
36 36
29 29
19 39
62 63
83 85
85 88
74 77
78 83
59 64
77 84
62 68
68 75
73 81
79 88
58 65
62 70
85 97
60 69
58 67
82 95
44 51
18 21
66 77
72 85
55 65
70 83
47 57
64 78
68 83
27 33
72 89
78 97
33 42
19 25
62 82
45 60
58 79
58 79
68 96
49 70
27 39
40 58
56 82
66 99
58 90
25 40
53 85
34 55
50 81
51 83
39 65
37 62
22 38
49 85
31 56
41 75
47 87
21 40
32 61
36 70
41 82
43 87
34 69
9 20
31 69
32 72
19 43
18 41
41 95
33 78
23 55
23 56
26 67
30 82
22 61
33 92
22 64
19 56
15 46
12 37
26 82
17 54
22 70
27 87
22 74
25 87
21 74
20 72
24 92
9 36
13 52
20 80
17 71
18 78
22 96
17 75
22 99
20 93
11 52
13 63
20 99
19 97
19 97
13 72
18 100
18 100
9 54
13 80
11 80
3 22
13 98
6 52
8 73
10 94
8 79
5 63
6 84
2 33
5 89
4 76
5 97
5 98
4 87
3 67
3 72
2 65
1 86
