9690611273
169 15
283 78
163 45
246 91
180 67
268 109
299 140
202 98
214 115
157 90
212 145
274 195
262 206
273 24
184 149
99 88
270 241
294 268
271 259
312600294 312600026
312600244 312600016
312600265 312600045
312600246 312600069
312600288 312600129
312600268 312600162
299 242
312600121 312600018
312600185 312600101
312600247 312600171
312600220 312600147
312600296 312600251
312600116 312600048
312600139 312600075
312600136 312600098
312600229 312600220
312600234 312600235
312600051 312600058
312600283 312600292
80 126
312600115 312600144
312600181 312600216
312600014 312600049
312600134 312600172
312600223 312600289
312600157 312600227
312600025 312600108
312600167 312600272
312600047 312600206
312600070 312600254
312600114 312600300
312600039 312600292
312600033 312600297
127 148
122 145
32 44
123 177
96 143
163 261
110 205
110 213
109 228
108 252
40 116
51 153
43 129
46 166
49 180
22 98
29 191
10 80
3 168
