60012913
205 39
208 3
23 1
295 20
278 20
147 11
296 26
270 30
143 16
286 39
86 14
264 43
243 40
180 34
172 33
265 57
207 60
111 41
194 86
122 61
234 122
220 117
277 148
291 157
213 120
180 106
106 70
226 151
289 203
167 126
188 142
109 85
83 66
176 141
255 212
294 245
140 126
296 272
185 174
243 229
39 37
198 1
60000300 60000052
255 257
163 174
240 264
214 241
211 238
226 265
238 283
238 296
206 267
98 145
152 225
119 178
176 266
116 177
132 210
74 124
116 196
136 237
156 298
110 211
20 39
131 256
136 278
18 45
31 87
37 104
60 188
73 239
66 259
50 203
52 234
45 209
45 276
9 72
21 298
18 279
9 192
12 257
