1036479
9063 8860
8974 8856
1459 1390
1338 1250
1500 1306
1426 1338
1396 1346
1453 1272
1426 1310
1514 1252
1497 1258
1509 1255
1544 1434
1349 1263
16854 16670
1336 1297
1543 1324
16831 16648
1478 1257
16901 16655
1470 1255
1399 1295
1462 1428
1447 1347
1512 1256
1323 1259
1406 1299
1395 1245
1461 1401
1518 1261
1421 1294
8989 8834
1399 1303
1456 1301
1412 1357
1385 1351
1428 1332
1495 1435
1307 1251
1420 1149
9107 8820
1498 1382
1334 1264
1471 1381
5035 4947
1380 1298
1291 1123
1492 1353
1433 1311
16889 16684
1604 1569
1749 1566
1621 1534
1401 1266
1573 1537
1401 1297
16915 16633
1653 1623
1365 1129
1282 1213
1720 1504
1740 1621
1776 1627
1675 1600
9070 8940
1385 1215
1341 1302
1413 1186
1387 1299
1778 1607
1362 1230
1357 1189
1788 1490
16909 16719
1666 1534
5162 4983
1752 1624
1322 1254
1578 1521
1784 1753
1620 1595
5199 5063
1776 1622
1715 1527
16864 16660
1783 1573
1341 1141
1666 1545
1736 1688
1750 1628
16905 16714
1784 1699
1749 1692
1571 1544
1669 1551
1422 1277
1397 1300
1609 1519
1286 1252
1359 1329
1380 1257
1368 1180
9070 8899
1758 1655
1393 1299
1366 1126
1735 1609
1402 1363
1702 1655
5132 5024
1556 1525
1376 1153
2088 1992
2221 2039
1360 1274
1276 1136
2119 2079
2130 2005
1364 1248
16827 16649
2245 2091
1366 1205
2242 2007
9102 9004
2253 2084
2204 2072
1223 1157
86 7
2239 2107
148 128
234 65
2016 1979
292 164
2143 2059
186 18
5067 4961
2125 2057
5068 4922
2117 2082
2130 1981
283 249
2229 2022
9055 8838
171 89
2225 2138
2159 2088
227 102
2137 2080
2092 2002
133 14
2207 2119
2272 2068
293 213
75 45
2099 2052
2177 2079
2257 2022
2058 1991
171 137
2195 2041
2149 1996
290 110
207 22
273 111
296 252
2190 1998
2151 2117
2209 2084
259 166
2164 2003
249 155
233 4
169 50
67 17
3034 2956
156 29
3236 3047
224 159
3184 3080
3203 3166
3233 3154
3184 3012
276 110
3155 3102
3211 3009
3182 3082
3185 3003
3224 3055
253 187
9069 8883
263 40
9075 8883
298 23
289 13
3230 3021
3192 3084
131 64
109 3
3165 3052
3183 3097
3097 2958
9094 8836
3223 3163
3103 3035
9077 8840
3143 3019
8973 8874
3122 3053
3192 3058
50 6
3097 2974
196 99
8946 8826
155 76
3128 3015
3196 3152
3243 3205
3191 2967
284 186
109 11
66 26
3252 3065
195 143
262 245
3059 2988
105 77
279 182
3137 3048
9017 8921
3082 3013
3235 3086
3194 3029
8986 8844
100 36
9109 8905
3165 3114
9085 8984
5021 4924
105 28
5164 5019
120 30
225 175
5157 4987
5001 4921
5101 4986
5101 5001
200 135
5026 4963
218 32
5112 4932
5193 5012
144 54
51 34
295 91
5069 4976
9009 8880
9098 8843
5085 4961
216 20
5162 4966
5091 5023
9075 8963
113 64
5148 5004
9082 8890
207 86
300 149
5085 4986
5161 4973
5091 4982
9028 8859
5161 5005
256 14
204 150
9064 8920
283 142
82 70
226 215
132 126
166 161
1271 1250
1311 1290
1626 1602
1746 1721
1266 1249
1265 1250
1523 1506
1669 1651
1431 1416
3193 3160
5161 5109
1395 1381
9060 8972
3077 3048
3093 3064
16900 16742
16802 16646
9058 8980
1743 1728
1292 1281
8983 8907
1330 1319
16823 16686
2983 2959
5012 4973
16904 16780
8934 8869
9050 8987
194 84
32517 32252
16790 16665
3219 3197
5171 5143
1282 1276
