1010264
216 12
251 42
228 37
270 35
265 43
259 13
285 29
256 4
200 10
289 41
253 17
292 39
243 5
293 83
279 38
51 3
54 5
185 21
151 24
176 28
144 27
102 20
120 26
229 50
99 23
46 11
127 32
56 17
199 61
289 108
146 59
235 97
77 32
293 124
217 93
241 109
101 46
217 101
210 102
137 71
146 42
238 125
270 146
286 155
204 111
47 26
213 132
286 182
288 186
198 128
289 187
69 48
204 143
27 19
196 152
229 181
129 103
297 243
237 196
124 104
290 250
274 245
165 152
289 268
131 122
176 164
158 151
41514 41306
41423 41268
41428 41273
41495 41355
41447 41309
41483 41352
41408 41287
41423 41308
41398 41284
72746 72566
41490 41388
72778 72605
72684 72513
72720 72560
72760 72601
261 136
72752 72607
72672 72534
72784 72672
161 166
196 208
