1020974
290 129
284 113
235 3
228 4
171 5
287 106
208 9
175 9
300 107
279 25
205 21
257 89
224 24
257 88
290 33
294 37
209 27
260 36
260 38
240 36
246 79
259 41
287 46
243 39
205 33
261 43
251 44
279 86
227 41
209 38
251 48
292 64
252 76
226 68
272 66
263 79
249 62
255 64
290 81
31560 31271
61 2
97 8
96 10
163 18
102 16
182 32
184 41
181 43
174 43
197 51
106 28
189 51
154 42
210 60
174 50
98 29
127 38
180 57
177 57
127 41
195 66
101 36
67 24
165 60
195 71
129 48
113 43
246 96
218 86
50 20
160 64
176 72
127 52
160 66
121 51
195 86
216 96
283 126
191 86
220 101
180 83
111 54
299 150
199 101
291 148
151 77
123 63
248 128
201 104
245 127
244 127
177 94
271 145
187 102
186 102
187 104
60 34
128 74
291 170
177 104
168 101
56 34
167 102
124 77
199 125
282 179
63 40
163 104
28 18
282 182
115 75
261 171
274 181
291 197
206 140
222 151
244 166
172 119
194 138
286 206
171 124
146 106
166 122
251 186
105 78
206 154
246 185
229 174
74 58
144 113
200 157
195 154
215 171
49 39
254 203
211 169
291 237
222 183
223 184
273 2
289 241
80 67
240 201
163 137
224 190
257 221
90 79
168 148
187 165
116 103
223 199
228 204
259 234
212 194
210 193
268 247
90 83
263 245
96 90
211 199
291 275
167 159
168 160
234 223
254 243
133 128
27 26
251 243
165 160
232 225
277 271
217 213
31558 31285
232 230
31554 31283
31555 31298
254 252
31508 31266
264 262
31513 31279
31522 31290
31513 31285
31499 31297
31526 31324
31533 31343
31483 31294
31552 31372
31499 31328
31497 31327
31494 31327
31444 31281
31511 31357
31550 31399
31456 31313
224 223
31498 31358
31425 31287
31483 31345
31483 31350
31508 31377
239 199
31526 31397
295 300
31504 31385
31516 31397
277 276
31547 31436
31527 31417
31533 31428
135 135
93 93
282 291
254 261
141 145
85 88
166 172
270 282
278 291
251 263
84 89
183 196
189 203
237 255
246 265
250 271
215 235
155 170
71 78
19 21
204 227
226 253
215 241
244 274
204 233
177 203
225 262
203 238
241 287
187 223
48 59
109 134
215 266
96 119
156 197
91 115
202 258
42 54
42 54
174 224
114 148
171 222
168 219
79 103
223 292
125 166
166 221
143 191
202 271
25 35
