100009145
291 6
260 18
197 14
104 10
241 30
143 22
270 45
299 51
238 49
169 49
80 24
269 87
159 59
285 106
289 108
274 103
271 107
134 54
242 100
288 121
277 118
207 92
294 133
109 50
255 119
235 111
118 59
294 148
142 73
207 112
207 117
231 132
251 146
291 183
122 79
296 194
178 127
262 191
242 181
262 200
204 156
138 109
242 199
159 131
257 214
263 219
249 209
283 246
162 141
236 211
283 254
64 58
781519 781316
282 146
781523 781282
24563 24422
24701 24573
390913 390765
97944 97854
48918 48852
24701 24627
49094 48971
97873 97693
97931 97755
97911 97756
3125164 3125005
390896 390814
1562701 1562589
781545 781477
1562656 1562540
12500227 12500039
6250114 6250018
54 51
12319 12277
12401 12359
297 296
24608 24571
12446 12434
48964 48923
390845 390799
97665 97658
781493 781452
3125211 3125158
781300 781287
6250263 6250185
292 270
3125154 3125068
3125122 3125005
25000292 25000099
25000240 25000102
195546 195545
3125188 3125199
195486 195498
233 236
198 206
175 187
143 154
91 104
223 261
58 68
139 179
