97193723
67 4
99 6
76 6
66 6
54 7
78 11
53 8
78 12
97 17
87 16
88 18
73 15
82 17
84 18
88 1
48 12
74 19
23 6
10 3
26 8
95 32
79 27
68 24
68 25
100 37
64 24
74 28
52 21
97 44
81 38
81 39
97 49
91 46
49 25
29 15
99 52
77 41
79 46
53 31
100 60
31 19
39 24
61 39
100 65
46 33
58 14
100 73
71 54
85 65
30 23
82 64
53 42
44 35
100 80
57 50
16 15
83 78
71 68
3135094 3135002
3135099 3135008
3135090 3135006
3135095 3135012
3135089 3135009
3135095 3135016
3135096 3135029
3135093 3135029
3135091 3135029
79 57
3135096 3135039
3135089 3135034
3135100 3135074
88 93
3135089 3135035
3135091 3135040
3135091 3135047
3135097 3135053
3135091 3135049
3135093 3135051
3135097 3135059
3135098 3135064
3135093 3135067
3135097 3135074
3135092 3135074
3135094 3135078
3135094 3135087
3135100 3135093
3135093 3135092
3135095 3135094
27 27
3135097 3135097
3135093 3135094
3135094 3135096
83 96
19 51
35 37
24 26
79 90
82 95
67 78
34 40
20 24
62 76
51 69
45 63
61 86
63 93
44 65
26 39
35 54
21 33
34 58
44 77
44 78
39 72
53 100
20 38
44 85
26 52
34 68
13 29
27 61
11 25
42 97
29 72
25 63
20 52
25 68
22 67
21 72
6 22
15 57
23 89
9 42
7 33
11 55
18 93
16 94
4 24
5 30
13 88
9 61
7 56
5 42
8 70
4 48
7 85
5 90
2 57
1 33
2 72
1 64
