100017533
128 10
285 23
188 22
203 28
80 13
223 52
230 59
127 33
202 54
101 29
186 59
47 15
220 77
178 73
243 104
133 57
294 128
198 90
247 130
185 98
229 123
127 74
248 147
113 71
280 195
296 210
233 170
124 92
205606 205342
205583 205320
205582 205323
205565 205335
205548 205323
205600 205397
205567 205375
205572 205382
205575 205389
205548 205364
205489 205319
205518 205364
205503 205364
400914 400657
205590 205459
400925 400679
205594 205470
205589 205474
205437 205329
205473 205365
205461 205362
400880 400695
400820 400642
400802 400640
400834 400678
400780 400630
205419 205347
400789 400652
205576 205507
791541 791277
400800 400668
205576 205510
205412 205348
205546 205484
205446 205385
205517 205456
791538 791323
400804 400699
791478 791272
400783 400681
791503 791313
224 139
400918 400819
205439 205389
400886 400789
400829 400734
205375 205327
791520 791342
400809 400721
791528 791360
791422 791256
791549 791387
205379 205337
400866 400788
400867 400790
205420 205381
791535 791391
400763 400693
400764 400695
205557 205522
400738 400676
400803 400745
400921 400864
791438 791328
791418 791310
791532 791425
791366 791263
205412 205386
1572741 1572542
205551 205525
791396 791305
791411 791320
1572760 1572585
1572734 1572564
1572693 1572525
400795 400753
1572784 1572621
1572758 1572596
791423 791343
205380 205360
1572751 1572599
791464 791389
3135294 3135007
400824 400789
1572643 1572507
1572716 1572587
1572749 1572622
1572757 1572631
1572798 1572675
791454 791393
3135288 3135048
3135291 3135056
1572776 1572662
3135222 3135002
791543 791488
1572652 1572544
791366 791312
791385 791331
3135283 3135076
3135279 3135083
1572721 1572626
3135219 3135035
791408 791364
3135206 3135032
400859 400760
3135215 3135050
3135171 3135004
3135193 3135029
3135178 3135015
791329 791298
400716 400701
791347 791319
791329 791302
205447 205440
205482 205475
791274 791251
400769 400762
