99973310
280 12
42 3
271 20
288 23
216 24
176 22
248 39
269 53
71 22
290 93
292 94
246 81
274 95
295 124
281 129
213 7
189 91
181 88
283 147
269 149
115 68
138 83
117 76
48 33
219 168
296 237
239 193
134 109
247 213
81 70
209 198
293 278
214 205
13125298 13125006
10781505 10781285
10781534 10781315
182 86
10195607 10195433
10390909 10390732
13125275 13125114
225 299
10781535 10781400
181 181
10390864 10390886
10390896 10390925
211 212
103 240
37 45
167 250
92 146
154 247
150 242
166 276
64 107
65 113
102 185
119 264
68 155
88 210
120 296
90 249
99 283
29 99
42 144
44 161
80 298
18 89
52 265
21 137
32 241
10 95
27 277
19 217
6 217
