1009388
2050 2001
41 10
2010 1973
73 8
2054 2025
66 7
2057 1978
99 25
2044 1989
80 36
40 5
7909 7866
91 69
64 27
33 8
67 7
15734 15644
100 25
60 3
73 36
2059 2010
60 30
2031 1977
15730 15638
2061 1974
48 16
7913 7871
91 6
69 42
77 22
56 4
99 52
76 28
51 18
84 33
80 33
75 44
64 34
67 45
2038 1967
95 62
95 9
15734 15643
69 36
2057 1966
7883 7825
86 45
7915 7870
62 15
100 58
55 6
77 6
90 30
2047 1964
97 13
3991 3925
2008 1980
90 39
84 11
99 37
90 32
95 1
86 35
94 14
74 40
3962 3932
71 45
3951 3917
3956 3918
69 46
94 36
61 38
61 4
4013 3972
2062 2022
87 33
68 43
99 38
4005 3963
3982 3917
96 33
75 31
91 5
2053 1973
56 13
89 29
69 31
100 16
73 4
2015 1976
100 45
47 9
88 4
2050 1994
2056 1983
63 4
3995 3955
3986 3919
3980 3948
89 50
78 38
3969 3917
4010 3952
56 24
76 24
3991 3951
3977 3934
83 24
78 27
79 13
4006 3921
84 10
74 30
38 3
100 20
3977 3949
4009 3920
99 32
48 2
3999 3923
3982 3938
3969 3928
3985 3920
8 1
18 3
10 2
14 4
30 10
29 10
31 14
18 9
44 26
54 33
35 22
57 38
59 40
42 29
60 42
20 14
18 13
26 19
66 49
70 53
13 10
24 19
29 23
66 53
68 55
66 54
39 32
57 47
97 80
89 75
59 50
53 45
97 84
100 87
80 70
91 80
90 80
57 51
76 69
65 60
79 73
75 70
85 82
85 83
2013 1989
2006 1985
2005 1986
2005 1987
1995 1981
2001 1987
2031 2017
3976 3949
2009 1996
3982 3959
2024 2013
7873 7832
15716 15636
7876 7836
15723 15645
15722 15649
7905 7870
7874 7840
15703 15640
15728 15665
15707 15645
2036 2028
3935 3920
7899 7869
15713 15655
3981 3967
15697 15642
7907 7880
3992 3979
15692 15643
15698 15650
15708 15660
1974 1968
3987 3975
7891 7868
15687 15642
15714 15669
7868 7846
1985 1971
15724 15638
7859 7838
7887 7866
7890 7869
3965 3955
15694 15655
15726 15687
31350 31274
7871 7852
7876 7857
15707 15671
15731 15697
7905 7888
15710 15680
31354 31297
31357 31303
31339 31282
3990 3982
7846 7832
15692 15664
15706 15679
31353 31300
31354 31301
31353 31268
31337 31264
15678 15637
31320 31270
2001 1998
