1008564
187 7
188 4
200 43
173 27
160 36
198 51
142 8
170 12
173 17
144 4
198 6
175 35
191 65
93 1
64 4
61 5
96 10
57 6
125 18
30 5
78 16
61 13
9 2
133 31
129 38
169 50
160 48
70 21
131 40
135 42
159 52
175 58
175 60
172 62
155 56
168 62
153 59
128 50
190 77
75 31
194 85
114 50
178 109
23 11
90 45
195 98
73 37
149 79
90 48
141 76
86 47
73 40
59 33
102 58
196 113
148 86
123 72
146 87
82 49
10 6
195 120
156 96
109 69
167 106
177 114
159 106
119 81
76 54
134 99
175 133
160 122
109 84
102 80
149 117
146 115
92 73
112 89
150 120
179 150
125 106
154 131
125 107
156 134
113 98
68 59
168 151
87 79
113 104
189 178
194 187
183 181
187 185
94 93
99 98
110 109
41449 41273
41433 41282
41412 41274
41408 41276
72697 72515
41387 41262
41424 41299
41398 41297
72694 72520
72682 72516
41384 41296
72688 72534
41395 41308
41359 41274
41409 41324
41336 41252
155 72
72648 72527
188 190
135180 135024
175 177
110 112
