100007440
263 4
210 11
73 4
286 19
209 17
188 18
191 19
77 8
257 27
44 6
100 22
170 46
292 81
185 56
298 101
197 69
132 47
218 79
228 88
267 110
288 121
257 110
226 110
40 21
88 47
260 142
166 99
197 118
150 93
109 68
209 133
203 132
191 126
163 108
96 64
261 175
175 123
258 183
125 89
212 151
183 131
40 30
274 214
204 162
280 224
36 29
250 205
186 153
227 187
265 219
140 118
283 244
153 132
133 115
105 95
290 268
252 234
253 240
273 3
87 83
255 250
263 258
10001822 10001534
10024698 10024453
10001781 10001553
200 190
10001059 10000793
10003327 10003110
10390874 10390653
10195512 10195323
13125242 13125002
16250291 16250082
230 237
228 235
185 195
