50022251
248 4
145 4
170 5
259 11
243 14
235 14
173 11
227 15
250 19
63 5
249 21
124 11
144 14
97 11
116 16
234 38
152 25
218 40
95 19
296 60
276 69
192 50
251 77
281 89
172 55
183 60
229 78
84 29
161 56
264 108
263 108
289 119
207 86
257 107
35 15
236 109
198 93
175 83
200 96
123 60
195 96
148 73
275 137
234 119
276 148
269 150
120 76
85 54
197 128
162 106
118 78
206 139
264 179
280 193
284 197
188 131
261 184
285 201
163 126
156 121
248 210
208 173
218 195
121 110
138 128
196 182
62 58
215 203
275 262
214 207
268 262
142 139
147 146
135 3
50000300 50000001
286 300
20 29
188 189
286 290
120 122
257 264
233 240
113 119
195 212
155 171
234 264
192 222
249 290
163 191
88 104
75 89
92 112
167 211
203 266
187 253
177 242
148 204
69 103
90 135
173 271
161 256
57 93
90 147
144 252
101 187
71 138
71 139
132 262
85 177
93 194
122 255
110 245
67 150
68 156
116 269
9 21
48 113
92 237
111 287
37 96
65 179
46 127
30 83
69 191
78 218
69 193
93 263
74 213
75 223
35 107
64 230
63 260
43 207
29 146
41 210
39 207
40 217
13 73
38 243
45 298
25 171
20 141
25 183
24 192
24 195
19 158
34 293
22 209
28 284
25 256
4 41
17 177
11 128
18 210
18 210
17 207
10 147
14 210
11 182
10 170
14 244
