10000008770
286 6
221 9
96 4
288 14
210 16
228 25
118 15
234 33
101 15
241 36
271 47
282 51
292 61
252 61
109 28
297 81
215 59
290 83
294 106
87 33
239 95
217 94
277 121
285 125
85 41
261 146
231 132
134 80
299 181
104 65
135 86
161 105
195 137
213 151
235 173
167 125
239 185
156 122
257 205
245 196
290 238
294 247
288 242
162 138
89 76
11220945 11220707
10152847 10152637
11220978 11220749
10305387 10305205
10610645 10610515
11220897 11220792
11220947 11220864
29531507 29531297
10076429 10076361
10152867 10152814
10076573 10076522
29531472 29531350
10305385 10305347
10152791 10152754
635000223 635000051
635000224 635000017
322500205 322500071
322500268 322500082
166250188 166250025
2510000258 2510000072
204 119
10152878 10152847
14883101 14883061
10610425 10610398
19765787 19765740
10076323 10076311
88125280 88125208
88125283 88125219
166250141 166250043
29531392 29531382
166250156 166250139
635000143 635000089
1260000204 1260000103
10152859 10152823
1260000177 1260000108
1260000184 1260000182
49062594 49062632
88125119 88125131
12441576 12441586
29531254 29531323
14882984 14883034
