519200
279 37
234 11
136 10
165 15
154 17
170 20
208 26
221 28
293 38
231 44
218 52
162 46
121 36
174 52
140 42
221 71
219 73
205 69
234 80
177 66
142 54
45 18
278 114
113 47
63 27
96 42
187 82
232 104
198 90
212 104
199 99
165 83
215 110
160 83
264 146
200 126
260 165
37 24
174 113
104 68
274 183
275 185
241 172
274 197
222 166
127 97
157 121
259 218
241 208
281 250
158 141
287 258
177 160
257 234
259 237
207 190
127 119
66 62
245 238
246 243
60 2
501300 501077
293 295
247 251
222 231
278 292
254 283
44 50
125 143
230 264
204 235
145 173
59 71
220 272
81 106
134 176
88 117
214 298
174 246
162 230
97 139
143 221
108 174
146 237
76 126
137 233
161 274
161 274
51 89
161 288
88 159
67 124
90 169
31 59
125 240
54 107
140 283
79 172
125 274
92 207
28 65
51 129
62 157
74 238
80 276
66 232
68 257
55 216
75 297
72 293
40 187
39 197
35 250
38 294
24 202
13 202
3 71
8 197
7 207
8 297
2 204
