612104
85 49
74 1
60 1
79 3
100 9
67 7
83 47
59 7
75 9
99 12
85 48
76 11
54 8
70 12
76 15
50 10
47 10
81 18
96 22
88 22
92 51
97 26
77 21
83 23
63 18
78 42
76 39
81 25
96 30
60 19
69 22
59 19
89 29
94 31
95 32
63 27
74 27
93 34
57 21
80 31
95 37
71 30
27 3
35 5
43 11
33 10
26 8
35 12
53 22
64 29
58 29
44 22
51 26
17 9
69 37
67 36
29 16
56 32
52 30
71 42
69 41
72 43
75 45
80 48
75 46
73 45
79 49
81 51
95 60
93 60
69 45
26 17
81 53
61 40
76 50
45 30
99 66
86 58
94 64
79 55
89 61
55 38
49 34
61 43
42 30
62 45
31 23
58 44
43 34
26 21
86 70
78 64
82 68
97 81
43 36
95 80
83 70
52 44
93 79
95 81
77 66
21 18
61 53
58 51
84 74
34 30
67 60
39 35
83 76
69 64
100 93
81 77
22 21
67 64
25 24
64 62
34 33
74 72
71 1
600100 600027
98 98
92 92
10 21
82 84
31 32
62 64
91 94
94 99
68 72
66 70
75 81
60 65
71 77
86 95
85 95
22 25
85 98
64 74
30 36
81 100
12 15
69 87
76 98
31 40
35 46
54 72
37 50
73 100
24 33
28 40
48 69
43 63
66 98
61 91
23 35
58 89
7 11
60 97
51 83
52 85
52 85
53 87
60 100
28 47
23 40
32 56
19 34
50 90
17 31
24 44
38 70
47 87
51 95
32 60
48 95
33 66
21 43
22 47
28 60
23 50
23 50
17 37
31 69
27 61
19 43
21 48
37 87
36 85
30 71
41 100
11 27
21 53
23 59
29 79
16 44
30 83
30 85
22 66
11 33
21 63
28 85
25 76
31 95
31 97
14 44
21 71
9 31
20 73
27 99
21 77
25 92
19 72
16 61
15 61
13 55
21 98
21 100
7 36
12 64
6 33
10 62
9 58
8 52
13 85
10 76
10 77
10 79
8 66
6 51
10 87
4 35
8 75
8 87
6 68
1 18
2 39
1 36
1 37
2 81
1 91
1 95
