1036679
266 118
282 102
179 37
215 187
1271 1128
66 13
273 168
276 71
168 72
107 27
205 119
219 181
240 182
291 142
190 94
154 122
1349 1139
248 206
187 85
114 78
248 97
189 38
205 137
246 191
273 66
247 27
183 76
185 129
271 236
262 108
135 89
226 155
148 7
276 186
136 79
170 146
197 58
280 83
150 99
139 25
280 174
251 148
63 16
283 133
269 169
207 152
205 106
270 100
124 96
155 120
124 22
283 11
184 161
270 36
1312 1157
288 156
173 70
2251 1981
195 117
276 123
281 222
114 68
194 169
273 242
23 16
237 30
194 115
237 190
94 19
240 38
1359 1194
53 41
77 40
139 17
225 194
237 182
263 120
1761 1501
1692 1492
220 17
1747 1513
187 100
1764 1567
202 16
105 66
1719 1529
191 26
197 106
1744 1538
136 114
273 79
262 84
157 91
1333 1126
124 79
1516 1317
203 100
1538 1260
176 117
154 7
1538 1316
1362 1207
250 102
279 149
250 114
1408 1243
1343 1136
1496 1290
289 201
242 135
189 147
1532 1298
211 105
53 47
277 121
187 155
190 162
112 39
239 191
243 144
286 170
295 164
1390 1142
296 63
220 147
1462 1275
104 60
1390 1184
1661 1598
1593 1536
1324 1206
1600 1546
1274 1228
1641 1550
3144 3019
1726 1543
3024 2965
3107 2964
1721 1534
1715 1591
1731 1541
1774 1694
3199 3035
1309 1239
1679 1515
1710 1554
1314 1267
3146 3000
1370 1259
3173 3067
1422 1370
1350 1248
3215 2980
3226 2994
32498 32251
32527 32273
1301 1185
1768 1716
3162 3020
3043 2969
1657 1610
1777 1588
3050 2970
3197 3085
3211 2982
3134 3064
1230 1173
3056 2959
16923 16632
3079 3023
1686 1509
3159 3033
16817 16641
1626 1549
1371 1248
16917 16744
1712 1601
1666 1603
1627 1544
5160 5064
5154 5005
5190 4910
5123 4971
5165 4981
1725 1646
16835 16659
5126 5005
1339 1208
3231 3162
5151 5055
1728 1663
16811 16630
1494 1360
5150 5057
3198 3072
1774 1672
2183 2079
5202 4992
3230 3037
1383 1247
5180 5027
5043 4935
1234 1151
3026 2967
2257 2113
1738 1575
1489 1378
5168 5068
5204 4975
5177 4990
5059 4964
1452 1365
1326 1252
1471 1389
16835 16639
5166 4936
2139 2049
5180 5097
5186 4912
2144 2039
1294 1204
2127 2016
2145 1996
2155 2007
9015 8919
1403 1357
9040 8894
5152 5044
2165 2018
9034 8924
1395 1312
9083 8935
2120 2040
2198 2127
9010 8825
2225 2027
2223 2015
1396 1260
9110 8970
1518 1434
1386 1249
2259 2142
2218 2158
9106 8961
1336 1290
1485 1349
1428 1296
8927 8819
9064 8845
2067 1979
9011 8850
2269 2175
2256 2146
2134 2067
2208 2144
1515 1437
9001 8818
1399 1341
2255 2161
2265 2086
1492 1436
9069 8964
9100 8933
9112 8869
2191 2082
2161 2059
2234 2037
2226 2070
8979 8873
2145 2096
9055 8877
176 161
229 212
298 277
183 173
168 159
242 233
272 262
205 198
1326 1284
236 229
1383 1343
1361 1324
1436 1397
1264 1230
1328 1293
1352 1317
79 77
1311 1278
1409 1374
1577 1540
1712 1672
1242 1213
269 263
1301 1272
1429 1398
2276 2229
2048 2006
1373 1345
1621 1588
2149 2109
1629 1599
1596 1569
1421 1397
1540 1514
3124 3076
1534 1511
3150 3103
1513 1491
1630 1608
1396 1378
2132 2105
3101 3062
3084 3046
5169 5110
270 267
3072 3040
5113 5062
5141 5090
9004 8920
4964 4919
4995 4950
1236 1225
2993 2967
2996 2970
3031 3005
2123 2105
4986 4944
9034 8959
9055 8981
3056 3032
5114 5074
9081 9013
5147 5110
3164 3142
32516 32298
9103 9042
32498 32282
8975 8916
3230 3209
9081 9022
1547 1537
16875 16766
32495 32289
159 158
4958 4928
5065 5035
112 16
32461 32257
5003 4974
16720 16627
