1025386
209 116
480 354
271 68
401 279
495 347
494 278
276 139
499 326
353 261
632 465
465 314
325 171
373 263
58 25
251 177
100 35
308 193
189 41
431 296
237 167
219 115
435 269
291 168
311 233
303 190
885 649
374 280
263 132
269 192
240 167
306 171
274 92
163 18
206 54
390 134
122 39
166 3
406 169
283 109
259 103
71 8
271 24
96 62
292 71
386 156
212 33
294 200
300 1
354 133
177 88
410 245
286 120
70 10
329 186
307 203
360 120
151 107
211 151
183 117
303 157
163 62
347 236
265 60
81 49
276 29
129 31
273 196
23 6
195 141
226 11
54 30
276 39
118 21
440 331
189 77
252 130
40 12
193 20
163 4
188 20
212 87
285 86
293 154
151 40
237 27
80 2
47 33
250 45
145 87
231 135
198 100
239 28
205 105
250 166
235 10
191 136
171 96
151 7
139 4
125 20
191 26
278 122
160 88
227 87
269 40
2268 2151
2341 2121
2342 2254
416 380
223 172
364 276
569 517
205 173
449 347
2326 2072
514 447
2244 2187
2335 2267
322 259
4266 4080
276 241
2351 2287
172 131
292 242
640 558
4306 4204
626 473
4272 4050
519 428
4264 4077
342 304
224 170
786 638
247 207
670 630
4181 4026
1368 1259
771 628
383 299
1368 1133
809 735
250 204
4241 4104
4219 4015
333 266
842 777
4295 4050
796 720
416 353
848 784
1350 1181
8111 7935
821 630
8195 8065
859 729
1174 1097
266 222
1325 1223
4268 4057
4294 4144
239 188
1362 1215
8138 8003
8161 8011
8162 7953
1170 1083
179 143
218 171
1367 1331
4230 4040
1361 1106
4245 4015
1328 1118
31549 31408
31612 31475
62840 62614
8115 8022
8039 7985
4213 4165
4129 4075
8119 7995
31619 31464
8151 8058
8043 7950
8160 8054
16000 15912
111 91
156 135
198 174
175 154
94 83
202 179
244 219
224 202
92 83
210 191
169 154
314 288
197 181
290 267
261 241
102 96
265 251
96 91
165 157
280 267
217 207
326 311
289 276
224 215
202 194
427 411
402 387
596 581
1226 1196
264 260
169 167
2301 2274
600 593
2244 2224
4130 4095
4246 4213
4270 4241
375 373
8170 8128
8030 7998
2205 2197
4231 4216
31476 31373
31569 31468
15905 15856
8118 8094
15896 15852
15956 15912
62869 62705
31593 31515
4062 4052
2163 2158
62866 62723
31566 31498
504 294
62812 62643
125398 125143
31468 31415
31568 31515
15771 15749
208 210
