612326
91 51
81 1
97 2
73 3
94 4
91 4
45 2
66 3
93 5
76 5
90 7
77 6
68 7
48 5
63 7
72 8
99 12
57 7
38 5
59 8
82 12
73 12
52 9
99 18
86 17
96 53
74 16
41 9
62 14
68 16
63 31
95 46
51 13
90 24
61 17
85 41
95 28
56 17
55 17
64 21
97 41
65 27
85 30
98 36
85 32
53 20
90 34
84 33
65 26
77 31
66 27
82 34
30 6
32 8
4 1
42 12
45 15
9 3
58 27
48 23
48 24
64 36
16 9
28 16
28 17
57 35
57 35
34 21
83 52
72 47
60 40
15 10
74 50
90 61
79 55
99 69
95 67
95 67
99 70
100 71
7 5
43 31
81 60
74 55
79 59
4 3
89 68
66 51
41 32
55 43
78 62
54 43
85 72
42 37
100 89
76 68
68 61
87 79
89 81
47 43
41 38
84 79
100 2
85 81
44 42
78 75
54 52
57 55
60 58
96 93
65 63
69 67
87 85
89 84
600100 600013
91 99
89 89
40 40
79 79
27 46
51 52
91 93
45 46
31 32
61 64
74 78
34 36
71 76
87 94
73 79
47 51
73 80
83 91
44 49
16 18
76 86
51 58
53 62
46 54
83 99
77 92
78 94
28 34
81 99
49 60
70 87
35 44
54 68
58 74
45 58
30 39
67 88
21 28
3 4
42 57
44 60
55 76
28 39
62 87
47 66
40 57
64 92
67 98
52 78
61 92
62 94
51 78
11 17
59 92
42 66
25 40
57 92
29 47
11 18
53 87
6 10
59 100
48 82
54 93
52 91
24 42
9 16
48 86
30 54
51 92
21 38
36 70
42 83
47 100
46 98
6 13
34 74
44 100
35 82
36 86
17 42
22 57
38 99
27 74
28 78
17 48
25 74
27 80
1 3
30 92
29 94
11 37
21 73
24 86
25 92
21 78
16 60
21 79
26 99
20 84
8 34
10 44
11 50
10 46
16 79
10 60
11 67
12 76
13 83
12 77
13 85
4 32
2 16
9 96
5 59
3 37
6 88
3 45
1 32
2 69
2 76
2 77
1 39
2 80
1 58
1 87
