1043414
222 13
199 133
458 398
81 18
164 20
84 18
249 105
263 215
275 185
369 313
150 5
285 144
246 24
99 74
285 12
167 101
181 86
235 77
265 5
200 117
385 237
125 60
243 36
411 337
55 3
329 236
548 347
259 174
67 45
157 115
265 108
266 185
247 202
286 26
265 15
579 447
261 174
100 70
125 29
627 411
530 437
250 204
594 361
639 401
85 2
637 434
619 523
374 230
294 125
62 40
180 95
466 370
630 467
268 12
69 32
246 152
119 63
116 56
584 377
252 146
289 19
147 60
318 222
312 128
131 10
140 53
391 277
565 441
611 352
170 88
174 137
70 12
253 42
634 512
218 129
397 349
174 32
319 279
219 110
192 141
377 294
460 233
145 63
194 5
63 14
271 195
355 295
290 204
468 398
878 651
769 608
208 178
292 252
804 591
205 89
284 156
288 13
166 84
810 701
360 239
90 53
287 216
727 626
317 164
847 594
267 91
352 280
471 408
300 151
119 55
274 78
831 592
314 253
401 274
887 695
876 657
269 67
329 109
457 392
171 15
386 141
319 134
394 320
819 627
364 211
191 123
63 7
206 80
295 200
276 226
139 12
257 68
272 11
1294 1106
288 236
253 130
496 305
284 28
315 260
392 317
361 290
256 194
62 25
1333 1120
296 44
226 72
308 119
267 166
183 143
261 146
349 281
229 165
159 10
277 50
286 216
167 107
285 1
391 140
102 69
348 266
391 171
298 57
119 16
96 40
189 34
91 29
260 177
379 170
331 227
114 33
460 306
274 164
140 27
109 65
200 122
168 55
286 166
132 42
293 174
152 109
200 135
145 65
250 189
158 98
252 159
89 63
260 222
145 45
47 16
337 213
249 211
48 6
238 68
399 159
146 45
176 154
272 210
265 126
440 204
411 319
409 292
269 205
119 24
461 232
216 103
424 301
218 50
66 4
263 202
394 201
279 154
229 98
301 254
241 42
58 1
417 252
285 133
399 310
109 87
209 70
150 94
414 155
305 183
355 208
46 14
170 146
102 50
456 357
297 151
404 317
311 175
262 25
280 238
423 179
272 218
154 3
400 212
292 218
292 175
2128 2057
15995 15869
8138 8069
31637 31388
2273 2157
4111 4049
2225 2084
15987 15785
2320 2160
357 315
2303 2137
242 216
2320 2116
303 277
343 318
610 548
513 473
597 536
262 232
281 248
2288 2056
617 545
408 360
370 338
2352 2158
285 259
377 336
303 273
749 676
862 761
734 680
2338 2128
885 817
371 329
676 622
279 257
1249 1134
409 366
1307 1202
1338 1228
1174 1089
1260 1161
1278 1127
1251 1136
1365 1206
1249 1124
1233 1130
1254 1166
1365 1223
851 809
780 727
2262 2133
831 787
2340 2205
2344 2299
1272 1192
1287 1217
1321 1271
1144 1095
4305 4079
15944 15735
4188 4042
4095 4036
8189 7957
4234 4150
4294 4097
8212 7953
31614 31353
4298 4030
4148 4074
4114 4027
16002 15805
4250 4071
31636 31377
8179 7916
8049 7926
8148 7913
4276 4043
4153 4082
8209 8062
8146 7917
4252 4036
4087 4020
4292 4235
15901 15766
4276 4152
4161 4029
4136 4024
8129 8056
4266 4116
1324 1259
1286 1224
8167 7966
15930 15800
2187 2117
2245 2201
8170 8077
2177 2131
2198 2091
2171 2090
2323 2248
18 5
15 9
10 6
55 44
43 36
114 96
78 66
134 116
146 128
145 128
71 64
132 121
210 193
201 186
208 193
338 316
292 273
240 225
377 354
346 325
412 389
467 441
426 403
352 336
112 107
449 429
283 271
271 260
289 278
151 146
425 411
775 750
358 347
574 557
588 572
634 618
795 775
382 373
394 385
440 430
725 710
486 477
2348 2306
1285 1264
433 426
1120 1105
249 246
338 334
1227 1213
868 859
245 243
7977 7918
8095 8037
8084 8035
8129 8082
4051 4028
15846 15757
4131 4108
31535 31360
4101 4079
15936 15853
31629 31467
15892 15814
31596 31443
62887 62620
8050 8016
15938 15871
2190 2169
31572 31444
31552 31428
15813 15752
62846 62627
276 110
31486 31380
31475 31363
31592 31489
