100021070
288 67
1390898 1390634
239 28
291 50
1390924 1390649
272 75
286 108
274 129
285 108
1195593 1195330
294 42
1195591 1195315
298 34
1781542 1781281
269 2
276 117
269 34
1195610 1195363
268 103
299 42
212 37
251 63
250 54
241 37
229 83
296 103
282 134
239 13
161 2
244 37
84 2
145 5
136 17
80 15
104 22
172 37
97 22
156 38
140 38
132 38
192 59
175 54
149 49
159 54
118 42
216 80
204 79
38 15
234 96
197 81
222 98
106 47
120 54
227 104
158 75
254 122
209 104
166 85
54 29
136 77
1390875 1390670
218 38
1390849 1390635
1390892 1390677
254 152
282 170
252 158
1195572 1195386
1390895 1390673
280 179
1195602 1195407
255 175
294 198
1781538 1781294
1781545 1781301
1781548 1781327
1781504 1781274
1390856 1390681
1390802 1390630
1390884 1390679
1195593 1195418
1195482 1195314
1781545 1781299
1195596 1195431
1390880 1390689
184 109
138 82
167 105
194 124
180 118
176 118
219 148
122 83
141 98
146 102
80 56
163 116
112 80
71 51
86 62
262 191
259 189
48 36
238 180
286 220
299 238
252 202
262 212
151 124
179 150
216 185
232 200
187 162
215 188
267 234
244 214
181 162
72 65
295 267
151 140
91 86
172 165
95 93
223 221
230 228
1195586 1195431
1195530 1195388
1390908 1390743
1390902 1390740
1195571 1195435
1195530 1195397
1195567 1195435
1390878 1390732
1195461 1195336
1781506 1781322
1781492 1781309
1390844 1390702
1195543 1195424
1195482 1195365
2562791 2562549
2562743 2562504
2562738 2562502
1781437 1781273
1195548 1195439
1195555 1195448
274 157
2562777 2562552
1781436 1781280
1195417 1195313
1195564 1195465
1781440 1781293
1781400 1781262
1195583 1195491
1390828 1390721
1195505 1195415
1781522 1781388
1195433 1195344
1390798 1390697
2562769 2562584
1195496 1195413
1390774 1390683
1195538 1195432
1781550 1781434
2562700 2562539
1195517 1195460
2562704 2562547
1195572 1195503
1195537 1195477
20 20
109 109
248 251
286 291
31 32
