97214588
165 3
151 5
194 9
119 6
146 8
174 11
137 9
137 10
175 13
171 13
133 12
175 17
118 13
180 26
97 15
175 28
193 33
53 10
103 21
49 11
196 45
152 36
112 27
182 45
137 34
188 48
198 51
60 16
157 42
92 25
141 39
196 57
198 59
199 60
145 45
128 40
187 59
132 3
200 68
128 44
72 25
54 19
122 45
56 21
184 70
134 51
168 66
196 77
165 66
196 79
125 51
178 73
185 79
121 52
56 26
186 88
143 68
130 63
100 49
126 62
167 83
60 30
66 34
163 84
106 55
113 60
84 45
151 83
173 101
145 85
155 91
160 94
133 79
34 21
90 57
160 102
138 88
200 129
163 106
63 41
23 15
139 93
144 97
157 108
196 135
153 106
177 123
195 136
127 89
193 139
169 123
131 97
117 87
181 137
151 120
118 94
86 71
63 53
26 22
100 85
124 106
180 155
109 96
143 126
93 30
159 142
140 126
79 72
181 165
181 166
127 117
155 143
135 127
92 87
180 172
197 190
66 64
39 38
116 114
3135191 3135017
3135169 3135009
3135192 3135037
3135189 3135044
3135151 3135008
3135190 3135051
3135153 3135019
3135173 3135046
3135194 3135073
3135147 3135029
3135161 3135045
3135199 3135091
3135146 3135042
3135177 3135075
3135144 3135049
152 135
3135188 3135099
3135198 3135121
29 29
3135158 3135078
3135193 3135113
3135189 3135121
3135158 3135091
3135171 3135107
3135183 3135126
3135166 3135124
3135155 3135114
3135178 3135152
3135174 3135164
3135148 3135144
3135182 3135198
169 185
3135150 3135200
3135146 3135199
97 183
61 62
128 131
135 139
166 171
87 90
68 73
145 159
77 85
123 137
145 162
120 140
159 186
147 172
120 141
93 110
117 139
105 126
98 118
53 64
102 124
33 42
79 102
41 53
139 181
111 145
52 70
91 123
85 115
85 116
93 128
71 98
21 29
115 160
44 62
105 149
99 143
85 124
111 164
115 173
109 169
103 160
88 138
30 49
101 165
105 177
59 102
79 137
72 126
76 134
22 39
97 175
94 172
12 22
53 101
94 181
86 166
27 53
99 198
68 138
69 145
52 110
91 200
70 160
65 150
15 35
21 50
31 74
65 158
58 143
76 193
27 69
25 64
62 166
45 123
63 174
56 157
56 158
70 198
53 155
63 187
58 181
50 157
56 178
54 184
45 154
34 122
33 120
54 199
42 158
28 106
48 185
34 136
41 165
47 192
31 127
24 99
33 137
31 138
44 196
34 155
28 134
38 183
34 178
17 91
18 113
10 67
24 169
7 60
16 174
15 181
11 160
11 183
5 162
3 104
1 62
1 143
1 179
