9999820142
109 1
240 6
252 8
143 6
280 12
170 10
65 4
146 9
242 15
249 16
61 4
44 3
145 11
183 14
100 8
258 21
109 9
201 17
59 5
194 17
220 22
215 23
256 28
224 25
179 23
123 16
284 37
291 40
164 23
206 29
287 41
107 16
293 44
254 41
210 35
167 28
267 45
217 37
187 32
145 25
126 23
255 47
295 57
103 20
157 32
274 56
38 8
186 41
70 16
256 59
277 67
133 33
287 74
281 75
225 61
271 74
202 57
261 74
192 55
246 71
268 80
157 47
279 84
296 92
70 22
196 66
80 27
281 95
260 88
275 94
243 84
154 54
34 12
213 76
242 87
195 71
192 71
73 27
282 105
161 60
276 103
119 45
245 93
121 46
284 108
163 62
274 105
292 112
182 70
291 113
174 68
191 75
295 117
10 4
266 107
157 64
183 76
137 57
213 90
282 7
298 127
46 20
300 135
112 51
205 94
149 69
284 132
160 75
198 93
172 81
285 135
135 64
232 110
179 87
272 137
236 121
208 108
167 87
128 67
114 60
243 129
234 125
295 158
221 120
140 77
264 147
267 152
55 32
229 134
285 167
211 125
202 121
246 148
239 145
130 79
207 126
192 118
247 155
232 147
140 89
290 188
165 107
180 117
260 169
206 134
146 95
237 155
282 186
218 146
116 78
232 156
214 144
151 102
213 145
229 156
58 40
153 108
171 122
207 150
219 160
211 156
219 163
150 112
231 174
179 135
185 140
95 72
153 116
85 65
114 88
187 145
36 28
198 155
219 174
285 231
107 88
225 186
295 244
160 134
167 140
192 163
269 229
230 196
109 93
173 149
238 205
210 181
232 200
297 257
181 157
204 177
259 226
174 152
261 228
162 142
219 193
88 78
279 248
172 154
156 66
86 78
166 151
168 154
87 80
95 88
180 168
128 120
193 182
166 158
294 280
245 236
248 239
111 107
172 167
208 202
299 291
231 225
271 264
297 293
291 289
192 172
1009765908 1009765684
266 283
1312500300 1312500026
1312500298 1312500049
1001220985 1001220796
1312500300 1312500105
1039062797 1039062655
1004883109 1004882984
1004883104 1004883010
1002441699 1002441686
148 148
249 249
56 88
241 247
256 263
203 209
265 274
143 148
227 237
196 205
201 211
127 135
262 283
249 269
246 269
237 260
101 111
130 143
217 239
106 119
179 205
213 251
72 86
46 55
217 261
98 118
209 252
204 247
215 264
231 285
54 67
110 138
148 186
209 265
185 236
119 152
194 252
207 269
204 267
125 166
115 153
9 12
222 296
177 238
46 63
159 218
140 192
175 243
75 107
174 249
102 148
166 244
195 289
174 261
104 159
106 163
91 141
150 233
41 64
67 194
38 60
42 67
141 227
140 226
26 42
183 297
59 96
14 23
165 272
174 289
97 163
134 226
171 289
26 44
63 107
151 262
142 248
125 222
129 236
130 238
130 242
97 182
158 297
37 70
142 272
130 252
114 221
125 243
95 186
81 161
1 2
124 250
55 111
124 256
88 183
29 62
71 152
108 232
107 231
73 158
127 285
66 154
74 173
122 288
77 182
53 126
125 299
42 102
23 56
91 223
103 255
78 194
96 241
62 157
92 236
55 144
64 168
52 138
97 260
76 209
93 263
101 288
88 252
87 251
70 215
65 202
46 146
67 216
75 243
38 127
47 159
49 166
72 246
50 174
35 124
36 130
41 153
72 292
69 292
40 171
69 297
62 269
58 257
53 235
34 153
50 226
53 253
55 287
55 291
50 292
41 240
48 283
45 270
29 178
44 298
32 224
30 211
24 170
21 149
37 264
32 240
20 158
23 183
29 233
19 159
9 76
17 155
8 75
30 294
22 220
27 277
9 95
27 300
19 216
13 157
23 279
17 210
17 212
4 59
10 160
11 288
2 54
7 196
9 290
7 232
2 144
3 282
1 153
