1020952
272 246
205 97
10389 10182
10366 10177
10403 10131
10377 10137
10414 10186
10518 10275
10297 10139
10419 10268
10333 10171
10512 10248
10457 10291
10397 10261
10412 10270
10465 10305
10533 10246
10544 10284
10657 10489
10728 10530
10748 10514
10758 10525
10414 10173
10706 10525
10745 10562
10388 10130
10693 10531
10783 10541
10768 10566
10422 10132
10358 10176
10773 10584
10387 10152
11228 10998
11146 10996
10421 10158
10389 10167
11236 10999
10284 10124
10357 10164
83 25
281 26
75 45
11232 11001
18110 17816
11206 11050
11165 11004
11269 11055
11230 10985
180 105
11139 10994
142 104
256 87
210 1
11207 11020
11259 11093
222 95
246 64
12224 12009
139 32
156 112
160 65
123 56
12219 12026
18071 17837
12218 11975
12193 12026
12225 12037
125 71
12206 11978
208 90
203 158
61 35
12200 12012
113 71
66 43
232 148
12247 11966
32 1
76 52
198 112
275 124
36 14
290 24
300 216
14191 13943
14116 13916
153 108
223 198
175 94
123 35
14185 13960
14195 13934
261 60
249 33
243 129
14204 13998
261 116
194 152
215 161
75 16
14201 13968
161 120
194 64
18105 17817
204 96
163 124
277 241
130 8
77 67
139 125
199 183
236 218
243 225
12203 12048
14128 13952
18084 17862
12144 11999
10355 10234
18083 17872
18042 17834
10343 10224
10312 10195
12192 12054
18081 17878
10666 10547
10695 10576
10742 10624
18082 17885
18100 17903
10402 10153
14094 13925
25907 25630
10676 10563
212 214
207 209
