998373
249 18
56 5
195 18
166 18
212 34
191 32
279 55
252 59
226 55
205 52
271 69
237 67
62 18
292 91
239 81
158 62
273 108
254 106
222 98
238 106
216 99
51 24
263 131
116 58
283 142
272 138
177 91
43 23
44 24
64 35
117 64
181 104
100 58
282 164
238 149
254 162
219 142
280 200
54 39
278 209
119 91
65 50
87 67
19 15
278 221
200 162
265 218
204 172
170 145
114 99
146 128
258 227
94 83
266 235
78 69
237 210
107 97
279 255
98 91
201 187
232 220
261 252
224 20
129 127
162 160
31557 31273
31550 31301
31521 31296
31523 31303
31495 31286
31558 31349
31499 31322
31539 31374
31512 31355
31495 31344
122 119
31544 31407
31554 31555
31515 31390
31538 31428
31499 31402
31497 31405
31528 31436
31530 31442
31511 31436
31485 31413
31493 31424
31496 31430
31491 31435
31502 31485
293 293
31525 31521
31514 31512
218 218
31530 31547
31487 31507
31500 31543
31487 31530
31508 31553
102 149
274 275
230 232
90 91
269 272
275 292
138 150
68 74
40 44
97 107
85 95
153 172
198 223
133 153
190 223
127 155
175 214
198 251
105 135
216 278
76 100
212 280
77 103
26 35
153 209
204 290
54 78
171 293
181 266
121 180
134 221
176 299
59 103
26 46
80 142
26 47
94 170
142 260
119 218
115 212
48 90
153 287
122 234
71 138
112 224
124 257
117 256
112 247
87 196
109 248
96 221
95 222
116 275
93 221
120 287
87 210
81 202
85 213
42 106
53 138
70 184
98 262
109 297
66 182
52 145
36 104
84 243
43 129
99 299
43 137
47 150
73 246
54 189
37 138
44 186
41 174
57 270
40 192
39 206
5 27
28 154
42 279
29 215
35 298
8 76
10 148
11 261
12 298
4 124
5 266
1 60
1 299
