100019874
13358 13222
13390 13274
120 20
196388 196313
177 39
183 79
196501 196328
196470 196366
189 23
196508 196341
196507 196341
156 9
196494 196380
196511 196433
196504 196423
196500 196408
127 26
196466 196358
172 131
196503 196359
98781 98697
162 67
166 113
98839 98715
98771 98728
13349 13222
41 5
98823 98661
98717 98671
98782 98678
140 2
98837 98785
98751 98698
98844 98774
154 93
167 67
13402 13264
98793 98738
98850 98802
199 89
190 80
98821 98733
13314 13221
198 18
98720 98677
13338 13211
98804 98744
98786 98714
110 29
49999 49854
49956 49920
172 13
172 100
156 117
163 20
122 55
50002 49900
49934 49857
49941 49856
49954 49863
50024 49954
50007 49855
121 62
13350 13293
183 39
99 4
49946 49835
176 26
49971 49880
118 60
182 87
13405 13220
25603 25436
156 43
50020 49915
153 63
165 82
181 123
49977 49926
150 28
50012 49882
49941 49832
47 1
50004 49891
13367 13332
194 114
174 66
49935 49879
49993 49915
75 1
49962 49873
49927 49849
25535 25439
13400 13226
173 137
165 44
50008 49930
49959 49834
146 70
49976 49852
85 30
127 67
188 14
196 50
391821 391681
191 115
171 133
170 61
13394 13355
25490 25453
185 117
25571 25496
25592 25473
25574 25496
25578 25464
25540 25504
173 139
192 105
25525 25470
13275 13210
151 115
195 22
25542 25501
25605 25549
25531 25489
86 13
25543 25432
25514 25431
151 114
116 70
25597 25482
25561 25482
25467 25415
63 9
141 105
139 23
25590 25423
782413 782252
782448 782262
782433 782261
782433 782263
391750 391629
391782 391652
391813 391688
66 43
70 51
96 70
107 79
143 115
112 97
155 140
180 166
165 157
184 179
154 151
184 182
131 130
163 162
13274 13240
13398 13366
13313 13282
13302 13273
13307 13280
13247 13228
25493 25466
25446 25420
13285 13273
25530 25511
49891 49858
25456 25443
49889 49867
25567 25557
196437 196368
196417 196350
25443 25435
13369 13365
98753 98724
98824 98795
391810 391712
49872 49860
49898 49886
25555 25549
391721 391631
391814 391729
196405 196365
391762 391684
391727 391650
196471 196438
391754 391689
25428 25424
25487 25483
196474 196444
391703 391646
49875 49868
391760 391709
391758 391734
25568 25437
782358 782259
391686 391637
98827 98815
98829 98817
391807 391761
196420 196397
196512 196490
391814 391771
1563677 1563512
196465 196445
391737 391698
782354 782277
782381 782307
1563664 1563521
98836 98827
782354 782284
391772 391737
782347 782278
782386 782317
196473 196456
391658 391626
98680 98672
1563668 1563542
1563638 1563517
1563678 1563559
782401 782342
3126196 3126001
1563630 1563515
782340 782285
391679 391652
196502 196489
3126166 3126065
1563686 1563592
1563700 1563609
3126135 3126025
1563602 1563514
3126195 3126021
1563648 1563563
391672 391652
3126162 3126004
3126144 3126001
1563667 1563613
3126178 3126053
782292 782261
3126169 3126046
3126153 3126033
782398 782368
3126177 3126062
3126140 3126026
1563568 1563512
3126197 3126110
3126112 3126024
782425 782398
782403 782377
782438 782413
1563667 1563618
1563585 1563540
13274 13273
98725 98721
3126189 3126109
782399 782298
196380 196324
3126154 3126078
49969 49968
140 140
191 191
25564 25567
173 174
149 153
