977038
98 5
140 10
172 52
68 27
139 59
79 38
159 82
71 51
105 83
199 167
40 36
134 124
192 190
154 153
31423 31265
31441 31285
31445 31292
31449 31306
31400 31264
31387 31258
31395 31268
31376 31270
31415 31313
31419 31321
167 5
31413 31323
31447 31367
31404 31327
31377 31309
189 192
31445 31397
31384 31340
31421 31397
31436 31414
31410 31391
31375 31362
31426 31415
31445 31446
31422 31424
31394 31403
31394 31416
31402 31430
31375 31403
132 144
76 149
31378 31412
31398 31436
31382 31443
31373 31449
128 140
119 132
61 86
73 103
120 195
121 199
99 189
55 116
60 166
36 107
28 84
40 135
33 114
43 153
20 128
8 99
8 106
3 41
11 200
4 179
2 117
1 83
