1014492
2144 2091
4066 4008
73 15
63 51
36 7
22 9
66 14
89 25
77 65
53 50
89 51
88 24
89 52
82 14
44 41
53 45
87 56
83 44
68 21
78 9
89 34
97 86
81 33
92 90
85 49
92 28
75 34
24 19
97 53
87 62
19 9
74 8
63 60
35 20
93 45
46 39
51 4
82 24
63 59
95 11
67 63
91 27
53 4
82 40
3 1
85 17
61 30
95 78
11 6
24 18
99 10
91 21
66 58
72 11
78 64
43 27
82 7
82 31
55 7
84 33
71 35
82 24
82 16
45 30
78 56
55 43
91 47
88 64
65 16
55 41
81 68
99 83
93 75
44 33
100 72
67 24
95 72
36 18
73 11
73 59
48 30
13 9
37 10
50 24
100 84
40 9
65 47
99 18
95 85
77 3
11 2
55 41
41 22
64 46
100 9
61 11
64 40
62 11
99 62
78 48
84 1
2133 2092
93 10
59 27
99 97
60 28
100 13
98 77
56 10
71 7
76 5
80 29
82 20
56 36
69 1
85 32
33 4
100 67
62 32
50 43
90 39
85 72
272 255
279 251
286 266
303 256
270 232
278 261
254 230
297 240
261 229
309 228
293 244
281 238
318 266
272 257
269 224
300 244
281 241
302 246
255 228
298 265
319 262
313 271
303 225
303 237
280 228
270 238
282 243
277 242
298 251
309 250
257 226
283 247
294 256
309 232
266 242
309 255
318 293
261 247
444 361
442 388
409 380
411 369
390 364
398 363
426 360
441 363
402 346
391 379
438 388
408 368
392 385
411 354
424 368
420 348
403 357
413 404
434 350
376 348
438 364
412 378
422 390
430 394
429 384
400 386
366 346
364 352
668 638
628 609
621 591
627 604
678 595
604 595
682 633
671 647
658 589
685 612
663 646
674 609
639 602
635 618
611 592
686 642
657 594
688 652
676 651
683 602
628 600
668 648
664 622
674 623
635 613
660 615
629 618
674 648
639 596
652 589
628 619
636 620
668 658
1111 1082
1150 1085
1139 1114
1097 1080
1157 1135
1144 1120
1167 1086
1173 1134
1144 1101
1167 1096
1127 1086
1116 1077
1170 1123
1155 1086
1147 1093
1174 1142
1166 1093
1160 1097
1172 1113
1110 1088
1122 1105
1152 1081
1173 1145
1121 1083
1127 1090
1173 1156
1147 1081
1156 1104
1171 1126
1136 1106
2129 2093
2118 2075
2115 2084
2150 2079
2146 2080
2108 2068
2129 2084
2146 2060
2141 2078
2103 2061
2153 2077
2126 2088
2122 2083
2094 2060
2140 2101
2129 2094
2132 2084
2141 2097
2150 2064
2119 2060
2131 2101
2124 2065
7975 7924
423 418
411 408
2093 2076
8008 7914
2097 2071
2106 2088
2137 2115
2102 2073
2142 2118
4081 4050
4076 4021
4058 4025
4072 4038
4100 4061
4085 4048
2130 2101
2153 2124
4092 4049
1104 1091
1120 1109
4100 4062
1094 1079
4051 4013
4082 4031
1164 1155
4083 4033
4100 4065
597 589
647 638
8003 7931
644 635
8011 7960
15773 15729
15784 15731
15795 15729
2069 2054
15819 15774
2118 2109
15820 15773
15806 15763
4048 4025
2124 2112
15818 15730
4054 4040
4091 4074
4082 4060
4052 4037
4065 4049
4028 4015
4049 4034
4074 4060
4085 4069
15817 15740
15811 15739
4059 4030
4042 4020
4076 4061
15801 15730
4077 4055
15803 15733
4083 4067
7971 7933
7951 7924
7984 7948
7980 7923
7959 7926
7970 7940
8008 7953
7953 7931
7942 7919
8000 7966
8012 7962
8011 7961
7983 7937
7950 7921
7986 7955
8011 7959
7954 7933
8000 7976
8011 7979
8004 7965
8008 7973
7999 7978
7966 7945
7949 7917
60 59
75 74
1151 1145
1172 1166
609 606
413 411
237 236
246 245
2105 2098
2131 2124
650 648
2064 2058
2129 2123
1151 1148
15781 15740
15799 15758
15799 15759
4038 4028
4089 4079
4106 4096
31450 31376
15769 15732
15807 15770
428 427
31439 31354
436 435
31450 31379
15775 15742
15777 15744
15814 15781
7991 7975
54 12
31437 31368
31437 31377
15808 15778
