1005209
4975 4912
1332 1299
59 45
64 20
1329 1260
46 16
91 17
100 20
47 35
89 49
45 12
52 47
1328 1297
4993 4911
97 90
63 41
45 4
86 49
72 19
60 39
77 30
80 61
86 76
96 27
86 54
55 21
83 74
5004 4939
4978 4912
72 21
3045 2967
35 16
74 16
65 17
14 9
94 3
72 29
39 24
1295 1246
62 1
1530 1500
1311 1276
92 3
85 48
80 45
86 68
74 9
65 58
19 12
3018 2969
85 49
46 5
94 71
48 31
3024 2957
2042 2009
1308 1270
43 33
2076 2003
1200 1152
1180 1137
1177 1157
2072 1989
2026 2000
2072 2041
1197 1174
2052 1978
2052 2013
2011 1981
1196 1136
1577 1507
1158 1129
1564 1541
1588 1507
1556 1532
1197 1147
1530 1503
1214 1133
1555 1492
1569 1546
32330 32303
32306 32277
16672 16658
16702 16686
63592 63521
63588 63521
2047 2032
2995 2968
2018 1995
4971 4924
16697 16626
4953 4921
4991 4946
8860 8828
8877 8823
3017 3005
4974 4915
1516 1509
8908 8893
16719 16685
32329 32280
1340 1331
32333 32273
1194 1181
63600 63519
8871 8860
8898 8855
32293 32256
1547 1535
8853 8834
1545 1533
1531 1512
32350 32308
1572 1560
3024 2994
1220 1205
8851 8841
8891 8832
32319 32270
3049 3023
8873 8833
3017 2982
16704 16626
3025 2999
1201 1192
3049 3043
16708 16677
16703 16659
16723 16693
16682 16656
16671 16645
32322 32293
63543 63502
63556 63511
62 58
64 60
68 64
67 64
37 36
66 65
1275 1271
1158 1155
2978 2973
1199 1197
1288 1286
2959 2955
4945 4939
1259 1258
1297 1296
1503 1502
81 19
16663 16651
8866 8863
