100021531
176 151
290 7
79 2
165 6
266 18
176 13
240 20
231 21
39 4
223 23
273 31
215 25
105 14
285 38
112 16
54 8
114 17
111 17
57 9
211 38
161 29
265 50
161 44
244 72
145 45
290 98
289 106
219 91
162 68
210 89
216 92
239 102
243 104
183 85
190 89
250 120
292 144
87 43
258 128
134 68
254 138
263 145
239 135
280 167
296 189
205 132
209 140
160 110
46 32
237 178
259 209
240 204
224 192
270 239
237 212
208 187
117 108
261 245
152 144
73 70
193 188
297 290
254 249
12414 12210
12492 12298
12368 12213
12467 12326
12455 12319
12506 12373
231 229
12494 12394
12453 12355
12358 12270
12484 12399
24598 24438
12504 12434
12340 12271
188 187
12359 12295
49071 48840
49058 48837
12449 12393
49116 48896
24646 24538
24625 24530
24703 24611
279 278
49003 48836
12479 12438
24562 24482
12418 12380
48991 48851
24532 24463
12365 12332
12420 12389
24555 24496
48949 48833
12261 12232
49053 48937
97917 97690
97937 97761
24518 24474
49058 48972
97940 97770
24695 24654
49052 48974
48951 48875
49036 48966
49122 49055
12494 12478
97815 97690
1562787 1562603
97854 97739
1562758 1562568
97848 97737
781449 781338
97774 97674
195606 195406
195544 195346
195579 195381
97833 97743
97815 97726
781413 781285
97933 97847
195586 195420
97819 97736
781514 781375
781533 781392
781529 781345
195565 195421
390911 390637
390781 390673
390924 390682
390920 390691
390924 390700
195455 195344
390862 390658
390873 390673
390803 390669
390844 390659
390811 390640
390917 390782
1562690 1562520
1562678 1562509
1562646 1562528
1562636 1562518
3125293 3125048
3125296 3125005
3125284 3125029
3125243 3125013
1562784 1562607
24587 24559
49049 48995
12441 12430
97758 97678
24482 24463
97943 97870
97759 97693
97903 97855
97909 97872
97701 97669
97884 97853
48936 48921
195519 195463
195397 195346
12366 12363
195463 195418
195599 195554
97771 97749
48948 48937
390865 390779
12374 12372
390844 390788
390728 390680
781516 781423
195552 195529
390682 390644
195580 195561
781434 781360
390855 390819
781381 781311
781488 781424
781455 781394
781329 781277
390827 390802
390776 390752
1562605 1562511
1562584 1562502
390684 390666
3125185 3125044
3125181 3125045
3125291 3125156
781383 781350
3125285 3125161
781529 781498
781469 781440
781429 781402
781480 781453
289 3
3125175 3125090
781458 781434
97694 97691
3125160 3125082
3125289 3125215
3125195 3125123
6250289 6250076
6250234 6250069
1562704 1562671
6250272 6250142
781397 781389
195 195
390790 390796
390904 390913
97927 97932
24662 24664
97920 97928
24570 24573
12498 12507
215 216
200 201
212 215
86 89
261 278
