9980557926
262 4
243 4
216 6
95 3
266 9
264 9
117 4
290 10
176 8
260 12
290 15
289 15
251 14
64 4
254 16
94 6
296 20
141 10
283 22
195 16
215 18
224 20
274 25
277 26
135 13
297 3
52 6
293 36
167 22
105 14
168 23
217 31
140 21
299 46
159 25
267 42
184 30
164 27
24 4
293 54
249 47
190 36
290 55
119 23
261 51
115 23
179 36
243 49
107 22
212 49
138 33
267 69
188 49
222 58
149 17
289 80
174 50
163 50
192 59
192 60
236 74
206 67
300 100
280 94
189 64
278 95
281 98
279 101
294 107
129 47
163 60
170 63
273 105
95 37
233 92
255 102
22 9
217 90
240 101
179 76
280 120
264 114
73 32
192 85
256 114
262 117
208 94
114 52
94 43
178 82
175 81
55 15
252 118
70 35
156 79
126 64
111 57
85 44
23 12
235 124
286 151
179 95
50 27
236 129
277 152
188 106
135 77
264 151
250 144
220 128
216 126
193 113
250 147
89 54
118 72
284 174
13 8
283 176
281 176
257 161
100 63
287 181
266 168
193 122
270 173
107 69
231 149
88 57
53 35
289 193
263 176
214 144
98 66
281 193
262 183
292 205
294 207
225 160
128 92
136 98
217 157
160 116
291 213
53 39
231 171
294 218
188 140
226 170
98 74
95 72
211 160
118 90
172 133
241 187
103 80
255 203
243 197
127 103
208 169
88 72
252 207
251 208
292 242
108 90
102 85
118 99
220 185
192 89
258 220
237 203
240 208
234 203
199 173
254 221
232 202
140 122
271 240
291 258
275 246
243 219
180 163
283 258
284 260
276 253
273 251
299 275
224 210
103 97
295 278
209 197
65 62
184 176
300 288
283 272
55 53
94 91
132 128
275 267
260 253
244 238
86 84
263 259
135 133
283 280
283 280
199 197
182 181
19531546 19531261
19531485 19531264
19531519 19531307
19531534 19531341
19531498 19531315
19531544 19531373
19531506 19531354
19531458 19531325
39062775 39062515
19531379 19531260
39062771 39062549
19531420 19531311
19531413 19531306
19531426 19531321
19531472 19531367
39062738 39062537
19531488 19531392
19531417 19531326
19531460 19531374
39062759 39062595
19531433 19531352
19531455 19531375
39062689 39062536
284 241
39062746 39062624
19531435 19531378
78125232 78125011
39062777 39062667
19531518 19531465
78125265 78125055
19531349 19531297
19531394 19531346
39062761 39062669
39062596 39062505
78125235 78125064
19531414 19531372
39062763 39062692
156250295 156250017
78125137 78125002
78125290 78125158
78125143 78125013
78125216 78125087
39062708 39062647
78125276 78125160
156250293 156250070
156250281 156250073
78125146 78125053
78125261 78125169
156250298 156250133
78125141 78125061
78125242 78125162
39062792 39062752
39062773 39062621
39062739 39062701
156250275 156250135
39062780 39062745
78125096 78125028
156250254 156250134
78125129 78125076
19531313 19531300
39062755 39062730
312500298 312500126
156250206 156250120
78125244 78125201
156250165 156250080
78125122 78125080
78125287 78125211
156250172 156250091
78125086 78125048
156250284 156250241
39062632 39062613
156250184 156250116
312500300 312500174
156250276 156250215
156250233 156250174
156250208 156250152
39062575 39062563
78125102 78125086
78125115 78125106
156250286 156250246
156250186 156250148
156250214 156250177
39062782 39062775
19531394 19531395
156250271 156250264
78125209 78125211
156250242 156250246
156250152 156250156
156250163 156250172
156250194 156250209
156250283 156250300
78125232 78125269
78125159 78125204
156250184 156250210
39062577 39062586
156250248 156250288
156250206 156250255
156250201 156250264
19531442 19531451
156250180 156250253
156250146 156250219
39062589 39062608
78125180 78125219
78125170 78125209
39062754 39062780
78125247 78125299
39062589 39062618
19531377 19531395
39062586 39062625
78125141 78125225
78125146 78125233
78125072 78125159
78125157 78125248
78125126 78125220
39062671 39062725
78125118 78125229
39062710 39062771
78125103 78125234
267 273
39062632 39062709
39062700 39062780
39062638 39062718
39062591 39062673
39062546 39062628
19531327 19531381
39062627 39062744
39062621 39062749
39062552 39062682
39062610 39062741
39062591 39062727
19531311 19531381
39062627 39062794
19531445 19531545
39062563 39062777
19531359 19531469
19531304 19531417
19531276 19531402
19531364 19531501
19531376 19531525
19531384 19531548
19531336 19531521
19531325 19531520
19531285 19531542
282 283
160 161
191 269
274 281
278 289
247 258
64 67
167 175
122 128
203 214
138 146
252 269
237 253
117 125
263 281
274 293
129 138
256 275
125 135
200 217
215 234
117 128
238 263
234 263
204 230
233 264
159 183
109 126
165 192
220 257
95 111
238 283
155 185
184 221
66 80
221 268
223 271
137 167
238 291
215 263
143 175
243 299
227 280
234 289
110 136
219 274
122 154
137 175
129 165
182 233
231 296
210 274
49 64
78 103
135 180
27 36
217 290
107 143
159 214
210 284
116 157
72 98
74 101
131 180
217 299
212 298
61 177
83 117
134 190
173 247
24 35
43 63
150 222
127 188
177 263
116 175
191 291
89 136
191 293
104 160
168 259
83 130
127 203
123 200
117 194
88 148
57 96
132 223
102 174
89 152
124 212
53 91
145 252
122 214
125 224
156 280
83 156
150 283
152 291
130 250
124 241
124 251
90 183
123 252
136 294
34 74
40 88
14 31
23 51
68 154
100 228
81 185
58 134
107 248
50 116
125 294
105 249
121 287
94 224
114 272
115 275
96 233
111 270
105 258
68 168
81 201
118 295
100 253
54 138
82 233
83 236
94 277
80 236
53 159
79 237
59 186
70 235
64 220
53 188
18 64
65 232
46 166
65 239
74 273
23 87
55 211
57 222
58 227
74 290
62 251
61 256
41 175
61 265
54 255
37 180
24 118
43 213
59 294
47 239
11 56
51 260
41 212
54 289
55 297
19 109
51 294
50 289
42 245
45 276
8 53
38 252
39 272
18 129
33 245
16 119
32 241
30 229
26 200
12 95
24 202
12 101
16 142
14 139
21 214
26 270
18 251
10 154
12 222
12 234
8 160
8 164
7 187
6 277
5 278
1 217
