6000084031
247 147
197 2
251 144
181 2
296 4
291 5
205 4
123 3
285 9
273 152
277 10
221 10
264 13
178 9
268 14
291 16
109 6
201 12
283 17
288 18
284 19
254 18
295 21
210 15
188 14
222 18
205 17
280 25
200 18
177 16
138 13
138 13
159 16
300 33
187 21
166 19
199 24
255 31
197 24
129 16
264 33
184 23
237 30
297 38
156 20
296 38
257 142
139 18
246 35
245 35
216 34
290 46
247 136
193 32
149 26
251 44
252 46
293 57
217 43
159 32
218 44
284 58
293 60
268 143
284 60
231 50
277 60
289 63
218 115
295 154
280 62
260 60
194 45
213 107
268 63
276 67
265 65
231 115
178 44
276 137
279 69
140 35
223 58
186 49
267 71
270 133
192 93
170 48
223 63
159 45
242 69
289 139
247 76
235 73
213 99
152 48
266 85
259 83
251 112
273 92
288 98
277 96
158 55
230 83
220 80
253 112
204 75
204 75
193 73
281 107
285 126
214 83
282 111
268 117
253 100
179 74
249 100
205 84
93 1
86 3
93 12
85 14
29 6
110 24
119 26
77 18
130 32
89 22
131 35
47 13
70 20
112 35
71 23
131 48
70 27
142 56
35 14
166 71
168 73
162 71
44 20
30 14
182 87
68 34
108 55
198 102
99 51
175 91
178 97
208 114
158 87
162 90
165 92
86 48
32 18
138 78
180 102
164 93
110 63
157 90
224 129
196 114
206 120
175 103
181 107
179 106
242 145
90 55
178 109
220 136
226 140
248 154
248 154
214 133
189 118
248 155
138 88
112 72
138 89
224 148
233 154
231 154
258 174
234 158
101 69
193 132
39 27
293 203
271 188
283 198
235 165
78 55
272 192
259 183
266 189
90 64
295 210
195 139
187 135
222 162
126 92
71 52
207 152
285 210
131 98
163 122
80 60
190 143
178 134
269 203
164 124
256 195
216 165
222 170
161 125
234 182
64 50
286 227
142 113
191 152
240 193
99 80
175 142
230 187
152 124
267 219
117 96
259 213
34 28
286 1
266 220
273 226
126 105
186 155
120 100
211 177
226 192
252 215
291 250
227 197
76 66
220 192
260 229
230 203
213 188
296 262
275 247
212 191
157 144
183 168
164 151
269 248
187 175
78 73
241 228
241 228
75 71
268 257
215 207
108 104
109 105
246 237
271 262
298 290
174 169
260 257
226 225
210 173
6000000300 6000000083
289 289
245 245
7 7
168 190
211 212
192 193
132 133
99 100
261 264
241 244
239 244
109 112
261 269
210 218
222 231
198 207
122 128
140 148
215 228
252 268
164 175
185 198
229 246
215 231
105 113
167 181
176 191
242 266
127 140
175 193
224 249
268 299
59 66
164 185
155 175
176 267
104 118
219 249
215 245
152 174
197 226
183 210
107 123
246 283
106 123
233 272
107 125
183 214
200 236
218 258
125 148
233 277
110 132
79 95
195 235
194 235
156 190
55 67
179 219
197 247
153 192
187 240
187 240
130 167
229 297
190 247
169 220
185 241
187 247
148 196
64 85
201 267
224 298
127 171
177 239
206 279
210 285
156 213
41 56
191 261
178 244
100 138
184 254
197 274
152 212
209 292
211 296
186 265
21 30
85 122
201 290
184 267
85 124
50 73
160 234
132 194
188 279
187 282
57 86
124 283
45 69
127 195
155 240
168 262
85 133
169 265
190 298
72 113
151 238
187 300
91 146
128 208
181 295
131 217
133 221
69 115
150 252
63 107
100 170
135 230
144 253
116 204
155 276
74 132
146 261
68 122
118 212
157 283
83 150
108 199
150 277
141 263
39 73
110 208
96 182
34 66
104 202
143 278
148 289
128 250
64 126
139 274
35 69
144 284
119 242
71 147
55 114
76 158
109 228
129 271
53 112
118 250
66 140
111 236
132 284
77 167
91 198
49 107
57 125
99 219
65 145
83 187
127 289
29 119
89 205
113 262
114 266
59 138
37 87
114 269
36 85
105 248
57 135
63 153
99 241
87 213
101 248
83 204
113 278
78 194
42 105
22 55
43 108
80 202
99 252
98 250
46 118
53 137
90 235
24 63
77 206
108 289
94 252
35 94
13 35
101 273
91 249
64 181
50 143
84 243
66 191
19 56
82 247
82 251
53 164
87 273
19 60
59 187
73 232
46 147
85 276
68 221
39 127
81 267
74 245
83 276
82 282
63 218
76 268
82 290
55 197
57 207
28 106
65 251
63 246
15 59
74 292
58 231
16 66
72 298
64 267
69 290
4 17
58 247
58 250
68 294
52 225
47 207
65 296
52 238
55 257
51 241
23 112
48 237
51 260
48 255
31 165
26 139
44 240
35 195
39 222
46 270
34 207
31 192
15 96
38 249
43 292
35 239
32 224
11 78
21 149
33 249
15 115
13 102
20 159
19 177
16 161
10 110
16 178
25 281
19 214
20 228
9 107
22 265
21 259
23 288
11 160
16 258
15 247
12 216
13 284
13 299
6 186
3 109
4 179
2 90
6 288
3 146
1 61
2 143
3 237
1 156
