1038677
241 94
242 162
248 105
234 132
282 199
214 120
166 54
78 1
255 88
296 209
278 196
180 41
60 16
263 106
148 35
270 163
291 55
198 108
212 11
248 113
234 166
87 57
256 19
181 23
195 33
189 123
297 68
181 84
238 60
207 99
155 44
293 28
281 12
271 177
272 49
178 120
200 116
297 70
236 132
176 115
263 76
269 129
270 70
264 113
231 71
209 41
234 76
232 99
188 31
277 81
293 64
126 16
44 3
293 121
233 56
239 136
169 28
288 177
122 56
245 144
297 131
116 28
244 39
114 24
166 93
241 75
279 68
232 25
133 31
204 24
222 7
112 11
238 144
160 107
72 32
150 35
128 34
180 115
199 61
201 145
295 210
73 11
139 15
186 41
140 35
218 152
227 51
94 16
291 152
253 164
146 30
243 52
81 4
244 104
254 54
182 77
180 66
242 43
209 14
243 83
221 66
135 21
72 26
206 130
229 166
299 137
276 11
273 191
120 62
196 113
217 66
272 3
66 7
54 11
231 70
256 36
209 61
286 182
295 61
283 143
247 114
290 191
56 14
272 88
231 27
234 114
260 88
239 162
62 38
216 61
235 34
161 5
275 141
271 94
145 13
146 12
60 12
169 74
191 125
230 9
94 22
270 129
194 90
155 92
284 183
288 195
217 119
298 178
192 136
205 123
282 152
126 4
284 54
236 135
245 81
205 115
191 34
198 55
192 74
98 71
127 20
288 82
258 7
240 3
273 50
148 93
138 58
48 7
70 38
74 23
238 175
130 76
105 13
227 151
289 131
38 4
193 17
57 7
116 23
276 121
150 61
160 73
120 64
129 16
270 77
215 21
183 91
116 60
284 147
240 55
245 12
282 113
276 128
136 37
142 99
238 94
135 16
289 101
289 205
273 179
234 59
263 76
276 179
294 15
127 48
230 156
291 31
147 64
184 108
162 43
88 42
171 46
149 99
189 107
192 20
118 38
171 102
217 86
85 18
154 36
262 19
266 128
220 93
176 42
256 28
241 33
238 34
164 65
281 11
123 83
50 10
199 123
79 33
215 111
235 122
174 76
145 8
232 171
299 36
229 130
50 9
106 4
115 63
192 32
166 108
195 131
140 46
298 56
158 43
215 79
105 36
199 56
170 8
194 38
278 106
245 21
192 65
215 22
219 47
280 147
286 81
127 5
257 199
292 256
300 235
199 161
254 209
297 235
238 205
254 222
269 237
147 121
261 194
285 218
290 226
158 122
243 181
239 178
216 184
188 162
172 144
207 177
279 251
236 182
278 219
288 261
288 214
198 148
283 243
281 220
238 193
294 239
250 194
274 213
114 89
130 103
293 231
280 227
149 116
277 246
227 179
143 116
297 256
257 217
95 71
242 186
291 219
237 181
285 238
203 177
239 215
214 182
24 2
33 16
29 19
30 20
63 43
63 43
64 44
34 24
38 28
90 69
46 36
76 60
100 82
128 105
101 85
108 91
120 103
137 120
68 60
162 144
29 26
158 142
139 126
155 142
108 99
206 189
126 116
258 238
223 206
94 87
204 191
80 75
271 256
276 261
161 154
253 243
190 183
83 80
208 201
60 58
281 272
217 211
235 229
121 118
291 284
216 211
284 278
292 288
102253 101958
104189 103914
102244 101980
102233 101978
108103 107844
115881 115632
115888 115642
262 49
108048 107821
108056 107836
