1029911
151 75
270 126
1265 1044
1304 1115
129 3
1268 1217
282 135
270 207
26 3
1288 1213
1308 1226
1270 1232
1174 1114
1227 1108
1269 1163
1225 1124
1163 1064
130 32
121 12
130 60
239 57
31 8
299 111
1314 1049
297 214
1126 1020
1235 1201
1114 1084
296 3
40 15
1328 1068
1241 1075
1317 1256
1296 1094
1186 1008
1239 1078
1295 1156
1303 1144
269 93
127 108
1309 1081
1186 1117
1205 1081
188 27
1283 1043
1140 1073
1320 1241
149 88
1118 1059
1162 1101
1254 1184
1267 1218
1307 1186
1312 1232
1209 1166
63 46
158 6
220 105
1215 1149
1246 1062
1355 1287
278 65
1140 1082
1092 1064
1231 1117
1310 1271
1215 1166
1167 1090
248 164
274 35
165 39
1355 1250
1287 1191
112 100
262 207
255 30
1325 1274
230 64
1385 1217
1289 1143
1357 1144
1338 1307
130 54
1328 1228
266 139
1251 1200
261 67
1275 1232
204 172
254 88
269 137
1366 1176
269 217
1326 1263
275 11
1308 1214
1363 1249
1405 1371
1213 1176
1504 1264
284 238
77 7
253 16
179 138
113 47
155 96
1433 1328
1448 1372
1519 1272
104 76
175 28
1485 1312
1433 1393
1508 1390
279 251
190 63
283 101
1317 1247
299 126
1384 1322
5160 5003
285 57
1739 1696
248 125
216 2
260 19
1672 1603
1711 1513
265 244
1704 1640
200 48
203 179
1664 1496
146 4
134 14
1773 1629
251 39
298 33
98 75
164 86
1708 1667
95 54
220 51
249 57
5067 4948
156 49
142 129
287 109
207 20
2263 2192
259 26
264 157
2078 2029
2239 2003
263 142
243 198
2214 1999
2275 2046
2088 2039
281 67
179 143
113 32
244 88
187 148
294 252
110 80
202 22
22 11
194 79
128 61
150 128
143 5
231 176
3245 3008
177 143
73 53
3171 3081
3248 2960
275 177
3208 3121
297 155
3183 2989
3106 3017
3116 2956
300 168
3217 3042
289 2
241 106
270 151
262 150
3143 3071
3157 3044
170 41
210 59
298 26
183 129
128 96
187 53
276 80
255 28
169 132
224 64
5205 4936
196 83
5188 4969
130 54
66 43
120 24
181 76
5178 5038
9103 8821
193 111
5146 5116
32520 32287
1279 1257
1758 1729
9055 8976
32541 32398
1182 1164
1664 1631
16806 16705
32535 32363
16769 16678
16750 16665
9047 8938
8881 8834
9035 8925
1238 1212
16868 16755
5138 5037
3055 3003
3201 3179
16918 16754
1515 1484
5197 5155
16827 16662
3090 3057
16775 16682
32508 32296
3116 3051
1218 1204
1621 1591
8912 8825
8993 8932
16872 16747
1255 1241
32549 32309
1265 1246
5029 4940
32542 32346
8896 8848
173 164
164 157
109 105
298 289
194 189
209 204
241 238
1046 1034
1079 1068
1217 1205
1219 1208
1120 1110
1535 1523
1216 1207
277 275
1261 1252
3153 3134
3044 3027
1428 1421
1995 1986
1122 1117
1122 1117
9086 9046
32498 32371
3020 3009
32499 32386
32486 32374
32518 32407
16782 16728
1167 1031
63797 63508
63793 63557
63785 63581
8866 8841
1999 1995
175 177
