1040258
2312 2132
101 13
149 132
191 41
247 36
207 156
142 74
259 95
176 25
56 30
232 188
236 116
143 99
184 154
202 165
166 51
293 181
173 56
197 74
249 149
73 23
213 187
217 69
109 7
280 81
5 4
217 33
96 54
219 65
235 210
71 43
255 236
161 89
191 49
204 25
150 2
177 73
93 41
231 55
275 237
254 111
250 66
235 144
271 51
177 42
127 55
42 36
233 204
205 74
277 166
189 109
267 110
85 23
216 62
192 45
278 154
125 41
258 27
252 185
220 51
108 82
193 138
230 108
145 74
216 146
182 108
178 163
52 43
221 53
179 63
280 71
158 120
222 160
243 43
299 24
154 70
261 196
199 140
283 75
110 39
240 206
171 41
242 84
115 54
100 4
290 28
126 84
275 107
184 39
283 49
295 209
237 10
238 103
253 121
286 254
203 139
260 139
255 156
175 20
248 79
157 113
271 1
209 186
260 155
205 106
147 118
163 78
210 54
165 138
274 112
280 31
287 191
174 43
260 238
246 164
94 38
152 50
163 68
122 51
227 212
240 97
226 17
172 10
201 151
299 266
222 59
147 112
132 92
117 76
91 71
90 23
300 8
237 13
283 158
286 59
273 7
269 226
156 89
202 78
48 14
241 61
226 125
207 88
279 36
95 17
142 132
297 278
184 109
146 39
193 85
238 86
119 101
237 183
94 17
97 59
237 1
184 16
255 213
215 183
124 49
300 253
242 159
298 130
52 31
297 4
253 49
192 156
275 13
223 41
175 127
169 75
137 32
21 8
191 169
260 195
58 23
91 7
285 7
137 76
47 2
182 108
65 39
282 177
279 92
338 241
311 236
290 117
248 148
382 135
259 185
251 165
382 272
377 213
306 257
234 136
323 206
375 285
283 176
389 132
215 144
407 156
376 212
406 301
351 147
267 124
408 142
241 175
254 167
270 164
258 240
393 224
244 141
377 278
410 365
387 203
414 378
381 326
367 265
331 198
378 216
421 354
169 159
184 155
393 206
393 310
282 232
453 232
330 245
372 243
372 306
427 169
352 300
330 250
461 309
381 344
433 397
311 193
368 230
421 178
421 303
419 248
324 162
353 179
376 324
285 244
507 424
403 372
472 281
360 227
249 228
488 367
404 268
512 393
510 410
469 253
477 365
528 365
630 436
468 356
599 551
512 450
556 449
602 480
473 407
514 434
550 456
596 547
569 391
612 482
616 384
562 526
414 381
806 630
858 716
742 643
844 748
766 622
869 747
885 744
783 609
1272 1142
1245 1088
1299 1159
1299 1137
1330 1214
1262 1138
1317 1083
1286 1121
1170 1099
1290 1208
2320 2112
2299 2127
4280 4100
819 801
4149 4107
2259 2126
15997 15741
2285 2200
15933 15791
8080 7959
2231 2210
8053 7932
15945 15776
292 278
2188 2169
8177 8035
374 356
15977 15750
446 423
2119 2093
2326 2269
423 400
2077 2055
754 715
4238 4014
8124 7954
4298 4073
341 327
278 263
8096 7933
1238 1209
4166 4092
4048 4011
4150 4009
8092 7985
4164 4071
15936 15804
8102 7968
4071 4024
315 301
1373 1351
7998 7931
4175 4125
2286 2208
2237 2157
1194 1152
584 568
4285 4194
1189 1169
4297 4232
1231 1184
4291 4138
15913 15750
1305 1233
15984 15788
2213 2162
1291 1251
1128 1092
8039 7983
31501 31366
8148 8099
8164 8099
31649 31401
31590 31412
31632 31433
15826 15745
31635 31458
205 193
211 199
203 195
89 86
407 394
265 258
280 273
499 489
631 619
214 210
109 107
164 161
370 364
452 445
263 259
225 222
355 351
825 818
372 369
127 126
420 417
2148 2133
4228 4203
8201 8155
4065 4044
8182 8144
2218 2208
7977 7944
7963 7934
31631 31521
15835 15780
15809 15757
31643 31546
62867 62683
31587 31495
15884 15838
240 152
62857 62610
62843 62668
62882 62720
31500 31422
198 198
