1008325
16009 15732
8206 7925
353 172
15991 15756
421 278
396 127
332 120
341 171
210 24
614 375
379 166
621 366
2337 2070
2282 2055
261 40
207 82
262 108
299 67
181 51
816 616
203 87
255 135
215 116
268 162
88 54
196 121
283 175
293 216
242 183
489 370
503 393
163 132
472 391
452 378
327 277
179 156
449 402
1276 1153
734 667
442 413
387 367
2183 2071
346 329
857 818
299 286
828 793
2152 2075
276 268
776 755
276 269
4127 4034
232 228
1221 1200
8192 8085
8016 7921
2207 2182
8137 8046
4066 4025
4090 4049
2087 2067
7983 7921
4140 4110
15890 15778
8001 7946
15868 15759
15984 15905
31500 31390
62823 62656
8200 8181
15775 15741
62799 62673
15845 15820
250366 250139
62681 62628
222 1
125252 125112
62809 62763
125298 125228
8087 8097
