99993513
151 2
187 7
232 22
243 49
283 63
108 26
78 20
139 36
285 80
222 63
262 77
258 86
55 1
278 104
66 25
261 128
89 45
84 44
204 112
202 111
207 115
247 139
128 78
169 107
20 13
247 162
64 42
259 172
201 136
293 203
278 202
253 196
236 189
171 137
178 156
132 118
178 171
216 210
174 170
189 186
3225298 3225046
3225237 3225005
3225237 3225022
3225221 3225033
3225263 3225093
3225285 3225121
3225208 3225047
3225224 3225073
3225213 3225070
3225231 3225095
3225279 3225143
3225253 3225120
3225255 3225123
3225290 3225162
284 99
3225200 3225084
3225209 3225095
3225298 3225250
193 193
3225172 3225071
3225180 3225085
3225169 3225088
3225167 3225091
3225179 3225132
3225196 3225160
3225238 3225211
3225295 3225293
3225249 3225260
3225260 3225280
3225227 3225292
262 299
3225215 3225297
3225196 3225297
3225168 3225280
41 42
30 33
85 95
100 112
242 272
205 234
73 84
64 83
87 116
119 165
115 166
44 71
128 215
143 242
101 180
165 298
141 260
147 273
88 168
103 200
110 214
69 145
122 257
115 290
105 297
79 252
28 90
46 165
43 166
63 273
31 167
39 225
24 152
5 45
27 299
5 165
3 117
