539709
148 1
121 1
90 1
65 1
59 1
80 2
195 9
182 9
135 7
190 10
73 5
200 16
121 10
142 12
188 18
72 7
185 18
132 14
179 19
93 10
65 7
90 10
122 14
188 23
111 14
161 22
176 26
59 9
176 27
117 18
88 14
125 20
172 28
197 33
81 14
185 33
155 28
169 31
132 25
179 36
166 38
113 26
139 32
121 28
103 24
191 45
96 24
156 42
198 55
147 41
184 53
116 35
170 52
195 61
100 32
181 58
91 30
178 62
187 67
25 9
149 54
129 47
199 73
55 21
162 63
137 54
158 63
152 61
160 66
117 49
45 19
165 70
179 78
133 58
177 78
184 82
156 70
124 57
136 63
169 82
176 87
180 92
170 88
186 97
46 24
173 91
127 67
94 50
199 108
172 95
46 26
198 114
195 113
34 20
191 114
127 76
192 149
147 89
187 115
164 123
104 65
107 67
179 134
174 111
168 110
195 131
177 121
188 129
130 92
159 111
125 88
76 47
59 37
66 46
83 58
73 53
131 98
55 43
166 131
133 105
152 121
104 83
58 47
55 45
165 136
174 145
135 113
185 155
136 115
133 113
191 163
14 12
7 6
88 76
107 93
119 104
82 72
129 115
145 131
97 88
173 158
189 175
150 139
76 71
140 131
189 177
152 143
181 172
76 73
102 98
165 159
161 1
510200 510018
194 196
7 7
147 170
106 107
80 81
182 185
101 105
146 155
70 75
138 149
140 153
53 58
180 198
39 43
169 188
165 186
173 198
55 63
162 187
61 168
125 147
160 193
148 180
83 102
108 133
57 71
53 67
153 194
51 65
107 137
105 135
111 147
63 88
66 95
126 183
81 118
106 155
72 106
108 162
100 151
99 156
126 199
100 164
105 173
64 107
102 173
73 125
50 86
49 85
84 146
95 169
25 45
93 169
81 151
52 97
92 173
87 166
88 168
16 31
66 128
100 194
58 115
68 139
39 83
43 92
51 110
74 164
89 198
41 92
41 92
87 197
25 57
78 178
57 136
47 113
32 77
56 136
50 122
65 160
58 144
64 164
34 88
56 146
28 77
31 86
58 165
27 77
42 120
63 183
44 131
46 140
45 139
9 28
35 109
61 192
12 39
36 117
44 148
21 71
51 175
30 108
24 87
35 129
35 132
36 136
14 55
44 174
37 151
40 166
18 76
16 69
38 167
40 179
43 195
43 199
13 61
28 138
37 185
33 170
28 158
32 190
9 56
22 140
4 28
26 186
19 149
8 63
21 185
8 73
20 185
4 38
16 170
10 107
13 148
11 134
14 181
8 116
7 130
3 59
8 176
7 172
4 108
6 170
4 129
2 168
2 183
1 186
1 193
