100028710
161 39
71 34
155 46
117 36
102 41
192 149
190 147
84 23
166 93
166 42
90 65
198 165
107 13
89 11
96 32
164 3
168 91
163 141
131 94
108 26
38 16
80 18
95 1
177 66
107 80
104 30
188 55
89 67
133 39
102 6
130 7
113 67
163 61
55 26
93 34
131 10
163 85
134 104
134 24
192 34
61 29
196 98
151 18
145 112
188 17
196 109
159 74
149 104
116 4
86 64
134 19
138 10
95 18
168 25
144 125
142 59
109 19
82 17
76 51
95 26
191 78
171 128
46 19
41 2
129 90
196 120
121 85
58995 58840
101 79
185 74
139 26
117 1
118 49
59023 58855
179 154
156 110
73 50
195 2
129 11
198 79
148 113
139 1
197 75
177 147
140 65
150 24
59025 58852
58980 58847
93 4
178 120
159 91
80 58
59021 58856
105 74
137 107
183 162
147 44
34584 34461
107 79
34596 34431
34609 34510
120 70
34581 34415
34577 34463
182 143
193 173
34570 34488
182 72
34530 34450
176 155
178 27
123 54
154 130
172 20
157 59
161 80
146 83
92 18
34597 34478
164 84
199 14
34594 34461
114 29
22401 22339
42 10
195 79
73 40
183 135
194 28
199 73
178 58
22334 22273
22395 22340
22365 22296
22333 22265
22407 22248
180 19
121 67
179 160
73 49
22360 22248
143 35
64 19
22343 22272
129 7
118 44
145 43
22407 22251
96 67
22271 22217
171 46
22338 22236
22375 22242
129 4
135 87
22372 22242
86 21
89 59
200 34
22357 22261
193 12
183 136
22405 22245
40 17
113 16
181 134
107 81
22316 22254
167 138
183 38
22347 22275
149 44
99 73
22351 22211
22330 22264
22368 22246
190 35
136 29
148 40
132 5
193 138
143 103
22340 22290
22387 22291
22380 22255
22383 22262
133 74
22332 22272
183 154
22388 22332
197 128
131 39
1572634 1572524
107795 107739
400810 400648
107821 107752
205378 205317
205469 205343
791375 791310
107846 107791
205384 205347
205458 205343
107750 107686
58923 58890
400794 400709
400763 400711
107787 107735
400773 400725
107852 107775
400730 400652
1572663 1572520
400792 400704
107839 107801
107795 107760
1572626 1572530
1572660 1572543
107856 107809
205447 205413
107811 107755
107713 107671
3135195 3135025
1572596 1572515
1572611 1572516
1572657 1572575
3135174 3135027
107820 107677
22240 22215
59013 58945
58996 58910
58910 58837
58944 58876
59025 58917
58949 58853
58950 58830
59017 58955
58998 58929
34505 34428
34578 34519
34593 34537
34575 34506
58933 58875
59016 58930
34582 34512
34574 34499
58991 58909
34569 34514
58959 58887
34456 34423
107853 107684
34531 34460
107846 107735
34600 34527
34568 34521
34515 34480
22286 22255
22357 22336
22322 22289
107776 107668
22405 22360
22284 22255
22340 22313
22274 22253
22397 22353
22336 22298
22371 22336
205505 205333
107782 107684
107781 107685
58938 58883
58949 58896
791434 791361
205421 205379
205362 205316
205482 205346
791401 791286
400717 400661
400731 400661
107735 107677
791391 791307
1572598 1572501
791423 791265
107756 107704
400786 400739
791355 791295
205508 205474
107763 107698
791431 791288
205512 205459
791408 791331
107755 107709
791363 791301
400728 400649
205464 205380
791417 791291
107799 107724
205487 205431
1572680 1572556
107755 107699
400776 400699
205427 205371
205416 205370
205489 205448
400821 400776
1572663 1572563
205474 205348
205348 205313
791361 791285
791351 791278
400762 400676
107842 107793
400712 400646
400782 400685
205419 205331
791366 791281
791446 791298
1572648 1572515
58966 58936
1572686 1572521
205378 205326
400765 400721
58905 58867
107820 107736
791438 791338
22 5
33 22
31 22
28 21
62 47
90 72
87 71
118 100
102 87
121 106
132 116
118 104
61 54
169 152
113 104
184 170
107 99
64 60
194 182
138 130
107 101
169 160
95 90
136 129
138 131
146 139
111 106
136 130
107 103
65 63
183 178
121 118
183 179
34557 34531
22225 22210
34579 34561
22268 22257
58909 58884
59008 58984
22361 22352
59023 59000
34497 34484
58950 58930
59006 58986
58912 58893
107781 107751
107707 107678
34509 34500
1572669 1572598
148 6
107771 107750
107777 107758
107803 107786
791445 791403
107697 107682
791376 791333
791332 791286
205410 205387
205489 205466
791364 791317
400807 400782
400760 400723
400789 400758
400664 400628
400664 400628
400759 400724
1572696 1572638
1572575 1572516
1572667 1572598
3135138 3135018
1572692 1572628
791358 791326
3135166 3135045
1572604 1572542
3135139 3135037
3135129 3135019
1572653 1572597
58962 58953
58920 58912
34491 34487
107724 107713
107778 107768
22214 22212
34607 34604
107686 107678
34523 34521
400679 400661
400703 400685
400729 400711
205495 205486
400701 400685
400757 400741
205409 205401
400751 400736
791348 791320
1572630 1572576
791423 791397
3135160 3135060
107685 107659
3135124 3135008
1572608 1572560
791448 791425
59025 59025
176 180
44 45
