9996107988
137 3
122 7
187 11
185 15
147 15
178 20
108 14
103 15
185 29
139 25
164 30
195 36
146 27
145 27
75 16
86 19
139 31
125 28
4 1
199 50
122 31
32 1
169 44
112 30
82 24
162 56
116 41
39 14
193 73
179 68
148 57
133 54
196 81
169 71
147 62
140 62
63 28
198 88
63 28
121 56
171 91
191 105
194 113
171 101
139 84
183 114
143 90
181 114
123 78
152 103
87 65
192 146
62 49
92 74
174 140
168 137
101 87
109 95
159 141
141 129
123 114
147 138
131 123
121 114
60 57
66 63
59 57
164 160
143 141
107 106
1078125188 1078125040
1078125183 1078125050
152 39
1039062680 1039062555
1312500179 1312500168
165 199
1019531429 1019531315
1078125189 1078125105
1156250192 1156250103
1156250186 1156250160
1078125184 1078125170
146 193
69 98
79 81
103 108
10 11
60 68
139 169
67 84
67 87
81 106
40 54
81 110
85 117
137 196
99 153
96 159
96 163
101 174
116 200
111 192
110 197
109 200
80 148
45 86
67 131
97 194
72 148
79 171
71 180
66 169
18 49
48 143
16 48
23 100
24 108
18 84
36 178
10 55
2 11
21 133
18 165
7 70
17 196
6 124
2 49
3 107
4 186
1 110
1 137
