1010379
3058 2982
3109 2989
128 23
100 42
187 88
129 50
144 99
71 50
168 21
3145 3049
199 140
130 56
80 35
86 9
193 31
200 11
184 64
109 16
2151 2029
2119 2029
100 44
165 136
197 67
120 69
141 76
42 16
192 64
173 50
2099 2013
2159 1990
2134 2016
174 11
123 17
88 33
109 27
2135 2070
173 7
103 32
79 46
197 176
194 81
1306 1179
1254 1174
1243 1171
1277 1146
1229 1162
1311 1213
1287 1236
1316 1276
1292 1179
1266 1183
1268 1158
1383 1339
1415 1320
1332 1276
1331 1279
1374 1298
1422 1255
1664 1575
1605 1506
1676 1540
1629 1534
1656 1508
2158 2020
2147 2067
2131 2033
2104 2032
16705 16642
8903 8856
32371 32273
32374 32251
32352 32262
8958 8902
32336 32252
1400 1375
9001 8942
5043 5008
8904 8829
16798 16673
8985 8922
2138 2103
8985 8853
8930 8856
8972 8899
4991 4944
2104 2080
5034 4945
16811 16688
2015 1977
16796 16654
1251 1232
2108 2088
1317 1289
3152 3115
3137 3071
3074 3046
3100 3035
16760 16636
1543 1510
3095 3027
5054 4980
3106 3072
1563 1537
16810 16633
16810 16647
4999 4946
1368 1340
1658 1639
3138 3090
16809 16646
8963 8907
32432 32341
16772 16716
22 16
52 42
42 34
149 139
124 116
199 192
1164 1155
1591 1580
157 156
4957 4930
1991 1981
4970 4946
4978 4958
5041 5024
8873 8848
8856 8833
1339 1336
16693 16659
63647 63523
32349 32286
3089 3083
63666 63543
63653 63541
63616 63516
63667 63569
193 138
63636 63539
5089 5086
1988 1986
