100023489
152 14
296 133
284 120
215 44
34606 34436
22487 22303
22479 22306
285 59
22501 22256
167 16
34655 34447
22433 22248
272 80
34649 34464
22393 22223
107928 107678
34664 34457
22389 22218
217 28
180 28
22498 22331
179 15
176 2
265 3
196 2
256 82
210 10
59120 58949
217 19
244 27
249 51
297 148
300 49
107947 107677
59043 58851
183 19
273 12
176 7
264 28
107951 107676
65 2
69 4
133 12
120 14
86 11
155 29
147 31
160 36
139 34
46 12
97 31
184 73
136 54
35 14
141 61
211 93
33 15
178 84
205 99
61 30
258 128
96 48
270 142
274 151
128 71
111 62
125 71
184 106
192 111
234 136
184 109
278 165
163 98
268 164
237 146
229 147
224 145
71 46
190 127
291 195
49 33
172 131
77 59
167 128
103 81
297 235
234 190
281 231
162 138
273 234
52 45
208 180
182 159
103 90
294 257
171 152
266 238
105 95
294 269
217 199
148 137
97 90
129 121
152 145
271 262
160 158
22387 22279
22345 22255
22388 22307
34629 34504
34621 34497
34690 34581
22369 22303
22330 22269
34616 34524
22461 22408
285 100
58979 58852
59009 58882
34497 34423
22479 22433
34688 34621
59018 58908
59112 59006
22311 22271
22384 22344
59040 58942
34631 34575
22347 22312
107825 107657
58992 58904
107924 107773
205598 205321
34597 34551
107821 107681
107902 107772
107947 107820
107804 107678
107848 107730
58956 58894
205588 205373
58958 58901
205498 205315
59128 59079
34576 34549
107859 107780
400912 400650
205559 205425
107801 107735
205474 205351
205453 205340
107783 107727
58899 58869
22496 22485
58907 58879
400819 400651
205538 205459
34582 34569
59108 59086
107727 107687
205448 205377
400790 400659
400834 400708
400767 400657
205417 205362
791453 791257
107906 107880
791482 791309
34573 34566
205550 205509
107885 107864
205603 205563
791467 791315
58849 58838
1572784 1572513
205453 205418
400774 400707
3135288 3135142
107947 107929
205401 205369
791529 791410
400713 400656
205375 205346
1572767 1572545
1572754 1572535
1572752 1572545
1572765 1572568
791506 791409
1572759 1572568
791526 791489
791349 791255
791523 791429
791420 791344
791397 791323
791513 791442
791410 791343
1572768 1572638
1572788 1572661
400885 400853
3135254 3135033
3135300 3135084
1572707 1572601
3135264 3135060
791442 791401
3135266 3135105
1572783 1572703
3135206 3135050
3135250 3135171
6260204 6260002
791549 791514
3135247 3135109
1572711 1572648
6260297 6260047
6260226 6260018
3135158 3135052
107923 107910
1572568 1572525
1572676 1572637
1572747 1572710
3135174 3135101
59031 58902
3135113 3135045
3135176 3135115
400664 400658
107848 107847
34545 34547
34443 34445
34684 34692
