1008844
4103 4049
2112 2021
15791 15688
148 105
15757 15672
15745 15657
87 28
15817 15672
15802 15696
2153 2090
106 73
4026 3995
199 92
2106 2065
142 46
15795 15686
15818 15649
15788 15685
168 40
4027 3958
31411 31292
4089 3973
4057 3953
15826 15671
178 60
124 59
81 51
200 59
137 92
4069 3966
117 68
7970 7855
2031 1983
2055 1978
31408 31282
31459 31326
130 63
4090 4039
65 10
4107 4043
163 126
144 72
113 23
7989 7922
4098 3947
7991 7834
31409 31284
160 125
114 51
184 29
7937 7849
2074 1981
2074 2029
190 149
8015 7897
115 77
121 4
2070 2013
168 137
200 51
139 88
172 43
172 75
2055 1971
75 39
194 8
142 36
183 51
8012 7946
7945 7874
7959 7878
184 142
193 23
8001 7956
143 24
7973 7858
2160 2012
2155 2055
7893 7842
2079 1994
2092 2061
4025 3927
31404 31297
62686 62518
31408 31297
31436 31320
62697 62532
93 80
133 119
161 149
117 112
2105 2080
1981 1965
2014 1999
4054 4034
8006 7974
2127 2120
31408 31331
31409 31332
2103 2098
3985 3976
4030 4021
15782 15747
7923 7906
15727 15694
3958 3950
62679 62560
31359 31302
4069 4000
62644 62520
62676 62571
101 103
