1020768
2127 1975
268 91
2196 2055
2203 2046
225 15
2203 1991
226 7
2216 2057
8103 7829
8027 7826
286 134
2244 1991
287 153
8071 7886
270 36
255 80
2241 2101
4120 3939
8116 7849
238 66
196 25
224 25
287 144
8117 7824
300 34
297 107
4139 3926
4201 3929
8102 7929
233 70
267 62
246 39
4197 4013
203 35
15920 15686
255 35
259 36
4169 3959
4205 4009
8115 7848
4210 3958
215 66
199 36
4155 3976
15910 15695
8096 7835
268 40
236 28
256 21
84 1
130 6
86 4
39 5
123 34
162 46
83 30
153 70
204 99
183 89
235 119
79 41
61 32
173 94
107 60
265 150
151 91
217 136
275 174
257 163
290 188
94 62
238 157
291 192
284 201
209 150
67 49
194 143
292 221
274 212
240 187
272 215
277 219
294 234
276 229
299 251
270 234
265 239
237 216
2254 2130
2235 2121
2167 2057
2073 1968
2150 2042
2103 2002
2221 2119
2220 2134
233 224
2054 1975
2042 1968
2076 2001
2195 2119
2092 2026
4054 3941
4179 4073
2213 2157
2149 2095
4080 3981
4136 4038
2257 2206
4108 4024
8108 7948
4011 3943
4193 4125
4086 4021
7988 7863
2120 2088
7974 7867
4187 4132
8002 7897
8030 7925
15845 15649
8018 7922
2192 2166
7969 7876
4122 4074
2081 2057
4163 4115
15840 15661
8080 7991
8059 7971
4041 3998
2078 2056
15842 15676
15813 15650
8034 7955
8007 7931
15923 15772
15842 15696
2065 2046
15791 15649
15809 15668
2180 2161
2141 2123
31536 31274
15783 15653
15842 15714
3990 3959
15843 15723
8010 7956
15893 15787
31481 31273
31525 31318
31498 31294
31465 31281
31448 31268
31471 31294
15824 15737
15906 15819
31447 31275
7880 7838
15758 15678
8085 7920
31427 31278
62797 62510
62805 62518
