9957516756
279 13
154 13
154 15
260 45
146 26
249 46
266 51
103 23
268 72
203 56
297 87
283 93
289 100
167 67
278 121
203 97
177 96
270 152
223 131
100 64
42 28
280 205
231 171
222 165
290 216
215 162
235 182
191 151
101 80
322500228 322500022
229 10
322500268 322500036
322500254 322500001
322500265 322500004
279 234
268 240
223 209
298 296
322500186 322500070
635000287 635000077
322500235 322500136
322500162 322500067
322500123 322500041
322500100 322500024
322500237 322500164
635000292 635000150
322500107 322500042
235 196
322500255 322500288
635000246 635000156
322500127 322500094
322500063 322500044
635000245 635000237
322500177 322500203
322500090 322500164
266 293
322500200 322500236
322500085 322500180
322500135 322500241
322500165 322500294
322500033 322500172
322500073 322500253
322500051 322500269
136 146
263 288
54 62
166 192
165 193
169 203
248 299
201 243
197 243
143 182
93 119
93 121
177 237
114 165
123 179
17 26
138 230
117 196
111 189
139 248
139 269
16 32
107 255
103 248
91 227
83 216
34 90
93 247
83 238
80 235
94 295
47 158
38 138
46 191
37 163
28 162
23 145
16 102
17 177
18 231
15 196
12 184
8 240
1 220
