100041719
291 218
265 175
125 62
101768 101535
103318 103101
101040 100831
77 40
101061 100774
246 52
101049 100774
201 164
283 102
271 90
148 32
150 116
213 171
63 10
272 101
90 24
154 107
239 79
108 5
207 36
232 188
227 75
174 17
181 48
212 2
260 106
179 47
241 75
173 17
232 198
136 113
136 91
38 6
188 151
284 230
185 125
88 1
163 23
202 38
242 158
205 120
104 25
229 34
206 73
296 213
289 211
224 163
181 108
32 1
166 142
267 115
227 135
233 85
293 183
168 43
109 19
125 85
258 132
271 197
266 103
294 61
286 177
124 19
226 149
107 76
113 78
213 175
121 32
187 30
147 80
262 196
296 75
300 79
224 50
196 16
73 52
166 111
267 237
287 251
239 81
114 45
180 78
274 45
174 105
120 5
75 5
259 156
222 192
293 252
226 96
224 57
252 105
202 8
82 30
120 85
251 189
210 32
205 53
134 27
214 185
54 24
147 5
184 58
121 73
237 156
176 16
253 199
241 72
197 90
103330 103124
263 244
233 151
287 183
280 123
254 57
91 55
227 157
209 131
226 198
278 250
253 149
266 139
298 5
164 143
237 34
194 25
163 57
276 70
175 131
251 186
112 28
63 40
115 73
108 31
111 5
231 190
207 96
142 123
187 52
170 128
73 16
263 233
268 140
279 37
187 8
84 61
242 171
184 15
76 21
219 86
215 130
216 145
176 6
275 217
272 210
237 111
257 23
125 38
231 59
278 251
114 62
145 100
271 98
191 149
190 2
281 11
163 21
233 129
249 65
265 197
176 5
293 62
295 94
234 138
87 21
255 89
279 94
88 69
173 13
256 19
276 194
101 56
248 184
254 144
271 105
300 173
164 25
180 56
277 19
245 3
132 106
241 107
277 121
138 8
75 29
128 109
120 52
156 96
197954 197763
197782 197719
149063 149009
197889 197835
149043 148874
112385 112325
148970 148873
112309 112210
124639 124428
124560 124500
124658 124452
197904 197756
124653 124533
197865 197765
197844 197680
197949 197737
197816 197675
197949 197883
197896 197770
124642 124464
124634 124486
197901 197779
197907 197856
197871 197766
124539 124443
124595 124440
197879 197743
124573 124512
149124 149071
149083 148976
881496 881293
881499 881341
103271 103175
149026 148915
103295 103251
881500 881343
101693 101592
101684 101538
148962 148843
881501 881322
881548 881412
103207 103066
103215 103111
881422 881286
881530 881345
490770 490678
101749 101678
490864 490708
101594 101536
103266 103146
490916 490839
103200 103059
490880 490693
490849 490736
881480 881272
490879 490790
101776 101603
881478 881336
490899 490727
490898 490732
490724 490629
881414 881277
149004 148888
101693 101584
101625 101579
490916 490781
101685 101621
101695 101571
490910 490694
103342 103198
101704 101642
103166 103054
103268 103087
101779 101636
490914 490667
103271 103134
106400 106334
106345 106190
101758 101694
106301 106148
149102 148917
295515 295315
106291 106120
101801 101731
106378 106340
148995 148939
295435 295380
100999 100949
101046 100940
295587 295353
490879 490806
106388 106348
295484 295344
101014 100859
148982 148879
106325 106192
106393 106270
106287 106143
100877 100794
295502 295404
295527 295441
101016 100891
106337 106201
295530 295314
124574 124469
148959 148866
106337 106278
106297 106145
106311 106234
101039 100916
101055 101001
101002 100883
112438 112376
149104 148997
112491 112311
112449 112344
124574 124461
17 6
27 11
51 38
32 25
159 141
31 28
150 136
173 157
143 130
207 191
150 139
42 39
210 196
197 184
247 233
246 234
296 283
214 205
172 165
238 229
152 147
275 266
259 252
239 233
129 126
99 98
207 205
100873 100836
101765 101730
100998 100966
124502 124468
124479 124446
149032 148995
106188 106162
112480 112454
103147 103125
124446 124420
124625 124599
106326 106304
112480 112458
103312 103293
197846 197810
103324 103306
197883 197849
124653 124632
101800 101783
197821 197791
112372 112355
101790 101775
124521 124503
1662787 1662547
881412 881290
881437 881315
490849 490783
1662761 1662546
490786 490724
101594 101582
295392 295358
1662723 1662628
263 18
100957 100946
295579 295547
295601 295570
1662738 1662585
295474 295447
1662794 1662654
881468 881396
3225285 3225022
1662787 1662658
3225249 3225063
3225291 3225045
1662749 1662649
1662659 1662543
295378 295360
881375 881316
490694 490662
1662725 1662618
3225226 3225066
881334 881295
1662747 1662685
1662600 1662536
1662750 1662681
881427 881379
881483 881437
881528 881482
3225232 3225065
490806 490781
881470 881426
103263 103255
106171 106163
149014 149004
295389 295375
112498 112493
1662732 1662677
490852 490836
881446 881347
6350250 6350030
3225209 3225074
3225147 3225050
3225167 3225072
490767 490754
106351 106351
62 63
