51036010
299 21
276 19
269 11
178 1
166 6
79 3
156 7
164 9
166 10
266 25
188 19
231 24
280 30
209 30
285 42
269 40
255 39
274 43
255 42
183 34
246 50
296 61
277 67
283 73
75 20
265 76
168 50
169 51
258 78
231 74
203 68
205 69
272 92
115 40
45 16
208 79
286 112
113 45
173 69
195 78
104 42
249 102
268 111
143 60
218 93
114 49
142 63
284 131
284 134
215 102
112 54
202 98
191 95
212 106
152 76
247 124
216 111
182 96
193 102
235 126
262 145
296 169
46 27
189 111
214 127
206 123
140 84
282 173
116 74
36 23
300 193
248 160
233 156
269 182
226 154
232 159
162 113
251 180
271 197
268 195
120 88
205 152
208 155
280 211
287 217
214 163
102 78
247 189
282 219
232 183
266 210
275 218
82 66
178 145
57 47
189 156
251 208
282 236
124 107
263 227
196 171
219 192
229 211
260 242
160 149
269 255
262 249
209 199
75 72
243 234
258 250
239 232
292 288
162 4
51000300 51000117
271 280
23 23
40 40
143 281
81 82
193 197
168 172
198 205
220 228
102 107
56 59
190 201
184 195
106 113
181 194
104 112
67 73
188 205
250 275
227 255
184 209
39 45
216 253
207 243
159 197
142 176
239 297
190 239
54 68
216 281
117 155
160 216
78 107
218 300
90 131
184 268
109 159
203 297
181 265
165 243
53 79
142 214
193 291
55 83
114 173
150 233
131 206
109 172
156 247
62 99
106 173
104 173
153 257
135 228
170 293
132 238
162 293
81 148
138 265
45 87
136 265
85 166
107 212
24 48
131 265
100 210
90 190
89 188
43 92
116 255
94 213
90 209
105 245
120 286
70 173
67 166
23 59
107 294
85 241
67 191
34 99
45 135
19 58
93 285
27 86
86 278
31 103
53 179
54 192
77 274
51 186
65 248
51 203
70 280
47 199
33 144
58 264
39 187
37 178
58 294
39 201
49 279
47 288
10 66
16 108
14 97
27 190
15 113
27 205
22 168
29 250
10 88
9 81
16 147
10 97
26 274
23 292
9 116
9 136
9 149
7 171
7 240
3 127
6 272
1 141
1 210
