9687514660
85 1
71 3
71 4
91 6
84 6
62 5
70 6
82 8
89 10
79 9
83 10
91 11
24 3
66 9
92 13
90 15
62 11
32 6
88 3
73 15
91 19
37 8
59 14
78 20
31 8
23 6
60 16
96 26
57 16
60 18
74 23
94 31
42 14
74 25
50 17
84 29
40 14
88 31
38 14
72 27
89 34
67 28
89 38
68 31
96 45
32 15
19 9
65 31
52 25
81 39
87 42
47 23
95 19
96 49
76 39
74 38
35 18
95 49
23 12
82 43
17 9
75 40
69 37
92 50
51 28
67 37
50 28
48 27
80 45
94 56
65 39
96 58
88 55
95 60
79 50
77 49
11 7
67 44
76 50
53 35
75 50
37 25
83 57
64 44
58 40
44 31
68 48
81 58
32 23
36 26
81 60
68 51
98 74
70 53
94 72
92 71
98 76
48 38
47 38
52 44
85 72
80 70
91 81
50 45
43 39
54 49
94 86
12 11
55 51
91 85
86 43
29 28
70 68
53 52
93 92
312500097 312500002
312500095 312500003
312500098 312500013
312500088 312500004
312500096 312500014
312500093 312500017
312500098 312500027
312500087 312500022
45 43
312500100 312500067
78 78
312500099 312500041
312500097 312500040
312500087 312500032
312500094 312500039
312500097 312500054
312500088 312500048
312500090 312500053
312500095 312500063
312500090 312500061
312500097 312500071
312500090 312500072
312500093 312500075
312500094 312500077
312500098 312500083
312500097 312500087
312500095 312500087
312500094 312500087
312500096 312500091
312500095 312500094
23 23
25 25
312500093 312500094
312500088 312500093
312500089 312500094
13 25
47 48
38 39
72 74
91 94
49 52
85 91
36 39
56 61
39 43
45 50
85 95
55 62
75 85
51 58
82 98
28 34
65 79
69 84
71 87
17 21
59 73
64 83
69 90
16 21
53 70
43 57
69 92
43 58
63 87
52 73
34 48
51 73
39 56
46 68
64 95
48 72
24 37
7 11
54 86
45 73
52 85
49 82
31 53
35 60
57 98
48 83
47 82
36 63
30 53
38 68
15 27
40 73
31 57
36 68
51 97
44 84
32 63
14 28
14 29
27 56
34 71
39 83
46 98
35 75
35 78
34 76
11 25
32 73
28 67
29 70
33 81
8 20
29 75
37 97
20 53
24 64
29 78
20 58
18 53
8 25
27 87
13 43
9 30
17 57
28 95
15 53
20 72
11 42
22 86
19 84
16 72
17 81
5 24
14 69
20 100
11 56
17 95
10 57
14 81
4 26
15 99
15 100
11 74
7 53
8 64
8 66
9 79
5 45
8 75
9 87
4 56
4 81
4 85
1 23
2 48
3 83
3 90
2 80
1 41
2 96
