50011235
166 94
21 4
267 58
282 64
160 43
112 32
181 52
246 75
138 47
163 69
205 89
36 17
298 148
249 132
133 73
260 144
144 82
281 177
299 203
242 170
102 74
160 117
264 201
223 181
243 217
280 251
42 38
96 87
220 203
49 46
124 117
143 136
258 252
290 284
241 237
269 40
50000300 50000053
272 277
42 43
127 134
150 164
168 189
104 123
92 112
196 239
221 283
226 297
55 74
63 86
156 217
100 149
191 288
85 134
135 227
107 180
168 293
121 219
37 70
131 248
121 230
71 136
110 213
53 103
97 191
95 202
86 191
122 294
15 38
90 247
21 59
24 99
58 247
50 289
33 270
6 61
19 264
12 191
5 141
7 236
5 251
1 180
