100008097
99 8
299 42
131 35
170 51
242 91
171 67
272 117
299 151
128 81
284 193
217 167
225 182
57 48
249 225
131 129
34714 34426
122 121
22507 22327
34712 34475
22351 22224
22350 22235
22499 22392
34560 34431
22492 22413
22340 22262
59122 58968
58987 58840
107915 107660
59086 58951
400855 400744
400801 400690
58974 58869
791548 791318
59037 58937
400779 400645
59045 58964
400805 400637
107911 107781
205575 205463
205468 205354
3135266 3135064
1572651 1572539
12510237 12510004
6260251 6260068
6260294 6260094
3135269 3135093
293 229
22384 22345
22304 22272
59041 58964
34579 34546
107913 107842
107746 107683
107725 107682
59076 59057
205383 205319
205376 205313
205402 205339
58998 58981
400746 400676
400910 400849
205481 205450
34703 34699
400846 400803
791510 791451
205342 205330
791482 791443
1572757 1572682
59127 59125
1572702 1572652
3135282 3135183
3135149 3135089
6260157 6260054
12510222 12510019
12510222 12510028
6260117 6260022
107884 107670
3135139 3135045
6260147 6260062
1572757 1572741
791429 791436
205569 205590
164 166
83 85
256 267
197 234
