5010018712
260 141
156 2
299 5
276 7
80 5
30 2
235 20
291 28
243 25
98 11
278 33
212 29
293 45
172 30
241 45
293 65
216 48
180 46
199 51
184 48
242 69
133 44
240 90
146 55
161 62
244 107
172 79
78 36
272 128
104 49
183 88
235 117
278 146
294 156
284 248
269 155
162 99
231 146
144 95
281 245
259 180
271 217
196 139
211 153
254 198
188 149
252 201
40 27
57 40
68 54
135 114
106 94
249 233
137 130
226 216
248 238
215 213
240 2
5010000300 5010000001
250 278
95 95
230 234
144 152
191 211
149 165
79 90
188 217
159 185
91 106
149 175
163 198
151 189
194 246
104 139
182 254
82 115
175 248
192 281
103 158
160 247
135 211
65 103
185 294
119 197
131 217
121 207
158 277
168 296
147 269
20 37
94 174
129 250
52 110
125 268
88 191
120 266
99 220
134 299
123 281
110 253
112 263
92 230
116 298
102 269
38 101
6 17
92 286
93 300
77 271
74 261
47 174
44 181
38 193
40 213
9 48
22 127
45 271
31 205
24 193
9 180
6 193
