9718538148
276 20
271 21
189 17
277 28
89 9
167 18
130 15
266 32
108 15
248 35
253 36
115 18
215 38
289 55
276 55
174 41
272 66
249 61
40 10
280 70
249 63
191 49
86 24
111 4
232 67
270 80
274 86
218 69
282 93
297 103
225 83
119 47
283 117
132 55
232 98
261 111
77 33
281 125
266 119
287 129
200 90
241 113
278 131
296 140
106 51
210 103
290 144
108 54
113 57
240 122
80 41
39 20
206 106
267 140
185 100
300 165
220 123
258 146
115 67
202 119
264 158
231 140
202 125
160 103
228 147
276 178
92 61
227 151
138 94
290 205
168 124
260 192
100 74
238 182
284 230
295 243
80 23
251 208
155 131
287 251
251 223
130 116
219 198
252 229
157 145
200 185
197 186
263 250
202 194
293 283
313500290 313500020
313500278 313500019
313500291 313500037
313500292 313500061
313500246 313500018
313500280 313500068
313500242 313500033
313500243 313500051
313500247 313500062
313500289 313500107
313500243 313500065
313500292 313500120
114 94
313500269 313500105
313500291 313500203
313500277 313500146
313500279 313500172
313500289 313500192
313500286 313500194
313500273 313500199
313500250 313500190
313500259 313500214
313500256 313500212
313500281 313500240
313500266 313500236
313500290 313500271
254 276
313500258 313500251
313500258 313500256
313500289 313500300
313500279 313500292
313500247 313500276
313500249 313500290
185 284
139 141
194 197
216 221
179 187
227 238
149 160
27 29
198 215
252 281
187 214
176 202
54 62
148 170
78 90
57 66
102 119
88 103
140 167
99 119
231 278
217 263
42 51
176 217
157 194
238 296
236 296
217 274
154 198
112 147
77 103
150 201
217 291
196 263
189 262
57 80
63 89
60 86
87 125
124 179
150 218
192 283
70 105
63 96
181 286
64 102
173 283
120 198
157 260
104 174
100 171
123 219
132 241
29 53
96 178
136 259
62 119
56 110
152 299
97 191
69 136
25 50
90 186
111 232
76 159
112 243
90 198
112 282
118 298
93 261
33 93
48 141
55 173
85 268
60 193
55 177
68 221
76 258
53 181
84 297
78 277
59 213
33 128
68 265
18 75
35 156
52 232
34 161
37 188
50 265
36 202
41 256
15 103
31 214
38 276
38 277
18 132
25 198
30 239
31 281
22 257
12 148
11 154
5 124
8 222
4 121
5 203
1 126
