1012190
212 97
8161 7929
279 99
296 191
2315 2201
2236 2098
2213 2061
8087 7968
2260 2054
294 157
243 57
16014 15755
2287 2183
4303 4148
8205 7932
4249 4137
2215 2133
106 37
8072 7941
8127 7965
4153 4014
8138 7928
220 77
160 43
4214 4067
2165 2096
4172 4015
4195 4073
2273 2073
4197 4053
2235 2106
2288 2213
4252 4085
243 177
4160 4055
4246 4030
204 95
4136 4061
4288 4212
4290 4015
176 53
4276 4073
8119 7994
4276 4105
266 205
187 49
8128 7971
15924 15757
31626 31379
31594 31364
15900 15780
8070 7987
15963 15746
8137 8021
8145 8051
8110 7993
15954 15838
8133 8017
8073 7982
15995 15848
8129 8015
8183 8088
32 15
212 193
219 207
2174 2130
2102 2062
2316 2280
4233 4175
4182 4129
2342 2315
8085 8012
4170 4135
31628 31407
15918 15808
31635 31424
31631 31439
31597 31409
15943 15851
8063 8019
31546 31401
31643 31499
62894 62614
31628 31498
15843 15779
31477 31364
62878 62654
62862 62644
15909 15855
15898 15847
2350 2113
7985 7927
62854 62678
2174 2170
