624435
299 127
284 1
233 8
276 12
209 15
283 119
184 18
213 22
270 109
291 116
265 99
271 53
265 92
221 49
274 92
277 91
230 69
295 84
284 82
219 63
105 8
147 20
145 20
165 5
142 31
52 12
207 58
99 28
182 52
192 57
126 39
218 69
116 37
218 72
205 70
194 67
169 60
244 95
41 18
160 77
282 139
263 134
66 34
186 98
211 115
169 95
164 97
268 165
90 58
212 139
189 125
167 111
191 131
184 129
184 133
121 89
158 120
260 198
239 186
143 115
56 48
37 32
258 224
116 104
178 160
269 242
284 256
300 276
113 109
287 266
287 267
127 23
207 202
293 295
600300 600114
158 158
159 159
217 271
67 68
161 164
80 83
171 179
233 247
241 257
266 292
254 280
238 265
82 93
239 272
91 104
198 230
231 269
217 255
249 299
129 159
220 274
78 238
128 170
60 81
126 173
208 288
140 195
187 272
171 250
181 268
185 282
61 93
126 193
143 221
61 96
139 225
137 222
106 172
77 135
116 205
112 199
150 267
62 111
70 131
73 137
89 171
92 182
134 267
141 291
30 63
135 284
126 270
127 274
92 199
93 209
79 182
106 252
93 228
93 236
34 91
104 279
31 84
90 269
83 252
34 110
18 59
62 214
57 201
58 207
75 269
71 264
34 141
51 212
21 96
37 190
31 169
27 155
6 36
29 183
40 276
9 67
34 264
19 220
7 104
10 263
6 196
