100009499
286 2
290 13
298 29
286 28
190 19
190 20
38 4
150 17
188 22
284 35
254 33
215 28
268 40
224 37
78 13
256 43
239 42
230 47
267 56
245 52
296 65
142 34
99 27
238 68
152 46
220 67
298 92
260 85
66 22
80 27
242 82
232 79
198 68
162 58
272 99
247 91
227 84
169 67
168 71
7 3
217 94
297 129
294 133
67 31
222 107
165 80
129 63
254 126
271 136
225 114
249 130
238 126
221 3
286 155
154 84
172 95
292 162
257 143
43 24
193 108
194 114
227 136
177 107
129 78
247 155
92 60
190 130
220 151
145 100
149 105
267 191
246 177
299 228
259 199
106 82
71 55
160 126
208 164
272 218
241 194
194 159
289 237
269 226
128 108
163 139
233 199
131 114
275 248
184 168
157 144
208 191
129 69
79 78
250 248
3225296 3225027
3225272 3225023
3225291 3225048
3225258 3225024
3225277 3225053
3225300 3225082
3225259 3225042
3225295 3225081
3225300 3225126
3225232 3225059
3225214 3225053
3225265 3225118
3225171 3225042
3225183 3225076
270 261
3225158 3225044
3225206 3225034
3225269 3225211
3225198 3225117
3225225 3225152
3225224 3225154
3225239 3225181
257 278
3225207 3225159
3225268 3225231
3225281 3225276
3225234 3225216
3225190 3225173
3225265 3225255
3225225 3225249
3225232 3225266
3225246 3225281
3225235 3225284
137 141
33 34
74 78
169 185
206 232
195 221
28 32
103 119
83 96
197 229
99 118
129 154
231 280
81 99
173 212
148 182
167 207
223 279
204 257
15 19
101 128
196 249
207 274
216 293
120 164
209 287
123 170
46 65
128 181
93 132
128 186
84 124
180 282
147 231
151 239
139 222
168 273
182 298
176 291
91 151
122 208
69 119
167 299
119 223
81 153
125 239
111 219
108 231
94 203
41 90
108 246
79 190
117 287
59 152
99 261
108 291
90 246
95 290
