1004537
97 18
67 29
79 6
2035 1968
2043 1985
2048 2000
2036 1967
2043 1973
2042 1999
37 2
82 30
84 30
56 16
97 32
50 9
61 11
50 8
51 3
77 17
88 32
88 18
68 12
79 40
60 22
78 26
100 58
80 12
35 7
9 2
36 14
48 20
42 19
46 27
64 42
51 36
83 59
98 71
80 58
78 61
29 23
93 74
59 47
90 72
57 48
29 28
2026 1984
2039 1999
2047 2009
4001 3931
2002 1968
2045 2012
4000 3940
2007 1978
2048 2019
3992 3940
4016 3964
7913 7829
3992 3950
2005 1984
3960 3921
3967 3930
7897 7828
7917 7853
7918 7860
3990 3964
7901 7854
15726 15647
7904 7866
7914 7878
2008 1999
7912 7878
15715 15648
3957 3941
15717 15655
7908 7877
2044 2036
7909 7880
15720 15663
15710 15656
7886 7859
3935 3922
7886 7861
15691 15642
15735 15687
15715 15668
15735 15693
15703 15663
7854 7834
7872 7852
31322 31277
60 40
15727 15703
31338 31263
15703 15667
31358 31290
15688 15658
15671 15643
31357 31302
31358 31303
31334 31286
62605 62539
62603 62533
62597 62518
2017 2012
15676 15654
31309 31273
2004 1999
62589 62518
31306 31261
62582 62527
15691 15681
