9999881598
126 3
297 11
80 3
289 17
208 4
234 17
274 25
285 27
71 9
289 40
252 35
277 43
238 38
292 47
266 45
270 55
126 26
166 38
30 7
154 36
238 59
259 71
199 55
107 31
117 35
253 84
234 79
256 87
94 35
203 77
78 30
283 109
286 121
137 59
158 72
260 119
267 125
243 117
268 132
223 114
250 128
242 129
120 65
298 164
163 92
94 55
254 151
114 68
219 132
271 165
218 135
136 88
3 2
116 81
248 174
178 126
194 138
113 81
226 162
128 95
273 205
98 75
219 170
180 146
154 125
285 232
38 31
52 43
205 170
210 177
251 216
261 229
183 162
145 130
240 216
73 66
286 260
247 226
230 212
93 87
281 265
204 194
223 213
150 144
156 151
29531533 29531284
204 14
29531507 29531342
29531511 29531392
88125297 88125032
88125270 88125118
88125279 88125131
88125259 88125115
88125266 88125136
88125275 88125167
29531519 29531488
88125278 88125190
166250299 166250144
322500280 322500015
88125279 88125207
322500275 322500027
322500257 322500020
166250280 166250160
49062793 49062711
166250287 166250181
322500288 322500102
322500265 322500102
88125292 88125234
322500262 322500120
635000297 635000143
635000267 635000038
29531549 29531541
635000292 635000174
1260000300 1260000053
166250275 166250245
322500297 322500240
635000286 635000187
322500299 322500252
49062753 49062749
322500269 322500245
635000287 635000248
88125279 88125280
322500270 322500262
322500282 322500278
166250267 166250266
29531543 29531548
29531525 29531546
88 144
201 205
169 173
264 278
146 159
269 294
201 224
195 218
246 285
175 206
120 142
133 170
24 31
119 154
154 200
93 122
149 196
114 154
168 231
186 262
140 198
119 171
186 268
140 203
110 160
196 289
190 283
196 292
177 269
105 162
192 298
84 131
171 270
162 257
107 170
93 216
174 285
171 281
108 178
131 221
24 41
152 261
92 161
44 83
39 75
98 190
140 274
129 266
139 294
86 187
83 184
82 183
102 232
60 140
46 109
88 211
75 182
77 193
74 186
113 287
87 225
64 168
98 265
36 100
36 100
78 226
52 157
38 118
93 289
86 268
32 102
45 144
84 271
88 293
38 137
66 238
21 78
62 281
52 254
45 222
54 293
51 293
43 258
46 286
31 196
39 278
11 80
8 63
23 190
5 55
23 256
23 268
5 87
9 251
6 224
3 199
3 284
2 248
1 130
1 215
