50016203
40 2
39 3
25 2
57 5
32 3
36 4
99 11
54 6
60 7
56 7
85 11
42 6
65 10
97 15
31 5
79 13
96 16
96 17
84 15
39 7
46 9
100 20
42 9
83 18
66 15
83 19
33 8
32 8
79 20
92 25
95 26
80 22
66 19
99 29
27 8
33 10
92 28
92 29
88 28
55 19
66 23
59 21
75 27
58 21
74 27
73 27
85 32
45 17
96 37
28 11
94 37
68 27
95 38
85 34
54 23
99 43
23 10
100 45
52 24
68 32
19 9
63 30
42 20
29 14
61 30
98 49
83 42
59 30
47 24
90 48
13 7
53 29
73 40
44 25
98 56
59 34
96 56
77 45
22 13
15 9
85 51
63 38
46 28
87 53
90 55
82 51
35 22
79 50
52 33
86 55
68 44
56 37
36 24
36 24
46 31
59 40
16 11
58 40
62 43
69 48
70 49
89 63
24 17
76 54
91 65
37 27
67 49
49 36
83 61
8 6
68 51
88 66
57 43
70 53
58 44
92 70
91 70
70 54
98 76
67 53
83 66
49 39
89 71
75 60
75 60
82 68
86 69
82 66
92 76
93 76
87 71
98 80
82 67
52 42
16 13
81 69
68 59
95 83
75 67
47 42
20 18
97 88
36 33
100 93
95 89
36 34
27 26
55 53
95 92
76 74
94 92
99 97
62 61
65 64
76 3
50001099 50001004
90 94
30 30
34 34
70 70
64 73
86 88
83 87
76 80
27 29
76 82
73 80
81 90
83 93
31 35
81 92
87 99
43 90
54 62
73 85
6 7
75 88
83 98
65 77
75 89
75 90
25 31
78 97
16 20
44 55
62 78
50 63
56 71
58 74
14 18
7 9
72 94
72 96
74 100
38 52
8 11
50 69
62 87
63 89
26 37
40 57
61 87
32 47
31 46
60 91
61 93
52 80
60 93
45 70
43 67
16 25
53 83
40 63
17 27
27 43
51 83
49 80
51 86
45 76
23 39
47 80
31 54
36 63
52 91
39 69
11 20
47 87
38 71
48 90
19 36
23 44
21 41
42 85
26 53
20 41
38 78
11 23
36 77
5 11
5 11
21 47
12 27
36 83
19 44
42 100
14 34
23 56
33 81
11 27
36 90
17 45
14 38
33 91
17 48
15 44
27 82
28 86
8 25
5 16
22 72
29 97
28 94
25 85
23 80
24 85
13 49
24 94
16 63
14 57
20 85
16 69
14 65
12 57
16 76
6 29
11 55
9 45
17 87
13 75
16 99
14 89
9 58
14 97
13 92
13 97
12 99
9 76
3 26
9 85
9 87
7 68
1 12
8 96
2 31
4 80
3 64
4 87
1 33
2 69
2 73
1 92
