51045515
152 3
268 8
74 3
222 9
267 11
177 9
76 4
244 14
183 11
295 20
257 19
299 23
160 13
253 26
237 25
288 31
197 24
213 26
245 30
121 15
155 21
176 24
276 43
293 51
181 32
256 46
110 21
250 49
285 56
187 38
275 56
145 30
286 60
212 45
273 59
225 49
217 49
85 20
115 28
258 63
231 58
256 75
116 34
247 74
39 12
41 13
231 78
35 12
180 63
48 17
226 88
285 111
198 82
281 118
128 54
85 36
265 115
83 37
276 127
205 101
290 144
294 146
262 132
290 147
236 120
191 98
284 146
66 34
82 43
133 71
247 133
203 111
269 148
204 115
138 79
288 165
259 150
231 137
197 117
138 82
254 151
282 169
137 83
135 83
149 92
272 169
275 175
270 174
241 156
266 173
292 193
294 214
262 175
254 179
176 119
35 24
230 162
191 138
162 119
277 204
216 160
75 56
166 124
168 127
99 75
66 50
139 106
196 152
292 228
243 190
84 67
159 129
241 198
231 191
212 177
74 62
137 115
269 228
247 215
142 124
190 168
71 63
222 198
176 157
263 238
261 237
197 179
280 255
215 196
281 258
150 139
67 63
128 2
240 228
254 246
129 125
73 71
181 177
188 184
298 296
218 214
279 276
238 233
149 148
19 18
51000300 51000071
287 290
39 39
214 214
40 45
171 172
223 229
233 240
145 150
197 204
251 260
108 113
124 130
36 38
133 141
264 282
184 198
90 98
254 280
39 43
123 136
187 209
126 141
207 232
124 139
255 286
123 138
109 205
242 273
264 298
114 130
201 230
123 142
171 198
119 138
193 224
123 147
5 6
164 197
104 126
144 177
217 267
122 152
197 247
183 230
196 248
210 269
224 288
220 283
120 156
168 223
82 109
169 226
157 211
178 241
148 207
186 263
195 283
50 73
104 153
152 224
172 254
73 108
164 244
24 36
54 81
192 289
114 172
146 221
89 136
144 221
21 33
145 230
114 182
101 163
136 220
48 78
137 223
72 119
175 295
177 300
125 214
90 156
125 220
162 286
89 159
22 40
156 284
77 141
143 263
51 94
89 166
56 112
138 278
146 295
71 147
111 240
51 111
93 209
128 293
71 168
24 57
115 283
114 293
16 43
110 297
42 115
63 179
74 212
91 261
54 158
90 272
31 95
79 247
49 159
75 245
12 40
69 232
56 193
54 195
49 179
71 260
69 263
44 172
59 232
65 266
70 291
39 166
67 292
54 236
63 283
60 270
41 185
62 291
54 265
24 122
43 231
9 52
33 202
30 189
16 116
19 142
27 206
30 238
11 97
28 260
16 209
18 236
8 107
19 257
20 290
13 250
8 251
6 198
4 233
2 180
