9937515188
235 4
232 12
263 21
291 36
211 29
20 3
225 35
292 49
273 49
262 48
119 31
275 73
194 58
169 52
136 42
276 86
110 39
70 25
135 51
254 104
289 121
228 99
203 92
281 136
279 136
182 90
249 130
107 61
235 138
287 169
189 113
289 182
247 167
45 32
211 153
265 194
262 11
98 75
270 208
280 220
151 121
286 240
218 188
271 234
269 238
284 255
219 197
228 220
243 184
1312500299 1312500010
265 293
1625000300 1625000144
3500000288 3500000065
3500000297 3500000243
155 155
216 222
178 197
95 106
111 124
201 248
135 167
49 64
183 244
185 263
175 285
156 260
114 190
44 76
108 195
107 234
131 288
119 262
68 152
129 300
71 222
74 235
87 287
19 66
36 166
24 128
28 200
22 212
6 83
6 156
