1013600
297 176
297 170
290 6
285 7
293 8
254 8
271 155
255 12
274 14
225 14
247 20
123 10
269 23
296 34
188 23
228 28
288 38
281 153
242 121
282 45
226 38
254 126
226 112
180 35
247 114
167 37
297 68
268 122
194 47
236 105
177 45
157 42
253 106
159 43
289 109
235 66
159 45
176 51
249 76
163 52
220 72
248 82
197 73
183 62
291 105
66 3
117 16
119 18
78 12
83 14
84 16
134 29
61 14
85 21
148 40
139 38
131 44
152 52
157 54
170 62
112 41
90 33
43 16
139 54
178 71
175 72
179 76
127 56
62 28
177 80
155 74
186 90
175 90
81 44
102 56
112 62
56 31
166 96
164 95
167 100
258 159
88 56
287 184
227 146
256 166
283 185
193 128
45 30
163 111
277 190
26 18
278 195
239 168
76 55
153 111
66 48
144 106
291 215
146 109
262 196
267 200
214 166
276 219
69 55
265 212
212 171
229 186
244 199
218 178
110 90
61 50
107 88
147 121
278 230
216 180
106 89
229 197
182 167
276 258
164 154
139 132
280 266
147 3
195 186
199 190
259 251
121 118
289 282
197 193
299 293
178 177
131547 131288
131522 131265
131537 131280
131533 131279
286 272
131535 131293
292 293
162779 162507
162777 162525
135 135
264 284
229 230
88 89
162 164
163 169
179 187
133 140
204 215
133 142
78 85
176 193
261 289
258 289
87 99
251 286
184 211
151 174
260 300
105 125
214 263
222 275
231 295
229 294
157 202
170 219
131 170
