1020549
15833 15748
31518 31353
15916 15742
42 31
100 84
199 144
200 14
153 8
166 71
30 13
172 103
173 139
90 33
196 96
88 76
176 147
156 71
125 108
104 12
198 182
84 25
132 106
141 97
67 36
186 33
185 123
36 8
34 20
64 29
118 8
120 80
153 33
15925 15766
146 3
126 82
163 74
163 20
199 126
117 29
15844 15746
146 17
56 31
172 90
78 14
150 59
186 145
15899 15771
108 7
119 87
133 53
15919 15835
186 93
196 3
91 80
200 104
191 105
130 39
158 83
169 67
56 24
149 104
188 154
88 52
58 30
194 130
169 76
135 73
140 80
136 126
176 139
122 102
69 34
65 36
194 149
126 65
145 95
152 85
192 159
141 83
160 138
147 71
157 131
15920 15743
166 106
150 79
172 37
90 37
87 18
15875 15771
193 121
15903 15785
73 38
198 33
147 87
200 17
115 90
15876 15790
128 100
150 56
94 59
192 3
179 75
88 6
194 122
181 142
163 141
93 21
31 11
110 84
186 93
152 64
114 44
172 140
195 85
64 44
114 68
180 138
186 165
131 109
138 78
15902 15781
8084 8025
193 24
55 3
193 165
179 111
161 135
150 55
163 147
106 2
151 54
178 129
139 109
44 28
188 166
131 73
41 21
93 15
97 40
177 21
191 131
71 24
186 53
103 18
7992 7938
129 98
131 118
92 1
185 44
180 75
145 47
8028 7927
180 55
167 54
182 143
75 22
77 37
185 164
189 86
106 44
8066 7929
153 35
176 91
199 99
8111 7982
2084 2067
8091 8002
2193 2131
2230 2057
2222 2117
2178 2058
2127 2110
2114 2082
2224 2156
2183 2073
2149 2074
2178 2067
2249 2083
2233 2131
2163 2106
2245 2207
2197 2147
2182 2063
2211 2117
2118 2069
2223 2177
15910 15771
2186 2140
2205 2138
2109 2089
2131 2087
2171 2131
2153 2071
2199 2119
2189 2091
2250 2062
2247 2200
2110 2086
2249 2173
2179 2103
2182 2086
2121 2100
4117 4062
4140 4061
4096 4053
4041 4016
4083 4008
4184 4030
4200 4122
4171 4058
4194 4007
4047 4015
4190 4046
4083 4045
4047 4019
4158 4111
4048 4017
4051 4021
4120 4065
4152 4108
4205 4024
4145 4067
4162 4122
4152 4047
4204 4017
4124 4078
4187 4145
4167 4012
4205 4135
4195 4123
8084 8006
8109 8066
8072 7921
8012 7948
8072 7967
8096 8012
8078 8008
8030 7980
7993 7945
8010 7955
8081 7993
8042 7975
8006 7927
8023 7936
8039 7919
8035 7927
31538 31355
8091 7974
8106 8007
8032 7931
8075 7959
7998 7949
8091 8032
8047 8002
8082 8038
7993 7941
63 56
79 71
106 100
160 152
107 102
113 108
133 128
158 153
196 190
151 148
178 175
179 177
90 89
128 127
153 152
2104 2092
31515 31353
15812 15734
31521 31374
7977 7940
15841 15768
31550 31408
15909 15838
15807 15738
31524 31390
31527 31394
57 23
15799 15733
7973 7932
31548 31418
15795 15732
