9991409485
170 4
264 13
95 5
152 14
252 30
203 25
282 38
195 29
161 26
167 27
121 20
182 32
152 28
223 46
252 52
277 59
276 61
253 59
243 57
132 31
290 73
134 34
258 69
179 49
273 81
284 86
155 51
105 36
296 109
274 111
32 13
68 28
91 42
269 126
96 45
76 36
195 93
277 134
210 108
264 136
261 138
293 160
153 86
155 92
298 178
248 149
185 114
237 150
262 169
262 171
180 119
100 67
118 80
207 142
75 2
165 114
109 77
139 100
162 123
203 155
266 212
216 174
111 90
236 203
101 87
174 154
283 251
120 107
209 189
145 136
121 114
88 83
124 117
183 173
204 194
19631525 19631281
19631546 19631329
19631459 19631308
39162741 39162521
19631528 19631425
19631350 19631266
19631340 19631257
39162711 39162548
19631409 19631331
39162702 39162547
78225292 78225031
39162642 39162518
19631505 19631444
78225240 78225017
19631522 19631474
78225230 78225044
19631434 19631388
39162734 39162643
78225292 78225113
78225297 78225118
39162665 39162576
78225229 78225053
39162645 39162560
39162766 39162687
39162722 39162649
39162654 39162587
19631335 19631302
78225286 78225158
39162619 39162565
78225136 78225030
78225188 78225083
39162771 39162725
156350238 156350066
156350200 156350036
156350206 156350066
78225077 78225007
156350208 156350071
39162585 39162556
312600200 312600006
78225084 78225036
156350277 156350185
156350185 156350115
156350242 156350158
78225133 78225095
78225190 78225154
19631549 19631540
312600250 312600110
312600294 312600154
78225042 78225011
312600214 312600123
19631357 19631349
181 125
156350180 156350089
312600289 312600208
312600229 312600164
156350039 156350020
156350160 156350146
156350297 156350285
156350015 156350005
78225235 78225230
156350177 156350172
169 169
156350112 156350114
156350161 156350166
312600247 312600265
78225103 78225111
156350189 156350208
312600183 312600248
78225266 78225284
19631339 19631344
78225046 78225071
39162524 39162540
78225070 78225109
156350179 156350260
284 289
159 229
156350110 156350203
156350191 156350291
156350080 156350189
39162598 39162627
156350111 156350246
156350109 156350251
78225210 78225289
156350055 156350222
156350116 156350286
39162688 39162731
156350096 156350269
39162560 39162614
156350021 156350238
19631356 19631384
39162581 39162650
39162506 39162582
39162699 39162789
19631425 19631474
78225093 78225292
78225012 78225211
19631445 19631499
78225035 78225270
78225013 78225257
39162577 39162707
78225012 78225282
19631328 19631401
39162525 39162688
39162607 39162774
39162605 39162775
19631387 19631477
19631330 19631422
19631343 19631443
39162584 39162797
19631338 19631511
19631340 19631521
19631300 19631483
19631282 19631544
213 214
236 239
274 279
151 156
277 290
234 249
279 297
263 286
160 175
135 148
176 195
91 103
133 151
152 183
112 135
210 258
187 230
123 153
163 215
188 255
30 41
135 187
168 233
187 281
122 184
187 284
179 273
153 238
181 283
77 121
84 133
128 206
132 215
106 175
86 144
122 206
99 169
164 282
138 242
13 23
129 231
92 170
56 108
92 179
76 152
98 203
82 174
78 167
94 205
11 24
125 282
116 268
13 33
71 181
93 253
69 189
48 137
26 75
33 96
56 163
60 176
95 286
98 299
71 232
47 154
75 293
55 215
64 281
51 226
9 43
49 253
52 282
28 152
49 296
23 162
25 226
19 197
17 232
16 227
5 78
15 236
15 236
6 155
7 203
8 248
1 78
1 139
