1012797
18069 17895
18041 17868
210 87
179 52
184 45
187 34
198 15
154 61
235 8
49 4
133 100
286 243
18070 17857
86 38
279 42
215 27
77 27
207 72
237 18
104 46
195 59
293 67
238 190
156 70
18089 17816
170 127
229 132
14200 14060
10421 10164
10365 10156
10280 10123
10372 10128
10311 10182
10226 10127
10416 10272
10400 10155
10341 10186
10255 10162
10310 10207
10467 10247
10503 10378
10508 10344
10431 10305
10785 10597
10613 10503
10678 10571
10745 10614
10676 10554
10715 10584
11224 10996
11226 11119
11229 11082
11269 11160
11184 10980
11214 11081
12200 12083
12190 12019
14150 13939
14079 13952
14162 13941
14173 13972
14081 13914
11121 11036
41523 41259
25830 25669
14176 14075
12141 12051
41519 41254
10289 10201
12179 12079
17996 17834
11255 11169
11118 11021
25897 25679
19 8
197 167
11173 11091
12108 12024
10277 10206
14132 14037
10402 10334
12221 12142
12068 11990
10684 10616
10342 10277
25818 25661
17946 17839
25803 25653
14156 14079
10490 10433
11099 11039
11202 11143
151 51
25793 25634
10203 10126
10640 10587
25799 25673
12061 12004
