5100007036
99 59
79 3
69 3
82 4
93 8
90 8
100 10
61 8
63 9
37 6
89 15
83 15
98 22
70 16
69 16
54 14
92 24
91 24
60 16
52 15
91 28
91 32
73 26
77 28
88 33
64 25
46 18
15 6
76 35
28 13
67 33
29 15
65 36
64 36
61 36
83 49
91 57
98 59
42 26
60 39
86 56
92 60
49 35
61 45
79 59
68 51
13 10
65 50
41 33
76 62
23 19
96 84
32 28
87 78
71 65
12 11
78 74
63 60
87 84
61 59
100 97
67 65
53 2
5100000100 5100000008
100 100
71 71
98 99
83 85
69 71
87 92
80 85
13 14
66 75
71 81
76 88
69 81
81 96
74 88
78 95
77 97
63 80
53 69
72 94
62 81
74 97
38 50
30 41
46 64
63 97
20 31
62 100
30 49
56 93
42 70
37 63
38 66
45 80
51 91
43 78
41 76
50 93
39 77
34 68
11 22
46 94
44 93
40 89
4 9
32 82
28 79
31 91
6 18
16 49
17 56
3 10
25 96
11 46
5 22
17 84
12 94
6 76
