1037462
282 3
258 37
164 3
128 16
245 5
257 22
291 12
194 13
178 24
95 14
214 42
296 16
270 37
82 8
223 6
284 4
157 3
151 14
268 28
254 30
129 20
132 11
272 53
239 6
167 33
278 30
253 42
76 3
229 3
217 4
252 22
134 13
275 19
246 39
272 28
99 17
214 16
273 1
90 6
168 6
275 97
267 104
126 48
204 94
152 42
136 40
186 65
108 43
215 98
193 92
235 104
48 16
253 80
293 115
125 47
263 81
273 142
113 34
265 106
268 54
114 31
151 33
212 81
171 73
146 51
128 64
187 38
292 153
173 68
265 114
233 113
123 25
131 53
283 112
190 63
292 129
49 22
295 154
183 55
278 106
291 107
219 54
142 32
111 59
245 100
252 89
267 92
119 42
173 43
113 27
299 111
165 73
288 151
231 110
203 93
224 87
139 71
220 73
103 50
265 114
150 64
300 66
237 48
237 101
199 68
230 53
284 153
192 73
267 105
104 33
284 85
159 83
292 144
257 56
223 97
186 88
190 95
155 81
147 31
10365 10161
186 158
173 104
174 128
241 174
259 183
108 65
156 125
275 158
196 111
142 107
66 53
177 146
212 144
75 58
202 138
180 144
115 77
238 202
285 178
122 84
225 165
226 172
258 174
272 239
213 127
258 189
261 226
257 163
148 92
137 93
137 119
225 193
293 159
294 172
119 79
99 73
253 205
275 174
216 155
269 211
284 233
161 98
106 81
194 169
72 58
273 208
215 159
167 117
269 153
214 188
200 118
251 209
109 76
253 144
289 163
270 178
204 141
251 210
188 165
224 188
203 158
156 93
84 54
281 238
241 176
241 131
255 213
274 219
117 67
153 119
224 136
115 95
160 113
289 248
239 136
108 95
183 101
150 87
94 77
10636 10504
10349 10224
12184 11975
10678 10513
10710 10555
10404 10176
12143 12002
10468 10347
12199 12022
10519 10315
10779 10606
12217 12069
10493 10260
10509 10273
10445 10319
12139 11979
14155 13975
10756 10489
10543 10308
159 140
12235 11967
14188 13933
10663 10534
14185 14002
10497 10376
10760 10523
10399 10212
12223 11994
10449 10250
10528 10271
10525 10344
14143 13931
10507 10295
10506 10293
11130 10995
10377 10125
11256 11075
10519 10367
10509 10274
10518 10311
10359 10150
10761 10546
10293 10153
12225 11973
11172 10977
10292 10141
265 240
14098 13920
10343 10142
12229 12003
10324 10168
12218 11980
11248 11055
10470 10335
10672 10537
10396 10150
11201 11066
12136 11978
11232 11054
11237 11034
10694 10553
14135 13939
10376 10253
11238 11024
12158 12004
10317 10173
11 5
66 56
47 40
62 54
184 171
208 194
149 139
160 151
289 273
240 230
268 259
273 266
198 193
275 270
292 288
78 77
10398 10282
10689 10570
10454 10339
12183 12049
183 181
14093 13939
10634 10518
10272 10162
11234 11114
14071 13922
14120 13971
14138 13989
12212 12084
25907 25638
10715 10604
10276 10172
10353 10249
298 14
18111 17833
10260 10148
10407 10303
10759 10652
11096 10987
222 220
292 292
89 90
