100005380
52 3
69 10
51 9
81 15
72 16
82 20
42 11
84 23
70 23
86 30
16 6
26 11
96 41
93 41
49 5
25 13
19 10
49 26
92 50
31 17
51 29
70 40
94 55
69 45
6 4
57 40
71 51
93 67
46 34
67 50
55 46
37 31
77 68
67 60
25 23
70 65
100 97
12295 12234
12297 12239
12290 12234
12292 12242
12275 12226
24514 24418
24513 24420
12261 12217
12295 12260
12304 12269
12301 12267
12267 12234
24478 24416
24498 24438
12249 12220
24469 24419
24487 24438
12290 12266
48923 48840
24467 24428
12272 12253
24471 24435
48923 48854
48904 48837
24507 24474
48925 48862
48927 48867
48911 48853
12247 12233
24498 24470
12262 12249
24448 24423
48923 48876
48906 48862
12236 12226
97736 97657
97755 97676
48893 48854
48870 48833
48892 48855
12275 12266
97745 97680
12300 12292
94 44
24457 24443
97740 97686
97744 97691
24483 24470
48856 48831
48919 48896
48871 48849
195410 195324
97748 97706
195405 195322
97752 97712
48868 48849
97691 97657
97733 97702
97711 97681
97728 97699
195367 195313
97732 97706
195395 195347
97748 97724
12245 12242
24507 24501
195389 195345
97686 97668
195349 195314
195378 195344
97736 97719
390704 390640
12220 12218
48884 48876
48894 48886
12307 12305
390700 390642
195411 195382
97689 97675
48908 48901
195345 195318
390708 390656
195364 195338
781346 781260
390707 390664
781343 781261
781345 781265
48844 48839
195342 195323
390665 390629
97679 97670
195383 195365
781323 781253
12223 12222
24472 24470
12239 12238
12257 12256
195353 195339
97724 97717
390674 390650
97747 97741
781315 781268
781341 781294
390697 390674
48902 48874
1562597 1562509
1562595 1562508
781305 781262
1562590 1562506
97726 97721
781294 781255
1562589 1562511
390685 390666
195351 195342
390725 390707
390653 390637
195372 195364
781285 781254
781350 781320
781331 781302
1562567 1562511
1562592 1562537
1562557 1562504
390638 390626
390680 390668
97687 97684
3125098 3125003
1562589 1562543
3125100 3125015
195338 195333
1562588 1562551
390710 390701
1562579 1562544
3125089 3125021
1562534 1562502
781339 781323
195409 195405
390710 390687
48878 48877
3125086 3125025
3125095 3125037
781304 781290
781312 781298
390704 390697
3125063 3125014
3125090 3125041
97729 97727
3125062 3125005
1562590 1562569
781307 781298
3125060 3125028
1562543 1562530
390654 390651
781315 781309
1562569 1562559
1562574 1562564
1562553 1562545
1562576 1562568
1562568 1562561
1562579 1562572
1562558 1562552
781291 781288
781294 781292
1562590 1562590
97662 97662
195404 195404
195370 195370
195336 195336
390674 390675
781346 781350
781286 781291
390653 390656
781340 781348
195335 195337
390659 390689
1562581 1562600
390699 390706
48895 48896
97720 97722
97677 97679
97692 97695
390703 390715
390699 390711
390682 390696
390663 390677
390654 390669
390671 390690
97733 97738
97705 97712
48889 48919
390673 390704
97680 97690
195374 195398
195362 195388
195352 195386
24460 24465
195372 195412
195360 195400
24451 24457
48872 48884
97719 97748
12234 12238
12222 12226
48906 48923
24441 24450
48869 48888
48869 48888
12289 12294
24499 24509
48891 48911
24458 24469
12296 12302
24473 24485
12250 12257
24474 24489
24436 24453
12247 12258
24443 24466
12263 12276
24483 24509
24456 24484
12283 12299
24457 24491
12269 12289
24462 24502
12270 12291
24460 24506
12268 12299
12268 12300
12267 12299
91 94
83 88
35 40
34 40
41 50
65 80
55 71
55 76
35 52
24 38
19 32
11 20
11 20
42 78
49 93
