9999969811
258 46
204 47
164 45
199 68
176 61
113 42
236 97
192 114
282 172
11 7
252 169
219 150
68 47
77 58
172 137
219 186
232 201
102441699 102441417
109765916 109765646
104883112 104882862
109765849 109765627
101220889 101220716
119531467 119531284
109765853 109765692
104883086 104882956
101220841 101220716
256250291 256250002
101221003 101220895
252 46
178125186 178125009
102441599 102441509
139062686 139062564
109765881 109765791
104883029 104882944
109765839 109765751
119531440 119531345
119531396 119531305
139062767 139062662
139062610 139062506
101220935 101220862
102441562 102441498
412500282 412500030
104883081 104883025
104883054 104882999
256250156 256250026
109765862 109765812
104882941 104882895
102441703 102441660
178125207 178125139
104883071 104883031
178125293 178125228
256250163 256250072
178125125 178125069
109765773 109765663
101220807 101220730
256250214 256250096
412500255 412500257
119531463 119531436
256250189 256250135
139062731 139062716
104883035 104883026
139062702 139062692
102441540 102441533
412500240 412500260
725000272 725000290
256250276 256250296
101220891 101220901
101220936 101220953
256250189 256250242
102441591 102441704
178125138 178125224
256250168 256250294
104883043 104883097
119531352 119531419
119531429 119531505
109765778 109765862
102441542 102441661
119531381 119531521
109765755 109765887
102441522 102441667
104882871 104883098
131 146
258 288
145 177
86 112
160 221
172 245
166 255
135 217
72 121
135 272
129 269
115 248
131 283
27 59
75 172
118 280
30 72
109 285
102 286
80 286
65 267
32 179
31 296
6 84
11 200
7 238
