1005334
46 18
94 9
3988 3924
2024 1974
2039 1993
4003 3931
2042 1971
2016 1977
2018 1976
2032 1992
4006 3925
2036 1965
3992 3917
2048 1995
2045 1962
2021 1979
2030 1956
2046 2001
79 38
2002 1960
94 44
2009 1975
60 13
83 13
93 57
47 15
3987 3918
79 31
76 4
86 47
66 10
75 8
2039 2007
37 6
84 1
24 2
22 6
42 24
94 69
41 32
73 58
93 77
90 78
86 78
69 64
4002 3942
1986 1958
3989 3934
3982 3932
2009 1984
3977 3928
7910 7819
4005 3959
3953 3908
3981 3937
4004 3960
3994 3952
3956 3915
3972 3933
3992 3953
7895 7818
2029 2010
1983 1965
3985 3950
7883 7814
3963 3933
7873 7814
7911 7852
2047 2032
3960 3932
1994 1980
7908 7854
3965 3939
3948 3923
4006 3981
1972 1960
3954 3931
1992 1981
2035 2024
7877 7835
3966 3945
3927 3907
7882 7843
7886 7849
3935 3917
7898 7862
15712 15643
7905 7873
31321 31267
93 81
7891 7860
15724 15663
3935 3920
7879 7850
15690 15633
31317 31262
7898 7871
15693 15640
15679 15627
7843 7817
7879 7853
7881 7855
7870 7845
7865 7841
31350 31293
7837 7814
7911 7889
15675 15632
31342 31258
31345 31271
15708 15671
31349 31276
15705 15669
15692 15662
31320 31257
31323 31257
15710 15677
15716 15683
1990 1983
1978 1972
7833 7816
7852 7835
3941 3934
15715 15689
31347 31296
15706 15681
31317 31269
31341 31294
3979 3963
31311 31265
62590 62503
7834 7825
