614597
181 1
264 2
273 4
150 3
200 4
265 6
299 7
231 6
166 5
193 6
217 7
230 8
225 8
28 1
268 10
241 9
251 10
48 2
72 3
117 5
135 6
244 16
179 12
179 13
206 15
252 21
265 28
235 26
70 8
138 16
125 15
73 9
288 36
278 36
291 39
292 40
181 26
282 42
255 38
258 39
277 42
263 40
258 40
167 26
176 29
295 49
154 26
204 35
204 35
166 29
242 43
253 46
208 38
250 46
140 26
268 50
48 9
78 15
241 47
252 50
276 55
266 54
39 8
248 53
135 29
236 51
253 55
267 59
285 63
284 63
45 10
116 26
139 32
169 39
224 52
34 8
136 32
197 47
135 33
188 46
269 66
236 58
266 67
174 44
126 32
169 43
289 74
114 30
227 60
126 34
11 3
33 9
241 66
249 69
242 69
126 36
55 16
267 78
160 47
173 51
115 34
71 21
216 64
202 61
191 58
129 40
125 39
290 92
219 70
178 57
40 13
179 60
166 56
275 94
196 67
142 50
200 71
75 27
154 56
267 99
218 83
233 89
204 78
221 86
64 25
64 25
213 84
134 53
230 91
139 55
126 51
175 71
174 71
235 96
279 114
247 101
188 77
266 109
204 84
181 75
248 103
273 114
19 8
260 110
228 98
134 58
268 116
217 94
264 115
256 112
294 129
232 102
218 96
139 62
242 108
266 120
274 124
160 73
216 99
221 102
123 57
146 68
237 111
234 110
133 63
291 140
296 144
295 145
122 60
182 91
193 97
269 137
106 54
253 129
286 147
225 117
159 83
61 32
289 152
218 115
266 141
298 158
190 101
205 109
276 147
256 137
158 85
245 132
135 73
267 145
149 81
267 146
234 128
299 167
168 94
198 112
106 60
42 24
211 122
217 126
122 71
249 145
204 119
155 91
214 126
44 26
208 123
290 172
206 123
148 89
192 116
182 111
295 182
281 175
268 167
285 178
64 40
249 156
84 53
160 101
190 120
218 138
74 47
276 176
279 179
266 172
203 132
271 177
140 92
290 191
238 157
77 51
190 126
294 196
208 139
202 135
293 196
237 159
272 183
193 130
204 139
271 185
184 126
242 166
280 193
181 127
265 186
132 93
157 111
149 106
192 137
193 138
54 39
296 214
80 58
78 57
287 214
271 203
163 123
196 148
196 148
298 227
185 141
238 183
222 171
243 188
77 60
82 64
182 143
274 216
207 164
159 126
213 169
200 159
288 229
281 224
290 232
182 146
266 215
225 182
176 143
240 195
251 204
276 225
61 50
258 213
251 209
158 132
273 229
193 162
250 210
216 183
158 134
289 246
296 252
270 230
295 252
208 178
238 204
280 241
167 144
122 106
286 249
150 132
143 126
99 88
277 247
280 250
192 172
40 36
279 2
215 194
168 152
282 258
118 108
290 267
142 131
263 243
226 209
173 160
296 274
280 260
193 181
200 188
224 213
165 157
255 244
267 260
80 78
205 200
219 215
130 128
68 67
288 284
233 230
168 166
292 290
149 148
171 154
510300 510107
291 291
249 249
80 80
148 169
59 60
115 117
178 183
204 210
126 130
122 126
253 262
110 114
168 175
277 289
69 72
22 23
283 296
107 112
192 201
179 189
121 128
45 48
179 192
95 103
246 267
68 74
236 257
65 71
211 231
83 91
259 286
237 262
253 280
260 289
253 283
253 283
216 242
97 109
236 266
264 298
92 134
189 216
228 261
138 160
191 222
244 286
103 121
164 193
134 158
138 163
132 156
245 290
226 270
212 254
191 229
245 294
219 263
210 253
151 182
134 162
224 274
44 54
171 211
190 235
165 205
142 178
148 186
103 130
137 173
105 133
231 295
234 300
138 178
82 106
190 246
200 259
198 257
127 165
225 293
201 262
52 68
211 277
154 203
25 33
196 259
143 189
194 260
155 208
180 244
203 277
167 228
163 225
140 195
86 120
126 176
214 299
112 158
165 233
182 259
170 242
155 222
133 191
29 42
196 284
45 85
170 250
140 206
203 299
143 211
197 292
162 242
194 290
86 129
172 259
188 284
97 147
190 288
180 273
86 132
170 261
145 223
78 120
188 290
90 139
174 271
91 142
137 215
145 229
143 226
141 223
155 247
148 241
154 251
92 150
120 196
124 204
178 296
92 153
152 253
165 276
40 67
135 227
141 238
153 259
103 175
114 196
123 213
157 272
158 275
109 193
110 195
71 126
114 204
15 27
32 58
96 174
47 86
96 177
94 174
124 230
91 169
57 106
93 173
128 239
61 114
85 159
140 262
116 218
57 172
37 70
113 214
148 282
143 273
115 221
154 298
135 264
126 248
149 294
42 84
136 273
133 267
100 201
130 264
109 223
77 158
77 158
113 232
119 245
64 133
131 273
58 121
115 241
79 166
78 164
16 34
136 292
127 274
50 109
107 237
102 226
121 271
132 296
127 288
59 134
100 228
46 106
124 287
116 270
124 289
77 181
120 283
105 248
115 276
124 298
121 296
56 142
83 213
91 239
34 90
106 286
98 267
73 199
83 227
43 120
69 194
81 228
102 289
96 273
14 40
60 173
93 275
89 264
49 276
88 266
69 209
25 76
74 225
89 271
23 71
55 172
91 286
64 204
40 128
43 138
47 151
37 119
66 213
72 235
38 126
66 220
78 260
85 285
16 54
69 237
82 290
81 288
59 210
49 175
41 147
60 219
55 202
23 85
32 119
71 267
34 129
52 199
49 191
63 246
47 184
17 67
34 134
54 218
35 147
25 106
65 278
49 210
49 212
54 235
36 158
47 207
52 230
63 280
51 231
9 41
59 273
51 239
33 158
35 173
35 173
37 185
57 289
45 230
28 147
54 295
18 100
38 214
36 207
11 65
45 267
33 204
35 219
38 246
43 284
39 259
18 121
41 278
30 204
24 164
30 209
33 231
40 281
39 288
11 84
34 264
37 289
37 291
23 184
34 276
28 230
18 149
16 133
32 275
27 234
24 209
34 299
14 129
14 130
21 209
18 185
28 293
26 278
3 33
22 255
21 250
18 220
5 65
19 250
11 145
16 219
10 140
19 269
20 289
10 159
7 114
15 272
13 239
12 241
10 209
9 205
8 187
4 137
2 69
6 218
2 82
5 279
1 67
4 282
1 80
2 238
2 293
1 264
