9975038613
154 2
282 6
287 8
231 7
297 15
271 15
260 15
260 24
292 30
154 18
289 39
216 32
152 24
232 37
53 9
205 39
157 30
289 3
236 46
255 51
268 54
137 28
84 19
227 54
21 5
271 65
203 49
207 50
189 51
282 81
109 32
61 18
131 39
138 42
290 91
186 59
245 81
206 70
175 60
99 34
188 69
283 108
296 116
280 117
103 47
253 117
219 103
289 136
295 139
141 67
180 87
164 82
275 144
247 131
258 140
215 117
35 20
299 171
262 150
208 120
159 93
187 111
215 131
121 74
98 62
91 58
167 107
222 143
45 29
34 22
289 188
270 178
233 156
300 202
182 127
219 153
227 166
172 33
50 38
297 226
143 110
282 220
187 147
267 211
273 216
225 179
238 192
133 110
144 120
288 244
159 135
145 124
279 244
200 176
17 15
202 179
240 213
289 260
148 135
140 128
275 253
170 157
17 16
167 158
260 247
284 271
241 230
279 269
294 289
111 110
176 175
412500297 412500034
291 279
254 192
412500296 412500210
725000295 725000188
725000295 725000202
5100000298 5100000066
91 91
2600000298 2600000298
100 100
54 90
298 300
246 249
182 185
190 195
253 260
218 225
266 275
88 92
173 181
62 65
111 117
264 281
256 275
210 227
253 276
256 281
100 110
181 201
123 138
147 165
114 128
179 203
215 245
161 187
204 237
83 98
129 153
224 266
223 268
226 272
225 273
42 51
238 291
134 164
230 286
193 245
184 237
203 265
40 54
90 124
170 235
209 292
207 290
174 246
152 215
183 262
178 257
149 218
187 275
180 265
187 278
159 239
129 196
150 231
169 262
112 176
63 100
118 189
177 284
104 172
165 286
96 170
91 164
138 252
148 273
152 289
35 67
79 163
103 219
62 140
22 50
29 66
101 255
118 298
47 124
24 64
83 224
85 239
76 222
67 196
42 133
36 115
66 214
72 237
83 298
58 212
72 276
58 231
72 290
70 298
43 187
40 175
36 159
31 141
17 83
55 269
43 213
55 291
51 278
37 216
29 170
43 265
46 300
38 277
29 217
31 258
25 216
24 226
31 294
26 249
21 218
11 123
17 214
18 243
13 184
15 236
10 166
10 170
12 234
7 140
8 180
6 224
2 128
1 83
