96964314
175 2
52 1
243 5
235 5
251 7
177 5
278 9
296 10
193 8
234 10
288 14
214 11
52 3
108 8
131 14
262 30
108 13
235 2
223 32
273 49
289 52
297 55
155 29
290 59
265 55
239 51
74 16
194 43
162 37
128 30
228 54
229 55
222 54
282 69
143 35
272 71
151 40
214 57
187 50
80 22
185 53
295 85
166 48
214 63
212 63
156 47
282 85
149 45
78 24
181 56
259 83
102 33
113 37
184 62
151 51
99 34
227 78
210 73
217 77
266 96
60 22
192 72
170 64
145 57
170 67
273 109
250 100
238 96
250 102
166 68
193 82
228 97
144 62
283 123
242 107
294 130
255 113
246 111
208 94
231 105
196 90
50 23
176 82
30 14
285 134
241 33
251 121
178 86
254 123
295 143
148 72
144 71
166 82
269 133
195 99
276 141
185 95
297 153
193 101
131 69
93 50
195 105
172 93
223 121
207 115
193 110
276 161
275 161
131 77
226 133
173 102
299 178
139 83
280 171
171 105
248 153
248 153
190 118
172 107
122 77
127 81
300 193
294 195
222 149
59 40
269 183
66 45
63 43
267 188
272 193
180 128
169 121
208 150
147 107
266 194
270 199
250 186
201 152
95 72
282 216
198 152
261 201
101 79
69 54
121 96
248 198
184 149
206 167
92 77
130 109
249 209
101 86
286 244
268 229
117 100
289 248
229 198
214 187
85 75
284 251
298 265
249 118
108 98
163 148
272 248
215 197
286 263
114 105
133 124
193 181
206 194
189 178
279 264
256 245
288 276
91 88
171 166
292 285
291 286
237 235
288 286
259 258
3126260 3126030
3126265 3126036
3126296 3126068
3126242 3126018
3126271 3126054
3126247 3126047
3126285 3126090
3126289 3126113
3126260 3126091
3126209 3126048
252 226
3126218 3126084
3126285 3126231
3126245 3126127
3126271 3126178
3126261 3126169
3126239 3126156
3126265 3126183
3126267 3126190
3126242 3126167
3126273 3126212
3126261 3126206
3126260 3126222
3126235 3126200
3126280 3126248
239 239
3126238 3126245
3126277 3126291
3126273 3126287
3126256 3126281
3126211 3126237
3126257 3126290
286 292
102 109
3126212 3126282
177 180
248 255
123 127
55 57
228 238
45 106
249 268
236 255
183 201
248 275
95 106
211 237
162 183
183 210
202 233
243 281
196 229
90 106
237 282
195 237
246 299
211 270
189 243
164 212
180 233
225 293
140 183
225 295
125 165
134 177
162 215
203 272
93 126
167 230
73 108
160 240
105 159
125 190
178 272
159 252
58 94
138 225
183 299
128 213
72 120
161 269
140 243
125 217
143 251
143 252
116 211
106 193
114 211
59 111
115 217
68 131
132 259
81 161
124 250
132 268
52 106
70 145
109 227
103 215
105 228
125 273
124 273
109 247
61 142
128 300
74 175
78 194
26 67
100 266
87 233
76 205
101 285
97 274
91 263
80 232
66 205
95 298
68 214
38 121
77 257
62 209
56 197
83 296
70 284
69 286
33 145
37 167
50 228
45 209
21 99
27 128
26 125
12 58
52 256
40 198
27 138
28 153
27 149
50 283
52 296
47 292
20 131
22 154
31 219
27 193
41 294
30 228
17 131
28 222
26 215
21 180
29 261
11 108
29 290
26 278
15 168
14 168
22 295
12 165
12 171
12 179
11 165
11 196
6 110
11 212
7 202
6 231
2 260
1 245
