1023756
297 10
290 2
278 3
261 91
239 1
156 1
137 2
162 4
258 8
245 8
113 4
68 3
111 6
261 15
201 12
268 17
242 16
226 15
278 19
218 15
212 15
81 6
217 17
204 16
103 9
266 26
276 28
200 21
118 13
146 18
66 9
257 38
77 12
70 11
150 26
157 28
197 37
68 13
26 5
202 41
261 54
154 32
216 45
232 50
203 44
244 54
138 31
189 43
209 49
234 55
238 59
220 57
235 62
182 49
235 64
182 50
231 65
135 38
272 78
229 67
120 36
289 87
276 84
254 78
192 59
94 29
249 77
248 77
96 30
234 74
139 44
170 54
88 28
97 31
151 49
230 76
111 37
207 70
186 63
296 105
290 103
222 80
118 44
292 109
244 93
267 102
262 101
193 77
210 84
191 77
183 75
293 122
110 46
153 65
91 39
135 59
292 128
186 84
296 134
33 15
229 105
225 105
253 119
242 114
142 67
219 104
213 105
18 9
179 92
278 144
83 43
234 123
296 156
147 78
209 111
77 41
210 112
188 101
216 118
260 143
9 5
125 70
166 93
266 150
272 157
235 136
189 110
269 157
150 89
234 140
284 170
201 122
296 184
280 176
263 166
155 99
102 66
191 125
168 110
103 68
276 187
257 176
266 183
247 171
245 173
93 66
182 130
281 207
190 141
289 217
141 106
81 61
127 96
252 191
272 210
266 206
209 162
187 145
249 194
129 101
171 134
208 164
109 86
272 215
226 179
208 165
258 206
159 127
135 108
275 220
288 231
276 222
282 227
175 143
187 153
221 181
177 145
272 223
197 162
216 179
246 204
285 237
195 163
122 102
272 230
257 218
285 242
147 125
287 246
277 240
106 92
247 215
221 193
294 257
105 92
73 64
268 236
282 250
261 1
227 202
143 128
115 103
235 211
243 223
61 56
198 185
214 201
223 211
229 218
280 267
292 281
229 223
268 265
222 221
101268 100993
100360 100093
100393 100128
102226 101957
102252 101984
245 218
100279 100009
100542 100282
108101 107850
291 292
162785 162525
280 282
131 132
243 245
192 194
269 272
235 240
177 181
222 229
