9999238068
236 2
285 5
195 14
191 17
108 10
85 12
238 34
160 29
298 75
240 66
289 80
134 39
101 35
230 85
95 37
283 111
120 49
134 70
127 75
226 134
80 48
176 116
288 190
284 190
294 199
231 157
148 102
267 9
171 137
245 209
291 275
300 291
119531525 119531358
139062708 139062530
256250292 256250051
139062680 139062562
119531500 119531402
139062649 139062542
256250264 256250069
119531399 119531321
119531461 119531388
119531509 119531436
256250199 256250045
119531477 119531408
178125161 178125066
119531389 119531333
139062633 139062568
256250226 256250116
119531485 119531434
219 175
256250273 256250181
234 288
256250197 256250115
178125266 178125220
178125228 178125193
178125171 178125139
178125248 178125217
178125282 178125256
119531524 119531509
178125287 178125267
119531431 119531423
256250186 256250201
256250040 256250037
178125297 178125299
178125003 178125021
139062742 139062762
178125004 178125034
139062581 139062606
119531325 119531429
231 278
139062760 139062791
139062618 139062650
139062646 139062679
256250204 256250275
256250165 256250241
256250069 256250155
139062648 139062717
256250069 256250207
178125011 178125111
178125052 178125153
256250033 256250199
178125098 178125219
119531386 119531470
139062602 139062702
178125156 178125294
178125103 178125250
139062600 139062722
139062668 139062796
139062651 139062788
256250033 256250290
119531382 119531504
119531321 119531480
119531321 119531482
205 206
42 44
75 82
189 224
186 221
140 185
74 103
79 113
152 231
176 285
157 257
127 215
118 203
163 287
57 101
108 207
64 124
71 146
98 251
56 165
78 233
63 206
45 151
11 45
9 70
33 261
16 178
1 103
2 211
1 179
