506252
94 30
75 35
58 3
44 3
74 6
49 4
75 8
51 6
48 6
28 4
89 14
94 15
87 16
48 9
74 32
67 14
32 7
48 11
65 16
32 8
52 14
46 13
74 22
99 30
69 22
89 30
64 23
96 36
93 35
60 23
80 33
85 65
96 67
85 57
38 18
91 45
66 33
99 50
80 42
59 31
80 50
66 36
62 35
100 58
88 53
72 44
77 54
89 64
21 4
15 7
37 20
36 26
61 46
80 62
65 51
51 41
99 87
66 61
40 39
90 88
81 80
87 1
500200 500116
82 86
38 38
81 88
55 58
42 45
71 80
72 85
11 13
73 93
61 79
35 47
32 43
61 85
65 91
22 31
18 26
62 93
20 31
60 94
60 97
49 81
57 95
19 32
35 62
27 48
45 81
37 68
41 78
36 72
38 83
27 62
20 47
38 92
38 98
37 96
13 34
11 29
33 98
1 3
30 97
27 97
23 84
12 47
3 13
9 41
17 86
12 61
9 50
8 45
7 43
12 77
15 97
12 79
5 71
4 58
6 100
1 69
1 93
