5100017823
192 21
128 2
102 3
157 5
163 7
62 3
108 6
48 3
119 9
39 4
61 7
120 15
194 28
94 14
167 25
175 31
64 14
178 39
83 23
192 61
186 60
114 37
197 65
199 69
156 55
170 61
153 56
166 63
125 48
171 66
102 40
172 68
125 51
168 70
167 73
13 6
123 57
137 64
186 87
90 43
171 85
147 75
126 65
160 83
48 25
44 24
124 68
82 47
196 113
126 73
198 116
182 107
139 83
186 112
173 107
144 90
195 129
109 73
149 100
174 117
123 87
53 40
46 36
102 81
10 8
169 136
148 120
194 159
75 62
196 166
182 155
172 148
112 97
130 116
112 100
115 103
144 129
156 145
46 43
99 98
163 2
5100000200 5100000133
180 184
44 44
159 159
76 76
66 66
88 126
178 180
178 180
175 178
56 57
178 183
42 44
163 178
127 140
109 124
91 104
117 135
150 175
130 153
45 54
100 121
127 155
127 158
72 90
153 194
111 141
69 88
123 159
142 187
86 117
72 99
73 102
140 197
46 65
99 175
114 165
66 99
75 113
60 94
24 38
99 160
102 171
81 138
109 190
106 186
51 90
70 126
77 139
68 126
75 142
102 197
90 174
8 16
91 191
66 139
49 106
77 167
41 89
40 87
81 178
67 159
49 123
49 130
48 133
50 141
1 3
46 138
48 150
31 97
36 113
53 168
60 191
51 163
56 185
33 125
31 120
23 99
20 91
20 91
40 189
27 136
5 28
24 138
21 124
33 196
29 189
25 165
22 149
23 156
20 176
14 124
18 168
18 169
17 190
9 193
1 30
1 50
3 198
1 119
