624829
193 68
140 1
173 4
182 46
185 45
152 7
135 8
144 9
164 13
170 16
137 13
193 20
165 18
179 21
167 40
140 17
165 38
197 27
187 43
168 37
153 27
154 26
47 2
23 1
117 14
72 9
131 19
127 20
36 6
124 23
84 16
60 13
140 36
142 37
134 35
107 29
166 46
55 16
90 28
159 53
15 5
52 18
183 65
189 69
129 48
176 66
151 58
175 70
90 36
121 49
92 38
163 68
169 72
110 47
98 42
189 2
74 33
33 16
51 25
196 97
64 32
82 41
133 67
167 86
182 94
170 88
140 75
177 96
172 99
198 114
110 64
188 113
96 58
122 74
146 90
177 113
75 49
116 76
91 60
149 102
190 132
91 67
99 73
67 50
168 126
179 135
188 144
89 69
148 115
23 18
195 157
149 121
197 165
185 155
148 124
93 78
151 128
22 19
46 40
185 161
172 150
116 102
67 59
181 162
149 135
141 129
179 164
73 67
167 156
152 142
115 108
160 151
163 154
180 171
168 160
147 140
26 25
176 170
118 114
182 176
200 194
138 134
105 102
161 157
188 185
137 136
152 151
155 154
175 174
187 186
77 33
600200 600040
178 188
101 174
157 158
98 99
77 80
139 145
159 166
20 21
90 95
177 187
148 160
98 106
35 38
125 136
143 160
75 84
62 70
76 86
100 114
125 143
91 107
131 156
125 150
41 51
137 172
123 156
139 181
151 199
99 131
122 162
112 150
105 142
85 117
42 61
98 144
49 73
56 84
89 135
88 139
110 174
53 85
86 139
94 156
75 127
89 152
93 162
102 180
81 146
65 120
28 54
63 123
74 147
46 92
25 51
37 77
74 160
18 39
88 194
62 140
43 103
69 170
44 113
49 130
35 93
57 152
29 80
18 50
69 192
48 135
44 125
42 120
38 121
54 177
50 168
15 51
31 106
48 166
17 61
39 140
28 102
42 154
28 103
33 128
25 98
42 174
36 153
45 197
38 183
27 150
11 62
19 129
15 108
27 198
16 123
10 77
18 144
5 42
13 126
14 149
13 144
17 191
13 150
11 151
5 79
7 125
6 164
2 69
5 190
2 199
