1017189
281 3
269 7
136 5
186 8
294 16
103 8
291 26
208 19
153 14
150 14
210 20
267 30
287 36
199 27
48 7
174 26
271 41
294 45
228 36
239 39
12 2
185 31
192 34
110 20
265 50
300 59
101 20
248 50
228 47
48 10
57 12
97 22
121 28
164 39
234 61
120 32
37 10
255 75
249 75
212 65
262 82
201 64
242 78
205 67
195 65
256 91
95 34
292 105
111 40
110 40
261 96
136 51
292 112
253 98
206 80
156 61
106 42
119 48
242 102
196 83
287 124
225 98
248 115
241 112
68 32
231 109
272 130
154 74
153 74
206 109
252 134
136 73
178 96
267 145
235 129
291 164
237 137
299 173
270 165
121 74
295 182
135 85
300 189
166 109
261 172
145 98
275 186
296 203
112 78
259 182
170 120
250 186
257 196
133 105
285 230
203 165
179 149
158 133
256 216
262 222
103 88
231 199
244 212
283 246
255 223
227 199
276 253
32534 32255
32512 32274
32498 32279
32485 32280
32535 32332
32535 32332
32495 32307
32462 32278
32499 32321
32535 32357
32421 32252
63772 63511
235 5
63759 63506
63779 63526
63771 63529
63746 63506
63766 63532
63769 63539
63741 63518
63739 63519
63755 63536
