50012257
121 92
97 9
154 2
179 3
162 3
198 5
119 4
78 3
178 10
28 2
98 8
183 20
181 22
127 20
136 31
131 35
119 32
165 45
56 17
140 44
97 32
180 63
142 50
163 58
132 48
120 44
173 65
148 58
134 55
87 36
95 40
166 70
39 17
93 43
54 26
64 31
195 95
143 71
38 19
190 112
57 35
197 149
196 126
164 111
156 111
124 90
195 146
140 117
176 156
151 115
110 84
199 152
136 104
185 145
79 62
190 154
21 13
38 31
167 152
48 44
86 81
193 182
196 190
166 161
153 149
87 85
149 1
50000200 50000017
168 183
47 47
7 7
116 119
84 91
58 64
73 81
116 133
166 191
160 189
43 51
164 197
89 107
90 110
138 179
37 50
114 159
114 160
61 95
95 151
69 111
34 55
75 135
55 103
32 61
71 147
69 151
77 174
79 180
28 69
53 134
25 64
39 100
34 89
43 120
15 44
23 70
39 121
56 181
20 66
57 191
24 86
45 164
43 165
12 50
12 67
23 135
29 196
26 193
24 187
12 195
9 150
3 164
