100013914
107714 107659
107737 107695
97 14
57 30
54 32
92 11
81 67
30 21
65 5
96 50
86 37
90 44
53 31
26 16
20 15
40 8
107716 107676
71 29
57 51
74 45
73 13
107733 107672
82 28
52 7
91 12
57 23
61 39
54 43
90 53
73 60
66 29
71 32
79 9
45 19
71 32
61 51
86 48
71 11
28 20
95 88
107721 107663
54 49
70 57
107729 107689
59 47
19 4
82 74
107747 107662
97 5
49 26
42 8
96 78
69 19
37 5
53 13
34 3
68 40
58 6
77 46
23 13
75 69
87 1
107731 107666
76 1
78 61
71 14
53 18
68 42
76 45
95 72
23 15
88 30
39 14
79 12
82 4
100 75
87 25
90 70
86 58
63 18
16 2
86 62
90 57
91 11
107729 107677
76 70
99 33
73 25
90 60
33 21
52 8
38 7
97 24
56 32
46 26
77 21
90 27
68 3
71 63
59 23
35 13
46 14
25 1
39 16
55 2
98 44
50 31
97 67
107725 107677
99 27
91 16
66 34
97 79
69 60
26 6
29 11
25 15
53 44
78 57
87 70
35 23
82 46
43 26
107702 107657
95 78
78 20
10 5
66 50
71 25
78 38
88 72
25 7
58905 58867
58880 58855
91 67
84 70
100 64
58917 58860
79 15
98 72
88 76
94 9
35 8
96 72
68 63
93 29
58 8
67 36
71 45
38 19
47 6
58924 58889
74 12
66 22
47 30
93 9
65 30
65 42
80 6
99 5
16 2
90 49
71 1
76 71
83 74
54 32
66 47
69 30
83 21
65 44
66 27
58894 58860
87 48
41 34
71 18
88 52
91 6
29 18
49 2
88 11
22267 22213
22275 22219
22244 22215
22300 22220
22306 22273
22306 22240
22303 22267
22268 22248
22297 22275
22301 22257
22283 22251
22258 22247
22284 22231
22271 22242
22271 22225
22249 22236
22283 22264
22288 22217
22291 22223
22264 22219
22264 22245
22270 22247
22306 22249
22299 22219
22232 22218
34488 34417
34491 34477
34502 34437
34485 34450
34454 34439
34500 34423
34448 34418
34510 34451
34502 34476
34466 34446
34448 34420
34514 34496
34500 34418
34478 34441
34501 34436
34489 34415
34463 34445
34476 34463
34435 34419
34464 34425
34458 34433
34467 34443
34486 34460
34500 34422
34510 34487
34472 34417
34499 34415
34456 34419
34514 34467
34454 34415
34514 34430
34459 34433
58894 58853
58911 58850
58927 58842
58913 58874
58882 58835
58927 58871
205369 205334
107714 107678
205374 205336
205395 205332
791323 791278
205408 205354
205377 205343
400689 400647
400700 400641
205377 205330
791347 791301
791321 791263
791320 791267
791306 791262
1572573 1572517
400712 400673
1572577 1572520
1572585 1572511
400715 400662
791310 791253
400700 400642
400688 400636
791348 791304
400675 400635
1572588 1572523
791326 791254
400692 400654
1572568 1572501
205382 205314
1572568 1572514
791331 791268
400717 400640
791343 791299
205402 205353
1572567 1572510
400710 400654
400717 400651
791316 791266
107703 107669
400722 400645
205387 205317
205401 205325
1572574 1572514
400712 400652
205403 205348
205393 205332
4 1
7 3
3 2
7 5
11 8
37 34
70 67
94 90
75 72
75 72
79 76
83 80
97 95
53 52
58896 58875
58874 58854
22263 22256
22275 22268
107727 107697
22251 22245
107702 107673
34433 34424
34498 34489
58861 58846
107708 107681
107695 107669
107738 107712
34481 34473
22294 22289
107691 107667
107745 107721
34505 34498
58849 58838
107682 107663
34454 34448
58923 58913
205353 205320
107756 107739
205345 205313
34464 34459
34504 34499
22253 22250
22292 22289
107731 107718
205369 205345
205348 205327
58920 58914
205372 205352
205392 205373
205406 205387
22261 22259
400719 400683
34505 34502
58836 58831
58839 58834
205384 205367
400689 400658
205341 205326
205382 205367
400658 400630
58855 58851
58911 58907
400703 400676
205347 205334
205371 205359
400684 400661
107726 107720
400669 400647
205392 205381
58850 58847
58919 58916
400689 400669
400720 400700
107705 107700
400682 400664
400715 400697
22268 22267
22290 22289
205407 205398
791338 791306
791284 791253
791298 791268
400710 400695
107713 107709
107719 107715
400686 400672
1572594 1572544
791335 791310
1572583 1572534
791319 791295
1572566 1572523
22230 22223
84 65
205408 205403
3135097 3135024
791290 791273
3135067 3135001
3135082 3135019
107664 107660
791320 791306
791294 791279
3135072 3135016
1572582 1572553
1572534 1572509
3135096 3135046
1572587 1572562
1572598 1572573
1572586 1572560
3135054 3135004
205377 205373
205410 205406
107734 107732
6260090 6260002
400651 400641
1572531 1572503
791278 791266
6260093 6260005
791344 791333
1572569 1572548
400692 400687
107709 107708
205362 205361
22215 22215
20 20
