9690614047
52 1
78 3
25 1
71 3
86 4
78 4
34 2
68 4
23 2
66 7
51 6
89 11
52 7
34 5
60 9
72 13
88 18
58 12
81 17
61 13
98 21
92 20
41 1
42 10
90 22
78 20
19 5
98 26
48 13
95 26
98 28
85 25
36 11
91 29
84 27
40 13
39 13
93 33
75 27
85 31
90 33
31 12
25 10
55 22
90 37
46 19
53 22
64 27
92 39
84 36
64 28
90 40
92 41
73 33
28 13
17 8
57 27
87 42
41 20
98 48
63 31
98 49
91 47
56 29
90 47
63 15
51 28
40 22
92 52
40 24
93 57
47 29
45 28
90 56
58 38
99 65
56 37
82 55
37 25
99 67
50 34
58 40
52 38
59 45
60 46
96 74
42 33
80 64
37 30
97 79
11 9
36 30
61 51
90 76
71 60
33 28
27 23
100 87
97 85
42 22
53 48
61 56
72 67
98 93
71 68
96 92
27 26
83 82
97 96
312600097 312600004
312600083 312600003
312600088 312600011
312600083 312600007
312600083 312600008
312600088 312600014
312600087 312600014
312600085 312600013
312600096 312600032
312600085 312600022
312600097 312600036
312600085 312600027
61 55
312600097 312600054
93 97
312600090 312600043
312600084 312600039
312600092 312600049
312600084 312600049
312600087 312600056
312600097 312600069
312600084 312600057
312600086 312600063
312600094 312600072
312600087 312600067
312600087 312600068
312600095 312600079
312600096 312600086
68 68
11 11
28 28
312600087 312600092
312600081 312600087
312600086 312600096
312600086 312600100
312600081 312600096
31 73
61 63
53 55
92 96
86 90
15 16
67 72
90 97
83 90
58 65
40 45
87 100
52 60
74 86
79 93
82 98
69 84
72 88
53 65
76 94
75 95
66 85
50 66
62 82
65 86
52 70
69 93
60 81
25 34
61 83
66 90
49 67
50 72
62 93
42 65
54 84
31 49
10 16
54 87
58 95
13 22
22 38
22 38
41 71
36 64
32 57
25 46
33 65
49 97
45 90
6 12
32 67
15 33
34 75
29 65
24 54
31 71
30 69
43 99
33 76
3 7
8 100
41 98
34 82
25 63
31 80
28 73
32 85
18 48
21 57
33 93
29 84
31 91
34 100
10 30
28 85
14 45
25 82
14 48
28 98
6 21
11 39
21 76
9 33
21 77
27 100
21 81
15 61
20 84
16 69
16 70
11 50
9 41
16 74
1 5
12 61
13 69
12 70
5 31
12 77
7 51
6 44
7 53
13 100
12 96
10 84
9 77
5 43
5 43
9 78
7 69
7 73
4 44
6 73
7 87
3 42
1 19
1 25
2 59
2 61
2 67
2 76
2 78
2 96
1 51
1 77
