1015289
111 3
58 2
125 5
296 12
153 7
197 10
261 14
300 18
143 9
252 16
88 6
286 20
198 16
70 6
44 4
271 25
190 19
71 8
208 25
294 36
214 28
113 15
186 26
106 15
168 27
276 46
99 17
69 12
275 49
196 37
286 54
280 54
198 39
208 41
184 37
174 35
84 17
280 61
279 62
270 62
91 21
296 70
263 66
293 76
155 41
205 57
220 62
158 49
93 29
215 68
213 68
204 70
67 23
282 99
199 71
227 81
221 81
206 76
265 100
165 64
257 100
159 64
172 70
243 101
295 124
87 37
190 81
234 101
64 28
263 118
290 133
236 109
169 79
276 135
233 117
114 2
285 145
293 155
182 97
149 80
295 159
235 128
279 153
249 137
210 117
148 83
203 115
203 115
124 71
237 137
123 72
113 67
261 155
209 127
251 153
161 99
194 121
198 126
127 82
198 129
136 89
251 165
300 200
280 187
78 53
134 92
68 47
115 81
144 102
128 92
133 97
31544 31282
237 120
257 193
102 77
219 166
159 121
186 142
226 174
263 208
192 153
148 118
286 230
156 126
239 194
163 133
145 119
254 210
191 161
134 113
225 192
265 227
56 48
168 146
104 91
299 262
140 123
152 138
212 195
270 252
187 176
260 245
231 219
252 242
179 175
271 266
256 253
31525 31280
31546 31316
31560 31349
31507 31316
31484 31299
31511 31340
62789 62519
62781 62513
31458 31332
31413 31291
31513 31391
31483 31367
62786 62555
62805 62580
31507 31405
62759 62576
240 178
31551 31473
31411 31338
31548 31481
31530 31465
31559 31521
31475 31414
31514 31454
31539 31513
31515 31526
129 133
204 205
280 282
269 271
169 172
164 169
284 293
237 250
266 278
48 51
86 93
265 287
219 240
258 285
93 104
260 291
260 294
140 159
59 68
96 111
224 259
219 254
118 139
132 156
208 249
206 247
140 169
131 161
199 248
215 276
74 95
229 295
173 226
174 230
169 229
162 220
148 201
45 63
38 54
114 163
193 276
155 223
175 252
114 165
62 90
99 145
57 85
150 225
157 240
156 240
154 240
23 36
165 259
181 285
78 123
68 109
185 297
158 257
116 190
123 203
169 281
97 165
120 208
146 254
126 221
111 198
121 218
156 288
112 207
146 272
