100017214
293 1
295 5
293 4
239 4
289 24
284 27
165 22
254 36
257 37
117 18
38 6
250 46
165 31
37 7
157 31
189 41
220 48
228 53
129 30
180 42
219 53
79 21
163 44
164 46
278 78
288 88
240 75
262 86
197 69
215 79
89 34
198 77
215 84
186 76
125 56
80 36
216 100
155 72
111 52
198 102
64 33
159 86
111 61
247 149
132 80
228 142
207 131
144 92
253 162
286 187
127 84
299 198
190 129
285 194
110 76
257 179
27 19
267 198
298 221
283 210
58 44
76 58
210 166
262 208
211 169
255 214
233 202
119 104
294 257
138 121
80 72
247 223
210 192
286 262
13498 13313
13372 13243
25671 25425
13441 13328
13466 13357
13384 13277
25689 25505
13456 13363
50104 49863
50098 49866
25577 25460
25614 25499
13380 13321
13353 13295
13474 13416
25681 25589
50047 49890
25575 25497
98953 98700
25533 25476
98940 98749
49986 49898
50086 49998
25700 25669
196515 196326
98858 98770
98825 98742
98755 98678
196507 196362
98755 98688
196558 196432
98821 98759
1563593 1563515
199 153
391907 391763
391795 391656
196527 196468
391888 391777
391783 391675
391725 391630
782512 782350
782488 782331
782480 782336
782543 782407
782453 782320
391839 391774
782438 782321
196511 196482
782464 782349
391856 391808
1563765 1563574
1563739 1563549
391801 391755
1563733 1563557
1563785 1563612
1563707 1563545
391767 391728
782388 782311
1563736 1563593
3126234 3126071
3126281 3126037
3126275 3126039
1563692 1563590
3126227 3126035
3126261 3126169
12501290 12501015
1563704 1563636
3126235 3126106
6251270 6251035
3126191 3126119
3126207 3126106
1563611 1563563
1563585 1563538
196376 196369
782546 782525
1563788 1563748
1563639 1563605
3126072 3126019
196460 196379
6251228 6251033
12501236 12501083
77 77
782366 782366
25496 25505
13363 13374
