100012702
64 2
191 10
282 18
38 3
281 28
242 31
168 23
83 17
81 20
66 17
268 71
121 33
271 83
210 66
183 64
56 21
278 108
84 33
294 116
255 101
254 102
269 111
264 115
271 120
158 75
235 113
176 89
263 134
230 120
256 142
295 164
221 123
183 106
267 155
99 58
220 130
247 150
219 140
280 202
1195603 1195339
1195592 1195351
1781536 1781260
1781545 1781274
1195579 1195408
1390900 1390704
1781545 1781300
1195610 1195450
1390851 1390668
1195575 1195418
1390893 1390712
1781550 1781327
1195575 1195426
1781486 1781277
1390853 1390695
1781475 1781273
1390788 1390632
1195524 1195398
1390819 1390698
1390879 1390758
1390872 1390754
2562769 2562564
249 83
1390847 1390733
1781408 1781263
1781473 1781330
1781419 1781280
1781523 1781388
1195429 1195340
1781420 1781289
1390906 1390807
1390797 1390699
1390894 1390804
1195430 1195355
1781523 1781412
1781391 1781281
4125270 4125019
4125273 4125023
1390758 1390674
1195533 1195463
1781407 1781305
1390791 1390717
1195496 1195435
2562648 2562522
4125288 4125087
4125294 4125112
2562745 2562633
1390793 1390733
1390804 1390745
2562725 2562511
1195412 1195355
2562716 2562620
1195407 1195365
1390781 1390733
1195412 1195375
1390727 1390684
1195467 1195442
1390736 1390719
1390768 1390755
