1009186
243 113
239 11
704 521
294 100
207 92
270 62
272 61
199 53
291 68
235 126
175 26
212 88
230 28
273 76
277 6
230 15
216 33
265 99
216 91
294 45
288 159
310 186
315 158
225 39
211 94
241 44
2262 2024
285 70
305 60
244 108
78 7
143 39
144 42
156 60
23 9
109 49
55 31
177 100
186 107
164 95
210 125
265 164
236 147
253 165
174 115
149 99
262 175
162 111
277 200
259 191
269 205
137 105
294 228
139 111
101 83
235 194
325 274
388 333
75 65
435 380
199 175
328 294
299 270
1226 1109
671 609
259 236
271 254
4151 3925
2166 2069
252 241
1062 1017
263 253
757 738
15794 15656
31529 31318
31532 31364
31492 31408
125287 125011
125286 125077
2142 2139
73 36
500300 500110
62642 62640
15802 15802
195 195
7846 7849
31267 31335
187 194
