100023564
280 1
224 3
44 2
130 6
283 16
125 12
265 31
224 29
103 14
35 7
216 45
201 42
204 44
234 51
298 65
126 31
218 54
297 77
280 80
190 57
160 48
12 4
288 98
125 45
286 105
263 103
292 118
100 41
257 107
257 116
54 26
289 141
199 101
267 139
138 72
167 92
215 120
293 167
218 130
278 169
141 86
259 160
82 51
298 194
113 74
153 108
285 202
215 154
261 193
263 204
299 240
213 174
186 152
184 154
289 245
238 205
244 218
233 212
279 261
277 261
296 283
124 119
1049128 1048848
1012493 1012230
1012488 1012237
1012484 1012238
1049101 1048847
1195583 1195317
1049101 1048871
1024700 1024477
1049126 1048898
1049087 1048861
1012507 1012289
1195605 1195349
1097909 1097677
1195568 1195318
1195562 1195316
1024630 1024420
1024643 1024433
1024708 1024499
1024710 1024502
1390918 1390637
1097918 1097700
1195562 1195326
1097873 1097657
1024652 1024451
1195606 1195373
1024657 1024460
1049097 1048896
1195554 1195325
1195595 1195367
1012453 1012264
1390901 1390644
1012417 1012232
1195596 1195378
1012421 1012237
1024707 1024525
1195530 1195319
1024684 1024504
1024657 1024478
1390891 1390650
1049021 1048840
1049081 1048900
1012437 1012264
1024626 1024451
1012472 1012310
1024578 1024415
1024699 1024536
1195508 1195319
1097927 1097755
1024627 1024467
1390862 1390645
1049112 1048951
1024711 1024554
1012378 1012223
1195550 1195369
1097861 1097695
1390877 1390669
1012447 1012296
1049122 1048966
1012404 1012254
1781514 1781254
1049103 1048950
1097900 1097742
1024604 1024458
1390909 1390711
1781516 1781264
1390839 1390644
1390851 1390660
1097851 1097703
1195604 1195445
1024590 1024454
1390861 1390677
1195610 1195453
1097866 1097722
1781485 1781252
1390918 1390738
294 67
1024649 1024517
1024666 1024537
1390811 1390636
1049040 1048909
1097934 1097798
1097937 1097803
1012456 1012325
1012373 1012240
1049061 1048934
1195578 1195435
220 220
1390797 1390631
1781538 1781331
