999010
186 4
161 4
197 10
195 11
61 4
100 7
107 8
114 9
137 11
131 11
111 10
172 16
58 6
111 12
46 6
163 24
37 6
117 19
192 32
188 33
191 34
100 18
136 27
194 39
58 12
79 18
66 16
87 24
99 28
178 54
140 43
153 48
175 56
186 63
171 59
181 63
195 68
129 48
134 52
128 3
198 80
12 5
62 26
148 63
79 34
142 62
166 75
55 25
121 57
192 91
146 72
196 98
138 70
128 66
173 92
182 97
180 96
185 99
77 42
177 98
146 81
149 84
156 88
112 65
96 56
200 118
57 34
97 61
177 113
78 50
194 125
169 109
198 130
85 56
106 70
131 87
176 118
71 49
111 78
88 62
126 90
103 74
165 119
15 6
158 116
158 118
195 146
155 117
178 136
51 39
34 26
185 144
151 118
181 144
184 152
47 39
79 66
98 82
190 162
62 53
153 131
155 133
65 56
120 107
149 133
172 157
78 72
190 179
87 83
142 136
121 116
102 98
112 108
80 58
125 122
166 163
31458 31273
31444 31278
31457 31294
31446 31286
31453 31298
31444 31293
31447 31298
31435 31296
31454 31316
31459 31330
31445 31318
31449 31323
31438 31314
100 97
31459 31343
31460 31365
190 191
31441 31339
31442 31359
31454 31377
31434 31359
31443 31386
31436 31390
31452 31410
31456 31417
31438 31403
31459 31426
31436 31412
31456 31445
31459 31457
31439 31455
31440 31460
31436 31460
97 173
145 151
190 198
125 131
121 127
52 55
98 104
86 92
110 119
143 156
31 34
24 27
103 116
112 127
89 101
162 184
173 197
148 172
145 172
71 86
51 62
32 39
117 143
139 170
151 185
101 127
123 155
80 104
142 185
95 124
114 150
139 186
112 150
106 144
56 77
120 165
120 166
103 143
96 136
93 133
97 139
121 179
40 60
37 56
104 159
83 127
117 180
105 166
67 106
90 143
100 163
85 139
63 104
115 195
83 141
100 172
72 124
55 96
78 140
78 141
84 153
71 130
106 197
59 110
97 182
95 179
97 189
67 132
71 140
78 154
95 190
7 14
85 171
63 135
49 106
77 169
24 53
47 105
71 159
72 163
15 34
39 89
47 121
71 185
41 109
40 107
69 189
35 98
56 157
48 135
13 38
33 97
52 153
50 152
51 163
29 103
36 128
38 136
36 129
15 55
9 37
11 46
35 160
20 92
32 153
28 137
22 110
32 168
24 159
29 194
24 187
9 75
9 77
20 188
13 166
13 176
11 161
5 79
7 111
9 151
3 83
2 172
