100040792
25713 25424
25698 25658
205 95
285 93
261 78
391920 391786
103 14
391793 391644
391832 391724
54 14
293 46
391878 391667
25593 25455
210 52
391908 391682
391873 391701
240 157
391875 391695
391918 391720
391920 391641
391917 391680
391779 391625
77 17
125 78
391922 391759
239 3
391896 391794
233 40
25553 25486
391903 391732
25629 25439
145 86
274 127
391821 391693
391793 391654
391782 391657
782520 782259
391874 391671
196456 196338
196479 196390
174 139
299 217
25572 25470
86 5
196584 196481
118 9
272 37
236 67
272 12
265 75
296 4
782542 782278
25699 25628
196554 196425
187 78
278 1
196491 196343
299 157
105 33
143 3
174 126
196458 196407
103 15
196445 196384
148 35
782522 782264
196404 196342
196599 196545
151 108
196475 196405
196588 196314
197 120
196583 196354
25679 25531
228 8
196560 196381
103 52
196588 196409
782546 782325
196580 196430
196452 196374
782462 782251
218 15
782489 782254
196521 196334
196433 196317
196589 196389
236 7
196486 196392
252 87
183 84
196584 196366
196545 196462
228 160
196544 196387
196442 196377
25683 25522
98840 98768
98803 98708
98941 98825
98911 98778
25713 25636
98830 98693
98762 98683
98717 98660
98850 98805
98853 98727
25583 25516
25680 25459
98888 98799
204 168
273 122
98728 98663
25627 25521
156 25
98890 98719
251 113
98858 98664
239 14
154 89
197 63
98939 98871
25638 25476
222 188
25673 25451
98743 98665
98877 98760
111 74
272 197
140 72
98938 98669
98846 98793
98746 98665
98882 98786
98904 98722
98937 98799
98883 98717
98867 98725
98862 98793
98802 98675
253 10
127 56
98803 98698
98922 98869
25647 25554
13453 13408
13400 13295
13447 13266
13498 13386
50032 49917
50079 49995
50069 49976
13425 13224
13423 13287
13485 13235
13485 13352
13494 13356
50128 49841
13498 13310
50077 49991
25643 25588
50005 49891
13503 13356
50084 49846
50034 49839
50027 49851
13496 13254
13398 13282
50114 49851
25650 25420
25483 25431
13485 13342
49977 49856
25691 25469
50086 49945
50000 49931
13363 13256
50010 49897
25642 25438
391748 391653
49988 49951
50091 49910
50107 50058
49923 49859
50108 50050
49971 49914
25573 25538
50028 49831
50126 50072
25592 25545
13505 13264
13314 13273
25583 25497
13426 13278
49927 49829
49896 49837
50045 49981
13488 13303
25652 25503
13348 13286
50128 50020
50050 49938
50087 49906
13497 13233
50059 49893
50045 50008
13349 13260
50064 49916
13390 13296
49985 49951
13318 13216
49948 49841
50093 49928
25673 25639
25684 25509
13437 13302
50045 49856
50043 49837
13284 13211
13356 13301
13496 13252
50117 49963
50099 50019
13451 13387
50011 49924
50018 49903
25618 25577
25707 25510
13486 13363
25605 25532
13452 13310
25496 25431
25619 25502
13328 13270
13415 13346
13385 13286
13478 13227
25712 25419
25643 25573
25650 25498
24 6
41 31
86 68
169 144
42 36
55 49
249 222
127 116
251 241
238 232
13348 13320
13280 13253
13335 13313
13300 13282
13321 13304
13304 13288
13325 13311
13506 13492
25516 25491
13465 13452
13378 13366
25542 25522
25445 25426
13398 13388
13425 13416
49939 49907
25714 25702
49980 49958
98902 98870
49849 49833
98813 98782
50094 50079
98921 98894
49940 49927
391782 391689
25551 25545
196449 196403
391821 391730
391756 391666
98683 98662
782417 782251
391763 391680
391799 391716
782511 782346
391814 391732
196553 196513
196579 196539
196520 196481
391741 391665
782503 782354
782402 782255
782420 782273
782546 782399
782403 782257
49861 49852
782451 782310
50032 50023
782474 782336
98870 98853
196444 196411
782481 782355
391824 391761
391701 391639
25672 25668
391718 391679
145 117
1563658 1563502
1563727 1563568
782388 782270
782401 782283
391716 391657
1563755 1563527
1563765 1563541
391798 391742
391717 391663
391741 391687
391897 391844
196408 196382
1563740 1563539
782383 782283
782434 782337
1563699 1563509
782505 782412
391754 391709
1563735 1563557
782492 782403
391776 391732
1563699 1563524
1563688 1563515
1563741 1563568
782351 782265
782477 782391
3126295 3126096
1563722 1563625
1563670 1563576
1563792 1563696
782446 782392
1563742 1563591
1563767 1563616
391759 391723
1563684 1563544
1563772 1563632
1563704 1563566
782365 782299
782337 782282
782438 782376
1563799 1563686
1563711 1563588
1563710 1563589
782399 782339
1563723 1563627
98947 98932
13235 13233
98777 98767
196521 196502
98929 98921
391743 391712
196392 196378
391744 391718
196591 196578
391838 391815
1563792 1563704
782318 782275
391856 391835
782487 782367
3126273 3126065
1563635 1563529
1563623 1563553
98900 98898
98933 98932
49927 49929
25678 25681
