100023821
1049097 1048888
1097943 1097700
105 48
282 51
180 87
296 210
92 32
223 183
242 126
1097794 1097657
242 117
1097887 1097756
295 112
272 94
264 178
161 55
129 92
220 77
263 169
265 45
285 39
297 214
1097952 1097787
1097856 1097658
267 116
186 109
253 106
267 88
1049029 1048871
259 212
278 157
250 221
219 102
219 100
1097832 1097695
270 18
234 117
237 12
184 140
112 52
227 197
149 8
158 114
132 96
125 51
164 112
182 129
1049095 1048958
115 2
270 202
231 188
140 82
294 101
1049122 1048906
242 102
268 226
116 3
252 148
270 44
1024689 1024508
270 174
300 137
128 82
29 1
139 78
175 130
293 131
1024681 1024484
174 76
227 44
199 104
297 208
1024635 1024426
234 139
184 2
206 67
111 35
242 181
289 29
246 102
161 96
248 146
295 210
253 137
205 118
1097864 1097670
1024631 1024436
242 106
233 16
203 65
1024708 1024564
1781543 1781317
1000979 1000856
1781528 1781293
1000961 1000838
1001023 1000866
1390824 1390626
1001007 1000873
1000932 1000794
1001779 1001587
1390910 1390651
1001718 1001547
1001752 1001553
1001786 1001645
1001808 1001682
1390904 1390692
1390862 1390648
1390862 1390690
1001799 1001643
1001749 1001532
1001814 1001609
1003306 1003127
1003328 1003183
1195566 1195361
1003337 1003107
1003331 1003065
1003342 1003053
1003312 1003066
1195539 1195319
1003331 1003084
1003318 1003054
1003285 1003078
1006290 1006114
1195516 1195373
1006395 1006141
1006336 1006139
1006366 1006108
1195594 1195392
1012452 1012325
1195503 1195357
1195580 1195332
1195497 1195315
1012469 1012282
1012463 1012313
1012450 1012306
1012433 1012230
1024636 1024510
1195518 1195317
41 16
74 53
82 60
55 45
149 123
138 114
19 16
119 103
137 120
231 204
80 75
249 243
264 261
1000991 1000870
1001735 1001620
1781539 1781341
1195593 1195464
1390903 1390753
1048966 1048853
1781523 1781332
1001734 1001629
1012471 1012365
1024554 1024448
1001757 1001654
1781488 1781306
1012497 1012394
1012446 1012344
1003337 1003236
1049118 1049013
1390784 1390651
1195598 1195484
1390882 1390750
294 81
1049085 1048986
1012334 1012239
1000925 1000808
1195610 1195498
1390780 1390650
1024604 1024509
1006311 1006219
210 210
