9937526103
84 1
144 3
183 4
136 4
81 5
170 12
51 4
122 10
116 10
191 18
182 19
123 13
154 18
155 23
185 31
140 24
129 23
83 15
93 17
105 20
107 21
176 3
134 28
56 12
111 24
165 36
130 29
152 35
199 48
140 34
107 27
199 52
171 45
135 37
97 28
179 52
162 48
173 54
159 50
149 49
163 54
195 67
183 64
139 49
85 30
128 47
189 70
95 36
200 76
197 77
125 49
183 72
113 47
113 47
193 81
107 45
19 8
173 77
181 81
177 80
182 84
107 50
51 24
190 93
104 53
136 71
170 89
191 101
89 48
65 36
191 106
184 107
171 101
58 35
143 87
138 86
194 121
139 87
143 90
156 99
141 91
37 24
115 75
181 120
193 128
176 117
200 134
165 115
133 94
177 127
101 73
185 134
125 91
127 93
86 64
192 144
177 133
95 73
109 88
130 105
111 90
80 65
122 100
192 159
159 134
13 11
168 143
41 35
175 150
88 76
159 138
147 130
50 45
121 109
144 130
161 146
192 175
158 146
14 13
85 80
36 34
200 192
147 141
111 110
191 190
193 40
1312500199 1312500004
1312500199 1312500079
173 193
1312500199 1312500177
6000000200 6000000100
92 92
84 135
98 100
163 167
115 119
86 89
172 179
135 142
162 172
39 42
127 138
155 169
132 145
139 155
125 145
148 172
125 147
166 197
123 149
104 126
149 182
111 136
157 194
80 99
85 106
144 180
111 139
78 98
118 149
152 192
93 119
82 105
89 115
83 111
59 80
123 167
103 146
133 189
39 56
85 126
89 132
75 112
87 130
82 123
96 145
40 61
59 90
80 124
20 54
87 142
65 107
15 25
82 137
45 76
62 105
89 153
75 130
68 120
35 64
97 179
13 24
66 124
43 82
34 66
2 4
74 148
52 111
89 195
87 193
86 192
24 54
7 16
79 181
68 156
67 157
84 200
38 92
19 48
77 197
45 118
6 16
54 145
30 81
48 136
57 163
50 143
23 67
24 70
47 145
46 145
36 123
46 168
9 33
21 85
14 59
34 154
13 61
33 160
10 53
19 108
20 124
27 197
21 188
17 188
17 200
14 178
12 178
9 168
7 139
6 173
3 137
2 99
1 90
