60075262
286 2
271 6
247 6
233 7
150 5
247 11
188 9
133 7
239 15
269 17
189 12
239 16
163 11
294 20
125 9
290 23
284 24
165 14
299 26
207 18
204 18
239 22
172 17
231 23
193 20
135 14
282 30
77 9
282 33
212 25
183 22
106 13
127 16
239 32
183 27
218 33
85 13
68 11
261 44
70 12
250 43
162 28
281 50
144 26
225 41
278 51
262 49
272 52
273 57
219 47
181 39
261 57
289 67
296 71
104 25
75 19
177 45
259 67
95 25
177 47
227 61
268 75
187 53
282 80
287 83
289 84
97 29
244 74
274 84
94 29
224 71
176 56
204 65
252 81
71 23
126 41
175 58
239 80
89 30
266 90
62 21
153 54
269 95
285 101
231 82
132 47
221 79
246 88
279 100
159 57
198 71
258 93
260 97
273 102
40 15
133 51
289 111
132 51
258 100
122 48
233 93
209 84
210 88
251 106
291 125
113 49
164 72
296 130
270 120
265 118
119 53
157 70
65 29
292 134
56 26
263 123
228 108
143 68
187 90
141 68
151 73
217 105
99 48
268 131
267 131
218 107
269 133
99 50
156 79
181 92
259 132
164 84
273 142
95 50
260 138
157 84
268 146
286 156
186 102
262 147
257 145
299 170
242 138
181 104
165 95
254 147
136 80
30 18
285 171
103 62
248 150
277 169
236 144
286 176
208 128
216 133
146 90
212 131
215 134
121 76
233 151
140 91
181 118
211 138
212 139
291 192
295 195
71 47
71 47
147 99
277 188
187 127
216 147
38 26
261 179
297 204
272 187
100 69
182 126
179 124
257 183
84 60
257 185
178 129
213 155
265 193
82 60
49 36
92 69
300 225
93 70
244 185
295 224
51 39
292 224
113 87
170 132
267 208
193 155
290 233
202 163
298 243
132 109
286 239
76 64
298 251
242 207
283 245
113 98
113 98
106 92
188 164
221 193
109 96
195 172
70 62
114 101
173 154
145 130
194 174
175 157
256 230
233 210
239 216
290 264
117 107
294 270
152 140
176 163
261 243
252 235
122 115
36 34
280 265
105 100
297 283
268 3
24 23
256 247
122 118
206 200
296 289
211 208
146 143
202 200
151 150
233 223
60000300 60000098
288 299
117 117
58 74
219 221
77 78
204 207
162 166
248 257
272 282
182 189
88 92
236 247
244 256
182 191
165 174
163 172
193 204
244 259
59 63
273 295
142 154
47 51
47 51
221 241
265 291
240 264
160 176
176 194
106 117
44 49
83 93
231 259
142 160
265 299
242 277
171 196
243 280
244 282
146 169
255 296
91 107
218 257
193 228
170 201
234 278
206 245
31 37
133 159
134 161
163 197
201 247
122 150
214 264
169 209
217 270
43 54
111 140
76 96
208 264
151 192
72 130
183 234
224 287
207 266
125 161
182 236
121 157
217 282
83 108
109 144
114 151
174 234
115 155
155 209
74 100
163 224
88 121
176 243
60 84
190 267
174 245
156 220
208 295
169 243
141 203
142 206
124 180
154 224
37 54
117 171
182 266
174 255
96 141
193 286
176 261
115 172
111 167
149 226
137 209
154 236
164 252
128 197
113 174
191 297
36 56
83 132
105 169
93 150
153 248
42 69
173 288
144 240
55 92
121 203
81 136
104 175
141 239
173 300
132 229
20 35
86 152
121 214
98 174
43 77
90 284
109 199
100 184
121 223
130 242
115 215
32 60
120 225
153 288
158 299
81 162
109 218
71 142
80 162
53 110
99 206
37 77
79 165
139 291
28 59
44 93
96 205
92 197
78 168
48 106
112 249
91 204
121 274
111 254
101 234
126 292
44 102
84 195
76 177
126 298
8 19
105 252
69 175
56 143
45 115
18 46
114 292
69 181
39 103
40 106
89 236
81 216
37 99
36 97
43 116
66 181
89 246
101 282
87 243
95 267
93 266
84 245
100 294
84 247
51 151
92 277
58 180
80 250
95 298
59 186
54 180
29 99
86 299
81 290
68 253
78 298
62 239
72 284
53 210
47 189
70 284
68 291
55 247
47 212
61 296
17 85
4 20
25 131
40 219
31 170
37 206
27 151
53 297
49 276
24 151
45 297
19 126
27 194
21 153
14 108
36 280
25 205
36 300
31 260
25 214
22 195
24 232
10 98
16 158
9 89
9 96
27 288
23 253
15 175
18 213
20 241
3 42
9 130
5 96
5 106
13 277
12 263
8 190
8 207
8 246
6 216
6 221
2 87
3 133
4 269
4 279
2 208
1 271
1 292
