515553
53 1
50 1
79 2
96 3
60 2
69 3
55 3
52 3
63 4
58 4
43 4
43 5
83 10
24 3
71 9
60 8
29 4
65 9
61 10
48 9
26 5
55 11
50 10
62 14
84 19
22 5
90 21
47 11
66 17
97 25
60 16
51 14
85 24
91 26
96 28
92 27
85 25
68 21
87 27
67 21
63 20
95 31
84 28
69 24
94 33
61 22
60 22
73 27
89 33
74 28
65 26
98 40
36 15
86 36
89 38
69 30
75 33
77 34
80 36
98 45
66 31
97 46
94 45
71 34
60 30
86 43
74 37
79 41
97 51
74 39
65 35
52 28
89 49
91 51
60 34
100 57
73 43
42 25
20 12
86 52
72 44
68 42
58 36
94 59
52 33
86 56
73 48
36 24
33 22
69 46
16 11
71 49
33 23
64 45
7 5
55 40
86 63
64 47
82 61
49 37
98 80
94 76
90 71
17 13
64 50
53 42
63 50
50 40
62 50
70 57
81 66
48 40
99 84
55 47
84 72
70 60
36 31
89 77
15 13
98 85
84 73
69 60
79 71
77 70
58 53
48 44
38 35
91 84
46 43
49 46
87 82
19 18
45 43
28 27
97 94
78 76
78 76
76 1
501100 501004
94 100
43 43
67 67
44 55
74 75
74 76
41 43
86 91
43 46
27 29
89 97
63 69
59 65
78 86
74 82
64 71
45 50
62 69
70 79
38 43
85 97
77 88
56 64
75 86
47 54
51 59
69 80
31 36
45 53
27 32
70 84
63 77
72 89
30 83
70 88
72 92
76 99
41 54
56 74
51 69
61 83
52 71
57 79
44 61
60 85
68 97
26 38
62 91
43 64
26 39
35 55
36 58
51 83
19 31
44 72
36 59
39 64
40 66
26 43
44 73
59 98
52 89
33 57
36 63
21 37
38 67
33 59
20 36
36 65
45 83
43 81
9 17
30 57
42 80
38 73
17 33
29 57
4 8
17 34
33 69
24 51
18 39
24 52
22 48
28 63
43 97
35 80
14 32
21 49
32 77
30 73
37 92
39 98
33 88
31 83
21 57
27 74
35 96
10 28
15 43
28 84
26 79
26 79
25 77
32 100
30 94
30 94
27 85
13 42
20 65
24 79
19 64
18 61
20 68
25 86
27 94
27 96
26 93
10 37
6 23
11 43
8 33
8 36
15 68
10 46
19 93
16 80
7 36
12 64
15 81
16 88
10 60
16 98
9 56
13 82
15 99
13 87
5 35
14 98
8 61
8 62
10 82
4 33
9 75
7 60
6 56
6 58
8 78
6 69
5 60
7 94
7 99
2 36
3 54
4 74
2 37
5 99
3 81
2 62
1 63
1 64
1 70
