100032463
195 1
273 2
174 2
60 1
296 7
80 2
185 5
145 5
90 4
265 12
261 13
40 2
254 13
258 14
293 17
212 14
222 15
148 10
102 7
291 20
298 22
146 11
131 10
51 4
288 23
134 11
48 4
156 13
263 22
218 19
183 16
296 26
199 18
258 27
184 22
188 23
230 29
214 27
66 9
197 27
276 39
267 39
136 20
79 12
241 38
251 42
142 24
298 53
260 47
138 25
220 40
249 46
201 38
298 60
93 19
277 59
192 41
227 50
131 29
264 59
250 56
167 40
293 71
94 23
208 51
215 53
137 37
188 51
295 83
223 64
197 57
187 55
193 57
209 62
182 54
277 83
283 86
193 59
111 34
213 66
196 61
221 70
162 53
241 79
283 94
144 48
261 87
228 76
279 95
151 52
264 91
261 92
230 82
294 105
124 45
11 4
266 98
192 72
162 61
146 55
218 83
131 50
149 57
154 61
239 95
228 92
261 107
189 78
210 87
222 92
164 68
265 112
153 65
284 121
290 124
200 86
275 120
243 108
213 95
278 124
242 108
282 127
244 111
295 137
264 123
149 70
211 100
123 59
252 122
70 34
88 43
169 83
236 116
187 92
252 124
251 124
254 126
228 114
284 142
262 132
133 69
101 53
192 101
182 97
190 102
270 145
175 94
281 151
190 103
298 163
292 160
113 62
294 162
254 141
215 120
199 112
110 62
214 122
210 120
283 162
61 35
255 147
242 141
113 66
198 116
85 50
165 98
298 178
215 129
133 80
108 66
54 33
276 169
194 120
236 146
84 52
238 148
236 147
104 65
300 188
74 47
229 146
163 104
261 167
96 62
285 186
195 129
157 104
107 71
252 169
273 187
298 206
287 201
265 186
219 155
156 112
294 212
72 53
73 54
204 151
188 140
246 184
155 116
253 190
256 193
238 180
232 176
151 115
198 151
64 49
299 229
295 227
253 195
184 142
233 180
277 214
255 198
265 207
239 187
192 153
300 240
246 197
252 202
121 97
101 83
225 185
243 200
63 52
288 238
292 242
241 201
269 227
202 172
250 214
263 227
185 160
174 151
249 217
169 148
300 263
261 229
266 235
226 201
85 76
143 128
35 32
245 216
3225274 3225011
3225295 3225061
3225280 3225050
3225297 3225067
3225255 3225033
3225259 3225045
3225235 3225024
3225240 3225043
3225268 3225084
3225293 3225109
3225210 3225047
3225212 3225054
3225244 3225086
3225220 3225066
3225184 3225032
3225169 3225031
3225196 3225063
3225250 3225118
3225162 3225034
3225198 3225070
3225198 3225074
3225281 3225002
3225160 3225030
3225219 3225099
3225273 3225153
3225120 3225003
3225157 3225049
3225113 3225009
3225115 3225017
3225120 3225027
3225276 3225190
