50030242
272 140
255 2
213 6
222 7
199 7
229 10
150 8
183 10
283 143
294 34
273 128
241 110
144 19
180 24
262 36
216 32
256 113
276 121
160 37
239 100
287 70
167 44
276 73
281 77
223 91
207 61
215 69
262 86
285 97
191 67
228 80
267 106
285 110
18 2
109 13
92 12
86 16
10 2
161 39
158 44
160 57
164 59
73 27
211 98
180 84
222 105
148 2
177 94
164 89
46 26
278 159
257 149
277 164
161 99
297 187
266 168
257 164
189 121
70 45
166 110
95 63
75 51
135 92
152 106
249 174
244 179
227 168
79 59
12 9
130 98
125 97
214 167
269 210
102 80
215 169
165 132
220 177
274 221
200 168
83 67
236 201
290 250
264 230
224 197
224 198
251 222
142 127
241 219
206 189
203 187
140 131
65 62
217 211
285 278
271 266
75 38
50000300 50000057
277 285
103 168
196 200
228 235
216 227
273 296
150 165
196 217
270 299
251 280
91 102
264 300
171 201
229 274
185 222
231 278
196 237
195 236
207 254
242 300
215 274
204 264
100 130
214 280
196 258
214 284
187 249
214 290
195 265
105 146
102 149
191 284
60 92
78 121
146 229
91 144
166 264
178 285
163 261
176 283
82 137
167 281
113 192
108 186
118 204
137 239
129 241
96 184
72 139
94 185
51 102
125 252
109 230
133 285
47 107
90 207
104 244
108 255
110 266
49 119
96 237
78 198
116 300
43 113
77 203
29 77
56 151
66 201
24 75
69 219
76 251
45 152
41 140
85 296
71 248
35 132
35 135
65 251
63 255
66 268
26 107
39 162
65 271
62 259
68 300
52 230
24 120
19 102
21 131
34 216
34 300
15 138
16 157
18 182
14 152
16 185
11 171
12 234
11 215
5 171
3 111
7 271
5 223
4 225
