9687521312
114 2
48 2
178 8
179 10
155 9
120 7
150 10
69 5
140 13
81 8
48 5
170 20
32 4
163 26
193 39
112 23
188 41
123 27
188 43
160 37
151 39
192 50
94 25
74 20
138 40
86 25
185 60
72 24
67 23
184 65
159 63
72 29
74 31
111 49
165 73
155 72
124 60
83 1
133 68
120 62
73 39
157 91
148 86
165 96
22 13
54 32
187 112
93 59
139 90
158 103
96 63
167 112
55 37
167 116
148 109
61 46
187 142
126 99
77 61
58 46
193 155
179 144
153 124
175 143
119 98
70 58
159 133
97 85
128 114
165 149
120 110
196 180
188 174
141 135
173 167
120 116
154 149
168 163
185 91
115 113
197 196
312500191 312500004
312500188 312500009
312500180 312500006
312500182 312500024
312500166 312500016
312500186 312500048
312500169 312500044
312500140 312500016
312500140 312500026
312500200 312500086
312500169 312500062
312500184 312500079
312500200 312500110
312500163 312500074
177 172
312500150 312500069
312500193 312500142
312500183 312500109
312500144 312500079
312500161 312500102
312500150 312500093
312500174 312500122
178 186
312500194 312500193
312500136 312500125
312500142 312500136
312500183 312500184
312500173 312500182
312500168 312500184
312500148 312500166
312500141 312500167
312500159 312500192
62 74
312500132 312500195
151 152
171 174
98 100
20 21
173 182
61 69
135 153
109 125
92 106
151 174
99 118
41 144
129 154
77 94
151 189
122 154
64 85
145 194
40 54
126 171
52 71
101 140
41 57
139 195
85 122
102 152
132 198
50 77
32 50
113 178
101 160
80 128
60 97
53 86
116 191
94 156
45 75
115 196
95 165
60 109
103 190
92 171
44 83
106 200
92 180
71 140
77 164
21 49
29 72
73 184
65 176
69 190
21 60
20 59
22 76
36 130
18 65
34 140
37 153
23 98
29 134
20 100
32 180
29 173
13 89
6 42
5 35
22 160
23 196
13 112
17 149
13 130
16 178
3 41
4 183
4 185
