9999861050
300 45
176 27
294 56
52 10
181 45
280 87
58 20
255 88
210 82
182 75
81 44
204 125
239 159
296 215
299 225
246 203
287 237
104 93
128 115
218 215
29531547 29531306
29531481 29531253
29531523 29531301
29531516 29531341
49062777 49062547
49062767 49062542
29531493 29531359
29531498 29531372
49062759 49062573
88125288 88125022
29531517 29531429
49062748 49062612
88125264 88125024
239 36
49062793 49062716
49062749 49062678
166250250 166250016
166250249 166250071
88125250 88125171
166250298 166250157
322500291 322500018
166250248 166250126
322500271 322500039
322500253 322500027
322500273 322500127
322500269 322500124
166250267 166250200
322500263 322500137
635000282 635000039
635000282 635000055
88125284 88125228
322500280 322500167
322500274 322500208
166250245 166250211
322500246 322500137
322500252 322500162
88125279 88125260
1260000283 1260000155
322500250 322500224
635000276 635000264
299 299
1260000285 1260000291
88125259 88125285
219 235
246 296
189 268
197 282
184 267
82 119
124 242
150 295
46 94
57 130
80 226
77 282
42 291
7 72
25 264
6 70
11 239
1 90
