1010134
143 1
215 5
251 9
266 12
298 20
200 15
254 25
252 28
246 30
70 9
272 41
266 41
234 39
134 23
178 34
199 40
222 46
246 55
190 43
218 50
41 10
295 74
209 55
258 69
222 60
215 2
205 57
262 74
169 48
95 27
294 86
282 84
83 26
185 58
183 59
108 35
159 52
294 98
36 12
234 79
224 77
141 50
159 57
171 63
277 105
78 30
198 78
298 118
127 53
237 104
79 35
66 30
268 123
222 102
182 84
25 12
132 65
138 68
163 81
184 92
234 121
295 153
281 156
61 36
184 51
87 53
112 69
240 150
149 94
271 171
134 85
299 191
245 163
147 98
217 145
242 162
223 151
293 199
155 111
260 188
260 188
185 136
252 189
290 218
98 74
84 65
299 232
241 187
157 122
248 195
222 176
261 208
142 114
189 154
295 244
208 174
113 95
251 212
201 171
283 241
166 143
103 90
223 200
289 260
166 153
285 263
250 241
61 60
31551 31286
31544 31296
31543 31296
31518 31282
31559 31332
31518 31312
300 178
31560 31357
31473 31271
163 162
31521 31329
31486 31295
31500 31310
31552 31363
31498 31326
31528 31358
31525 31357
31529 31361
31541 31389
31535 31390
31520 31384
31502 31299
31485 31356
31550 31437
281 295
31520 31391
31516 31398
31512 31416
31542 31450
31538 31468
31540 31496
31548 31521
31549 31545
185 185
13 13
31555 31558
160 191
113 115
91 93
263 269
159 164
142 147
223 231
274 288
153 162
277 297
187 204
234 258
210 236
217 251
140 162
222 261
187 222
128 193
77 92
236 287
202 246
169 206
216 274
128 164
92 119
163 212
196 261
222 299
198 267
134 181
81 111
175 241
52 73
197 278
152 217
197 284
104 154
137 207
74 112
172 261
81 123
57 89
16 26
146 241
149 248
123 213
168 293
123 218
154 277
156 282
33 62
139 265
140 268
97 193
97 196
116 238
62 131
21 46
86 189
35 80
104 247
77 183
92 219
55 134
121 295
24 59
93 230
97 249
111 289
67 175
41 109
86 233
96 262
97 267
95 262
48 137
89 260
81 238
68 201
36 108
