515259
99 6
82 7
88 8
65 6
95 9
79 8
77 8
19 2
36 4
27 3
83 10
38 5
66 9
43 6
47 7
80 12
71 11
80 14
80 14
96 18
76 15
23 5
72 16
18 4
40 9
64 16
60 15
73 19
19 5
93 25
88 24
76 21
77 22
77 25
46 15
79 26
9 3
3 1
72 25
95 33
71 25
14 5
64 23
25 9
36 13
72 26
99 38
77 30
68 27
40 16
70 28
54 22
49 20
56 23
73 30
77 32
67 29
78 34
64 28
91 40
87 39
79 36
39 18
82 38
86 40
15 7
54 26
34 17
40 20
46 23
14 7
84 44
80 42
99 52
100 54
49 27
58 32
47 26
60 34
56 32
82 48
63 38
81 49
79 48
97 60
60 38
85 54
81 52
79 51
66 43
74 49
75 51
13 9
49 34
98 68
69 48
83 58
40 28
100 70
81 57
76 54
83 59
28 20
53 38
62 45
89 65
78 57
34 25
24 18
61 46
87 66
35 27
84 65
61 48
33 26
99 78
95 76
95 77
78 64
29 24
65 57
41 36
97 86
64 57
76 70
96 86
58 52
80 73
39 36
16 15
81 76
71 67
54 51
18 17
92 89
71 69
80 78
48 47
72 71
73 72
87 3
500100 500008
98 99
56 56
23 23
27 27
36 36
26 30
80 81
62 64
90 93
78 81
51 53
76 79
96 100
95 99
39 41
66 70
80 85
66 71
91 98
77 83
75 81
70 76
91 100
60 67
85 95
76 85
77 87
59 67
73 83
33 38
42 95
24 28
66 78
42 50
52 62
72 86
75 90
79 95
64 77
81 100
80 99
53 66
44 55
75 96
68 88
71 92
45 59
64 85
21 28
75 100
70 94
43 58
57 77
69 94
60 82
49 69
56 79
50 71
59 85
9 13
67 98
36 53
47 70
49 73
60 90
22 33
66 100
38 59
52 81
46 72
44 69
54 86
62 99
36 58
26 42
34 55
57 96
16 27
33 56
48 83
39 69
38 68
35 63
46 83
36 65
27 50
39 74
28 54
25 49
38 79
23 48
37 80
26 58
28 63
20 45
19 43
23 53
36 83
25 59
21 51
39 98
35 89
32 82
14 36
19 50
30 80
27 72
33 93
32 92
32 92
24 70
18 53
28 83
22 67
19 62
13 45
14 49
26 94
25 96
18 70
23 92
15 60
11 44
17 73
21 97
20 95
11 53
19 92
1 5
7 36
18 94
16 84
14 78
10 61
12 75
14 89
13 85
13 89
10 70
7 54
4 36
7 65
10 95
8 77
6 60
6 69
5 73
4 67
1 18
3 54
5 92
2 37
1 19
3 60
3 75
3 99
2 88
1 61
1 78
