96938789
93 1
299 11
272 18
150 11
250 21
187 19
211 24
87 12
162 23
63 9
144 21
290 43
287 46
221 36
89 15
214 41
156 30
154 31
244 52
161 35
147 32
265 58
257 58
264 62
54 16
270 93
193 70
160 60
145 55
240 7
229 89
232 91
162 64
159 63
140 56
192 77
256 103
285 119
145 61
201 89
279 128
231 108
290 139
73 36
139 74
116 62
48 27
293 165
96 55
207 119
183 110
284 174
203 125
281 175
260 164
108 69
93 60
101 66
223 147
166 112
118 82
289 209
11 8
256 190
269 212
191 151
214 172
246 205
99 85
266 231
240 216
246 226
107 41
155 146
174 165
266 256
54 52
31 30
183 181
261 260
3126287 3126006
3126256 3126004
3126284 3126051
3126285 3126057
3126242 3126033
3126244 3126040
3126224 3126032
3126273 3126087
3126268 3126088
3126291 3126117
3126248 3126075
3126259 3126088
3126249 3126088
3126231 3126075
3126237 3126093
3126262 3126120
3126295 3126174
242 223
3126244 3126146
3126285 3126188
3126230 3126138
3126257 3126165
3126300 3126209
3126278 3126198
3126273 3126207
3126295 3126239
3126236 3126204
3126294 3126263
286 300
3126246 3126244
3126267 3126271
3126228 3126249
3126219 3126285
152 252
156 160
223 233
190 204
188 204
208 231
247 281
160 183
163 187
180 207
173 201
86 100
224 262
232 275
178 218
222 273
186 229
153 194
151 196
162 211
76 100
136 179
213 285
191 257
185 253
180 248
77 107
203 286
186 263
137 209
130 199
72 111
109 172
117 192
47 78
31 52
117 198
146 248
102 175
42 73
167 291
116 205
135 243
76 143
44 85
145 288
36 74
126 269
106 231
27 59
114 284
76 202
61 178
40 120
85 264
79 246
79 253
14 45
53 181
57 195
79 273
18 64
74 275
52 194
36 136
60 227
77 295
78 300
66 256
73 285
39 165
43 192
59 264
63 283
53 263
39 202
28 148
27 146
28 156
14 79
24 136
20 151
34 273
25 205
25 209
32 272
25 219
28 253
19 174
26 266
18 273
7 132
13 280
9 242
5 212
6 261
3 262
2 220
