100022824
140 2
22323 22284
145 94
107785 107666
22327 22241
58943 58901
58975 58891
58963 58837
59006 58831
791447 791292
107852 107761
791419 791282
58997 58850
58914 58840
58987 58829
72 15
58986 58848
107835 107703
58954 58852
791405 791277
107845 107710
158 45
107774 107711
198 109
22373 22253
58993 58941
58977 58853
22389 22278
130 46
22299 22229
107775 107710
107839 107779
107810 107739
59011 58867
107787 107680
107787 107687
58974 58893
58956 58864
58965 58868
107854 107796
107816 107709
58993 58892
59008 58905
58988 58892
791439 791292
58954 58913
107731 107674
172 115
58952 58899
59020 58970
58957 58905
192 57
108 55
87 36
22381 22320
107751 107674
107723 107666
137 88
58911 58858
53 16
59008 58964
205478 205328
59009 58937
791422 791250
205488 205392
22263 22217
148 85
205397 205352
57 1
117 27
58998 58899
58986 58913
58946 58848
58982 58908
58957 58915
114 5
58915 58873
205445 205385
58988 58842
205510 205395
34566 34479
169 19
34529 34489
205484 205365
34519 34444
142 55
205447 205362
34554 34503
176 65
205432 205346
34497 34452
200 159
34602 34469
81 32
22303 22252
22375 22328
22318 22217
205427 205313
34596 34468
34512 34433
400820 400736
190 51
205448 205364
205511 205462
205459 205361
34603 34549
187 87
34520 34467
167 61
34587 34485
205395 205330
400755 400644
205479 205387
106 9
205492 205363
34607 34474
112 16
34591 34420
34582 34466
205493 205336
34575 34487
55 3
197 144
34547 34454
205456 205362
205499 205399
205490 205401
400797 400634
144 58
400812 400739
34545 34448
400800 400673
34543 34496
400744 400675
84 37
34560 34447
34544 34467
400771 400637
171 112
22385 22219
400695 400626
400800 400720
34595 34533
400781 400698
400770 400665
400820 400688
34571 34503
22355 22317
85 17
400810 400743
22376 22324
138 8
22401 22290
22407 22263
22355 22272
159 47
160 33
67 10
22347 22279
186 143
22366 22217
400784 400650
22398 22253
22364 22300
179 106
131 71
400756 400661
22332 22229
400740 400666
22390 22308
22348 22310
22386 22254
22398 22233
400747 400652
22351 22303
22352 22210
400780 400675
96 47
400809 400724
55 24
40 18
25 15
87 65
61 46
129 98
163 128
179 145
114 93
197 162
167 148
53 47
103 94
160 149
162 153
116 110
184 177
125 121
192 189
158 156
22322 22287
22310 22283
34560 34522
34530 34493
34613 34576
22268 22245
34568 34535
22346 22325
22360 22339
22398 22377
34457 34425
34548 34516
34584 34552
34510 34479
22258 22239
22295 22278
22292 22277
22360 22345
58914 58876
58871 58837
59016 58982
34437 34418
59010 58979
34495 34479
58948 58921
58936 58911
22336 22327
107805 107764
34469 34458
34484 34473
22307 22300
107849 107816
107840 107810
107809 107780
107809 107780
107703 107679
34571 34564
58947 58936
59018 59007
205482 205447
400731 400668
400786 400723
400807 400744
205371 205340
205461 205430
791380 791266
205349 205320
205433 205404
107802 107787
791430 791322
791409 791305
791381 791278
400711 400661
107832 107819
205354 205330
205487 205463
205456 205433
1572688 1572514
791416 791329
205415 205394
1572680 1572524
400738 400699
791393 791316
1572688 1572536
400669 400631
107694 107684
791440 791367
1572682 1572537
791352 791280
1572666 1572524
791424 791354
1572670 1572533
205511 205494
400795 400765
400699 400670
791418 791362
1572700 1572589
791359 791305
400785 400758
791310 791257
100 65
1572657 1572555
791405 791354
1572616 1572515
1572665 1572564
1572670 1572571
400703 400678
34586 34584
400679 400656
107822 107816
1572694 1572607
400669 400647
400813 400791
3135183 3135011
1572650 1572565
1572606 1572523
1572623 1572540
1572644 1572561
1572676 1572593
107676 107662
1572600 1572526
1572650 1572576
3135162 3135017
3135157 3135014
791417 791381
3135154 3135013
791335 791300
791388 791353
791388 791355
3135164 3135003
791392 791361
3135150 3135025
791406 791353
3135144 3135011
3135198 3135079
198 198
