644102
264 2
206 4
208 5
150 7
199 10
190 13
239 17
217 17
239 20
259 24
269 25
191 18
278 27
123 12
96 10
79 9
149 18
292 36
300 39
166 22
103 14
243 35
252 1
228 34
299 45
160 28
272 51
114 23
186 38
233 49
202 44
118 26
191 45
192 48
269 71
212 56
145 39
76 21
296 84
285 83
129 38
160 51
160 54
296 100
205 72
288 102
248 88
235 88
252 95
107 41
242 94
276 109
272 110
253 104
231 95
292 122
283 123
242 109
31 14
252 114
160 73
203 93
236 112
104 50
239 117
236 116
182 90
212 105
82 41
189 95
217 110
121 62
184 101
223 123
229 127
196 109
138 77
65 37
241 143
25 15
161 97
199 120
43 26
197 123
250 158
242 157
193 126
90 59
174 115
243 162
163 109
268 180
265 178
294 200
221 151
156 107
258 180
257 181
191 135
128 92
107 77
84 61
296 216
285 211
256 190
279 210
134 105
196 154
272 215
150 119
278 221
232 188
239 196
45 37
110 91
151 125
143 120
288 243
94 80
203 175
255 220
246 214
104 92
247 219
255 227
285 254
182 163
143 131
236 217
294 271
174 161
190 176
139 129
289 274
40 38
232 221
183 175
122 117
275 265
142 138
223 217
257 251
237 233
82 81
257 253
269 266
270 39
600300 600257
265 268
203 203
209 265
241 243
212 216
170 174
141 151
207 222
172 189
185 208
164 185
184 208
40 46
235 271
147 174
244 293
69 83
139 168
206 251
188 231
91 112
161 200
188 234
231 292
67 175
210 277
75 99
180 239
187 252
208 282
194 265
173 242
84 118
166 234
141 201
77 111
181 261
179 263
156 231
179 271
107 162
106 161
164 251
152 233
125 193
132 205
110 171
81 128
134 214
180 290
141 231
49 81
106 178
152 257
23 39
145 247
147 252
163 281
127 223
153 271
118 211
121 223
111 208
38 72
148 283
35 69
105 208
109 219
144 290
53 107
129 261
89 182
98 202
53 111
102 218
71 154
87 190
39 87
24 55
91 211
121 281
109 259
75 179
52 125
90 221
92 229
96 246
86 224
2 109
111 300
103 284
83 229
29 82
51 146
24 70
74 221
80 239
89 270
82 250
86 265
61 188
20 62
85 267
18 61
52 178
33 115
78 273
30 108
23 86
73 277
69 262
50 195
28 112
63 253
29 117
45 185
51 219
64 275
26 115
48 217
45 209
30 141
59 283
34 169
38 198
29 155
29 158
51 294
45 262
22 139
41 261
7 47
24 162
5 39
32 257
33 270
20 175
13 120
28 290
24 249
22 230
10 140
10 146
16 258
13 232
5 115
9 246
4 119
6 208
5 272
5 278
3 167
4 256
