100044118
210 57
239 114
50103 49935
98867 98734
50018 49898
50055 49946
292 132
255 175
98935 98754
50074 49857
103 37
50043 49898
98904 98667
50084 50018
50080 49884
50094 49992
98895 98739
50006 49921
98831 98691
276 207
50074 49878
258 1
50063 49910
98912 98759
50121 49848
138 19
98917 98700
50067 49939
98857 98721
50118 49860
49925 49845
50057 49968
117 46
272 44
50127 50053
298 245
49983 49898
214 122
49995 49909
98900 98753
49942 49883
98929 98731
98787 98664
49957 49867
50110 49883
50078 49946
49917 49846
142 54
49927 49857
50048 49866
196603 196335
25669 25502
25698 25581
25705 25462
25625 25527
25638 25453
278 211
258 181
25689 25555
25658 25560
25711 25473
149 72
25646 25443
93 3
25612 25509
25562 25475
121 55
239 163
25698 25579
25630 25543
277 67
25642 25520
250 150
159 103
25566 25484
122 34
272 26
25713 25465
279 208
25664 25551
25675 25422
253 90
25701 25564
258 87
25598 25467
289 31
141 83
25659 25542
13418 13362
13428 13264
13413 13265
13427 13357
13389 13254
13386 13322
13458 13394
54 6
233 52
13462 13301
115 71
267 140
13411 13245
13275 13212
233 157
93 38
13298 13219
13442 13216
191 16
13449 13224
13462 13260
217 118
218 62
13342 13244
13313 13268
72 2
13372 13231
242 120
13312 13259
274 211
13499 13215
266 199
95 47
233 52
86 5
272 99
232 165
182 15
210 4
276 57
128 64
267 158
283 189
286 240
284 92
210 30
290 40
209 42
207 43
220 49
282 148
172 80
181 44
239 11
57 8
161 82
105 31
288 213
253 14
258 154
250 33
94 39
150 1
293 169
207 114
233 74
270 157
169 33
254 208
225 122
241 78
286 176
153 103
185 2
244 164
228 116
139 77
249 192
154 73
178 80
276 176
228 53
198 47
259 153
183 78
98909 98797
227 141
268 58
110 59
126 61
267 147
197 145
269 92
252 138
103 30
146 23
243 44
250 88
211 160
62 16
296 187
274 62
176 94
166 60
267 50
233 80
158 93
232 57
250 160
142 89
290 213
147 101
204 69
250 98
231 127
134 16
173 125
237 134
145 20
180 72
279 230
193 116
172 65
176 48
262 93
279 38
270 79
166 8
266 27
188 48
151 10
126 22
16 2
51 8
56 24
7 3
27 12
72 38
106 64
66 41
75 48
62 41
117 85
165 122
107 80
110 83
106 81
185 143
74 59
184 148
205 168
203 167
68 56
103 86
212 178
227 192
206 175
154 131
177 152
295 254
166 143
190 164
279 241
262 229
249 218
258 226
159 140
279 246
248 219
292 258
183 162
219 194
49 44
190 171
118 111
184 174
95 91
288 276
80 77
205 198
128 124
172 167
273 269
276 272
13312 13269
13243 13215
13478 13455
25640 25599
25684 25647
13240 13223
25648 25616
25563 25533
25671 25641
196549 196337
49959 49908
13228 13215
25550 25525
98864 98769
98817 98725
196558 196379
13481 13469
25494 25445
98885 98799
98861 98777
98775 98691
196592 196431
196502 196346
98805 98733
98839 98770
98744 98676
98926 98858
391909 391641
196527 196395
196557 196426
3126249 3126067
98808 98744
49958 49926
49968 49936
49870 49839
50016 49986
3126283 3126099
391914 391698
98894 98843
391914 391712
196539 196439
98761 98713
98883 98837
98907 98862
391873 391698
98860 98816
3126289 3126102
98805 98764
196441 196361
391815 391662
98822 98784
391912 391762
391853 391708
196426 196354
196404 196336
782525 782277
98821 98791
196495 196436
782534 782300
391880 391764
98907 98878
782480 782251
782534 782309
391826 391714
782540 782318
98928 98900
3126255 3126067
782476 782263
782482 782274
782533 782326
1563662 1563557
391749 391650
196526 196477
391764 391667
782520 782336
782501 782320
196590 196547
196359 196317
196488 196446
391774 391691
782435 782273
782523 782363
391762 391682
3126259 3126041
1563742 1563626
782516 782364
782401 782254
391746 391673
782531 782386
1563790 1563521
391730 391665
391873 391809
1563758 1563505
1563673 1563557
782439 782318
1563774 1563534
1563652 1563531
1563655 1563526
782511 782401
1563757 1563555
782432 782338
1563700 1563513
391707 391661
1563740 1563610
391715 391670
391791 391746
1563699 1563523
1563716 1563584
782544 782461
1563719 1563558
782449 782369
1563658 1563502
1563666 1563510
782354 782277
782538 782461
782415 782339
1563706 1563572
1563732 1563588
782373 782301
782410 782340
1563727 1563584
25558 25541
25525 25510
25672 25661
98853 98826
98855 98830
49982 49972
25700 25695
196364 196333
98896 98881
196487 196458
391862 391820
196355 196336
391829 391793
98730 98721
391889 391854
782449 782388
196347 196332
782504 782445
391757 391728
782310 782254
782407 782351
391762 391734
196355 196341
782308 782253
782382 782327
782514 782461
782392 782349
391658 391637
782349 782308
1563776 1563696
782399 782359
98828 98658
3126248 3126017
196431 196421
782537 782498
782520 782488
196472 196464
196390 196386
98714 98712
248 249
218 223
66 68
