50039435
262 28
276 24
266 23
212 6
126 6
200 11
206 16
119 10
242 24
237 25
261 29
119 15
231 33
81 16
263 54
231 49
94 20
220 60
263 77
274 82
259 79
299 98
273 92
76 26
292 101
269 96
281 103
202 79
114 45
98 39
217 91
217 91
215 94
141 63
177 81
99 46
214 104
187 91
240 122
142 74
167 89
253 135
178 97
291 161
244 136
300 170
271 156
130 76
191 113
217 129
103 62
231 141
287 177
238 147
270 167
156 104
291 199
137 96
181 127
231 164
294 210
248 179
101 73
204 152
240 181
218 165
181 137
239 187
14 11
249 201
127 103
264 219
178 149
176 151
282 246
266 233
65 58
94 84
228 205
288 259
170 153
297 271
127 116
265 255
255 246
164 159
292 286
224 220
293 292
188 1
50010296 50010161
286 298
225 292
222 223
122 125
203 209
227 234
246 259
55 58
260 277
259 283
166 182
192 213
27 30
98 109
79 88
243 272
155 174
154 174
253 288
182 215
231 276
151 182
141 175
186 233
169 214
97 198
70 91
10 13
202 264
151 205
147 200
147 201
127 177
182 255
170 244
79 115
47 69
175 257
167 246
88 134
145 226
111 174
171 274
124 199
131 220
135 232
113 195
123 213
69 120
124 219
80 146
150 274
160 293
15 29
117 235
144 293
105 219
80 167
94 198
99 212
84 180
125 270
95 206
48 105
116 283
117 288
90 224
30 75
54 139
31 81
75 205
101 282
76 224
83 258
66 222
62 217
56 203
76 278
14 55
37 159
50 216
28 127
36 285
20 184
24 238
25 251
23 258
11 233
11 283
1 98
