97234407
39 1
267 9
255 9
240 9
123 5
234 4
233 13
259 15
237 15
74 5
189 17
225 21
104 12
89 11
201 28
254 36
166 24
274 40
217 32
298 46
231 36
294 46
290 46
230 37
256 43
152 26
107 19
128 23
260 48
179 34
249 48
54 11
209 43
175 37
293 67
191 45
158 38
57 14
97 24
248 62
190 48
195 52
240 70
199 60
183 56
288 89
138 45
147 49
201 69
148 52
97 35
157 58
97 36
43 16
231 88
247 96
278 109
223 88
251 102
187 76
245 101
265 111
250 106
158 67
28 12
243 105
219 98
130 59
149 68
192 88
114 54
135 65
166 80
211 103
180 88
128 63
209 104
214 107
241 124
260 134
294 152
249 132
122 65
125 67
227 124
194 106
258 141
165 92
189 106
281 159
279 159
99 57
207 122
298 180
216 136
105 67
186 120
251 162
194 128
238 158
275 185
83 56
242 166
282 194
193 136
201 142
110 78
176 125
258 187
296 216
111 84
138 105
59 45
236 181
245 188
125 97
295 229
297 241
119 97
89 73
137 113
80 66
167 139
192 160
279 236
200 11
100 87
187 163
66 58
147 130
211 187
175 157
207 187
145 132
192 177
279 260
281 262
259 244
142 134
285 270
141 134
229 223
246 240
260 254
89 87
272 270
3135284 3135001
3135230 3135032
3135184 3135005
3135229 3135052
3135287 3135110
3135184 3135024
3135265 3135120
3135205 3135083
3135160 3135043
81 70
3135295 3135201
3135287 3135235
3135230 3135159
3135224 3135154
3135180 3135113
3135263 3135218
3135229 3135186
3135276 3135246
3135207 3135181
3135258 3135234
3135277 3135256
3135185 3135166
3135229 3135215
3135265 3135254
3135194 3135201
3135255 3135267
3135249 3135262
3135149 3135177
3135161 3135190
256 268
86 102
3135191 3135263
3135183 3135291
3135156 3135274
215 216
245 249
188 193
30 31
205 212
193 201
114 120
243 256
34 36
117 126
121 133
168 186
109 123
197 223
108 124
246 283
179 206
152 175
255 299
219 257
17 20
147 174
108 266
147 177
93 113
103 126
147 180
227 281
121 151
162 203
177 222
221 278
38 48
11 14
193 249
179 232
70 91
169 220
202 270
94 126
61 82
87 117
39 53
192 261
166 226
50 69
162 228
46 65
211 299
187 275
49 75
180 277
136 214
111 175
181 289
57 93
159 264
99 166
51 86
171 290
118 203
68 117
150 259
168 291
124 219
128 228
81 147
161 293
114 210
129 239
70 131
110 213
29 57
66 132
129 260
131 276
65 142
47 103
63 139
129 288
19 44
126 293
126 295
97 232
94 229
120 295
72 177
56 139
107 275
77 200
109 292
30 84
59 166
102 294
78 232
30 91
46 141
66 208
88 278
87 285
73 243
22 74
85 291
56 195
71 248
28 98
65 231
64 233
62 229
45 177
65 259
40 160
30 121
73 296
68 284
69 298
47 213
50 229
41 212
48 259
40 218
50 300
23 138
43 276
31 207
26 198
36 286
32 257
21 174
26 231
32 290
26 243
31 296
29 280
6 58
6 65
14 176
19 267
4 57
13 190
11 181
11 215
8 182
5 117
12 281
11 285
10 264
8 274
5 198
2 84
4 245
