99969826
42 3
65 5
13 1
43 4
64 6
31 3
55 6
79 10
88 12
92 7
91 15
15 3
99 21
59 13
49 11
43 11
65 17
85 23
65 18
90 25
93 26
100 28
86 27
90 29
92 34
41 17
82 35
77 33
91 40
56 25
58 26
24 12
54 29
88 48
44 24
78 43
38 21
87 49
88 50
55 33
95 58
62 38
92 57
37 23
86 54
89 56
94 60
76 52
59 41
57 40
85 60
66 48
85 64
30 23
84 66
57 45
15 12
94 15
93 78
44 37
93 80
69 60
95 83
97 86
54 48
25 23
83 77
34 32
93 91
67 54
10390725 10390644
13125100 13125038
87 95
10390724 10390653
10390724 10390656
10195412 10195369
11562600 11562552
13125100 13125068
10390725 10390720
52 52
10390724 10390725
43 59
82 84
36 37
87 91
45 48
42 45
75 81
86 95
65 73
80 93
49 58
35 42
82 99
32 39
76 93
74 91
49 61
78 98
62 80
54 70
19 25
53 70
74 98
9 12
50 67
36 50
31 46
42 64
57 87
46 71
51 80
37 60
32 52
18 30
48 81
33 56
29 50
55 96
38 67
56 99
9 16
28 50
32 61
50 96
44 88
46 95
41 86
9 19
42 89
23 49
29 62
38 84
40 94
34 80
35 88
13 34
27 73
26 72
13 36
15 42
21 59
34 100
27 80
33 99
14 42
28 88
18 59
10 33
28 94
22 74
23 81
5 19
24 92
19 76
19 81
23 99
22 98
18 92
8 45
5 34
7 68
10 100
4 40
5 65
7 100
5 74
4 67
2 43
3 96
