9999261399
152 1
147 1
183 2
102 2
104 3
86 3
199 7
128 5
122 5
83 4
199 11
142 9
118 8
159 11
144 10
132 10
189 17
183 19
199 21
27 3
158 1
187 22
151 18
8 1
157 20
176 23
59 8
126 18
107 18
171 31
146 28
106 21
197 40
118 24
141 29
151 32
132 28
75 16
171 39
198 46
166 39
123 29
190 46
76 19
181 48
117 33
156 44
131 39
118 36
174 57
117 39
193 68
181 64
187 67
141 52
156 18
34 13
164 64
164 65
113 45
74 30
155 63
147 60
144 60
7 3
105 45
194 84
154 67
79 35
153 68
117 52
136 62
190 87
98 45
180 83
87 41
149 71
171 82
175 84
116 57
199 101
181 93
193 100
158 82
84 44
197 104
87 46
173 92
150 80
69 37
94 51
175 95
198 108
31 17
175 97
173 64
123 69
151 85
181 102
55 31
119 68
123 71
161 93
134 78
187 109
164 100
165 105
61 39
181 117
126 83
107 71
130 87
151 102
101 69
190 132
125 87
119 83
50 35
99 72
177 129
176 129
159 117
144 80
192 145
82 63
107 83
107 84
178 141
188 150
77 62
154 125
193 158
182 149
172 142
132 110
124 104
198 168
119 101
184 159
124 108
133 116
112 99
192 170
176 156
179 160
197 177
196 177
139 126
128 95
153 141
27 25
31 29
167 158
156 148
52 50
109 105
113 109
149 147
119531440 119531265
119531443 119531272
119531430 119531264
139062660 139062504
139062659 139062513
119531440 119531321
139062663 139062525
139062698 139062567
178125188 178125031
139062690 139062572
119531443 119531346
119531407 119531313
159 146
139062657 139062554
139062654 139062554
178125193 178125073
139062670 139062577
139062653 139062561
256250198 256250035
178125163 178125050
139062655 139062569
119531434 119531361
178125193 178125059
256250177 256250003
139062663 139062586
178125200 178125107
178125164 178125070
119531449 119531388
119531418 119531366
256250194 256250089
139062652 139062600
139062657 139062606
178125196 178125145
256250177 256250086
119531421 119531379
139062699 139062651
119531425 119531385
119531449 119531410
178125185 178125128
119531447 119531409
178125195 178125156
412500182 412500094
119531425 119531401
178125163 178125134
256250198 256250170
412500188 412500153
412500194 412500163
178125190 178125178
119531424 119531417
178125194 178125184
178125191 178125182
412500192 412500174
139062674 139062671
181 181
53 53
149 149
178 178
170 170
142 142
168 168
178125189 178125195
119531415 119531427
139062673 139062691
178125170 178125196
190 196
119531412 119531446
139062654 139062694
113 131
94 97
92 95
135 141
160 169
130 142
139 152
136 149
173 192
126 140
63 71
13 27
95 111
84 99
135 162
156 188
126 152
134 162
161 197
155 191
21 26
130 162
77 99
145 187
138 179
109 142
42 55
119 156
48 64
58 78
118 159
112 151
75 104
112 158
55 78
116 168
75 110
78 115
45 67
103 154
75 116
101 157
101 157
67 105
122 193
115 183
116 188
73 119
86 141
105 174
50 83
71 118
43 72
106 181
97 168
104 182
46 81
46 81
21 37
80 142
88 159
56 105
65 122
42 79
84 158
104 197
73 139
46 88
47 90
48 93
87 171
55 109
91 181
8 16
58 116
25 51
87 188
68 148
81 178
80 178
81 190
72 170
64 164
70 180
74 191
17 44
50 130
63 169
35 94
57 163
66 192
26 76
51 150
66 196
51 152
29 87
55 166
46 139
52 159
55 175
14 45
47 152
30 98
17 59
29 101
31 109
24 88
41 151
43 164
29 115
6 24
17 75
24 117
32 156
36 179
32 167
18 113
23 156
27 188
14 102
17 124
19 148
14 128
17 164
16 157
18 187
9 97
11 119
8 107
11 155
2 30
9 135
5 80
12 199
11 191
2 75
4 177
2 118
2 187
1 186
