1009958
1281 1186
1227 1129
1318 1222
209 51
251 103
296 2
282 124
224 11
127 5
1226 1161
118 16
202 2
236 140
802 591
4274 4041
263 32
176 102
243 120
249 57
4190 4052
1347 1175
338 227
367 244
507 333
354 290
348 224
455 225
746 652
2285 2212
548 349
2309 2073
2328 2105
729 669
573 445
2327 2209
727 614
2335 2186
503 395
565 434
485 390
2345 2194
8138 7938
16021 15824
8172 8071
31641 31356
4230 4158
31604 31373
4164 4048
8132 7948
8174 7930
8211 8144
16017 15778
15962 15738
15969 15747
65 38
136 86
462 408
137 121
558 509
408 383
518 487
524 493
483 458
83 79
1333 1299
712 695
2112 2073
384 377
769 756
1180 1165
2255 2235
4188 4160
1128 1122
8043 8009
15860 15797
31482 31383
31542 31455
31437 31371
250336 250101
125295 125203
266 53
125279 125105
31509 31474
125241 125155
83 91
