10000013936
275 113
290 50
104883110 104882867
223 17
109765862 109765642
100305427 100305205
100305456 100305176
219 24
241 30
100152877 100152627
187 11
214 57
254 49
290 129
163 46
139062772 139062501
100152874 100152705
139062710 139062503
139062783 139062599
102441670 102441467
178125276 178125013
100305406 100305218
100076581 100076418
101220940 101220741
101220971 101220785
100152872 100152698
109765917 109765741
100610596 100610430
119531531 119531360
119531532 119531354
119531543 119531326
119531511 119531280
119531523 119531318
112 8
74 7
138 42
134 50
130 59
93 54
210 152
292 270
292 280
252 248
101220955 101220804
102441699 102441547
109765925 109765771
119531450 119531285
100152829 100152695
100305474 100305344
139062798 139062619
104883016 104882888
262 144
101220830 101220707
109765761 109765628
109765828 109765695
119531467 119531328
102441692 102441575
139062757 139062601
102441692 102441578
102441564 102441452
100305328 100305219
100305314 100305208
102441641 102441537
100152714 100152615
102441521 102441420
139062782 139062648
100610558 100610462
102441670 102441573
119531421 119531309
100305475 100305384
104883065 104882970
119531439 119531331
100076584 100076494
109765846 109765750
178125186 178125031
100305450 100305365
139062798 139062681
256250246 256250017
256250260 256250048
109765876 109765785
178125170 178125026
139062795 139062684
100305327 100305248
104882969 104882887
178125188 178125049
109765832 109765749
100152714 100152643
256250251 256250071
100152782 100152713
178125221 178125114
102441563 102441503
102441546 102441488
104882900 104882842
178125270 178125173
139062701 139062532
412500276 412500022
100076576 100076418
256250139 256250011
119531529 119531474
109765737 109765690
200 205
254 277
