96915230
41 1
50 2
47 2
80 4
54 1
80 6
90 7
89 7
45 4
93 10
67 10
69 11
69 12
32 6
86 17
85 20
59 14
95 23
82 21
42 11
75 20
41 11
69 19
65 18
71 24
73 27
97 37
49 19
86 36
97 41
79 34
91 41
100 46
15 7
65 31
45 23
38 20
70 39
51 35
64 44
82 58
70 50
90 67
28 21
91 70
18 14
93 75
99 83
93 80
91 6
83 72
93 81
80 71
41 37
32 29
26 24
58 55
25 24
84 81
66 64
64 63
81 80
3126098 3126004
3126099 3126005
3126089 3126005
3126089 3126007
3126090 3126009
3126097 3126018
3126099 3126020
3126091 3126015
3126091 3126021
59 51
3126090 3126028
3126100 3126046
82 91
3126097 3126035
3126090 3126033
3126089 3126037
3126088 3126042
3126098 3126053
3126091 3126052
3126093 3126054
3126089 3126051
3126098 3126060
3126098 3126066
3126088 3126058
3126089 3126061
3126090 3126063
3126099 3126082
3126094 3126082
3126090 3126083
3126098 3126095
3126093 3126091
3126095 3126094
36 36
3126093 3126095
82 85
16 79
69 71
50 53
62 66
29 31
43 46
41 44
25 28
43 49
67 81
45 55
76 94
77 97
72 94
73 97
65 89
34 47
28 39
54 77
62 90
62 91
53 78
25 37
60 89
51 76
54 83
62 98
50 85
22 41
38 72
50 97
32 66
45 93
18 40
27 64
33 81
38 96
11 31
11 31
12 35
23 76
25 98
3 14
5 25
17 93
2 12
9 68
11 99
6 76
2 29
3 73
1 90
1 94
1 100
