50008431
99 2
51 5
71 7
50 5
87 9
87 9
62 7
79 11
57 8
17 3
61 11
92 17
81 16
86 17
91 18
42 9
98 22
4 1
77 20
88 26
80 25
57 18
37 12
49 16
99 33
80 27
49 17
34 12
94 36
93 36
96 39
88 38
69 30
41 18
99 44
65 30
67 33
71 35
42 21
48 25
44 23
66 35
73 39
28 15
84 46
89 49
34 19
62 36
96 56
77 47
87 54
100 64
63 41
49 32
36 24
99 67
62 42
75 51
91 63
47 33
81 59
74 55
82 62
80 61
53 41
97 77
69 56
83 68
90 78
63 53
41 38
28 26
66 63
57 55
87 84
77 75
98 3
50000100 50000001
96 98
23 27
93 95
91 93
95 98
89 92
60 63
40 42
78 83
58 62
70 75
48 52
89 97
84 92
78 87
43 49
80 92
70 81
9 27
67 79
69 84
4 5
50 63
44 57
74 96
25 33
23 31
69 95
68 96
63 89
19 27
27 40
20 30
62 96
58 91
21 33
43 68
50 81
61 100
46 85
46 85
45 90
33 69
41 87
35 76
43 99
41 97
41 100
15 37
28 70
16 40
4 10
30 78
15 43
14 42
25 77
26 82
12 40
10 35
25 90
19 77
15 66
17 75
18 92
16 85
12 65
10 55
14 81
12 77
6 39
3 22
11 92
9 76
9 92
9 95
4 51
5 65
2 29
4 68
3 62
2 59
2 85
1 92
