9980552784
282 2
277 2
246 2
281 3
124 3
290 8
264 8
155 5
295 10
165 6
222 9
282 13
259 12
84 4
117 6
291 15
57 3
283 15
141 10
157 13
80 7
191 1
65 7
136 16
218 29
119 16
43 6
243 34
183 26
271 39
248 36
260 38
205 31
294 46
266 42
218 38
192 34
73 13
143 26
190 35
138 26
229 45
24 5
223 47
203 43
291 64
206 48
248 59
206 53
252 65
189 49
129 38
210 62
190 57
59 18
214 66
55 18
247 81
84 28
270 90
217 73
277 94
109 37
248 85
200 70
87 31
125 47
291 111
174 71
177 74
105 45
189 81
198 18
240 106
113 51
250 114
263 127
201 98
192 95
181 93
266 137
294 153
55 29
230 123
300 164
290 160
120 67
175 98
274 154
216 122
251 144
298 171
280 161
128 74
138 80
217 128
138 85
293 184
183 119
254 167
284 188
271 180
231 155
189 128
190 130
165 114
119 83
192 134
231 162
124 88
284 202
262 188
255 185
275 201
266 195
94 69
208 160
61 47
287 222
222 173
261 208
141 113
227 184
138 113
240 197
256 211
273 226
78 65
292 246
214 94
281 239
297 256
175 152
236 205
252 219
170 150
228 203
277 250
283 256
283 256
177 161
288 263
267 244
173 159
145 136
275 258
104 99
219 210
123 118
175 168
279 274
19531494 19531255
19531540 19531302
19531544 19531327
19531512 19531335
19531546 19531398
19531414 19531267
19531530 19531387
19531411 19531289
19531382 19531262
39062798 39062572
19531475 19531362
19531498 19531385
39062727 39062511
39062781 39062574
39062734 39062535
39062707 39062511
19531489 19531392
19531532 19531436
19531543 19531447
39062684 39062503
39062762 39062581
39062690 39062511
39062764 39062587
39062771 39062594
19531496 19531408
19531400 19531315
39062697 39062529
39062735 39062571
19531486 19531405
39062679 39062524
39062692 39062543
39062726 39062580
19531520 19531447
39062721 39062582
19531322 19531255
39062791 39062660
39062777 39062647
216 183
19531423 19531359
78125274 78125029
39062777 39062659
39062663 39062553
78125232 78125020
78125222 78125012
39062783 39062678
19531526 19531475
39062669 39062573
19531460 19531412
78125291 78125106
78125300 78125118
39062626 39062542
78125199 78125035
39062764 39062687
78125222 78125070
19531416 19531378
78125177 78125029
19531339 19531302
156250299 156250007
156250296 156250006
78125277 78125138
156250289 156250024
78125238 78125107
156250285 156250024
19531443 19531411
156250277 156250029
156250289 156250046
156250295 156250054
78125237 78125118
39062788 39062729
19531321 19531292
39062768 39062712
39062718 39062589
19531444 19531417
78125172 78125065
78125292 78125194
39062676 39062627
19531376 19531352
19531475 19531452
78125234 78125143
78125209 78125119
78125172 78125084
156250262 156250087
78125222 78125138
78125231 78125159
78125218 78125147
19531355 19531338
19531342 19531315
19531444 19531427
78125185 78125141
156250274 156250150
78125126 78125067
78125219 78125161
39062603 39062575
78125238 78125182
39062612 39062586
39062797 39062771
156250264 156250164
78125278 78125230
39062644 39062632
78125224 78125182
19531430 19531420
19531322 19531313
19531453 19531444
156250271 156250229
78125174 78125153
78125142 78125125
78125209 78125202
3 3
19531431 19531431
78125275 78125275
272 272
156250266 156250283
78125230 78125233
39062629 39062631
156250238 156250251
78125284 78125295
156250249 156250275
39062664 39062671
39062649 39062656
78125199 78125214
39062614 39062622
39062612 39062620
78125231 78125250
19531525 19531534
39062639 39062671
78125237 78125257
39062586 39062596
78125191 78125212
156250237 156250279
78125203 78125226
39062570 39062583
156250236 156250291
78125233 78125261
78125187 78125217
78125248 78125281
78125139 78125177
39062746 39062769
19531419 19531431
19531382 19531394
19531379 19531391
78125201 78125257
78125199 78125256
39062684 39062715
39062628 39062660
19531445 19531462
78125192 78125260
78125206 78125282
78125201 78125285
78125155 78125239
19531361 19531384
19531400 19531429
39062650 39062710
39062595 39062656
39062716 39062785
19531297 19531333
19531342 19531379
39062652 39062726
19531304 19531342
39062720 39062800
39062708 39062788
39062715 39062797
19531359 19531401
39062574 39062658
39062649 39062736
39062612 39062703
78125117 78125299
19531432 19531485
19531476 19531534
39062655 39062771
19531394 19531453
226 264
39062614 39062741
19531360 19531426
39062627 39062760
39062619 39062762
39062616 39062769
39062570 39062727
19531315 19531394
39062592 39062751
19531312 19531392
39062598 39062758
19531431 19531517
39062585 39062764
19531351 19531442
19531436 19531550
19531378 19531514
19531373 19531513
19531320 19531467
19531308 19531456
19531330 19531480
19531283 19531433
19531350 19531501
19531351 19531503
19531288 19531441
19531382 19531537
19531307 19531470
19531352 19531532
19531307 19531488
19531315 19531522
19531304 19531522
250 253
228 236
160 166
125 130
166 174
227 240
155 164
203 215
253 268
244 261
249 270
246 267
32 35
134 147
164 183
218 244
132 150
108 123
135 154
177 204
166 193
209 243
229 267
105 217
87 102
179 210
225 264
246 294
239 286
60 72
142 174
173 213
107 134
166 209
134 169
159 202
197 254
217 281
52 69
140 186
172 234
198 273
190 263
194 272
171 241
76 108
162 232
60 86
152 220
192 281
60 90
167 251
131 199
165 259
117 184
87 137
124 196
42 67
157 251
85 137
75 123
66 109
107 177
173 288
161 270
92 156
123 212
146 254
152 268
78 138
64 114
122 221
105 193
70 129
20 37
60 111
129 239
84 156
98 185
38 72
97 184
97 184
37 71
143 275
137 281
139 286
115 237
34 179
54 114
36 76
137 290
105 236
126 284
129 300
39 92
110 260
112 270
111 274
16 41
65 170
104 272
34 92
90 250
98 273
102 288
76 217
77 225
44 131
100 298
78 239
57 176
95 294
95 296
91 285
78 254
80 272
69 238
34 123
55 203
39 152
70 287
49 201
66 278
36 157
47 205
33 147
17 77
37 169
56 257
48 239
46 234
33 199
38 292
34 269
33 265
36 292
21 174
19 197
13 142
21 241
24 278
21 258
18 235
13 177
15 270
11 206
13 247
6 121
11 299
6 298
3 203
1 148
