9718506500
99 6
25 2
66 7
59 11
89 22
16 4
88 23
76 24
36 13
99 36
24 9
88 45
99 56
74 42
64 37
73 47
57 37
78 51
79 60
77 59
74 59
84 67
29 24
94 79
98 83
50 43
71 4
36 33
96 91
43 41
70 67
95 91
73 71
59 58
313500096 313500001
313500099 313500004
313500092 313500003
313500087 313500004
313500072 313500012
313500079 313500022
313500081 313500034
313500059 313500013
313500079 313500038
313500093 313500053
76 69
313500093 313500056
313500098 313500068
313500065 313500047
313500065 313500035
313500066 313500040
313500096 313500076
313500075 313500056
313500077 313500058
313500069 313500057
313500079 313500068
313500073 313500065
78 78
313500073 313500067
313500082 313500077
313500069 313500065
313500092 313500088
313500088 313500087
59 59
59 59
313500079 313500090
313500073 313500086
313500084 313500099
313500072 313500088
313500076 313500095
74 97
11 64
47 48
21 23
29 34
63 79
41 52
62 80
25 34
51 70
58 80
56 78
68 97
29 42
28 41
59 92
49 77
38 64
17 31
42 77
21 39
35 69
37 73
45 90
46 94
16 34
42 93
43 96
33 77
16 38
24 60
25 66
29 84
27 89
18 65
1 4
14 60
23 99
22 98
6 40
9 78
9 89
