100046515
239 159
266 192
273 64
297 100
73 27
167 19
242 164
265 51
211 53
138 94
279 194
292 234
279 53
207 21
153 105
289 230
68 9
29 9
180 144
129 105
177 79
91 9
69 7
178 12
216 164
200 20
220 153
253 117
148 82
252 36
226 60
280 232
175 46
172 37
176 129
58 36
27 6
205 166
263 94
108 50
287 213
126 91
212 5
214 115
183 133
287 116
88 71
215 108
279 61
136 66
298 125
114 33
287 81
128 47
270 23
260 215
279 84
181 110
94 18
183 100
284 114
190 151
252 86
177 127
218 174
45 15
104 21
175 146
88 72
224 108
145 23
183 4
286 242
263 165
232 36
239 86
230 52
183 143
221 76
295 87
266 72
295 184
200 111
60 7
299 188
217 3
246 119
214 158
171 58
234 139
293 73
160 126
208 138
275 101
164 12
120 8
259 105
116 9
237 141
238 79
115 95
192 119
249 50
297 87
260 201
96 39
236 87
299 100
154 24
248 197
87 72
285 30
193 155
182 47
281 94
142 64
290 127
260 206
134 73
170 66
120 60
285 205
137 28
299 21
123 10
150 92
67 33
150 100
181 23
228 30
134 30
261 91
84 17
298 181
235 161
257 161
236 133
282 114
207 150
118 19
233 20
158 10
125 19
192 79
236 16
285 177
133 95
173 63
299 159
221 175
289 211
258 26
293 42
287 60
237 67
271 52
207 57
127 85
183 98
106 53
56 22
76 28
160 46
881445 881290
881468 881377
106357 106117
280 254
95 81
103296 103109
112456 112257
103326 103109
300 261
101788 101606
101806 101533
103348 103143
112503 112277
112476 112252
103289 103087
101759 101544
271 242
101750 101574
101792 101638
112413 112222
101789 101604
103346 103141
112471 112298
300 283
135 124
263 239
100959 100783
269 257
246 224
112493 112279
100982 100795
101057 100868
101060 100828
222 188
112483 112251
100977 100820
103213 103058
289 272
273 251
219 199
215 195
175 157
139 128
124659 124415
202 182
124622 124427
96 82
295473 295430
1662740 1662572
881453 881306
295515 295471
3225268 3225018
3225229 3225023
100917 100862
101017 100912
106301 106153
103214 103086
106194 106147
197896 197779
103157 103060
197802 197738
124647 124484
124564 124428
197818 197714
106315 106259
103281 103189
197953 197875
197930 197662
106274 106212
106253 106178
197870 197756
112384 112266
124623 124483
112453 112397
197803 197699
124567 124442
103334 103199
124692 124622
197842 197767
197902 197686
103175 103061
103248 103119
124580 124517
197833 197732
106384 106247
197935 197741
106183 106145
197944 197730
103283 103137
112417 112336
103252 103165
103175 103101
124690 124617
101585 101531
103217 103102
106284 106127
197814 197688
197826 197711
112289 112230
197918 197680
101653 101611
106281 106166
124584 124460
101676 101617
124643 124532
112437 112379
295583 295372
106391 106335
295559 295448
106359 106244
112414 112261
101775 101649
106311 106250
124654 124569
295409 295313
106315 106235
295515 295343
101757 101674
101718 101657
197945 197753
112444 112289
295609 295492
112492 112343
124587 124539
112404 112249
112488 112410
103290 103152
101809 101741
106351 106230
124539 124446
106266 106164
101578 101541
295550 295369
148939 148836
101717 101582
112333 112217
106201 106139
103241 103175
295599 295496
149091 148917
149037 148941
149026 148917
149012 148939
100901 100830
295582 295332
149025 148882
149112 148945
106275 106132
490917 490714
112418 112298
112329 112265
106196 106150
112315 112225
490820 490648
101020 100872
149109 148955
112395 112353
106337 106250
101048 100905
103315 103274
149060 148987
148991 148885
112399 112342
490858 490659
103147 103077
112397 112281
112483 112381
103098 103063
112293 112242
149079 149009
100948 100849
100827 100777
100957 100905
490894 490676
100983 100884
101030 100941
112449 112330
490912 490720
112443 112366
490886 490636
490798 490630
101016 100984
490799 490646
100962 100932
106301 106272
124609 124576
124652 124618
103279 103251
124664 124628
106228 106197
112257 112225
101680 101657
295449 295365
295432 295342
490869 490760
148947 148909
101651 101623
295495 295416
490873 490721
101044 101021
149073 149030
149062 149021
148880 148833
149020 148977
881543 881266
112303 112274
490913 490789
148927 148881
490862 490751
1662742 1662506
3225300 3225007
295529 295481
490788 490681
490735 490629
490858 490804
490830 490725
490699 490644
1662724 1662571
1662712 1662515
295388 295357
490859 490804
197858 197817
295521 295459
881430 881335
295484 295445
881526 881444
490910 490845
197755 197727
490817 490723
197764 197726
295544 295497
1662759 1662520
1662797 1662538
490801 490734
490707 490630
881505 881408
881431 881276
7 4
19 16
159 151
235 226
181 175
256 253
112291 112270
101750 101731
124516 124496
100991 100975
149083 149060
103083 103069
124438 124422
103208 103195
101681 101669
149077 149060
197802 197782
148990 148975
124594 124583
881483 881408
1662676 1662539
1662712 1662575
197819 197803
112420 112411
1662666 1662534
101656 101648
197697 197682
106398 106390
881526 881464
149070 149060
197671 197658
1662695 1662588
295404 295385
3225216 3225029
106344 106338
881464 881415
1662645 1662554
3225195 3225021
3225231 3225058
1662673 1662584
881459 881415
881420 881379
3225182 3225033
264 166
3225156 3225012
3225166 3225031
100845 100841
100853 100849
103249 103245
100958 100956
41 41
