50035931
163 4
169 8
154 8
176 11
48 3
191 12
261 18
122 9
220 19
250 22
161 15
296 28
165 17
175 19
244 27
298 33
260 32
167 21
275 36
209 29
244 35
188 27
220 32
268 41
292 45
215 37
76 14
234 44
65 14
127 31
204 51
256 64
192 48
257 65
288 74
300 78
106 28
275 74
86 25
195 61
110 35
285 91
269 86
179 58
243 82
294 115
261 105
119 48
164 67
260 112
102 44
212 95
127 58
285 131
267 126
237 112
212 101
115 56
238 119
162 82
57 29
282 145
145 75
157 83
253 135
208 112
284 155
243 134
292 162
238 133
94 53
266 152
292 168
135 79
22 13
190 116
44 27
91 57
255 163
237 153
46 30
276 180
186 124
278 187
153 104
257 175
298 214
73 53
122 89
114 85
144 111
49 38
268 208
192 153
175 140
157 126
137 111
159 130
220 180
234 192
263 223
286 249
260 228
285 257
194 182
267 251
147 140
189 181
192 184
178 172
162 157
276 272
135 2
50000299 50000254
250 274
164 283
230 233
87 89
206 212
222 229
107 113
82 87
225 239
115 124
196 213
242 263
161 175
67 73
233 254
180 198
154 170
241 269
56 63
132 150
227 259
216 247
193 221
129 150
207 241
212 247
121 141
190 223
127 151
201 239
192 229
195 236
147 178
191 232
129 157
207 252
92 112
178 218
211 260
109 135
115 143
154 192
171 214
145 186
106 136
186 239
164 212
139 180
206 270
150 200
168 225
165 227
201 278
91 126
148 212
92 133
113 168
31 47
129 198
155 238
184 289
142 226
183 295
78 151
153 300
142 280
138 280
132 281
90 192
88 190
72 156
131 285
55 120
49 115
119 283
23 56
44 113
40 105
67 195
79 238
88 267
43 132
11 34
28 87
32 100
94 296
70 227
82 274
26 93
69 248
78 287
79 291
51 190
53 211
70 283
57 234
27 119
61 273
47 214
55 258
26 135
55 297
36 199
35 198
35 201
6 35
30 178
27 165
45 284
3 19
31 266
31 270
22 247
5 68
9 130
10 168
6 116
9 200
9 249
8 228
1 29
9 298
3 168
3 205
2 168
2 177
1 222
