1017861
261 21
231 104
289 145
287 77
182 55
242 43
276 153
256 55
182 34
198 7
146 25
232 77
286 33
205 96
160 30
260 62
180 33
246 104
281 54
214 90
252 52
187 74
193 12
253 136
261 74
299 121
256 91
297 7
250 70
263 16
290 156
203 73
230 6
275 27
247 67
291 103
209 15
251 101
240 16
291 74
213 47
278 4
251 18
169 56
228 85
195 68
276 52
260 107
260 41
156 16
178 15
285 121
192 57
211 72
281 42
227 83
156 43
170 34
258 2
274 145
195 5
297 56
167 45
174 59
289 157
90 2
74 5
116 12
51 7
106 23
104 24
104 27
93 31
171 63
99 37
83 35
195 88
181 84
181 85
116 55
42 20
114 55
108 54
128 65
205 105
212 111
180 95
192 103
235 132
220 127
247 148
259 156
200 122
234 145
79 50
179 116
63 41
274 180
181 121
224 152
290 206
247 176
223 160
138 100
279 203
121 89
170 126
293 218
187 142
204 158
190 148
179 140
295 231
213 167
226 178
264 209
261 207
213 169
238 191
284 229
171 142
89 74
214 179
177 149
299 252
193 163
292 249
265 228
297 256
281 245
236 211
171 153
145 130
252 226
183 166
289 263
248 87
179 164
233 216
294 274
286 269
201 193
187 181
205 200
252 246
189 185
149 148
219 218
276 275
290 289
108103 107822
100761 100506
101275 101037
102205 101967
104144 103924
104123 103909
242 221
100527 100310
131534 131301
276 280
131530 131293
264 264
226 227
255 260
234 242
253 263
