986769
103 1
147 4
61 5
199 19
91 10
141 20
179 29
72 12
98 17
99 19
89 18
178 42
135 35
176 51
195 63
118 39
162 54
97 33
150 52
134 47
145 54
178 67
83 32
137 54
140 60
149 65
148 65
177 78
62 28
140 64
93 43
114 54
168 88
86 46
133 75
114 65
197 115
111 65
46 27
151 90
177 106
179 109
129 84
52 34
41 27
171 115
131 90
56 39
111 79
94 67
178 128
190 139
154 113
83 61
101 78
85 69
188 3
194 159
124 113
171 160
31455 31281
31434 31263
31447 31278
31436 31279
31451 31297
31441 31290
31460 31310
31446 31305
31449 31309
31447 31323
153 125
31459 31386
171 192
31444 31332
31448 31337
31446 31339
31450 31354
31437 31353
31457 31378
31436 31365
31434 31365
31440 31375
31450 31392
31449 31394
31446 31396
31450 31402
31447 31418
31436 31412
31449 31431
31447 31437
31436 31429
31455 31449
31459 31453
171 189
148 153
149 155
138 145
125 132
86 91
136 146
76 88
12 14
111 133
150 181
154 190
68 84
142 178
138 176
98 136
119 183
119 190
122 200
67 111
27 45
116 200
42 74
105 187
94 170
53 96
98 184
72 160
56 125
25 56
55 128
85 200
75 178
40 97
42 106
70 178
34 88
49 127
74 197
47 174
19 76
15 63
9 50
18 103
13 92
23 166
24 175
10 77
21 169
13 111
15 136
13 157
6 83
4 66
3 72
2 85
2 194
1 170
