1034343
8069 7865
8049 7819
250 14
216 126
245 6
287 89
262 101
75 9
102 64
217 54
222 30
245 33
169 33
300 220
225 100
192 63
188 76
137 40
256 119
212 81
229 44
124 16
8082 7866
243 191
211 109
192 85
100 22
179 163
83 8
289 198
202 65
223 116
129 32
85 44
120 95
78 59
266 119
8041 7863
109 1
139 84
144 24
174 156
295 203
280 51
274 132
274 258
142 87
248 198
223 53
156 42
174 146
137 95
257 151
287 121
200 28
290 40
225 125
294 87
207 171
8105 7910
216 23
236 16
156 40
8075 7851
95 76
124 99
65 2
278 174
109 59
124 83
150 60
252 232
169 46
224 135
288 107
233 91
158 25
267 198
216 107
179 88
144 119
255 160
257 22
169 65
233 67
89 61
287 90
86 35
164 20
91 72
232 86
131 51
298 141
253 54
247 89
185 74
71 14
88 7
134 81
116 80
261 175
83 56
271 54
4159 4015
276 41
208 108
139 114
4171 4038
254 169
275 22
281 154
190 66
163 43
232 122
143 34
252 43
174 20
299 1
264 167
268 234
212 177
238 49
278 85
298 64
246 163
190 106
79 46
247 75
279 140
211 118
276 88
228 171
240 70
284 241
295 279
229 72
246 150
235 63
218 118
259 231
225 178
228 206
173 42
50 35
34 16
290 150
197 82
4184 4038
287 257
236 167
127 70
144 19
4183 4034
188 77
58 36
226 4
279 125
83 65
250 12
240 226
118 65
4183 4024
161 40
299 211
233 17
253 8
95 4
235 122
162 28
210 109
247 17
211 75
267 29
135 123
282 117
215 40
286 262
193 175
4066 3980
262 37
277 233
142 92
228 93
195 64
298 100
193 75
285 168
289 157
293 125
100 41
87 65
241 68
299 207
233 155
256 100
250 222
163 61
153 97
145 68
2108 2035
2201 2131
2143 1968
2024 1964
2112 2009
2224 2073
2220 2054
2223 1980
2208 2106
2233 1978
2241 2182
2240 2157
2215 1972
2224 2087
2173 2078
2251 1993
2216 2085
2062 2018
2248 1958
4080 3939
4040 3941
4125 3979
4114 4024
4147 3983
4189 4005
4186 3950
4183 4073
4067 3940
8033 7966
31454 31271
15878 15701
15885 15702
4076 4025
31435 31271
15821 15737
31485 31312
15813 15725
15885 15800
7991 7855
8025 7868
8073 7925
2226 2180
2115 2073
8070 7910
4186 4109
4028 3959
7957 7820
4090 4021
4162 4089
4157 4084
31543 31381
4065 3997
15906 15643
7966 7847
2223 2190
2237 2203
8030 7906
15886 15681
4009 3951
7941 7826
15876 15669
15859 15761
15890 15737
7928 7832
15814 15681
15913 15749
4121 4078
7925 7848
7936 7879
15831 15727
31547 31252
31510 31307
8000 7930
7955 7879
15885 15786
15920 15736
8084 8008
31532 31350
8107 8052
7916 7833
15785 15660
2094 2068
15900 15695
15779 15670
7918 7853
13 6
69 61
28 25
43 40
145 136
174 164
225 215
233 225
229 223
223 218
95 93
1991 1969
278 275
4053 4022
2231 2214
4045 4020
3999 3976
2029 2018
8091 8053
7875 7840
31410 31276
31425 31293
173 71
15811 15728
31389 31260
46 49
2 5
