1004931
81 43
69 52
97 12
67 17
39 20
67 24
59 34
91 40
4998 4929
4983 4914
31 14
4998 4947
44 12
89 47
4999 4956
68 43
4963 4909
70 17
4977 4930
31 10
89 27
68 46
4994 4936
67 33
4972 4923
69 12
3049 3024
3018 2967
95 66
67 46
54 26
3048 2980
3002 2957
61 9
3041 2990
87 62
3052 3028
27 10
3037 2991
93 16
3046 2989
60 25
3043 2971
80 49
3022 2964
65 8
3019 2978
3035 3006
49 1
3045 2998
3040 3002
3020 2957
52 25
2985 2957
3037 2963
16681 16632
16709 16647
16686 16631
8866 8825
8885 8843
8879 8816
8883 8835
32344 32255
8859 8830
8898 8864
8892 8844
8866 8824
8909 8854
4970 4932
16690 16647
4993 4970
4966 4932
3029 3009
3043 3022
3052 3031
16716 16644
16710 16638
16722 16638
16705 16657
16705 16650
16720 16666
16722 16673
16721 16644
16704 16645
50 36
40 30
76 60
62 51
24 20
96 84
49 43
95 85
38 34
56 51
100 94
72 68
95 90
77 73
82 78
50 49
62 61
3019 3002
2971 2956
4942 4921
4955 4934
5002 4982
3007 2995
4952 4934
3008 2998
3030 3020
4998 4984
4977 4964
8859 8839
8836 8818
4932 4922
4976 4966
4977 4967
2989 2983
4983 4973
16711 16678
16722 16690
16675 16644
4947 4938
16690 16660
16706 16676
32347 32305
93 14
32347 32303
32328 32284
32320 32276
32317 32268
32319 32271
16680 16656
16719 16696
4929 4921
4955 4947
4986 4978
8857 8846
16687 16667
4917 4909
63574 63503
16650 16632
8849 8840
8896 8887
8845 8837
93 95
3041 3040
72 72
54 54
72 73
62 65
