1010423
90 45
55 44
55 37
97 72
575 489
572 503
59 22
44 37
73 62
571 506
47 13
586 508
570 498
57 14
322 271
82 12
85 7
310 247
335 300
65 7
295 252
93 64
323 273
302 259
64 38
46 24
319 270
44 11
332 279
79 32
99 1
43 13
64 57
54 3
94 11
200 152
82 45
211 186
207 169
27 21
98 76
220 132
73 57
190 150
218 164
220 173
70 60
22 4
71 11
68 60
211 175
79 49
161 142
203 130
187 145
69 38
195 136
212 145
89 13
207 144
170 139
193 161
210 150
77 61
163 124
218 182
21 5
204 181
200 124
164 128
74 42
219 149
78 53
98 81
76 51
83 13
70 59
77 55
69 36
66 5
73 25
199 127
97 61
44 23
79 11
60 53
71 31
97 59
66 49
94 50
98 40
86 29
27 21
32 2
66 17
44 20
69 24
63 51
25 6
89 74
91 18
32 11
65 25
99 73
27 8
83 55
68 27
92 80
84 21
81 55
90 64
336 312
151 139
312 297
206 194
2033 1956
2002 1959
3980 3923
3984 3914
2052 2005
3980 3907
3997 3923
4001 3918
2043 1962
3997 3929
2038 1982
2028 1968
2002 1957
2049 2011
3990 3923
2048 2016
2051 1962
2036 1954
3986 3927
2052 1998
2053 1964
2015 1954
266 251
1999 1957
1071 1021
1017 997
1075 1042
1033 1013
1069 1021
1047 1017
1049 985
1069 994
1070 999
1009 994
1076 999
1067 993
1059 1044
1027 979
1059 998
1058 999
1071 1044
1024 1001
1049 983
1026 998
527 508
562 528
565 516
569 517
542 529
567 537
535 519
291 278
330 313
572 530
571 545
518 496
588 558
515 503
536 526
568 546
529 496
291 280
332 302
303 284
201 183
344 318
5 3
48 43
21 19
68 62
97 92
150 148
532 525
3962 3910
3970 3919
3974 3923
4002 3951
3957 3908
2003 1979
3981 3935
2038 2015
187 185
577 571
499 494
1998 1978
2004 1984
2028 2008
2043 2023
1984 1965
7909 7835
3996 3959
7889 7816
7891 7819
2008 1990
3955 3921
7889 7825
3975 3948
1052 1045
3962 3936
2007 1994
7899 7849
7910 7861
2003 1991
3967 3944
1042 1036
7863 7818
15713 15627
7893 7850
15711 15628
7884 7844
7891 7853
15704 15631
3958 3940
15699 15634
15724 15659
7897 7865
15693 15630
7872 7844
1971 1964
7894 7866
15701 15648
3928 3915
303 302
1036 1033
1046 1043
15711 15668
7886 7865
15683 15642
7862 7842
31350 31273
2043 2038
15725 15687
7897 7878
31337 31269
7835 7818
31349 31281
7897 7881
31314 31251
2011 2007
2038 2034
31317 31260
31322 31266
7855 7841
566 565
31308 31253
15679 15652
15692 15666
31314 31264
31341 31291
31327 31279
15715 15691
15720 15696
3989 3983
31332 31285
205 183
31336 31290
31345 31299
31299 31255
536 536
44 46
