9687513484
115 2
23 1
177 10
198 13
133 18
141 4
137 22
126 22
189 33
192 36
181 34
124 25
183 37
181 46
191 49
145 41
39 12
122 39
151 51
146 52
187 72
167 67
139 57
153 67
107 49
189 89
149 73
188 98
69 38
190 109
83 49
98 62
191 138
198 156
114 90
132 108
174 144
130 110
100 14
312500194 312500012
312500152 312500002
312500146 312500002
312500158 312500023
312500155 312500024
312500198 312500073
312500139 312500019
312500147 312500031
312500199 312500088
312500143 312500040
312500153 312500051
312500130 312500038
312500166 312500074
312500177 312500086
312500161 312500076
170 144
312500195 312500123
312500198 312500134
312500151 312500095
312500148 312500099
312500191 312500145
312500187 312500143
312500160 312500120
312500156 312500117
312500159 312500125
312500138 312500108
312500141 312500114
312500174 312500156
312500167 312500164
164 176
312500164 312500186
312500163 312500199
312500137 312500195
82 84
95 99
86 99
98 114
115 137
150 183
56 69
33 41
146 182
130 166
146 199
71 108
101 169
96 162
103 181
69 122
78 146
82 176
18 44
45 110
53 130
57 153
42 120
67 199
56 167
56 171
30 94
31 103
37 125
54 189
32 142
7 32
41 199
32 162
20 147
20 157
9 167
3 101
4 192
