97220018
150 2
114 2
69 2
132 4
199 7
164 6
167 8
149 13
11 1
136 14
155 17
152 17
186 21
129 15
189 22
150 18
198 25
185 24
151 21
104 15
138 23
148 25
109 19
155 28
143 26
193 36
169 32
109 21
174 38
95 21
175 39
173 39
164 37
124 28
48 11
106 25
125 30
120 29
156 38
104 27
182 48
75 20
86 23
48 13
169 46
171 47
199 59
160 48
183 56
166 51
146 45
180 56
154 48
157 49
80 25
55 18
180 63
151 53
194 71
171 64
183 70
86 36
148 62
200 89
123 55
136 62
111 51
190 88
121 58
33 16
116 57
178 88
129 64
88 44
97 49
74 38
97 50
195 101
72 38
63 34
89 49
146 82
78 44
185 1
161 94
70 41
191 112
93 56
167 101
200 122
141 87
106 66
134 86
182 117
171 110
115 74
79 51
66 43
148 97
96 63
185 122
189 125
168 114
113 77
59 41
69 48
132 92
179 125
105 74
60 43
109 80
106 79
121 93
191 149
91 71
121 95
177 139
115 93
98 80
68 57
136 114
162 136
175 147
199 169
161 137
167 143
142 123
165 146
187 167
178 159
189 169
65 59
196 178
113 103
48 44
87 80
186 173
165 155
134 126
107 101
139 132
121 115
74 71
186 181
189 185
3135167 3135002
190 110
3135189 3135028
3135191 3135032
3135165 3135016
3135192 3135054
3135182 3135056
3135178 3135054
3135182 3135061
3135190 3135072
3135168 3135057
3135161 3135052
3135199 3135090
3135197 3135095
3135173 3135075
3135158 3135063
3135179 3135015
3135167 3135073
3135174 3135081
3135170 3135078
3135200 3135128
186 191
3135170 3135094
3135191 3135131
3135168 3135109
3135180 3135127
3135195 3135142
3135192 3135150
3135159 3135122
3135185 3135174
3135172 3135184
3135159 3135176
3135171 3135197
91 113
137 138
90 91
108 110
181 185
37 38
148 154
23 24
169 184
33 36
95 104
160 177
113 126
152 172
96 109
62 71
46 53
107 124
92 107
124 150
37 45
121 148
118 146
149 185
47 114
4 5
123 154
97 122
64 81
117 149
25 32
138 179
90 117
148 194
94 124
97 128
123 166
61 83
127 175
67 93
136 189
86 120
122 178
57 85
60 90
98 148
127 192
115 175
92 141
102 157
76 117
110 170
128 198
26 41
65 103
123 195
59 94
98 157
29 47
24 39
55 90
95 159
88 148
88 148
95 160
23 39
60 104
66 116
104 184
97 174
56 101
103 188
55 102
64 122
86 164
73 140
34 66
91 178
61 120
48 95
100 200
71 145
13 27
81 169
67 142
66 145
61 141
37 87
53 128
79 194
50 123
65 160
78 194
66 171
12 35
40 118
52 156
23 69
66 200
17 52
64 198
47 147
5 16
39 125
34 109
47 155
44 151
38 132
49 177
52 192
38 143
39 147
45 173
29 113
33 130
17 67
32 127
39 155
43 174
39 174
30 136
38 180
20 101
39 197
14 75
29 157
29 168
30 183
4 26
9 63
9 67
20 158
1 8
23 189
19 158
7 60
18 167
11 122
11 135
12 158
14 194
4 58
12 177
4 59
10 155
4 75
3 59
8 178
6 182
4 134
5 184
3 168
2 197
