1014667
2241 2131
2231 2089
33 11
174 152
56 14
86 45
107 20
37 16
169 157
181 19
95 22
134 38
92 31
156 109
146 6
163 80
107 11
68 3
198 53
185 171
158 125
34 15
183 137
121 47
114 28
89 68
103 58
40 5
107 90
184 120
187 5
120 89
70 14
186 119
103 2
174 144
169 124
2206 2130
125 66
119 23
153 25
89 7
143 84
2229 2114
99 20
90 20
172 136
42 22
186 137
126 72
75 32
200 93
174 99
151 82
190 147
178 71
148 71
2240 2129
177 33
117 24
183 129
199 85
38 14
92 78
187 99
115 97
161 55
76 5
321 240
367 249
306 249
404 387
294 258
330 227
394 252
412 389
419 345
339 245
297 224
365 316
343 257
357 244
371 245
362 316
277 256
322 309
263 249
274 229
399 367
532 443
514 446
494 420
413 395
538 391
487 345
392 378
456 394
527 483
527 442
544 468
480 409
757 648
701 613
693 593
767 668
678 654
719 596
708 633
723 600
681 645
693 629
782 661
774 698
1265 1109
1220 1096
1251 1124
1264 1133
1172 1107
1153 1088
1191 1102
1161 1117
2205 2094
2217 2094
2220 2111
31546 31393
8079 8043
4069 4037
15917 15745
8040 7938
1163 1141
1233 1217
8103 8012
1276 1242
2173 2136
2150 2105
708 690
2133 2095
786 771
2248 2197
2194 2135
8091 7981
2220 2161
2213 2159
2152 2115
8029 7934
4093 4034
8106 7973
4111 4029
4190 4116
4180 4065
4153 4097
4193 4106
4201 4067
15882 15797
4097 4065
15845 15750
7977 7933
15925 15793
15881 15804
15923 15783
2184 2166
15854 15748
15913 15776
15817 15728
15917 15808
15906 15793
2166 2146
7984 7913
7977 7941
8004 7921
15836 15760
8054 8009
15911 15768
8075 8034
8061 8023
15884 15815
4080 4055
15923 15811
26 16
30 21
58 49
180 174
113 110
189 184
345 336
356 347
478 470
625 617
1101 1089
664 657
1198 1187
2231 2216
2234 2222
4030 4011
4038 4021
31483 31355
7947 7915
31502 31389
2123 2116
15820 15768
15880 15828
15898 15848
31473 31375
4103 4091
62798 62621
31529 31443
15890 15848
1145 1142
7958 7938
4084 4074
31499 31422
62788 62637
31443 31369
7996 7980
25 19
62765 62607
8015 7996
8097 8084
4127 4121
161 165
