50013404
95 65
89 1
41 1
54 2
99 5
90 5
52 3
81 6
66 6
69 7
96 10
77 9
36 5
88 13
80 13
44 8
76 14
90 17
57 11
41 8
91 18
85 58
95 62
96 22
60 14
66 16
48 12
56 14
84 22
49 14
92 60
82 53
63 19
83 51
92 55
57 18
40 13
58 19
84 50
69 23
49 17
93 53
100 37
90 34
62 24
85 34
81 46
91 39
91 39
81 36
76 34
90 51
70 34
100 56
80 40
90 45
83 42
94 48
97 50
92 48
96 51
83 45
85 47
99 71
95 66
98 71
24 5
24 5
14 4
30 9
35 11
38 12
6 2
34 12
24 10
48 23
39 19
53 29
49 27
42 26
70 44
62 39
46 29
30 19
22 14
80 54
74 51
48 34
61 44
87 63
30 22
30 22
70 52
73 56
86 67
80 63
67 53
88 70
74 59
16 13
89 74
6 5
66 55
84 71
20 17
55 47
63 54
42 36
50 43
76 66
100 87
33 29
48 1
68 60
64 57
59 54
67 63
87 85
92 90
84 83
59 52
50001099 50001006
96 99
50 50
63 63
12 12
26 49
26 27
91 95
88 92
87 91
43 46
69 75
76 83
26 29
85 95
66 74
86 97
82 93
14 16
83 95
45 53
42 50
83 99
55 67
71 87
62 77
57 71
48 60
70 88
68 86
66 84
52 67
10 13
25 33
50 67
35 47
36 49
69 95
66 94
51 73
36 52
65 94
45 67
25 38
62 95
53 83
48 76
44 70
45 72
41 66
60 100
57 97
42 73
20 35
44 79
47 86
49 96
30 59
34 67
45 90
11 22
48 98
39 80
37 77
31 66
23 49
45 97
16 35
41 92
39 92
42 100
40 97
23 57
36 91
32 81
37 99
32 88
23 65
34 97
22 63
26 77
30 98
14 51
19 71
10 38
17 65
18 70
23 90
13 52
18 75
6 25
21 91
14 61
11 50
13 60
13 62
16 82
15 82
16 89
5 28
7 42
9 54
15 95
10 66
12 80
6 41
2 16
12 98
8 69
6 54
2 20
8 80
4 49
5 63
3 39
3 41
6 85
6 100
1 48
1 74
