50054598
293 99
278 92
283 92
227 8
208 8
277 84
256 11
226 11
277 15
231 14
249 16
291 75
269 21
283 64
227 18
297 27
294 27
278 61
250 25
292 30
238 52
269 31
224 26
244 30
279 54
237 44
266 34
259 34
272 38
298 49
220 34
294 43
279 43
112 1
92 2
100 4
71 5
166 13
110 11
166 18
211 26
284 2
154 22
125 18
188 30
37 6
92 15
156 27
154 29
195 42
202 45
108 28
128 35
151 42
183 54
163 49
251 76
99 30
149 47
149 47
170 55
190 62
113 37
205 69
243 82
92 33
243 89
106 39
247 94
257 98
246 95
81 33
217 89
153 63
103 43
105 44
294 125
166 71
283 122
283 127
266 122
292 135
93 44
99 47
149 71
254 124
133 65
243 120
297 147
180 90
257 129
221 112
113 59
68 36
259 138
229 123
252 136
223 122
284 156
246 136
110 61
218 121
193 108
75 42
111 63
174 99
289 165
215 125
41 24
191 114
159 98
281 176
140 88
235 149
279 181
194 128
232 155
272 182
207 140
245 166
236 160
262 180
228 157
209 144
293 202
266 184
246 171
167 117
127 89
115 81
141 102
255 185
282 208
249 184
258 191
89 66
121 90
236 177
284 214
45 34
215 164
266 203
186 142
98 75
185 146
240 192
230 186
230 186
122 99
82 67
289 239
114 95
214 181
217 184
206 176
55 47
104 90
288 250
214 190
169 151
238 213
159 143
206 187
196 178
123 112
111 102
239 226
161 154
208 199
287 277
248 242
145 140
248 246
262 260
205 26
50001299 50001132
289 295
249 249
113 167
233 236
247 251
152 155
232 239
259 267
232 243
58 61
231 243
74 78
123 130
209 225
234 255
206 228
103 114
229 254
218 245
236 266
221 252
126 144
177 206
128 149
208 245
89 105
230 274
137 164
196 235
48 58
129 157
187 229
101 124
161 199
206 255
236 296
179 227
140 178
44 56
185 236
219 280
227 292
167 222
157 211
123 166
215 291
165 227
61 84
92 127
124 173
39 55
180 255
171 243
137 196
125 179
146 212
84 283
94 140
135 202
138 207
104 157
60 91
194 300
125 194
74 116
162 256
34 54
131 209
141 225
104 166
172 279
77 126
91 150
111 184
178 298
91 154
119 203
139 242
117 206
119 210
120 212
50 89
51 91
151 271
150 271
101 184
160 294
151 278
119 223
120 235
38 75
78 154
101 203
140 284
66 134
117 253
135 295
132 289
87 193
43 96
93 211
105 241
122 284
38 92
113 276
116 287
119 295
106 267
68 172
113 286
64 164
63 170
90 246
77 219
100 286
33 98
70 215
73 236
34 110
83 274
64 212
59 202
81 282
81 285
74 286
19 74
56 221
28 113
73 299
52 213
68 286
48 204
66 281
60 262
46 209
53 246
57 266
64 299
49 240
30 148
17 86
15 80
14 76
13 72
51 298
50 294
42 252
38 233
21 129
44 277
44 278
41 264
36 232
15 106
17 126
22 165
13 103
37 294
19 155
32 269
16 140
2 18
24 238
21 243
15 175
16 194
13 160
15 186
20 251
12 153
9 118
17 265
4 63
15 237
10 172
14 267
7 149
12 260
3 81
4 277
2 217
1 121
2 295
2 299
1 213
