100010343
77 1
142 2
120 7
139 20
103 29
194 65
185 65
102 36
187 69
199 78
135 55
191 83
93 41
56 26
161 80
162 88
174 96
36 20
175 98
58 33
114 66
84 49
93 55
173 103
195 123
95 61
27 19
163 117
187 137
171 131
200 161
62 50
157 130
194 168
95 85
89 83
140 133
194 188
13401 13229
83 82
13405 13285
13387 13268
25606 25443
13406 13345
13337 13285
25583 25491
13359 13312
13309 13264
25585 25502
13283 13242
13301 13260
25585 25510
25558 25498
49987 49874
13295 13265
49935 49829
49965 49863
25466 25415
50019 49930
98828 98661
98842 98695
49998 49927
98837 98701
98803 98680
98834 98717
49907 49851
50020 49964
3126162 3126007
13357 13232
13360 13346
98812 98715
25612 25587
98842 98749
3126159 3126001
98774 98695
98770 98694
196462 196320
49895 49861
49897 49865
1563664 1563583
196502 196386
196420 196319
782339 782288
391808 391625
98849 98803
98708 98665
98724 98681
98777 98735
98711 98673
49934 49916
98792 98757
196509 196451
196487 196436
98790 98770
782417 782269
196506 196469
391701 391628
391701 391628
391816 391748
196422 196388
391704 391642
782405 782291
782416 782313
196432 196410
782364 782277
782444 782360
1563655 1563542
782358 782283
1563637 1563521
782349 782279
391777 391742
1563675 1563542
1563673 1563542
1563636 1563513
782346 782286
1563560 1563509
6251114 6251016
6251170 6251086
6251198 6251090
3126127 3126070
6251156 6251037
6251170 6251035
1563635 1563586
1563610 1563533
782313 782277
782432 782396
391675 391657
3126132 3126010
3126147 3126027
3126126 3126009
782428 782399
3126184 3126074
3126198 3126093
3126185 3126082
13392 13381
13347 13339
25494 25482
49854 49849
98741 98732
25477 25475
196339 196326
98685 98682
782315 782294
391770 391760
782425 782407
1563616 1563590
49964 49911
6251122 6251058
49856 49856
135 135
13369 13370
13222 13230
64 65
