100017053
183 2
168 35
196 4
82 3
70 3
108 11
89 11
28 4
190 39
104 23
199 45
71 17
29 7
151 37
52 13
151 38
61 18
147 44
68 21
107 36
137 52
137 55
124 50
179 74
48 21
145 64
198 91
130 62
131 65
185 92
186 106
137 80
140 87
176 112
54 35
102 71
181 128
92 67
151 110
180 132
134 102
65 50
187 144
94 77
126 105
106 91
141 122
113 99
78 69
198 178
166 150
168 155
185 172
190 177
181 169
189 179
205504 205314
205507 205328
205508 205355
205498 205354
205472 205332
205489 205356
205510 205381
205457 205329
205506 205381
205478 205355
205460 205343
205460 205350
205499 205392
205499 205393
205433 205331
205475 205379
205467 205374
400806 400632
205441 205352
400812 400642
400797 400631
400823 400657
400798 400633
205406 205322
400786 400627
205484 205403
205510 205433
400791 400642
205487 205412
400805 400660
205390 205316
400805 400662
400791 400649
400819 400679
205486 205415
400813 400678
205435 205366
205407 205342
400812 400692
205425 205364
400794 400676
400765 400648
400755 400639
400781 400672
205473 205418
400819 400712
1572654 1572504
400747 400643
1572694 1572527
400743 400647
791411 791310
791369 791262
400759 400675
791449 791287
400751 400669
791421 791307
791437 791318
791428 791299
791448 791294
791392 791261
791439 791294
791408 791273
791447 791305
791410 791269
791403 791263
1572694 1572551
1572669 1572524
205488 205438
205390 205341
205421 205375
205408 205366
205413 205373
400788 400710
205426 205388
205367 205330
205364 205328
400778 400709
205389 205354
400821 400755
400694 400629
205359 205326
400747 400687
400783 400723
400811 400753
400714 400659
400724 400672
791421 791326
400799 400751
791412 791319
791395 791303
791371 791280
791440 791352
791377 791290
205383 205361
791332 791250
791348 791268
400722 400683
400823 400784
791325 791251
791373 791299
791441 791367
400737 400700
791329 791256
791340 791269
791383 791312
791437 791368
791339 791271
1572645 1572511
1572666 1572532
400748 400714
400806 400772
791374 791308
400729 400696
1572657 1572532
1572690 1572567
205335 205320
1572648 1572535
1572667 1572557
1572627 1572518
205479 205465
400684 400657
1572675 1572571
1572671 1572568
791439 791388
1572625 1572524
791413 791363
791436 791387
1572631 1572534
3135200 3135018
1572692 1572602
1572699 1572609
169 3
400775 400753
1572614 1572529
1572625 1572542
1572601 1572519
3135171 3135015
205497 205487
1572671 1572582
791291 791251
791337 791299
791442 791405
1572677 1572604
1572589 1572521
791351 791320
791414 791383
205455 205448
400656 400643
400755 400745
400706 400697
205406 205406
205382 205382
205327 205327
400643 400643
205334 205340
205418 205425
