506183
87 49
70 2
67 1
80 3
77 3
76 7
72 7
87 9
42 5
96 14
70 14
32 8
84 24
41 12
88 26
83 25
86 27
34 11
64 21
92 31
61 21
20 7
22 8
54 21
98 39
71 30
69 31
88 41
59 28
80 40
58 31
97 54
78 43
85 71
98 89
78 47
97 61
90 61
91 63
91 64
59 46
66 53
91 75
86 71
13 7
46 40
29 26
41 37
55 50
38 35
70 66
71 1
500200 500108
87 88
73 79
54 54
73 74
33 36
32 35
82 90
26 29
83 93
38 43
53 60
30 34
42 48
26 30
21 25
50 61
67 82
78 97
54 68
33 45
45 65
38 55
60 90
44 66
29 44
19 29
61 94
53 82
57 91
58 94
53 93
40 74
44 83
49 94
26 52
35 71
22 45
16 33
45 96
22 48
42 95
34 83
37 92
39 98
34 86
32 87
29 82
33 94
31 91
16 48
29 95
21 69
8 28
25 88
22 78
8 29
16 59
15 58
16 69
13 61
16 84
11 74
7 65
4 44
5 58
3 37
5 65
3 56
