5010109331
294 180
225 2
286 162
271 3
262 3
259 3
280 5
221 4
258 5
142 3
252 6
241 6
274 7
297 168
205 7
165 6
279 11
222 9
277 13
220 11
247 13
299 169
155 9
285 17
282 17
199 12
192 12
229 15
287 19
195 13
149 11
289 162
283 24
260 135
150 14
139 13
276 26
206 20
169 17
228 23
138 14
242 25
273 30
126 14
170 19
284 147
159 18
244 122
223 26
222 26
226 27
205 25
295 39
193 26
154 21
277 38
236 34
237 118
233 36
158 25
227 36
222 37
235 117
139 25
182 33
263 48
297 147
188 36
283 56
275 57
250 52
292 61
244 51
247 122
283 60
179 38
237 117
237 116
299 66
265 60
258 62
237 58
195 48
281 137
300 78
266 129
287 138
238 63
256 123
196 55
217 62
291 84
290 84
296 86
168 49
284 85
226 68
194 59
219 67
275 85
249 77
277 86
269 129
199 64
212 69
196 64
236 78
274 131
274 130
262 124
257 89
181 63
264 92
235 110
276 129
226 80
278 100
250 90
284 103
275 126
287 106
284 105
237 108
246 111
240 107
278 123
287 109
227 99
256 111
195 77
260 112
206 83
287 116
274 118
222 95
276 114
271 114
94 1
68 2
104 6
103 8
67 6
62 7
104 12
26 4
40 7
93 17
52 11
108 23
120 26
133 33
115 30
110 29
151 40
142 45
27 9
116 39
168 58
126 44
120 42
112 41
78 29
123 46
106 40
177 67
126 49
128 50
40 16
118 48
159 65
188 78
91 39
86 37
102 44
91 40
109 48
113 50
70 32
165 76
144 67
180 87
45 22
135 67
50 25
128 66
229 119
214 112
174 92
136 72
134 71
160 86
205 111
119 65
239 131
204 113
195 109
118 66
175 98
237 135
172 98
200 115
240 139
167 97
189 110
189 110
135 79
118 70
166 99
5 3
185 111
218 131
216 130
231 141
268 167
192 120
123 77
213 134
157 99
268 169
185 117
283 179
242 154
238 152
161 103
180 116
277 179
147 95
17 11
100 65
269 175
235 153
129 84
155 101
230 150
245 160
182 119
161 106
258 170
230 152
86 57
283 189
226 151
263 176
269 181
117 79
260 176
280 190
275 188
216 149
266 185
283 197
132 93
163 115
160 113
228 162
160 114
186 134
151 109
144 104
298 216
276 201
291 212
159 117
266 197
279 208
138 103
171 130
217 165
289 221
253 194
198 152
276 212
289 222
108 83
252 194
114 88
239 185
259 201
210 165
203 160
257 205
124 99
270 216
215 172
267 216
42 34
227 185
224 183
166 136
238 195
112 92
208 171
153 126
274 226
268 1
274 228
276 230
151 126
279 233
31 26
152 128
235 198
292 248
214 182
102 87
227 194
243 210
266 230
237 205
248 216
87 76
187 164
172 151
283 249
274 242
192 170
178 158
271 241
110 98
184 164
249 224
216 195
268 242
239 216
202 184
293 268
141 129
247 226
185 170
211 194
239 220
272 251
280 259
266 247
91 86
241 231
170 163
287 277
239 231
275 267
242 235
175 170
77 75
207 202
86 84
265 259
130 128
290 286
226 223
235 232
189 187
140 139
285 283
35 29
5010000300 5010000025
299 299
104 109
132 132
231 231
230 231
237 239
237 239
112 113
223 225
285 288
210 213
257 261
162 165
266 271
204 208
289 295
274 280
196 202
60 62
186 193
159 165
52 54
125 130
49 51
188 197
49 63
270 283
160 168
277 291
206 217
231 244
257 272
182 193
236 251
71 76
59 64
200 217
116 126
173 188
184 200
270 295
192 210
266 292
235 261
257 288
89 100
128 145
184 209
107 122
57 65
91 104
200 229
117 134
227 260
258 296
161 185
179 206
165 190
257 299
61 71
246 287
143 168
161 190
132 156
44 52
214 253
159 188
226 268
170 202
225 268
65 78
203 245
149 180
239 291
239 291
80 98
141 173
46 57
242 300
119 148
238 296
241 300
101 126
169 214
135 171
182 231
220 281
135 173
39 50
103 172
176 227
156 202
176 228
196 255
177 233
192 253
218 288
192 255
146 195
205 274
221 296
178 240
162 219
51 69
116 157
212 287
93 126
81 110
122 166
199 271
79 108
188 259
173 240
186 259
203 285
176 250
26 37
205 293
102 146
157 225
197 283
166 239
164 237
202 293
71 103
115 167
97 142
162 238
198 293
186 277
107 160
44 66
119 179
198 298
190 288
59 90
76 116
129 197
181 277
63 97
174 269
185 288
191 300
181 286
63 101
157 254
61 99
91 149
130 213
38 63
41 68
159 264
162 270
111 270
99 167
167 282
135 228
164 277
171 289
147 251
148 253
142 243
56 96
91 156
114 196
160 277
99 172
123 217
83 148
149 266
82 147
153 275
83 150
94 170
54 98
135 246
17 31
133 244
65 120
50 93
130 242
69 129
149 279
137 257
122 230
124 234
76 144
46 88
139 268
44 85
53 103
99 194
43 85
49 97
104 207
129 260
145 294
102 207
129 270
129 270
20 42
124 261
22 47
132 284
132 286
95 208
84 188
100 225
80 182
49 112
113 263
69 162
109 258
125 296
103 245
122 293
95 230
56 264
120 292
91 224
69 177
94 242
24 63
98 258
93 245
66 176
22 60
106 290
88 241
66 182
51 142
48 136
30 85
98 280
48 138
63 182
53 155
24 71
84 253
47 144
73 225
63 195
78 243
80 251
71 227
54 173
91 292
76 244
67 216
68 220
74 242
65 214
30 102
59 204
76 263
64 222
45 159
52 188
56 205
76 282
43 160
79 295
14 53
64 244
40 158
26 103
34 135
53 218
44 182
16 67
29 124
42 182
44 193
23 101
64 289
63 286
59 270
55 253
49 226
15 70
48 224
45 230
48 227
46 221
23 113
26 132
34 177
56 292
14 76
44 249
36 206
41 235
19 109
8 47
20 118
38 227
46 286
6 38
11 71
42 282
33 226
16 113
42 298
21 151
40 289
22 160
7 51
40 298
34 255
32 248
25 201
36 296
12 101
28 236
20 182
27 259
24 234
11 108
21 207
13 143
21 233
24 274
11 129
20 244
24 298
19 248
5 73
3 52
8 139
16 278
13 242
11 241
13 291
9 210
12 288
7 188
1 34
4 145
7 254
3 120
4 189
4 217
3 218
1 84
2 211
2 269
