9999787527
186 1
144 3
164 4
94 3
152 5
143 5
199 7
105 5
151 8
62 4
138 9
110 8
197 15
104 8
184 15
153 13
69 7
176 18
171 18
194 21
108 12
176 20
172 20
87 11
180 23
54 7
64 9
113 16
87 16
188 36
104 21
190 40
155 33
172 37
199 43
197 44
165 37
166 38
79 19
33 8
189 46
196 48
171 43
86 22
151 41
180 49
150 41
162 45
162 47
30 9
53 16
159 1
108 33
131 41
44 14
166 53
200 65
79 26
183 61
116 39
62 21
180 62
86 30
192 67
200 70
77 27
151 53
73 26
123 44
61 22
107 39
200 74
162 60
78 29
131 49
113 43
147 56
109 43
102 41
94 39
55 23
131 57
98 44
79 36
126 59
140 66
178 84
61 29
185 88
145 71
193 95
174 87
183 92
151 76
84 45
13 7
123 67
96 53
75 42
167 94
106 61
193 112
152 89
150 89
180 109
173 105
70 43
112 69
107 67
104 66
100 64
103 66
96 62
151 100
33 22
75 51
171 117
127 87
172 124
51 37
167 123
123 91
181 138
93 72
67 52
177 138
42 33
90 75
200 167
164 137
91 77
27 23
115 98
149 129
106 92
176 154
192 169
126 111
85 75
97 87
191 173
138 125
193 176
128 117
140 128
117 108
14 13
182 170
156 146
177 166
127 121
154 149
174 169
162 159
139 137
194 192
1002441603 1002441419
1019531449 1019531269
151 46
1039062700 1039062524
1625000200 1625000025
188 195
1001220897 1001220784
1078125200 1078125143
1078125200 1078125144
1078125199 1078125152
1078125199 1078125173
153 153
15 15
94 119
135 137
180 183
154 158
99 103
137 143
181 194
63 68
85 93
127 139
141 155
170 193
69 80
12 14
18 21
113 132
124 146
107 131
49 60
115 143
155 193
159 200
35 91
15 19
145 184
131 169
144 186
62 82
77 106
133 184
59 82
135 188
81 113
79 111
54 76
121 171
36 51
84 120
43 63
45 66
62 92
96 145
113 171
83 126
116 179
73 114
106 166
122 194
44 70
69 110
70 112
83 134
90 146
85 138
114 186
47 77
48 79
107 177
44 76
98 170
83 144
61 107
68 120
28 50
51 92
95 174
76 143
68 130
67 129
37 73
1 2
68 140
89 184
66 137
95 198
84 176
83 182
17 39
50 118
78 185
60 143
82 196
50 120
73 183
77 194
23 58
16 41
70 182
30 79
64 169
41 116
36 102
26 74
48 141
59 180
27 83
46 151
46 152
57 192
44 152
39 136
47 166
33 118
29 106
34 126
51 191
50 188
43 172
19 78
24 101
25 107
3 13
28 122
33 145
19 84
42 192
37 176
23 119
35 187
20 108
32 173
10 57
28 160
18 106
14 86
21 129
27 170
20 137
7 48
24 171
25 180
14 114
8 70
21 187
10 97
16 191
4 53
7 99
14 200
5 76
8 168
6 139
8 198
6 158
3 84
4 125
5 167
5 200
4 169
2 123
1 146
