100006667
174 40
252 53
265 103
206 124
267 26
202 72
166 18
278 170
222 4
95 13
187 15
108 67
182 129
211 151
281 219
177 144
231 206
78 72
170 157
280 268
1012418 1012242
1024691 1024519
1195517 1195324
1390908 1390689
1097810 1097658
1097813 1097671
1781470 1781251
1049080 1048958
1097789 1097666
1024569 1024456
1781550 1781405
1390903 1390791
1390915 1390807
1781395 1781269
2562688 2562512
1195481 1195401
2562714 2562548
1048989 1048923
1195589 1195517
1781483 1781377
2562735 2562597
1390732 1390659
1097759 1097704
1012399 1012351
1097866 1097818
1781422 1781349
4125229 4125087
2562721 2562634
1012504 1012470
1781311 1781254
7250277 7250052
1195402 1195365
1195437 1195401
1195611 1195576
1390893 1390862
4125202 4125115
1390714 1390685
2562705 2562652
7250150 7250004
2562663 2562615
7250278 7250145
60 12
1048846 1048829
13500294 13500086
288 289
1195365 1195354
