1026751
254 86
279 109
250 34
272 42
240 8
272 78
232 91
215 108
155 45
124 60
120 4
151 74
285 130
267 118
292 116
226 42
137 65
269 104
216 75
180 48
284 18
258 60
306 63
229 21
282 123
316 46
248 68
267 111
179 61
190 39
294 59
213 78
277 17
168 62
200 62
234 82
233 57
219 57
149 50
231 115
291 101
84 33
240 88
150 29
162 69
106 38
211 1
300 126
278 88
387 162
206 66
188 83
407 151
188 70
155 26
206 80
236 71
278 38
152 25
63 19
237 32
133 52
211 8
259 33
249 59
174 65
66 7
236 75
127 11
256 33
191 41
125 52
199 75
213 107
82 3
291 125
205 55
170 56
103 27
232 71
291 17
159 42
295 109
85 40
274 209
1148 1023
1214 1056
346 293
420 320
285 202
208 160
386 241
158 91
187 129
292 204
517 466
296 156
220 168
260 171
425 295
211 142
176 114
162 109
285 180
337 264
360 303
373 280
538 465
230 176
261 194
513 397
189 100
275 168
269 179
469 294
238 173
220 114
191 146
285 191
500 266
271 173
289 148
203 129
211 163
223 134
306 200
136 86
274 164
132 86
247 158
755 646
262 207
291 201
185 140
144 95
287 152
132 72
127 68
2220 2070
245 150
694 628
282 189
227 129
273 165
224 138
291 153
247 131
261 145
696 585
268 169
2151 2014
237 122
350 242
2170 1970
268 159
696 652
129 74
1268 1054
1243 1109
1209 1122
700 520
1182 1023
267 175
1129 1018
1066 987
146 97
44 7
32 9
43 15
65 34
35 20
78 45
87 53
34 23
112 76
107 75
156 114
106 81
185 146
105 83
158 126
62 50
223 180
267 225
261 220
279 236
275 233
132 112
163 139
287 249
220 191
242 213
216 191
130 115
289 256
97 86
56 50
171 153
136 122
260 234
253 228
153 138
219 199
215 197
252 231
221 203
281 259
287 265
230 214
648 607
97 91
116 109
1261 1186
296 280
131 124
490 465
353 335
590 564
252 241
301 288
4163 3991
1033 991
2204 2122
271 261
4112 3969
1058 1023
2215 2142
4040 3912
4110 3980
179 174
195 190
369 360
171 167
4118 4027
2163 2117
4126 4059
8093 7968
15925 15692
8003 7886
2130 2100
15853 15630
7968 7865
2022 1999
8047 7961
15925 15780
227 225
7955 7888
31534 31280
31534 31316
15825 15718
7866 7816
4095 4069
15903 15813
7989 7945
15737 15651
200 199
31405 31255
7993 7959
3959 3943
7942 7913
31494 31383
62778 62591
31509 31417
15809 15779
62740 62621
125284 125088
125274 125102
260 72
125257 125069
62610 62525
7871 7884
27 28
