96989102
296 1
196 1
189 1
291 5
116 2
216 4
196 4
141 3
250 6
204 6
234 7
300 10
279 10
251 9
191 7
127 5
144 6
299 13
201 9
290 14
180 9
188 10
164 9
209 12
188 11
128 8
298 1
74 5
289 20
287 20
162 12
286 22
282 22
279 22
289 23
278 23
300 25
153 13
91 8
90 8
220 20
65 6
203 19
227 22
227 22
278 28
290 30
144 15
178 19
157 17
201 22
255 28
36 4
296 33
188 21
205 23
97 11
215 25
232 27
189 22
59 7
118 14
48 6
133 17
148 19
249 32
154 20
241 32
240 32
236 32
287 40
171 24
210 30
300 43
186 28
145 22
57 9
242 39
73 12
200 33
170 29
243 42
237 41
238 42
183 34
266 50
249 47
79 15
63 12
256 49
286 55
114 22
203 43
132 28
177 38
195 42
272 60
89 20
157 36
179 42
140 33
275 66
294 71
187 46
287 71
284 71
94 24
293 75
195 52
157 42
197 53
81 22
196 54
210 58
248 69
253 71
299 85
300 86
141 41
222 65
283 84
192 57
131 40
166 51
26 8
195 60
155 48
148 46
246 77
203 64
180 57
267 86
229 77
145 49
250 85
214 73
167 57
284 97
265 91
157 54
148 51
225 79
122 44
271 98
152 55
237 86
278 101
134 49
169 62
294 108
285 106
244 91
75 28
147 56
125 49
262 103
287 113
297 117
138 55
172 11
129 54
254 107
64 27
298 126
232 99
199 85
124 53
42 18
285 123
90 39
153 67
173 76
248 110
92 41
107 48
225 101
118 53
82 37
292 132
117 53
129 59
236 108
262 120
181 83
277 128
128 60
161 76
64 31
257 125
294 143
84 41
290 142
176 87
89 44
260 129
157 78
242 121
275 138
136 69
265 136
299 154
225 116
250 129
67 35
166 87
209 112
87 47
203 110
239 130
154 84
225 124
133 75
23 13
248 141
204 117
298 171
175 101
201 117
215 126
126 74
240 141
282 166
232 137
198 119
163 98
187 113
211 128
255 156
221 137
240 149
249 103
215 134
201 126
220 139
44 28
126 81
171 111
155 101
279 182
195 128
121 80
186 123
163 108
137 91
231 154
241 161
246 165
257 173
117 79
272 185
189 129
293 203
148 103
66 46
275 192
269 188
129 91
223 158
275 195
276 197
168 120
217 156
178 128
235 169
151 94
254 183
247 180
155 113
149 109
283 209
174 129
291 216
262 195
212 158
274 205
24 18
186 140
182 137
89 67
249 188
221 168
88 67
130 99
181 138
208 159
240 185
256 198
248 192
85 66
201 157
179 140
248 194
185 145
251 197
289 228
248 196
188 149
186 148
183 146
133 108
139 113
253 209
211 176
296 247
201 168
132 111
232 196
194 164
166 141
201 171
137 117
55 47
238 204
150 129
179 154
254 219
126 109
239 172
171 149
265 233
282 248
186 164
174 154
272 241
88 78
197 175
27 24
219 195
185 166
180 162
90 81
193 174
273 247
182 165
136 124
176 161
294 269
165 151
87 80
113 104
279 261
148 139
102 96
121 114
52 49
188 178
269 256
255 243
110 105
221 211
265 254
176 169
158 152
242 210
176 170
223 216
240 233
293 285
81 79
291 284
273 267
234 230
259 256
189 187
288 285
215 213
3125292 3125019
3125251 3125004
3125254 3125013
3125298 3125068
3125289 3125063
3125245 3125021
3125292 3125069
3125300 3125079
3125288 3125077
3125256 3125050
3125262 3125075
3125263 3125077
3125263 3125084
3125253 3125097
170 164
3125256 3125123
3125278 3125205
3125275 3125147
3125271 3125155
3125264 3125160
3125263 3125160
3125276 3125181
3125264 3125177
3125294 3125234
3125279 3125227
3125291 3125239
3125255 3125211
3125279 3125245
3125253 3125234
3125244 3125233
80 80
282 283
3125251 3125289
3125253 3125299
178 185
230 231
88 89
131 133
259 263
207 211
227 232
271 278
150 154
158 163
146 187
113 118
224 234
202 212
132 139
278 293
192 203
250 265
156 166
247 263
239 255
57 61
176 189
253 274
272 295
235 256
219 239
254 279
141 155
129 142
247 272
177 195
271 300
194 215
126 140
250 279
198 222
232 261
126 142
221 250
160 181
166 189
225 257
181 207
227 260
173 199
234 271
224 260
61 71
198 232
226 265
237 281
226 268
231 275
239 285
55 66
239 287
169 203
138 169
174 214
152 187
52 64
173 214
217 269
128 159
198 247
202 252
136 170
202 253
200 251
43 54
140 176
78 99
102 130
132 222
229 295
200 258
160 207
207 270
68 89
199 261
138 181
130 171
183 241
43 57
54 72
154 207
116 157
193 263
133 182
196 271
131 183
129 182
133 188
208 295
118 168
40 57
102 146
179 259
206 300
122 178
156 229
179 263
190 281
70 104
121 180
102 152
146 220
70 106
188 285
52 79
139 213
135 207
149 229
160 247
157 243
101 157
123 193
88 140
64 102
185 295
161 257
85 136
137 220
178 288
74 120
94 153
168 274
101 165
141 231
106 174
115 189
175 288
110 182
114 189
87 145
175 292
105 176
88 228
102 172
77 130
150 254
132 224
162 276
104 179
144 251
127 222
79 141
138 248
135 249
117 217
98 183
102 191
48 90
114 214
134 252
59 111
116 220
40 76
20 38
64 122
32 61
132 255
34 66
127 248
101 199
82 163
89 178
53 107
139 281
110 224
20 41
52 107
109 225
76 157
70 145
73 152
24 50
141 294
105 221
142 299
26 55
51 109
41 88
138 297
82 177
94 205
103 226
108 240
26 59
95 218
97 223
62 145
72 170
100 237
79 191
62 152
77 190
94 234
110 274
119 297
94 238
35 180
55 144
79 209
84 223
90 241
41 110
86 231
89 240
50 135
103 280
101 282
96 271
53 151
20 57
43 125
80 233
79 233
89 263
95 281
77 230
29 87
55 170
91 283
90 281
38 119
90 286
85 272
50 162
71 231
58 192
48 159
61 203
29 97
59 198
19 64
63 213
87 297
71 248
78 275
47 168
53 191
67 242
64 234
70 268
59 226
21 81
49 192
9 36
54 218
71 291
49 202
46 196
43 185
63 278
50 225
59 278
36 173
55 265
57 276
15 73
58 286
37 184
43 219
50 255
29 267
55 288
46 241
28 149
54 290
47 253
43 238
33 184
46 257
18 102
8 46
37 213
36 209
25 149
45 271
25 151
25 153
36 240
29 202
33 244
27 211
30 236
33 263
22 177
16 139
23 201
13 121
25 240
23 223
25 253
13 133
11 116
20 216
10 108
11 123
22 247
20 226
24 291
17 208
19 236
13 163
13 172
16 229
11 159
14 208
12 179
19 293
11 176
10 161
17 286
12 209
14 282
10 213
6 129
11 291
5 170
3 105
5 209
5 260
3 162
2 165
2 216
2 281
2 298
1 174
