100030236
274 70
298 55
239 3
275 50
251 45
285 7
272 7
248 41
239 8
279 45
260 39
243 18
273 21
298 23
246 19
258 38
280 22
296 24
270 23
230 20
284 26
286 27
260 26
259 35
259 28
282 36
256 28
142 2
197 4
178 5
211 12
156 9
167 13
208 21
222 24
116 13
133 15
211 24
189 22
86 11
129 17
233 34
209 34
172 28
243 42
40 7
118 21
236 43
168 31
171 32
171 32
185 38
249 52
107 24
230 54
92 22
173 43
79 20
266 69
173 45
259 68
265 70
270 72
270 72
273 74
94 26
149 42
214 61
168 48
181 52
208 61
200 61
51 16
237 78
178 59
204 68
204 69
296 101
295 102
230 81
76 27
50 18
292 106
201 73
175 64
30 11
123 46
98 37
110 42
253 97
292 113
194 76
265 104
290 114
273 108
98 39
298 119
40 16
293 118
100 41
207 85
34 14
103 43
294 123
264 111
242 102
61 26
292 125
191 82
185 80
277 120
62 27
105 46
271 120
100 45
78 36
217 101
277 129
281 131
160 75
209 98
162 76
271 128
275 130
65 31
174 83
290 139
50 24
136 66
256 125
253 125
103 51
248 125
160 82
185 95
143 74
257 135
207 109
254 134
126 67
278 148
259 138
156 84
274 149
225 123
53 29
282 155
267 149
177 100
292 166
192 110
266 153
257 149
167 97
86 50
292 170
113 66
210 123
256 150
293 172
107 63
187 111
217 129
247 147
151 90
278 166
227 136
247 149
293 177
225 136
275 167
126 77
145 89
68 42
246 153
287 179
272 172
240 152
132 84
266 170
131 84
206 133
295 191
281 182
233 151
230 150
284 186
227 150
133 91
254 174
108 74
124 85
70 48
81 56
204 142
165 115
208 145
256 179
220 154
218 153
244 172
102 1
221 156
198 140
251 179
260 186
298 214
224 161
298 215
228 165
249 181
110 81
176 130
150 111
278 206
64 48
145 110
112 85
264 202
144 111
262 204
269 212
195 155
49 39
94 75
282 226
208 167
242 195
26 21
281 228
294 240
246 201
260 213
135 111
227 187
156 129
170 141
169 141
287 240
104 87
50 42
182 153
110 93
229 194
172 146
133 113
262 223
233 199
203 174
253 218
148 128
233 202
252 219
162 141
213 186
258 226
196 172
169 149
283 250
288 255
239 212
186 166
242 217
273 245
213 192
158 143
180 163
269 244
209 190
259 237
156 143
202 186
293 270
254 235
222 207
150 140
230 215
247 232
160 151
180 170
144 136
218 206
187 177
265 251
249 237
104 99
194 185
109 104
24 23
52 50
236 227
272 263
31 30
292 283
224 218
129 126
262 256
151 148
241 238
296 293
230 229
233 232
10024712 10024419
10195587 10195323
10097938 10097679
10012501 10012254
173 122
10012475 10012238
10195582 10195341
10049122 10048893
16250298 16250019
281 300
13125266 13125006
272 272
39 39
185 185
147 148
111 113
226 231
180 184
216 221
169 175
261 272
164 171
226 236
197 206
65 68
238 251
192 203
229 243
94 100
239 255
230 246
206 221
170 183
255 276
130 141
47 51
253 275
99 109
254 284
