97248138
155 2
136 2
199 3
287 7
81 2
119 3
281 8
243 7
284 3
264 10
105 4
247 10
157 7
231 14
300 23
260 21
46 4
134 13
292 29
178 18
115 13
123 15
222 29
232 31
214 29
193 27
298 44
218 37
47 8
210 36
239 48
167 34
230 47
244 50
233 48
220 46
207 44
281 62
224 50
291 65
273 62
189 44
176 41
205 49
54 13
273 68
275 71
294 76
259 67
160 42
276 73
104 28
179 50
229 64
248 71
101 30
87 26
222 67
261 80
242 77
283 91
142 46
265 87
242 80
249 83
273 92
254 86
227 79
83 29
45 16
143 51
248 89
249 92
181 67
118 45
247 97
152 60
250 103
252 104
214 92
226 8
131 57
203 89
156 69
256 122
194 93
249 121
284 139
73 36
145 72
238 120
97 49
249 126
139 71
154 79
128 66
238 123
230 119
222 115
211 110
46 24
233 124
271 145
200 108
179 97
134 73
265 145
111 61
227 129
190 108
270 156
289 168
270 157
181 108
130 78
287 173
283 171
165 100
89 54
83 51
297 183
172 106
71 44
270 168
284 177
218 141
257 174
42 29
220 152
237 164
144 100
257 179
247 173
223 157
298 214
258 112
241 178
257 191
220 165
190 143
148 112
224 170
142 108
259 197
122 93
292 224
214 165
284 220
228 177
189 151
297 239
79 64
191 155
231 189
233 194
194 162
70 59
194 164
280 237
242 205
294 256
270 237
256 225
286 254
270 240
202 148
292 262
61 55
262 240
297 274
131 122
153 145
186 185
188 187
218 217
3135277 3135018
3135293 3135047
3135281 3135052
3135296 3135069
3135279 3135056
3135276 3135066
3135263 3135065
3135281 3135104
3135266 3135092
250 223
3135297 3135142
3135299 3135234
3135296 3135154
3135272 3135153
3135291 3135172
3135284 3135168
3135298 3135187
3135265 3135160
3135257 3135155
3135265 3135175
3135259 3135170
3135273 3135191
3135295 3135215
3135287 3135212
3135279 3135248
3135266 3135215
3135265 3135223
3135258 3135237
3135263 3135242
3135264 3135256
269 294
3135257 3135256
63 63
3135282 3135282
112 154
262 266
232 237
147 152
171 177
204 216
232 246
95 101
175 187
242 261
264 288
72 79
216 239
134 149
213 237
141 157
254 283
194 217
141 159
81 92
122 139
224 256
247 286
218 253
135 157
172 203
201 239
230 274
104 124
243 291
101 121
240 288
183 220
93 112
200 241
189 229
238 289
55 67
224 277
76 94
96 119
179 223
141 177
33 42
119 155
78 103
203 270
106 141
193 261
192 260
186 252
169 232
8 11
37 112
187 264
178 252
197 282
9 13
198 287
151 220
182 268
180 269
190 284
154 231
108 163
152 233
96 148
171 264
163 253
147 229
25 39
89 140
150 236
149 235
172 272
10 16
102 168
111 184
80 135
154 260
126 213
149 255
151 261
118 211
92 166
80 155
135 268
126 251
134 274
60 123
86 177
96 199
42 88
10 21
91 194
70 151
122 265
80 181
122 281
102 236
100 238
126 300
33 79
73 175
113 271
95 231
89 222
82 207
74 192
91 241
26 71
59 172
40 117
15 44
81 238
76 225
56 166
60 180
27 84
61 193
35 111
76 246
67 222
12 40
88 295
62 208
81 273
75 255
11 39
79 284
76 274
66 241
68 249
76 286
47 178
40 154
43 171
71 295
68 284
66 276
36 151
31 131
39 166
37 158
68 291
47 207
41 189
28 131
26 129
49 247
41 207
57 293
36 195
33 210
27 175
37 254
38 268
32 236
30 222
29 215
4 30
33 255
16 130
29 242
17 153
17 158
25 273
14 157
15 172
21 241
9 121
13 177
21 287
2 30
11 191
4 89
8 189
8 239
2 204
2 247
1 157
1 275
