9999985219
153 2
141 5
288 14
285 16
244 17
137 10
282 23
179 15
127 11
279 25
143 14
34 4
172 21
180 24
176 25
221 32
290 42
157 24
202 36
287 55
58 12
259 57
178 40
167 39
149 35
155 37
231 57
154 38
260 1
285 74
200 53
117 33
197 56
70 20
183 53
244 71
37 11
141 42
187 57
265 90
242 89
279 113
190 78
288 120
203 86
112 48
291 127
69 31
193 87
296 137
125 60
227 114
132 68
118 62
285 155
272 150
276 153
259 151
108 63
242 145
98 61
64 40
110 71
241 157
200 132
269 180
194 130
217 147
254 173
225 154
258 177
147 38
171 122
288 207
287 207
263 191
187 137
143 107
285 217
292 226
134 104
214 175
233 191
141 116
253 214
197 170
79 69
16 14
240 211
218 193
296 263
242 218
257 232
209 191
294 269
291 267
197 181
161 148
225 207
209 193
220 204
102 95
284 266
180 170
226 214
268 254
199 190
200 192
117 113
265 256
264 256
150 146
237 231
180 178
20531525 20531280
20531540 20531353
20531523 20531347
20531532 20531422
20531549 20531444
256 179
20531542 20531475
79125275 79125017
79125297 79125098
40062796 40062592
40062792 40062726
40062767 40062702
40062778 40062713
40062794 40062730
157250269 157250026
79125300 79125195
79125287 79125183
157250300 157250121
157250281 157250113
20531539 20531516
313500276 313500049
157250294 157250297
79125295 79125283
313500266 313500068
40062789 40062764
626000294 626000061
626000285 626000056
626000292 626000149
1251000298 1251000120
1251000300 1251000135
626000296 626000218
626000297 626000233
626000287 626000232
20531530 20531529
626000290 626000261
157250281 157250275
157250276 157250272
226 226
81 81
38 38
162 162
161 161
626000290 626000292
40062781 40062782
79125291 79125293
138 233
266 268
162 166
200 206
104 108
257 268
89 95
223 239
268 288
205 221
190 205
161 174
171 186
175 191
166 182
246 272
173 192
139 155
250 279
180 201
125 140
230 260
227 259
217 249
208 241
245 286
192 226
205 245
185 228
86 106
232 293
102 129
226 290
197 260
216 292
143 194
131 179
174 241
113 157
63 88
126 178
204 289
134 190
139 198
69 99
154 221
55 79
102 147
189 273
22 32
89 130
44 65
177 275
55 86
116 186
141 230
127 209
178 293
116 196
128 218
129 224
156 272
64 116
68 128
139 263
43 83
142 277
139 276
133 266
45 91
82 167
35 73
99 220
4 9
127 296
81 193
64 154
81 218
89 244
39 108
33 93
40 116
52 155
74 227
54 169
36 124
74 255
4 14
52 187
49 179
65 238
41 152
41 153
47 178
61 241
60 242
41 167
44 189
32 139
28 127
43 202
26 133
14 72
54 294
21 117
32 253
14 115
29 267
9 93
8 89
25 292
17 207
18 232
8 191
9 233
9 238
7 191
6 287
4 208
1 71
2 211
1 114
