100015994
275 156
186 109
293 50
80 5
209 61
225 121
135 52
206 99
246 81
270 166
239 90
210 93
213 61
285 152
267 119
230 78
252 55
92 6
256 92
238 76
270 116
172 74
279 39
160 47
230 19
194 126
184 80
234 36
35 1
13 1
59 10
68 17
52 15
101 41
113 52
86 42
133 67
52 31
211 148
187 132
97 69
202 146
220 161
211 158
270 210
267 217
110 90
194 162
226 193
153 132
244 211
74 64
251 218
171 149
211 184
94 84
261 236
147 133
182 166
63 60
250 239
71 70
295600 295330
295575 295322
295590 295355
295610 295406
295611 295437
490916 490678
295445 295314
295577 295450
490904 490695
490895 490703
295515 295405
490922 490744
295562 295460
295459 295360
295612 295518
490856 490701
295541 295450
295587 295498
295560 295472
881540 881303
881515 881284
490864 490740
295559 295485
295596 295523
490826 490709
881491 881290
490898 490787
881546 881358
295399 295337
490868 490765
295587 295533
881483 881331
881420 881270
490728 490645
177 57
881466 881328
1662779 1662531
490706 490634
1662790 1662548
1662770 1662538
1662798 1662573
881427 881312
881441 881335
1662776 1662583
881453 881351
881364 881271
881519 881427
490724 490673
3225236 3225013
1662729 1662568
490733 490688
1662720 1662571
881383 881305
1662709 1662564
1662784 1662651
881374 881305
1662799 1662672
1662626 1662502
3225193 3225012
1662776 1662662
3225250 3225064
3225229 3225031
490762 490729
1662607 1662501
881320 881264
881420 881368
1662641 1662555
1662762 1662680
3225260 3225103
1662645 1662567
1662591 1662517
6350300 6350028
3225189 3225054
1662661 1662592
490856 490775
6350296 6350029
3225159 3225020
1662659 1662591
6350269 6350032
