51026966
145 1
277 10
162 6
243 12
80 4
279 22
287 28
212 21
263 30
137 16
296 35
270 35
89 12
94 13
192 27
169 29
189 33
123 23
86 17
269 59
268 59
258 57
230 51
211 50
192 46
218 54
130 35
165 45
39 11
238 71
226 70
286 92
117 38
123 45
97 36
292 110
200 76
123 48
248 97
228 90
136 54
253 103
280 115
156 66
85 36
168 74
297 131
244 110
124 57
216 100
221 105
238 115
294 144
16 8
155 78
115 58
200 102
200 105
150 79
198 105
294 162
184 102
122 71
296 185
300 188
125 83
78 52
76 52
294 203
261 184
135 96
225 162
277 204
276 217
132 107
187 153
188 155
130 108
207 172
296 246
200 167
68 57
213 180
91 78
208 180
267 234
131 117
144 129
99 89
130 118
273 254
67 63
222 209
20 19
273 261
188 186
293 291
181 180
278 7
51000300 51000023
284 291
202 250
76 77
120 123
176 181
168 176
165 173
110 117
209 223
213 240
152 172
242 278
190 225
120 143
137 164
99 119
31 242
183 228
154 192
178 230
145 188
155 204
194 256
176 258
161 244
174 267
95 148
100 159
105 168
127 217
166 286
80 143
116 211
119 218
91 168
50 93
157 295
130 246
119 230
49 98
85 172
139 287
60 125
95 201
49 105
97 209
42 93
125 286
84 195
124 293
36 86
76 183
76 207
95 263
59 166
103 291
89 262
3 9
31 96
73 237
49 169
55 240
21 97
55 264
51 247
48 241
9 58
25 163
24 180
27 223
16 182
15 171
21 250
21 259
9 127
2 32
12 211
10 226
7 300
3 205
1 183
