9937504456
94 12
58 9
84 14
19 4
63 15
87 22
69 18
94 25
96 28
63 20
51 17
91 32
100 36
95 42
77 35
91 45
16 8
65 34
72 38
77 43
34 19
91 57
86 58
89 64
80 60
96 76
34 27
37 30
14 12
60 54
97 95
93 92
86 8
1625000100 1625000031
84 92
1312500100 1312500035
3500000098 3500000032
3500000100 3500000052
83 90
59 61
47 49
82 88
63 68
70 77
54 60
53 60
68 77
63 80
40 51
72 95
65 86
66 89
44 61
43 61
63 90
55 85
53 82
43 70
51 96
27 51
13 26
43 93
33 75
26 62
13 31
36 96
12 36
6 19
10 32
10 32
7 25
8 32
23 93
20 81
18 76
11 58
8 44
2 14
13 92
11 92
8 87
8 92
7 83
5 86
