96912091
89 3
37 5
85 12
84 19
99 24
94 24
68 18
86 29
89 35
97 42
63 33
48 26
83 45
100 55
71 42
82 54
65 48
61 46
63 49
96 75
81 67
60 52
95 89
97 91
79 76
65 64
3126094 3126009
3126087 3126003
3126093 3126011
3126098 3126030
3126093 3126036
3126083 3126028
3126097 3126052
3126091 3126049
71 8
3126091 3126052
3126100 3126069
3126085 3126048
3126097 3126060
3126090 3126054
3126099 3126063
3126096 3126061
3126076 3126044
3126090 3126065
3126073 3126049
3126084 3126060
3126100 3126076
3126073 3126051
3126091 3126069
3126092 3126070
3126080 3126061
3126082 3126064
3126086 3126069
3126081 3126079
3126099 3126099
3126076 3126080
3126080 3126090
3126076 3126099
76 79
58 61
94 100
30 32
93 100
60 65
76 83
66 73
72 83
28 37
6 8
41 57
37 58
61 97
55 97
49 90
43 79
50 93
13 28
42 97
31 74
19 46
34 87
37 97
30 94
17 79
5 28
1 6
6 38
7 66
4 50
7 90
2 79
