9975019763
235 8
244 23
218 24
63 8
218 34
300 48
299 53
287 55
86 17
275 66
179 44
206 51
126 36
260 84
212 69
140 51
208 78
34 14
295 124
244 103
186 79
109 48
45 20
175 78
265 125
187 89
127 62
276 136
169 84
169 97
298 179
254 8
88 55
206 129
167 105
269 179
120 80
138 106
250 193
166 138
263 225
217 187
72 65
280 263
256 244
239 228
55 54
197 123
117 106
274 275
412500299 412500243
1350000299 1350000142
412500297 412500272
2600000298 2600000148
2600000299 2600000165
2600000298 2600000239
198 198
170 177
230 234
159 162
139 142
107 111
124 132
146 157
129 139
244 265
168 185
124 137
179 198
263 296
170 200
220 268
81 100
233 294
138 175
139 178
223 289
105 139
213 282
166 225
192 262
87 121
185 259
120 169
128 184
175 252
108 156
147 215
84 123
178 261
132 201
98 162
123 217
146 260
143 264
133 253
88 170
82 160
110 217
53 110
129 278
125 281
61 138
125 285
103 243
76 187
101 256
87 237
5 14
103 290
65 192
74 220
39 120
81 252
64 241
19 83
56 248
63 287
37 171
5 24
23 113
47 252
48 286
39 252
29 276
26 263
