10000035846
289 35
263 1
287 9
260 19
296 12
285 15
298 30
286 23
259 22
145 2
163 3
156 4
221 7
195 9
238 15
216 15
185 13
212 18
144 13
197 18
21 2
156 15
218 22
136 17
233 31
141 21
107 16
179 27
53 8
111 17
193 32
233 40
202 35
92 16
55 10
246 46
133 25
230 46
239 48
38 8
171 36
268 58
288 63
176 39
86 20
203 49
277 67
82 20
217 53
181 45
234 59
119 31
111 29
208 55
249 66
145 39
211 59
192 54
195 55
252 72
213 61
279 81
163 48
298 89
241 72
130 39
247 79
255 82
152 49
96 31
173 57
275 94
300 103
262 91
244 85
140 49
141 50
203 73
202 73
171 62
22 8
223 82
268 102
223 87
193 77
179 75
241 101
136 58
295 126
159 68
241 105
274 120
278 123
286 127
117 52
237 106
175 79
166 75
255 116
272 124
199 94
148 71
115 56
284 143
69 36
242 127
231 123
265 142
254 137
255 138
231 129
209 117
152 87
255 146
270 155
103 60
218 127
270 158
268 158
273 167
196 120
255 158
185 116
82 52
97 62
236 153
254 166
254 166
250 164
297 201
224 152
179 122
186 128
43 30
64 45
73 52
84 60
124 89
51 37
299 219
133 98
283 213
148 112
269 206
218 167
249 191
285 219
291 228
282 221
185 145
256 201
169 133
216 170
122 97
121 98
213 173
228 187
257 212
60 50
273 229
212 179
254 215
189 161
163 140
189 163
295 255
160 139
255 222
70 61
275 240
163 143
295 260
291 258
276 245
143 127
288 258
217 196
226 208
240 226
121 114
253 240
127 121
291 278
299 288
193 187
187 184
10076571 10076344
10152855 10152651
10610566 10610363
10610588 10610394
10305374 10305187
12441683 12441458
12441667 12441444
10076544 10076373
12441668 12441457
11220894 11220707
11220989 11220802
12441654 12441453
10305398 10305234
14883088 14882852
10305391 10305228
11220940 11220774
10610564 10610408
10305456 10305309
12441588 12441414
11220961 11220806
14883057 14882853
10152871 10152740
19765887 19765640
14883074 14882902
14883112 14882943
201 167
19765826 19765630
14883066 14882919
10076588 10076489
10610520 10610416
10610576 10610480
14882954 14882822
19765813 19765644
10076473 10076388
29531542 29531297
11220812 11220719
10610481 10610394
12441590 12441490
10610514 10610429
11220806 11220718
19765815 19765662
10152855 10152779
29531476 29531257
29531488 29531272
10152853 10152780
10076556 10076486
14882993 14882891
19765779 19765648
14882955 14882859
10152663 10152600
14882977 14882885
29531516 29531334
14883082 14882993
29531434 29531270
10152648 10152592
12441558 12441490
10076419 10076364
10076506 10076451
19765835 19765733
11220911 11220854
19765775 19765686
49062770 49062555
29531505 29531376
49062785 49062574
10305248 10305204
10305335 10305291
10076444 10076401
14882920 14882859
29531472 29531352
14883003 14882945
49062796 49062607
10152631 10152592
49062721 49062545
49062795 49062624
19765807 19765739
11220744 11220706
49062745 49062581
49062792 49062630
19765763 19765698
12441678 12441639
10152640 10152609
10152686 10152655
29531512 29531424
10305260 10305230
10076593 10076567
14883077 14883047
10305285 10305261
10305336 10305312
12441505 12441477
11220973 11220948
14883065 14883032
10152668 10152646
29531374 29531312
10152798 10152777
322500265 322500003
322500300 322500037
166250256 166250084
49062673 49062579
49062716 49062623
88125212 88125048
88125196 88125103
49062605 49062517
88125232 88125138
166250230 166250046
166250202 166250006
166250225 166250026
88125274 88125129
166250268 166250006
88125140 88125003
166250265 166250063
88125163 88125038
322500257 322500068
166250173 166250067
166250230 166250097
12441452 12441427
10152771 10152751
10305259 10305240
19765872 19765837
29531386 29531336
12441435 12441414
12441510 12441489
10305244 10305228
11220994 11220978
14883112 14883092
49062697 49062633
29531355 29531319
29531466 29531431
49062712 49062657
10076542 10076531
10152781 10152772
88125210 88125135
14882848 14882836
29531523 29531501
11220797 11220789
88125273 88125225
166250288 166250198
166250224 166250137
166250300 166250213
88125211 88125165
166250172 166250103
166250177 166250118
322500189 322500080
635000173 635000027
322500287 322500231
10305414 10305303
166250112 166250072
1260000296 1260000085
1260000285 1260000093
