535590
297 98
286 93
274 72
221 9
286 14
262 15
266 23
249 23
279 66
266 25
246 25
248 47
263 27
297 35
241 31
271 47
256 34
267 37
254 8
111 4
43 4
166 17
212 28
166 29
145 27
54 11
188 40
122 27
21 5
207 52
169 44
248 65
239 68
166 51
125 40
271 87
98 35
273 102
64 24
132 51
296 118
284 120
272 116
39 17
242 107
142 64
228 106
180 88
268 133
283 141
269 137
147 76
145 76
279 150
171 92
24 13
158 86
140 77
89 49
195 108
289 161
246 138
48 27
113 64
171 97
150 87
110 65
87 53
108 66
83 51
268 165
146 90
286 179
179 119
286 197
262 181
279 200
65 48
28 21
171 129
158 120
213 164
266 205
233 183
47 37
273 218
268 215
119 96
121 98
67 55
198 163
250 206
177 147
288 242
142 121
251 215
28 24
126 109
208 180
244 216
145 129
190 170
181 166
257 240
200 189
182 173
93 90
230 226
167 4
500309 500048
274 295
120 120
147 274
201 202
163 164
236 240
207 211
197 201
161 165
158 163
201 208
265 275
19 20
94 99
272 288
261 279
151 167
201 225
174 196
208 236
198 227
221 254
213 245
194 229
226 268
65 78
193 232
187 227
218 269
114 144
126 160
154 196
104 135
196 255
163 216
185 249
106 145
150 207
34 47
183 253
158 220
181 254
188 266
195 279
175 251
67 97
190 278
189 282
144 218
169 256
184 280
182 277
82 127
95 148
88 140
140 224
182 296
167 273
143 240
21 36
139 242
143 253
130 230
152 271
151 273
58 106
127 253
120 232
83 162
149 298
63 126
114 231
133 273
113 233
129 291
91 207
112 258
110 256
107 251
119 289
34 84
119 295
70 176
101 259
113 290
101 263
115 300
37 101
63 178
37 105
20 57
77 236
72 221
59 185
38 122
75 263
74 268
24 88
77 284
69 256
38 141
24 90
74 279
59 224
73 278
45 172
34 134
18 81
36 176
56 279
31 156
34 174
14 74
51 286
44 259
30 179
42 251
16 141
27 239
25 237
29 295
15 161
18 206
17 209
8 139
5 112
8 263
6 263
4 216
3 200
2 172
