96917149
73 12
259 64
211 53
91 23
280 84
120 36
206 81
261 103
92 37
298 122
155 73
171 81
128 61
204 104
90 47
201 121
99 61
205 129
143 4
272 172
205 135
267 186
157 134
3126300 3126002
3126293 3126095
3126225 3126031
3126212 3126021
3126260 3126112
3126145 3126010
3126299 3126211
3126222 3126144
197 124
3126135 3126005
3126247 3126170
3126252 3126208
3126096 3126034
3126072 3126028
3126076 3126041
3126066 3126043
3126065 3126053
251 251
3126111 3126114
3126120 3126125
3126244 3126270
3126210 3126228
3126096 3126116
3126114 3126152
3126237 3126280
3126017 3126061
3126049 3126145
3126163 3126289
3126061 3126206
3126024 3126178
3126096 3126256
3126072 3126251
3126080 3126288
227 242
254 297
131 165
99 136
140 200
164 240
168 273
94 160
153 299
103 233
96 229
92 233
33 95
78 298
22 152
