99972457
238 22
197 21
193 22
272 36
257 49
234 50
217 60
118 37
267 96
52 19
187 69
157 6
282 141
299 152
154 92
250 164
99 67
142 98
62 45
141 104
193 146
271 209
250 204
83 69
258 216
131 112
289 248
252 226
235 218
193 185
248 240
281 105
10781545 10781294
13125293 13125125
229 267
10390920 10390755
10781548 10781350
11562800 11562612
10781548 10781393
11562800 11562641
10195610 10195492
10781539 10781441
41 42
102 110
195 211
197 231
100 123
218 280
130 174
202 290
11 16
58 102
82 152
82 177
82 178
78 207
33 97
92 297
74 243
53 220
52 218
52 222
56 241
50 294
29 225
7 66
16 166
13 153
18 288
