10000011507
2220793 2220729
2220766 2220705
85 11
65 27
94 52
92 62
3441482 3441434
3441493 3441434
97 42
95 56
43 1
3441450 3441417
74 6
3441495 3441448
3441496 3441466
52 6
56 13
3441498 3441422
2220789 2220751
55 34
87 11
3441503 3441443
3441504 3441457
61 31
3441502 3441428
67 22
3441495 3441409
2220756 2220715
76 28
2220752 2220709
3441439 3441409
3441473 3441409
90 13
65 19
90 57
64 11
74 26
56 11
3441455 3441423
2220794 2220735
38 1
3441455 3441417
5882905 5882833
2220782 2220754
5882905 5882853
2220794 2220751
2220769 2220739
3441465 3441436
3441504 3441455
2220773 2220751
58 11
50 5
2220777 2220709
55 10
3441466 3441427
2220802 2220746
65 13
5882911 5882818
3441486 3441419
5882909 5882827
3441483 3441408
5882866 5882815
3441477 3441414
3441498 3441413
93 27
93 28
99 43
2220764 2220709
92 49
2220771 2220736
2220753 2220727
2220741 2220704
2220780 2220744
42 16
5882903 5882835
5882910 5882856
2220783 2220750
3441490 3441461
82 34
2220769 2220722
5882902 5882825
2220794 2220768
2220786 2220735
2220797 2220750
5882906 5882814
2220792 2220730
5882889 5882815
5882899 5882827
2220794 2220719
2220769 2220722
10765686 10765636
5882909 5882861
40062589 40062510
10765719 10765645
10765694 10765642
10765710 10765633
79125090 79125002
40062600 40062534
40062587 40062531
10765717 10765644
5882879 5882832
40062576 40062501
40062579 40062523
40062592 40062540
10765694 10765635
40062563 40062504
40062562 40062507
40062554 40062503
40062592 40062512
157250098 157250001
20531328 20531273
20531343 20531264
20531330 20531275
10765720 10765651
40062586 40062510
10765718 10765668
10765723 10765646
10765715 10765638
10765713 10765649
40062592 40062540
23 3
18 5
31 14
39 23
50 33
18 12
44 32
62 46
20 15
62 48
25 20
65 52
56 45
75 61
82 67
73 64
92 83
2220779 2220760
3441502 3441474
2220777 2220759
5882865 5882820
3441455 3441429
3441466 3441441
2220799 2220783
5882886 5882844
3441437 3441413
5882865 5882824
3441459 3441436
5882854 5882815
5882871 5882833
5882889 5882851
5882906 5882871
3441467 3441447
5882862 5882828
3441479 3441460
5882863 5882831
5882880 5882848
5882909 5882877
2220755 2220743
5882851 5882821
5882909 5882881
5882885 5882858
5882885 5882858
5882884 5882858
3441428 3441413
3441483 3441468
83 38
5882887 5882863
2220723 2220714
2220785 2220776
5882884 5882861
10765684 10765642
5882894 5882872
10765679 10765642
10765703 10765666
10765721 10765686
5882908 5882889
3441440 3441429
10765710 10765676
2220774 2220767
2220787 2220780
10765719 10765687
5882836 5882819
2220713 2220707
2220716 2220710
10765693 10765664
10765672 10765645
10765710 10765683
10765690 10765664
5882865 5882851
10765697 10765672
10765650 10765626
20531331 20531286
20531346 20531301
20531304 20531260
10765692 10765669
10765707 10765684
5882832 5882820
3441458 3441451
10765697 10765676
10765669 10765649
20531336 20531299
2220710 2220706
10765657 10765638
20531328 20531294
20531288 20531256
20531327 20531295
3441500 3441495
20531335 20531306
20531338 20531309
20531311 20531283
20531344 20531317
20531309 20531283
40062600 40062551
3441455 3441451
3441486 3441482
20531292 20531269
20531314 20531293
20531348 20531327
10765657 10765646
5882907 5882901
20531306 20531286
40062589 40062550
40062549 40062512
2220722 2220720
40062573 40062537
3441428 3441425
10765696 10765687
40062547 40062515
40062549 40062518
10765647 10765639
10765720 10765712
40062542 40062515
79125055 79125002
79125089 79125036
10765639 10765632
20531298 20531285
157250077 157250031
79125055 79125007
79125050 79125003
20531325 20531313
79125027 79125003
79125048 79125005
79125093 79125050
79125080 79125055
157250081 157250031
157250090 157250008
79125081 79125040
157250087 157250008
157250099 157250020
40062562 40062542
79125086 79125047
157250095 157250018
79125092 79125064
79125058 79125023
157250068 157250010
40062539 40062524
40062543 40062526
157250083 157250021
157250098 157250038
79125039 79125009
313500095 313500022
157250053 157250016
313500100 313500009
313500100 313500012
313500099 313500025
313500098 313500024
157250050 157250012
157250098 157250058
313500097 313500012
157250075 157250032
313500074 313500016
157250045 157250011
3441432 3441430
20531299 20531288
20531331 20531320
20531284 20531274
20531277 20531268
20531313 20531304
40062600 40062586
20531330 20531323
20531338 20531331
40062533 40062520
40062583 40062570
20531304 20531298
3441499 3441498
10765637 10765634
10765660 10765657
40062560 40062549
40062599 40062588
40062580 40062570
40062586 40062576
79125093 79125075
79125077 79125060
79125038 79125022
10765677 10765675
157250088 157250059
157250033 157250005
157250081 157250053
5882816 5882815
313500094 313500045
5882887 5882862
313500069 313500010
157250028 157250004
20531277 20531274
157250040 157250018
40062581 40062576
20531265 20531263
10765645 10765645
5882879 5882880
2 3
