99824544
103 8
149 22
137 27
121 28
166 39
156 38
193 55
176 55
64 28
156 74
84 41
103 52
162 87
142 78
110 63
139 87
108 69
142 99
193 140
173 130
148 118
184 169
139 129
40 38
195502 195368
195481 195350
195486 195363
195489 195384
195502 195404
195442 195352
390805 390632
390799 390642
195403 195328
390810 390663
195511 195442
390771 390641
390760 390644
195385 195328
390755 390642
390802 390690
390785 390685
390722 390626
390818 390724
195434 195389
390729 390642
781428 781260
195374 195332
390721 390639
390763 390683
195416 195376
390719 390643
390734 390658
781414 781263
83 9
781403 781287
390770 390717
781379 781277
781400 781304
195495 195472
781383 781292
195487 195465
781403 781318
781444 781359
781371 781288
1562695 1562551
1562642 1562502
781373 781304
390750 390716
1562636 1562507
390719 390688
781437 781377
390737 390708
781386 781330
781385 781330
781360 781310
1562654 1562555
195433 195421
195456 195444
1562593 1562501
390694 390672
390741 390720
3125163 3125014
1562638 1562564
390676 390658
3125167 3125024
390764 390747
3125161 3125052
781445 781419
195428 195393
781319 781297
781340 781318
1562665 1562622
1562692 1562653
1562693 1562655
781362 781343
1562642 1562596
1562666 1562629
781331 781314
1562692 1562684
390782 390774
1562596 1562573
3125185 3125118
3125193 3125140
781311 781305
3125196 3125152
1562589 1562569
1562629 1562610
1562689 1562675
1562638 1562627
3125200 3125197
781291 781290
781444 781447
390713 390718
1562635 1562664
1562637 1562671
781302 781319
390693 390706
1562607 1562662
195490 195497
781371 781401
390685 390700
781334 781365
390713 390731
1562604 1562685
390702 390729
781318 781375
195366 195381
195381 195399
390741 390783
781334 781422
781347 781444
195453 195480
390654 390712
781288 781409
390684 390749
195353 195388
390651 390725
390653 390730
195423 195466
195464 195510
390720 390812
195344 195392
390700 390820
390681 390806
390650 390777
390687 390816
195338 195411
195335 195411
195389 195467
195351 195431
195357 195443
195338 195433
195398 195503
195339 195446
195391 195505
195351 195486
195325 195460
195349 195498
99 101
86 95
31 35
71 87
114 142
80 118
114 169
35 54
116 198
45 99
64 163
16 46
56 165
29 154
5 105
