982498
100 5
36 2
69 5
13 1
58 5
29 3
66 7
62 7
53 6
81 11
79 11
7 1
97 16
52 9
40 7
49 9
36 7
56 11
20 4
80 17
88 19
40 9
48 11
61 14
63 15
58 14
19 5
72 19
77 21
40 11
44 13
34 12
19 7
32 12
24 9
83 32
70 28
70 28
50 22
52 23
95 43
94 44
81 41
81 41
95 49
25 13
96 50
44 23
62 33
83 1
87 48
65 36
66 37
74 42
66 38
83 48
72 44
97 61
66 42
70 46
71 47
34 23
63 45
81 58
93 67
95 70
32 24
24 18
53 40
86 66
13 10
86 67
81 64
99 82
79 66
89 76
37 32
82 73
92 84
99 91
62 58
16 15
16 15
95 91
47 46
31447 31353
31438 31377
31420 31365
31448 31400
31447 31401
55 30
31438 31399
31450 31438
31433 31392
31409 31369
31437 31413
31425 31404
31416 31397
31433 31414
31431 31416
31415 31401
31446 31436
31423 31415
31409 31403
31445 31442
31426 31424
31449 31447
31449 31449
31423 31423
31444 31444
85 100
31444 31447
31414 31417
31414 31433
31413 31433
31424 31446
31424 31447
42 62
31418 31449
62 63
79 85
38 41
84 95
19 22
59 69
48 57
47 56
70 84
79 95
72 87
33 40
28 34
36 44
31 38
81 100
28 35
65 89
51 70
51 70
64 89
40 56
42 59
68 97
62 89
22 32
52 76
2 3
59 88
49 74
28 43
56 89
29 47
38 62
39 64
40 67
42 72
4 7
41 73
34 61
10 18
48 93
41 84
32 72
38 86
38 87
24 55
35 81
22 52
5 12
12 29
11 28
18 46
18 46
36 93
33 86
37 99
29 78
18 50
35 99
16 49
28 95
10 35
3 11
12 44
3 12
22 89
23 99
14 63
12 56
7 35
17 88
10 53
16 96
11 69
15 99
5 36
8 60
9 68
12 93
5 41
3 25
10 94
4 44
4 51
2 28
3 45
3 46
2 33
4 79
3 92
2 90
