9975014283
271 10
261 13
63 5
185 21
249 38
130 22
104 23
295 71
191 53
281 83
265 85
238 83
293 9
205 91
171 76
125 57
222 114
215 113
274 165
292 179
223 143
296 190
55 37
155 106
249 172
117 86
222 167
189 145
249 204
174 143
187 154
284 240
290 250
147 137
178 168
287 282
249 245
109 42
184 175
253 254
725000296 725000098
1350000294 1350000167
1350000293 1350000166
2600000300 2600000196
2600000292 2600000278
1350000299 1350000294
44 132
250 251
224 227
248 259
90 94
252 264
98 105
171 185
120 130
225 248
231 264
222 276
178 223
188 285
160 243
165 255
69 119
136 240
92 213
102 273
41 110
16 43
7 20
89 258
58 169
90 280
70 223
21 71
49 169
58 211
65 246
32 133
35 155
62 276
37 229
45 295
28 186
11 183
2 112
1 71
