9999802596
276 6
275 8
195 8
278 15
159 9
241 14
159 10
161 11
198 14
243 18
194 16
259 23
290 28
183 19
234 25
242 26
208 23
113 13
212 31
131 20
241 37
267 42
240 41
234 41
90 17
300 58
241 50
147 32
263 59
298 68
261 62
236 57
294 74
271 70
195 53
271 74
245 67
199 57
164 48
91 27
93 28
154 48
252 80
270 87
223 73
189 62
273 90
263 92
250 89
128 46
171 62
224 83
153 57
143 54
260 99
144 57
246 103
231 98
108 46
201 86
247 106
271 127
285 143
280 141
169 4
249 130
247 132
185 99
106 58
221 121
249 140
139 79
112 64
237 136
280 161
142 82
230 138
143 88
270 170
270 172
294 188
152 98
159 105
48 32
273 184
212 143
201 137
280 191
238 165
158 111
202 142
227 160
200 142
198 141
269 197
98 72
281 210
64 49
277 215
258 203
64 51
130 105
262 212
108 88
273 225
287 238
288 240
267 223
130 109
269 231
123 106
46 40
184 161
212 187
266 235
225 203
124 112
239 216
182 165
287 264
198 183
146 135
224 208
281 262
249 233
296 277
166 157
258 248
229 221
188 185
1039062800 1039062520
37 19
1002441706 1002441420
1039062796 1039062546
1625000300 1625000017
282 292
1078125298 1078125055
1039062800 1039062580
1019531546 1019531418
1001220990 1001220938
1156250299 1156250291
217 249
253 255
249 251
221 224
244 248
271 277
55 57
107 111
262 276
88 93
262 277
143 152
182 194
214 230
95 103
208 226
212 235
260 291
239 268
227 256
260 294
121 264
214 246
242 279
128 148
189 219
240 279
139 162
123 145
152 180
184 219
227 272
95 116
154 190
169 209
132 164
109 139
85 109
160 206
199 257
223 288
154 200
182 237
46 60
150 197
153 201
145 193
140 187
136 183
214 288
213 288
59 80
111 151
148 202
161 221
211 290
143 197
36 50
196 273
142 201
124 185
64 96
125 188
189 287
186 284
156 253
164 269
64 108
88 149
117 205
126 223
155 277
85 152
103 187
144 264
50 92
146 270
124 240
140 278
144 286
135 270
27 54
112 226
87 176
113 242
103 222
132 296
75 169
96 217
101 230
106 249
63 151
108 263
117 285
115 285
108 277
18 48
78 215
101 290
94 275
95 278
52 158
90 289
53 171
56 183
52 170
8 27
66 223
23 78
63 229
79 300
37 142
69 268
74 291
58 235
15 65
23 109
61 292
21 101
29 142
27 134
52 272
54 288
36 203
46 276
16 100
22 138
35 226
31 204
16 108
27 185
33 246
24 185
5 40
24 209
29 294
7 75
15 161
23 255
25 289
18 231
17 219
21 275
11 165
11 229
12 268
1 36
1 48
3 195
2 228
