100009431
71 1
162 3
157 5
53 2
128 5
89 5
169 12
182 13
164 14
150 14
75 11
33 5
189 30
158 27
114 21
136 26
165 34
192 54
79 24
175 59
164 57
138 48
19 7
160 60
107 42
157 73
131 64
127 63
166 84
155 80
102 54
125 69
65 36
198 116
103 64
62 39
87 55
194 123
165 105
93 61
173 118
61 42
193 134
200 140
85 62
99 75
142 109
173 134
198 154
168 136
200 162
205492 205322
205471 205316
3135190 3135034
187 43
400817 400640
1572667 1572510
400810 400646
400810 400651
1572682 1572521
1572694 1572519
400808 400710
791418 791313
791399 791270
791422 791258
791418 791259
791410 791270
205472 205387
205484 205404
205493 205426
205400 205355
400818 400734
400815 400742
400699 400627
400765 400693
400741 400685
400701 400647
205456 205429
400719 400667
205497 205472
205383 205363
205450 205431
791321 791259
205380 205364
1572666 1572561
791357 791311
400709 400688
1572683 1572603
791404 791364
3135157 3135031
1572560 1572503
1572596 1572541
3135166 3135060
3135150 3135046
3135178 3135075
1572648 1572599
6260179 6260029
3135191 3135116
1572590 1572553
6260175 6260034
3135158 3135090
6260158 6260025
1572554 1572521
6260168 6260053
6260136 6260024
1572603 1572576
205447 205342
3135142 3135022
12510192 12510005
205324 205326
