1047124
262 178
255 236
278 57
138 111
2237 2024
215 121
219 96
2221 1959
271 115
89 3
289 127
89 9
4155 3920
2133 1960
4197 3983
4167 3925
111 91
2118 2007
2182 2005
123 36
204 70
161 107
2207 2086
2252 2094
255 161
2213 2062
4204 3958
239 6
239 163
2200 1977
2237 2013
232 191
217 192
148 38
2243 1997
140 25
140 133
277 9
209 163
176 48
99 69
2235 1998
190 177
4124 3910
2065 1960
4205 3941
116 78
1215 1125
1184 1022
260 131
84 27
4206 3996
297 52
242 159
229 193
1165 1103
1179 1052
201 187
133 100
1094 977
56 3
294 106
1257 1047
263 133
185 72
1103 989
1103 1012
1157 1074
150 11
264 196
1250 1166
1135 986
76 19
232 136
1193 1046
295 158
1177 1010
139 104
208 160
1249 988
1210 1032
1064 1011
185 42
268 60
1265 1118
151 121
242 89
201 23
1248 1048
1193 1077
178 37
208 11
273 55
123 86
284 65
1208 1045
236 197
178 37
1241 1166
1269 1146
183 156
1161 1077
1075 1013
143 48
697 595
298 35
62 53
737 559
706 560
214 59
728 580
171 110
693 638
267 188
766 717
93 13
249 84
100 3
769 657
90 76
747 661
777 659
740 512
76 39
609 517
130 7
754 503
238 203
682 543
768 493
158 102
294 257
579 505
666 515
744 583
297 196
60 23
779 664
674 535
260 223
734 600
735 511
210 8
186 171
284 262
720 549
656 517
692 582
703 660
292 114
143 16
766 580
284 252
682 586
643 556
299 230
750 691
268 179
717 561
117 77
654 547
775 708
726 502
566 499
142 111
581 524
672 585
600 519
285 243
725 598
150 107
238 47
666 603
697 532
706 523
281 96
443 398
500 255
224 93
454 395
296 36
197 13
81 39
289 158
539 441
480 273
342 282
487 250
60 40
278 227
224 101
200 20
443 420
157 13
117 1
107 88
208 70
495 424
112 15
357 274
280 23
319 250
244 12
486 251
154 76
72 46
475 256
176 116
168 14
543 454
482 451
165 32
376 306
524 472
465 395
452 340
248 126
334 282
495 387
427 300
152 114
544 269
499 445
114 63
295 23
268 84
219 11
280 247
369 302
380 344
424 352
52 41
389 353
155 146
286 261
236 175
397 258
178 147
542 478
400 331
435 353
128 2
529 255
369 287
443 269
221 185
258 216
456 344
320 258
483 431
445 371
262 41
198 167
274 151
362 305
411 207
2169 2061
44 29
165 146
239 150
299 236
131 60
380 204
124 107
213 198
319 135
319 216
227 200
172 83
215 193
196 134
356 191
382 166
364 281
334 285
374 262
418 266
256 205
403 156
307 229
410 210
313 240
350 210
339 138
353 304
383 312
402 346
408 313
360 309
252 138
353 333
398 276
339 226
191 168
362 290
146 137
8106 7910
15924 15703
8056 7921
2227 2164
2216 2161
586 565
289 280
560 549
4112 3985
4107 3915
4006 3914
2231 2159
4195 4063
686 655
394 380
15912 15644
2020 1985
2197 2142
2113 2042
4141 4041
8055 7834
319 306
4110 3951
8040 7889
2174 2077
8047 7871
8011 7897
15881 15642
2238 2143
248 242
4024 3911
8098 7965
8010 7840
2031 1972
1187 1155
4053 3951
8100 7899
2070 2029
2156 2061
4133 4059
8102 7874
8023 7814
15892 15655
8052 7907
4205 4019
8022 7858
4054 3990
441 429
1220 1165
2118 2069
4167 4064
2120 2031
2239 2183
4138 3983
7955 7842
4179 4076
1037 1017
4121 4021
3998 3936
4095 3907
4045 3980
8098 7904
2035 1959
498 485
298 290
4128 3991
1252 1214
4128 4065
4146 4086
1134 1113
1115 1078
1221 1198
7972 7857
4200 4044
4194 4012
407 400
1131 1075
4173 4036
1068 1020
4115 3978
7998 7839
7989 7845
8102 7931
1116 1062
8035 7877
1030 1004
8098 7958
294 287
8054 7884
8102 7831
1156 1112
2235 2211
8099 8018
3983 3939
2182 2157
8036 7928
15891 15704
4039 3987
15893 15702
8029 7935
2145 2121
8027 7933
4068 4012
4118 4066
8055 7948
2167 2139
8027 7918
4073 4028
15831 15673
68 65
104 102
216 213
239 236
3954 3916
2186 2165
2096 2076
7928 7853
15829 15681
15881 15734
8105 8031
15896 15752
2128 2109
8024 7954
8039 7971
1071 1062
15910 15784
7896 7834
15845 15728
7960 7902
15827 15712
15845 15730
31516 31288
15782 15668
15809 15695
1255 1246
15794 15682
15821 15711
15862 15752
298 51
31515 31265
15859 15724
15763 15656
764 760
