100010921
80 1
76 3
21 1
20 1
97 6
79 6
78 6
36 3
48 4
93 8
100 9
100 10
70 7
29 3
72 8
81 9
73 9
89 11
24 3
64 8
76 10
76 11
61 9
33 5
92 14
68 11
61 10
97 16
54 9
93 16
23 4
39 7
69 13
53 10
62 12
35 7
82 17
55 12
74 17
77 18
50 12
50 12
91 23
77 20
19 5
91 26
62 18
85 25
27 8
64 19
77 23
55 17
48 15
86 27
94 30
84 27
89 29
98 32
93 32
89 31
25 9
86 31
47 17
41 15
81 30
59 22
64 24
40 15
90 34
70 28
95 38
55 22
42 17
71 29
71 29
88 36
92 38
63 27
93 41
74 33
89 40
40 18
64 29
89 41
15 7
66 31
100 51
72 37
85 44
46 24
82 43
99 52
100 53
49 26
15 8
84 45
72 39
71 39
36 20
34 19
83 47
74 42
40 23
73 42
76 44
50 29
41 24
58 34
97 57
76 45
65 39
76 46
69 42
92 1
42 26
21 13
80 50
79 51
96 62
94 61
97 63
63 41
56 37
93 63
69 47
95 65
99 68
60 43
100 73
38 28
85 63
24 18
80 60
84 64
56 43
53 41
29 23
68 54
54 43
88 71
51 42
205393 205320
205396 205325
205406 205335
205411 205344
205391 205325
205411 205347
205383 205322
205391 205337
791345 791291
791343 791287
205381 205331
400724 400627
205372 205323
205399 205350
205410 205361
205372 205326
205398 205353
205407 205362
791321 791264
791346 791285
400715 400637
400703 400631
791328 791262
400700 400631
791344 791264
400712 400664
400688 400636
400684 400629
1572580 1572510
1572572 1572502
1572579 1572501
1572579 1572511
1572594 1572525
1572590 1572510
1572594 1572514
1572579 1572510
44 27
205380 205338
205409 205369
205406 205370
205356 205321
205369 205336
205375 205342
205346 205314
205360 205328
205382 205351
205406 205375
205347 205321
205338 205313
400683 400637
205356 205333
400686 400643
205360 205338
400685 400644
400689 400648
205331 205314
400688 400657
400672 400642
205356 205341
400678 400650
400722 400695
400722 400695
791314 791261
791336 791284
791330 791280
791299 791250
791321 791273
791335 791287
400677 400654
791297 791252
791322 791278
791326 791285
791291 791251
791341 791301
400697 400677
791346 791308
791294 791257
791343 791306
791299 791263
791298 791263
1572585 1572519
791283 791250
791319 791287
205369 205361
1572587 1572527
400651 400636
3135089 3135010
3135083 3135003
1572567 1572511
3135093 3135011
205379 205326
1572580 1572527
3135098 3135014
1572553 1572504
791308 791281
791323 791298
205380 205374
1572564 1572519
791324 791302
791298 791277
1572569 1572529
400660 400650
205353 205348
1572591 1572554
791273 791255
400644 400635
1572591 1572556
791333 791316
3135073 3135006
1572571 1572539
1572563 1572533
1572543 1572514
1572572 1572515
205343 205336
400645 400638
1572559 1572532
1572543 1572518
1572538 1572514
791282 791270
205334 205331
205386 205383
205380 205378
400648 400645
400662 400659
400634 400632
400675 400673
205346 205345
400630 400629
400674 400673
400649 400650
205364 205365
400649 400652
400637 400640
400632 400636
205320 205323
400631 400638
205320 205324
