549842
286 57
286 31
244 5
260 8
272 9
291 22
255 9
299 12
294 22
252 13
284 21
113 2
205 7
165 7
177 13
145 12
83 8
237 23
243 24
118 12
203 22
138 15
180 20
136 18
113 15
261 38
214 33
194 30
248 39
238 41
121 23
213 41
151 31
280 58
198 3
165 37
44 10
170 39
63 15
126 31
273 69
237 60
222 57
121 33
272 78
94 27
204 59
117 34
170 50
261 78
288 88
78 25
295 96
239 78
70 23
153 51
99 33
262 89
264 90
156 54
291 101
164 59
52 20
260 102
273 110
153 62
259 107
199 84
168 72
298 130
251 110
109 48
120 53
280 124
299 133
133 60
275 128
294 137
248 118
166 79
119 57
158 77
245 120
175 86
245 121
221 110
251 129
171 88
288 149
279 145
186 97
281 150
92 50
299 169
60 35
298 178
92 55
273 166
171 104
87 53
289 178
185 115
285 180
295 187
289 185
281 183
262 171
188 123
222 147
163 108
218 147
255 174
264 182
126 87
294 206
184 130
175 125
239 171
244 176
219 158
288 208
114 84
298 223
291 218
175 132
201 153
169 130
225 176
192 151
194 153
174 138
269 214
258 206
234 189
288 234
147 120
289 243
190 160
264 223
191 162
247 211
247 211
291 250
86 74
115 99
285 246
169 146
281 245
204 179
236 208
131 116
220 195
240 214
221 198
109 98
136 123
230 212
231 213
121 113
193 182
284 269
214 203
130 124
298 287
146 142
192 185
221 215
182 178
270 60
500400 500301
282 292
197 230
174 179
56 58
255 265
199 208
97 102
93 99
213 230
206 224
159 173
191 208
89 97
226 249
102 114
129 145
209 235
145 164
166 189
242 276
81 93
236 274
50 123
113 132
110 129
197 232
154 184
227 278
220 271
70 87
148 184
236 296
164 210
211 273
170 220
196 254
138 179
154 200
164 213
195 257
199 263
59 79
167 225
110 149
167 228
126 174
122 172
127 180
117 167
52 76
114 167
98 144
124 185
173 261
113 173
174 267
166 259
79 124
165 259
152 242
136 217
112 183
102 167
166 274
88 147
71 124
50 88
96 169
109 195
167 300
51 92
55 100
146 266
137 255
131 247
113 219
125 254
60 122
73 150
128 267
65 137
139 299
126 274
110 246
48 112
25 59
96 227
89 220
37 93
28 72
62 163
55 152
75 215
92 270
76 225
25 80
8 26
89 294
21 70
5 17
65 221
44 157
74 266
5 18
25 90
70 253
41 150
77 284
21 80
36 141
7 28
21 84
42 169
30 121
64 264
44 192
29 130
66 299
66 299
63 289
54 262
42 219
54 284
55 292
42 242
48 283
33 216
36 238
18 119
15 113
36 273
34 282
30 259
6 59
23 232
24 257
25 272
24 284
16 200
13 167
21 297
18 273
17 267
10 294
4 157
7 279
4 232
4 258
1 85
1 146
1 270
