100043757
59126 58839
59119 58838
22487 22211
55 1
112 3
238 12
184 10
260 16
133 9
105 9
234 24
185 19
88 10
235 28
231 29
179 24
264 38
96 15
237 41
63 11
217 38
241 49
285 60
172 41
88 21
258 66
260 69
115 31
183 53
182 62
128 45
181 64
96 36
186 73
279 119
241 103
292 127
272 132
77 39
213 108
261 134
153 79
294 152
121 63
247 130
173 93
204 110
94 53
204 116
125 76
197 120
261 160
195 122
182 114
238 152
271 181
219 149
213 148
257 187
243 180
246 188
294 225
135 106
206 163
130 103
272 216
183 149
185 152
258 215
175 146
244 204
233 205
269 238
259 236
162 150
180 168
269 253
178 168
125 118
264 254
261 252
22463 22226
22455 22224
22458 22236
22459 22237
22421 22209
22437 22225
22469 22271
22465 22272
22432 22251
22476 22303
22463 22295
34695 34442
34668 34426
22392 22241
22357 22210
22366 22224
34700 34482
34708 34491
34635 34427
34689 34482
22490 22357
34614 34417
34664 34467
34694 34497
22490 22370
22458 22339
22334 22217
22369 22252
22359 22246
22478 22367
22344 22234
22357 22247
34612 34446
34701 34536
22346 22240
34596 34435
34669 34508
22322 22219
34624 34468
34654 34500
59105 58846
59087 58833
34555 34416
34687 34552
59125 58902
59057 58836
22349 22266
59060 58841
34689 34561
59055 58843
22414 22335
34622 34502
34694 34577
59033 58839
59097 58904
34709 34596
22410 22338
34554 34445
59079 58900
22382 22317
22488 22423
34645 34545
59089 58923
34690 34593
59107 58947
22282 22223
34513 34422
34563 34473
34632 34543
22348 22291
34509 34425
59027 58884
22340 22286
34669 34586
34662 34582
34544 34466
22456 22406
107934 107694
34662 34585
107930 107691
59112 58983
107928 107694
107935 107705
59078 58953
34642 34569
107923 107700
22400 22354
107882 107669
58982 58867
34669 34602
34651 34585
34614 34550
107852 107660
34510 34449
22269 22230
22290 22251
22454 22416
34627 34569
59012 58915
107833 107662
107835 107665
34504 34450
58964 58873
59096 59006
34655 34603
107827 107671
59117 59035
58980 58899
107890 107750
107869 107731
107798 107661
107910 107775
59068 58996
205579 205330
107952 107824
107854 107728
107868 107742
59104 59035
107953 107831
205543 205314
107905 107786
59099 59034
107818 107705
34505 34469
205541 205327
205569 205360
107809 107700
107886 107778
59079 59021
205564 205363
205609 205410
205571 205378
205510 205319
107762 107664
59061 59008
34617 34587
205585 205408
205598 205429
107787 107699
107845 107759
205536 205378
205605 205451
58965 58922
205611 205463
107876 107802
205502 205363
205578 205440
22444 22429
107845 107774
205568 205434
58945 58907
205535 205403
400877 400634
107869 107804
107900 107835
59085 59050
34606 34586
58863 58829
400917 400686
107818 107758
34703 34684
22446 22434
400855 400641
205487 205379
400865 400656
205537 205430
400838 400631
107914 107860
400906 400706
22323 22312
58940 58911
400923 400726
107866 107813
205495 205395
400925 400732
107775 107725
400841 400658
107810 107761
400854 400685
205435 205351
107871 107827
59066 59042
107737 107694
59025 59002
107906 107864
107910 107869
34678 34665
205409 205332
58944 58922
107929 107889
400826 400678
400844 400696
400833 400688
22466 22458
297 4
107745 107707
400846 400708
791546 791274
107932 107895
400778 400642
205455 205386
400826 400693
205469 205401
205407 205340
58875 58856
400761 400632
205535 205470
400919 400793
400850 400728
205452 205392
400858 400742
58932 58915
400890 400775
205492 205435
59030 59014
22253 22247
107836 107807
107790 107762
400777 400678
400801 400706
791545 791361
400869 400777
400920 400829
107813 107789
400912 400824
791475 791303
400756 400672
400722 400639
791521 791364
791431 791275
400894 400815
791511 791356
107716 107695
791462 791317
791503 791360
400865 400794
107750 107731
205387 205351
205394 205358
34462 34456
34626 34620
400804 400735
791502 791371
400707 400641
791508 791380
791530 791403
1572756 1572504
791518 791393
205537 205505
791506 791383
791538 791415
1572771 1572531
400861 400801
400696 400637
34486 34481
400686 400628
400833 400775
1572740 1572513
791437 791325
205398 205369
205504 205475
400773 400717
1572745 1572530
205357 205329
1572772 1572559
400712 400659
205399 205374
791530 791438
400825 400779
1572728 1572548
1572790 1572611
1572762 1572584
791340 791251
107782 107770
1572779 1572604
791426 791338
400834 400790
400922 400878
400836 400793
1572671 1572510
205336 205315
1572673 1572514
1572682 1572523
791433 791353
791331 791252
791468 791390
1572792 1572564
1572710 1572596
791499 791441
1572639 1572520
1572762 1572642
1572796 1572654
791407 791339
400829 400795
400889 400855
791381 791314
791329 791263
3135243 3135030
1572699 1572590
205506 205486
205595 205575
107874 107864
107940 107930
205390 205374
59109 59105
791424 791372
791453 791402
1572768 1572668
205453 205380
3135216 3135007
3135233 3135040
3135245 3135055
107844 107838
34697 34704
241 242
295 299
