50071110
298 194
253 4
274 6
181 5
282 171
217 7
292 10
156 6
153 6
200 8
188 8
197 9
259 13
206 11
216 13
245 15
194 12
155 10
159 11
141 10
256 147
119 9
185 15
271 28
150 16
261 28
232 25
293 32
182 20
153 17
198 22
242 27
238 27
255 141
274 147
155 20
239 31
244 32
262 138
285 38
216 29
192 26
231 35
156 24
129 20
228 36
260 133
282 46
190 31
295 50
194 33
264 135
290 52
263 48
208 38
235 47
149 30
149 31
253 54
248 124
176 38
291 64
249 124
282 139
249 59
220 53
159 39
299 79
241 117
293 80
295 81
160 45
231 112
256 76
253 76
196 92
145 44
160 49
156 48
212 66
239 108
269 121
229 73
235 75
259 112
253 109
177 60
169 58
289 124
194 67
294 102
207 72
209 75
206 88
163 61
282 108
168 65
225 89
262 111
211 88
231 94
205 84
63 2
69 5
110 13
67 8
106 14
107 17
90 16
70 15
100 22
40 9
96 26
64 19
89 27
73 23
73 23
3 1
133 45
148 51
71 26
95 38
142 57
54 22
144 59
171 71
174 75
151 67
143 64
64 30
87 41
70 34
169 83
177 87
171 87
157 80
142 73
119 64
214 116
153 83
119 65
122 67
220 121
61 34
188 105
150 84
233 133
141 81
117 68
125 73
63 37
187 110
134 79
103 62
150 91
223 136
232 145
111 70
132 84
36 23
265 170
183 118
46 30
233 155
230 155
235 159
180 122
84 58
104 72
145 102
172 122
211 150
211 151
106 76
191 138
123 89
82 60
73 54
232 173
170 128
78 60
207 161
193 151
79 62
208 164
216 171
294 233
192 153
260 208
165 133
218 4
236 192
237 193
151 123
266 217
176 144
133 109
167 137
57 47
262 218
108 90
278 232
158 135
173 150
291 256
160 143
181 162
229 208
262 238
187 170
190 173
103 96
222 207
283 265
174 163
271 254
177 166
264 248
116 109
212 200
254 241
274 260
281 267
261 248
201 194
147 142
161 156
232 225
217 213
252 248
132 130
230 228
279 277
126 125
209 208
245 244
286 285
166 134
50001299 50001084
275 276
263 263
191 191
175 215
253 255
175 177
198 201
120 122
105 108
177 183
250 259
188 196
116 121
203 213
55 58
212 225
265 283
218 234
266 286
254 274
224 244
216 236
248 272
117 129
272 300
106 117
217 240
195 216
198 221
89 100
203 230
106 121
215 246
136 156
60 69
86 99
114 132
225 262
198 231
185 216
128 152
41 49
112 134
247 298
125 151
147 179
198 242
179 219
228 279
69 134
225 277
121 149
219 270
181 224
222 276
59 74
163 207
192 244
73 93
103 136
162 214
190 252
101 134
224 298
159 213
212 285
60 81
185 250
173 234
120 163
207 282
187 255
153 211
61 85
207 289
185 260
74 105
124 176
114 165
201 291
185 270
201 298
46 69
187 281
197 297
114 173
196 300
109 168
192 297
189 298
108 171
104 165
168 271
153 250
157 259
163 270
170 289
145 247
69 119
119 207
86 154
67 120
159 285
62 112
135 244
123 225
143 265
88 164
118 220
154 290
158 299
129 247
115 222
68 231
43 84
152 297
35 69
68 135
117 233
20 40
109 220
33 67
23 47
124 255
53 109
88 182
113 234
70 145
70 145
89 185
123 256
133 279
106 223
88 186
104 223
117 257
122 269
130 290
35 79
60 136
7 16
94 217
125 295
124 293
106 254
91 219
113 272
54 130
35 85
87 215
73 182
111 278
116 294
47 120
103 264
89 229
112 291
64 167
94 249
106 282
27 73
105 286
49 136
103 286
23 64
43 120
94 263
74 208
33 93
86 244
34 97
99 283
90 258
69 211
38 120
19 60
87 285
69 232
66 226
27 95
64 227
72 259
44 160
54 197
79 292
44 165
31 118
67 260
68 266
55 216
55 217
61 244
14 57
21 94
39 178
39 186
11 53
54 264
54 278
5 26
37 203
41 225
33 185
38 214
51 293
48 276
26 154
32 191
46 279
32 208
14 94
35 241
19 133
15 106
33 244
33 246
15 118
7 63
20 181
16 152
7 67
22 234
19 210
3 34
24 285
19 230
22 293
10 141
17 244
12 199
14 270
13 262
11 289
2 53
4 115
7 228
5 202
4 163
4 168
6 291
4 202
2 153
