100004820
157 6
169 8
122 8
63 7
24 3
169 25
101 18
74 18
123 33
93 26
171 50
84 27
200 66
90 30
195 70
55 20
139 53
164 66
137 57
197 82
108 46
125 54
128 63
183 95
150 79
65 36
142 82
133 77
139 81
143 85
166 100
121 75
179 114
194 124
145 93
166 108
171 112
74 49
105 72
125 88
140 100
168 122
183 142
44 35
94 77
187 156
168 142
172 149
121 108
130 117
144 132
172 159
142 132
174 166
163 161
197 195
100 99
10390825 10390630
10024589 10024417
10012407 10012236
10024593 10024430
10781442 10781268
148 7
10012363 10012213
16250192 16250004
22500198 22500003
23 23
137 142
115 123
