1018681
10456 10271
10414 10270
18097 17850
198 89
295 218
169 12
18101 17848
148 126
139 105
281 7
270 174
270 227
97 24
18047 17835
262 76
286 15
142 107
145 67
131 43
248 195
10446 10321
133 54
85 24
296 185
89 29
10514 10342
257 114
18081 17835
100 25
295 152
14125 13954
289 30
153 111
276 104
211 127
242 106
258 160
294 78
211 146
279 155
111 80
62 45
130 92
289 169
269 127
14161 13910
295 149
14202 14019
176 70
217 104
298 79
188 140
226 100
212 112
14111 13909
10390 10236
14148 13932
10422 10169
12246 12040
12214 11991
10358 10229
10398 10141
12166 11973
12242 11954
12167 12001
12133 11988
12253 11993
12252 12020
10383 10137
11213 11000
10301 10134
10326 10167
11215 11060
11151 10989
11198 11018
11239 11054
11258 11041
11257 11081
18023 17813
11190 11033
10340 10146
10382 10225
10625 10498
10381 10163
10711 10519
10410 10254
10342 10127
10709 10513
10707 10507
10405 10269
10753 10559
10394 10147
10696 10489
10471 10344
10500 10349
10470 10314
11208 11090
25920 25674
11186 11056
14153 13990
18016 17841
10347 10236
18064 17877
14129 13969
18110 17910
10686 10573
12117 11989
11154 11042
14190 14030
10364 10256
207 196
292 281
12147 12028
11189 11081
14120 13985
10503 10403
10504 10404
10404 10307
10398 10302
12064 11957
10691 10598
11189 11038
25915 25691
10453 10363
17999 17845
10746 10655
