9718512088
275 12
239 16
93 10
231 30
188 43
118 30
159 45
212 72
133 47
235 97
269 113
289 127
168 74
241 113
186 102
82 45
42 25
222 146
280 201
232 170
219 198
170 157
313500290 313500010
292 14
313500273 313500133
313500209 313500092
313500194 313500080
313500232 313500121
313500124 313500018
313500189 313500083
313500222 313500116
313500291 313500024
313500164 313500109
313500128 313500037
313500242 313500174
313500160 313500101
313500147 313500092
313500283 313500264
313500131 313500077
313500162 313500119
313500235 313500194
313500161 313500131
313500268 313500251
232 250
313500200 313500227
313500128 313500157
313500115 313500161
313500081 313500139
313500126 313500189
313500164 313500228
313500183 313500272
313500023 313500121
313500091 313500199
313500080 313500192
313500167 313500283
270 278
248 280
157 178
94 107
66 83
37 49
116 170
171 252
132 195
168 268
120 281
116 277
87 262
12 161
17 276
7 261
