1001321
135 2
197 8
110 8
254 21
254 26
224 26
237 28
241 30
200 26
136 18
265 40
83 14
212 36
76 13
126 22
243 43
137 25
227 47
241 60
298 75
91 28
290 90
177 55
276 88
246 84
170 61
151 57
152 61
227 96
257 111
153 68
174 7
286 131
165 77
186 88
106 52
276 141
224 117
75 41
204 112
215 119
265 153
197 114
284 168
8 5
208 136
131 86
258 173
165 111
145 98
152 105
128 90
215 160
271 202
257 193
230 179
194 155
210 169
217 175
64 52
207 169
243 202
225 101
33 28
275 236
88 76
221 194
250 221
210 186
180 163
225 204
223 205
298 279
132 124
81 77
110 106
274 266
181 178
31508 31257
31547 31308
31505 31268
31512 31275
31524 31293
31484 31267
31498 31287
31529 31353
31524 31367
31532 31384
291 243
31514 31388
31548 31438
31540 31432
31512 31418
31527 31441
31544 31460
31519 31437
31533 31453
31529 31457
31487 31450
31486 31450
4 4
31539 31514
31532 31515
31512 31501
31535 31527
31532 31536
31493 31525
31521 31528
31540 31548
31491 31507
31482 31550
138 158
217 226
201 210
233 244
102 107
226 240
180 192
169 183
215 237
255 288
160 181
158 179
199 226
191 217
259 299
253 295
228 263
216 253
213 250
107 127
208 251
159 193
192 240
73 93
24 32
151 207
166 242
158 231
146 220
107 163
163 249
153 235
49 76
88 141
37 61
145 248
64 115
163 294
112 205
102 193
29 55
79 151
145 282
116 240
93 193
134 289
120 262
121 279
120 284
112 270
57 140
118 293
119 300
98 254
90 242
90 245
82 232
78 232
81 258
53 169
75 271
61 225
23 86
19 79
34 144
40 171
63 270
45 207
25 130
54 286
22 143
10 72
26 197
18 266
18 269
15 247
10 219
10 259
8 289
4 195
