1012217
15793 15642
31549 31255
15889 15649
15922 15798
252 10
15845 15669
15892 15767
15859 15710
267 182
299 161
252 175
15912 15637
290 63
224 105
15835 15684
8004 7874
8097 7827
163 23
282 46
8064 7918
133 2
31504 31280
8074 7866
7991 7819
296 79
248 78
8084 7908
2174 1995
8108 7867
2211 2084
2192 2038
2157 1963
2067 1982
2245 1967
2201 2097
2143 2028
8109 7921
2242 2059
8029 7883
3999 3911
4159 3940
4104 3996
4164 3919
4182 4002
4142 3985
4143 4056
72 20
118 55
139 67
124 73
176 120
219 151
215 154
174 129
199 168
225 191
171 154
189 172
139 128
2166 2088
2060 1998
2201 2139
2176 2130
4069 3993
2016 1981
4087 4026
4117 4059
4090 4037
4195 4151
8039 7969
8023 7959
15793 15678
15870 15755
4089 4060
8058 8004
15894 15788
15825 15723
8068 8017
31541 31344
31525 31336
31528 31343
15836 15744
15884 15793
15853 15763
4128 4105
3950 3929
4165 4144
8112 8073
15904 15829
15876 15802
31495 31352
2012 2003
31434 31298
31495 31362
2138 2119
15769 15705
4057 4041
31450 31332
15796 15737
15810 15753
269 243
7980 7867
62726 62535
62738 62552
8007 7984
4065 4054
31498 31414
7896 7877
2206 2207
2058 2062
229 239
