1032569
4159 3907
4150 3938
140 75
207 46
264 50
79 48
50 24
76 23
133 51
273 74
233 115
74 10
207 97
231 184
265 118
241 176
4206 4005
267 172
289 205
123 46
262 240
144 111
148 98
292 27
276 80
119 26
227 159
126 79
279 15
192 88
280 44
271 22
259 99
97 51
227 118
203 104
115 37
244 53
280 216
136 14
223 40
141 86
272 44
207 176
152 47
231 71
246 135
270 218
140 4
188 166
265 134
191 143
267 82
123 84
4152 3969
208 16
256 69
266 242
291 175
101 30
278 172
266 221
156 123
74 55
155 57
180 12
4179 3929
217 170
285 263
177 154
268 136
123 17
96 45
181 146
290 152
288 140
287 217
188 12
69 18
76 34
45 25
190 13
99 49
272 154
155 101
115 71
259 17
134 66
207 10
208 96
230 12
4099 3941
219 108
139 79
293 45
293 25
161 38
132 9
256 154
205 51
243 86
131 60
286 58
4113 3911
255 174
180 35
208 26
58 25
263 69
188 175
270 64
181 35
274 154
181 32
176 127
58 22
255 210
223 66
138 109
277 160
142 58
300 218
4181 3908
270 125
4144 4008
257 5
198 5
248 143
246 57
207 176
249 159
291 211
364 279
406 177
378 178
300 264
352 231
398 280
369 259
372 278
337 262
366 239
302 158
346 139
387 216
269 206
335 256
537 403
522 379
395 283
310 288
532 489
444 260
465 432
477 408
404 266
404 376
326 312
534 335
492 460
513 457
445 402
683 523
727 517
736 623
768 596
708 609
747 582
737 633
661 490
750 584
609 504
718 675
628 586
567 540
627 594
775 624
664 519
788 527
746 721
724 624
1103 1064
1258 1199
1255 990
1231 993
1028 987
1208 1134
1107 1036
1118 1004
1179 1041
1093 1013
1276 1044
1109 978
1266 1033
1244 1169
1137 978
1220 1080
1183 1146
1144 1064
1249 1015
1230 1055
2089 2004
2107 2036
2120 2026
2105 1998
2160 2058
2139 1987
2189 2034
2186 1996
2217 2022
2230 2152
2175 2061
2219 2136
4118 3955
4133 3988
4176 3999
15827 15722
31521 31283
8096 8038
31536 31291
15881 15766
8071 8011
15804 15685
8046 7854
8075 7910
8013 7905
4061 3943
4104 3996
8062 7932
4016 3945
8016 7895
4171 4063
4098 3999
7933 7859
4031 3912
2231 2184
8013 7909
8008 7938
15851 15658
8062 7833
4060 3992
31546 31272
8012 7849
15843 15709
4045 3931
15867 15732
8017 7841
2253 2204
8024 7857
7995 7835
15887 15655
8048 7986
15738 15626
31468 31253
31522 31358
21 11
12 8
51 39
104 97
170 160
246 235
212 203
377 366
182 177
1098 1071
608 594
1072 1048
606 593
529 518
221 217
167 164
769 757
239 236
2149 2125
4059 4014
406 402
4038 3999
4111 4075
4022 3989
4053 4020
718 713
7948 7898
15925 15834
15850 15766
4123 4102
8011 7973
15845 15774
31387 31260
31389 31269
31484 31365
8007 7978
31399 31288
31475 31365
15862 15808
8048 8023
171 147
62789 62561
15737 15677
62696 62530
3923 3921
193 193
501 502
