1015583
276 233
642 520
187 129
113 85
4173 3918
358 306
520 401
85 53
238 99
484 259
2210 2056
2263 1969
178 52
251 40
400 207
407 276
449 405
279 212
202 5
2254 2065
495 318
133 54
2213 1980
338 228
49 18
203 53
166 126
1159 1031
797 539
530 457
192 57
183 58
553 263
238 189
220 197
339 251
89 47
224 159
1134 1028
305 261
1215 988
1093 1009
1167 1025
174 56
534 368
1142 1044
1215 999
698 579
213 140
1258 1157
224 84
260 201
251 138
718 645
761 527
160 40
273 202
1286 1208
727 640
311 243
778 532
129 92
348 180
614 518
760 626
189 73
756 611
703 638
400 231
723 614
740 699
4185 4103
1177 1110
4167 4002
2109 2036
431 408
614 581
2223 2178
8051 7827
8105 7927
8110 7845
2105 2002
701 672
8076 7912
2189 2095
2206 2087
4212 4027
2073 2021
2100 1989
4186 4092
1178 1116
4038 3929
523 499
113 105
609 589
318 310
405 396
749 734
8108 7964
8035 7893
289 284
7967 7848
8089 7969
15932 15723
7940 7841
566 559
8122 8025
4112 4064
15880 15697
2030 2007
4030 3989
15888 15744
8051 7979
15811 15677
31541 31285
15814 15687
15935 15812
31518 31281
15836 15721
31515 31290
4062 4035
31527 31321
4167 4141
7934 7893
1266 1260
31528 31410
62754 62541
62760 62575
7918 7896
62785 62627
1118 1054
62718 62561
31350 31278
3960 3951
31378 31315
552 403
62707 62568
125309 125081
15863 15835
7980 7973
525 525
2111 2114
