1014540
33 11
69 1
69 31
18 1
65 35
98 38
86 58
70 56
77 9
80 33
89 47
90 3
83 61
55 22
97 69
66 25
38 14
80 55
45 38
79 49
24 17
96 34
68 9
14 12
29 2
37 25
19 9
81 69
50 43
35 25
75 27
99 18
94 52
89 76
37 4
73 58
82 48
100 19
54 43
95 40
50 38
91 2
89 11
72 59
72 26
77 31
35 9
68 38
89 74
43 7
79 21
77 61
37 26
96 44
95 39
99 7
69 44
77 25
62 21
33 8
67 49
92 47
96 2
48 12
89 13
56 12
62 40
93 48
91 8
60 48
76 36
87 50
36 31
95 9
22 1
4 3
61 1
17 7
61 11
15 12
85 54
57 15
66 31
62 14
85 68
47 22
44 35
75 16
59 19
100 60
38 13
85 42
53 39
74 38
3 1
17 7
91 46
88 2
99 49
42 3
47 8
28 17
52 9
85 68
45 7
36 8
84 21
92 31
64 37
72 61
52 23
73 31
98 66
33 6
49 42
47 4
86 34
96 47
97 43
88 6
74 46
77 65
86 62
60 2
26 15
29 7
82 41
79 7
98 83
63 50
100 76
75 31
21 1
43 7
33 25
94 35
80 22
48 7
79 64
94 9
4 3
75 27
97 30
44 2
50 32
61 1
5 3
89 24
95 15
50 4
72 37
65 11
89 69
52 34
66 44
44 1
74 61
100 29
77 49
21 7
85 26
79 3
28 6
1564 1498
62 54
1585 1494
1325 1305
1568 1524
2037 2002
1292 1275
3022 2967
3044 2957
1342 1282
3024 2959
1270 1250
3044 2973
3013 2981
3014 2969
3044 2971
1343 1270
3040 2958
3005 2954
83 74
1287 1256
3051 2993
1335 1279
3047 2969
1338 1304
1579 1524
3017 2959
1327 1297
3042 2964
1322 1254
1290 1257
81 75
3021 2979
1326 1250
1343 1250
1317 1251
1344 1253
3032 2966
3016 2971
3022 2959
3053 2999
1296 1251
3031 2999
1285 1259
1292 1245
1300 1247
1324 1293
1200 1162
4993 4911
97 89
1189 1139
1188 1142
2046 1979
1138 1125
1193 1140
1222 1194
5003 4950
1222 1187
1188 1161
1187 1124
1217 1141
1212 1150
4984 4913
1215 1187
1207 1172
1188 1164
4992 4939
1185 1161
1201 1178
1555 1519
2030 1985
2038 1986
1177 1155
1216 1192
4990 4933
5001 4917
1192 1128
4976 4912
5002 4908
1167 1145
2012 1988
88 81
2065 2034
2039 1993
2012 1984
2054 1979
1553 1527
2056 2022
2069 1983
95 83
2060 2037
2035 1977
1576 1500
1576 1546
84 77
1587 1533
2013 1978
2070 2040
2055 1981
1585 1520
2010 1980
1513 1496
1578 1530
1576 1489
2038 1994
1584 1561
2075 1990
80 72
1558 1523
99 88
1578 1552
1543 1527
2034 1986
62 54
1576 1521
1583 1558
2048 1989
91 84
1515 1495
2065 2043
2064 1983
1283 1272
16701 16632
1310 1302
8877 8843
4992 4942
3014 2993
8873 8843
16714 16639
32338 32259
32335 32264
16668 16626
16698 16630
4974 4935
8909 8850
2061 2049
4976 4955
4942 4923
5006 4955
4989 4949
1340 1327
8890 8834
4956 4913
2988 2968
3024 2998
1342 1333
4972 4924
8899 8824
8906 8874
4995 4963
4988 4968
32349 32265
1571 1558
3040 3011
4932 4915
1514 1504
2068 2047
2017 2005
3008 2996
16710 16646
4948 4930
2072 2057
5000 4967
3035 3013
4987 4954
16722 16647
8905 8882
8907 8860
1325 1316
2064 2053
16702 16659
1577 1566
4952 4937
8886 8838
16686 16628
3051 3039
1562 1553
16718 16652
4969 4951
1562 1547
4930 4909
1514 1501
1298 1286
8903 8844
8888 8854
1288 1278
1503 1492
16722 16671
1157 1149
1513 1505
4995 4967
4953 4907
8906 8878
1578 1567
3029 3017
8899 8829
3005 2994
60 55
90 85
19 18
91 87
70 67
55 53
58 56
95 92
33 32
75 73
79 77
1135 1129
1337 1331
1499 1493
1254 1249
1549 1543
1127 1123
1546 1541
1558 1553
1995 1989
2041 2035
2061 2055
8880 8858
2060 2055
1265 1262
4927 4916
16708 16673
8894 8876
8895 8877
2965 2959
4992 4982
32316 32253
1575 1572
32347 32289
32345 32288
1140 1138
16686 16657
16684 16656
72 45
8869 8819
8868 8849
1191 1189
1285 1283
8854 8841
1306 1305
40 40
32 32
