97253290
287 3
269 2
281 4
164 3
97 2
190 5
251 9
236 9
277 12
217 10
162 8
115 6
274 15
252 14
193 11
64 4
289 19
262 18
192 14
258 27
172 19
202 23
272 32
245 29
292 36
259 32
194 25
240 33
172 24
197 29
195 29
157 24
145 23
138 22
177 29
254 44
241 42
245 45
177 33
229 44
254 51
236 50
55 12
164 37
88 20
252 62
179 45
299 76
58 15
251 66
247 68
294 81
291 82
91 26
78 1
179 54
226 70
275 86
223 70
116 37
186 60
120 41
250 87
60 21
68 24
216 77
33 12
280 102
63 23
285 105
203 75
293 109
166 62
170 65
250 98
150 63
207 87
166 70
199 84
167 71
47 20
242 105
223 97
200 88
211 93
245 108
297 131
182 81
270 123
258 119
248 121
196 97
272 135
275 137
207 105
147 75
118 61
240 126
204 108
181 96
213 113
289 155
204 110
257 140
234 128
109 60
298 168
284 161
275 157
194 112
286 168
195 119
153 95
107 67
87 55
280 179
296 191
269 175
164 107
280 183
275 180
108 71
181 119
291 194
31 21
168 114
212 144
72 49
257 176
210 144
263 183
289 202
289 204
260 184
241 172
79 57
172 126
181 133
78 58
243 182
268 203
296 226
141 108
265 204
71 55
206 160
265 206
229 179
83 65
143 112
294 231
176 139
170 135
39 31
54 43
130 104
108 87
183 150
201 165
252 209
142 118
161 134
193 161
255 213
81 68
294 250
159 136
70 60
154 132
144 125
254 221
77 67
227 198
250 219
220 193
228 201
298 266
275 246
238 213
48 43
286 257
280 252
272 245
132 119
154 139
136 123
203 184
231 214
238 222
166 156
214 203
262 79
151 145
254 244
79 76
269 259
239 231
90 87
288 280
86 84
181 177
56 55
284 279
159 157
251 249
3135284 3135022
3135281 3135020
3135267 3135013
3135293 3135059
3135232 3135007
3135254 3135044
3135294 3135085
3135215 3135007
3135257 3135076
3135258 3135077
3135296 3135120
3135279 3135139
286 274
3135279 3135144
3135267 3135135
3135299 3135192
3135295 3135179
3135235 3135118
3135279 3135171
3135213 3135113
3135220 3135141
3135285 3135216
3135272 3135207
297 297
3135298 3135262
3135251 3135218
3135245 3135214
3135235 3135209
3135282 3135289
3135242 3135259
3135274 3135293
3135241 3135263
3135221 3135291
123 186
241 244
120 122
262 268
281 289
232 240
279 290
226 237
260 279
256 275
178 193
232 252
11 12
125 138
163 180
226 250
207 231
265 296
126 141
236 266
90 102
118 134
244 278
214 245
212 243
207 239
81 94
155 180
31 36
110 128
155 181
220 257
186 218
237 279
213 251
44 52
190 226
124 149
32 39
141 172
107 131
217 271
137 173
146 185
78 99
81 103
139 177
207 271
221 290
57 75
116 153
114 151
128 170
145 194
199 270
169 230
192 262
204 280
88 122
152 212
176 250
132 195
178 263
73 108
42 126
67 103
132 203
120 185
161 249
27 42
164 259
167 266
67 107
109 176
24 39
138 226
36 59
118 197
79 132
154 258
174 295
38 65
158 273
131 229
143 250
164 288
74 130
32 57
110 196
87 156
158 288
12 22
43 80
104 196
96 181
100 191
140 271
152 295
51 100
133 262
95 188
72 144
97 195
112 229
93 191
77 160
136 288
76 163
17 37
41 90
63 139
105 235
103 231
97 220
44 100
44 101
109 252
70 163
107 259
31 76
52 128
56 138
114 281
22 55
66 168
65 167
20 52
62 174
65 190
90 274
89 279
83 262
31 98
84 273
30 98
59 202
62 217
68 240
28 99
23 82
83 298
59 222
37 140
67 256
37 143
70 279
32 128
51 207
31 128
45 192
55 237
50 217
39 173
39 176
50 229
60 275
51 241
51 250
52 256
54 269
27 135
47 241
45 233
46 243
50 275
22 128
43 254
11 65
36 218
33 221
8 57
27 195
34 262
24 190
23 197
24 214
21 230
12 133
12 135
15 176
23 298
14 193
19 277
17 267
11 175
15 253
9 177
14 297
9 232
8 211
10 280
4 144
5 194
