5100015013
82 55
83 1
67 1
59 1
49 1
39 1
90 3
88 59
72 3
96 4
99 5
39 2
95 5
57 3
53 4
95 8
45 4
69 7
78 8
87 9
95 11
38 5
66 9
72 10
70 11
38 6
76 13
68 13
78 15
75 16
78 17
36 8
95 63
81 22
86 25
65 21
82 27
81 53
98 35
61 22
47 17
82 31
86 55
88 37
99 42
68 29
88 39
89 40
53 24
85 54
71 33
92 43
62 29
93 44
84 40
63 30
78 38
58 29
98 62
94 59
72 36
91 56
70 43
91 46
80 42
95 50
79 42
87 53
96 52
92 51
88 49
96 54
94 56
94 54
79 47
68 40
75 44
80 47
26 1
34 9
21 7
39 16
13 6
2 1
42 21
48 24
8 4
48 26
37 21
50 29
55 32
35 22
25 16
47 32
79 54
68 47
73 51
84 59
76 54
80 57
91 66
37 27
94 70
59 44
20 15
65 49
96 73
42 32
32 25
99 78
40 32
66 54
89 73
57 47
37 31
81 71
66 58
60 53
69 61
26 23
64 58
84 77
97 89
52 48
80 74
99 92
61 57
75 71
70 67
49 47
35 34
36 35
36 35
42 41
53 52
59 58
83 82
99 98
93 1
5100000100 5100000016
97 97
66 66
37 37
32 32
36 36
83 100
78 79
54 55
46 47
33 34
90 93
64 67
91 96
90 95
55 59
26 28
65 71
43 47
42 46
62 69
85 95
84 95
84 95
82 94
55 64
75 88
45 53
77 91
82 97
43 51
32 38
26 31
23 51
68 82
41 50
77 95
50 62
57 72
56 71
9 12
66 90
22 30
67 92
8 11
52 72
67 93
18 25
36 50
54 75
48 67
59 84
40 57
14 20
30 43
38 56
27 40
55 83
60 91
53 81
51 79
32 50
37 58
33 52
55 87
60 95
41 65
34 54
39 62
5 8
39 63
26 42
61 100
59 97
34 56
23 38
57 95
49 84
41 72
35 62
51 93
40 74
41 76
38 72
49 94
32 62
51 99
37 72
37 73
2 4
6 12
2 4
38 77
34 69
36 74
42 89
33 71
24 74
37 83
29 67
16 37
39 91
24 58
30 77
27 72
12 33
18 54
32 97
27 83
31 98
11 36
21 69
24 79
25 86
27 93
14 49
23 81
22 78
26 93
23 84
27 100
17 64
7 27
18 72
10 41
9 39
10 44
10 45
17 82
20 98
18 89
10 56
11 62
12 72
14 86
12 77
10 71
7 51
13 98
3 24
1 8
9 73
4 34
7 62
4 36
1 9
5 50
4 44
9 100
5 60
4 48
5 62
6 79
5 80
5 93
4 77
3 62
4 87
3 87
1 40
2 93
1 98
