97002009
215 1
295 3
229 3
188 3
232 6
240 9
126 5
223 9
271 11
187 9
163 8
200 10
73 4
290 17
283 17
96 6
264 17
292 21
241 18
118 9
155 12
241 19
249 20
166 14
252 22
221 20
272 25
285 28
234 23
263 26
99 10
255 27
262 28
247 2
233 29
171 22
178 24
216 30
160 23
290 42
250 38
72 11
102 16
187 30
296 48
153 25
158 28
285 51
299 54
167 32
140 28
277 57
228 47
286 60
84 18
198 44
210 48
297 70
254 62
90 22
208 52
167 42
278 72
162 42
254 66
247 65
76 20
128 34
88 24
226 62
272 77
189 54
296 85
153 44
169 49
155 45
258 77
220 66
248 30
282 85
185 60
241 79
262 86
286 94
228 75
249 82
290 97
179 60
281 95
288 98
80 28
251 88
208 74
222 79
285 102
279 100
159 57
169 61
229 83
157 57
187 68
184 67
241 92
300 115
255 98
290 112
181 71
163 64
240 95
247 99
266 107
256 103
193 78
262 107
44 18
196 59
275 113
275 114
216 91
266 113
235 100
222 96
249 109
131 58
255 113
276 123
241 109
247 112
185 84
124 57
169 78
256 120
232 109
237 112
74 35
237 113
290 140
93 45
285 140
73 36
161 80
222 112
206 105
263 135
161 83
145 75
260 135
296 155
249 102
82 44
201 108
199 107
226 122
281 152
190 103
181 100
226 125
108 60
221 124
224 126
85 48
228 131
169 98
266 155
143 84
291 171
288 171
163 97
92 55
299 179
212 127
242 146
81 49
189 115
271 165
200 122
124 76
227 141
82 51
241 151
185 116
294 185
239 153
196 126
293 190
166 109
248 163
269 177
281 185
128 85
264 176
166 111
142 95
212 143
225 155
230 159
156 108
98 68
202 141
239 169
271 192
244 173
93 66
187 133
170 121
140 100
270 193
151 110
259 189
213 156
146 108
108 80
274 203
211 157
76 57
132 99
213 161
174 132
142 108
252 194
263 203
268 207
269 208
223 173
182 142
148 116
238 187
276 217
282 148
63 50
282 228
246 199
137 113
293 242
254 210
93 77
165 137
266 221
214 178
157 131
141 118
115 97
250 211
169 143
300 254
224 190
227 193
165 141
110 94
233 200
278 239
275 237
254 219
197 170
291 252
167 147
151 133
171 152
109 97
228 180
41 37
186 168
290 264
234 214
85 78
266 245
186 173
258 240
294 275
179 168
253 238
137 129
78 74
124 118
25 24
222 214
196 189
187 181
273 265
110 107
297 289
279 273
122 121
143 142
298 296
248 247
271 270
3126297 3126006
3126294 3126022
3126281 3126030
3126255 3126041
3126264 3126051
3126293 3126083
221 198
3126258 3126059
3126268 3126072
3126273 3126078
3126292 3126108
3126261 3126101
3126271 3126115
3126299 3126155
3126279 3126072
3126264 3126124
3126282 3126153
3126298 3126210
3126261 3126134
3126287 3126160
3126265 3126141
3126256 3126155
3126289 3126197
3126276 3126194
3126273 3126199
3126295 3126222
3126281 3126217
281 285
3126261 3126223
3126275 3126258
3126289 3126277
3126284 3126278
3126260 3126258
24 24
135 141
258 260
263 266
190 193
157 160
255 261
114 117
111 114
200 206
275 285
184 191
253 263
204 213
203 281
147 154
253 266
235 248
269 286
276 294
229 244
274 294
71 77
231 251
90 98
71 78
216 238
158 175
158 175
247 274
242 270
163 182
239 267
162 181
203 227
102 115
120 136
223 254
185 211
252 289
227 263
91 106
6 7
228 266
104 122
200 236
22 26
211 250
247 294
126 151
218 262
164 198
100 122
213 260
184 226
214 263
221 272
198 245
221 274
240 298
115 143
231 288
140 176
61 78
137 176
233 300
172 223
115 150
225 294
202 264
211 276
153 201
192 254
153 203
147 199
113 154
198 270
92 127
42 86
124 174
197 277
160 227
148 210
148 211
89 127
110 157
189 271
146 212
126 183
182 265
86 126
153 225
84 125
176 264
69 104
121 184
123 190
108 167
141 224
149 238
164 264
165 271
59 97
76 125
139 229
142 235
128 214
69 116
152 257
121 207
149 255
108 186
115 199
152 265
156 274
125 220
34 60
123 220
147 264
75 135
62 113
148 271
157 288
55 101
19 35
71 131
146 270
20 37
124 230
121 225
121 225
122 227
133 250
47 90
39 75
133 260
79 155
112 220
114 227
9 18
102 205
131 267
55 262
137 282
136 283
12 25
137 291
125 267
128 276
53 115
69 150
95 216
126 294
55 129
94 221
64 152
110 275
103 261
116 296
84 219
69 180
57 151
67 179
58 157
7 19
63 174
32 89
75 216
101 291
59 170
47 136
83 241
24 71
77 232
98 300
59 181
48 148
67 207
94 293
47 151
84 270
78 252
68 220
44 146
81 270
62 207
81 274
51 177
52 182
71 249
43 155
70 254
73 265
75 275
80 299
29 109
58 230
71 293
46 192
33 138
21 88
66 278
55 236
65 280
63 279
9 40
34 155
60 287
33 158
45 216
56 269
58 281
19 93
36 178
40 198
46 233
37 198
54 290
54 290
37 199
48 270
23 131
40 249
16 100
24 153
30 193
45 292
12 78
32 208
34 223
40 264
21 140
41 292
12 88
16 118
29 214
31 229
21 166
17 136
28 226
21 173
10 83
27 240
26 233
24 221
21 194
13 124
16 162
10 106
25 287
16 186
7 85
16 197
21 270
16 211
22 292
17 260
17 272
9 162
14 270
13 277
6 132
10 230
6 150
10 269
4 109
6 164
6 180
6 205
5 176
5 187
