9997612676
295 2
188 3
121 2
118 2
233 5
165 4
113 3
145 4
266 8
183 6
118 4
290 10
53 2
263 10
300 13
292 13
208 10
286 14
177 9
259 15
46 3
242 16
209 14
143 10
200 14
285 20
225 16
164 12
239 18
204 16
161 13
254 21
253 22
198 18
251 23
259 24
246 24
189 19
132 14
131 14
143 16
291 34
136 16
279 33
244 29
109 13
273 33
296 36
242 30
196 25
125 16
117 15
156 20
115 15
142 19
231 31
298 45
260 40
208 33
88 15
279 48
284 49
141 25
299 55
212 39
100 19
182 2
258 51
104 21
189 39
285 59
240 50
28 6
185 40
298 65
260 60
299 69
280 66
161 38
276 66
108 26
184 45
162 40
270 67
166 42
279 72
173 45
119 31
291 76
238 63
184 49
190 51
183 50
257 73
167 48
198 57
283 82
217 63
148 43
254 74
143 42
213 63
282 84
208 62
200 60
239 72
258 78
284 87
91 28
202 63
232 73
244 78
178 57
268 86
221 71
206 67
184 60
242 80
288 96
79 27
211 73
291 104
130 47
297 108
256 94
288 106
144 53
192 73
194 74
233 91
206 81
127 50
265 105
217 86
230 92
125 50
285 115
199 81
100 41
282 117
115 48
300 129
232 100
148 64
231 100
247 107
137 60
206 92
276 124
296 133
218 98
195 88
84 38
130 59
223 44
208 95
273 126
190 88
245 114
210 98
78 37
265 127
195 94
296 143
245 120
104 51
293 144
297 147
299 148
260 129
140 70
92 46
129 65
181 92
240 123
216 111
196 101
254 131
184 95
60 31
239 124
279 146
21 11
277 146
193 103
153 82
192 103
39 21
87 47
298 162
261 144
253 141
232 130
283 159
245 139
266 151
107 61
246 142
193 112
224 130
93 54
249 147
73 44
275 166
164 99
293 178
151 92
298 183
109 67
220 136
77 48
168 105
279 176
198 125
288 182
214 136
163 104
183 117
106 68
243 157
97 63
41 27
264 174
120 80
139 94
191 130
275 190
224 155
276 191
251 174
284 199
250 176
279 198
222 158
243 174
25 18
68 49
255 184
162 117
135 98
251 183
243 178
257 190
73 54
50 37
288 214
189 141
151 113
88 66
187 141
112 85
220 167
171 130
63 48
229 175
279 214
176 135
217 167
274 213
90 70
107 84
294 231
187 147
262 206
85 67
142 112
289 228
49 39
276 220
173 142
140 115
218 182
261 218
295 247
197 165
290 243
88 74
151 127
258 217
127 107
153 129
217 183
263 222
261 221
225 192
271 232
271 232
147 126
300 137
115 99
173 150
295 256
243 211
101 88
187 163
94 82
267 233
261 228
249 218
242 212
105 92
211 185
148 130
116 102
233 205
204 180
51 45
196 173
160 142
261 232
258 232
290 262
244 221
129 117
120 109
276 252
259 237
249 228
227 208
24 22
242 222
186 171
287 266
183 170
216 201
175 163
191 178
281 265
36 34
139 132
266 253
193 166
175 167
252 241
123 118
210 202
169 163
203 196
30 29
188 182
183 178
258 251
185 181
288 284
255 252
111 110
137 136
322500288 322500013
322500269 322500005
322500293 322500043
322500275 322500047
322500279 322500053
322500291 322500066
322500257 322500038
322500236 322500021
322500300 322500087
322500248 322500057
322500279 322500102
322500244 322500085
322500235 322500085
168 160
322500288 322500143
322500233 322500090
322500297 322500281
282 300
322500266 322500127
322500292 322500156
322500266 322500176
322500250 322500174
322500293 322500247
322500286 322500263
47 47
322500255 322500259
322500264 322500274
322500228 322500277
322500228 322500249
322500262 322500287
322500229 322500261
322500252 322500285
322500247 322500282
322500230 322500266
264 283
232 233
189 191
220 223
217 220
196 199
236 240
229 233
226 230
140 143
279 285
122 125
243 249
132 136
221 229
246 255
242 251
188 195
51 53
68 71
88 92
218 228
60 63
139 147
271 287
190 202
201 214
235 251
157 168
214 283
110 118
67 72
253 273
177 191
210 228
231 251
268 292
187 205
249 273
144 158
273 300
263 290
270 300
159 178
138 155
266 300
197 223
264 299
122 139
86 98
207 236
98 112
74 85
172 198
227 262
214 247
181 210
146 170
78 91
230 270
168 198
131 155
141 168
40 48
94 113
226 272
194 234
202 244
161 195
235 285
202 246
81 99
133 164
148 183
185 229
181 226
196 245
60 75
194 243
225 282
180 226
237 300
182 231
100 127
126 161
155 199
136 175
81 105
192 249
200 261
110 144
142 187
72 95
117 208
180 239
153 204
203 272
47 63
175 236
213 290
178 243
155 212
214 295
205 283
142 197
64 90
152 214
177 250
123 174
62 88
90 128
149 212
125 178
16 23
177 255
56 82
43 63
120 176
94 138
204 300
169 250
83 124
145 217
167 250
157 236
165 249
82 124
193 293
81 123
71 109
92 142
82 127
89 138
123 191
169 263
121 189
104 163
84 134
125 200
187 300
100 162
97 159
92 152
129 215
175 292
154 257
62 104
117 197
68 115
103 175
163 277
107 182
44 75
140 242
56 98
82 144
103 183
52 139
125 223
144 258
117 210
94 170
42 76
118 215
113 207
94 173
49 91
141 262
52 97
73 137
88 166
21 40
69 132
127 244
66 128
45 88
140 274
150 297
58 115
12 24
50 100
123 248
95 192
77 156
114 235
103 217
129 272
102 218
101 216
95 204
122 262
87 190
106 232
87 196
61 138
52 118
81 185
77 177
119 275
3 7
78 183
124 293
55 132
94 227
51 124
82 200
91 223
88 217
118 291
58 144
40 100
60 151
28 71
53 135
88 226
72 186
32 83
101 263
66 172
66 175
85 226
39 209
72 194
59 161
106 290
109 300
27 75
100 278
40 112
42 118
101 288
82 238
61 178
91 266
54 159
80 237
38 113
59 177
70 211
96 296
87 270
25 78
65 205
90 287
30 96
43 138
82 267
85 277
28 92
63 207
80 264
23 76
38 127
87 293
29 99
28 96
49 170
59 206
65 231
80 287
22 79
39 141
74 271
61 225
71 266
58 220
75 286
73 283
59 230
17 69
38 157
62 257
60 249
24 102
67 285
26 112
40 184
48 227
53 253
39 191
39 191
15 75
54 279
52 274
32 169
17 90
55 297
54 295
37 204
35 193
7 40
42 252
9 58
4 26
6 42
30 212
16 114
26 186
28 213
16 123
22 171
31 247
29 233
37 298
27 219
36 292
15 122
26 222
23 198
6 52
31 269
33 295
7 63
28 259
27 254
13 127
8 84
17 204
17 204
4 50
17 233
4 55
13 180
13 190
6 88
16 236
12 187
17 273
15 270
10 191
11 261
7 172
6 151
9 234
10 261
10 261
6 161
10 271
2 62
7 220
7 224
4 140
8 287
4 145
5 190
4 161
2 86
5 268
1 243
1 255
