50017480
166 4
89 6
39 3
172 14
102 10
103 13
130 17
140 19
110 15
88 14
63 11
192 34
101 18
136 25
63 13
76 16
75 16
194 44
193 45
178 42
173 41
189 51
140 38
186 51
53 15
111 32
150 47
89 28
75 24
95 31
142 50
180 65
96 35
185 69
154 58
29 11
130 50
95 37
183 72
63 25
193 78
174 73
141 64
80 38
82 39
48 23
127 61
150 74
134 68
189 96
92 47
121 62
117 63
175 96
170 97
144 83
142 82
163 99
120 74
193 120
178 113
60 39
74 51
115 80
119 83
30 21
94 66
186 131
194 139
159 115
174 127
164 120
181 134
130 98
180 137
127 103
169 139
72 61
189 161
120 103
140 121
134 118
177 158
156 144
162 152
51 48
177 169
94 92
180 177
171 7
50001199 50001194
167 188
162 184
151 157
21 22
136 146
66 76
162 187
88 102
88 104
75 92
141 177
86 109
150 194
129 170
79 105
141 190
139 190
131 182
59 82
40 56
139 197
117 170
104 154
20 31
115 180
74 117
82 131
108 190
25 45
63 119
79 158
77 173
50 114
84 195
78 183
46 108
65 154
50 126
25 65
40 105
51 134
50 136
56 154
45 124
29 85
61 182
55 165
29 90
49 153
41 140
16 62
23 93
31 129
24 105
30 192
18 120
18 125
17 123
27 200
15 112
18 145
20 175
13 117
20 191
11 117
6 96
5 105
9 195
1 29
1 95
