9690695340
168 1
238 3
163 3
176 4
158 4
236 6
264 8
289 9
255 8
91 3
212 7
216 8
170 7
95 4
20 1
144 8
197 11
88 5
260 16
117 8
272 21
267 24
204 19
225 21
74 7
294 30
88 9
186 20
293 32
173 19
171 19
53 6
219 26
236 29
8 1
119 15
244 31
293 39
221 31
80 1
95 14
272 41
218 34
274 43
250 41
259 43
144 24
234 39
152 26
287 51
229 41
11 2
70 13
283 53
212 40
106 20
280 53
232 44
214 41
44 9
105 22
185 39
290 62
277 60
297 65
279 62
255 58
233 53
258 60
268 63
121 29
277 69
271 69
262 68
121 32
257 68
231 63
206 57
262 73
258 72
78 22
248 35
42 12
112 32
136 39
209 60
262 76
242 71
172 51
222 66
228 69
289 88
85 26
169 52
260 83
294 94
209 67
76 25
267 88
83 28
258 88
196 67
218 75
205 71
98 34
286 100
240 84
259 91
221 79
146 54
198 75
287 109
131 37
206 80
95 37
196 77
210 83
265 106
116 47
50 21
169 71
297 126
165 70
79 34
179 78
110 48
151 66
136 61
265 121
294 135
204 94
272 129
246 118
296 142
213 103
165 80
296 145
155 76
236 116
142 71
254 129
173 88
279 143
169 87
240 124
180 94
284 150
295 156
156 83
236 126
276 148
244 93
79 43
184 101
185 102
289 160
155 86
262 146
281 157
260 146
300 169
109 62
263 151
111 64
123 72
269 158
256 151
247 146
216 128
47 28
181 109
283 171
114 69
170 104
134 82
230 141
280 172
203 126
193 121
103 65
136 86
258 164
207 132
259 166
201 129
70 45
166 108
104 68
263 172
146 96
186 124
277 185
274 183
185 125
167 113
266 182
182 125
230 158
152 105
62 43
62 43
119 83
203 143
229 162
55 39
274 196
166 119
230 165
277 199
180 131
173 126
269 196
120 88
171 126
137 101
294 217
253 187
94 70
240 179
289 216
262 197
283 213
280 211
142 108
285 218
232 179
278 215
262 203
258 200
243 190
185 145
84 66
126 99
267 210
164 129
232 183
185 147
250 199
50 40
207 166
277 223
113 91
83 67
265 214
274 222
195 158
285 232
179 146
246 201
192 157
128 105
275 226
159 131
123 102
53 44
265 221
123 103
99 83
177 150
296 254
59 51
282 152
179 155
202 175
167 145
297 258
196 171
283 247
146 128
90 79
293 258
196 173
158 140
116 104
167 151
192 174
221 201
293 267
258 237
195 180
79 73
107 99
42 39
264 246
174 163
181 171
290 274
100 95
163 156
119 114
127 122
259 224
255 249
141 138
212 209
287 284
210 208
219 217
269 267
283 282
312600291 312600002
312600289 312600007
312600274 312600027
312600299 312600062
312600254 312600019
312600222 312600013
312600268 312600067
312600268 312600075
312600262 312600072
312600244 312600069
312600255 312600090
312600243 312600081
312600232 312600072
312600232 312600074
312600271 312600138
251 244
111 111
312600274 312600153
312600261 312600148
312600266 312600164
312600224 312600148
312600254 312600184
312600226 312600160
312600261 312600200
312600294 312600288
312600238 312600202
312600249 312600217
312600289 312600264
312600255 312600253
21 21
48 48
312600234 312600240
285 294
312600258 312600273
312600265 312600282
312600272 312600294
252 288
128 130
99 101
179 183
219 224
120 124
268 277
246 256
191 200
82 86
121 127
277 291
57 60
138 146
67 71
235 251
269 288
207 222
110 118
95 102
251 270
157 169
89 96
151 163
113 122
218 236
145 157
199 217
150 164
94 103
170 187
223 248
260 290
192 218
130 148
209 238
151 172
158 180
172 276
185 212
195 225
123 142
208 244
137 161
159 187
157 186
178 212
173 207
140 171
164 201
204 252
233 291
220 275
202 253
178 224
180 227
142 180
219 278
144 183
224 285
123 157
143 183
225 289
203 261
51 66
137 178
120 157
152 200
175 231
183 243
134 178
149 199
166 222
70 95
120 163
8 11
149 205
177 244
93 129
107 149
127 177
101 141
154 216
165 232
150 211
212 300
33 47
160 228
53 76
208 300
97 141
139 204
193 284
101 151
190 288
185 283
28 43
169 262
122 191
177 278
99 156
84 134
126 296
119 192
75 122
166 273
127 211
120 200
172 288
133 223
152 255
135 227
37 63
104 178
49 84
126 217
128 222
146 254
168 293
163 285
93 165
95 169
110 196
162 289
87 158
154 280
42 77
59 109
134 249
159 297
123 230
157 298
52 99
137 262
87 167
40 77
33 64
84 163
56 110
30 59
19 38
89 179
57 115
106 215
141 286
70 142
72 148
89 184
134 279
20 42
134 283
131 279
84 180
128 279
73 161
91 202
72 160
105 236
28 63
35 79
132 299
40 91
104 240
68 157
45 104
51 118
59 300
60 141
124 295
111 267
54 131
35 85
26 64
106 261
26 65
72 181
41 104
116 297
16 41
30 80
94 255
23 63
4 11
95 263
105 294
95 270
24 69
72 211
90 264
49 146
60 184
73 224
84 264
64 202
84 266
40 128
81 260
60 195
44 145
77 256
37 124
77 261
49 167
52 179
79 273
55 191
85 296
69 245
60 214
80 287
72 262
69 257
56 209
57 214
45 174
61 237
40 159
42 170
60 246
66 277
47 200
35 150
25 108
41 181
35 157
15 70
52 244
28 135
29 140
57 278
31 155
15 78
17 91
50 268
14 78
52 292
34 192
29 164
46 263
30 178
12 72
21 127
41 249
38 232
48 296
25 159
30 200
25 173
17 118
24 180
17 129
18 140
23 185
25 205
32 265
14 117
29 244
21 182
21 182
31 275
30 267
31 278
31 285
15 141
7 67
27 260
20 197
19 195
7 78
21 238
17 196
9 104
9 115
23 299
14 185
19 258
13 182
19 295
11 174
17 273
12 201
15 264
4 72
16 290
12 270
6 135
13 298
7 164
12 285
7 241
2 95
3 198
2 150
1 106
1 165
