1049891
485 285
491 275
220 118
493 270
264 41
203 53
300 36
140 3
158 2
230 93
250 64
208 90
260 83
201 60
293 124
223 38
237 48
121 7
285 5
107 48
256 120
186 69
187 83
242 76
245 29
127 8
80 9
297 14
60 31
244 76
41 14
219 2
225 27
180 7
216 79
284 21
215 65
266 139
70 40
300 85
117 65
300 83
100 59
274 26
148 62
199 38
155 62
192 18
235 71
299 4
51 1
269 141
211 119
187 85
225 86
208 96
200 65
256 137
271 24
290 21
144 37
298 138
197 57
285 65
280 28
164 53
254 78
229 86
40 18
201 88
255 75
206 109
191 34
250 72
210 39
158 54
223 21
38 14
133 56
268 53
222 84
167 70
134 40
265 153
242 101
103 16
203 90
219 43
158 1
133 21
169 12
224 14
230 89
230 86
209 28
182 90
55 23
136 35
214 26
122 51
246 40
249 17
287 19
96 46
183 34
280 59
242 12
163 36
300 160
57 31
143 68
155 31
244 128
231 53
289 28
286 47
269 77
109 25
150 81
235 26
267 121
251 127
291 106
150 88
314 97
277 84
280 49
315 85
188 68
282 44
207 110
97 57
338 68
284 147
292 144
234 53
241 102
328 132
259 48
198 74
333 52
299 55
239 133
353 181
276 161
294 148
191 73
141 79
188 81
346 91
362 140
304 135
332 168
239 82
291 161
395 136
431 188
313 140
388 181
394 173
271 160
423 156
465 261
530 268
438 255
15835 15697
168 131
279 239
323 214
723 506
188 134
224 150
749 581
798 628
240 201
216 176
181 125
289 235
681 582
749 642
65 46
190 141
650 561
627 509
267 180
739 528
209 159
188 162
219 162
130 97
300 181
762 613
244 183
753 549
219 185
1256 1088
482 380
213 169
393 277
541 442
154 130
86 62
353 291
306 245
396 294
503 399
266 192
228 169
422 322
527 456
220 189
132 110
1230 998
321 272
247 179
235 165
479 304
125 79
536 403
1239 1052
1239 1024
503 405
1268 1074
1221 1059
549 377
1284 1002
427 315
235 150
270 221
493 367
530 400
404 346
245 153
214 145
258 216
153 95
245 197
248 215
342 223
185 121
417 295
393 263
250 203
255 156
285 228
244 192
280 175
427 318
222 191
352 298
235 177
184 130
144 117
226 162
265 160
282 221
272 178
294 238
60 37
327 258
272 181
220 135
231 156
299 185
109 86
238 189
257 177
192 164
268 191
188 146
314 202
192 160
296 205
160 128
198 118
295 252
282 202
674 585
101 72
263 190
73 54
294 202
280 189
138 113
300 244
128 91
159 100
264 213
312 237
15730 15638
7983 7914
15807 15676
31520 31339
8116 8059
31544 31369
7913 7856
2168 2064
2185 2025
8104 8014
760 713
7995 7876
7934 7854
2178 2095
649 603
15842 15648
239 213
8090 7979
2061 1993
723 637
8070 7995
2252 2189
8039 7962
8121 8021
303 277
660 579
8057 7915
259 227
2247 2208
8045 7883
8099 7855
2165 2047
15890 15730
697 618
8038 7925
8028 7838
2165 2103
664 615
2128 2028
205 179
2068 1992
8032 7895
325 295
740 679
2046 1970
586 533
7954 7862
798 727
8068 7885
266 238
1237 1115
15834 15691
386 346
1183 1074
2259 2100
4117 3930
4033 3976
284 256
393 359
15880 15690
4194 3985
4052 3999
15858 15687
4182 4092
2123 1974
271 237
15853 15685
4136 3945
1130 1025
282 245
4135 3925
1192 1100
1214 1158
329 298
4178 3920
2179 2028
15923 15698
2251 2150
4193 3995
3991 3922
2241 2061
1068 1022
377 346
4159 3952
1284 1122
4098 3950
4117 3995
2129 2021
2051 2014
4135 3962
1097 998
1216 1062
2165 1999
4151 3929
1106 1049
4145 3971
300 263
1172 1118
4147 4089
31551 31351
31558 31292
15866 15735
15768 15663
30 14
31 21
48 33
47 34
77 60
61 50
94 80
82 71
107 93
76 67
196 173
186 168
139 126
214 194
109 100
146 134
238 219
185 171
252 233
261 242
222 206
294 273
257 239
255 238
151 141
304 284
292 273
210 197
227 213
283 266
207 195
160 151
63 60
190 181
218 208
204 196
301 290
757 735
351 342
745 727
214 209
178 174
277 271
1181 1160
642 631
544 536
253 250
424 419
2163 2139
31557 31399
15829 15751
31473 31306
134 57
4211 4179
8030 7980
4174 4146
8092 8039
8031 7978
31503 31359
15752 15682
1195 1184
1172 1163
1112 1104
284 282
4152 4128
4191 4168
3968 3949
8089 8051
7900 7863
4082 4063
8104 8067
15919 15857
1235 1223
62762 62513
31468 31296
31419 31304
335 334
2054 2049
7853 7834
280 280
255 255
102 104
