100006125
1097754 1097660
77 9
89 24
88 8
84 20
94 5
90 26
88 1
100 6
100 30
87 17
1048889 1048831
58 9
43 7
29 5
55 17
33 13
69 29
61 26
78 37
67 38
61 36
83 50
85 55
95 66
74 55
50 38
59 50
94 82
34 30
68 62
97 91
81 76
86 83
44 43
77 76
1097753 1097661
1048927 1048842
1024507 1024426
1012292 1012214
1012286 1012209
1012307 1012230
1048917 1048842
1048908 1048834
1195397 1195313
1048903 1048832
1048918 1048847
1097738 1097667
1390711 1390626
1390714 1390629
1024477 1024415
1024502 1024441
1012292 1012232
1048917 1048855
1097735 1097672
1390707 1390628
1097726 1097664
1097747 1097685
1390708 1390630
1024493 1024436
1024498 1024442
1195393 1195328
1390716 1390641
1097736 1097677
1012289 1012235
1012291 1012238
1012275 1012224
1024508 1024457
1195382 1195323
1195390 1195331
1195412 1195353
87 59
1024496 1024446
1024475 1024426
1781337 1781253
1048922 1048873
1390714 1390650
1195386 1195331
1048902 1048854
1781339 1781258
1195393 1195339
1781332 1781252
1024511 1024466
1195393 1195341
1195398 1195346
1012272 1012228
1024477 1024433
1048905 1048860
1048921 1048876
1024464 1024421
1024465 1024422
1097735 1097690
1048928 1048886
1781347 1781276
1195380 1195333
1097721 1097678
1024489 1024449
1390699 1390645
1390704 1390652
1390693 1390643
1781327 1781265
1390722 1390675
1781338 1781278
1781333 1781275
2562599 2562516
1195404 1195366
58 1
1390687 1390631
1781347 1781295
39 39
1390669 1390627
1781313 1781261
2562590 2562516
2562582 2562509
2562574 2562502
65 66
