96925955
131 3
189 6
131 10
186 15
147 12
91 8
152 14
155 16
164 17
103 12
199 25
50 7
151 23
179 30
150 26
33 7
129 28
174 38
157 45
135 39
89 27
137 49
195 70
121 45
192 72
65 25
156 61
128 53
101 42
186 79
80 36
81 37
24 11
83 39
186 5
68 33
141 69
97 48
125 62
87 45
81 43
155 87
158 90
123 73
181 109
98 60
56 35
183 120
147 97
178 121
33 23
73 52
148 106
164 119
184 134
93 69
109 85
142 111
180 141
144 113
118 93
164 130
34 27
120 97
64 52
151 130
159 142
119 109
192 176
143 137
145 143
99 98
3126198 3126010
3126200 3126019
3126183 3126020
3126189 3126031
3126151 3126003
3126183 3126041
192 93
3126188 3126058
3126181 3126065
3126161 3126056
3126185 3126080
3126161 3126057
3126146 3126048
3126147 3126049
3126187 3126048
3126193 3126119
150 150
3126174 3126085
3126180 3126104
3126163 3126088
3126152 3126085
3126182 3126121
3126194 3126148
3126169 3126125
3126196 3126156
3126173 3126136
3126174 3126154
3126190 3126176
3126160 3126158
3126151 3126164
3126180 3126199
3126169 3126199
3126165 3126199
120 196
64 65
173 177
154 159
112 120
88 97
130 144
170 190
134 151
6 7
78 97
87 109
152 191
57 72
97 126
72 94
22 29
122 168
55 79
86 132
67 104
108 172
53 88
34 57
61 103
84 145
83 145
105 187
38 68
97 178
81 167
69 143
47 100
85 183
77 169
58 128
55 122
57 131
74 174
37 88
61 149
73 179
74 183
57 142
61 152
74 186
37 94
53 135
45 116
59 154
58 160
48 133
47 132
46 130
54 155
58 175
51 154
35 106
40 127
28 89
57 182
48 160
7 26
45 171
17 76
26 117
20 94
14 76
31 186
22 134
24 161
10 69
20 142
24 183
10 78
18 143
16 156
17 198
13 174
12 171
10 144
10 150
8 121
9 158
4 171
2 121
