96928628
295 2
294 9
296 13
280 13
273 17
60 4
271 21
161 16
275 40
232 34
88 13
250 47
165 34
90 20
166 37
267 77
214 72
132 48
158 4
129 52
274 116
141 61
239 104
44 22
298 163
124 69
227 128
268 165
253 156
218 140
92 61
265 181
102 70
60 43
191 138
285 215
220 174
83 66
242 197
67 56
140 120
258 230
254 231
299 272
126 119
259 251
294 286
257 254
298 296
3126275 3126005
110 43
3126268 3126003
3126295 3126037
3126281 3126044
3126287 3126068
3126284 3126103
3126264 3126086
3126296 3126026
3126269 3126094
3126300 3126188
3126271 3126112
3126267 3126112
3126283 3126136
3126273 3126129
3126253 3126157
3126280 3126185
3126273 3126181
3126289 3126212
3126284 3126216
3126299 3126233
3126252 3126195
3126298 3126246
3126268 3126227
3126277 3126255
3126278 3126263
3126272 3126259
3126267 3126259
3126285 3126287
242 275
3126280 3126296
3126262 3126286
3126265 3126291
230 278
46 53
85 100
135 163
194 243
223 289
220 289
128 173
175 247
37 55
155 235
42 64
75 115
165 262
105 172
125 233
109 209
69 133
119 261
115 266
100 235
123 295
56 139
33 87
32 90
55 156
99 281
89 296
60 221
75 292
43 187
54 247
46 230
54 274
47 244
51 292
19 149
34 270
10 81
14 135
20 223
16 185
6 73
14 213
1 46
1 71
1 150
1 161
1 191
