524537
230 1
237 2
190 5
62 2
181 6
247 9
266 18
245 17
157 12
94 9
231 24
172 19
294 36
166 21
273 38
282 41
223 34
234 38
222 37
254 44
243 48
293 58
293 59
258 53
169 42
299 83
136 42
207 74
114 42
290 113
252 111
157 77
199 99
227 115
241 129
237 129
217 120
216 121
276 157
169 98
132 77
154 92
215 130
77 49
289 185
243 157
115 77
202 137
57 39
283 196
180 125
289 202
90 63
15 11
297 219
220 170
206 162
271 221
189 155
157 129
216 178
254 218
241 209
156 137
113 100
253 224
186 167
279 251
95 86
178 163
157 144
122 112
103 97
110 104
279 265
274 263
194 189
290 284
215 214
249 1
500300 500251
269 285
113 134
231 237
148 154
85 89
230 241
181 190
102 108
242 260
24 26
198 225
172 197
254 296
187 218
172 201
128 218
163 198
108 132
110 142
205 266
75 98
38 54
200 285
136 196
125 185
151 229
177 276
104 167
60 100
74 124
84 152
147 267
147 272
160 300
53 103
125 245
105 212
129 266
60 125
136 294
105 228
108 245
99 232
84 202
116 282
106 266
93 249
84 230
101 283
25 72
64 185
66 192
98 290
90 284
89 283
94 299
73 238
63 212
73 252
44 153
64 248
45 177
48 208
59 283
44 228
35 182
38 198
43 228
34 196
13 89
24 165
27 228
16 143
17 200
5 60
18 282
13 245
11 299
1 41
1 214
