1006463
184 103
291 9
290 24
71 6
134 13
184 34
158 34
113 26
298 76
263 73
93 26
286 83
246 73
246 101
140 58
272 118
258 112
288 145
110 64
141 84
170 103
278 179
267 185
240 169
151 108
137 99
116 90
95 78
186 153
269 225
75 70
165 160
287 284
41545 41287
41534 41299
41549 41323
41472 41263
41515 41309
41480 41279
41513 41340
72791 72529
41519 41370
41523 41377
72775 72523
72735 72515
240 4
283 290
135267 135044
135213 135002
135249 135048
272 282
120 126
270 300
268 298
209 243
172 208
226 282
129 161
92 121
