1011634
273 5
245 5
259 6
295 8
297 13
257 17
225 21
277 31
34 4
89 11
294 40
192 34
182 36
227 46
187 42
106 25
162 39
298 78
190 56
235 71
84 27
152 52
120 42
263 99
260 104
190 77
197 84
182 80
278 123
81 37
135 62
210 103
149 76
98 59
296 186
214 139
296 193
170 116
246 170
216 161
208 156
67 51
275 213
226 176
91 72
221 185
274 230
188 164
298 266
32523 32254
32508 32255
32523 32275
32540 32300
32502 32271
32472 32261
32507 32299
32501 32300
32520 32319
32453 32254
32537 32341
32503 32311
32528 32339
32443 32260
32527 32346
32447 32267
32494 32317
32549 32380
32496 32328
32446 32253
32512 32349
235 10
63793 63516
63789 63521
63752 63511
63762 63533
63763 63539
