99992441
281 29
289 49
215 39
287 69
298 76
255 71
259 89
179 65
170 63
202 76
109 50
267 10
289 162
217 133
237 158
248 176
266 189
169 124
240 178
142 106
199 154
101 79
106 83
80 67
212 181
148 136
286 268
121 117
3225291 3225002
3225299 3225027
3225288 3225031
3225271 3225025
3225278 3225039
3225269 3225046
3225248 3225033
3225255 3225042
3225245 3225039
3225230 3225027
3225250 3225054
3225224 3225039
3225269 3225085
3225285 3225106
3225243 3225076
3225261 3225097
3225234 3225071
3225276 3225122
3225290 3225161
21 11
3225242 3225116
3225297 3225274
3225234 3225126
3225258 3225158
3225219 3225127
3225253 3225184
3225261 3225224
3225220 3225185
3225277 3225253
3225290 3225270
3225253 3225256
3225235 3225273
244 254
190 193
219 232
243 258
144 159
124 139
215 247
109 134
205 261
206 273
150 203
179 253
122 176
178 268
91 175
138 272
113 286
104 265
58 151
85 245
65 209
85 294
73 255
9 38
39 170
44 214
29 222
18 223
18 291
4 107
2 279
