99988758
167 44
94 28
261 84
244 79
153 51
258 112
193 84
217 100
275 130
234 123
276 153
124 74
286 173
288 180
131 87
242 176
259 195
282 221
68 54
211 173
135 121
267 254
3225245 3225003
3225284 3225053
3225300 3225075
3225270 3225049
3225293 3225079
3225214 3225011
3225214 3225013
3225267 3225076
3225275 3225096
3225256 3225082
3225195 3225043
3225274 3225123
3225239 3225097
3225185 3225049
3225218 3225085
3225273 3225161
149 14
3225262 3225120
3225296 3225200
221 282
3225196 3225106
3225238 3225171
3225190 3225124
3225196 3225150
3225181 3225136
3225222 3225207
3225212 3225198
3225239 3225238
3225256 3225263
3225263 3225273
3225207 3225219
3225226 3225262
86 160
3225238 3225286
118 138
203 262
173 282
128 217
134 253
126 277
76 187
58 205
60 221
25 147
41 277
33 294
23 248
9 173
6 279
