1010993
157 1
144 2
61 1
129 3
120 3
200 6
186 7
182 9
19 1
178 10
108 7
85 6
97 7
148 11
194 15
141 11
181 15
98 9
30 3
165 17
103 11
168 18
186 20
73 8
145 16
154 18
167 20
69 9
178 24
168 24
173 25
128 19
52 8
193 32
131 22
183 32
77 15
112 22
86 17
189 42
79 18
193 45
158 37
191 45
200 49
142 35
94 26
87 25
24 7
178 52
17 5
196 58
108 32
183 57
146 46
186 59
53 18
74 27
126 46
57 21
176 65
173 64
70 27
33 13
91 36
180 72
121 49
69 28
117 48
130 54
125 53
93 40
116 51
84 37
160 71
69 31
63 29
159 74
167 78
109 53
149 73
190 94
190 95
123 62
146 75
93 48
154 82
174 93
199 107
91 49
185 101
88 49
86 48
160 90
14 8
98 56
64 37
118 69
113 67
79 47
111 67
172 105
185 117
132 85
161 104
52 34
61 40
153 101
165 109
77 51
69 46
189 126
95 64
151 103
130 89
48 33
105 34
168 116
176 125
158 113
188 135
128 93
124 91
125 92
167 124
101 75
182 140
87 68
131444 131270
184 127
162681 162510
350175 350015
350180 350021
