100032852
272 30
242 133
274 114
13399 13303
13445 13289
277 155
13476 13351
13403 13264
13456 13275
25706 25525
13450 13273
13402 13224
13505 13337
229 114
94 4
13421 13208
13467 13349
13347 13257
230 140
91 5
7334 7147
7304 7133
291 43
207 5
242 180
117 56
7367 7289
201 8
7261 7135
7403 7237
261 68
170 94
25667 25479
288 197
271 156
217 78
108 21
7325 7113
7380 7221
166 14
280 11
7303 7150
263 5
7345 7220
134 21
7305 7239
13386 13297
7397 7303
194 23
256 151
237 122
4318 4204
4237 4153
162 13
188 100
4216 4079
4197 4087
4313 4127
4322 4100
4328 4191
4195 4069
94 9
73 5
4254 4111
4287 4198
4339 4162
4319 4257
287 96
4222 4129
178 21
277 71
286 14
4349 4059
4242 4131
246 155
232 5
246 79
4276 4164
156 52
2628 2526
2687 2566
171 26
260 54
262 102
200 93
171 107
2722 2622
203 26
260 65
2776 2660
172 70
2765 2663
135 15
294 204
2694 2566
291 182
1926 1847
2048 1786
1877 1816
295 93
237 132
1985 1891
2011 1841
171 12
127 21
1964 1825
227 82
2037 1879
160 36
264 69
239 125
269 184
270 20
298 207
151 42
1873 1790
258 134
265 153
2001 1872
167 38
1914 1855
290 180
1885 1793
287 94
111 49
297 86
284 31
271 97
223 136
202 95
149 46
299 27
283 203
244 34
49989 49925
49975 49869
98803 98699
196561 196421
50052 49829
25582 25451
98829 98695
50071 49937
196605 196346
196602 196489
196601 196346
25708 25568
196595 196347
391895 391635
25701 25580
25526 25435
13387 13315
196548 196444
50073 49953
49910 49834
50090 49976
25553 25479
50043 49973
50018 49851
196592 196366
50111 50036
50122 49912
98786 98671
196583 196390
196547 196424
98905 98713
25622 25514
98941 98700
98888 98778
98823 98718
98831 98714
25698 25579
50054 49859
196530 196384
391907 391668
51 5
76 21
54 18
55 20
56 22
68 34
86 50
153 105
113 80
235 179
115 88
95 73
158 122
237 184
168 131
262 212
92 75
157 128
222 181
126 104
215 178
116 97
297 250
266 226
284 243
250 223
141 126
220 198
192 174
251 230
203 188
273 253
249 231
143 133
283 266
203 191
300 283
1945 1901
1909 1868
2715 2658
149 146
2764 2717
2717 2675
2681 2642
1980 1953
1982 1955
246 243
4281 4229
263 260
1810 1792
1886 1868
7296 7240
7183 7128
4209 4189
2039 2030
7147 7116
4325 4309
2765 2756
13300 13263
13354 13323
25528 25469
13345 13315
1563650 1563565
125 16
25561 25515
3126293 3126123
1563789 1563701
50031 49970
782313 782262
1563772 1563654
782375 782314
50086 50030
1563705 1563567
1563722 1563566
782428 782347
50018 49979
1563695 1563532
49896 49871
391864 391686
391813 391663
391882 391732
391890 391748
1563732 1563565
391882 391742
391764 391628
98782 98749
391810 391689
782503 782265
98787 98758
391868 391754
782376 782289
782537 782442
782468 782286
196376 196337
391823 391750
391721 391653
782410 782311
782522 782397
196483 196453
196593 196567
391852 391800
782375 782271
6251294 6251099
782544 782503
782444 782409
3126291 3126152
6251280 6251007
782493 782459
3126170 3126044
6251282 6251041
6251265 6251031
3126202 3126090
3126139 3126029
1563567 1563513
1563716 1563663
3126223 3126121
6251237 6251098
6251186 6251030
1929 1926
2776 2772
13323 13307
2551 2548
13348 13333
7386 7378
13448 13435
4302 4298
13241 13233
49992 49974
25632 25625
98824 98808
98734 98719
13342 13340
50027 50022
782523 782500
1563741 1563696
782299 782278
98778 98776
25588 25531
3126065 3126010
1563676 1563657
98921 98920
782358 782354
25444 25447
7325 7326
49998 50005
180 181
