100009224
50 3
171 15
253 41
175 30
165 30
199 39
287 75
91 28
273 85
256 93
155 57
241 117
103 51
209 116
208 134
278 186
213 144
225 154
8 6
161 141
256 226
283 259
1390921 1390642
1390921 1390685
1390900 1390666
1781542 1781254
1781521 1781270
1195525 1195379
1195515 1195374
1390912 1390756
1781462 1781265
1195462 1195336
1195458 1195333
1781517 1781339
1390810 1390683
1195581 1195473
1781488 1781328
1195495 1195388
1195446 1195342
1195508 1195405
1781532 1781379
1781534 1781385
1390792 1390676
1781520 1781373
1390880 1390771
1195466 1195378
2562727 2562549
1781470 1781347
1781391 1781272
1781511 1781397
2562791 2562635
4125298 4125059
1781492 1781392
4125270 4125048
1390768 1390694
4125300 4125086
1781504 1781415
2562779 2562651
1781393 1781305
1781422 1781335
2562786 2562662
1390880 1390712
1781499 1781416
2562693 2562528
1195441 1195345
1390925 1390876
1781391 1781313
1781445 1781367
2562703 2562592
1390779 1390733
1390672 1390632
1390734 1390695
1195469 1195436
1390769 1390741
1390776 1390748
1390900 1390872
1195587 1195566
1195589 1195575
1195513 1195507
1195589 1195588
