99962820
72 2
71 5
90 8
75 9
71 10
69 30
76 35
32 15
21 11
88 51
100 61
51 32
100 67
79 57
73 54
31 24
35 28
80 66
62 54
92 83
59 54
95 88
85 81
196392 196314
196391 196316
196401 196336
196372 196315
196407 196353
196369 196316
391712 391625
196360 196320
391701 391625
391707 391631
196372 196335
196410 196373
196376 196342
391710 391643
391699 391635
391694 391634
391686 391630
196383 196356
391674 391625
391686 391639
391700 391653
196373 196352
196379 196358
782346 782265
782332 782254
196369 196351
196394 196376
782328 782257
782328 782263
782332 782268
782327 782267
782342 782282
782327 782269
782320 782265
391681 391655
782337 782287
782320 782271
782324 782283
782308 782268
782344 782306
782301 782266
37 2
782310 782278
782347 782315
782283 782255
1563596 1563542
782337 782310
782324 782298
391698 391685
1563577 1563531
1563557 1563513
1563550 1563511
1563587 1563548
1563598 1563562
391655 391646
391668 391659
391690 391682
391716 391708
196399 196395
1563543 1563513
1563535 1563506
782320 782306
1563543 1563516
782283 782271
782319 782307
196357 196354
1563572 1563549
782315 782280
196373 196371
782296 782286
782293 782284
782337 782328
196331 196329
196348 196346
1563553 1563538
1563559 1563545
782339 782333
782347 782341
1563566 1563555
782286 782281
1563536 1563532
782289 782290
1563587 1563600
782334 782337
782291 782294
1563528 1563535
196381 196382
391648 391650
1563575 1563583
782335 782340
1563532 1563542
1563549 1563560
782328 782335
1563562 1563576
1563528 1563542
1563536 1563551
196321 196323
1563535 1563553
391638 391644
1563573 1563597
391659 391666
1563566 1563595
782294 782309
1563562 1563595
1563544 1563578
782311 782330
782312 782333
1563542 1563594
196375 196382
391671 391685
1563528 1563590
391683 391699
196392 196402
391655 391676
391644 391668
196315 196328
391642 391669
196336 196350
782265 782321
196374 196389
196366 196381
391641 391671
391677 391709
391680 391715
782262 782336
391672 391713
196377 196398
196316 196338
391651 391695
391626 391670
391677 391724
391650 391698
196363 196388
196337 196363
391670 391724
391648 391702
391654 391711
196380 196412
196315 196347
391645 391712
391656 391724
391637 391707
391625 391699
196332 196370
196318 196358
196351 196392
391631 391715
196334 196395
196341 196403
91 93
63 66
33 38
56 78
48 85
43 95
16 48
14 59
17 86
14 74
16 87
12 85
10 79
11 94
2 92
1 77
