1055730
139 57
217 17
243 98
295 95
60 33
223 132
147 69
252 151
299 163
301 145
256 68
174 108
298 134
158 47
61 15
299 15
196 42
299 41
169 95
274 37
233 59
177 76
321 121
113 8
218 36
219 89
231 53
139 70
171 40
257 7
324 156
309 179
113 48
201 41
274 59
141 51
219 40
209 106
223 86
153 78
243 92
305 104
37 17
301 172
164 63
244 106
285 159
353 105
210 38
175 79
115 53
262 115
224 76
136 70
249 114
269 133
250 21
248 87
286 155
254 90
246 138
176 101
311 70
245 16
315 177
135 80
225 77
342 106
268 27
361 132
270 115
159 40
342 216
228 117
117 52
285 163
276 128
307 175
114 27
223 67
225 13
259 135
160 84
338 197
162 81
228 35
396 149
206 119
315 125
222 22
211 75
420 227
152 32
193 89
280 41
234 102
151 86
410 252
273 142
217 74
126 34
239 104
268 1
157 100
116 60
332 158
233 93
198 27
95 12
212 135
235 45
231 66
127 54
476 248
47 19
152 38
220 102
442 250
201 89
93 11
483 280
49 17
242 104
437 254
471 254
29 8
537 339
197 103
47 18
144 15
197 98
486 253
92 17
165 23
173 18
57 7
291 179
298 112
129 17
274 50
201 27
195 3
284 74
182 52
89 19
279 57
289 65
248 53
197 105
170 24
180 30
206 45
130 8
280 126
232 16
140 88
139 80
187 31
125 58
279 31
179 80
223 28
136 52
113 55
183 63
292 136
188 61
197 79
294 4
169 20
177 106
213 76
181 82
296 176
279 108
293 114
261 101
141 85
62 36
251 160
86 12
189 85
248 24
294 99
248 71
118 37
247 72
90 34
250 89
110 66
131 77
246 115
296 73
281 88
288 94
269 168
251 108
258 96
259 85
258 30
226 101
249 52
248 136
138 50
267 94
299 124
185 92
277 50
280 68
233 51
180 107
141 5
269 32
279 97
147 23
141 79
236 131
151 24
228 109
54 17
165 1
247 28
129 78
293 180
260 31
264 80
253 41
257 119
213 13
234 121
215 63
296 143
2094 2047
597 521
244 217
225 196
257 219
225 202
279 183
250 215
741 663
103 74
295 195
227 204
261 170
149 96
115 87
215 145
89 61
224 158
165 132
299 205
171 112
763 629
300 217
152 113
196 155
699 565
614 566
200 131
277 210
317 279
4022 3914
688 648
8106 7848
184 159
273 192
255 206
126 98
222 176
545 491
135 88
218 147
202 137
759 525
237 181
232 208
149 100
295 201
327 265
208 173
203 170
227 205
111 91
643 495
252 182
604 507
728 523
177 147
224 166
126 106
290 267
243 209
331 231
266 178
209 137
4110 3980
4206 3935
356 321
292 198
129 89
206 172
68 47
4157 3949
184 118
223 156
359 271
144 123
4112 3939
422 297
237 204
4100 3955
4188 3933
230 179
269 178
307 281
531 504
213 145
231 187
4194 3985
365 334
306 203
4134 3914
157 108
281 221
758 677
264 209
243 171
762 586
4203 4063
196 139
259 183
97 72
4185 3984
400 279
269 187
752 615
2226 2008
310 282
2087 2017
1014 983
2240 1962
118 91
449 339
408 289
215 186
2126 2060
174 112
2250 2026
191 129
2230 2029
250 165
732 550
459 400
1145 990
2057 1971
2213 2105
2093 1984
494 360
411 341
2134 2045
312 289
2120 2014
2106 2049
237 191
264 221
2156 2075
512 355
529 410
2210 2035
221 171
2137 2001
2093 2034
2103 2031
191 148
76 55
2165 1955
2177 2026
2187 2116
536 361
141 118
252 168
351 255
1090 979
193 130
481 336
1255 1100
658 550
625 567
1160 980
1202 1137
275 219
1131 1030
152 101
697 610
1097 1060
224 182
1231 1080
1226 1121
712 656
1241 979
214 159
203 160
222 191
235 173
226 206
1130 1025
1247 1100
718 536
678 590
1207 1010
1269 1127
1188 1061
283 231
1234 1071
15897 15698
15752 15631
7992 7884
4061 4024
4083 4003
15924 15631
15836 15705
15871 15721
4102 4033
15894 15634
1155 1126
7955 7847
15915 15717
15843 15629
15823 15679
1161 1134
2232 2183
7932 7820
15923 15818
8085 7969
2119 2069
15912 15709
1265 1240
7988 7903
2189 2148
31519 31281
2123 2082
15919 15728
15894 15633
8042 7936
8010 7873
8100 7913
7979 7894
4136 4057
15875 15719
45 28
45 33
29 22
83 69
99 83
45 38
33 28
73 65
39 35
185 167
185 168
236 219
250 234
243 228
272 256
291 275
195 186
159 152
284 273
527 508
243 235
156 151
288 279
195 189
261 253
99 96
131 128
262 257
283 278
58 57
599 589
515 509
1070 1058
552 546
2187 2166
226 224
4164 4134
4016 3988
4204 4177
468 465
7983 7932
2062 2049
3968 3944
7973 7926
8032 7985
31487 31303
31437 31255
15915 15824
31549 31378
31486 31329
15796 15720
3968 3949
4090 4071
31496 31350
221 220
31442 31306
15762 15695
31549 31423
31513 31392
15771 15711
15722 15663
49 27
31431 31307
62728 62530
302 302
659 661
232 234
