1039133
264 150
266 66
208 20
235 58
258 93
168 64
153 9
163 63
279 151
185 100
293 140
158 87
213 67
223 100
269 67
195 85
259 96
155 5
185 63
293 17
287 26
96 13
255 21
187 51
261 137
218 68
228 84
151 52
248 54
146 54
223 79
293 107
291 57
176 65
97 1
42 17
300 40
183 47
250 97
266 127
234 46
226 100
175 98
27 3
186 38
165 51
198 92
252 4
109 53
296 24
175 18
299 33
181 3
280 142
227 91
52 10
166 31
287 150
124 62
175 42
224 24
102 28
171 32
137 57
287 11
227 71
88 36
249 80
143 27
264 137
169 64
278 56
296 126
254 100
161 15
199 108
259 3
263 93
194 70
234 73
114 21
164 43
161 85
296 138
93 23
84 5
227 7
288 18
184 96
211 38
276 32
42 6
201 98
235 52
201 10
271 13
167 41
241 97
184 92
170 91
266 137
145 53
161 23
258 110
277 69
228 82
114 23
299 142
147 65
203 52
185 72
135 25
176 18
259 47
292 111
214 56
235 126
292 45
239 74
234 104
231 25
218 59
183 30
257 128
211 22
289 149
144 71
198 30
234 55
42 20
183 26
258 86
178 43
272 19
254 131
205 104
157 20
297 115
213 40
177 4
267 102
273 124
236 90
216 135
15906 15736
2344 2131
8147 7952
2169 2088
271 209
15982 15814
8137 8074
186 141
2253 2086
2339 2228
2208 2141
2256 2081
246 154
249 150
2181 2107
2284 2184
263 188
2289 2082
2278 2100
129 82
2289 2173
2251 2108
2338 2126
2187 2121
267 183
233 157
235 192
181 122
103 74
272 201
2336 2142
2163 2103
261 207
207 146
2340 2055
269 212
2266 2231
292 239
296 174
2242 2108
2334 2132
229 163
2226 2057
123 80
4168 4107
4276 4217
175 136
4230 4181
291 230
296 234
15939 15821
16013 15895
274 195
4267 4154
254 202
4240 4123
4276 4086
251 215
4153 4047
4222 4085
4255 4121
4249 4106
4115 4019
216 186
275 157
7992 7927
8126 7994
256 200
4286 4010
225 184
4131 4058
4217 4044
212 138
297 216
4278 4198
4300 4069
272 195
300 208
267 161
4290 4133
63 36
261 198
240 161
181 146
230 186
4229 4168
4119 4063
4273 4189
299 175
210 138
161 94
142 105
4178 4073
161 118
4294 4075
272 241
175 137
4198 4051
4287 4153
201 133
4248 4202
293 226
259 149
4271 4199
262 218
4170 4069
8147 8042
203 126
275 212
8145 8071
8155 7937
31618 31361
8176 7964
8211 7936
8170 7985
15968 15771
8040 7980
255 218
250 170
277 208
185 109
16024 15784
15934 15794
8026 7917
172 110
209 172
8099 7927
8098 7999
121 79
8166 8073
169 137
271 168
15956 15733
155 93
15906 15803
15914 15779
275 176
283 237
16010 15905
15918 15789
169 108
15876 15744
294 233
15970 15793
15993 15756
8204 8002
215 144
246 169
279 186
8204 8078
276 189
172 111
31581 31408
62894 62623
19 11
46 27
37 24
69 49
75 57
72 55
75 60
75 62
73 61
94 79
143 122
81 70
109 95
182 159
156 140
156 140
170 153
45 41
177 165
139 134
281 271
236 230
200 195
286 280
2171 2146
2201 2177
8161 8107
4182 4155
8064 8016
15843 15751
4046 4025
15823 15741
15994 15915
15907 15829
8136 8098
31512 31372
15920 15850
8064 8029
31638 31503
8036 8004
16001 15938
8029 7998
69 1
2137 2078
62891 62634
31545 31430
7943 7916
21 22
16 18
