1001783
97 1
92 2
34 1
52 2
34 2
99 6
64 4
86 7
70 7
81 9
75 11
58 10
29 5
71 13
18 4
80 18
95 24
97 25
68 18
76 21
88 27
74 23
86 27
69 22
98 32
87 29
25 9
87 33
81 31
26 10
62 24
43 17
57 23
72 30
50 21
69 29
92 40
96 45
100 47
8 4
73 37
63 33
55 29
62 33
56 30
61 33
24 13
33 18
69 39
53 31
46 28
72 44
98 64
90 62
79 56
41 30
47 35
20 15
50 38
46 35
73 56
62 48
92 72
92 74
61 1
97 79
97 80
72 60
66 59
84 77
85 78
94 89
63 61
95 94
91 74
162600 162508
131350 131280
350098 350009
350099 350013
60 60
58 58
52 53
51 52
90 92
44 45
29 30
80 83
74 78
83 88
56 60
68 74
59 66
33 37
54 61
83 94
84 99
57 71
60 85
19 27
43 62
67 97
67 97
67 99
45 68
44 67
61 94
63 99
48 76
39 63
47 76
55 89
42 68
43 70
45 77
39 67
57 98
25 43
29 52
27 49
34 66
13 26
29 63
16 35
23 53
36 83
36 86
29 74
39 100
39 100
31 84
28 85
28 89
