1033053
316 246
239 164
4200 3938
97 48
4173 3942
4147 3909
171 61
4205 3995
2183 2034
266 232
2155 2046
230 74
2221 2111
284 6
2212 2094
77 51
2085 1976
2164 1954
238 110
294 57
111 43
2222 2113
201 100
281 33
2069 1963
293 96
150 4
2236 2052
222 62
2229 2109
2111 1989
1267 1086
300 169
1256 1055
1194 1032
1079 1009
130 44
1088 1027
1230 1154
1090 1023
100 48
215 119
120 73
1062 1000
207 188
1184 1053
89 71
1275 1132
232 73
1238 1026
189 82
281 208
1242 1005
1136 1078
1250 1041
174 135
1242 1043
1122 1015
207 148
1187 1028
1108 1035
227 60
1205 1017
1169 1066
1120 1026
222 87
1266 1183
1242 1085
1101 1039
1245 1000
1097 995
1208 1016
240 33
1195 1043
623 568
581 504
669 492
747 686
292 208
630 568
138 74
170 131
162 34
143 111
613 515
782 651
101 42
670 579
240 17
765 509
121 39
594 491
251 171
281 49
180 127
268 27
643 537
784 512
664 582
115 54
748 633
404 382
783 554
204 73
245 58
162 83
212 14
622 569
276 214
781 670
726 496
262 145
720 652
290 166
361 329
745 489
215 182
667 514
613 554
736 639
301 220
724 582
581 516
725 586
404 305
360 318
415 196
4188 3984
402 320
287 238
427 325
538 478
492 333
306 247
501 355
453 381
255 226
343 267
269 249
518 343
497 260
539 443
486 339
455 341
384 358
473 366
371 246
518 424
496 388
280 167
349 128
410 223
499 363
335 195
275 210
432 328
376 344
313 250
414 304
367 320
308 205
406 337
345 247
304 126
443 350
357 306
459 352
281 137
433 286
390 262
361 221
536 393
541 313
296 149
352 279
347 227
357 291
31543 31291
31542 31284
31511 31266
15905 15730
15898 15668
4206 4048
4012 3959
4104 4017
4187 4069
4044 3988
4040 4001
4025 3973
4205 4048
4012 3952
4048 3975
4004 3911
4056 3910
4129 3992
713 683
4178 4135
15818 15656
4045 3921
524 505
1032 995
8082 7992
4178 4066
4139 3960
4191 4044
8041 7882
602 584
1184 1129
7938 7813
3989 3938
8012 7873
1069 1025
2097 2067
8040 7845
2118 2074
8022 7906
1159 1135
1060 1009
8073 7828
7992 7843
2020 1956
2159 2120
8049 7958
2116 2059
8010 7868
1140 1094
2240 2200
583 559
8097 7985
15922 15675
7999 7911
15906 15725
8048 7890
15872 15721
8002 7906
7991 7893
1106 1078
1217 1169
8074 7946
15842 15691
2129 2068
7961 7826
2077 2015
8017 7922
15846 15638
8084 7917
15865 15684
8010 7839
15923 15727
15810 15644
8021 7859
8072 7972
8086 7847
1069 1040
7983 7828
7939 7870
15874 15699
729 694
15898 15738
2028 1958
32 22
60 47
194 182
465 450
566 550
168 164
253 248
490 481
278 273
1124 1105
780 767
2036 2012
776 767
2253 2227
2099 2075
2168 2145
1083 1072
2065 2045
488 484
7976 7911
15899 15775
4163 4131
31546 31309
667 662
15789 15672
31518 31286
8040 7981
8052 7993
15755 15640
15781 15667
7986 7929
2106 2091
15750 15639
2152 2137
7878 7824
516 396
31510 31273
31505 31284
15748 15656
4122 4100
1249 1245
