60024343
267 4
140 8
273 16
215 13
72 5
172 15
95 10
71 9
205 28
140 22
87 14
264 43
121 20
278 46
242 41
28 5
278 53
261 55
241 52
239 52
225 64
282 81
157 48
288 89
152 51
265 94
259 96
125 49
294 116
227 91
140 58
275 121
216 96
190 88
254 126
145 82
215 122
181 103
157 91
286 169
272 162
287 174
222 139
290 182
288 184
186 123
189 128
227 154
47 32
262 179
187 129
177 123
142 103
75 57
70 54
226 180
237 190
102 82
240 194
264 214
203 167
51 42
83 70
30 26
281 246
271 242
108 99
171 162
171 165
93 90
294 285
72 70
242 237
200 196
252 249
286 283
230 4
60000300 60000012
282 294
90 90
90 114
86 88
75 78
139 150
251 275
120 133
232 259
199 226
195 224
98 114
132 154
199 236
142 169
79 95
247 298
217 271
195 246
147 188
224 288
80 103
151 198
181 243
55 74
184 254
65 90
80 111
118 164
133 185
116 162
148 208
202 290
183 263
117 172
159 240
93 141
143 230
144 235
105 177
138 234
153 263
123 217
105 193
132 245
70 131
128 240
150 282
146 285
117 230
127 251
54 108
98 199
95 194
38 80
111 234
123 274
104 232
125 282
62 154
31 77
87 217
99 249
66 172
112 294
47 149
55 186
31 105
83 282
27 107
14 58
64 294
31 143
39 200
15 138
17 170
11 121
24 267
12 140
10 123
9 121
13 188
1 173
