50018379
298 7
296 5
274 7
33 1
253 10
135 6
270 22
265 29
72 8
110 13
146 19
213 28
237 44
118 22
227 43
198 38
210 42
169 40
192 47
225 59
177 69
117 49
203 87
232 111
93 46
296 150
169 93
128 72
110 64
173 111
243 164
298 206
117 83
51 37
141 103
161 118
61 45
158 117
170 135
180 143
229 183
110 90
201 165
234 198
238 208
205 183
247 221
255 232
130 120
155 143
236 222
242 232
295 284
191 184
165 159
137 133
299 4
50001298 50001125
297 299
152 154
248 252
229 237
100 106
128 136
142 159
245 278
223 261
249 296
53 64
223 273
125 156
105 133
75 99
152 215
147 208
169 244
198 292
183 276
109 165
75 114
38 58
132 203
185 285
161 254
148 234
127 207
101 165
149 246
124 215
38 68
91 164
119 222
140 262
56 110
36 73
114 248
29 64
119 264
102 238
74 195
60 171
66 202
14 44
60 260
58 269
59 281
51 296
12 70
26 163
26 166
31 201
35 238
24 221
3 31
13 179
6 99
9 174
12 250
13 276
2 136
3 270
