1050272
9092 8830
9028 8843
240 68
299 231
198 141
298 15
160 111
265 233
177 17
293 242
116 11
285 168
205 171
9028 8824
255 157
279 109
251 105
105 5
281 237
269 87
245 51
9075 8849
77 28
294 102
271 79
204 140
228 56
164 15
9035 8826
236 131
221 92
250 56
216 115
247 159
243 85
173 72
207 177
207 120
124 108
235 88
178 82
9033 8829
262 77
272 206
105 75
255 19
282 173
300 4
173 123
9106 8836
242 36
189 32
230 51
282 204
9099 8906
264 164
264 214
179 8
50 20
283 232
9089 8881
50 5
220 17
140 111
282 43
285 132
254 50
290 272
108 59
132 69
181 146
173 134
165 107
293 78
139 72
109 25
156 100
197 79
290 3
284 149
56 9
230 9
286 102
288 105
87 61
179 40
287 43
197 129
94 31
137 56
266 112
268 251
136 114
297 163
9094 8885
136 68
290 2
271 44
105 15
260 1
281 101
171 106
216 162
5145 5035
5110 4957
199 25
297 227
82 29
144 121
300 178
153 20
285 57
289 11
285 81
156 30
140 26
148 26
202 110
289 38
233 207
237 210
283 181
158 11
274 189
5070 4921
235 151
288 265
5177 5027
287 255
233 142
245 183
183 77
294 227
297 45
175 152
235 128
210 45
240 158
281 188
182 41
295 38
261 163
283 264
260 173
214 14
169 12
213 147
111 23
249 112
5124 4948
171 147
101 7
72 17
256 190
182 26
289 52
196 96
276 12
182 100
76 38
260 13
239 42
291 25
188 104
298 85
251 119
184 65
206 59
252 228
71 24
210 187
174 98
224 172
278 39
285 136
103 77
198 84
172 1
273 141
267 133
159 41
221 80
279 89
270 47
289 18
293 69
268 211
118 75
221 53
5171 4988
262 220
213 15
63 33
156 2
239 177
175 32
135 7
300 61
152 89
289 81
260 195
220 19
299 17
264 87
283 244
5192 5022
245 151
186 45
291 249
255 39
284 62
198 84
261 127
5136 4911
237 124
197 35
190 1
119 59
225 84
126 48
158 126
53 26
291 212
202 92
132 3
299 44
295 132
180 1
227 96
5184 4924
85 24
268 225
225 97
120 65
182 14
216 2
165 107
268 132
295 276
190 128
208 51
238 202
137 23
197 14
5159 4909
236 133
243 103
162 137
212 128
272 217
132 11
242 24
252 40
119 95
211 182
256 174
5178 5069
178 51
208 93
85 36
229 162
46 30
141 21
229 174
151 125
145 76
249 129
282 143
275 81
212 82
285 208
91 63
289 96
73 5
225 117
284 199
132 83
270 116
285 7
249 14
132 75
205 113
207 164
242 180
191 68
245 196
3247 3057
3169 2969
3190 2981
3206 3075
3201 3125
3231 2969
3201 3024
3241 3050
3188 3072
3044 2981
3135 2963
3236 2997
3244 2984
3200 2961
3126 3058
3208 3000
3158 3045
3232 3122
3161 3065
3148 2995
3079 2979
3248 3169
3183 3082
3148 2985
3205 3040
3234 3019
3162 3034
3211 3045
3175 3025
5101 4948
5206 4999
5137 4932
5140 4944
5150 4964
5192 5029
5058 4942
5187 4987
5193 5075
5078 4950
5155 5034
5055 4952
5196 5021
5088 4940
5051 4916
5206 5069
9007 8900
16896 16665
9030 8904
9070 8955
16852 16645
4999 4915
9012 8900
8998 8869
5123 5046
32516 32263
16923 16736
16813 16628
8951 8849
8953 8856
16835 16648
16907 16746
16868 16680
16798 16664
16886 16706
5107 5010
9067 8963
3214 3166
3090 3044
5153 5085
9023 8891
5029 4931
16870 16669
5002 4932
9009 8886
8992 8844
9010 8880
5141 5038
16919 16656
5056 4967
16899 16634
9104 8970
5059 4972
5115 5019
3160 3105
5059 4972
9061 8880
5005 4929
5016 4946
5133 5030
5031 4971
9100 8944
8958 8847
16919 16688
10 4
40 29
34 27
39 32
68 56
86 73
36 31
124 110
145 131
190 176
128 120
238 226
125 120
176 170
151 146
225 218
290 281
231 225
132 129
292 287
215 212
257 254
3140 3104
3070 3036
3148 3119
2999 2973
3072 3048
5152 5112
3127 3104
8984 8920
8996 8932
9023 8960
32516 32294
32481 32260
3127 3106
115 88
16775 16626
8931 8864
32496 32282
9100 9044
254 253
89 90
