505265
84 52
93 21
78 3
92 4
97 7
54 4
86 50
99 11
81 9
42 7
63 12
75 16
86 19
78 45
92 50
87 28
79 26
95 33
84 33
86 34
70 28
69 29
67 29
58 26
60 27
57 26
96 45
99 53
9 1
38 10
7 2
40 21
64 38
51 31
46 28
65 40
27 17
77 49
38 25
81 55
61 43
100 71
73 52
84 60
58 2
79 62
88 70
66 53
42 34
22 18
86 74
80 71
82 79
92 84
31 30
78 76
68 49
500109 500037
90 90
14 26
76 83
45 50
27 31
80 100
25 32
71 91
68 89
20 27
24 33
63 88
41 61
42 67
21 38
43 82
7 14
48 96
19 42
43 98
32 80
28 72
32 87
34 95
33 99
26 85
24 81
15 51
6 21
23 92
13 53
18 77
12 61
6 36
12 73
11 72
9 68
7 81
1 13
2 38
2 53
2 57
1 54
