50056467
299 127
291 2
295 120
298 5
282 111
269 96
285 94
300 92
285 86
203 15
284 21
193 15
266 73
239 23
208 21
272 61
218 24
214 24
217 47
243 47
281 35
214 27
208 27
292 40
271 52
232 32
263 37
212 36
266 42
154 2
170 4
172 5
173 10
134 9
116 8
112 10
37 4
17 2
136 16
153 21
148 21
174 29
118 20
147 25
198 34
186 32
146 26
186 34
175 38
183 44
176 43
49 14
145 43
156 48
194 61
294 137
240 1
285 128
261 107
284 116
281 114
194 62
219 71
186 68
67 25
198 74
82 31
234 91
99 39
88 35
20 8
236 96
49 20
190 78
256 113
249 110
38 17
166 76
105 50
211 101
204 101
127 63
163 81
193 96
206 104
232 123
179 95
188 101
192 107
288 161
240 135
28 16
125 72
295 171
165 97
189 112
190 114
294 179
297 184
297 184
265 170
186 120
288 186
192 124
265 175
292 194
85 27
50 34
142 97
90 62
293 202
245 170
135 94
236 169
39 28
297 214
276 199
190 137
104 75
157 116
96 71
187 139
289 215
65 49
289 219
131 103
192 151
298 236
159 126
232 185
291 237
146 119
282 230
144 118
57 47
86 73
70 60
229 198
284 247
197 172
178 156
275 243
204 181
250 224
288 260
199 180
192 176
243 223
153 142
280 261
258 243
168 160
257 245
240 233
243 237
222 220
209 205
145 144
36 24
281 280
263 278
50010300 50010152
189 208
198 199
229 236
116 120
244 255
65 68
188 197
234 247
242 256
216 232
130 270
242 268
180 200
253 285
62 70
148 168
185 211
227 259
78 89
76 87
177 203
261 300
247 287
136 162
36 43
167 201
121 150
203 255
86 109
86 109
183 232
228 290
204 260
208 266
194 249
200 261
28 37
146 193
112 150
143 192
217 293
191 258
198 277
90 127
109 157
160 232
50 74
164 244
49 73
53 79
198 298
190 292
162 255
144 229
165 266
135 221
152 250
138 227
133 219
172 284
98 163
75 125
88 147
164 284
117 203
85 149
96 170
86 164
131 254
97 189
100 197
125 250
70 142
111 226
74 153
126 263
120 253
131 278
118 254
126 274
126 278
120 280
84 200
34 84
84 224
93 248
25 69
63 175
69 202
89 262
61 180
55 164
89 276
92 289
47 157
49 164
77 268
50 180
63 231
75 278
59 225
39 154
69 278
45 183
42 172
70 288
55 237
24 104
64 280
50 234
50 240
54 260
57 278
21 106
33 194
30 181
22 136
43 298
29 216
19 152
28 231
31 266
22 206
28 269
17 187
12 139
12 142
9 109
9 117
19 253
15 205
9 188
10 223
9 235
9 262
10 296
1 41
5 217
2 168
