5100034995
170 4
110 3
169 5
200 7
171 6
155 6
134 6
192 9
169 9
124 10
161 13
148 12
111 9
161 17
77 9
195 23
142 18
81 11
102 14
104 15
119 19
192 31
124 21
153 26
155 28
106 21
121 24
197 41
155 35
131 30
159 37
124 30
129 32
44 11
49 13
160 43
140 39
190 53
173 49
169 48
147 42
172 50
149 44
178 53
10 3
173 54
77 25
193 66
165 57
185 64
63 22
165 61
173 64
91 34
24 9
141 54
179 70
56 22
10 4
183 75
124 51
80 33
190 80
151 64
132 56
196 84
149 64
179 77
166 73
191 87
118 54
158 73
106 50
175 83
124 60
127 63
181 90
188 94
80 42
58 31
65 35
96 52
173 94
165 90
78 43
45 25
191 107
64 36
185 108
148 87
84 50
119 71
139 83
68 41
141 86
55 34
124 77
133 83
197 123
161 101
85 54
158 103
164 107
125 82
179 119
117 78
163 109
192 129
145 98
156 106
200 139
131 92
108 76
89 63
158 112
86 61
39 28
126 91
195 142
185 135
194 142
192 141
92 68
150 113
169 128
186 153
192 157
194 157
195 150
163 127
193 149
98 75
117 90
131 101
118 91
113 88
92 73
102 81
117 93
31 25
69 56
111 91
138 114
164 136
165 140
196 167
150 128
190 164
54 47
181 158
95 83
199 176
61 54
134 122
67 61
152 140
193 178
116 107
115 109
146 139
125 120
31 30
158 155
143 141
125 2
5100000200 5100000019
191 191
39 39
81 81
8 8
26 39
175 176
125 126
61 62
43 44
149 154
129 135
147 155
70 74
149 158
44 47
164 176
26 28
100 108
160 173
180 195
101 110
145 159
75 83
175 194
143 159
16 18
135 152
173 195
135 154
48 55
99 114
152 176
60 71
109 129
98 117
15 18
127 155
158 198
126 158
89 112
73 92
100 127
93 119
84 108
149 192
67 87
152 198
83 109
146 192
53 70
15 20
134 179
99 134
31 42
66 91
86 119
77 107
88 123
82 115
131 186
50 72
69 101
83 122
74 110
129 192
94 140
41 118
63 95
71 108
19 29
81 125
100 159
77 125
83 137
115 197
90 156
88 153
105 183
12 21
103 183
56 100
81 145
64 117
98 180
68 125
91 168
99 183
64 119
96 180
98 186
67 129
18 35
55 107
37 72
52 102
65 128
98 197
67 136
67 138
73 151
54 115
83 179
89 192
82 178
87 189
25 55
50 111
26 59
74 169
45 103
86 199
43 100
39 91
67 157
64 154
72 174
58 141
62 153
49 124
35 89
65 167
63 164
46 121
52 137
26 70
49 132
31 84
47 128
57 159
55 154
20 56
36 105
53 158
39 117
24 72
17 51
55 166
30 91
28 86
40 123
64 199
49 154
46 146
17 54
50 162
14 47
53 180
41 142
17 59
43 150
26 94
46 168
42 157
37 139
52 200
9 35
44 175
40 163
41 172
44 194
27 123
39 182
22 103
17 80
29 137
21 100
33 158
8 39
32 160
10 51
29 152
27 145
30 167
20 130
14 97
24 175
5 37
5 37
24 181
16 122
16 136
17 160
16 169
12 129
12 138
12 156
4 61
3 46
12 188
4 84
9 190
7 161
1 180
1 188
1 200
