100025533
490899 490628
272 34
251 3
291 70
269 48
272 43
239 4
267 8
252 36
284 15
251 14
278 19
273 19
252 25
290 37
276 34
881540 881257
137 2
132 2
197 3
49 2
182 20
224 30
168 23
227 32
78 12
208 35
91 16
28 5
155 28
233 47
201 43
192 42
194 43
233 54
81 20
286 74
19 5
192 55
30 9
285 87
271 83
42 13
256 80
267 85
259 89
240 86
252 91
86 32
298 114
253 98
105 41
196 81
156 67
246 107
153 69
282 128
272 124
188 88
164 78
153 74
283 143
279 151
85 47
273 153
164 93
269 155
290 168
212 124
63 37
284 173
231 142
247 152
284 178
268 168
266 169
232 150
168 109
243 158
132 86
173 114
114 76
36 24
121 81
131 89
146 102
196 137
279 199
148 107
229 166
85 64
127 96
260 197
103 79
162 125
282 223
268 213
143 114
195 156
206 165
182 146
172 140
293 239
78 65
232 197
270 231
221 190
108 93
284 248
245 214
292 259
228 203
257 231
22 20
189 179
269 258
180 173
225 217
219 213
165 161
257 255
178 177
295571 295350
295552 295345
295519 295315
295524 295322
295506 295352
490904 490670
490872 490649
295541 295415
490867 490665
295547 295426
295473 295361
490895 490713
295589 295483
295550 295445
490797 490648
295563 295479
881497 881254
490788 490655
1662771 1662512
1662782 1662510
881539 881312
881498 881279
119 1
295603 295533
295409 295340
295480 295412
881510 881310
295521 295454
881530 881331
881532 881333
881519 881328
881527 881336
295431 295367
881441 881251
490885 490780
295596 295534
490890 490788
490919 490819
881459 881280
295569 295509
295593 295534
295593 295534
490909 490812
295456 295398
295527 295469
295506 295450
295456 295405
295401 295352
295542 295495
881449 881310
881538 881403
881452 881319
490819 490749
295369 295329
490765 490699
1662718 1662503
881380 881268
1662730 1662522
490851 490791
1662719 1662516
490838 490781
3225270 3225040
490806 490676
3225283 3225048
1662706 1662537
1662745 1662577
1662780 1662613
3225248 3225004
1662711 1662578
3225291 3225023
1662785 1662638
1662724 1662569
3225224 3225004
3225262 3225057
3225266 3225048
295401 295370
881347 881259
881375 881288
295418 295389
490856 490808
490913 490867
490731 490687
490838 490795
881391 881320
881484 881413
881507 881436
490677 490638
490786 490747
881383 881313
1662729 1662609
490864 490829
295603 295582
1662760 1662651
881498 881445
1662692 1662600
1662698 1662612
490914 490890
881368 881325
1662681 1662501
1662616 1662524
1662713 1662641
881504 881468
295573 295561
490858 490839
881354 881322
881421 881400
295587 295584
490796 490794
490878 490879
490657 490658
295446 295447
490726 490728
295410 295421
295404 295415
219 222
