99981030
279 8
250 12
130 9
271 19
206 18
164 16
251 25
120 12
156 16
259 29
224 35
188 42
187 43
76 20
78 23
207 64
56 18
208 71
282 117
268 113
292 130
236 106
300 145
204 102
89 46
216 120
191 107
150 86
85 49
194 115
247 154
216 139
73 50
256 182
193 139
196 142
17 13
227 175
93 72
121 97
181 147
164 135
187 156
103 86
282 236
198 166
278 246
210 187
101 90
200 179
271 243
271 249
210 195
44 41
282 271
65 63
10781542 10781280
129 121
100 1
10390917 10390704
13125295 13125063
10390919 10390746
10195594 10195492
10195602 10195501
13125295 13125231
10195598 10195576
11562798 11562777
288 291
288 293
44 45
155 161
208 220
57 61
236 253
247 267
242 273
258 293
252 294
82 96
200 248
188 236
175 225
132 171
228 296
191 274
59 86
127 192
105 159
32 49
140 228
102 168
108 179
111 185
173 292
120 206
37 64
163 285
123 216
125 243
130 270
127 265
19 41
27 59
55 126
127 295
105 254
75 187
110 287
86 249
39 116
98 297
71 224
73 241
83 277
67 280
46 199
65 297
52 245
44 235
35 194
42 244
48 295
15 113
32 256
26 241
15 144
15 160
4 69
4 73
2 47
4 104
1 171
