99915200
239 6
104 3
277 8
295 9
264 11
162 7
250 12
259 13
161 9
216 13
62 4
104 7
257 21
193 17
117 11
187 18
238 24
101 2
245 25
237 25
174 23
215 31
292 43
223 33
136 21
200 31
48 8
269 47
219 39
291 52
144 26
298 54
5 1
75 15
255 51
262 53
237 48
121 25
255 53
186 39
289 62
294 65
143 33
233 55
240 57
47 12
187 49
285 75
222 59
98 27
279 77
195 54
137 38
285 82
271 78
78 23
50 15
135 41
196 60
207 65
197 62
267 85
127 41
92 30
262 88
96 33
282 97
154 53
20 7
42 15
188 68
233 85
194 71
71 26
220 82
209 78
218 82
167 63
271 105
189 74
211 84
251 100
253 102
185 75
207 84
154 65
251 106
163 70
214 94
131 58
214 95
290 131
272 124
154 71
267 27
290 134
107 50
268 126
150 71
250 120
279 139
74 37
226 114
253 128
261 133
245 128
292 153
144 76
70 37
17 9
292 156
180 97
237 128
277 150
180 98
242 132
92 51
145 81
252 142
282 160
195 112
266 153
298 173
253 147
190 111
266 156
39 23
192 114
286 170
129 77
189 113
264 160
232 107
177 110
51 32
170 107
216 136
166 105
91 58
97 62
139 89
287 184
239 155
296 192
279 181
215 140
129 85
242 162
138 93
198 134
241 165
227 157
263 184
187 131
214 151
254 180
241 171
185 132
199 144
225 164
112 82
271 199
188 139
84 63
206 156
272 206
278 212
242 185
194 149
110 85
255 199
292 228
186 147
291 230
261 207
150 119
267 217
45 37
116 96
47 39
190 160
293 247
109 92
240 204
195 168
240 207
287 175
163 142
148 129
169 148
274 241
295 260
190 168
214 190
145 130
262 235
176 159
192 175
187 171
120 110
279 256
277 255
220 206
167 157
249 235
19 18
198 189
182 175
289 278
239 231
246 239
209 204
228 223
290 285
228 225
195611 195319
195604 195315
184 159
195580 195367
195571 195361
195575 195366
195595 195390
195527 195329
195561 195369
195509 195333
195539 195365
195528 195357
195572 195404
195495 195328
195563 195397
195592 195427
195497 195343
195556 195407
195505 195365
195518 195382
195518 195385
195611 195486
195472 195349
195530 195407
195473 195352
195579 195459
195505 195393
195567 195455
390884 390665
195606 195498
195499 195394
195483 195380
390871 390667
390844 390641
390852 390656
390869 390674
390908 390714
390903 390712
390865 390681
390812 390638
195495 195411
195413 195330
195539 195458
195489 195409
390789 390632
390857 390701
390896 390740
195582 195505
390868 390727
390852 390712
195606 195537
390802 390667
195579 195346
781517 781262
195515 195453
390786 390666
781516 781280
195500 195441
195612 195553
781504 781269
390876 390759
390818 390704
781474 781251
781497 781277
781503 781284
390792 390683
781531 781315
390784 390677
390767 390661
781518 781308
781529 781330
390826 390727
195587 195538
781509 781327
390905 390814
781436 781260
390723 390636
781439 781271
781509 781347
195555 195515
195522 195483
195595 195556
390764 390687
781473 781320
390858 390782
195430 195364
781493 781342
390798 390723
390781 390707
195402 195365
390822 390754
390799 390732
781431 781301
781426 781300
781457 781331
781485 781362
195595 195565
390817 390758
390865 390807
781508 781394
781546 781435
195354 195327
781481 781375
195407 195383
781450 781355
390883 390836
195558 195520
390766 390722
390765 390722
390903 390860
781539 781454
390794 390752
390754 390709
781462 781374
781550 781467
390874 390840
195374 195355
781524 781454
781547 781471
390782 390746
781486 781417
781469 781402
781547 781480
781428 781363
781446 781381
781490 781426
781418 781357
781462 781404
390846 390817
781493 781437
390716 390691
1562795 1562747
781414 781368
390763 390740
781426 781384
781549 781507
195394 195385
195535 195526
781423 781388
195579 195571
195368 195361
195514 195507
195600 195594
781398 781375
781400 781377
390756 390745
390897 390890
781505 781495
781494 781486
390886 390882
390796 390793
158 158
195603 195603
781549 781549
195509 195510
390896 390898
781406 781418
781458 781475
781487 781507
781424 781446
781464 781488
390714 390727
390882 390898
781488 781520
195518 195527
390768 390819
244 267
781459 781501
195580 195591
195504 195515
195432 195443
390765 390787
390765 390788
390751 390774
781450 781497
781427 781474
781421 781470
390790 390815
390783 390808
195428 195441
781397 781450
195529 195544
195514 195529
390878 390908
781426 781486
390843 390875
195374 195393
781423 781510
390837 390881
390726 390770
781425 781515
390828 390876
390775 390824
390734 390787
195500 195528
195413 195441
390747 390804
390744 390801
390725 390786
390697 390760
390786 390850
390840 390907
195447 195481
390814 390892
195401 195440
195380 195420
390744 390825
390815 390907
195360 195406
390727 390824
390704 390812
195397 195452
195355 195410
195437 195494
390781 390903
195364 195430
390748 390885
195430 195499
195500 195570
195446 195516
195454 195525
390726 390869
390754 390903
390766 390917
390717 390870
195380 195459
195382 195462
390724 390889
195498 195590
195465 195559
390717 390910
390703 390924
195484 195596
195489 195607
195478 195598
195358 195488
195402 195550
195416 195565
195427 195579
195423 195588
195435 195602
195422 195600
195395 195601
195350 195568
226 227
148 149
238 244
279 287
238 246
88 91
284 295
153 159
243 253
205 214
280 294
182 192
225 238
109 116
277 296
208 224
205 223
110 172
123 135
266 295
9 10
130 145
132 149
154 174
176 199
116 132
254 291
68 79
143 167
160 187
216 254
159 188
206 244
216 257
146 174
176 211
124 150
202 246
98 121
177 220
221 275
206 257
76 95
150 188
179 225
152 192
183 232
143 182
107 137
162 208
133 171
80 105
161 212
144 193
153 206
151 205
96 131
117 160
143 197
53 75
26 37
46 66
105 151
145 210
116 169
118 172
151 221
126 185
180 266
91 135
160 240
185 278
155 233
171 258
92 139
105 159
178 271
44 67
99 152
128 197
133 205
36 110
136 216
84 134
161 257
166 268
138 224
80 131
103 169
56 92
99 163
155 259
139 233
113 190
172 290
173 297
62 107
128 222
136 237
145 260
113 207
53 98
131 244
133 248
158 296
117 220
114 215
44 84
44 86
120 235
104 204
57 113
134 266
37 74
1 2
82 165
109 220
102 206
78 158
125 254
105 214
101 222
117 259
37 84
81 185
85 195
97 227
60 142
112 267
49 120
88 216
104 268
26 67
86 227
88 234
73 195
39 106
104 287
53 147
106 297
93 268
98 298
93 283
41 125
81 247
97 296
30 93
93 290
92 287
41 131
65 209
58 192
81 272
59 201
75 259
49 172
33 117
56 199
59 211
74 268
78 286
20 75
50 188
63 244
50 198
4 16
44 179
44 184
50 210
55 234
40 175
40 175
23 103
53 254
34 167
23 113
45 222
26 129
57 285
51 255
22 113
29 150
48 252
38 210
51 287
47 274
15 88
25 151
36 219
47 291
17 111
35 246
40 300
30 231
25 194
24 213
22 199
25 274
15 187
22 280
5 84
6 110
10 201
5 144
7 210
2 63
6 257
3 130
2 154
1 86
