989694
19 1
112 8
192 16
176 15
40 4
89 10
76 9
24 3
123 18
156 24
181 28
56 9
170 28
99 23
41 10
115 32
125 35
110 32
123 36
29 9
96 31
170 57
175 62
137 53
80 32
156 71
144 66
184 85
196 92
181 85
178 84
125 7
144 70
124 61
64 32
173 88
193 101
168 90
165 90
81 46
124 73
80 48
119 73
197 121
187 115
76 48
113 75
131 88
71 50
166 117
199 143
188 141
146 110
128 97
126 97
108 86
89 71
188 150
163 134
138 115
145 125
145 126
186 162
197 94
161 142
164 146
181 165
153 140
143 131
198 184
161 150
142 135
93 89
133 129
31446 31255
31441 31259
31441 31301
31438 31301
31423 31288
31400 31271
31407 31278
31434 31332
31425 31330
31418 31325
31430 31341
31448 31366
31403 31322
31435 31358
104 91
31445 31396
31422 31360
31430 31368
31408 31348
31419 31361
31400 31344
31413 31357
31402 31352
31424 31381
31420 31383
31430 31403
31431 31406
179 195
31416 31401
31443 31440
64 64
31406 31418
31401 31414
31402 31417
126 158
160 162
108 110
150 153
114 117
142 146
106 113
175 192
176 194
142 157
84 94
158 181
110 128
42 49
161 192
112 136
135 165
130 163
15 103
152 194
147 190
134 175
116 157
97 136
134 193
96 140
76 115
75 114
61 93
12 19
92 150
89 157
91 162
80 143
106 191
66 122
22 41
41 78
63 128
94 196
68 147
34 80
39 96
78 194
8 20
64 164
68 183
39 105
53 145
54 148
47 141
49 148
27 83
7 22
13 41
57 185
22 76
28 99
51 183
43 165
18 71
11 55
26 143
31 175
16 97
26 180
7 54
14 119
3 28
16 158
17 190
16 188
13 163
12 169
10 168
11 187
10 198
5 111
2 48
2 49
8 199
3 142
1 181
