9937550745
235 3
142 3
240 7
134 5
214 8
260 10
233 11
269 15
190 11
256 18
209 15
237 22
255 28
189 21
292 33
286 34
179 24
159 23
220 32
209 31
256 38
205 31
181 30
180 31
195 35
200 36
214 42
264 53
148 31
292 64
122 27
260 59
96 22
230 53
184 43
67 16
129 31
186 45
289 70
186 46
273 68
174 44
282 73
259 68
294 78
148 41
87 25
242 78
171 58
207 73
280 100
144 53
245 91
187 70
128 48
255 97
239 91
295 114
165 65
208 82
71 28
240 96
244 99
250 102
276 119
101 45
295 132
126 58
240 113
165 78
71 34
254 123
256 124
72 35
80 39
96 47
53 26
110 54
254 130
213 113
255 136
198 106
280 155
170 2
248 139
277 156
272 155
204 117
299 172
276 160
241 141
157 92
288 170
242 143
251 150
97 58
234 140
35 21
246 152
290 180
243 151
159 99
235 147
292 184
283 181
169 112
238 158
161 108
297 200
283 193
281 192
98 67
268 184
29 20
268 186
210 149
279 201
130 94
184 137
173 129
20 15
226 170
61 46
183 139
163 125
290 224
286 225
213 168
280 222
152 121
212 170
197 158
160 130
287 234
38 31
142 116
285 233
250 205
247 206
153 128
148 128
262 230
153 135
249 221
207 184
246 220
143 128
150 135
114 103
221 200
220 200
141 130
106 98
282 264
235 222
184 174
78 75
207 200
255 248
249 246
279 278
75 42
108 107
286 296
1625000298 1625000139
3500000289 3500000207
3500000289 3500000275
14 14
1312500285 1312500291
118 140
269 270
190 191
225 228
210 213
226 233
276 291
255 273
251 269
222 238
147 158
223 240
218 237
164 179
226 248
231 257
220 246
232 262
262 300
235 270
132 152
143 165
247 287
242 282
256 299
56 66
27 71
90 107
73 87
232 277
172 209
175 215
125 155
136 169
219 279
216 277
49 64
211 277
219 291
66 91
159 220
111 154
189 274
129 189
42 62
104 155
152 227
107 160
158 240
44 67
152 236
152 239
142 224
185 294
188 299
147 235
87 143
160 265
135 225
127 213
137 230
163 274
37 63
168 287
147 253
122 211
82 142
119 215
131 243
81 152
43 84
143 283
121 240
92 183
138 275
85 171
131 265
135 275
124 255
50 104
116 254
92 211
78 181
114 265
24 56
71 169
110 264
50 124
64 160
103 258
82 212
92 242
70 186
37 100
84 228
72 196
94 258
100 281
54 155
63 185
65 192
50 148
94 281
59 177
26 80
39 122
91 286
83 261
64 208
74 241
86 281
71 232
89 298
52 177
80 297
33 123
73 288
55 218
53 214
23 97
42 180
58 249
25 113
64 298
62 300
47 230
46 229
52 264
39 212
51 291
18 108
45 283
30 189
25 160
45 292
8 57
37 265
39 288
31 237
26 210
22 182
25 209
18 179
12 121
20 203
20 217
10 115
15 186
11 155
17 257
12 182
15 238
7 114
8 263
8 278
