1014385
2141 2097
2135 2013
189 81
8015 7833
8007 7839
149 134
2059 2016
198 162
198 77
136 5
2163 1978
4055 3959
4000 3917
4102 3950
186 80
4095 4011
162 81
90 54
4047 3954
138 114
4102 4008
189 34
4043 3955
4037 3939
4081 3988
4109 3993
2154 2049
142 84
177 150
86 13
170 100
124 97
2156 2110
2124 2008
2152 1976
2058 2001
147 49
74 52
79 47
93 6
2112 2006
65 17
184 49
2116 2028
2119 2001
2157 2045
149 89
157 22
2116 2049
168 28
2159 2064
2080 2013
2158 2062
160 37
2111 1981
131 106
166 80
2090 1985
2136 1991
2133 1967
2106 1985
178 62
151 49
2119 2050
195 54
198 163
106 8
2159 2048
2085 1978
35 10
2135 1973
2149 2039
2046 2002
2030 1964
2141 2073
15826 15710
31421 31277
15770 15668
15819 15685
15809 15708
7905 7842
31428 31262
7907 7835
15816 15637
4108 4036
8010 7922
15835 15690
15783 15640
4060 3981
4115 4064
4024 3973
4103 4053
4031 3966
4099 4017
7982 7910
4060 3998
4033 3970
3996 3917
7913 7841
3994 3925
4003 3947
4104 4041
4039 3987
4112 4072
7974 7849
2062 2021
8014 7922
4041 3961
4074 3997
15792 15636
4004 3951
7995 7908
7943 7849
7953 7838
4031 3964
7993 7879
15822 15683
7941 7862
15788 15640
7950 7864
7964 7861
7983 7826
7980 7864
7944 7841
2083 2051
8013 7940
7989 7826
15769 15640
15816 15684
7986 7933
15756 15654
7921 7862
15773 15663
15820 15710
31459 31305
15826 15718
12 4
41 30
54 45
118 107
99 93
25 24
124 121
2074 2044
2085 2057
2147 2119
2123 2096
2106 2083
2143 2120
2126 2105
2025 2006
4062 4027
3986 3953
4054 4021
2111 2094
3979 3947
4000 3969
3988 3961
3990 3965
4027 4002
4088 4065
2141 2130
15786 15705
15797 15718
7925 7886
4110 4090
4048 4029
15780 15706
4054 4035
7903 7866
8011 7974
7907 7871
31457 31318
2040 2031
2085 2076
31442 31313
7961 7929
41 1
3962 3942
7998 7967
7895 7836
31448 31326
2149 2141
8022 7997
4019 4006
2037 2031
2154 2150
