1013428
45 20
57 5
20 9
1034 977
80 24
1073 978
81 12
84 69
63 1
1012 988
76 8
43 30
29 11
1016 982
1011 990
1061 1048
25 6
1055 1042
1058 1025
80 6
1039 982
1069 977
88 21
79 65
1072 1029
70 36
42 18
82 73
2033 1974
1021 984
100 32
996 981
98 18
54 28
94 52
72 20
1047 1018
47 22
1029 1016
2048 1991
26 5
1038 980
1051 979
1047 980
52 15
75 19
89 60
66 50
69 4
79 28
1044 1009
2052 1954
97 58
1041 987
98 63
23 9
1032 977
95 10
25 8
79 2
2043 1978
79 63
529 492
35 15
2019 1972
73 60
62 16
93 51
63 36
85 61
2013 1970
64 4
65 29
2030 1976
554 521
42 2
549 507
87 54
2041 1974
45 1
67 57
2037 1971
52 20
61 39
531 507
96 10
59 16
543 503
588 542
1988 1958
1986 1958
2036 1967
2004 1976
550 508
75 16
92 78
29 5
41 5
2043 1965
49 20
84 45
66 22
100 84
532 502
95 12
580 509
76 11
584 566
577 558
588 511
527 518
587 511
2049 1988
84 31
2049 1993
74 20
39 19
46 15
511 497
61 17
576 512
588 494
525 509
508 493
88 12
89 66
77 4
86 51
91 27
535 525
94 5
3994 3953
576 500
501 494
516 493
537 490
31 12
555 502
565 544
28 7
65 30
3962 3910
304 259
311 289
340 297
79 20
89 29
288 278
321 312
294 270
3965 3916
322 247
19 4
76 67
3974 3932
59 50
318 303
294 256
35 21
336 269
313 245
100 70
335 270
33 16
35 11
98 3
3976 3915
99 54
79 1
324 311
37 16
83 32
4000 3947
87 73
43 14
23 11
315 269
3999 3955
48 23
315 294
317 264
37 23
4003 3958
3978 3910
79 37
289 260
83 13
75 65
324 262
303 285
73 42
74 44
95 25
321 263
320 288
98 41
50 17
265 247
64 30
307 283
309 255
63 13
79 1
96 4
68 41
96 20
56 44
36 3
66 9
288 258
308 285
152 128
210 201
80 57
199 151
96 21
7904 7817
58 51
63 5
82 15
91 49
25 6
74 33
77 55
191 146
95 63
93 58
7902 7819
76 51
83 9
71 58
219 171
219 194
36 19
73 4
91 56
156 130
189 178
160 152
201 157
222 173
221 147
221 209
205 170
65 8
61 11
212 154
171 131
90 22
187 164
208 139
67 26
179 142
208 125
15718 15674
3944 3932
4004 3991
7876 7844
7880 7844
7871 7838
7863 7838
15687 15640
7858 7823
15721 15665
7906 7872
15701 15657
7878 7839
15708 15653
2024 2014
15718 15639
7907 7873
31313 31253
31340 31271
7844 7824
15699 15668
15708 15676
15662 15631
15678 15647
2012 1997
2039 2024
1063 1053
3940 3915
7888 7822
15725 15628
3997 3974
1068 1059
15723 15632
7903 7848
3992 3964
7897 7850
2031 2019
2010 1997
1992 1976
7894 7831
7882 7829
7895 7831
3998 3975
7909 7844
15683 15654
31335 31254
7894 7869
7880 7846
3948 3926
15721 15668
7876 7835
15670 15627
3995 3974
15712 15636
7849 7822
15698 15626
15699 15651
5 1
3 1
9 5
14 8
12 8
26 20
32 27
17 15
35 31
19 17
50 46
99 93
98 93
68 65
74 71
75 72
51 49
81 78
56 54
87 84
197 193
184 181
208 205
1013 1006
1975 1967
3960 3950
4005 3996
1043 1041
31333 31279
31311 31259
15689 15663
7860 7847
31315 31266
31322 31277
31328 31283
31347 31303
98 60
3927 3909
31337 31294
31315 31276
