9975012598
87 2
75 3
49 2
76 4
83 5
76 5
75 5
96 7
66 2
97 8
22 2
73 7
38 4
36 4
96 11
50 6
58 7
98 12
91 14
93 18
91 18
98 20
14 3
71 17
33 8
94 25
26 7
99 29
75 22
66 20
82 25
77 24
99 31
97 32
95 32
79 27
86 7
54 20
95 36
71 28
78 33
54 23
74 32
93 41
70 31
65 29
63 30
54 27
67 34
45 23
60 31
23 12
57 30
74 39
56 30
13 7
84 46
93 52
85 48
41 24
87 51
52 31
93 56
68 41
87 53
93 57
100 62
66 41
43 27
71 45
61 39
70 45
70 45
93 60
31 20
80 52
83 54
87 58
94 64
57 39
68 47
53 37
64 45
98 69
17 12
79 57
26 19
24 18
48 39
48 40
97 81
61 51
74 63
97 84
92 80
55 49
93 83
48 43
72 65
42 38
22 20
76 70
82 76
82 77
73 69
97 92
68 65
86 82
69 66
80 77
29 28
82 80
50 49
37 13
725000100 725000058
97 97
5100000100 5100000013
725000100 725000089
412500100 412500095
2600000100 2600000069
412500099 412500096
72 72
12 12
13 26
89 90
80 81
43 44
41 42
65 68
92 98
70 75
54 58
75 81
34 37
68 74
90 98
68 75
90 100
34 38
60 69
13 15
69 81
57 67
79 93
37 44
43 52
22 27
13 16
69 85
56 69
54 68
51 65
67 87
30 39
76 100
38 51
64 86
20 27
60 83
37 52
43 61
53 76
44 65
62 92
54 83
55 87
27 43
28 45
49 80
30 49
51 84
21 37
33 59
51 93
51 93
53 97
51 95
38 72
30 57
50 96
14 27
3 6
37 77
47 99
24 52
35 76
32 70
24 54
35 80
28 64
29 68
40 97
31 77
33 82
16 40
37 93
36 91
32 85
21 59
13 37
30 86
12 35
22 65
26 87
8 27
25 85
24 83
24 84
14 50
17 62
6 22
3 12
19 81
6 26
19 83
22 97
15 67
2 9
7 32
15 72
18 87
8 42
3 16
15 88
16 97
4 25
4 26
3 20
6 43
9 65
11 80
13 100
9 75
7 59
8 68
3 26
9 84
4 43
3 39
6 79
7 95
5 71
2 30
4 77
1 50
1 88
