5001044982
290 76
285 65
292 61
295 8
291 59
271 9
255 51
266 9
293 46
299 11
239 27
280 29
277 26
227 21
293 26
155 3
136 3
184 5
90 3
193 7
131 5
99 4
133 8
149 9
90 7
38 3
189 16
178 16
155 16
140 16
141 21
191 30
63 10
60 11
235 47
122 26
146 32
124 28
145 33
135 31
209 50
66 16
245 61
185 52
196 56
180 52
178 52
182 55
233 71
210 65
135 43
198 65
222 73
128 43
264 89
132 45
289 100
293 102
160 57
70 26
300 115
70 27
163 63
180 70
240 94
68 27
137 55
203 82
296 120
224 91
96 40
242 104
278 120
278 120
295 128
214 93
198 87
131 59
107 51
260 127
295 149
298 151
201 104
245 128
266 143
226 122
118 1
91 50
183 101
174 100
233 135
255 150
283 167
223 132
212 127
279 169
291 179
276 170
295 182
196 121
210 132
112 71
197 129
222 146
284 194
269 185
183 128
280 198
142 103
274 199
90 67
156 118
267 203
209 159
260 198
221 171
279 217
86 67
272 218
148 120
171 140
291 240
40 33
205 170
157 132
230 197
283 244
236 204
247 215
213 187
83 74
254 231
180 167
59 56
124 118
54 52
260 251
95 92
255 247
67 66
139 76
5001000300 5001000174
291 296
35 35
43 43
159 192
279 280
258 260
192 194
159 161
284 288
281 285
272 279
137 141
205 212
261 273
220 233
250 266
208 224
196 212
234 254
228 249
247 271
233 256
144 160
179 201
148 170
88 103
185 217
132 155
139 164
144 173
116 280
168 203
239 289
62 75
226 276
66 81
218 273
180 226
131 165
185 235
203 263
195 256
182 240
51 68
121 162
94 126
151 203
92 124
190 260
117 163
160 224
77 108
131 184
178 252
124 176
200 284
160 230
139 202
85 124
165 242
144 213
126 189
187 283
85 129
197 299
193 293
186 286
184 287
125 198
141 224
171 277
101 166
171 293
147 252
168 292
161 280
94 166
157 278
127 225
32 57
72 135
34 64
132 249
83 162
79 160
129 263
107 221
131 271
55 115
118 248
51 112
108 247
115 269
45 106
21 257
100 253
115 294
98 255
54 141
49 128
53 141
93 248
91 250
82 234
65 188
50 146
45 133
34 102
63 195
59 190
43 141
50 165
54 184
66 231
72 256
79 289
42 157
51 196
58 234
51 238
59 298
22 113
38 198
44 231
47 253
50 285
41 259
32 235
36 269
24 181
37 283
24 195
27 230
31 266
26 224
32 287
27 262
23 243
14 148
4 44
26 295
25 285
5 57
23 276
24 291
18 237
20 274
15 221
18 269
4 69
13 235
5 112
7 161
9 220
7 229
7 260
3 148
5 277
5 290
