1020055
264 44
213 2
251 37
279 7
237 9
268 63
286 24
300 22
232 10
252 2
252 12
249 8
288 46
227 17
294 78
299 16
259 23
148 1
88 1
190 4
162 5
208 7
202 8
164 9
181 10
150 12
147 12
174 15
88 8
22 2
133 13
79 8
147 15
91 11
140 17
89 11
215 27
229 33
194 28
217 35
233 40
29 5
51 10
37 8
134 29
166 36
53 9
193 47
236 59
174 44
117 31
199 54
257 73
240 70
200 59
221 67
173 54
269 84
257 81
89 29
82 27
269 90
229 78
295 103
294 103
127 45
200 73
111 43
276 108
141 56
262 109
156 65
213 90
220 94
262 113
300 131
274 122
284 127
183 82
252 113
214 98
205 95
295 145
101 51
215 109
176 90
138 71
184 97
207 110
296 158
190 102
156 84
126 68
175 95
173 96
244 136
184 103
200 112
286 161
90 51
246 140
186 106
166 96
225 132
51 30
120 71
95 57
180 108
118 71
210 127
257 158
75 47
256 163
149 95
191 124
294 191
280 182
294 192
228 150
151 100
185 124
274 184
125 85
188 129
160 111
178 125
214 151
293 208
170 123
257 186
28 21
249 187
171 129
251 191
242 185
147 113
144 111
288 223
273 214
227 178
293 231
121 96
193 154
286 229
186 149
270 217
153 124
274 224
283 234
262 217
212 177
191 162
280 238
267 227
114 97
260 222
148 127
270 232
300 258
143 124
150 132
179 161
171 154
79 72
194 177
200 183
162 149
133 123
88 82
108 101
297 278
257 241
219 207
126 121
101 97
122 118
72 16
151 147
200 195
258 252
268 262
209 208
100539 100245
100408 100141
100407 100144
100519 100259
100540 100282
261 254
100400 100135
102232 101977
115917 115670
162784 162510
225 225
184 185
32 33
