5000115938
79 4
242 25
252 28
158 21
178 28
118 19
280 50
80 15
232 47
241 55
197 45
246 68
238 68
300 86
236 75
175 59
178 62
278 100
129 51
265 111
101 43
223 96
248 111
282 133
91 43
297 142
119 59
184 93
81 41
294 155
80 43
86 47
272 151
243 140
244 155
225 145
265 187
176 127
237 172
169 123
83 61
280 207
134 100
178 139
190 151
101 89
236 211
134 123
96 89
47 44
112 106
278 267
210 202
131 127
295 287
225 219
58 4
5000100300 5000100213
218 282
195 212
159 169
175 193
26 29
126 143
67 78
115 140
126 160
179 230
141 182
152 209
114 159
31 44
171 247
156 226
191 285
166 254
154 251
123 202
172 286
50 85
45 78
142 270
86 189
55 123
127 294
34 80
83 199
112 275
73 195
87 242
94 270
67 195
91 269
83 246
50 161
61 199
31 106
35 128
45 171
66 256
34 144
47 207
17 79
33 159
4 24
37 246
33 295
13 123
21 213
7 75
15 168
22 250
15 227
11 178
12 199
6 105
14 275
5 125
3 112
5 223
3 229
