513099
137 68
194 85
45 2
110 6
114 8
53 4
122 11
198 18
60 7
64 9
77 11
90 14
152 25
182 31
132 24
160 31
90 20
82 22
186 50
169 47
107 31
123 36
133 58
186 61
182 61
163 55
184 64
150 58
160 62
111 44
95 39
151 92
179 117
184 136
112 57
167 85
110 57
131 73
161 94
158 93
167 99
173 115
34 10
26 13
107 65
98 60
157 118
158 130
104 87
191 163
198 169
154 134
132 115
197 180
117 108
129 123
89 85
160 153
188 181
117 115
71 70
91 4
501200 501010
180 180
77 117
118 123
23 24
104 110
101 108
168 182
105 115
50 57
155 182
110 130
89 112
137 173
141 190
95 129
112 161
134 198
93 139
80 120
39 60
88 137
122 191
45 76
81 146
49 96
77 153
92 183
67 139
27 62
66 156
72 172
40 97
62 153
69 173
58 151
40 106
35 97
57 159
40 123
59 188
27 90
12 43
37 150
34 138
42 173
14 58
4 17
3 13
39 185
22 142
15 100
11 78
11 85
12 97
9 117
14 186
7 109
7 184
