50036147
283 139
299 5
293 18
160 10
195 16
243 24
285 128
244 108
163 18
212 26
287 100
268 93
175 24
236 39
283 47
245 82
190 33
264 50
244 47
233 49
211 70
272 90
278 70
256 73
292 77
98 10
114 12
75 10
126 17
154 26
165 37
144 36
50 13
163 44
182 53
102 33
186 65
173 64
229 96
184 81
61 27
235 105
194 87
238 107
205 95
87 41
232 111
108 54
263 138
244 132
168 93
276 153
255 142
196 111
74 43
225 132
276 163
105 64
299 201
79 54
205 141
263 182
69 48
123 7
278 198
150 108
212 158
118 89
283 220
96 75
290 248
249 214
265 233
300 264
280 248
63 56
219 200
169 155
149 137
175 166
159 151
281 272
119 114
275 269
177 126
50010299 50010100
294 298
130 187
117 119
132 135
78 80
114 120
119 126
128 138
103 113
168 186
159 179
212 241
111 127
159 184
12 14
244 286
58 69
152 183
146 176
111 135
115 141
46 57
148 184
98 126
126 164
127 172
165 225
209 286
185 255
207 286
89 126
152 221
152 226
145 217
58 87
174 266
174 267
159 249
135 235
85 148
91 159
115 209
105 194
99 189
118 227
71 140
140 280
93 187
115 241
72 152
89 194
134 296
113 255
123 292
40 97
119 295
110 273
11 28
94 240
58 164
63 180
90 258
21 62
79 234
57 171
92 282
93 294
83 264
13 44
54 184
50 178
50 188
72 298
34 149
54 253
55 259
6 29
55 281
54 291
15 81
26 147
46 262
41 240
36 213
32 202
33 262
29 269
22 243
9 128
5 82
6 138
10 241
3 74
1 26
10 264
