9687504158
59 8
28 5
76 15
80 26
72 27
91 36
63 26
88 40
92 45
84 49
38 24
59 38
79 65
66 58
312500082 312500005
312500098 312500026
312500085 312500017
312500070 312500004
312500077 312500012
312500070 312500007
312500062 312500004
312500061 312500004
312500095 312500038
312500082 312500032
312500063 312500016
312500089 312500045
312500064 312500022
312500077 312500042
78 3
312500100 312500065
312500058 312500027
312500060 312500030
312500087 312500062
312500099 312500099
312500082 312500063
312500061 312500043
312500056 312500039
312500073 312500064
312500079 312500078
312500098 312500097
312500080 312500081
312500059 312500067
312500070 312500083
72 74
70 84
60 80
312500072 312500094
312500060 312500097
312500055 312500094
63 64
70 84
45 54
48 64
63 91
56 85
41 66
5 9
35 71
28 60
31 70
20 51
14 41
6 21
12 53
6 31
13 77
8 70
4 46
6 85
3 46
2 38
