1017062
173 63
147 53
126 6
177 59
283 13
268 35
225 80
224 49
222 68
255 67
196 52
129 13
253 31
245 19
226 21
128 29
218 45
252 1
210 4
267 8
159 6
83 31
239 22
282 84
123 20
105 30
269 110
191 30
291 89
249 52
44 5
289 1
295 123
67 29
184 62
145 22
94 39
72 23
247 89
126 29
124 43
280 4
202 16
217 9
122 14
14176 14040
161 89
14171 14063
186 113
14099 13935
14118 13979
17990 17854
190 100
18066 17843
14099 13926
256 117
291 205
287 155
245 144
12216 12030
14119 13986
12158 12005
246 142
12201 12094
255 139
18027 17815
251 114
14163 13952
299 166
269 195
300 138
12233 11991
252 115
269 128
18096 17955
18108 17819
259 170
14158 14043
252 136
204 131
283 168
12121 11954
88 41
72 34
103 51
125 71
157 90
28 17
179 120
62 43
221 154
159 113
221 158
158 115
200 147
239 176
211 158
243 183
88 67
234 181
128 102
219 177
265 216
293 239
267 219
112 92
179 151
151 128
289 245
270 229
87 76
185 162
258 231
290 260
221 199
133 120
118 107
290 264
150 137
138 127
198 189
198 190
109 105
158 153
12163 12067
12044 11955
17983 17853
12215 12134
25923 25764
14090 14009
12088 12020
41524 41291
25915 25776
41510 41302
41500 41296
25826 25702
41506 41322
14199 14142
25867 25765
41417 41264
12005 11961
72774 72509
41460 41314
72770 72517
41400 41257
226 47
25806 25665
41502 41367
18058 18015
