5010060679
287 110
274 3
288 7
267 8
276 9
254 92
279 16
226 13
291 98
281 18
238 16
286 94
285 88
281 25
244 22
287 26
280 83
198 20
229 64
263 27
285 32
292 34
279 74
245 36
274 41
255 65
220 55
225 54
225 53
261 60
219 50
224 51
222 49
300 64
140 6
131 8
140 11
117 10
51 5
127 13
132 16
122 19
127 20
139 22
97 16
151 26
169 32
118 23
155 33
68 15
143 33
147 38
34 9
167 45
56 17
214 65
123 38
216 67
150 47
146 46
135 43
221 72
180 61
45 16
202 72
197 74
165 62
234 89
186 73
245 97
238 95
260 105
97 40
248 103
201 85
65 28
78 34
207 92
213 97
225 104
274 127
56 26
192 91
154 73
78 37
107 51
300 145
43 21
173 85
6 3
209 105
246 127
151 80
209 111
284 151
130 70
115 62
263 147
189 108
256 147
172 99
137 79
272 158
160 93
299 174
94 55
297 175
215 128
255 154
229 141
94 58
144 89
103 64
234 146
220 138
215 135
291 183
293 186
197 128
155 102
205 137
207 139
262 177
221 150
152 1
229 157
259 178
186 128
167 116
133 93
82 58
130 92
230 163
170 121
160 114
202 144
147 105
112 81
168 122
295 215
278 203
176 129
264 194
291 219
231 175
250 195
96 75
267 209
300 235
248 195
284 225
238 191
254 204
279 225
177 143
170 139
96 79
142 117
82 68
125 104
117 98
263 222
244 207
231 196
289 246
259 224
251 219
249 220
258 230
268 241
259 233
190 171
156 141
284 257
242 219
202 184
182 166
190 176
296 277
274 257
252 237
220 207
292 278
63 60
296 282
215 205
111 106
188 180
225 217
246 240
293 286
278 272
269 264
179 176
72 49
5010000300 5010000007
287 290
283 299
216 218
74 76
253 260
276 284
53 55
102 106
124 129
157 164
42 44
135 142
176 267
232 247
149 159
259 277
197 211
240 259
261 282
255 279
126 138
247 271
251 276
59 65
157 174
138 153
75 84
248 278
66 74
58 66
141 162
166 191
244 283
180 212
150 177
75 89
164 197
154 185
248 299
178 215
230 278
99 120
186 234
178 224
205 258
79 100
220 279
171 218
218 278
138 176
101 130
130 168
209 275
119 158
116 155
118 158
185 249
192 260
166 226
101 138
183 251
194 268
101 141
214 300
202 287
178 254
183 263
98 142
177 259
43 63
111 163
134 199
189 282
123 185
123 185
63 95
84 233
54 82
44 67
106 163
131 204
43 68
67 106
139 221
134 214
164 265
48 78
112 182
169 275
102 166
181 297
39 64
42 69
149 245
153 255
155 259
145 247
71 124
131 236
107 193
65 119
88 162
124 229
143 273
97 186
101 198
85 168
88 177
91 184
109 222
101 206
39 81
76 159
143 300
33 70
90 191
117 250
130 280
111 244
101 224
123 273
98 221
97 221
110 251
102 233
25 58
40 94
77 182
43 103
87 209
91 219
55 135
69 170
70 175
110 276
49 125
113 299
89 240
110 298
60 164
74 205
93 265
73 209
72 208
93 270
91 266
92 269
91 272
99 298
62 188
61 186
84 261
79 261
51 172
81 281
66 232
77 272
36 129
34 123
76 278
79 298
28 116
69 299
62 286
46 224
36 178
13 66
48 273
45 257
23 136
15 89
29 173
45 277
30 186
34 211
48 299
24 155
37 245
18 122
24 177
22 174
18 144
29 242
20 197
30 297
11 109
25 252
29 298
15 163
22 240
21 232
23 285
24 298
16 213
20 274
16 222
13 210
16 299
9 184
7 217
5 167
6 220
5 185
3 138
2 219
