1004824
231 166
218 186
2039 1998
2048 1993
2009 1967
2056 1998
1081 1045
231 152
1020 1001
1075 996
99 24
213 135
70 28
1055 1004
1066 994
1032 1009
1062 1015
1018 996
1067 1043
64 46
87 43
570 520
568 534
594 504
226 200
596 550
583 521
546 527
206 149
62 25
592 569
97 39
88 59
561 518
338 255
216 150
65 3
223 169
66 8
78 30
287 262
18 4
37 16
294 273
62 8
328 264
193 175
79 60
311 259
331 275
58 43
311 274
201 175
65 33
209 182
93 34
79 49
4010 3938
329 290
341 306
52 33
59 13
214 186
342 296
221 141
178 147
28 16
33 20
71 59
40 34
49 42
90 81
200 189
299 287
330 320
293 285
294 286
192 188
520 510
343 337
1030 1013
2036 2004
1028 1013
3993 3936
4006 3951
2000 1973
4006 3956
7906 7825
3977 3938
7921 7849
1027 1018
3994 3962
7903 7844
1034 1027
7888 7836
2005 1993
4014 3990
514 511
1974 1964
15729 15667
15714 15653
7884 7859
15723 15674
31359 31268
15695 15654
7866 7847
15689 15653
7905 7888
15679 15647
4005 3997
31323 31297
91 20
7877 7865
31322 31276
15715 15692
7914 7903
15683 15669
15720 15704
62599 62549
31289 31264
62607 62557
125097 125013
3966 3961
3963 3959
15702 15689
15726 15713
31304 31281
15697 15673
62589 62533
7863 7846
31282 31261
125099 125022
15710 15701
7844 7840
500 500
2019 2020
219 221
