100007175
213 10
96 6
127 12
79 10
217 34
264 42
216 47
272 62
108 27
290 73
259 73
208 78
164 68
206 104
300 153
91 51
148 92
206 129
207 132
280 179
241 189
137 112
166 140
264 223
112457 112220
124701 124485
103276 103150
100957 100852
106225 106117
149096 148954
106330 106234
101700 101618
100902 100823
101672 101594
112345 112268
112480 112419
295612 295458
106286 106234
197954 197863
106347 106303
295518 295398
149015 148956
295558 295455
103318 103282
490865 490700
124660 124619
295610 295521
101687 101658
101578 101551
490829 490717
881484 881285
197769 197725
197758 197715
1662789 1662553
490702 490645
3225198 3225110
171 49
1662739 1662670
881331 881266
3225231 3225086
1662711 1662602
3225216 3225026
100913 100905
881491 881432
1662735 1662672
1662578 1662541
1662605 1662578
3225135 3225089
3225117 3225075
1662520 1662504
25100213 25100092
112265 112254
25100187 25100058
6350185 6350126
6350201 6350183
881462 881460
112259 112318
112473 112486
