9980515157
118 1
173 3
166 3
154 6
185 11
105 7
99 7
176 13
111 12
37 4
152 17
91 11
132 16
73 10
165 24
56 10
153 29
146 28
83 16
184 36
103 21
185 40
160 35
153 34
89 21
118 28
120 30
159 40
93 24
165 46
167 47
111 32
132 39
175 52
129 39
188 57
111 34
171 54
136 43
125 41
193 66
38 13
125 43
123 43
168 63
109 41
183 69
140 53
140 53
182 69
169 66
164 65
184 73
130 52
70 28
131 53
147 60
145 60
193 80
130 57
143 64
117 54
67 31
64 30
81 38
134 63
127 61
182 88
195 2
161 82
111 57
186 97
151 79
175 93
111 59
78 42
102 55
120 65
50 28
181 103
180 104
154 89
168 107
184 118
163 105
193 126
44 29
195 129
142 94
173 115
127 86
151 106
111 78
187 133
170 125
110 81
59 44
170 132
164 129
114 90
172 137
170 136
109 88
121 99
133 110
194 164
137 116
159 135
127 108
90 78
168 147
191 174
154 141
195 97
145 134
108 101
110 104
92 87
150 142
168 160
131 125
93 89
155 149
113 110
58 57
128 126
148 146
180 178
171 170
181 180
181 180
19531450 19531269
19531397 19531256
19531423 19531292
19531418 19531304
19531445 19531335
19531362 19531253
19531391 19531289
19531407 19531310
19531420 19531323
19531365 19531269
19531447 19531352
19531448 19531354
19531372 19531279
19531435 19531343
19531346 19531262
39062667 39062502
39062666 39062503
19531378 19531298
39062668 39062521
139 128
19531445 19531375
39062694 39062569
39062681 39062568
19531321 19531266
39062631 39062522
39062607 39062502
19531388 19531337
39062618 39062518
19531357 19531307
39062656 39062566
39062700 39062614
78125181 78125012
78125189 78125021
19531319 19531277
19531355 19531314
39062600 39062519
78125195 78125034
19531423 19531383
78125165 78125011
78125177 78125025
19531337 19531299
19531289 19531253
78125186 78125047
78125151 78125025
19531325 19531294
39062654 39062593
78125182 78125061
19531325 19531295
78125193 78125078
78125151 78125038
39062610 39062554
39062598 39062544
19531345 19531274
78125114 78125017
19531341 19531317
39062553 39062506
78125175 78125084
156250177 156250001
39062565 39062522
19531396 19531377
156250198 156250048
19531269 19531251
78125087 78125016
156250180 156250039
39062629 39062594
156250194 156250055
156250157 156250021
156250134 156250004
19531385 19531369
78125119 78125059
39062572 39062542
78125191 78125132
78125166 78125108
39062594 39062565
78125131 78125079
78125106 78125056
39062644 39062619
156250130 156250038
39062595 39062573
78125116 78125075
39062631 39062612
39062574 39062524
156250180 156250113
39062534 39062518
39062680 39062667
156250167 156250107
156250148 156250093
78125156 78125129
156250196 156250144
39062667 39062655
78125128 78125106
156250142 156250102
156250128 156250091
156250161 156250126
156250144 156250115
78125189 78125175
39062602 39062595
156250179 156250155
156250188 156250164
156250168 156250152
78125085 78125080
78125182 78125177
19531405 19531404
19531440 19531439
39062576 39062575
78125145 78125144
197 197
156250155 156250157
78125121 78125123
78125094 78125098
156250128 156250141
156250140 156250155
39062561 39062567
156250167 156250196
156250134 156250163
78125121 78125136
19531357 19531361
78125061 78125077
156250152 156250193
78125095 78125116
39062609 39062621
19531371 19531378
39062587 39062602
78125168 78125199
156250137 156250200
19531283 19531293
156250111 156250193
39062651 39062693
39062535 39062664
39062616 39062639
19531396 19531408
78125061 78125110
78125099 78125149
19531396 19531409
39062581 39062608
78125133 78125189
19531367 19531383
78125102 78125173
78125057 78125139
39062631 39062675
39062606 39062652
19531309 19531333
78125068 78125164
19531377 19531402
39062577 39062629
19531371 19531401
39062557 39062624
39062580 39062652
19531291 19531329
39062575 39062653
39062582 39062666
39062551 39062639
39062542 39062635
19531281 19531328
19531325 19531373
19531282 19531330
39062535 39062638
19531307 19531367
19531308 19531370
39062558 39062683
39062539 39062665
27 45
39062563 39062693
19531317 19531387
19531361 19531444
19531336 19531434
19531267 19531366
19531275 19531378
19531271 19531379
19531328 19531443
19531279 19531397
19531283 19531406
19531281 19531429
121 122
89 90
64 65
119 122
65 67
141 149
89 95
184 198
110 119
131 143
175 192
152 169
150 172
112 129
85 99
133 157
86 102
145 176
149 182
101 125
89 113
142 181
104 134
133 174
119 156
147 193
25 33
140 194
138 193
56 79
94 136
104 151
99 145
98 146
120 179
111 168
84 129
96 151
75 118
66 104
77 123
65 105
105 171
112 186
113 189
107 184
87 150
105 184
105 195
79 149
76 144
95 181
77 152
80 164
73 152
92 194
62 131
46 98
56 123
69 153
28 63
35 80
86 198
57 133
24 57
32 77
43 104
63 154
39 96
74 186
54 154
29 88
61 193
12 39
34 112
24 82
30 105
54 194
52 187
25 91
45 167
29 108
38 142
50 199
17 70
20 83
45 188
4 18
42 198
33 167
33 178
22 123
30 169
15 91
18 113
27 187
7 56
13 122
6 59
17 171
8 88
4 64
10 170
5 118
8 194
3 75
1 82
1 167
