99770797
96 1
182 9
91 8
31 3
170 17
98 10
146 16
154 18
195 24
39 5
152 23
173 28
196 32
151 25
170 29
154 29
140 27
97 20
36 8
111 25
21 5
140 34
196 48
191 47
23 6
146 40
50 14
198 57
137 41
171 52
53 17
86 32
189 71
185 73
98 39
148 59
99 41
177 74
183 78
177 78
78 37
177 85
83 41
184 92
185 94
104 53
104 54
168 88
164 88
127 70
87 49
195 110
155 89
149 86
159 93
100 59
168 100
117 70
122 76
144 90
148 94
130 84
84 55
134 92
194 134
178 125
178 128
186 137
118 93
133 107
99 80
127 103
173 141
194 159
177 152
195 169
197 172
61 54
139 125
135 122
95 87
131 120
154 142
173 165
167 162
35 34
186 181
165 1
4125200 4125192
192 199
4125199 4125115
13500200 13500107
13500197 13500136
51000200 51000076
13500200 13500174
78 78
138 138
40 69
141 142
154 156
56 58
110 114
158 164
170 181
114 123
166 180
77 84
119 131
124 138
94 105
50 56
59 67
147 172
109 128
144 170
131 156
74 91
147 187
29 37
133 172
129 169
132 174
68 90
92 122
95 126
103 138
123 165
110 149
69 95
124 182
107 158
95 142
77 118
87 135
96 149
74 115
46 73
51 82
79 131
62 103
43 72
102 175
105 191
103 190
63 120
97 187
45 87
66 129
69 135
70 140
62 127
81 166
94 200
59 128
51 114
74 170
84 193
49 115
77 183
55 136
72 179
78 194
61 165
36 98
72 197
42 115
59 164
48 135
47 136
59 175
34 106
25 78
40 131
57 192
2 7
41 152
12 45
43 170
23 95
22 93
43 198
41 190
42 198
40 197
30 167
19 109
12 73
21 149
26 188
8 60
7 58
13 109
6 53
18 170
15 150
7 73
1 11
12 136
16 195
4 54
9 137
5 174
2 130
1 94
1 105
1 123
