5000036932
198 55
199 39
163 2
190 4
186 4
163 4
150 4
190 36
193 34
192 32
192 28
197 28
195 12
195 22
162 16
180 17
187 13
187 17
177 15
166 12
161 12
127 1
133 1
114 4
139 5
141 8
100 6
110 7
90 6
117 8
115 8
85 6
56 6
99 11
149 17
113 13
124 15
43 6
128 18
136 21
63 10
140 25
110 23
176 37
173 39
174 40
69 16
130 31
179 45
130 33
182 47
58 15
159 43
138 40
153 46
186 56
100 31
140 45
71 24
87 31
142 51
97 35
76 28
135 51
90 34
87 33
56 22
143 57
161 65
165 67
189 77
86 36
7 3
113 50
130 59
132 60
104 49
196 93
148 71
116 56
113 58
140 72
200 104
46 24
176 92
40 21
188 100
101 54
197 106
73 40
164 90
129 71
136 75
96 53
195 108
186 104
125 70
200 113
155 88
170 97
105 60
200 117
109 65
147 88
194 117
84 51
23 14
167 103
170 106
91 57
153 96
106 67
168 107
129 83
144 94
196 131
193 130
65 44
28 19
137 94
32 22
192 133
99 69
53 37
54 38
161 114
115 82
138 99
75 54
173 126
82 60
161 118
180 132
173 127
68 50
174 129
166 125
108 82
150 114
125 95
131 100
115 88
151 117
194 151
199 155
183 143
57 45
92 73
109 87
184 147
199 159
90 72
25 20
198 160
69 56
193 158
194 159
145 120
127 106
110 93
130 110
173 147
134 115
22 19
103 89
15 13
46 40
70 61
193 170
132 118
196 176
59 53
59 53
178 163
65 60
93 87
198 186
155 147
114 109
183 176
119 115
139 135
191 187
126 4
5000000200 5000000101
171 171
30 30
66 66
120 167
141 143
132 134
119 121
142 146
111 115
83 87
115 121
151 159
129 136
160 169
110 117
87 93
76 82
48 52
46 50
153 167
163 178
138 152
106 117
149 167
98 110
91 103
60 68
51 59
91 106
132 156
153 181
141 167
103 124
116 142
109 135
134 167
143 181
134 170
54 69
58 75
74 97
125 166
129 173
149 200
107 145
147 200
88 120
77 194
97 135
41 58
125 177
92 131
79 113
118 169
127 183
72 104
124 180
131 192
44 65
87 131
85 128
118 179
131 200
17 26
60 92
60 92
118 183
59 93
120 190
116 184
118 188
23 37
114 184
115 187
45 74
121 199
79 130
67 111
42 70
114 193
23 39
110 187
94 163
67 120
102 183
35 63
94 170
105 191
17 31
18 33
78 147
45 85
100 190
86 164
87 168
98 191
30 59
59 117
72 146
68 139
84 173
90 187
20 42
72 156
34 74
90 197
79 174
77 170
89 197
57 127
79 182
36 86
76 197
51 134
55 145
56 151
63 170
51 138
29 79
29 81
54 157
65 191
59 175
62 187
54 172
58 191
56 191
15 52
55 193
19 67
46 164
37 132
40 143
34 124
44 174
35 139
24 100
32 134
45 190
37 161
41 192
40 190
6 29
17 87
36 186
32 169
35 186
34 189
8 50
28 191
18 124
16 115
17 123
22 164
25 188
11 83
23 196
14 146
11 115
4 42
17 186
15 168
13 157
12 148
9 111
5 66
10 137
13 181
9 139
9 141
7 131
10 199
3 82
2 71
3 108
3 113
