1033732
2157 2033
2090 1989
2141 2009
268 65
2223 2021
2222 2116
299 217
289 56
2126 2021
8061 7870
222 159
262 54
2107 2041
163 112
214 67
15913 15791
174 53
280 210
227 85
295 59
102 43
2175 2112
75 22
138 82
169 13
271 186
274 77
193 90
231 150
266 27
179 61
108 17
278 3
2202 1998
300 54
128 48
238 180
201 10
8105 7945
2228 2086
120 56
219 40
2185 2022
277 216
200 92
202 140
160 41
247 204
117 3
229 93
270 14
274 115
334 286
417 264
327 215
329 244
2189 1977
314 178
402 158
398 353
15916 15674
375 218
271 153
2136 2039
194 142
431 162
295 192
15856 15721
396 225
4204 4134
387 226
4045 3920
300 212
248 206
4095 3993
4175 3946
311 170
385 274
283 180
378 310
396 195
302 193
374 229
4087 3945
8033 7892
4103 4034
2239 1983
323 161
325 201
221 150
4040 3973
398 133
383 222
252 153
4215 4024
376 205
311 225
471 363
429 329
496 268
4158 4009
549 271
552 469
538 347
377 272
4118 4018
397 311
514 347
490 410
8009 7935
373 277
542 484
553 446
4106 3930
455 330
396 347
423 307
426 303
524 432
15795 15644
498 420
516 464
15921 15728
498 403
2213 2045
2157 1983
498 327
506 350
517 440
518 456
550 286
425 358
15886 15753
532 311
448 296
15906 15715
374 267
504 397
15894 15782
479 341
15786 15678
723 640
754 663
7975 7829
2238 2089
728 646
780 608
7978 7840
605 501
8007 7919
15912 15723
763 573
2048 1999
4135 4070
8043 7948
584 538
744 556
716 581
709 612
8095 7979
2244 2172
2046 1974
677 527
637 544
724 671
15902 15645
8113 7936
598 548
604 503
698 501
786 725
31492 31300
4155 4085
623 502
601 563
798 570
8041 7938
784 587
8013 7874
723 668
681 567
700 536
8023 7866
7957 7847
2180 1971
2236 2169
708 588
8083 7903
704 644
7998 7836
657 546
8069 7975
660 610
767 552
594 512
31517 31315
1268 1182
1139 1047
2249 2141
4157 4062
1144 1071
8054 7890
1145 1061
7987 7844
1185 1025
1203 1029
4117 3946
1266 993
1175 1059
4180 4027
4050 3993
15930 15784
1278 1155
4179 4019
1092 1018
1212 1108
1274 992
1265 1129
1233 1023
4086 3943
1284 1041
15853 15697
1260 1030
1113 1018
1279 1173
1239 1127
4208 4096
1119 1079
1193 1045
4167 4067
31466 31265
1282 1058
4188 4013
4209 4054
4149 4001
26 8
31 16
44 24
184 162
283 250
191 170
134 121
138 125
252 229
336 309
394 366
407 381
344 323
251 240
653 627
385 370
415 401
1052 1019
1253 1214
641 622
662 646
1185 1157
294 288
2115 2073
2130 2088
2160 2118
213 209
1029 1012
1157 1140
1059 1048
1162 1150
4082 4040
2220 2198
4082 4043
3980 3944
8092 8028
7978 7918
2261 2245
7951 7895
15767 15660
8122 8067
15928 15824
15821 15719
15800 15699
2068 2055
15889 15794
8065 8017
15933 15840
8114 8067
15932 15840
31472 31302
8035 7992
15740 15659
1993 1983
15857 15778
31496 31346
15881 15806
4146 3931
7907 7835
15854 15780
2005 1998
294 293
