519203
186 99
238 13
243 14
280 23
167 17
242 44
212 43
271 74
99 29
262 79
209 65
287 98
153 53
201 70
191 69
145 55
268 102
130 51
233 94
287 120
115 50
42 19
85 39
252 116
264 123
111 54
133 68
237 122
264 136
256 137
125 68
156 89
105 61
50 30
80 49
225 140
207 131
177 114
168 109
133 92
281 205
281 206
261 196
167 131
287 227
266 211
258 210
251 208
68 59
296 259
269 236
156 141
231 211
186 181
254 4
501300 501068
270 278
53 54
240 245
100 107
85 91
156 169
249 271
207 234
242 277
145 166
235 270
260 300
111 132
231 278
181 219
167 210
171 220
72 93
58 76
139 185
150 200
208 284
163 223
190 272
168 242
144 224
64 102
117 195
126 218
148 260
148 278
150 286
16 31
89 175
128 261
107 223
37 78
73 155
99 233
48 115
77 186
122 298
50 123
44 117
45 123
45 131
56 167
73 228
83 267
61 212
77 269
51 210
42 174
43 232
53 292
52 295
36 249
40 277
28 200
21 255
17 255
18 288
14 225
6 266
3 224
