5010014658
246 11
287 17
168 15
285 28
295 29
259 27
263 30
241 45
176 54
299 98
270 98
219 81
35 13
205 77
43 18
249 114
172 81
266 133
126 63
137 3
223 117
213 119
229 131
282 177
252 159
295 187
262 176
255 178
155 112
269 205
258 201
261 213
216 179
204 174
184 161
245 220
292 271
237 220
171 160
190 181
260 136
5010000295 5010000083
252 270
195 195
251 255
6 268
166 168
213 242
97 111
166 194
203 254
74 95
130 169
187 250
73 106
118 173
169 261
64 100
118 186
162 257
147 237
151 249
83 139
164 285
113 198
111 201
154 293
63 129
43 90
103 232
75 169
95 218
50 124
114 286
27 73
38 103
42 119
11 32
88 288
64 210
75 247
66 225
29 103
73 260
36 137
53 205
62 264
50 221
44 198
46 225
22 111
38 193
42 241
22 136
15 105
22 164
35 274
30 278
13 181
15 274
1 141
