97191157
56 3
84 8
79 11
7 1
74 12
39 7
44 8
92 27
97 29
19 6
61 21
94 35
74 32
99 43
48 22
57 30
84 45
36 20
73 42
98 61
67 42
65 51
93 78
89 75
53 45
74 67
100 95
47 2
3135091 3135005
3135080 3135004
3135079 3135006
3135093 3135020
3135096 3135023
3135076 3135010
3135092 3135032
3135095 3135040
3135088 3135037
3135076 3135030
63 61
3135064 3135026
3135098 3135060
3135067 3135036
3135083 3135056
3135066 3135041
3135068 3135044
3135079 3135060
3135065 3135051
3135098 3135085
3135066 3135058
3135084 3135076
3135065 3135058
3135096 3135089
3135084 3135082
3135073 3135073
3135078 3135081
3135085 3135096
3135079 3135097
3135066 3135085
3135071 3135092
3135077 3135100
95 97
93 95
89 95
74 82
70 80
42 48
19 22
49 58
69 82
81 100
11 14
39 50
69 93
61 83
59 81
66 91
63 90
58 83
10 15
40 66
45 76
51 91
36 68
18 37
25 53
11 26
39 95
17 42
29 72
35 93
17 48
27 84
21 66
22 77
6 22
26 97
20 75
21 81
21 90
19 85
13 70
12 88
4 30
7 69
4 63
4 91
1 28
1 34
1 36
2 87
1 62
