99817542
68 1
89 4
75 4
91 5
85 9
62 9
90 15
85 15
83 15
62 12
34 7
87 21
94 23
92 24
87 25
90 28
56 18
81 27
67 26
80 33
65 27
30 13
44 20
23 11
28 15
20 11
48 27
37 21
43 26
69 42
99 61
55 34
85 53
40 27
97 66
28 1
51 36
92 67
31 23
80 60
52 39
50 38
74 57
62 49
85 68
41 33
80 65
94 77
90 75
71 61
63 56
98 88
99 89
67 61
92 84
96 90
70 66
89 84
90 88
93 91
48 47
64 63
195408 195352
195400 195349
195395 195348
195397 195356
390718 390643
390724 390653
390721 390657
390692 390631
195346 195321
195349 195327
781338 781251
195337 195316
390676 390634
390679 390638
390720 390681
390685 390647
195384 195367
390661 390628
781319 781254
390683 390651
1562598 1562501
781327 781279
195348 195336
1562598 1562504
781320 781276
195411 195400
195390 195381
1562599 1562530
27 19
390642 390627
1562599 1562540
1562576 1562519
1562598 1562543
781286 781260
1562545 1562507
781335 781316
1562574 1562538
781323 781305
3125079 3125015
781270 781256
390715 390708
781290 781277
1562532 1562508
1562536 1562513
3125082 3125037
3125083 3125040
1562598 1562578
781310 781300
3125084 3125049
3125098 3125066
195321 195319
390711 390695
3125087 3125068
3125073 3125053
1562550 1562537
1562532 1562521
1562531 1562521
3125061 3125044
1562534 1562527
1562535 1562529
1562595 1562590
390720 390719
1562560 1562558
1562588 1562586
15 15
3125076 3125096
781345 781347
390667 390668
1562556 1562561
781266 781270
781328 781333
781323 781328
1562557 1562567
195363 195404
390714 390717
1562570 1562588
1562567 1562589
195394 195397
195392 195395
390696 390702
781271 781283
195365 195370
1562547 1562596
390696 390709
195403 195411
781306 781340
781310 781345
781299 781334
781275 781318
195360 195372
781266 781316
781281 781332
195336 195350
781284 781350
195342 195359
195339 195356
781267 781336
195355 195377
390663 390710
390640 390687
390657 390706
390672 390724
390646 390698
195343 195376
390640 390711
390636 390712
195328 195367
195365 195405
15 44
390643 390725
195335 195378
195365 195410
195329 195378
195321 195380
195335 195402
195323 195411
74 75
66 67
83 85
91 94
82 88
54 59
88 98
43 48
22 25
67 77
78 90
63 79
43 54
76 96
40 51
43 56
76 99
40 54
57 84
65 97
53 80
39 61
36 57
28 45
31 52
48 82
40 70
43 77
49 93
32 62
36 71
37 78
43 91
43 94
6 15
11 30
20 57
22 64
20 66
24 80
29 99
19 93
11 57
14 78
7 41
5 36
10 90
3 27
11 100
9 84
4 44
9 100
4 55
5 74
4 64
5 89
