100016513
186 4
136 3
86 2
174 13
199 16
186 15
184 17
86 10
43 5
146 18
59 9
123 20
82 14
169 29
134 23
144 25
181 33
181 41
70 18
91 24
102 27
174 47
148 40
92 25
197 56
129 38
93 28
121 37
119 37
122 38
80 25
188 61
197 66
65 22
127 45
93 33
173 62
76 28
78 34
29 13
115 53
184 85
174 81
76 36
137 65
27 13
58 28
30 15
120 60
65 33
177 90
107 56
176 94
110 59
123 66
106 59
107 62
165 101
104 64
55 36
180 118
127 84
171 115
182 123
110 75
60 41
180 125
177 123
47 33
102 72
107 76
129 94
107 78
188 141
126 95
111 85
39 30
57 44
172 134
171 134
112 88
187 147
136 109
194 157
184 150
121 101
165 138
93 78
194 165
153 132
122 106
145 126
54 47
184 162
186 165
161 143
176 157
181 162
103 94
138 129
51 48
137 129
115 109
45 43
90 87
33 32
1097853 1097662
1024597 1024429
1024608 1024442
1049008 1048840
1024602 1024438
1024582 1024424
1012398 1012246
1049006 1048853
1024590 1024442
1049013 1048865
1195507 1195343
1012349 1012213
1024570 1024437
1097804 1097662
1012384 1012254
1024582 1024451
1012354 1012226
1049006 1048874
1097801 1097666
1097813 1097678
1195509 1195363
1024577 1024453
1024588 1024465
1012356 1012236
1390795 1390634
1097840 1097715
1024588 1024472
1024550 1024435
1024576 1024462
1195505 1195372
1097794 1097672
1012354 1012242
1012371 1012260
1048991 1048877
1024532 1024421
191 15
1390813 1390664
1195473 1195346
1195498 1195371
1195503 1195381
1195486 1195365
1024522 1024421
1097800 1097692
1390779 1390644
1024603 1024504
1097828 1097722
1390772 1390638
1048953 1048852
1195468 1195354
1195439 1195329
1195487 1195377
1048953 1048857
1195471 1195362
1012346 1012255
1048966 1048874
1097763 1097667
1390757 1390637
1195439 1195336
1195487 1195384
1012326 1012240
1048936 1048848
1048967 1048879
162 144
1390801 1390688
1195449 1195352
1048994 1048909
1049023 1048938
1012331 1012251
1781421 1781283
1024581 1024502
1390809 1390704
1097814 1097732
1781411 1781279
1195453 1195366
1024600 1024527
1390821 1390722
1097752 1097674
1048920 1048834
2562700 2562518
1195483 1195399
1781411 1781286
1097796 1097720
1390793 1390644
1012321 1012238
1195430 1195349
1781444 1781326
1012387 1012321
1097745 1097674
