536867
154 2
188 3
125 2
130 3
126 5
71 3
155 9
166 10
78 5
180 14
163 14
152 14
129 13
164 17
77 8
123 14
40 5
76 10
144 20
104 16
110 17
158 25
107 17
112 18
163 29
173 31
80 15
159 30
99 19
151 30
83 17
168 35
98 21
190 41
61 14
52 12
179 42
38 9
168 40
152 39
187 48
150 40
152 41
144 39
192 52
195 53
164 46
146 41
156 44
85 24
158 45
167 49
64 19
100 30
152 47
29 9
182 57
183 59
138 45
60 20
74 25
58 20
196 68
92 32
165 58
194 69
56 20
191 70
181 67
35 13
149 57
174 67
62 24
164 69
134 57
166 71
189 81
155 67
189 82
179 78
140 63
62 28
146 67
171 80
188 88
58 28
130 63
195 95
200 99
34 17
120 60
118 59
133 67
105 53
73 37
105 54
163 84
154 82
103 55
101 55
194 106
172 94
42 23
122 67
125 69
193 108
119 67
121 70
112 65
174 103
108 64
121 72
197 119
41 25
180 110
103 64
54 34
163 103
155 98
174 112
48 31
174 114
154 106
122 84
55 38
181 128
159 110
107 74
148 103
97 68
65 47
124 91
51 38
167 125
105 79
91 70
178 137
188 146
154 120
115 90
187 147
159 126
159 126
190 151
190 151
190 153
142 115
157 128
169 142
182 153
65 55
143 121
168 144
107 93
54 47
177 157
188 168
137 123
191 173
11 10
142 130
180 165
106 98
95 88
155 145
113 106
188 177
121 114
147 139
136 129
40 38
196 187
26 25
62 60
138 134
138 135
179 175
76 75
169 168
107 1
500209 500013
196 199
167 167
111 111
138 181
119 120
106 107
169 171
103 105
144 147
178 185
171 178
166 173
68 71
91 97
114 122
66 71
79 85
114 123
177 192
92 100
169 185
162 178
29 32
19 21
161 178
82 91
77 86
166 186
145 163
165 186
131 148
171 196
145 167
105 121
144 166
168 194
132 153
60 70
149 178
104 126
47 57
145 176
163 198
95 118
84 105
113 142
108 137
26 33
153 198
141 183
123 161
17 45
117 155
25 34
30 41
32 44
140 196
62 87
104 146
100 141
128 185
128 185
99 144
103 150
130 190
95 139
124 185
95 143
114 172
102 155
125 190
57 87
105 162
106 164
109 171
125 199
97 155
117 188
99 160
82 135
20 33
34 58
113 197
20 35
96 171
87 155
95 171
102 187
43 80
58 110
31 60
47 92
80 158
92 183
51 102
21 42
74 149
73 149
62 128
94 198
85 184
55 121
79 174
72 165
44 104
33 78
60 144
70 170
63 156
66 164
69 172
28 70
78 196
15 38
59 156
23 104
57 151
61 162
68 184
25 69
68 194
62 178
44 129
50 151
38 115
59 179
38 118
51 159
28 89
61 196
16 52
51 181
10 36
52 195
12 45
51 199
40 159
37 148
28 112
40 161
13 54
40 183
38 175
28 133
36 173
37 191
32 175
18 99
18 101
16 92
10 61
30 190
23 149
29 189
17 112
17 123
16 119
22 170
20 172
15 145
15 166
17 199
12 150
8 102
4 55
8 121
12 186
5 78
8 139
4 71
3 64
8 180
7 174
7 174
7 179
5 144
5 149
3 91
2 195
1 198
