100012461
1024647 1024446
1024676 1024507
1024696 1024475
124 16
291 91
276 99
204 135
164 57
87 6
1024546 1024421
206 115
219 12
152 46
169 25
236 126
273 204
179 1
137 17
161 90
116 63
120 42
153 48
1001026 1000921
1001036 1000765
1001013 1000903
1390791 1390647
1390894 1390670
1390916 1390753
1390871 1390628
1390907 1390658
1195463 1195321
1097892 1097773
1097915 1097780
1001700 1001599
1049127 1048992
1049019 1048859
1003268 1003122
1003342 1003133
1003233 1003085
1003308 1003198
1006399 1006170
1006273 1006150
1006374 1006172
1006382 1006138
1049004 1048895
1006275 1006119
1012380 1012216
1012379 1012253
1012495 1012327
1049102 1048898
1012454 1012251
1012434 1012246
1012490 1012386
1049052 1048837
1049090 1048936
1049105 1048909
1012376 1012278
4125295 4125065
1390859 1390746
1012431 1012330
1024620 1024522
101 64
189 159
1000984 1000894
1001701 1001613
1001774 1001687
1049121 1049031
1195429 1195327
1012365 1012281
1024555 1024470
1097902 1097813
1006360 1006280
1390882 1390773
1097868 1097782
1195539 1195455
1781493 1781368
1195531 1195448
1000971 1000904
1781454 1781336
1003296 1003231
1781421 1781307
1001689 1001625
1024510 1024446
1001681 1001619
1048944 1048880
2562788 2562633
1001720 1001660
1024647 1024589
1781476 1781376
1195442 1195375
1097949 1097889
1049027 1048973
1781466 1781375
1012362 1012273
1024566 1024517
1097805 1097757
1097809 1097762
134 1
4125181 4125005
1781490 1781416
1003293 1003255
1195583 1195543
1003141 1003111
