1009827
197 3
184 21
183 15
189 20
137 1
82 1
147 4
99 4
129 8
54 4
115 15
53 7
52 8
95 44
64 11
82 15
188 35
185 36
138 29
173 37
191 41
188 41
91 20
168 39
137 33
157 38
111 27
190 47
188 47
159 40
109 28
89 23
162 44
172 47
180 53
190 56
98 30
145 45
151 47
120 40
64 22
193 71
18 7
111 45
92 39
106 45
110 49
124 59
153 73
189 91
185 90
161 79
179 88
98 49
135 72
136 73
105 60
181 104
79 46
131 81
119 75
139 89
168 108
187 123
170 112
115 80
150 105
111 78
166 117
195 139
89 64
111 80
192 141
199 149
124 93
91 69
191 145
133 101
197 156
159 128
149 120
145 117
99 80
79 66
152 130
169 145
72 63
97 85
158 140
161 144
199 178
129 116
43 39
170 155
157 144
113 104
188 178
117 111
21 20
190 181
44 42
33 32
184 179
98 97
131 130
41440 41252
41422 41260
41414 41257
41444 41288
41442 41289
41410 41265
41414 41279
41401 41269
41380 41254
41447 41324
41399 41279
41434 41321
41442 41336
41416 41311
41407 41304
41433 41331
41391 41294
182 31
72699 72532
182 200
72683 72539
72670 72530
72695 72556
143 146
109 115
132 143
