99956606
110 3
108 3
234 15
127 9
262 19
132 11
105 9
268 24
141 16
157 23
296 44
253 43
34 6
69 13
188 36
52 1
274 61
249 56
205 48
242 57
296 73
283 70
231 58
272 69
119 32
125 35
158 46
147 43
277 85
292 91
219 71
189 62
245 87
267 96
205 80
111 44
254 102
22 9
152 63
296 140
175 83
247 118
231 112
297 144
179 87
153 83
272 150
241 47
175 97
295 167
268 154
198 116
199 124
269 168
195 127
221 147
220 147
170 115
191 131
263 184
269 192
198 144
213 157
126 93
284 210
291 218
238 180
162 128
221 180
250 204
250 208
289 242
281 237
211 180
273 233
209 180
120 105
199 179
144 131
156 142
150 138
282 261
271 254
259 246
272 260
265 254
288 280
132 129
196583 196333
196593 196373
196544 196332
196565 196379
196460 196328
391868 391656
196445 196349
391870 391690
391814 391657
196508 196434
196464 196393
391786 391651
391908 391779
391775 391652
298 165
391890 391777
782453 782255
782504 782315
391896 391803
391853 391772
391839 391763
782519 782377
391911 391840
782476 782336
391757 391692
782437 782333
1563752 1563545
782550 782451
1563765 1563598
782522 782439
391791 391758
1563647 1563528
1563701 1563582
1563770 1563653
391857 391828
3126244 3126033
391732 391708
391746 391723
1563604 1563535
1563762 1563693
3126233 3126109
1563601 1563540
1563797 1563738
1563578 1563520
196329 196322
3126273 3126162
3126243 3126137
196579 196518
782415 782390
782320 782300
3126291 3126236
3126230 3126168
1563690 1563651
1563567 1563533
1563621 1563592
1563544 1563519
391674 391668
782273 782263
782445 782435
782524 782517
782388 782383
196320 196319
1563625 1563675
3126281 3126274
253 253
229 229
196437 196438
391803 391805
1563565 1563660
3126249 3126284
391692 391701
196539 196544
782502 782536
782359 782401
1563555 1563640
782376 782422
177 201
196499 196513
196409 196423
1563515 1563631
1563522 1563652
782321 782402
1563545 1563719
196385 196407
1563574 1563750
1563611 1563796
782340 782433
1563594 1563786
1563556 1563755
1563573 1563774
1563590 1563797
782353 782464
782287 782412
391677 391742
782325 782471
782390 782547
782336 782493
782324 782493
782342 782517
391717 391806
391702 391798
391744 391851
196409 196468
196391 196456
391743 391915
196321 196418
196475 196577
391653 391905
196359 196503
196351 196508
196353 196549
196352 196605
196329 196586
241 245
180 183
217 221
270 284
269 284
43 46
203 218
187 209
170 192
212 240
248 282
151 176
233 277
63 75
237 284
226 271
167 206
102 136
115 157
28 39
168 237
135 195
82 119
103 151
127 187
177 264
101 152
111 168
124 192
76 125
173 291
36 65
16 29
153 279
126 235
107 202
112 212
63 128
120 249
78 162
91 192
117 270
29 67
109 261
64 171
62 167
72 195
42 127
86 272
91 293
59 204
49 170
62 221
74 273
33 125
72 274
34 135
12 53
12 56
26 125
51 247
32 181
12 73
37 297
22 203
7 67
20 246
8 117
2 31
14 282
1 21
9 189
8 198
6 246
