1009913
36 22
1067 988
95 23
212 191
210 181
177 133
77 47
184 148
1063 996
58 34
208 182
93 74
197 152
223 196
94 1
223 183
1080 1023
177 151
190 152
186 139
97 14
231 209
228 154
225 153
231 195
181 164
188 138
28 10
328 259
84 9
335 258
88 50
77 15
347 295
94 6
321 283
74 36
314 262
293 270
311 256
77 35
61 1
89 19
76 28
39 13
350 264
56 29
74 35
346 293
345 319
43 9
312 262
342 322
95 20
97 21
1083 1029
327 296
313 268
93 7
96 69
44 25
569 499
277 262
87 15
88 54
348 313
312 297
344 293
89 41
304 274
319 255
96 72
43 20
353 255
98 40
586 510
34 10
555 519
55 23
1060 995
1071 997
556 517
1063 997
84 45
64 3
41 30
40 4
1058 988
97 17
73 43
40 14
99 16
99 56
46 34
71 17
88 26
64 36
100 77
547 499
37 18
562 518
581 518
1067 1020
92 72
591 518
82 69
49 35
1073 1017
65 24
82 36
92 64
40 20
588 551
7916 7850
3993 3954
15732 15638
3993 3951
3992 3964
2006 1986
3983 3937
7917 7867
2040 2017
7920 7826
4001 3961
7902 7832
7899 7829
2062 2043
2058 1979
2030 1971
4008 3926
4016 3933
1043 1006
4004 3921
1023 991
2056 1995
1045 1009
1035 994
1049 1026
1045 1008
1071 1031
1055 1035
521 503
4004 3927
561 547
2016 1977
550 536
2021 1965
2044 1985
598 576
1079 1043
2036 1966
550 535
2060 2020
594 576
561 540
7901 7826
7904 7826
7914 7861
3980 3949
3979 3953
3980 3948
7918 7863
7877 7824
3968 3932
2013 1977
2014 1988
2008 1970
3976 3927
3995 3939
3979 3918
4005 3930
3980 3918
1041 1028
3999 3928
11 5
17 9
22 15
43 36
31 26
65 55
53 47
64 57
70 63
76 69
48 44
170 159
224 214
142 136
95 91
307 296
170 164
270 262
161 157
230 225
97 95
150 147
158 155
164 161
319 314
262 258
80 79
531 526
350 347
522 518
566 562
1978 1966
1075 1069
7887 7843
3961 3940
588 585
15727 15651
7883 7847
1983 1974
7869 7835
15731 15665
512 510
15705 15645
1071 1067
15720 15663
15685 15636
7868 7844
1997 1991
2058 2052
15699 15654
15706 15662
15731 15690
31358 31278
15727 15689
31358 31284
15698 15662
3933 3924
3936 3927
7874 7856
31358 31290
31333 31266
31333 31277
53 36
31356 31297
31353 31294
31343 31281
31328 31269
15696 15668
15734 15707
7860 7844
7905 7890
7906 7891
7901 7887
7916 7903
15724 15699
31352 31308
15693 15660
31325 31277
31317 31276
62602 62522
17 17
