97198776
120 9
194 19
151 15
153 17
169 29
136 34
82 21
148 38
146 39
184 50
149 46
151 47
150 55
117 43
109 41
186 71
160 62
151 65
185 80
175 78
119 55
187 15
157 86
191 108
67 39
192 113
131 79
193 142
144 111
198 160
183 149
192 174
85 78
141 134
148 145
158 155
197 195
3135188 3135010
3135194 3135029
3135197 3135033
3135173 3135024
3135169 3135024
3135161 3135025
3135166 3135033
3135196 3135067
3135182 3135056
3135172 3135047
3135170 3135064
3135166 3135065
3135174 3135074
3135191 3135092
3135199 3135102
163 88
3135169 3135075
3135170 3135079
3135199 3135137
172 195
3135168 3135090
3135178 3135115
3135180 3135118
3135192 3135132
3135185 3135131
3135196 3135144
3135167 3135124
3135172 3135145
3135176 3135173
3135167 3135166
120 120
3135165 3135166
3135192 3135200
3135170 3135198
166 184
58 105
52 54
161 169
26 29
7 8
44 51
145 174
89 111
136 178
114 152
101 144
101 175
99 189
83 171
74 154
56 121
74 161
6 14
81 198
53 132
20 54
49 139
36 113
42 141
23 104
12 61
8 43
24 143
31 192
9 68
15 126
21 184
3 27
5 48
14 135
14 158
12 178
12 200
2 172
