9687519116
266 14
193 11
188 25
217 32
64 10
276 60
216 61
160 49
274 100
182 67
84 33
289 119
276 114
148 63
267 128
239 116
253 123
212 105
295 155
192 103
161 87
236 131
269 154
225 137
200 126
284 186
42 29
113 3
261 212
157 129
298 255
79 68
265 237
275 247
133 124
223 208
294 279
76 74
182 180
312500257 312500019
312500248 312500022
312500173 312500002
312500294 312500126
312500167 312500001
312500280 312500132
312500191 312500045
312500202 312500078
312500256 312500142
264 187
312500289 312500182
312500200 312500102
625000298 625000241
312500249 312500181
312500229 312500161
312500184 312500123
312500211 312500160
312500157 312500111
312500214 312500181
312500192 312500177
625000298 625000288
312500207 312500207
312500206 312500206
312500228 312500237
312500264 312500295
312500168 312500246
312500248 312500282
312500181 312500236
312500165 312500238
270 271
262 285
312500168 312500284
226 230
225 231
168 178
224 249
256 290
244 284
119 143
100 132
210 281
128 212
167 297
155 292
125 237
82 156
123 234
103 197
116 233
106 214
18 37
115 240
23 49
109 234
121 291
30 74
98 289
79 239
74 297
60 264
59 291
49 246
25 139
24 135
27 262
15 184
21 266
4 247
3 275
1 230
