99387558
97 2
40 3
89 8
99 9
177 19
139 15
83 9
146 16
136 15
36 4
156 19
170 24
167 24
100 15
101 18
197 53
182 50
156 43
174 49
85 24
200 60
164 50
128 41
140 53
88 34
194 75
168 66
43 17
117 47
77 5
178 84
107 52
98 49
189 95
136 69
143 74
140 73
164 87
22 12
71 39
195 108
166 92
114 64
106 60
184 107
101 59
90 57
172 112
135 88
170 117
57 40
79 57
146 108
131 100
79 62
150 119
98 78
192 154
96 77
173 76
125 103
174 146
51 45
40 36
105 101
56 54
143 140
70 69
142 114
13125198 13125004
13125199 13125073
165 186
13125199 13125129
60000200 60000018
152 184
132 134
34 35
82 89
92 103
101 119
81 96
105 126
71 86
128 159
53 66
86 110
130 171
133 178
33 46
113 162
74 114
70 111
93 153
112 187
51 97
21 42
17 35
90 188
68 143
65 138
86 186
49 109
52 122
8 19
75 179
45 116
53 147
46 156
54 185
12 42
18 66
48 197
34 168
22 113
30 158
31 166
36 196
10 60
20 125
24 159
8 184
7 183
4 184
1 54
