9690615618
115 1
128 15
127 18
69 14
172 35
183 38
173 37
151 33
103 25
148 42
191 56
166 53
161 52
112 37
187 63
154 54
31 12
171 68
101 44
126 57
198 93
28 14
178 100
160 93
32 19
5 3
103 64
199 126
127 81
82 53
163 107
128 90
163 116
151 108
121 96
117 95
118 98
131 110
108 91
157 138
194 174
123 14
165 152
180 167
184 174
312600185 312600002
312600191 312600008
312600192 312600014
312600189 312600021
312600181 312600021
312600198 312600056
312600185 312600051
312600187 312600053
312600193 312600062
312600190 312600061
193 176
312600178 312600057
312600199 312600086
312600197 312600170
312600191 312600085
312600182 312600077
312600187 312600106
312600178 312600109
312600183 312600119
312600181 312600120
312600192 312600132
312600195 312600139
312600192 312600143
312600174 312600128
312600186 312600155
312600178 312600158
312600187 312600168
312600195 312600179
312600191 312600176
312600175 312600164
312600186 312600186
170 183
312600185 312600194
162 186
84 199
89 91
33 34
123 127
93 101
105 127
151 183
111 137
133 173
119 155
119 160
116 156
129 177
112 157
63 89
104 156
129 196
54 83
51 82
47 80
23 40
54 94
97 169
96 168
36 70
93 189
87 187
79 179
67 171
38 101
68 195
54 162
44 144
23 77
57 195
39 136
54 190
37 131
29 166
10 59
21 145
19 150
15 121
11 98
18 163
16 155
11 111
8 87
14 153
7 94
10 171
6 126
