524832
287 80
232 11
252 13
263 15
278 60
210 13
264 21
233 48
297 57
300 52
82 5
163 13
133 11
22 2
163 18
108 18
132 32
118 29
131 33
107 27
193 51
216 61
46 13
227 67
258 80
252 90
252 91
75 28
273 110
182 74
235 97
238 108
230 106
300 143
123 60
138 71
117 61
257 146
134 77
94 55
295 175
39 2
288 190
192 128
284 191
100 68
294 201
153 105
215 152
284 201
223 158
296 210
164 119
118 87
270 203
292 223
190 146
44 34
288 227
94 75
26 21
252 206
218 180
91 77
259 237
259 237
191 176
201 191
229 222
180 172
257 251
239 234
246 244
272 170
501300 501148
291 292
261 261
84 84
124 159
75 76
242 248
291 299
71 76
203 220
102 111
168 183
222 242
217 246
79 91
101 120
209 250
113 137
209 254
243 297
229 290
225 285
220 280
150 196
115 151
222 299
136 185
159 227
160 229
166 245
123 183
122 185
181 278
144 222
135 210
82 131
185 297
104 169
105 173
156 266
92 157
93 159
77 135
159 292
133 247
81 153
52 103
33 66
148 299
98 206
130 292
64 144
77 183
59 150
47 123
34 90
107 291
23 63
71 195
42 120
90 264
73 220
66 208
10 32
76 279
60 247
43 215
42 213
58 295
2 12
32 198
43 268
36 240
39 262
28 232
31 260
23 211
24 247
15 255
5 88
2 46
9 224
5 166
8 276
4 208
2 118
4 291
