10000008283
297 3
248 32
198 30
228 41
66 12
88 17
271 55
148 35
280 73
133 45
213 75
289 116
211 85
239 102
240 135
127 75
278 184
217 146
113 78
242 182
176 141
176496 176330
176576 176458
252879 252737
252729 252606
252849 252739
252836 252733
405455 405327
710603 710515
1320895 1320744
1320931 1320812
710573 710513
4983052 4982887
4983012 4982848
4983044 4982913
4983017 4982894
9865877 9865724
4982984 4982931
9865910 9865819
4983070 4983025
19631544 19631378
312600209 312600091
292 231
312600215 312600022
19631522 19631417
78225283 78225004
39162775 39162640
78225195 78225017
39162614 39162526
312600265 312600052
156350291 156350019
39162720 39162658
78225120 78225002
39162622 39162568
78225159 78225053
78225138 78225033
312600133 312600050
1250100264 1250100116
1250100175 1250100008
19631346 19631307
156350295 156350251
78225299 78225291
156350085 156350073
39162797 39162568
625100268 625100099
2500100203 2500100034
1250100155 1250100071
625100044 625100013
176457 176458
252708 252726
