1007599
32370 32261
32383 32257
146 105
195 102
32398 32285
101 6
110 2
184 138
32441 32252
170 63
189 104
182 73
169 57
166 97
173 137
32429 32293
160 45
32437 32292
32421 32296
32375 32259
71 36
121 5
130 92
135 53
186 103
32430 32254
32380 32262
115 45
179 112
50 13
125 66
84 35
196 102
188 18
165 14
106 11
127 31
127 89
106 18
198 162
103 29
119 62
199 162
162 123
113 76
186 100
198 135
163 47
187 50
174 95
176 33
133 12
193 35
119 30
92 52
98 31
146 39
152 84
186 54
29 10
17 6
78 45
96 66
110 77
98 71
66 50
66 52
145 117
162 133
121 106
82 72
183 161
133 121
166 155
167 156
156 148
146 139
130 126
108 106
32441 32333
32410 32305
32447 32344
32359 32265
32401 32308
32438 32346
32342 32251
32360 32272
63685 63512
32389 32302
63678 63510
63679 63517
200 177
63671 63502
63691 63547
63699 63558
133 139
