1003782
81 3
65 7
95 21
53 16
60 19
95 31
90 36
86 35
59 26
54 24
44 21
95 49
86 51
59 36
37 25
47 32
47 32
15 11
55 41
75 56
64 48
57 47
95 84
12052 11958
12044 11960
14001 13911
12048 11971
12048 11972
14001 13916
12030 11958
17912 17815
13998 13925
13980 13908
17911 17825
12018 11962
12033 11978
17890 17814
17897 17829
17902 17836
17887 17822
17906 17841
11999 11956
12028 11985
13956 13907
12036 11994
25720 25633
14005 13959
25709 25626
13984 13940
13998 13954
17912 17856
13963 13920
12026 11992
11992 11959
25704 25638
13951 13916
17865 17822
17909 17869
13964 13933
13953 13923
25723 25668
41346 41260
13945 13916
17897 17861
13940 13913
13998 13971
17848 17814
17880 17848
17907 17876
11990 11970
13955 13932
13964 13943
41336 41275
17845 17819
17857 17831
12048 12031
11990 11974
52 7
41328 41253
41335 41281
12006 11992
17846 17831
