979850
73 7
97 10
70 8
84 10
71 9
62 8
46 8
27 6
63 15
65 16
100 26
62 17
87 26
88 27
52 17
69 23
92 31
53 20
46 18
82 33
47 19
71 30
31 15
64 31
37 18
41 21
44 23
84 46
87 49
56 32
38 22
84 49
79 48
28 19
74 53
63 47
97 78
84 68
32 26
34 28
69 59
88 4
72 62
29 25
60 52
82 72
44 39
28 26
15 14
50 47
56 54
38 37
92 90
63 62
67 66
31433 31353
31434 31354
31450 31375
31438 31371
31425 31363
31430 31369
31439 31383
31424 31371
31449 31397
31425 31374
31441 31393
31445 31408
78 67
31434 31405
31444 31419
31448 31425
31426 31408
31440 31425
31449 31450
31438 31430
31434 31427
31444 31437
31425 31420
31433 31428
31430 31428
31435 31434
76 86
31433 31443
31426 31436
31418 31434
31428 31445
31431 31450
31420 31443
73 91
59 63
6 7
41 50
45 55
49 60
26 35
68 92
22 30
54 74
47 67
58 83
68 98
25 37
63 95
61 96
63 100
25 40
15 25
44 74
56 100
51 93
43 79
28 53
26 53
22 45
19 39
41 85
47 100
37 80
30 66
40 89
24 63
23 61
35 93
13 35
26 71
25 73
21 62
17 52
24 74
5 17
14 50
23 83
7 28
21 86
6 25
19 82
20 89
6 27
20 91
14 65
6 28
17 81
19 91
5 24
14 72
5 42
4 35
8 75
7 68
8 80
2 40
