100027461
881450 881256
490817 490652
490821 490630
153 22
295512 295340
295498 295343
295508 295348
295466 295319
295506 295353
148979 148833
149001 148850
148978 148834
192 38
149028 148864
149009 148875
149027 148873
195 62
124593 124422
124581 124437
124578 124423
124568 124425
124596 124425
112352 112217
112404 112246
173 52
156 19
188 43
199 42
159 36
187 64
158 25
160 25
139 1
166 40
188 14
185 52
185 19
180 57
181 30
141 17
113 1
104 2
99 4
38 2
84 6
82 7
131 16
46 8
88 17
114 24
90 19
131 28
107 26
157 41
90 25
149 45
156 54
171 61
179 64
95 34
89 32
169 63
186 70
155 59
156 62
104 43
132 55
107 46
148 65
79 35
179 80
166 75
77 35
138 65
140 66
143 68
157 76
43 21
189 93
115 57
154 78
102 52
175 90
38 20
73 39
155 87
136 78
53 31
70 41
65 40
187 117
108 68
65 41
172 109
144 92
84 54
181 118
179 117
87 57
186 123
178 118
120 81
184 125
78 53
75 51
127 87
197 135
151 106
186 134
193 140
126 92
146 108
145 109
118 89
130 99
196 151
44 34
88 68
55 43
147 115
172 136
178 142
134 107
5 4
186 150
140 113
105 85
133 110
145 121
176 148
110 94
133 115
129 113
118 108
129 122
178 169
154 148
136 131
59 57
194 188
193 188
116 113
112333 112211
112399 112281
112343 112228
112382 112273
112318 112210
149017 148892
148980 148857
112301 112209
112392 112300
124553 124452
124583 124482
124521 124423
124565 124468
124579 124482
124599 124503
124612 124517
112360 112276
148997 148889
112343 112265
148941 148838
112352 112276
148979 148880
197831 197704
148981 148888
112370 112301
112400 112331
149022 148931
148935 148846
148941 148853
112295 112229
148949 148864
124558 124487
148929 148845
149001 148917
112315 112252
112327 112264
197810 197700
124490 124421
124516 124447
124544 124475
148915 148833
124592 124524
112357 112296
197838 197732
197793 197692
148953 148878
112277 112221
149008 148934
124601 124541
197765 197670
148918 148847
112315 112262
112373 112322
112403 112352
295473 295341
124553 124498
197831 197744
112343 112294
197762 197678
295454 295330
197798 197715
124496 124445
112315 112269
295438 295321
149012 148954
124579 124531
197773 197698
295463 295351
148936 148880
197749 197677
148932 148878
295461 295354
295511 295404
124468 124423
295439 295333
295489 295383
112332 112292
197800 197730
124469 124425
124506 124463
124548 124505
197808 197740
197847 197779
148994 148943
295461 295361
295423 295325
124457 124416
197738 197674
295505 295410
295456 295362
148933 148886
148946 148899
197830 197771
148990 148946
295458 295372
112384 112353
112280 112250
197822 197770
490793 490664
148937 148898
490778 490655
148996 148959
881340 881270
117 17
490750 490629
295465 295394
490766 490649
197731 197684
490824 490709
124503 124474
490782 490669
490773 490661
112278 112253
490768 490663
490815 490710
112367 112343
124452 124426
148967 148936
197796 197755
112368 112345
490818 490718
295449 295389
149019 148989
124493 124468
124607 124582
490762 490664
197784 197745
295473 295416
197761 197723
490787 490695
197738 197701
124490 124467
197737 197701
112289 112269
197697 197662
124446 124424
490764 490684
148933 148909
295463 295416
295509 295463
490746 490670
881428 881294
197750 197720
881410 881277
881404 881276
881398 881273
197710 197682
295410 295369
295472 295431
881423 881301
197784 197757
490702 490636
490784 490718
3225191 3225026
881383 881265
881406 881291
295367 295329
295402 295364
490695 490632
490783 490720
490817 490754
490717 490655
295500 295463
490711 490651
3225200 3225034
1662623 1662530
881371 881265
295412 295377
490733 490675
490808 490750
1662638 1662538
490816 490759
490824 490768
1662689 1662502
490792 490737
881437 881341
295380 295348
1662678 1662572
881370 881310
490780 490728
1662683 1662507
1662682 1662559
490792 490742
881354 881265
881445 881357
881366 881281
881397 881312
881417 881350
881359 881291
490722 490675
1662635 1662502
1662668 1662534
1662687 1662531
1662694 1662541
1662673 1662521
490700 490656
490683 490639
149000 148980
148963 148945
149005 148987
197750 197727
148953 148937
197713 197692
124597 124584
124433 124421
124605 124593
295500 295472
149004 148990
197728 197710
124455 124444
295390 295364
295456 295434
124442 124433
112401 112393
295354 295334
295446 295426
490671 490639
490811 490786
197827 197817
1662671 1662589
490755 490731
490767 490743
881402 881359
1662614 1662534
295475 295402
3225182 3225025
881320 881254
1662690 1662613
490792 490774
197833 197829
57 57
64 64
140 141
156 159
146 150
