50020758
179 33
170 9
188 9
140 26
116 25
83 20
153 39
152 39
184 48
58 16
173 51
185 60
61 23
110 42
174 76
64 30
89 43
194 97
43 22
94 51
88 48
186 115
50 31
166 104
114 74
122 80
149 100
144 98
58 40
194 136
184 129
134 98
182 134
140 106
186 141
169 130
200 156
177 156
184 144
88 71
111 94
92 82
113 101
69 62
152 137
114 105
184 170
144 135
159 152
103 101
54 53
140 20
50010200 50010004
160 163
153 167
47 47
4 126
91 103
157 178
136 158
117 139
110 133
156 191
73 90
114 147
57 79
36 51
2 3
76 115
124 189
125 192
58 92
79 131
88 147
93 163
89 161
84 156
27 53
94 188
35 72
55 115
64 137
40 86
83 189
61 143
22 53
81 196
54 136
55 146
49 141
42 125
24 76
46 153
41 137
36 122
17 58
35 122
50 179
27 104
12 54
20 93
38 178
6 31
34 188
25 142
25 143
20 115
14 88
30 193
15 103
14 125
16 180
12 175
5 75
10 154
10 162
5 88
8 182
6 198
5 167
1 113
