1010634
191 1
216 8
238 13
222 13
146 15
99 11
183 21
109 14
260 40
272 43
283 46
209 34
42 7
71 13
154 29
215 41
156 30
155 30
267 53
270 58
242 52
159 35
260 58
168 38
83 21
275 70
177 48
221 60
235 64
64 18
292 84
271 78
98 29
241 73
257 80
255 81
234 75
297 96
196 64
199 67
225 78
249 88
214 76
91 35
253 98
291 117
167 80
164 80
203 100
299 154
100 53
136 73
268 147
231 130
154 87
209 119
174 100
163 94
267 159
282 170
210 134
202 130
199 129
279 181
31 21
188 134
227 163
30 1
268 195
221 161
192 140
58 43
240 178
264 196
216 166
242 186
174 134
207 161
293 229
279 226
261 212
204 166
220 180
127 104
107 93
194 170
163 145
258 232
123 111
246 223
238 216
263 241
276 254
177 163
224 208
141 135
250 241
283 275
269 264
295 290
278 276
251 181
162799 162505
225298 225074
270 275
600291 600064
264 264
153 157
101 107
266 283
141 151
61 80
