9999228978
90 3
54 4
71 7
85 9
43 5
63 8
86 11
88 12
53 8
55 11
95 19
80 17
51 11
95 22
88 22
99 26
49 14
94 6
98 32
85 28
67 24
77 28
30 11
81 31
64 28
75 34
78 36
97 45
84 40
28 14
100 51
95 50
70 38
73 40
93 51
48 29
33 20
61 38
35 22
62 39
27 17
19 12
99 64
37 24
45 31
84 60
62 45
77 56
66 52
65 53
26 22
94 82
24 21
58 52
68 63
65 61
25 24
82 80
89 87
95 93
119531330 119531251
119531334 119531268
119531324 119531265
139062571 139062503
119531318 119531261
139062596 139062534
178125081 178125006
178125093 178125019
98 31
119531325 119531278
178125079 178125016
139062592 139062546
119531313 119531274
178125099 178125041
119531303 119531268
178125062 178125010
178125100 178125051
256250085 256250015
139062562 139062525
256250078 256250014
256250081 256250017
256250096 256250032
139062555 139062521
178125069 178125029
178125064 178125025
178125075 178125036
139062588 139062559
256250095 256250055
256250093 256250060
178125057 178125035
256250081 256250050
119531327 119531279
119531303 119531259
139062537 139062521
256250073 256250047
178125085 178125069
139062578 139062567
256250068 256250057
178125080 178125073
139062563 139062558
139062588 139062587
139062550 139062546
119531310 119531307
139062565 139062562
34 34
63 63
178125086 178125086
256250076 256250080
178125089 178125093
178125051 178125059
119531318 119531324
256250082 256250097
119531320 119531328
178125055 178125068
256250076 256250097
256250059 256250082
139062553 139062566
178125069 178125097
139062558 139062589
119531308 119531336
139062539 139062599
93 94
84 85
59 60
64 67
65 75
65 77
32 38
61 76
42 53
32 41
63 83
71 95
31 42
40 55
29 40
56 80
37 53
60 90
59 93
49 82
43 78
26 49
28 53
43 87
30 61
27 55
39 80
14 29
43 92
18 39
45 99
9 22
17 44
19 54
22 65
22 73
12 40
9 32
25 92
19 90
11 59
15 88
12 75
13 97
9 68
11 86
7 58
10 94
2 22
9 100
8 95
8 96
6 83
3 47
5 80
3 50
3 59
1 28
