97225363
233 2
286 8
284 12
295 18
142 10
226 18
57 5
257 30
175 21
295 41
272 38
272 41
284 43
259 41
171 30
246 49
208 42
177 38
234 51
222 50
277 63
214 49
290 68
108 26
180 44
255 64
253 66
65 17
258 79
125 39
168 53
188 60
281 90
24 8
101 34
260 88
233 79
269 96
196 70
239 87
134 49
169 2
278 102
258 95
270 100
234 90
189 73
292 113
270 106
264 105
298 122
69 29
150 64
175 75
148 65
160 71
76 34
240 109
267 126
143 70
162 80
192 98
272 146
274 149
204 111
276 155
210 125
255 152
262 157
27 17
174 110
231 148
241 155
271 176
192 126
292 193
212 142
240 88
284 192
238 162
258 178
181 125
248 173
17 12
67 48
145 105
235 172
241 178
216 162
244 193
44 35
106 86
240 195
257 226
224 198
294 261
210 190
76 69
232 212
85 78
245 225
262 241
201 187
255 243
3135300 3135056
3135247 3135005
3135281 3135040
3135240 3135014
3135270 3135082
3135257 3135077
3135286 3135110
197 133
3135298 3135213
3135288 3135141
3135297 3135158
3135260 3135126
3135286 3135157
3135289 3135161
3135291 3135179
3135290 3135181
3135256 3135165
3135286 3135207
3135265 3135188
3135245 3135172
3135257 3135189
3135259 3135193
3135267 3135202
3135290 3135240
3135291 3135249
3135262 3135225
3135264 3135248
3135296 3135291
3135281 3135290
3135264 3135280
3135266 3135297
3135257 3135288
102 152
267 268
194 198
283 292
219 226
122 126
233 241
146 157
189 208
139 156
183 206
226 265
142 167
207 245
200 242
223 270
111 135
179 221
240 300
205 262
217 278
136 176
209 274
165 219
174 231
198 268
121 166
204 290
165 242
60 89
196 292
194 298
150 238
152 242
52 83
158 253
97 156
124 213
126 219
69 125
13 24
161 298
153 284
38 72
30 60
122 253
105 228
116 255
86 190
21 47
65 149
114 263
54 131
109 270
114 285
103 262
106 284
68 183
66 178
43 116
100 272
71 203
43 125
75 223
71 223
72 235
81 285
65 231
36 133
64 239
56 220
61 243
42 178
49 229
62 290
40 189
51 258
38 194
21 108
26 136
44 231
40 213
21 118
45 275
28 175
46 291
3 21
25 242
24 242
14 163
9 114
14 217
11 198
9 264
4 296
