1013169
204 1
261 4
257 4
93 2
252 9
189 7
232 14
71 6
196 18
240 23
252 27
289 31
248 27
197 22
225 31
78 11
276 41
147 22
247 37
64 10
242 40
186 31
159 27
206 37
287 53
240 47
239 48
97 20
188 42
144 33
52 12
254 62
251 62
147 40
105 29
272 78
237 68
188 55
27 8
297 90
292 89
103 32
56 18
267 86
151 50
267 91
227 78
194 67
244 85
48 17
191 71
228 86
181 69
98 38
220 88
283 114
276 113
260 107
274 113
248 104
119 50
223 94
253 108
149 66
300 133
200 89
202 90
294 131
291 136
221 106
118 59
49 25
290 150
241 125
218 114
246 131
193 103
254 138
235 132
139 79
80 46
204 120
268 158
253 150
297 178
299 183
292 185
284 180
145 94
231 152
97 64
252 169
207 142
230 160
43 30
284 199
299 210
58 41
267 189
289 212
297 220
285 217
110 84
87 67
140 112
285 229
224 180
295 240
198 162
283 233
277 230
114 96
121 105
88 77
294 258
115 103
206 185
258 234
293 269
270 248
62 57
214 202
66 64
169 164
128 126
109 108
31544 31260
31505 31254
31535 31285
31506 31261
31490 31252
118 1
31532 31301
31502 31283
31499 31281
31544 31329
31487 31274
31545 31332
31524 31313
31517 31308
31487 31288
31495 31306
31515 31328
31513 31335
31489 31253
31548 31482
270 272
31543 31437
31496 31333
31522 31364
31538 31380
31547 31401
31529 31402
31523 31417
31518 31420
31525 31432
31531 31459
31534 31463
31530 31460
124 124
58 58
130 155
213 215
242 257
182 200
254 282
113 126
242 271
187 212
144 165
198 227
245 285
79 92
135 160
162 192
178 211
194 230
107 127
130 155
166 206
139 173
112 140
166 208
158 198
237 297
31 39
194 246
84 108
212 277
201 268
220 297
160 219
29 40
211 294
157 219
81 115
193 275
201 299
121 192
121 195
100 167
45 78
95 165
117 208
126 229
92 168
100 187
149 282
28 53
145 280
100 194
140 273
131 262
140 284
120 244
147 299
82 167
67 137
119 255
76 164
64 144
44 101
64 148
118 274
12 28
63 149
111 264
92 219
18 43
97 233
22 53
111 269
87 212
69 178
86 227
45 129
73 221
40 124
45 149
56 187
88 296
87 294
