99968120
42 1
83 6
44 4
15 2
72 11
54 9
31 6
86 18
71 15
23 5
72 16
93 21
66 15
88 21
65 18
86 24
71 23
39 14
76 31
84 35
62 27
76 35
96 45
82 39
78 38
13 7
66 37
56 32
26 15
85 50
25 15
64 40
71 46
41 27
76 51
28 19
82 1
90 65
74 54
94 72
38 30
19 15
77 63
95 80
99 85
87 75
70 61
55 48
97 87
88 81
59 55
74 69
85 80
18 17
93 91
59 58
94 93
11562598 11562508
11562600 11562521
69 48
10390725 10390643
10781350 10781306
87 91
11562593 11562527
10195412 10195356
13125100 13125031
10390722 10390690
10390722 10390715
84 84
85 99
59 60
81 87
83 90
78 89
75 86
45 52
37 43
61 71
62 75
32 39
72 88
52 64
68 85
52 65
70 90
18 24
44 60
37 51
65 92
64 96
48 72
62 95
45 71
39 62
27 43
56 93
56 93
46 79
39 67
43 74
42 73
47 92
27 54
48 96
40 81
26 56
31 68
28 72
21 54
35 90
15 39
17 46
22 60
15 41
14 50
27 98
22 80
12 48
8 34
15 64
17 79
15 76
11 56
7 49
9 69
10 78
5 71
4 60
5 91
4 81
3 88
2 69
