1008244
295 125
66 2
226 75
218 138
4082 3972
8031 7833
4193 3981
4181 4071
219 15
2207 1973
2207 2122
255 130
177 53
2089 1970
2236 2042
2107 1997
246 133
2188 1979
293 40
265 102
107 13
237 102
2229 1959
8016 7844
2089 2032
197 14
227 152
177 39
235 80
272 207
237 104
202 139
15918 15675
8041 7921
15784 15676
15824 15751
4172 4101
15794 15631
15886 15651
62769 62534
15752 15671
31459 31285
31380 31290
15739 15665
62781 62545
7948 7856
8046 7946
101 55
153 109
203 156
195 162
293 245
234 198
213 195
2060 2005
2020 1981
2092 2053
4104 4071
4019 3987
2112 2097
4086 4071
7990 7965
8028 8009
31453 31380
62645 62527
15774 15745
31486 31429
62764 62661
31318 31269
125281 125094
4094 4088
62672 62582
31546 31503
238 170
125233 125007
8101 8092
272 273
165 185
