1016400
1343 1107
1316 1097
188 81
156 82
273 112
117 90
230 87
164 115
271 88
185 145
180 70
167 97
188 152
245 133
121 78
214 162
271 200
270 153
240 198
283 122
1342 1087
163 63
117 88
122 78
68 3
93 18
52 1
216 6
232 8
211 62
207 112
256 99
228 162
178 28
224 24
191 47
263 82
270 72
63 27
272 139
204 76
184 70
199 84
255 58
238 151
80 36
243 196
143 87
221 184
268 207
224 61
212 8
163 115
189 91
151 20
66 17
170 117
856 614
138 4
233 43
241 100
231 27
211 85
239 158
277 111
190 81
108 22
294 90
264 140
95 72
291 179
518 373
379 286
362 225
566 421
624 424
437 367
812 641
871 711
854 668
835 640
2244 2150
15926 15805
4213 4067
4228 4096
31558 31367
630 541
2336 2063
2266 2086
508 429
8076 7957
8178 7990
1239 1148
1302 1212
16014 15763
15886 15779
31558 31369
8075 7924
8180 7994
2192 2070
1230 1081
15917 15809
2346 2244
15899 15727
1272 1191
2237 2112
2156 2071
27 14
62 44
409 355
238 209
491 435
169 154
253 232
253 232
195 179
391 362
277 257
789 733
392 366
122 115
297 281
1255 1188
1339 1290
2130 2056
248 240
229 222
311 302
451 442
4105 4028
236 232
4160 4096
1105 1090
228 225
2176 2153
4144 4105
2271 2251
8141 8074
4105 4074
4252 4220
4146 4124
4166 4145
15892 15822
15806 15737
31650 31515
8118 8086
62870 62624
8146 8117
62846 62640
8028 8005
62786 62609
31484 31405
31620 31541
62895 62741
15938 15907
62845 62723
291 186
62778 62604
62858 62743
125347 125133
355 356
292 295
