5100018446
287 145
279 72
196 98
200 3
129 3
120 10
179 15
110 10
210 31
207 37
178 34
271 55
254 52
206 46
274 62
277 77
212 100
250 75
227 105
268 86
261 85
291 95
216 95
205 69
297 125
283 111
225 122
284 155
277 165
234 135
205 105
259 148
75 1
68 20
83 25
69 23
117 44
134 55
128 53
121 55
137 70
42 22
185 103
155 92
200 120
203 129
83 57
168 120
138 99
205 151
164 121
187 2
278 226
182 150
110 92
290 259
240 216
181 164
230 212
297 278
250 237
208 166
5100000300 5100000026
263 277
208 267
254 256
167 175
199 213
197 212
255 286
186 210
204 236
243 283
57 70
134 176
223 298
73 98
107 157
173 257
94 146
145 229
53 87
154 260
94 164
115 206
149 267
159 288
151 280
152 282
51 106
130 286
85 191
26 61
88 217
93 251
87 247
51 146
94 275
84 251
92 282
54 171
83 289
53 186
47 168
56 206
72 268
63 235
70 265
71 284
20 103
36 242
15 116
31 258
26 235
13 165
7 108
18 284
11 208
6 117
4 222
1 77
