100046919
200 1
268 2
115 1
276 5
269 6
173 4
119 3
98 3
59 2
245 42
114 4
183 8
273 12
202 9
241 11
102 5
162 8
137 8
49 3
221 14
155 10
228 15
217 15
251 18
155 12
152 12
199 16
185 15
205 17
232 20
161 14
212 19
290 26
222 21
157 15
136 13
140 14
108 11
19 2
299 33
163 18
63 7
144 16
177 20
292 36
183 24
196 26
155 22
258 37
89 13
203 30
266 40
159 24
295 45
240 37
206 32
287 45
198 32
230 39
76 13
133 23
39 7
288 52
295 55
69 13
180 34
197 38
209 41
289 59
244 50
286 61
280 61
283 62
135 30
274 61
148 33
115 26
137 31
217 51
144 35
230 58
108 28
245 64
184 49
75 20
88 24
179 49
122 34
247 69
225 63
289 82
104 30
119 35
106 32
180 55
222 68
83 26
51 16
187 59
242 77
222 72
209 68
116 38
124 41
126 42
112 38
294 100
196 67
76 26
239 82
281 97
139 48
170 59
236 82
268 94
31 11
221 80
286 107
66 25
236 91
267 104
136 53
300 117
182 71
187 73
240 95
233 95
247 104
272 115
196 83
170 72
190 81
75 32
297 127
226 97
135 58
126 56
99 44
212 95
243 110
216 98
190 87
120 55
146 67
294 135
248 115
69 32
215 100
182 85
19 9
147 70
232 111
119 57
286 137
268 129
103 50
195 95
249 123
135 67
205 102
282 141
260 130
239 120
197 99
196 99
81 41
286 147
261 136
260 137
231 122
157 84
138 74
61 33
225 123
223 122
206 114
275 153
147 82
227 132
175 102
260 152
135 79
174 102
117 69
271 160
214 128
272 163
245 147
218 132
261 159
182 113
196 122
276 172
91 57
218 138
271 172
261 166
199 128
139 90
187 122
291 190
265 174
222 146
124 83
100 67
283 190
83 56
120 81
239 163
252 173
237 164
147 102
43 30
273 191
30 21
60 42
54 38
75 53
77 55
14 10
218 156
221 160
151 110
275 201
191 140
155 114
193 142
187 138
215 159
212 157
300 223
282 210
212 158
71 53
181 136
291 219
193 146
120 91
50 38
98 75
91 70
158 122
63 49
64 50
274 215
280 220
197 155
123 97
214 169
199 158
171 136
235 187
214 171
175 140
285 229
253 204
257 208
143 5
220 179
290 236
237 193
190 155
147 121
234 193
286 237
222 186
51 43
78 66
259 223
236 204
172 149
277 240
105 91
90 78
233 202
161 141
191 168
294 259
243 215
256 228
274 245
298 267
91 82
216 195
299 271
260 239
288 265
124 115
92 88
260 250
276 266
83 80
148 144
216 211
70 69
274 271
282 279
297 294
247 245
200 199
276 275
285 284
295593 295342
295604 295380
295547 295337
295580 295376
295596 295395
295612 295421
295479 295316
295503 295342
295476 295316
490896 490646
295597 295450
490901 490658
295503 295365
295548 295411
295488 295352
186 151
295573 295443
490892 490685
490910 490704
295604 295485
295544 295428
295442 295331
295549 295440
490835 490654
295453 295345
490858 490680
490882 490704
490840 490664
295427 295324
490838 490670
295534 295442
490880 490731
295540 295452
295582 295494
881537 881275
881514 881255
295534 295448
881514 881265
295524 295443
295567 295489
490765 490640
881495 881275
881474 881261
295467 295397
881464 881263
881499 881300
881470 881273
295600 295534
881469 881274
881476 881282
295544 295479
881489 881298
881496 881305
295544 295481
881512 881328
881476 881295
490856 490756
881493 881317
490835 490738
881530 881356
881459 881288
881462 881292
1662796 1662501
490920 490696
881427 881260
490773 490684
490776 490688
881546 881388
881451 881295
490754 490668
490777 490691
490830 490744
490815 490731
490852 490768
490898 490815
881415 881268
490792 490712
295586 295540
881536 881399
881427 881294
1662797 1662551
1662800 1662561
1662735 1662513
295359 295320
295419 295380
295422 295383
295434 295395
881408 881292
881410 881296
295424 295386
1662742 1662530
881454 881342
1662766 1662556
1662756 1662551
881403 881295
490723 490664
490755 490696
881543 881439
490812 490755
295505 295471
881371 881272
1662794 1662613
295354 295322
295528 295496
490808 490756
1662704 1662529
1662793 1662624
490688 490639
881487 881317
1662794 1662631
881376 881291
1662777 1662617
1662700 1662542
1662778 1662623
881490 881410
490792 490748
881503 881424
881535 881456
1662723 1662575
881349 881271
881411 881333
490733 490691
881530 881455
295513 295489
1662769 1662634
295510 295487
490800 490762
295491 295462
1662680 1662543
1662669 1662545
490738 490711
881435 881370
490701 490667
881396 881337
881410 881352
295490 295473
490880 490853
881541 881496
490655 490636
295413 295403
490813 490797
295325 295321
295455 295453
295590 295589
295604 295604
295414 295414
295503 295511
295431 295442
295432 295448
83 84
170 173
157 160
278 285
274 281
72 74
157 162
190 197
214 222
187 194
184 191
256 268
18 19
89 94
