50110807
96 18
95 16
91 2
87 2
93 13
85 3
78 3
93 13
100 10
84 7
56 1
91 70
73 3
43 2
64 3
41 2
34 2
45 3
47 4
41 4
17 2
84 10
67 9
34 5
57 9
84 16
31 6
90 18
54 11
92 19
66 14
77 18
88 21
96 23
85 21
88 23
76 20
96 27
59 17
93 27
75 22
98 30
81 25
78 25
53 17
89 29
93 31
44 15
85 29
35 12
80 28
62 22
87 31
50 18
33 12
41 15
27 10
64 48
70 27
82 32
97 38
60 24
100 41
77 57
93 41
34 15
49 22
69 31
33 15
87 40
75 35
100 52
99 73
82 44
69 38
80 46
78 45
98 58
78 55
89 56
80 55
100 63
92 58
83 53
73 47
48 31
91 59
48 33
41 27
84 56
90 61
95 75
98 84
94 80
92 71
90 75
8 3
7 3
23 12
20 12
27 17
29 19
39 30
36 28
59 46
51 40
20 16
48 39
38 31
70 58
56 47
20 17
35 30
78 70
61 55
82 75
88 82
38 36
93 90
43 42
36 1
50100100 50100011
95 99
48 55
41 41
62 62
85 86
74 76
64 69
71 77
71 77
58 65
24 27
54 61
45 51
87 99
42 48
43 52
73 89
54 66
75 94
53 70
69 99
54 78
36 52
38 56
51 78
49 76
30 47
35 55
51 82
60 97
57 99
49 86
9 16
31 56
16 31
44 87
42 89
30 65
12 26
27 59
17 38
27 62
35 82
29 72
32 81
37 100
36 100
19 64
27 91
12 42
18 66
14 52
18 70
10 40
3 12
17 71
19 83
20 90
16 79
4 20
3 15
7 35
12 61
6 33
11 62
11 64
15 90
12 75
10 70
7 60
9 92
5 57
7 82
8 97
6 88
3 67
4 93
2 48
1 61
