9718512112
81 1
68 2
73 3
44 2
63 3
42 1
68 5
29 3
80 9
41 5
63 8
89 12
72 11
58 9
82 14
89 17
71 14
84 17
29 6
53 11
33 7
79 18
41 10
49 12
23 6
87 24
67 19
95 28
50 16
90 29
95 34
70 26
13 5
84 34
68 29
51 22
36 16
68 31
69 32
92 43
100 47
34 16
72 34
63 31
32 16
22 11
2 1
79 40
60 31
61 32
75 41
51 28
45 25
39 22
80 46
85 49
64 37
24 14
65 39
13 8
99 61
33 21
11 7
94 61
84 57
69 47
94 65
88 62
83 59
95 68
71 52
83 61
69 51
73 54
81 62
18 14
100 79
97 77
100 80
26 21
45 37
77 64
56 3
61 52
59 53
88 80
44 40
82 76
92 86
23 22
61 60
93 92
313500082 313500004
313500096 313500018
313500083 313500006
313500084 313500007
313500094 313500017
313500096 313500019
313500100 313500023
313500089 313500021
313500096 313500028
313500085 313500018
313500100 313500035
313500085 313500031
31 26
313500097 313500057
313500084 313500060
313500082 313500035
313500086 313500044
313500082 313500046
313500086 313500054
313500094 313500062
313500093 313500064
313500092 313500066
313500081 313500058
313500090 313500072
313500093 313500075
313500094 313500084
313500084 313500078
313500096 313500090
99 99
313500086 313500091
313500090 313500097
313500091 313500100
313500084 313500097
47 86
79 81
37 38
36 37
82 85
78 81
23 24
61 64
68 73
54 58
70 76
77 86
41 46
86 97
85 96
71 84
41 49
66 79
74 90
77 94
40 49
49 61
73 93
68 87
68 87
38 50
44 59
67 95
49 71
41 60
29 43
33 50
52 81
7 11
16 28
33 59
19 34
43 77
29 52
10 18
45 81
16 50
18 33
7 13
31 60
33 64
36 70
46 91
28 58
38 81
19 41
23 50
34 74
27 60
40 90
39 88
33 76
36 83
42 100
13 31
26 63
20 49
36 89
31 78
14 37
33 89
23 63
32 89
16 45
27 76
22 63
26 75
18 53
25 77
27 89
9 30
8 27
26 92
21 79
9 34
26 100
16 66
14 59
20 85
3 13
8 35
19 87
6 33
11 63
8 49
14 87
14 88
10 63
9 58
11 96
7 63
8 81
5 54
3 33
8 94
6 89
5 77
3 63
3 68
1 28
1 89
