998149
226 4
260 14
256 16
196 14
52 7
220 31
300 49
188 36
83 17
192 46
248 61
79 20
126 34
276 76
218 66
140 43
138 43
146 48
299 103
128 48
246 95
237 99
228 96
187 81
233 8
200 93
129 64
268 134
237 128
170 96
296 169
175 100
200 118
190 114
37 23
290 184
283 184
269 177
94 62
272 181
269 183
90 64
238 170
214 153
241 183
206 159
166 132
227 183
135 112
234 195
116 97
230 193
241 207
234 203
131 116
98 88
178 160
265 243
276 259
222 209
261 248
242 233
266 257
37 36
168 164
31561 31351
31607 31421
31587 31422
270 120
31510 31355
31573 31433
31562 31428
31583 31451
31534 31407
31521 31396
31547 31424
31529 31408
31520 31423
31612 31454
31641 31551
31520 31448
31529 31468
31604 31545
31642 31583
31575 31533
31505 31470
31542 31515
31530 31512
31638 31623
31563 31560
300 300
31563 31571
31519 31531
31562 31590
31578 31609
31583 31630
31574 31626
31533 31587
266 268
186 192
178 184
288 299
273 289
45 49
215 238
264 298
178 203
194 222
235 277
247 292
130 157
198 248
179 226
172 225
199 269
205 280
67 94
208 298
192 288
156 251
94 155
168 290
107 188
27 48
109 201
147 282
135 266
99 255
85 221
86 249
65 204
58 183
58 186
77 264
74 254
29 113
39 152
64 253
40 167
70 293
39 171
41 204
31 187
21 142
22 184
28 245
19 199
12 143
10 198
3 74
3 276
