100029745
198 11
276 17
271 19
221 27
183 30
274 49
229 52
162 43
282 86
218 69
211 73
294 115
252 107
178 80
133 63
298 142
223 107
144 71
129 65
273 139
135 69
242 131
201 113
256 152
151 93
193 119
233 146
200 126
110 70
288 190
118 78
65 43
183 122
240 176
190 149
108 86
89 71
203 168
127 107
268 226
297 251
224 206
294 271
259 244
278 272
239 234
112478 112229
124692 124446
112494 112279
112470 112262
124673 124449
149128 148878
124690 124482
112481 112298
124695 124496
112446 112270
124670 124478
112382 112222
112445 112285
112455 112295
124689 124514
124596 124422
124596 124423
112482 112329
197933 197664
112418 112266
112470 112319
112447 112299
197917 197662
149070 148879
149119 148932
124633 124482
112375 112239
149081 148901
124681 124531
112391 112260
112408 112279
197907 197682
149035 148868
197915 197709
149045 148890
124631 124503
197894 197692
197908 197707
197878 197679
149030 148884
295603 295314
149073 148933
112461 112358
112423 112322
149010 148878
197877 197702
124637 124528
149016 148887
124639 124532
124714 124608
197921 197755
112333 112241
124562 124461
112486 112396
124580 124482
197872 197722
295572 295348
124597 124506
124574 124484
112363 112282
112322 112242
124571 124484
112331 112254
295524 295326
295569 295379
149121 149028
112297 112230
112450 112383
112469 112404
112503 112438
124673 124602
197847 197735
197900 197788
197842 197732
295517 295355
197856 197748
490901 490634
124552 124485
124598 124531
149026 148947
148996 148919
112394 112338
295488 295343
295599 295457
148935 148864
112409 112358
197748 197659
148984 148917
490905 490686
124655 124600
295478 295348
295603 295473
148972 148908
197755 197674
148935 148876
197881 197803
124638 124589
197829 197752
295463 295350
295432 295320
490898 490712
148917 148861
197922 197848
148927 148872
197915 197842
124545 124501
197844 197776
112269 112231
490798 490632
124592 124550
124638 124596
124536 124495
197773 197708
490832 490673
881538 881259
124478 124439
124570 124531
295405 295315
490787 490642
490807 490662
881538 881286
112259 112227
124553 124518
197936 197881
295604 295522
112334 112303
295436 295355
124634 124600
295434 295354
197783 197730
881545 881311
295454 295377
881479 881252
490878 490754
124559 124528
124562 124531
490821 490699
148978 148941
295531 295459
124625 124595
490844 490728
148894 148860
490793 490681
881505 881310
881489 881300
197724 197682
881461 881274
490813 490710
295569 295507
295477 295416
112290 112267
881427 881251
490746 490649
112307 112285
148881 148852
124509 124485
197909 197871
490696 490639
81 10
490876 490783
490911 490818
295501 295446
881415 881252
881508 881348
1662754 1662560
490883 490796
295550 295499
490855 490797
881544 881397
881550 881405
881545 881433
295478 295431
881471 881331
490765 490690
490913 490840
881487 881361
1662795 1662579
881433 881309
490723 490654
490853 490784
881490 881373
1662731 1662510
1662759 1662536
3225291 3225044
3225288 3225040
3225268 3225018
881508 881419
881539 881451
881381 881294
1662663 1662531
3225281 3225017
881517 881439
3225287 3225059
149062 149035
197824 197790
112382 112364
149064 149043
124598 124581
148930 148910
112334 112321
295478 295444
149103 149087
112467 112455
197729 197708
490681 490631
295343 295314
490806 490758
490923 490877
197905 197889
148899 148887
124562 124552
490740 490703
881543 881481
1662757 1662642
1662680 1662568
1662661 1662555
490700 490669
3225285 3225087
1662789 1662690
3225258 3225070
490892 490798
881309 881259
881465 881415
881479 881430
197918 197908
295554 295541
295550 295538
124468 124464
149117 149116
113 113
274 275
272 282
