1016474
123 9
271 44
184 9
245 30
264 13
196 9
127 13
135 34
256 40
245 24
141 25
208 31
126 16
248 10
85 1
232 13
151 30
217 53
239 37
248 57
298 58
232 37
191 17
121 26
152 3
127 12
226 17
242 41
144 37
286 22
220 48
200 19
285 10
99 6
157 14
96 10
185 2
218 128
285 171
251 160
295 186
277 182
195 75
294 101
264 73
227 111
296 92
222 128
266 134
205 65
264 146
273 119
293 144
176 65
118 38
181 82
228 66
208 120
216 90
238 105
183 68
250 132
207 58
257 114
257 130
202 115
160 73
158 56
287 168
166 45
176 53
295 82
227 121
226 100
190 77
266 122
277 118
208 72
197 82
252 152
50 5
61 7
84 10
79 12
83 18
70 22
94 33
82 30
54 21
81 33
124 55
107 58
72 41
80 47
143 86
216 135
203 127
138 87
220 145
104 69
209 146
218 154
181 128
277 198
254 184
290 214
150 113
278 210
207 157
255 198
297 234
295 234
177 141
230 184
213 171
76 63
279 232
254 222
166 146
236 208
247 219
292 263
226 205
241 224
218 204
174 165
233 221
152 145
265 260
160 157
171 169
87 86
104198 103923
102242 101986
233 211
101260 101007
101267 101020
104191 103959
104141 103914
264 27
101231 101011
108072 107844
299 299
162790 162506
