9998794573
75 4
34 2
90 10
97 11
80 10
47 6
78 10
87 12
39 6
38 6
43 9
99 21
89 19
95 21
38 9
56 14
64 16
39 10
29 8
37 11
69 21
44 15
63 22
96 34
51 1
16 6
96 38
45 18
82 34
99 42
45 21
97 47
74 36
96 48
45 23
60 31
48 25
91 48
13 7
41 24
85 50
78 46
91 55
68 43
97 63
36 24
6 4
49 33
65 45
44 31
17 12
77 56
64 48
37 28
64 49
36 13
28 22
28 22
71 58
35 29
65 58
51 46
86 78
95 88
74 70
60 57
89 87
83 82
1220801 1220717
1220762 1220706
1220779 1220727
2441502 2441412
1220794 1220751
1220773 1220740
2441471 2441415
2441502 2441446
2441503 2441449
4882903 4882816
1220757 1220739
4882880 4882814
4882898 4882835
2441472 2441441
4882896 4882835
2441455 2441428
2441463 2441436
2441446 2441423
83 65
4882862 4882821
9765708 9765635
4882907 4882872
2441457 2441440
2441463 2441446
9765686 9765626
4882862 4882833
9765718 9765661
1220735 1220729
9765710 9765665
19531347 19531261
19531321 19531251
4882877 4882860
4882892 4882875
19531324 19531259
9765661 9765631
19531326 19531276
2441415 2441409
39062600 39062510
4882831 4882821
4882858 4882848
19531339 19531303
9765697 9765679
39062578 39062507
39062585 39062518
39062592 39062526
39062597 39062546
19531338 19531314
4882872 4882866
39062568 39062524
78125099 78125014
9765638 9765628
9765647 9765637
39062557 39062524
9765652 9765644
312500097 312500020
156250098 156250029
4882832 4882828
4882873 4882869
78125062 78125003
9765705 9765698
78125094 78125044
4882889 4882886
39062558 39062536
39062576 39062558
156250094 156250034
78125060 78125032
156250069 156250018
19531318 19531312
312500091 312500020
312500087 312500019
78125025 78125009
156250069 156250039
78125100 78125085
312500098 312500040
156250091 156250062
78125072 78125058
9765709 9765708
312500076 312500048
156250098 156250085
625000096 625000045
312500061 312500036
156250031 156250019
9765719 9765628
156250042 156250031
312500061 312500059
78125078 78125079
39062530 39062528
312500050 312500041
19531295 19531295
78125044 78125056
156250052 156250056
312500046 312500060
19531330 19531331
156250026 156250034
78125054 78125059
312500076 312500097
156250077 156250088
312500056 312500078
312500044 312500074
19531271 19531273
9765655 9765668
156250049 156250081
156250065 156250098
156250061 156250096
156250033 156250068
156250059 156250096
78125054 78125073
19531306 19531312
156250046 156250098
19531268 19531275
39062514 39062529
156250034 156250100
78125052 78125086
39062560 39062581
4882902 4882905
39062541 39062566
78125014 78125066
78125020 78125073
39062552 39062579
39062520 39062547
78125016 78125071
19531327 19531342
78125028 78125093
78125019 78125089
9765674 9765685
39062541 39062587
1220737 1220768
19531264 19531290
9765643 9765657
39062512 39062569
9765678 9765693
19531302 19531332
39062523 39062583
4882873 4882881
19531301 19531333
19531300 19531334
19531277 19531318
19531273 19531319
19531274 19531325
19531280 19531335
2441455 2441462
1220714 1220718
9765662 9765695
1220777 1220782
9765669 9765713
4882847 4882873
9765649 9765701
4882855 4882884
9765646 9765706
2441438 2441454
1220775 1220786
1220749 1220760
2441417 2441447
2441415 2441450
2441436 2441477
2441409 2441453
2441440 2441485
4882819 4882910
1220768 1220791
2441443 2441489
1220735 1220762
1220728 1220755
1220751 1220779
1220733 1220777
2441409 2441480
2441419 2441496
1220719 1220759
1220722 1220764
1220741 1220801
1220709 1220788
88 92
24 26
82 97
80 95
79 96
61 76
45 58
41 54
64 86
44 61
24 34
58 83
29 43
60 92
43 66
25 39
47 74
62 99
28 46
43 71
44 73
32 55
36 63
49 87
41 73
21 38
46 84
32 59
1 2
3 6
44 91
4 9
37 85
14 33
25 59
27 67
22 55
34 87
29 76
4 11
23 68
33 98
16 54
21 72
23 79
16 61
15 63
21 100
6 29
15 82
16 93
15 89
9 79
10 91
10 96
8 100
4 90
1 83
