9997561385
238 1
230 7
273 13
79 4
193 11
262 16
247 16
292 20
129 9
167 13
290 24
272 27
246 25
108 11
36 4
151 18
233 28
266 32
137 18
278 37
217 29
274 38
20 3
153 23
203 32
266 43
82 14
193 33
174 31
263 52
232 48
270 57
14 3
165 38
273 67
258 64
248 65
235 64
211 61
250 74
114 37
268 89
287 96
275 93
134 46
252 91
98 36
187 69
121 45
296 114
267 103
198 78
275 109
245 99
186 77
59 25
235 100
242 103
272 116
195 84
279 2
286 125
125 55
268 118
203 90
148 66
246 110
237 108
102 47
228 110
159 77
163 80
279 137
276 136
168 83
297 147
151 75
183 91
237 118
134 67
244 123
105 53
188 100
291 156
177 95
263 142
174 94
247 135
275 151
276 152
58 32
184 102
192 107
141 81
275 158
226 132
97 58
191 116
166 101
249 153
297 184
234 145
133 83
221 138
172 75
245 156
222 142
282 181
282 181
186 122
257 173
297 207
225 158
299 211
73 52
259 187
275 202
98 72
266 196
42 31
258 191
237 176
139 104
122 92
233 176
295 224
57 44
279 216
31 24
127 99
56 44
114 90
143 114
223 179
174 140
174 140
222 180
102 83
255 208
251 207
213 176
86 72
241 203
61 54
155 138
203 182
195 175
188 169
19 12
151 137
263 241
13 12
289 269
111 104
253 239
285 271
228 217
260 249
286 275
164 158
201 195
277 270
129 126
274 271
104 103
218 216
287 285
293 291
163 162
322500261 322500006
322500279 322500030
322500297 322500048
322500250 322500008
322500262 322500028
322500287 322500087
322500251 322500052
322500282 322500110
322500274 322500106
222 200
322500284 322500147
322500287 322500193
322500282 322500173
322500253 322500149
322500261 322500159
322500261 322500164
322500263 322500172
322500250 322500160
322500271 322500186
322500264 322500200
322500263 322500204
322500285 322500234
322500263 322500223
322500263 322500232
322500291 322500266
322500263 322500239
322500300 322500276
322500272 322500251
322500287 322500283
280 289
137 137
322500252 322500257
322500271 322500289
322500258 322500299
25 37
164 165
251 253
115 116
59 60
116 118
276 281
163 166
202 207
213 220
239 247
117 121
222 232
235 246
205 217
246 261
245 262
244 261
211 226
226 243
251 271
99 107
135 146
174 191
71 78
208 229
104 116
231 259
259 292
70 79
236 269
214 244
57 65
196 226
208 240
224 261
221 260
200 238
211 255
143 175
194 239
128 161
213 269
145 186
116 149
170 219
228 294
160 209
196 257
123 163
143 194
103 140
186 253
119 168
120 171
209 299
158 229
184 269
19 28
43 132
186 279
148 222
197 296
101 152
189 286
172 261
172 262
142 218
111 172
48 75
92 145
174 276
135 216
116 186
79 127
98 158
53 86
92 151
159 261
14 23
143 236
85 141
130 216
103 174
39 66
122 210
97 168
165 296
18 33
111 207
123 234
81 158
95 186
129 262
127 264
17 37
130 286
122 276
128 292
7 16
36 84
104 245
33 78
59 140
53 126
102 243
107 257
124 299
64 159
102 263
111 296
50 134
76 204
95 258
92 252
45 125
96 267
80 227
13 37
101 289
97 285
57 169
57 172
15 46
52 161
85 264
91 291
58 191
56 193
37 129
79 278
29 104
39 140
42 151
62 226
81 296
61 231
54 218
59 239
54 229
60 263
45 199
42 192
49 224
25 116
45 226
9 46
32 164
28 147
27 146
41 235
41 241
22 130
37 222
25 152
19 117
27 171
42 279
25 173
37 258
13 92
35 258
14 117
31 263
21 180
30 293
9 97
9 112
11 143
5 68
12 174
15 219
6 96
6 108
3 54
11 216
10 201
12 279
2 49
8 249
6 216
4 167
2 107
4 229
3 181
4 260
4 276
1 152
