590345
295 96
255 2
228 2
271 4
286 91
283 88
300 90
233 7
222 8
217 9
205 9
290 83
297 24
253 25
289 70
280 66
252 54
261 27
289 30
290 60
251 51
277 55
294 57
258 32
232 29
270 34
262 48
296 54
262 45
259 40
277 43
119 2
111 2
99 2
128 6
186 19
185 19
68 7
207 23
80 9
157 18
92 11
54 7
129 18
217 33
219 34
92 16
51 9
45 8
56 10
171 31
128 24
181 34
138 26
184 35
193 37
126 28
201 45
151 34
130 30
179 43
233 56
29 7
201 49
252 63
251 63
247 62
214 54
196 50
164 42
196 52
111 30
217 59
212 58
166 47
240 70
95 28
241 73
274 83
279 86
103 32
270 84
167 52
276 87
208 66
107 34
141 45
71 23
222 72
145 48
233 78
283 97
214 76
283 101
284 102
236 85
296 107
259 94
195 71
191 70
259 95
139 52
202 76
161 61
146 56
221 85
236 92
201 79
297 117
231 91
212 85
147 59
217 88
291 119
56 23
187 77
182 75
250 104
237 99
275 116
189 80
274 116
224 95
275 117
199 85
245 107
103 45
172 76
217 96
124 55
133 59
184 82
250 113
156 71
197 90
284 133
206 99
156 75
112 56
22 11
36 18
194 97
237 119
127 64
173 88
224 114
286 146
184 94
95 49
296 156
229 121
242 129
287 154
170 92
286 157
89 49
110 61
233 130
189 106
182 1
281 161
243 141
280 165
101 60
275 164
233 139
109 66
221 134
188 114
107 65
263 160
192 117
291 178
271 166
268 165
192 119
176 110
241 151
165 104
252 160
160 102
83 53
78 50
204 131
283 182
45 29
139 90
239 155
120 78
149 97
69 45
101 66
296 195
68 45
222 147
273 181
244 162
257 171
296 198
160 108
160 109
239 163
177 122
66 46
172 120
286 200
261 183
107 76
64 46
198 143
294 214
282 207
128 94
230 169
284 210
108 80
39 29
187 140
285 214
173 130
252 190
78 59
288 221
143 111
234 182
244 190
123 96
284 223
196 154
271 213
108 85
100 79
280 222
184 146
269 214
218 176
265 215
224 182
287 235
211 173
207 170
214 176
280 231
299 248
224 188
212 178
215 181
207 175
146 124
201 172
107 92
93 80
232 200
277 240
283 246
276 240
164 144
281 247
193 170
299 264
138 122
244 216
231 206
205 183
258 231
279 251
279 254
115 105
145 133
219 202
238 220
281 260
41 38
277 257
248 232
239 226
205 195
250 240
180 173
261 252
268 260
245 238
149 145
229 223
184 181
205 203
233 231
193 109
500400 500256
281 292
167 167
38 38
185 218
257 259
114 115
81 82
134 136
256 260
63 64
49 50
205 210
267 274
202 208
237 246
167 174
184 192
165 173
142 149
39 41
265 279
204 215
219 231
225 239
62 66
270 290
196 211
257 277
255 276
180 195
107 116
266 290
270 298
106 117
197 218
186 207
239 266
138 154
73 82
218 245
152 171
220 250
116 132
105 120
84 96
237 271
130 149
258 296
156 180
162 187
178 206
228 265
220 258
86 101
126 148
178 271
191 226
173 205
231 275
229 273
162 197
207 252
34 42
229 283
141 175
95 118
118 148
91 115
134 170
74 94
95 121
193 246
151 193
78 100
124 160
119 154
163 212
33 43
82 107
88 115
215 281
213 279
160 211
80 106
194 258
178 240
151 204
179 242
34 47
207 287
207 288
205 286
55 77
90 126
211 297
183 259
202 286
156 221
193 274
88 125
139 198
158 226
48 69
32 46
180 259
148 216
126 184
13 19
205 300
199 292
100 147
119 175
150 223
117 174
183 274
84 126
137 206
176 265
58 88
69 161
168 256
171 263
146 226
29 45
92 145
166 263
135 215
165 263
166 265
185 298
127 205
171 278
163 266
152 250
131 217
35 58
50 83
80 133
156 260
170 285
169 284
164 277
115 197
171 293
119 205
145 252
77 135
139 247
162 288
99 177
109 195
76 136
105 188
117 210
98 176
156 282
145 270
142 266
101 194
121 236
125 247
66 131
101 201
145 289
32 65
84 171
110 225
123 254
101 211
104 225
30 65
18 40
134 299
106 237
127 285
76 171
118 266
129 292
85 193
111 255
128 295
125 291
54 126
64 296
110 257
103 242
92 218
36 87
97 235
27 66
23 57
33 82
92 231
113 286
92 234
94 242
102 265
105 273
58 151
38 100
36 95
92 244
111 295
103 274
51 139
101 276
67 184
76 211
86 250
101 295
80 239
97 292
41 124
75 228
55 170
88 275
89 280
36 115
92 297
75 243
32 106
54 183
66 225
17 58
73 253
80 282
83 297
46 165
29 105
77 280
14 51
14 51
78 285
80 298
16 60
79 297
57 220
43 167
64 254
41 163
47 187
33 132
37 152
25 107
20 86
66 284
39 176
24 111
48 222
55 262
42 208
47 233
37 187
44 224
29 148
44 229
7 37
55 295
35 188
46 254
34 189
39 219
36 215
26 160
45 280
39 246
25 167
35 234
25 170
28 193
34 235
41 287
4 29
39 289
30 239
30 252
33 294
30 271
17 155
29 271
27 256
29 288
17 236
15 217
7 107
8 136
8 140
2 35
4 71
5 89
7 128
13 242
6 132
12 273
5 124
8 201
9 243
5 142
8 239
6 198
3 102
6 216
3 136
5 241
5 244
2 98
4 252
2 146
2 151
3 239
2 182
1 107
