1029072
170 81
225 110
292 248
273 17
12165 11964
294 19
170 127
233 40
191 146
207 50
12171 11962
165 138
186 140
266 226
252 50
275 84
183 91
215 188
149 27
267 61
160 58
196 70
264 88
220 191
200 22
224 73
148 93
81 35
14198 13952
227 179
229 142
274 17
205 169
12201 11970
291 171
209 58
11271 11090
300 239
285 37
235 110
98 12
218 97
96 32
257 179
240 145
11267 11031
272 72
197 136
246 197
280 204
285 102
260 159
11206 11004
300 244
150 114
190 165
295 128
233 180
110 49
102 39
11242 11052
298 251
96 53
251 61
11164 10978
120 43
237 87
234 14
262 109
292 265
124 16
112 30
10673 10500
71 42
170 15
288 207
187 124
186 144
213 124
170 125
236 164
10748 10562
135 105
296 260
10737 10520
163 74
10776 10555
207 18
10771 10534
212 20
293 74
10498 10308
232 8
175 34
93 65
10512 10328
10534 10310
281 124
221 167
10535 10283
10470 10252
211 31
265 153
10479 10264
92 58
255 22
281 2
57 22
140 101
10323 10155
272 82
10404 10183
10394 10224
92 41
10369 10197
231 50
117 59
252 34
10344 10166
174 80
137 1
273 214
212 58
158 54
263 95
219 2
146 113
37 1
10301 10141
237 183
286 87
95 38
156 47
70 42
253 189
209 11
160 54
176 122
140 105
250 62
204 25
287 16
201 97
270 200
243 10
193 83
200 119
261 3
263 151
129 69
140 111
282 61
290 76
195 8
276 92
121 73
273 116
209 23
243 196
149 26
14144 13959
12222 12049
12185 12031
12224 12046
12167 11986
12119 11973
14204 14026
18082 17833
18073 17818
18055 17838
11264 11097
11251 11095
11133 10980
11226 11074
18071 17851
18104 17879
10673 10527
10760 10601
10699 10541
10454 10295
10403 10269
10383 10231
10762 10598
14118 13950
14151 13970
14124 13921
14155 13983
34 12
116 95
154 134
158 141
28 25
235 213
89 81
264 248
248 233
152 144
195 187
282 271
214 206
162 156
145 140
92 89
247 240
235 231
297 292
254 251
11146 11017
11188 11059
14186 14028
10346 10232
10266 10155
18023 17830
18089 17898
14140 13995
18060 17875
10337 10236
10378 10277
10707 10603
10415 10317
11084 10981
18026 17860
10358 10264
14126 13998
12093 11984
12240 12133
14127 14004
10258 10170
12116 12014
10377 10290
108 49
10246 10148
14032 13913
25871 25663
14184 14077
195 195
