96940773
299 2
164 4
244 12
160 8
124 7
153 11
115 9
206 17
91 8
180 17
264 25
262 25
197 24
272 41
233 36
187 30
100 18
270 54
185 38
250 52
168 35
211 44
195 45
39 9
256 65
194 51
258 75
91 1
275 84
168 52
178 66
157 59
233 90
124 49
275 109
255 105
273 114
240 101
102 48
250 120
232 113
167 84
230 124
272 151
108 60
237 137
196 115
256 154
237 145
185 118
97 62
222 143
245 165
236 159
123 84
200 137
194 136
281 200
270 193
254 183
235 174
108 80
193 144
60 45
261 198
275 216
71 57
284 230
32 26
215 180
192 161
71 62
278 248
196 175
297 268
189 171
259 238
171 158
201 190
172 50
51 50
280 275
254 252
287 285
3126288 3126010
3126230 3126006
3126228 3126025
3126296 3126119
3126183 3126010
3126205 3126066
3126272 3126139
3126294 3126167
3126229 3126122
3126244 3126137
151 147
3126280 3126152
3126295 3126203
3126220 3126124
3126196 3126105
3126261 3126170
3126286 3126196
3126287 3126200
3126232 3126149
3126222 3126140
3126232 3126151
3126193 3126116
3126249 3126183
3126224 3126174
3126222 3126176
3126227 3126191
3126188 3126168
200 200
3126240 3126231
3126244 3126235
3126243 3126247
3126254 3126270
282 293
152 202
3126199 3126293
273 275
34 35
122 127
163 170
117 123
152 160
178 188
265 283
113 121
273 293
243 264
240 263
267 293
105 118
168 192
77 88
212 243
70 82
242 290
89 109
166 205
218 270
229 284
233 293
131 166
181 233
147 191
153 199
214 292
66 91
197 274
142 200
200 282
172 246
112 161
150 216
179 259
202 295
147 216
88 132
115 178
66 103
21 33
160 260
105 171
100 165
129 219
171 293
90 158
42 76
114 209
135 268
132 280
131 286
100 222
98 237
89 216
107 273
64 173
78 213
86 239
64 182
101 289
30 87
47 145
70 221
29 95
60 199
78 270
39 136
49 176
26 104
34 150
37 214
30 176
22 149
18 141
11 102
22 226
10 106
18 193
19 211
14 186
6 80
13 211
12 198
8 284
7 249
7 289
2 103
4 266
3 209
