10000027721
191 2
270 4
292 10
262 10
283 12
158 7
108 5
282 14
282 15
215 12
84 6
123 9
150 14
53 5
166 17
242 25
97 11
269 31
106 13
268 37
166 23
150 25
154 26
211 37
222 39
208 37
252 48
294 58
299 59
259 53
107 22
294 63
267 58
288 65
197 45
97 23
286 69
115 29
289 74
277 71
247 64
94 25
278 76
184 51
265 74
297 90
88 27
257 79
45 14
227 72
151 48
94 31
144 48
97 33
161 55
287 99
199 69
236 82
145 51
51 18
251 90
221 81
279 103
276 103
232 87
300 114
266 102
209 82
195 78
236 95
222 92
224 95
232 99
217 93
90 39
297 129
290 126
82 36
290 128
254 113
188 84
157 71
87 40
217 100
161 77
211 101
283 140
253 129
292 149
290 153
80 43
255 142
238 136
210 120
295 173
242 142
114 67
44 26
163 98
134 82
219 135
183 113
249 155
205 129
218 138
185 119
295 191
95 62
172 114
257 171
279 188
84 57
258 182
187 132
207 148
210 140
72 52
203 147
240 174
170 125
223 165
298 224
221 168
167 128
297 228
172 133
203 158
79 62
164 129
154 123
58 47
85 69
96 78
153 125
264 216
263 219
263 219
266 224
102 86
184 156
79 67
161 137
277 238
247 214
261 227
133 116
291 256
161 142
125 111
295 262
184 132
1321003 1320727
1320999 1320782
1320854 1320718
1320974 1320853
1320961 1320841
1320874 1320756
2541635 2541409
1320822 1320706
2541672 2541496
1320870 1320779
2541683 2541510
2541602 2541435
1320797 1320717
2541651 2541502
2541698 2541552
1320877 1320804
4983085 4982821
2541663 2541530
2541546 2541421
1320875 1320817
2541592 2541487
2541592 2541500
1320982 1320939
4982990 4982849
4982953 4982818
4983086 4982959
4982989 4982865
4983022 4982902
9865921 9865708
9865906 9865711
9865821 9865632
2541457 2541409
1320773 1320750
2541678 2541634
9865800 9865631
78225241 78225015
78225296 78225061
39162798 39162612
39162715 39162523
39162736 39162523
19631540 19631335
19631500 19631280
156350251 156350046
156350265 156350031
4982930 4982858
4983073 4983002
9865825 9865687
4982941 4982873
4983104 4983039
1320991 1320974
4982939 4982875
4983006 4982957
9865900 9865824
9865736 9865661
19631404 19631257
19631520 19631380
9865860 9865792
19631386 19631302
9865908 9865867
19631401 19631320
19631416 19631337
9865718 9865679
2541597 2541587
19631542 19631481
19631428 19631371
9865894 9865866
9865916 9865891
9865722 9865698
39162700 39162609
39162629 39162542
78225215 78225054
78225265 78225127
78225280 78225153
78225169 78225051
156350250 156350059
78225234 78225147
19631358 19631338
78225248 78225174
156350227 156350082
2541489 2541487
156350268 156350157
39162576 39162550
156350258 156350157
312600270 312600113
625100272 625100071
4983094 4983021
156350169 156350098
312600296 312600162
312600289 312600176
312600187 312600064
625100215 625100039
156350109 156350043
78225085 78225055
156350062 156350011
312600153 312600055
156350151 156350110
156350125 156350088
1250100289 1250100024
312600252 312600105
312600101 312600024
312600111 312600047
625100260 625100142
312600114 312600059
39162580 39162575
39162730 39162743
78225083 78225086
19631254 19631256
156350045 156350063
39162580 39162589
78225196 78225215
78225102 78225133
4983013 4983015
78225230 78225262
39162652 39162670
78225019 78225056
78225061 78225108
39162633 39162674
9865716 9865729
19631362 19631402
19631375 19631416
19631281 19631323
2541672 2541678
4982961 4982975
9865649 9865677
2541620 2541641
9865640 9865677
2541554 2541565
2541458 2541477
2541605 2541625
1320927 1320941
1320790 1320807
1320888 1320911
1320927 1320952
1320775 1320812
