9999942809
63 2
76 17
96 25
86 24
85 35
91 41
59 33
94 54
90 54
87 56
78 54
31 22
65 50
92 76
75 72
20531349 20531279
20531337 20531285
20531346 20531301
20531335 20531292
40062595 40062515
20531337 20531300
40062589 40062529
40062591 40062543
40062587 40062540
79125087 79125003
48 10
79125092 79125030
79125085 79125025
40062585 40062555
79125090 79125032
40062584 40062558
79125085 79125040
20531341 20531330
79125092 79125055
79125096 79125061
20531347 20531341
313500089 313500007
313500097 313500027
313500093 313500056
626000093 626000022
313500091 313500064
626000100 626000031
157250091 157250081
626000089 626000019
157250095 157250088
626000095 626000057
626000098 626000067
313500088 313500074
79125093 79125090
1251000097 1251000083
1251000093 1251000088
1251000097 1251000092
157250090 157250099
40062595 40062600
20531341 20531348
56 66
45 54
71 89
56 77
7 11
49 79
29 48
34 62
25 48
30 69
19 58
15 47
19 68
18 74
5 22
5 23
8 42
5 30
9 94
7 78
3 65
1 46
1 63
1 91
