1042444
208 153
2349 2127
298 44
209 158
280 12
241 205
239 171
106 43
243 206
291 29
274 223
297 16
107 37
202 158
225 85
293 38
154 23
295 247
229 130
277 215
265 79
291 226
290 52
180 37
139 40
283 40
219 13
103 10
186 26
239 131
185 19
285 100
143 29
201 96
122 25
266 159
271 202
188 88
26 5
147 28
281 24
77 61
279 225
152 44
150 130
240 54
158 94
198 116
299 150
64 5
300 263
233 159
69 11
240 56
126 110
284 166
291 24
256 48
260 106
222 145
175 56
131 2
259 58
227 4
289 49
83 70
99 53
187 119
249 108
227 183
181 126
193 105
140 108
180 74
203 67
238 144
190 89
184 105
166 145
238 205
287 111
296 212
130 6
205 123
250 226
238 43
191 105
282 151
160 140
183 162
230 193
263 71
153 67
244 71
221 174
99 66
291 5
279 154
166 129
267 122
170 40
233 98
168 73
110 87
255 167
210 45
292 150
129 42
291 249
103 9
298 249
257 149
189 61
132 52
250 223
243 65
55 43
205 29
220 173
107 86
251 101
258 40
272 179
80 37
174 107
195 92
102 40
280 188
216 73
196 175
74 54
236 77
241 72
133 49
215 146
271 24
177 17
60 8
293 98
191 164
279 96
19 4
136 85
225 94
173 4
265 121
151 38
252 67
195 98
235 180
228 74
181 60
150 51
92 29
262 200
152 12
196 46
186 24
241 103
252 150
176 32
186 129
238 109
138 78
168 97
270 63
85 34
290 176
103 5
145 80
238 214
265 44
184 70
256 81
31 19
253 104
152 72
288 33
274 77
168 5
271 10
220 155
272 51
259 196
218 63
295 167
145 43
120 74
283 30
253 214
256 84
228 45
298 15
208 35
269 108
169 24
197 154
259 53
277 155
158 54
167 84
205 29
289 132
95 57
256 135
240 95
191 105
292 193
287 88
211 190
227 42
124 56
268 143
133 25
285 130
228 100
188 136
284 159
93 75
255 173
29 1
102 58
126 93
228 166
258 17
133 50
231 172
294 56
277 217
264 198
188 171
236 193
147 14
169 65
234 57
262 216
285 53
235 200
247 83
253 21
199 63
104 67
298 119
98 70
74 61
173 11
229 27
107 2
249 9
274 93
116 31
228 162
55 36
134 87
68 22
44 9
289 260
116 71
260 120
20 11
50 43
66 57
266 243
58 53
258 236
2258 2067
95 87
2270 2079
73 67
268 246
110 101
2338 2160
244 226
2240 2081
284 264
2189 2056
248 233
167 157
2301 2164
4297 4059
182 172
128 121
2283 2160
225 213
119 113
2308 2197
4219 4021
4266 4069
4265 4071
2159 2063
4277 4088
281 269
4192 4013
4304 4122
2273 2182
102 98
51 49
4227 4064
2178 2095
4208 4048
4184 4037
4183 4043
2304 2229
2202 2132
2295 2223
4213 4084
164 159
139 135
2346 2280
2182 2122
2162 2103
2250 2189
4290 4174
148 144
4221 4107
2175 2117
8132 7919
8176 7963
4246 4139
164 160
8207 8010
8188 7994
8183 7991
2308 2255
224 219
8207 8028
8179 8003
4245 4156
289 283
8170 8006
4281 4197
8191 8035
8189 8034
4087 4010
8140 7987
4237 4160
4192 4116
278 273
8137 7991
4087 4014
16016 15745
8068 7933
2298 2260
4190 4123
2168 2134
256 252
4224 4159
2106 2075
2175 2143
8137 8020
4109 4050
284 280
8178 8065
15934 15728
2124 2097
158 156
2088 2062
243 240
8197 8096
15996 15802
15982 15797
8060 7967
15986 15806
2325 2299
16007 15832
8065 7979
8053 7970
196 194
8068 7988
15936 15781
15904 15759
2323 2302
15993 15855
2331 2311
2239 2221
8088 8024
127 126
15996 15872
8047 7985
263 261
8029 7968
31621 31381
8078 8017
8017 7958
7997 7940
145 144
4112 4084
15952 15850
31633 31434
15980 15884
31625 31439
31640 31471
8148 8105
8163 8120
15995 15911
7981 7942
31611 31463
15954 15882
15849 15780
15809 15741
15899 15831
4264 4246
62869 62613
269 47
31578 31382
31492 31356
4259 4242
2128 2120
4250 4236
2169 2164
5 5
248 250
