625166
102 1
191 100
165 3
96 3
174 8
115 6
187 11
128 9
164 12
194 95
184 78
164 16
152 16
156 17
170 19
181 76
162 20
102 13
186 27
186 34
163 31
188 36
154 30
173 35
200 41
181 38
140 30
193 79
172 39
178 43
164 67
127 33
196 51
152 62
141 39
137 39
194 77
162 47
167 49
183 54
144 44
195 64
151 51
133 45
148 51
178 69
149 56
176 67
194 1
69 6
69 8
98 22
66 17
109 30
52 15
88 31
131 50
131 50
130 53
111 46
96 40
80 36
119 54
119 57
121 58
167 81
134 66
139 70
49 25
64 33
143 74
165 86
109 57
177 95
187 103
110 61
30 17
56 32
116 67
103 60
191 112
141 83
55 33
26 16
181 112
197 124
81 52
175 113
66 43
50 34
158 109
39 27
92 64
163 115
191 135
143 105
155 116
121 91
154 116
197 150
107 83
162 126
114 89
96 75
123 97
170 135
90 72
175 140
117 97
77 64
154 128
114 95
134 113
101 87
174 150
135 118
152 134
191 170
111 100
192 173
126 115
135 124
91 84
191 178
128 120
125 118
40 38
152 145
84 80
127 122
155 149
123 120
98 96
88 7
600200 600022
177 186
105 172
92 93
148 150
176 183
48 51
175 186
95 101
128 137
98 105
162 177
88 98
59 66
131 150
158 181
64 74
143 169
60 74
96 119
37 46
147 184
95 119
139 176
123 156
124 161
112 147
50 66
133 179
72 98
79 112
104 148
59 85
70 103
100 148
128 193
124 191
113 177
94 148
97 154
82 131
101 162
17 170
62 102
37 61
67 112
96 171
51 92
35 65
37 70
87 166
100 192
41 80
88 173
60 120
11 23
28 64
86 199
49 116
53 126
70 172
24 59
79 197
63 159
57 144
66 167
73 190
27 74
52 148
19 58
61 190
15 49
36 118
37 124
30 101
53 182
30 113
52 196
23 90
49 192
36 152
7 30
14 66
28 134
13 64
38 192
33 195
24 145
25 158
21 135
17 123
15 117
24 190
12 100
13 121
15 178
10 119
11 134
12 157
5 77
3 59
4 95
6 150
4 125
3 100
5 182
3 133
