100015596
228 109
299 24
181 50
252 125
277 41
251 81
295 116
25701 25487
13486 13217
258 84
222 8
215 15
244 82
268 141
289 104
272 158
13501 13261
277 98
284 70
257 1
25667 25465
281 5
161 1
255 13
236 24
288 55
167 58
234 108
266 33
216 79
220 7
219 69
269 170
217 93
221 58
282 14
139 17
197 26
215 107
99 4
68 8
55 7
126 35
133 38
8 3
157 60
33 13
121 53
111 49
115 53
141 70
117 59
180 94
149 81
216 120
97 54
105 59
196 113
202 117
180 107
195 118
122 75
151 94
24 15
250 160
85 55
119 77
150 98
177 116
169 112
296 201
156 109
271 191
285 202
53 38
220 162
87 65
298 223
266 201
51 39
103 79
164 128
211 166
195 154
229 182
272 219
260 213
254 209
279 232
217 187
274 238
284 255
255 233
180 167
184 171
274 257
151 144
233 224
213 210
13425 13341
13341 13281
50075 49869
13289 13247
50040 49915
98897 98686
50000 49896
98879 98725
50075 50006
50023 49958
13447 13430
196564 196382
25499 25476
196521 196351
391883 391636
25513 25501
196557 196466
391880 391725
50031 50012
50112 50095
782511 782251
98874 98843
49944 49929
98728 98703
196598 196552
782427 782265
50099 50089
782533 782381
782482 782344
1563764 1563533
1563771 1563558
196513 196490
196362 196341
1563714 1563569
1563670 1563611
3126246 3126081
782418 782371
782309 782254
6251266 6251167
6251260 6251037
12501187 12501016
6251207 6251032
240 226
391666 391633
391857 391824
391668 391642
391667 391647
782520 782487
98863 98859
782355 782329
6251287 6251205
1563793 1563654
3126109 3126025
12501288 12501140
25001276 25001024
