1021895
117 51
180 146
87 31
109 51
67 13
7957 7861
80 24
8009 7916
197 134
179 146
158 102
7936 7816
7968 7865
148 69
7946 7877
8004 7829
7972 7835
7945 7864
4101 4052
7952 7814
7999 7832
7961 7864
192 135
68 16
101 24
3964 3923
7987 7921
4077 3934
4042 3954
181 140
7998 7837
170 72
4080 4019
4089 3946
180 92
7980 7817
8012 7873
146 85
74 7
3975 3934
3988 3946
3986 3908
4060 4004
130 54
4085 4026
139 26
193 150
149 111
4085 3985
75 24
196 109
199 37
4085 4020
15776 15647
4010 3915
173 23
139 8
15824 15671
4082 3913
4091 3929
15815 15634
4017 3958
15803 15632
197 99
84 17
197 56
15800 15653
4088 3921
169 108
109 66
15776 15634
4065 3949
145 85
4049 3930
3965 3913
4082 3918
164 130
199 82
158 41
4013 3913
162 2
15805 15658
196 31
15803 15635
4078 3959
160 37
56 26
154 62
4084 3932
199 47
160 40
68 28
109 72
15786 15656
118 80
4050 3964
2030 1984
2128 1999
164 38
173 60
2143 2084
2119 2077
2064 1998
158 19
53 19
143 87
62 33
2085 1984
152 86
193 45
2094 2008
15806 15671
166 57
2084 2025
2024 1960
90 41
2080 2036
130 99
196 14
2144 2094
2115 2058
161 62
2145 2079
128 94
65 25
164 110
140 3
2041 1983
113 71
2141 2022
2049 2003
2144 2037
113 10
2056 2000
171 68
2054 1982
2049 1955
7952 7887
85 9
2083 1968
2037 1977
86 58
2086 2007
2063 1958
187 90
146 65
54 21
83 35
182 151
43 18
200 17
132 106
109 78
125 29
156 102
85 9
193 23
43 2
113 69
104 15
184 144
133 93
170 32
106 2
150 25
169 16
188 137
181 145
102 2
181 63
197 47
145 3
125 88
189 95
171 139
197 75
133 96
197 122
76 20
114 67
155 78
47 3
144 62
182 31
144 72
182 1
169 69
182 145
188 18
170 123
161 125
117 43
93 61
77 34
185 38
145 22
147 2
128 50
187 132
125 26
192 144
200 66
112 61
197 13
76 41
59 30
99 28
15760 15633
15776 15660
31448 31276
15771 15651
15750 15644
34 12
39 19
58 36
60 38
53 34
83 64
67 52
46 37
80 65
25 21
35 30
143 123
102 88
72 63
91 80
109 96
163 144
152 137
193 177
183 168
113 104
190 175
137 127
159 148
191 179
111 105
43 41
177 170
45 44
59 58
2078 2048
2098 2068
2078 2049
2014 1986
88 87
180 178
1981 1962
4012 3974
4009 3974
4021 3990
7883 7825
8009 7951
1990 1976
7964 7909
3942 3915
7998 7945
2128 2114
15736 15633
7970 7918
4049 4023
7987 7937
15799 15701
2099 2086
15731 15634
7973 7929
2002 1991
31429 31260
7951 7909
15713 15636
93 54
4017 3996
7873 7832
7886 7846
31414 31258
15769 15692
31449 31300
31398 31251
15701 15632
31417 31252
31395 31254
7860 7825
15800 15731
15743 15677
1981 1973
4049 4033
2039 2031
4046 4031
7960 7932
76 77
115 117
