1015118
137 4
134 4
103 4
171 8
165 10
44 3
41 3
180 14
164 13
179 16
65 7
53 6
122 14
138 16
170 21
176 22
187 24
193 25
119 16
159 22
150 21
165 24
177 27
124 20
102 17
162 28
161 28
193 35
153 29
77 15
107 21
182 36
139 28
163 33
200 41
154 32
110 23
170 36
127 27
131 28
157 36
145 34
196 48
36 9
128 32
133 34
176 45
165 43
49 13
56 15
126 34
143 40
59 17
186 55
101 30
199 62
115 36
89 28
104 33
86 28
58 19
124 42
108 37
163 57
199 70
147 52
199 71
180 65
180 68
126 49
86 34
151 60
160 64
159 66
113 48
175 75
154 67
140 61
116 52
124 56
188 86
187 86
89 41
194 90
182 85
54 26
199 96
86 42
152 75
174 88
132 67
179 92
198 103
154 81
80 43
132 71
65 35
190 103
34 19
76 43
158 90
151 87
189 109
162 94
143 85
146 89
65 40
181 113
140 88
115 73
171 109
151 98
192 125
167 119
193 138
170 123
176 128
137 100
183 134
182 134
178 132
67 50
191 146
180 138
147 113
118 91
70 54
189 146
150 116
58 45
171 133
172 134
23 18
51 40
123 97
172 136
196 155
178 141
193 154
82 66
155 128
150 124
186 154
173 144
170 142
25 21
107 90
146 123
128 108
154 131
137 117
192 164
138 118
173 148
98 84
197 169
188 162
173 150
152 135
136 121
32436 32256
32439 32269
32447 32293
32444 32296
32445 32298
32425 32284
32414 32274
146 47
32449 32314
32388 32255
32404 32276
32450 32312
63699 63505
63695 63518
63690 63519
63673 63505
63685 63519
63693 63535
63684 63532
63657 63510
126193 126008
