100004811
97 1
81 1
98 2
79 2
40 2
36 4
48 6
46 6
55 8
41 6
6 1
77 19
74 19
58 15
50 16
93 31
95 32
98 34
58 21
46 17
91 34
8 3
50 20
44 22
74 38
81 46
76 44
881331 881256
881350 881254
490720 490627
295409 295333
295393 295313
295409 295325
295400 295313
97 35
58 38
36 24
40 27
96 69
72 53
43 32
48 38
295403 295337
295402 295347
295376 295323
295361 295314
295398 295357
295394 295362
490698 490648
295369 295343
490715 490673
881323 881258
490671 490636
295383 295362
881335 881273
490666 490633
490676 490643
881344 881289
881336 881285
881327 881277
881336 881291
490724 490700
881301 881259
295391 295377
1662589 1662512
1662598 1662521
1662598 1662524
490699 490678
1662578 1662508
881292 881255
1662588 1662522
490670 490651
1662580 1662516
490644 490627
881281 881251
881306 881277
1662560 1662506
881313 881285
1662596 1662546
490686 490672
490702 490688
490715 490701
1662574 1662527
3225099 3225012
3225085 3225004
1662569 1662540
98 58
1662589 1662548
1662585 1662555
3225099 3225021
881340 881319
3225079 3225020
1662588 1662556
1662590 1662558
1662594 1662563
3225099 3225048
1662597 1662569
490700 490688
881283 881266
490675 490666
881319 881304
1662544 1662520
295330 295326
3225094 3225051
490632 490626
6350076 6350004
3225099 3225018
3225066 3225031
6350080 6350012
881290 881281
3225036 3225004
295331 295330
490662 490661
295349 295349
881267 881269
295317 295320
490635 490641
295315 295321
