100021421
124 1
193 2
74 1
84 2
227 6
219 6
27 1
275 14
257 14
81 5
279 18
201 13
170 13
285 26
239 22
46 5
223 25
142 16
119 14
218 28
281 38
299 44
109 19
225 40
222 42
87 17
255 54
198 45
205 55
209 58
195 59
158 49
205 66
86 29
290 104
267 97
215 79
223 85
165 63
182 71
131 52
62 25
285 122
71 31
257 113
296 135
161 74
220 106
280 135
249 121
190 94
253 130
201 105
146 78
44 24
126 71
161 96
238 150
178 113
170 108
171 109
288 193
219 147
270 182
107 73
206 141
223 158
272 196
232 168
207 152
288 212
156 115
159 121
104 82
252 204
130 107
183 151
242 202
168 144
234 201
213 183
300 258
95 84
295608 295329
295544 295313
295582 295351
295569 295356
295582 295408
295529 295356
295582 295409
295491 295326
295598 295437
490915 490649
490895 490638
295466 295313
295611 295460
490917 490684
490897 490669
295463 295329
490852 490638
490858 490653
295550 295439
490873 490695
490885 490714
490837 490671
295443 295350
490827 490692
490875 490745
490902 490781
189 78
490911 490797
490774 490662
295540 295473
490867 490776
490846 490757
881479 881330
881524 881380
490860 490782
1662795 1662540
881389 881255
881500 881366
1662754 1662503
1662756 1662510
1662753 1662517
1662759 1662524
881546 881426
881550 881432
490756 490691
490921 490858
1662771 1662558
490749 490690
881367 881263
1662718 1662523
1662777 1662585
881489 881390
490811 490758
1662684 1662507
1662681 1662508
1662680 1662510
1662715 1662548
490839 490791
881448 881364
295349 295322
490802 490760
1662709 1662568
3225283 3225015
490839 490720
1662775 1662650
1662796 1662671
1662620 1662504
1662779 1662668
881373 881316
3225194 3225022
3225227 3225062
3225293 3225133
3225175 3225028
1662654 1662529
6350274 6350014
3225166 3225032
6350250 6350013
6350265 6350055
6350252 6350045
