1009834
74 21
33 4
7907 7836
7905 7841
7919 7856
7907 7843
7899 7826
7893 7825
7922 7832
7921 7866
7910 7823
7914 7824
7918 7848
7886 7824
3989 3933
85 1
3977 3946
4010 3932
3974 3928
95 53
4016 3956
4010 3956
3970 3938
3993 3966
66 48
4008 3932
4002 3940
4014 3960
3985 3917
4010 3948
4001 3932
3978 3937
4003 3931
3953 3926
4005 3958
3967 3942
3966 3939
3995 3943
3988 3949
4015 3947
4016 3983
4011 3928
3963 3932
3978 3949
4007 3977
3987 3945
3966 3940
3965 3934
1989 1968
2011 1983
2062 1997
2036 1993
2059 2039
2036 2014
2061 1999
2027 1967
2035 1982
2042 2019
2004 1978
90 41
2047 1971
2035 1999
2010 1995
2025 1993
2006 1991
2059 1977
2060 2043
1993 1968
2014 2000
2002 1971
96 59
2062 1983
2010 1982
1992 1975
1983 1964
2003 1976
97 83
1988 1971
2051 2001
82 65
2057 1976
52 34
2063 2044
2038 1978
2061 2042
2014 1994
2021 1986
2040 2009
2058 1982
2042 1999
1992 1974
78 35
54 24
48 7
80 3
92 10
64 36
21 17
96 60
84 1
57 31
25 13
79 3
84 2
77 23
15735 15639
12 1
48 30
28 17
71 27
76 51
81 9
99 82
88 9
20 6
62 18
61 41
32 7
59 41
50 19
81 66
60 45
34 1
49 44
32 9
98 60
24 20
90 82
73 58
73 36
56 14
87 63
87 63
99 73
82 70
70 25
47 36
30 14
82 25
29 5
80 22
74 63
97 67
80 72
47 32
83 58
82 27
49 38
76 7
90 60
34 27
30 25
96 20
33 18
7 3
81 33
90 39
77 60
88 27
40 31
98 40
82 42
93 15
83 45
90 44
92 14
80 32
40 34
98 39
91 75
93 62
24 11
98 6
47 32
90 41
80 65
70 19
50 15
43 32
88 42
7 2
76 19
43 7
91 54
63 5
15712 15653
15702 15649
15735 15681
15720 15664
7858 7827
3988 3967
15711 15648
3958 3938
7871 7832
3971 3951
15724 15652
3985 3961
7895 7863
3944 3922
3940 3918
7917 7885
15723 15641
4002 3985
2032 2022
3981 3963
7905 7864
4014 3997
3977 3953
2014 2002
15717 15656
4006 3984
3977 3954
15733 15643
15728 15651
3963 3943
7855 7823
4015 3993
7868 7838
15704 15648
7913 7887
7859 7834
15703 15644
15709 15666
15689 15643
7878 7848
15721 15662
21 18
84 82
86 84
96 94
2017 2008
2029 2020
2061 2052
1979 1971
2019 2011
2035 2027
2054 2046
2027 2020
1983 1977
3975 3963
7860 7837
15720 15677
15714 15672
31349 31266
31355 31272
15714 15674
7921 7901
1990 1985
31360 31282
15723 15684
2021 2016
31357 31280
31354 31278
15717 15679
35 3
15683 15645
7848 7825
7875 7856
7877 7859
4 4
93 93
18 18
94 94
