96986801
200 2
251 3
76 1
147 2
256 5
251 2
241 6
220 6
245 8
209 7
256 10
143 8
268 15
152 10
116 8
285 20
260 19
127 11
230 20
166 15
149 14
233 23
241 26
167 19
161 19
184 22
274 33
161 20
266 35
300 40
237 34
177 28
257 41
269 43
129 21
72 12
172 31
282 51
49 9
132 25
157 30
185 37
168 35
207 44
161 36
268 60
198 46
194 4
292 72
300 74
224 56
274 69
269 68
260 66
66 17
223 58
295 77
225 59
155 42
239 67
245 69
130 38
151 45
228 68
155 47
223 68
134 43
31 10
176 57
215 71
129 43
273 92
297 101
235 80
162 56
291 107
135 50
172 64
145 54
171 64
160 60
291 110
130 50
226 87
57 22
287 111
111 43
118 46
177 70
214 85
134 54
248 102
216 89
210 87
283 118
199 86
277 124
140 64
215 99
222 104
149 71
209 100
146 70
275 132
270 134
253 126
126 63
171 88
223 117
295 156
255 135
102 54
292 155
255 136
199 107
252 136
242 132
232 127
177 98
291 162
264 148
277 156
186 44
239 137
289 167
227 132
253 148
236 139
154 91
128 78
257 157
297 183
147 91
274 170
270 168
223 140
194 122
141 89
120 76
281 179
266 171
87 56
163 105
207 134
131 85
166 108
237 156
245 162
260 173
297 199
273 183
224 152
215 146
193 133
162 112
120 83
215 149
254 177
246 172
209 148
101 72
150 107
263 188
231 166
300 216
268 194
138 101
136 100
145 108
247 184
177 132
179 135
135 102
123 94
262 201
296 228
261 147
279 217
219 172
126 99
262 206
185 146
293 233
223 178
131 105
241 195
284 230
37 30
222 181
299 248
121 102
275 236
276 237
172 150
225 200
109 97
300 268
85 76
82 74
247 223
220 199
148 134
154 140
297 271
254 232
278 256
270 249
284 262
262 242
93 86
249 231
129 120
219 204
150 140
121 114
94 89
265 254
173 166
285 280
261 257
206 203
223 220
98 97
3126293 3126033
3126285 3126037
3126257 3126013
3126282 3126042
3126287 3126073
3126288 3126084
3126252 3126053
3126239 3126044
3126242 3126052
3126256 3126067
3126278 3126101
3126260 3126084
3126273 3126111
3126244 3126092
236 183
3126293 3126155
3126274 3126144
3126269 3126159
3126236 3126148
3126274 3126189
3126248 3126198
3126297 3126256
3126276 3126236
3126287 3126249
3126238 3126201
3126260 3126244
3126265 3126262
89 89
148 148
3126258 3126261
3126259 3126264
3126273 3126280
3126235 3126256
3126236 3126278
220 272
228 229
225 226
144 145
266 268
103 104
131 133
228 232
261 267
271 280
114 118
269 279
141 147
69 72
59 62
153 161
187 197
213 225
103 109
214 227
244 259
138 147
58 62
202 217
131 141
184 199
249 270
253 275
163 178
226 249
253 279
198 219
113 125
117 130
105 117
156 174
152 170
210 235
243 272
248 278
191 215
174 196
234 264
117 132
194 219
214 242
183 207
244 276
66 76
191 220
222 257
151 175
220 256
88 103
254 300
93 110
69 82
169 202
242 290
148 179
109 134
142 271
76 94
100 124
197 245
75 94
94 118
218 275
150 190
196 249
206 264
230 295
122 157
79 103
19 25
112 148
222 294
132 175
146 194
84 112
112 150
214 288
178 240
174 235
135 183
210 290
190 263
215 298
198 278
191 273
185 268
66 96
150 219
105 154
170 252
163 243
51 78
176 270
170 263
143 222
137 214
164 257
173 273
181 286
88 142
87 143
108 179
126 210
112 189
177 299
74 128
140 243
128 226
128 229
82 147
69 124
144 259
146 266
92 168
53 98
83 154
105 196
159 298
119 224
126 238
37 152
108 207
128 248
152 297
145 286
122 243
132 268
118 245
38 79
126 264
68 144
136 289
119 253
15 32
128 277
59 128
125 277
83 184
63 144
104 240
70 163
49 117
64 153
103 252
113 277
74 182
100 247
99 250
13 33
102 263
47 123
56 147
98 258
106 281
53 142
96 261
67 183
87 238
14 39
54 151
67 194
102 296
76 229
90 272
49 150
68 214
94 297
67 212
88 280
60 191
56 179
67 221
53 175
89 295
52 174
61 207
71 242
80 281
64 230
60 216
73 266
34 130
66 262
47 187
52 212
63 263
49 205
27 115
61 260
56 240
53 236
44 196
48 216
13 60
55 257
51 265
40 209
33 174
38 207
43 239
15 86
46 267
20 118
29 172
15 91
27 165
46 286
26 163
43 275
34 222
19 125
24 159
32 226
33 246
27 203
16 121
35 270
14 111
24 201
29 245
14 133
8 82
17 179
24 280
24 291
10 129
14 181
10 139
11 153
16 264
4 67
10 183
4 76
6 126
8 173
13 290
1 27
7 247
2 81
7 289
6 249
7 298
4 177
6 272
5 229
5 240
6 300
4 227
1 117
