1017690
10372 10205
10481 10323
182 98
293 102
10468 10262
10527 10346
10465 10295
257 172
250 102
10403 10247
10785 10507
212 12
10319 10123
10748 10522
10722 10537
240 132
265 91
256 66
167 21
134 15
226 40
280 156
230 7
274 120
206 55
211 93
11174 10991
277 148
234 107
258 179
194 62
11214 11025
288 32
178 28
283 87
278 186
11243 11043
11269 10992
300 193
11276 10981
262 115
191 63
18026 17823
11254 11096
14183 13928
239 73
18087 17847
11266 10996
175 19
260 44
169 2
18112 17815
14201 13971
202 3
256 118
235 90
299 198
82 10
94 29
79 25
96 40
142 66
99 47
80 40
120 75
67 43
63 46
267 198
235 178
255 195
153 118
217 169
226 177
213 168
109 89
247 206
247 207
129 109
281 241
184 163
141 125
104 95
282 261
254 238
130 122
124 117
290 277
239 232
82 80
276 272
10275 10135
10412 10272
10375 10239
11258 11111
10533 10407
10408 10285
12099 11960
10480 10364
12201 12067
10771 10653
12218 12087
14061 13917
10234 10132
10272 10170
10371 10269
18078 17901
10604 10505
10388 10292
25886 25649
18046 17881
12139 12030
11162 11066
18075 17920
18023 17869
18057 17906
10339 10253
17990 17842
11147 11056
10681 10595
10464 10380
18057 17913
25843 25639
18078 17936
12187 12092
18026 17887
14174 14065
14133 14025
25917 25719
14176 14069
25834 25642
18042 17908
12122 12032
10392 10315
14044 13944
12225 11992
17986 17860
11150 11070
10422 10348
278 276
10218 10126
25876 25698
10539 10470
10310 10244
151 151
