620208
262 74
294 128
191 5
245 57
251 9
191 11
280 23
259 29
222 25
243 50
255 37
242 45
171 6
158 19
181 27
94 15
10 2
197 47
209 61
94 32
113 42
232 94
248 102
147 62
284 124
287 134
52 26
278 139
209 108
290 154
72 39
289 157
291 161
263 147
222 129
277 164
219 130
280 168
79 49
234 5
250 167
173 119
295 203
145 100
61 43
236 169
172 129
28 21
237 181
245 189
73 59
226 183
272 222
219 182
51 43
165 143
256 222
241 212
259 242
288 274
247 237
207 201
223 219
257 256
278 183
600299 600164
250 253
187 187
101 114
185 186
89 90
229 235
108 111
48 50
159 171
105 116
241 268
82 98
209 255
232 291
198 255
213 276
58 77
219 292
143 192
211 284
174 235
217 295
216 300
155 228
128 198
161 251
125 202
105 171
150 253
154 267
102 178
104 188
23 44
135 276
36 77
108 235
127 278
96 213
115 278
35 91
17 45
70 208
95 296
81 261
54 174
71 233
37 124
71 252
67 256
11 64
11 72
33 252
20 275
9 144
10 203
