9999768829
96 1
94 2
72 2
36 1
96 3
49 2
69 3
72 4
99 6
97 6
79 5
39 3
30 3
65 7
91 10
26 3
34 4
73 12
66 11
100 17
47 8
88 15
29 5
87 15
76 17
56 13
70 17
94 24
59 17
86 25
88 27
42 13
73 23
78 25
99 32
83 27
97 32
49 17
45 16
70 25
33 13
83 33
25 10
97 39
80 33
88 37
75 32
83 37
87 40
100 46
76 35
89 41
88 41
99 47
46 22
91 45
76 38
44 22
48 25
48 25
69 36
66 36
40 22
80 45
39 22
33 19
48 28
81 48
53 32
43 26
85 53
78 49
93 59
66 42
39 25
32 21
32 21
68 45
48 32
84 57
63 43
99 68
88 1
83 58
41 29
86 61
85 61
66 48
59 43
96 71
47 35
91 68
99 76
92 71
22 17
76 59
63 49
50 39
78 62
45 36
42 34
75 63
18 12
39 33
20 17
74 64
75 67
85 76
62 56
66 60
85 79
65 62
89 86
91 88
1001220798 1001220704
48 33
1039062598 1039062510
92 97
1002441503 1002441433
1625000098 1625000034
1009765725 1009765688
1156250100 1156250059
1078125100 1078125096
1078125100 1078125096
1009765722 1009765722
31 31
80 80
35 66
82 83
70 71
49 50
75 78
80 84
40 42
57 60
19 20
73 77
64 68
48 51
45 49
48 54
83 97
69 81
76 90
49 59
28 34
50 61
52 64
77 95
58 72
25 32
69 90
49 64
55 72
49 65
63 85
19 26
16 22
72 99
10 14
71 100
53 77
66 99
36 54
63 95
56 85
17 26
55 86
48 76
62 99
33 53
57 92
26 43
47 78
56 94
31 53
46 80
24 42
41 72
45 81
36 65
31 56
49 89
35 64
54 99
42 79
51 97
51 98
37 72
28 55
33 65
11 22
47 95
35 71
31 63
27 55
49 100
20 41
29 60
11 23
44 93
12 26
42 95
9 21
17 40
21 50
10 24
34 90
17 46
17 47
35 100
4 12
33 100
5 16
15 49
28 93
5 17
26 91
18 63
14 50
16 58
27 99
14 57
13 53
21 95
15 68
10 48
19 96
7 36
19 98
6 32
18 99
17 94
3 18
10 60
12 79
4 29
11 92
11 93
5 52
3 32
7 76
5 90
5 96
3 81
1 31
2 99
1 76
1 82
1 95
