100018236
209 98
289 140
287 122
185 84
261 138
290 67
265 121
258 99
195 15
210 124
201 67
187 23
117 16
280 38
197 77
271 36
299 170
291 166
131 19
154 27
156 57
116 21
194 51
298 126
188 81
300 155
278 34
71 1
295 167
284 95
212 122
263 36
295 88
241 20
203 104
207 35
192 34
245 49
296 67
165 33
257 61
154 21
257 81
128 23
234 103
203 75
170 38
220 27
278 35
249 98
200 1
118 11
251 86
295 21
140 21
270 143
192 48
1781442 1781254
1781426 1781268
1024687 1024558
1024609 1024428
1024598 1024462
1024702 1024497
1049082 1048940
1097831 1097660
1003297 1003109
1003313 1003119
1006326 1006183
1003317 1003099
1001752 1001547
1012479 1012336
2562799 2562504
285 169
1781500 1781318
71 4
49 6
80 26
62 22
106 50
14 7
81 43
89 52
129 77
192 115
172 106
59 37
199 125
154 97
183 117
139 89
134 86
194 127
255 167
72 48
172 117
296 205
108 77
266 190
145 104
272 198
196 144
102 76
146 111
234 178
185 141
128 99
243 191
283 225
67 54
73 59
293 237
255 208
272 222
289 237
230 190
273 226
298 247
282 235
272 230
234 203
225 197
222 196
128 114
232 208
258 232
215 195
248 227
242 222
170 157
249 235
222 211
281 270
213 205
231 223
257 250
299 292
220 217
1012366 1012242
1001803 1001681
1049127 1049006
1001016 1000902
1001675 1001562
1001040 1000933
1195446 1195330
1003166 1003070
1000863 1000768
1390903 1390783
1003296 1003210
1001769 1001691
1781538 1781405
1006321 1006253
1781422 1781302
1012374 1012313
4125269 4125021
1024493 1024432
2562704 2562555
1195498 1195436
1097912 1097856
2562677 2562552
1000959 1000914
1024661 1024615
1195520 1195467
1000810 1000766
1024667 1024622
4125261 4125091
1097873 1097834
1049116 1049079
4125174 4125030
1195538 1195499
1390878 1390835
1195463 1195428
1000916 1000887
1006278 1006131
2562687 2562613
7250258 7250060
1048894 1048870
1097903 1097879
1006292 1006271
165 93
13500286 13500005
102 102
1097760 1097779
