512313
54 24
244 6
199 5
141 11
235 20
291 32
217 30
193 29
177 32
190 43
20 5
113 34
236 79
158 54
272 99
223 87
292 114
216 85
153 63
63 26
192 83
143 62
207 111
189 84
269 137
281 149
129 69
204 112
193 107
253 142
169 101
123 75
95 59
243 153
200 128
130 99
283 217
275 251
238 235
211 209
179 3
500309 500081
247 294
47 48
46 47
196 205
246 258
186 204
213 239
156 176
87 101
205 240
54 65
237 299
117 149
154 199
133 180
146 211
130 195
132 215
164 271
148 245
111 194
41 72
120 235
68 146
94 209
46 103
54 128
95 247
46 133
88 257
79 283
38 145
28 120
45 225
40 207
31 283
18 223
19 265
6 258
