5001030042
286 116
266 3
187 7
267 11
299 116
211 13
297 88
241 22
249 23
259 76
253 71
256 67
290 50
295 52
235 60
227 51
284 7
140 10
70 7
161 21
184 30
172 33
180 35
195 41
158 38
115 28
212 53
104 27
38 12
171 55
118 38
194 71
262 99
223 87
89 37
153 65
141 61
229 100
47 21
197 89
166 75
256 116
286 130
193 89
218 105
205 100
273 134
189 95
214 112
286 150
246 136
65 36
101 59
262 154
268 159
243 145
13 8
284 176
289 180
118 75
55 35
209 136
250 163
200 132
183 125
256 178
271 191
144 106
295 219
203 154
224 172
280 218
210 166
34 27
129 105
109 89
203 166
279 230
220 185
242 205
203 173
205 175
271 240
221 199
75 69
76 71
151 142
201 192
210 203
27 26
249 242
117 114
266 263
95 5
5001000300 5001000065
280 285
29 29
189 297
275 278
260 265
208 213
143 151
145 154
274 295
152 164
185 203
228 253
163 185
230 270
39 46
110 130
216 258
148 178
185 229
189 234
170 213
62 78
209 263
232 295
204 261
189 243
222 289
192 250
152 203
224 300
217 296
124 175
138 196
55 79
200 288
120 173
122 176
177 257
140 211
167 253
44 67
192 294
75 118
145 229
161 262
118 196
67 112
99 167
95 163
103 177
103 187
140 255
115 229
142 284
126 258
86 177
95 198
127 265
74 158
22 48
125 279
67 153
123 281
123 287
118 278
109 257
93 259
101 283
51 145
77 229
49 155
84 267
84 283
42 146
64 233
77 284
79 297
35 134
64 268
62 276
41 185
7 32
53 256
56 283
10 51
27 144
31 168
51 288
36 219
29 183
12 77
20 151
4 32
3 26
6 52
30 276
28 264
11 126
20 289
16 269
10 193
10 209
8 215
3 105
4 205
3 292
