1034178
139 5
231 7
186 8
208 36
259 46
277 7
234 13
300 19
278 20
143 17
28 6
143 3
41 6
280 2
149 2
237 48
289 50
268 36
266 23
294 33
264 35
263 14
298 56
263 26
203 17
284 29
229 14
88 7
267 31
186 25
235 48
255 30
87 17
137 21
173 21
269 57
225 46
242 43
117 25
58 1
194 63
212 169
230 125
153 133
269 172
12232 11967
245 142
266 126
267 105
281 180
225 159
224 100
11238 10989
265 123
214 159
10478 10248
10402 10157
10421 10157
260 155
86 60
83 23
263 175
280 189
234 114
271 210
135 100
192 59
193 162
178 165
213 171
216 85
36 13
232 120
263 246
11222 10981
261 242
294 143
197 112
86 70
279 219
146 53
121 28
75 48
289 139
259 91
93 31
241 106
273 248
289 73
187 49
170 135
248 88
230 134
131 119
200 114
123 53
197 124
186 127
177 117
268 175
119 101
258 225
285 247
217 192
180 49
271 119
287 103
194 139
125 99
244 81
102 43
140 84
258 225
238 85
270 240
267 166
261 191
202 52
244 197
213 111
181 110
255 160
235 92
231 112
212 49
294 210
113 37
49 13
285 225
289 241
202 174
35 24
162 124
235 134
276 221
266 111
211 63
217 140
252 59
280 228
98 65
209 109
192 47
169 119
129 116
193 79
123 85
256 63
112 96
275 203
262 223
219 184
220 75
80 31
259 230
208 188
133 123
178 165
266 65
222 52
212 72
152 72
264 117
251 100
88 31
194 118
195 134
280 240
277 238
267 88
262 136
236 99
290 106
245 198
243 231
48 17
222 84
271 198
234 205
227 205
229 138
178 108
275 231
66 51
234 69
12232 12003
10430 10263
10519 10393
10492 10315
11173 11010
10451 10313
10392 10243
10462 10280
18043 17815
10785 10645
10781 10639
10373 10240
12249 12060
11165 10987
10436 10275
12250 12001
10404 10233
14190 13916
10782 10551
10310 10130
10783 10568
12250 12057
10703 10494
10406 10185
10380 10248
18077 17845
12221 12040
14202 14006
12226 12002
12208 11996
10389 10241
10729 10502
10671 10497
10668 10519
10483 10335
10315 10188
12224 12080
10712 10515
14146 13956
11206 11063
10636 10499
12213 11957
10481 10277
12252 12097
11266 11047
12136 11975
14141 13963
10786 10625
10345 10127
12128 11981
10431 10248
14088 13908
12209 12000
12235 12074
18059 17815
18087 17866
12135 11954
10441 10310
14153 13936
10435 10256
10681 10511
18061 17853
10646 10505
12206 12008
34 28
116 109
167 159
241 231
144 141
10313 10192
256 253
10309 10189
10406 10286
10416 10297
10355 10237
10365 10247
10374 10257
14090 13932
10238 10125
10370 10258
10385 10274
14088 13938
47 9
11109 10980
10516 10394
12194 12065
291 289
169 168
169 168
171 170
192 193
