99974471
151 2
159 7
149 7
155 8
119 8
46 5
122 5
101 15
105 18
196 35
196 43
167 38
90 21
148 39
152 42
136 40
106 32
199 62
181 57
146 52
154 57
104 39
74 28
163 65
186 78
124 58
139 66
120 57
67 33
168 88
86 46
188 105
158 90
159 111
174 127
171 22
107 81
156 121
126 99
171 137
191 155
167 137
98 84
57 49
107 93
162 142
143 128
199 184
188 176
148 147
99 73
11562698 11562528
183 194
10781446 10781308
11562693 11562582
10781441 10781347
10390822 10390754
13125199 13125132
10781444 10781390
10195507 10195471
10781448 10781421
78 78
128 137
109 110
46 47
115 118
180 189
79 166
152 166
21 23
43 48
55 62
149 179
41 50
144 186
143 185
63 83
124 165
115 154
115 154
99 133
127 176
96 137
110 157
106 152
134 196
48 74
80 124
128 199
59 96
105 171
49 81
27 46
66 114
92 163
66 127
66 127
63 131
59 123
72 174
81 200
52 134
40 116
27 79
41 122
45 134
45 149
60 199
10 34
41 151
48 193
25 101
24 104
29 141
36 178
38 192
27 151
18 103
32 185
10 59
3 18
30 190
22 173
13 103
16 130
14 181
7 93
5 89
7 167
5 122
6 168
3 139
