661873
299 67
289 59
297 7
243 8
299 43
288 40
260 11
286 36
272 31
283 30
265 16
295 28
126 2
107 4
213 9
182 8
18 1
176 10
148 10
148 11
139 12
100 10
73 9
221 30
131 18
202 28
204 31
262 41
229 36
216 34
202 33
256 42
262 43
237 39
223 37
246 41
226 39
98 19
235 47
234 47
206 42
156 32
233 48
199 42
244 52
126 27
140 30
247 53
128 31
65 16
286 132
294 4
220 56
279 127
248 66
216 58
223 61
283 78
240 100
280 111
235 91
240 73
258 99
282 103
246 77
268 84
257 81
230 73
291 99
223 71
272 87
233 75
69 18
186 56
165 50
89 27
127 39
94 29
154 49
111 36
150 49
173 57
177 59
147 50
104 36
60 22
95 35
127 47
207 80
113 44
119 47
160 66
197 84
103 44
114 49
227 99
176 77
101 45
223 100
20 9
203 95
102 49
93 46
224 111
257 132
77 40
210 110
199 105
104 55
236 125
258 138
267 146
226 124
92 51
298 166
237 133
161 91
226 130
247 145
182 107
292 173
215 129
156 94
156 94
239 147
262 163
299 188
219 138
232 147
185 118
290 187
175 114
215 141
259 172
260 173
157 106
289 200
170 118
297 207
249 174
93 65
216 151
210 147
245 175
159 115
272 197
51 37
287 209
286 209
241 177
291 215
100 74
181 138
210 161
230 177
209 163
274 214
244 191
205 161
262 210
212 170
254 204
266 217
268 219
197 161
166 136
154 127
207 171
259 214
65 54
95 79
185 154
187 157
252 212
292 246
213 180
124 105
156 134
256 223
209 185
220 195
170 151
138 123
198 177
253 227
169 152
285 259
155 142
179 164
294 270
272 250
274 252
236 220
279 264
175 167
26 25
213 205
80 77
138 134
181 177
186 182
245 241
158 157
120 30
600300 600117
271 294
268 271
181 182
198 289
155 157
245 249
122 124
224 228
256 261
193 198
259 268
168 174
43 45
180 189
137 145
176 188
57 61
120 130
225 246
238 261
184 202
215 237
136 150
240 265
162 179
178 197
259 288
42 47
109 122
254 286
236 266
234 264
147 166
139 157
136 155
172 198
255 295
245 284
254 299
190 224
224 265
198 235
177 212
169 207
135 166
240 297
109 135
130 163
75 95
197 250
111 144
219 286
124 162
209 275
112 149
155 208
101 137
143 194
81 110
214 292
111 154
178 247
179 251
178 254
81 117
193 279
184 267
88 265
172 252
160 238
147 223
141 215
125 193
186 288
92 146
90 144
144 234
41 67
164 269
90 150
117 195
29 49
130 220
157 266
53 90
168 293
99 173
134 239
100 181
159 288
87 158
69 126
77 141
83 158
152 292
148 286
63 122
134 269
135 275
47 97
81 168
86 179
92 198
39 86
42 94
83 189
86 199
89 206
118 275
118 275
125 292
97 230
83 201
115 279
61 149
65 159
62 154
103 258
80 201
63 160
20 51
67 175
101 268
100 266
100 267
73 200
77 211
88 242
82 226
105 299
69 204
26 77
86 261
85 260
71 219
48 153
72 232
51 165
7 23
39 129
80 272
52 182
74 260
78 281
56 210
52 197
50 192
66 264
21 87
69 288
68 286
37 171
38 180
48 235
26 129
51 263
50 259
30 160
52 279
41 230
45 253
41 233
26 148
48 277
25 146
8 48
44 270
14 86
47 289
27 167
47 300
36 249
31 217
27 195
38 277
41 300
34 271
17 142
35 300
22 193
29 258
27 244
12 110
31 285
19 175
13 122
8 78
15 152
22 249
21 278
21 285
11 156
6 101
7 189
4 284
1 286
