509526
137 48
157 4
128 8
62 8
55 8
159 27
156 33
168 37
150 39
97 28
184 61
108 37
171 61
173 66
116 52
79 36
152 71
147 73
19 10
78 42
87 47
105 57
77 43
165 93
56 32
121 71
180 154
153 92
71 43
176 107
68 42
36 24
85 58
191 140
192 147
52 41
59 49
186 155
153 129
133 79
154 145
90 77
178 153
189 163
182 160
190 186
143 142
174 173
159 3
500200 500003
179 184
55 57
97 98
169 171
77 78
111 116
125 131
73 80
61 67
170 191
67 79
65 77
78 93
36 44
60 74
4 5
113 144
79 101
109 146
55 75
31 45
107 158
127 190
43 73
56 97
52 91
41 72
45 89
100 199
59 119
41 84
74 158
60 137
52 158
50 187
39 157
10 47
28 141
37 194
28 149
33 183
35 196
12 72
26 163
15 186
13 176
13 180
6 102
4 121
3 99
2 160
