615281
227 44
245 8
226 20
121 16
184 26
170 25
275 44
192 40
215 50
254 68
256 85
176 59
250 92
163 61
298 119
258 111
222 101
175 81
255 120
237 112
293 140
273 134
207 108
257 140
181 103
121 71
257 154
248 155
162 106
108 71
105 70
273 183
117 80
290 200
178 124
274 191
63 44
227 165
242 176
220 163
82 65
293 240
206 165
225 188
238 210
214 4
600300 600163
249 262
75 77
239 246
230 272
204 242
229 274
134 161
167 201
130 161
157 198
147 192
221 292
197 261
112 150
162 220
140 191
180 252
119 169
129 186
151 229
182 289
63 103
98 173
88 157
160 288
146 263
54 116
117 269
64 164
90 252
80 230
34 98
95 278
57 196
71 260
30 120
73 293
15 67
56 272
34 176
49 262
21 126
47 284
29 176
13 85
13 104
11 112
8 83
17 216
17 292
12 271
6 137
4 222
2 135
