1018448
147 40
156 116
4061 3944
102 18
192 3
4043 3927
181 16
122 4
4106 3955
4063 3930
133 82
110 24
4087 3945
4113 3933
4074 3962
4111 3980
4068 3931
88 48
183 135
4103 3992
179 70
4082 3923
105 7
180 118
4056 3923
4103 3940
190 95
2120 2056
2118 2003
2104 2041
134 87
2038 1975
2138 1999
144 108
195 34
193 75
2125 1978
2115 2054
2129 2065
2059 2000
118 20
156 67
198 118
82 44
2138 2070
174 11
2133 2013
2087 2025
2106 1995
2140 1991
2130 2049
2115 2048
2105 1982
197 118
174 78
2063 2006
2156 1980
2094 2012
138 26
2160 1990
2049 1988
178 89
117 69
184 31
2149 2057
2151 2032
136 43
2058 1991
158 69
2162 2051
2147 2000
197 21
2081 1985
2152 1976
2145 1991
181 140
188 141
2159 2020
2119 2059
2145 2045
184 143
2151 1980
2117 2000
2118 2032
2105 1980
175 42
2153 2055
2117 2011
166 87
171 125
117 6
173 76
140 44
15834 15662
15829 15666
7935 7836
7935 7842
7937 7845
15833 15651
8008 7919
15814 15650
7972 7885
7974 7885
8005 7921
15789 15649
15800 15660
15783 15660
2137 2080
7996 7840
4026 3931
4029 3940
2043 1996
4050 3944
4028 3942
2099 2045
2108 2055
4080 3974
4056 3949
8005 7828
8004 7851
4038 3959
4099 3996
2106 2055
15785 15647
7973 7865
3976 3919
4092 4030
4067 3994
8020 7878
4094 4027
7942 7834
8000 7863
4102 4038
7990 7857
4078 4006
15807 15664
15824 15693
15813 15687
15797 15658
7977 7887
7929 7829
30 2
45 11
47 16
96 62
3 2
123 89
80 60
108 83
181 149
51 42
166 138
121 103
2024 1983
2126 2086
2153 2118
2154 2121
4072 4017
2068 2042
3998 3948
2066 2041
2120 2095
2118 2094
2068 2047
4044 4003
2100 2079
4107 4068
7975 7900
7924 7852
7994 7922
2029 2011
4092 4056
7894 7826
7983 7917
7924 7859
7889 7825
7903 7842
7903 7843
15820 15700
7947 7887
7961 7901
7896 7838
15798 15686
7930 7874
7993 7937
4028 4000
7969 7914
15776 15668
15808 15700
7983 7931
7993 7942
3964 3939
8021 7971
15828 15731
3961 3927
76 39
7882 7836
15765 15673
7946 7900
15756 15665
15791 15700
7978 7933
15818 15730
7994 7950
15747 15664
15785 15702
15723 15641
15757 15675
31449 31271
15751 15671
