100042096
112396 112333
112439 112361
124567 124419
124670 124507
124622 124535
112334 112252
490846 490733
490845 490679
124639 124488
112502 112342
147 17
490862 490626
187 115
490906 490734
490804 490723
490827 490684
201 107
124559 124473
490736 490640
288 95
124577 124501
490917 490653
272 217
490913 490740
490907 490672
197881 197745
490897 490719
490920 490707
490884 490686
197851 197666
490819 490641
490802 490661
213 46
490923 490668
490780 490664
112375 112303
490823 490670
490825 490701
197901 197772
124689 124451
156 108
149061 148875
289 82
258 35
124705 124610
295481 295346
149107 148929
180 129
295528 295442
197805 197714
295607 295472
490880 490788
197894 197741
197875 197803
295555 295409
112504 112226
112493 112267
163 37
112433 112336
295526 295359
124700 124576
140 55
157 11
490851 490665
293 234
490920 490715
490815 490735
197854 197778
490914 490706
299 120
490891 490666
183 29
112332 112289
106 20
490855 490635
490852 490661
197941 197801
197882 197796
112329 112278
197955 197715
112327 112265
490807 490715
254 75
124711 124654
490921 490686
295507 295430
237 133
124566 124506
295529 295383
197918 197864
149083 148968
249 198
295485 295349
148916 148841
185 137
881479 881281
881423 881267
881504 881290
124531 124437
124560 124469
112360 112314
112471 112267
124578 124501
295606 295543
197846 197765
124586 124519
251 171
213 67
112472 112210
112415 112234
881527 881276
149107 148979
112468 112282
124645 124442
881546 881406
215 174
124687 124564
881484 881340
295561 295452
197817 197730
197780 197689
267 55
149001 148909
124707 124421
149040 148829
247 35
112417 112229
149046 148992
149053 148989
135 54
112342 112295
295544 295437
881535 881317
881473 881268
197946 197862
112456 112325
225 187
124563 124490
295552 295342
154 38
149070 148888
295469 295384
124713 124667
124667 124470
148989 148935
124699 124527
881499 881332
149036 148882
881478 881295
252 188
152 69
72 39
881486 881299
112426 112246
881470 881291
112303 112234
881447 881271
295575 295419
197944 197657
278 134
881513 881377
185 10
112505 112212
881543 881256
96 12
256 17
300 25
881470 881270
149106 148868
124651 124450
881468 881254
262 29
149026 148938
295556 295380
149023 148895
112482 112407
881544 881253
164 73
290 176
149098 148987
236 178
149107 149016
112309 112261
149038 148874
197749 197683
124698 124554
130 38
148954 148887
284 193
149065 149010
283 145
197880 197824
149072 148857
149091 148925
112485 112267
124564 124432
197889 197824
124678 124418
112504 112226
235 76
202 111
295469 295333
124639 124572
295526 295357
186 55
124665 124494
256 84
112480 112420
149108 148855
197916 197818
197903 197746
295576 295349
149077 149023
124583 124500
262 199
149011 148948
148935 148883
112304 112239
197908 197725
168 44
124675 124630
148962 148853
295587 295521
197771 197707
295555 295352
197878 197733
112492 112337
112355 112285
149119 148882
149084 148853
149067 148976
112398 112268
149089 149001
149015 148840
112491 112445
197789 197688
295598 295396
112444 112379
197956 197813
197952 197683
112342 112264
295500 295427
149053 148848
124689 124419
112482 112339
295433 295332
149113 148853
124563 124443
1662795 1662510
149109 148936
149123 148909
295600 295519
295540 295434
295535 295412
197826 197742
112475 112404
295555 295466
112405 112319
112337 112224
149117 148883
149065 148864
197955 197865
219 119
112426 112318
124681 124511
149099 149032
197947 197718
112304 112239
18 7
72 41
107 75
106 81
185 153
204 173
98 87
260 233
119 107
115 105
122 114
270 258
169 162
245 235
279 268
242 237
112450 112413
124572 124532
124462 124423
112260 112225
148997 148953
124591 124555
148992 148955
124680 124650
197757 197711
124675 124646
197860 197814
197917 197872
124498 124472
124584 124558
148918 148887
197716 197675
197757 197717
149030 149001
124444 124420
295376 295320
295470 295416
112259 112240
124602 124583
112360 112343
490807 490733
197760 197731
1662776 1662534
490816 490745
490864 490793
881451 881326
1662737 1662510
295580 295541
197697 197671
197832 197806
490782 490720
197913 197888
1662754 1662551
881470 881363
197739 197715
149084 149066
295374 295339
295399 295364
197948 197925
1662766 1662574
881533 881432
124578 124564
295553 295520
1662777 1662615
197953 197884
1662685 1662522
490846 490795
490882 490831
1662679 1662512
881462 881375
1662736 1662572
1662665 1662508
295575 295544
490735 490688
295487 295459
295527 295499
197905 197887
1662776 1662629
3225288 3225004
881472 881378
881392 881251
881367 881284
148873 148860
1662681 1662537
197700 197683
490814 490772
295370 295345
