50012545
266 62
279 63
285 10
238 34
285 31
135 7
186 14
105 13
141 20
251 76
69 22
220 72
257 1
216 89
104 43
105 45
293 140
218 105
273 145
212 119
172 100
247 153
265 168
241 170
168 125
273 204
249 195
48 38
201 162
105 88
126 111
187 165
280 260
259 238
195 184
240 228
127 46
50000300 50000178
251 278
140 140
95 107
165 168
249 262
214 238
212 242
118 138
194 228
189 229
213 266
126 160
176 226
202 263
211 277
26 36
141 202
164 254
34 54
170 273
126 210
93 160
146 265
90 174
51 104
75 157
114 247
128 281
82 189
114 268
98 250
61 199
66 265
47 228
35 174
20 114
26 272
21 234
15 214
10 175
11 218
4 299
1 86
