100035171
490875 490643
490917 490629
490851 490657
490896 490690
490898 490692
490884 490707
490905 490720
274 57
881462 881265
490898 490680
295538 295359
211 40
881541 881263
881453 881253
881510 881274
295610 295449
295550 295389
295593 295372
277 127
295562 295323
295563 295406
282 28
490847 490663
227 26
881526 881282
197902 197665
197937 197748
197944 197747
881529 881271
881487 881278
197935 197682
197926 197705
197926 197775
197886 197718
255 9
149069 148843
289 63
149038 148877
149116 148913
149055 148839
212 40
199 25
294 11
149113 148909
149087 148869
237 10
149110 148878
149117 148968
149128 148893
149121 148925
149099 148831
149124 148934
149071 148875
149108 148885
226 87
149000 148837
181 47
149097 148857
124704 124419
124696 124464
112360 112216
124643 124491
124697 124529
112486 112288
124599 124438
124702 124421
124656 124420
124699 124525
112501 112214
112448 112208
112449 112217
112442 112254
112493 112301
112442 112267
112426 112277
112449 112219
112413 112251
130 19
148 26
135 26
113 22
177 51
180 55
161 67
48 20
105 44
180 83
136 65
218 105
267 136
98 53
252 139
112 63
80 46
224 133
270 174
297 192
198 129
69 47
239 163
239 165
238 174
248 183
179 133
186 147
173 138
82 66
264 223
162 137
273 238
251 223
156 147
269 257
241 231
300 293
112470 112330
112466 112336
124593 124465
124668 124544
124642 124522
112371 112264
149123 148984
124574 124462
149089 148955
112374 112275
124558 124452
124536 124431
149008 148883
149039 148918
124614 124514
149103 148986
149075 148962
112503 112420
148981 148874
124589 124500
197892 197751
148946 148841
112293 112214
197950 197813
197812 197676
197846 197712
112435 112359
124555 124471
124603 124519
149068 148968
112392 112319
197839 197716
112427 112358
124558 124482
112313 112247
149070 148983
149086 149001
197884 197772
197921 197809
124532 124462
197779 197672
197807 197701
112455 112395
149110 149031
112309 112251
112403 112345
197941 197839
295600 295450
124691 124628
112407 112351
197826 197729
149011 148938
295593 295450
197913 197818
149123 149052
124604 124545
295473 295336
197760 197669
197924 197833
295500 295370
295544 295416
124703 124650
149032 148970
149048 148986
149099 149037
197761 197679
148988 148927
149037 148976
124670 124619
246 76
295457 295340
148921 148863
112345 112302
197733 197658
124501 124454
124694 124647
295436 295325
149074 149018
112444 112402
148957 148902
197937 197864
197768 197697
149011 148958
295503 295398
197861 197792
112250 112211
112462 112425
124645 124604
490807 490652
124545 124506
124578 124539
197806 197747
112480 112447
197853 197796
295474 295389
490906 490766
112366 112334
295583 295500
149055 149014
124628 124594
295458 295380
295468 295390
295481 295403
197826 197774
490857 490728
295527 295450
490815 490690
490823 490698
490868 490748
295595 295523
490902 490783
295442 295372
124465 124436
112400 112374
112422 112396
295569 295501
149010 148976
295576 295509
197721 197678
124694 124667
881442 881258
295605 295544
197823 197785
490859 490767
112262 112241
112291 112270
112322 112301
295561 295506
148925 148898
490879 490793
149120 149094
881452 881299
881482 881332
1662729 1662537
881428 881286
490755 490676
490900 490821
490865 490788
881506 881374
295537 295493
295559 295516
490834 490763
490759 490701
1662744 1662504
881481 881354
490837 490769
1662770 1662541
881521 881415
881497 881381
881472 881363
881400 881290
1662752 1662534
1662725 1662512
881506 881394
881395 881283
881400 881288
3225264 3225009
881489 881408
1662742 1662587
881452 881367
881480 881387
1662692 1662530
1662766 1662603
881430 881343
124682 124664
124713 124696
197743 197717
197745 197719
149074 149055
149070 149053
295374 295341
295564 295531
112381 112369
197697 197676
197885 197864
490779 490730
295585 295558
112442 112432
295472 295446
490755 490714
881381 881309
881436 881364
490879 490839
197688 197672
1662738 1662605
1662723 1662592
295427 295405
881383 881320
124533 124483
3225258 3225027
881366 881260
3225284 3225062
3225280 3225061
197675 197663
148924 148919
