709174
289 2
292 19
281 2
288 14
285 10
151 3
253 6
83 2
152 4
257 7
252 7
34 1
223 8
188 8
186 8
185 8
206 9
201 9
180 9
155 8
36 2
202 12
183 11
256 16
244 16
241 16
193 13
268 20
241 18
157 13
246 21
292 26
155 14
259 24
122 12
157 16
126 13
294 1
276 33
296 37
79 10
83 11
119 16
248 34
166 23
201 28
214 30
233 33
239 34
156 23
283 44
153 24
148 25
204 35
120 21
129 23
274 49
67 12
229 42
171 33
191 37
235 46
295 59
60 12
148 30
250 51
201 42
242 52
232 50
214 47
289 64
275 62
248 56
242 55
293 67
253 59
295 70
261 62
208 50
74 18
220 54
281 72
161 42
239 64
252 68
237 64
37 10
243 66
124 34
236 65
131 37
300 85
80 23
161 47
224 66
182 54
149 45
258 78
276 84
256 78
276 85
214 66
230 71
168 52
279 87
279 88
294 94
289 93
223 72
209 69
214 71
272 91
137 46
263 90
292 100
128 44
29 10
284 99
260 91
79 28
118 42
227 81
187 68
296 108
201 74
107 40
109 41
280 106
121 46
260 99
224 86
62 24
281 110
232 91
99 39
192 76
288 114
212 84
50 20
262 105
192 78
213 88
275 114
24 10
276 115
127 53
196 82
222 93
155 65
267 112
295 124
215 91
139 59
150 64
191 82
280 121
168 73
207 90
155 68
284 126
109 49
229 103
171 78
282 129
59 27
265 122
214 99
232 108
172 81
199 94
259 123
296 141
254 121
119 57
225 108
229 111
173 84
239 118
285 141
270 134
291 145
294 147
133 67
254 128
246 124
209 108
268 139
179 93
253 132
221 116
221 116
251 132
152 80
282 149
295 156
218 118
131 73
216 121
270 152
293 167
214 122
257 147
117 67
247 144
106 62
139 82
108 64
234 139
206 123
285 171
195 117
15 9
165 100
247 150
193 120
178 111
262 165
173 109
244 155
70 45
182 118
144 94
178 117
240 158
288 190
200 132
162 107
167 111
188 125
221 147
267 178
81 54
232 155
202 135
299 200
240 163
217 148
252 172
262 179
300 205
177 121
244 167
224 154
16 11
248 171
230 160
147 103
57 40
47 33
135 95
230 162
294 208
281 199
239 170
212 151
147 105
239 171
247 178
297 215
251 183
253 185
219 161
291 214
65 48
152 113
243 182
148 111
44 33
234 176
147 112
126 96
60 46
235 182
249 193
228 178
170 133
290 227
120 94
139 109
180 143
172 137
207 165
165 132
161 129
250 201
124 100
236 191
290 235
250 204
266 218
183 150
278 228
152 125
278 230
199 165
165 137
203 169
243 203
204 171
247 208
213 180
285 241
251 213
211 180
286 247
157 136
285 248
257 224
261 228
273 239
223 196
299 264
296 263
216 192
179 160
139 125
71 64
128 116
252 229
146 133
289 264
105 96
272 249
274 251
189 174
299 277
139 129
106 99
213 199
231 216
283 265
226 212
83 78
184 22
295 278
140 133
187 178
255 243
285 273
242 232
180 174
151 146
283 275
264 258
177 173
134 131
97 95
245 240
255 250
242 238
93 92
189 186
237 236
150 141
600300 600093
277 298
203 216
72 72
249 249
176 176
214 215
211 213
194 196
86 87
269 274
188 192
93 95
276 283
162 167
125 129
106 110
276 288
250 261
273 286
160 168
212 224
265 281
181 192
180 191
258 274
39 52
202 217
52 56
245 264
243 263
79 86
259 282
135 147
236 259
112 123
137 151
117 129
233 257
242 269
257 286
241 269
136 152
224 253
246 279
150 171
215 246
222 256
124 143
51 59
142 165
257 299
212 247
163 190
107 125
211 247
76 89
175 205
185 217
246 289
142 167
55 65
242 286
117 139
154 183
181 216
242 289
226 271
122 147
102 123
140 171
203 248
158 194
223 274
183 225
170 210
214 265
153 192
219 275
190 239
200 253
207 264
216 278
227 294
47 61
176 229
178 232
177 231
95 125
108 144
152 273
119 160
110 148
75 101
126 171
206 282
155 213
213 294
165 230
73 102
157 221
134 190
50 71
158 227
84 121
177 255
162 236
35 51
137 200
175 256
177 259
185 275
189 284
79 119
198 299
145 219
154 234
44 67
129 197
161 248
145 224
183 285
167 261
108 169
189 296
160 251
142 223
162 257
187 297
167 266
74 118
172 275
119 192
138 223
135 219
171 278
62 101
138 225
127 208
167 277
140 233
171 285
98 164
171 288
61 103
163 276
141 239
174 296
128 219
63 109
164 284
150 262
4 7
135 242
17 45
119 214
80 144
139 253
78 142
80 146
122 223
161 295
53 98
159 294
153 286
67 126
105 198
91 173
137 261
46 88
141 272
116 227
74 145
113 222
129 259
121 243
97 195
66 135
126 258
116 240
120 249
68 142
138 289
88 185
56 118
89 189
130 277
83 179
134 289
115 250
112 244
91 199
121 266
107 236
102 225
42 94
122 274
126 289
129 297
122 281
108 249
103 238
113 262
88 207
88 208
100 237
40 95
37 89
69 166
27 66
115 282
63 158
115 290
87 220
77 195
90 228
9 23
98 256
9 45
62 165
46 124
56 151
92 249
72 196
109 297
109 298
43 119
75 209
69 193
48 137
19 55
97 284
86 254
99 295
66 197
90 269
51 153
82 254
80 248
49 152
87 274
26 82
43 138
41 132
73 241
71 238
28 94
67 227
53 182
66 227
54 186
21 73
71 249
68 239
60 211
20 71
10 36
76 277
74 271
81 298
72 266
50 185
66 252
52 204
63 248
37 146
75 298
46 183
71 298
69 292
19 81
26 112
59 255
22 96
52 228
43 189
20 88
66 293
67 299
45 204
32 147
47 229
56 273
52 260
37 196
40 214
4 22
35 199
50 290
27 162
3 18
16 97
38 232
41 253
29 186
34 222
26 171
41 278
41 278
31 211
23 157
42 297
24 173
35 253
14 103
26 193
31 241
35 279
33 272
25 236
12 119
5 50
27 273
21 224
19 209
19 217
11 132
8 102
13 168
11 152
19 271
9 129
17 244
19 283
10 154
12 187
8 128
11 177
10 170
15 260
12 239
13 279
2 45
9 205
4 92
12 279
9 250
4 128
3 118
7 276
5 202
2 104
3 166
2 127
3 197
1 89
1 166
