1026768
165 47
655 504
666 521
651 507
368 259
437 302
373 291
422 301
433 311
431 315
360 249
441 257
391 282
383 270
395 307
296 207
244 134
309 236
297 215
241 149
311 133
191 124
136 96
224 133
181 132
306 231
297 176
288 179
226 131
265 138
291 193
251 147
225 149
93 54
196 98
138 40
173 43
51 29
74 3
146 62
176 87
139 77
125 83
104 18
199 37
199 25
135 76
137 88
34 17
45 31
91 6
200 72
169 112
84 36
198 80
167 7
95 50
140 26
189 74
120 15
154 107
177 73
124 67
179 23
199 78
119 39
133 100
131 12
158 44
130 35
132 26
127 72
196 132
178 77
178 55
141 101
140 22
121 1
119 50
184 39
193 78
39 14
29 3
160 18
29 21
102 79
105 80
118 45
91 13
173 21
56 1
111 41
121 86
179 54
675 529
30 1
129 32
94 42
151 38
86 19
182 109
151 96
114 6
184 144
150 33
199 117
130 99
180 131
151 59
192 5
115 20
135 25
116 1
181 53
191 127
147 49
124 42
127 68
176 43
15 5
118 61
69 19
130 5
128 11
176 1
145 107
134 86
196 121
36 8
104 68
64 44
107 48
77 22
124 25
171 90
169 107
52 32
111 65
64 32
105 18
140 99
162 49
122 50
176 21
172 133
68 15
115 10
168 52
155 87
139 75
139 10
168 28
161 68
15811 15650
93 75
179 159
646 582
617 586
678 540
7956 7824
688 584
681 577
545 509
655 535
7891 7813
618 584
7960 7882
569 513
647 527
646 560
168 142
183 147
8006 7905
654 619
644 620
1016 985
628 549
1174 977
7978 7896
8011 7843
8012 7918
562 515
7987 7840
637 508
7963 7842
607 554
1024 1003
1098 1030
15769 15631
1166 1019
160 127
1153 1045
8009 7814
119 94
1131 1084
161 136
1128 997
319 273
417 396
1117 1029
7984 7816
198 168
1157 1058
1125 1057
1141 1048
1145 1102
4059 3981
1101 1056
1084 979
4100 4036
1141 1000
15810 15654
1125 991
1153 1101
1136 1017
1161 1029
4046 3943
1144 1058
4089 3940
1156 1097
410 386
1167 1044
1125 1072
1174 1052
1140 1029
2125 2014
362 311
191 155
2078 2008
360 303
2112 2070
2080 1957
361 332
2122 2026
2061 2006
2106 1954
409 346
2045 1972
134 112
190 164
2061 2020
222 188
240 210
259 209
322 256
2108 2085
2063 2032
176 152
305 247
266 246
2149 2121
2149 1996
228 201
2082 2001
2105 2026
2123 2012
2088 1960
2112 2009
2087 2005
2120 1964
2086 1995
4011 3946
4051 3991
252 223
4041 3975
4029 3924
3972 3935
3998 3946
293 248
4047 3984
316 273
201 161
295 252
4038 3947
4094 4033
3970 3923
296 266
4017 3951
251 201
4001 3963
4068 3913
4009 3969
31421 31259
7953 7890
7910 7869
15779 15664
15820 15725
15788 15697
4046 4018
7927 7862
15761 15627
15808 15680
15778 15643
15782 15679
15786 15670
31414 31299
7930 7879
7976 7918
7906 7843
15775 15652
15824 15710
62 54
141 123
98 90
114 106
210 197
175 165
177 167
166 157
173 164
347 329
129 123
304 295
649 630
661 643
661 643
365 356
620 607
196 192
380 373
1101 1081
153 151
1064 1052
91 90
590 584
998 988
2085 2067
2153 2135
2046 2029
1997 1981
4069 4044
985 979
3944 3920
330 328
3937 3914
2057 2045
2075 2063
4044 4024
3939 3921
7923 7891
2147 2139
31410 31296
31361 31251
4021 4007
31366 31257
31379 31270
7863 7837
4100 4074
15746 15694
62700 62516
62692 62512
31383 31298
31355 31282
196 98
15693 15636
3921 3912
7970 7955
