9996103171
195 4
197 10
175 12
74 6
62 9
133 20
193 34
179 33
31 6
10 2
20 4
148 38
182 47
70 19
44 12
107 30
163 58
159 57
123 50
190 89
62 30
148 72
109 55
42 23
118 65
174 100
116 67
78 55
48 34
166 119
73 57
123 101
144 123
36 32
128 115
168 155
199 185
121 114
161 154
134 129
161 157
110 109
1039062698 1039062503
1019531450 1019531277
169 3
1156250199 1156250012
1039062698 1039062532
1312500200 1312500053
196 197
1078125199 1078125046
1039062698 1039062600
1156250197 1156250166
1156250198 1156250168
163 165
54 120
115 129
130 146
78 91
96 114
110 138
48 66
101 141
113 165
76 115
38 61
91 160
86 153
59 106
96 177
95 178
101 200
39 92
65 164
70 186
67 199
37 115
43 140
55 192
17 75
44 200
22 117
12 66
24 143
19 132
2 25
12 197
10 180
6 147
1 43
