1004489
257 10
154 7
251 15
247 15
217 18
220 21
220 22
283 29
166 19
176 21
225 32
198 30
270 41
37 6
263 43
274 50
236 44
230 46
242 51
270 57
221 56
284 74
274 74
213 60
230 66
197 59
64 21
270 89
247 82
240 81
121 43
73 26
121 44
115 42
294 108
188 76
255 104
123 52
262 113
282 122
223 6
282 127
155 73
178 87
285 142
160 81
180 93
229 119
289 151
225 120
279 150
243 132
243 150
134 83
77 50
65 43
98 65
211 141
195 132
90 62
228 160
255 180
217 154
97 69
247 178
151 112
261 194
256 193
284 218
233 181
275 221
256 206
285 230
89 72
85 69
169 140
246 204
275 233
264 225
21 18
236 203
31 27
287 250
164 143
259 227
262 234
264 238
168 153
283 264
198 192
135 132
228 101
31533 31268
31528 31267
254 252
31535 31297
31507 31277
31550 31343
31509 31317
31547 31364
31559 31381
31494 31317
31508 31342
31516 31359
31492 31349
185 183
31503 31385
31543 31432
31542 31440
31535 31461
31522 31452
31527 31465
236 283
31555 31496
31501 31445
31490 31436
31550 31503
31536 31501
31499 31467
31521 31491
31522 31501
31499 31485
31530 31518
132 132
31491 31503
31490 31516
31508 31549
192 242
107 108
188 190
210 214
213 220
163 170
40 42
71 75
183 194
177 189
98 106
205 223
20 22
151 174
224 261
154 183
169 201
24 29
155 188
99 126
159 204
109 141
204 272
199 267
60 81
187 253
177 248
119 171
58 84
126 185
137 209
173 264
109 173
40 70
165 293
90 161
119 214
92 178
143 284
98 197
67 135
64 130
81 167
125 258
102 213
53 122
126 294
121 287
92 225
9 23
103 272
96 263
55 156
44 126
81 244
75 228
86 266
76 252
12 42
7 26
80 300
45 169
48 208
60 267
66 298
57 260
17 87
29 167
31 187
30 222
16 209
6 80
13 179
17 248
11 161
11 198
14 286
13 296
13 296
1 25
9 299
6 223
5 280
