51106018
264 1
211 2
276 3
90 1
276 4
127 2
179 3
241 5
136 3
153 4
102 3
274 10
270 11
157 7
255 13
172 9
236 13
192 11
265 16
262 16
228 14
245 16
295 20
235 16
102 7
227 16
42 3
276 20
200 16
199 17
197 17
125 11
205 19
263 25
212 21
273 29
131 14
224 24
224 24
255 28
280 31
107 12
221 25
272 31
287 33
145 17
246 29
155 19
192 24
96 13
287 39
101 14
289 42
190 29
202 31
270 42
137 22
272 44
297 49
272 45
192 32
171 29
128 22
261 45
34 6
259 46
210 39
235 45
186 37
230 47
220 45
244 52
256 55
271 59
300 68
283 65
87 20
274 65
269 64
105 25
220 53
69 17
222 55
265 67
248 63
141 36
188 48
97 25
119 31
157 41
163 43
280 74
298 81
233 64
145 40
273 76
251 70
240 67
299 84
202 58
89 26
211 62
263 79
158 48
234 73
141 44
259 81
73 23
272 86
60 19
291 94
195 63
266 86
80 26
264 86
178 58
101 33
113 37
218 72
251 83
255 85
290 97
212 71
243 83
287 99
227 79
89 31
66 23
109 38
229 80
103 36
163 57
211 74
253 89
238 84
286 103
247 90
41 15
292 107
178 66
220 82
252 95
66 25
244 93
194 74
185 71
229 88
251 98
288 113
275 109
201 80
258 104
245 99
168 68
214 87
135 55
22 9
215 88
227 93
179 74
153 64
251 106
267 115
90 39
237 103
188 82
260 114
139 61
262 116
97 43
204 91
286 130
181 83
43 20
186 87
164 77
190 90
247 120
133 66
291 145
239 120
163 82
239 123
176 91
259 134
222 115
81 42
156 83
103 55
276 148
82 44
266 143
167 90
174 94
209 114
170 93
197 108
100 55
281 155
209 117
144 81
222 125
201 114
260 148
14 8
278 159
201 115
33 19
197 114
246 144
252 148
220 130
110 65
221 131
224 133
195 116
236 141
25 15
223 134
168 101
246 148
134 81
216 132
284 174
52 32
264 163
76 48
106 67
87 55
229 145
257 163
244 155
189 121
287 184
255 164
143 92
247 160
221 144
300 196
176 115
298 196
290 191
245 163
240 160
282 188
142 95
173 116
170 114
73 49
247 166
127 86
290 197
296 202
48 33
244 170
222 155
107 75
155 109
297 209
197 140
112 80
176 126
275 197
145 104
278 200
275 199
203 148
223 163
250 183
270 200
107 80
107 80
227 170
277 208
172 130
142 108
277 213
257 198
206 159
164 127
235 182
244 189
295 229
103 80
260 202
73 57
270 212
176 139
73 58
89 71
141 113
230 186
278 225
189 153
181 147
274 224
263 217
202 167
175 145
269 223
224 187
157 133
249 211
257 218
252 214
237 203
283 243
229 198
165 144
296 259
286 251
188 165
151 133
59 52
188 166
118 105
82 73
239 213
291 260
282 252
220 197
294 265
21 19
286 259
276 252
256 236
185 171
146 135
256 237
60 56
264 247
200 188
254 239
238 225
174 165
206 197
139 133
137 132
86 83
134 131
183 179
209 206
281 280
282 281
166 1
51000300 51000012
292 299
240 240
157 173
227 228
124 125
220 222
276 279
279 283
187 190
203 207
214 219
85 87
253 259
176 181
28 29
212 220
185 192
288 299
275 286
197 205
282 294
270 282
22 23
122 128
128 135
175 185
243 261
194 209
260 281
198 214
249 270
247 270
179 196
226 249
143 187
266 294
47 52
257 285
228 253
109 121
136 151
259 288
145 162
143 160
140 157
206 232
202 229
256 292
102 117
248 285
246 283
237 273
203 234
203 238
58 68
218 256
183 215
228 269
199 235
243 287
181 216
247 295
128 153
87 104
220 263
198 238
143 172
126 152
96 116
27 33
83 102
78 96
205 254
146 181
50 62
91 113
186 231
205 255
106 132
191 238
154 193
205 257
196 246
180 228
41 52
219 278
131 167
183 234
231 296
159 204
169 217
88 113
137 176
218 281
217 280
157 203
151 196
146 190
89 164
209 274
189 248
60 79
173 229
126 167
189 252
196 262
97 130
223 299
31 42
205 278
99 135
82 112
180 248
85 118
180 250
151 211
117 164
181 256
207 293
192 272
76 109
194 281
183 266
46 67
131 191
159 233
162 243
159 239
186 281
169 256
71 108
42 64
171 268
82 129
185 292
67 107
146 234
86 138
92 150
90 147
93 153
90 149
120 199
136 226
153 255
77 130
173 295
65 111
98 169
153 267
169 295
121 212
159 279
169 297
127 225
42 75
80 145
128 233
141 257
41 75
91 167
67 123
78 219
129 239
51 95
74 138
158 299
142 269
134 254
122 232
101 195
117 230
150 297
134 267
123 247
103 213
110 228
95 197
87 181
89 186
106 223
107 226
73 156
84 181
78 169
129 281
80 175
120 265
67 148
88 195
31 69
110 246
32 72
43 97
117 265
63 144
115 264
104 239
105 244
105 244
45 105
74 177
107 258
94 227
16 39
91 224
52 128
34 84
74 185
54 135
118 300
102 260
88 229
115 300
80 209
21 55
98 257
101 267
37 99
62 167
106 286
83 224
98 269
55 151
68 187
85 236
41 247
99 279
58 164
87 248
74 213
71 205
75 224
98 295
31 94
62 189
71 223
48 151
37 118
55 177
58 187
61 197
65 213
77 253
86 284
86 285
59 200
87 300
31 107
55 190
4 14
66 234
40 146
47 173
69 259
61 229
46 175
46 179
28 112
62 248
23 92
32 128
42 169
69 279
43 176
38 156
67 280
59 250
66 282
47 202
31 134
8 35
61 269
61 276
46 216
32 154
55 274
8 40
19 95
45 227
29 147
31 159
31 162
55 296
8 44
52 287
38 217
52 298
47 273
48 281
39 231
30 182
38 231
22 134
37 226
36 220
41 251
20 123
29 181
32 204
31 198
23 153
42 280
15 101
25 169
18 123
32 225
22 159
39 283
6 44
36 266
38 288
32 245
34 264
17 133
33 262
25 199
37 295
33 270
3 25
33 284
15 130
29 252
12 114
24 228
23 236
27 280
28 293
13 137
9 96
12 128
26 283
14 167
17 204
11 134
10 138
18 250
18 253
8 115
18 271
18 296
15 256
13 287
5 123
8 235
5 155
6 234
4 204
1 66
3 207
4 285
4 299
3 227
1 154
1 299
