50111877
199 33
189 24
198 22
192 20
172 17
194 20
164 7
150 11
101 8
71 8
186 34
139 26
176 34
57 13
97 23
182 49
132 36
163 46
44 14
17 6
174 66
114 44
152 62
60 27
133 60
177 80
68 31
166 78
177 84
190 91
156 75
66 33
200 102
53 29
111 61
80 45
148 85
158 93
178 116
200 136
78 56
172 127
162 122
77 60
133 104
83 65
104 82
103 82
108 90
149 125
156 132
199 170
149 130
99 92
150 142
30 29
79 4
50100200 50100169
183 186
33 33
31 161
171 175
129 134
73 76
128 134
96 101
137 146
137 148
106 117
92 103
40 45
137 155
103 117
48 57
107 131
124 162
73 99
84 116
45 64
60 86
18 27
118 183
67 105
99 156
125 198
86 148
37 65
63 113
67 122
62 117
100 194
63 124
6 12
82 167
17 35
65 137
92 199
74 168
19 46
52 128
50 124
11 28
51 135
45 126
63 180
44 130
7 22
45 161
30 111
21 81
33 149
35 167
20 111
33 188
23 136
30 196
26 189
13 96
22 189
9 107
2 50
