1026059
257 113
226 52
278 42
294 96
298 102
300 11
196 4
285 128
271 85
241 60
263 107
160 23
291 84
194 4
233 95
266 126
253 33
241 91
264 60
217 52
195 31
276 28
284 32
297 52
274 49
254 74
268 115
251 72
271 54
263 72
259 9
249 77
228 73
173 2
264 58
169 17
191 11
298 1
172 11
257 53
235 12
212 26
273 97
280 38
259 12
300 93
283 55
196 57
257 77
298 25
230 35
227 19
277 132
167 16
259 13
262 51
243 65
219 14
260 95
291 75
208 35
164 4
251 102
269 82
259 90
288 23
176 35
224 12
69 1
109 2
135 5
122 6
42 3
130 11
141 20
148 22
75 12
109 18
132 22
53 9
44 8
168 38
58 15
163 43
131 35
133 39
146 46
95 30
142 45
54 18
204 69
130 44
205 74
198 72
44 16
177 66
200 78
205 81
178 71
211 85
155 63
183 76
207 86
219 91
236 100
231 99
210 91
140 64
244 113
115 54
164 81
255 128
233 118
268 136
225 115
252 130
139 72
193 100
202 106
279 147
79 42
154 83
219 121
246 137
255 143
115 65
201 114
179 103
85 49
255 148
55 32
88 52
114 68
291 174
282 170
126 76
291 176
227 138
296 181
101 62
240 149
190 118
264 167
237 150
22 14
44 28
296 189
160 103
270 175
166 108
130 85
233 153
201 132
299 198
199 132
200 134
166 112
187 129
186 129
177 123
286 199
281 196
272 190
157 110
187 134
120 86
298 214
274 198
156 113
69 50
55 40
48 35
218 160
61 45
227 168
233 175
254 191
268 203
113 86
178 136
184 141
86 70
193 149
257 200
218 172
256 202
239 189
226 180
291 233
278 223
186 150
172 139
280 227
238 195
292 240
160 133
126 105
214 179
96 81
237 202
98 84
114 98
288 249
285 247
221 193
112 98
295 259
164 145
184 163
297 265
225 202
89 80
213 192
257 233
285 205
293 266
296 271
282 259
238 220
211 196
280 266
276 264
285 273
168 161
83 80
219 212
169 164
72 70
164 160
83 81
223 219
178 175
249 245
186 185
100320 100034
100305 100026
100305 100033
100280 100029
104191 103938
108078 107826
228 176
115893 115627
264 264
115897 115660
131514 131267
211 211
186 186
137 137
120 120
203 207
246 254
