9999771196
218 1
138 3
255 13
125 18
215 31
139 26
140 31
282 68
298 81
124 43
271 104
116 45
296 117
201 81
284 117
89 37
215 95
185 97
295 158
85 46
250 136
286 160
30 17
251 153
231 143
197 127
217 147
153 110
276 209
273 4
213 169
153 127
162 142
259 240
219 208
201 191
228 223
75 74
132 131
1002441701 1002441413
1009765917 1009765632
1312500286 1312500002
296 228
1625000290 1625000089
269 298
1004883112 1004882914
1004883096 1004882913
1019531509 1019531357
1019531549 1019531404
1001220987 1001220918
249 261
22 95
198 202
165 169
157 166
227 247
244 291
178 214
83 100
38 46
68 83
128 159
223 280
11 14
205 270
104 137
124 168
184 257
172 241
81 121
26 39
108 168
102 167
121 204
78 137
100 185
43 94
96 213
110 272
107 265
84 238
69 205
75 224
92 284
66 234
49 198
42 187
22 101
27 160
17 120
36 257
23 226
23 254
19 245
5 180
4 239
2 292
