100049849
196603 196319
196575 196323
171 65
281 122
225 90
248 47
208 63
282 162
117 20
229 66
270 253
215 129
83 11
274 156
154 126
243 110
169 95
297 258
285 122
46 34
285 58
195 130
218 59
226 115
118 74
281 95
183 142
99 37
257 125
158 146
73 58
293 146
283 214
274 226
249 12
80 31
294 88
205 117
253 68
214 52
265 92
272 195
159 29
136 40
211 160
286 263
259 113
296 172
109 19
98 66
285 25
179 154
213 203
157 103
151 133
139 110
200 116
265 150
1997 1769
298 84
280 269
2020 1895
1967 1903
2027 1951
1918 1865
281 34
135 39
132 50
289 237
165 33
124 32
108 71
241 78
1930 1799
196602 196346
1981 1860
1944 1883
76 39
1925 1814
129 64
1912 1821
298 269
286 176
1984 1861
184 36
1938 1877
1969 1868
1938 1849
1838 1808
166 145
97 5
98845 98737
176 85
1883 1810
98909 98771
2053 1979
295 133
264 24
1822 1765
1903 1856
98918 98779
190 143
46 15
183 21
2727 2571
2777 2563
2812 2610
236 18
2706 2540
2781 2666
2708 2588
2819 2799
216 187
245 179
2822 2727
2816 2529
188 47
2633 2526
2814 2774
213 169
295 264
2727 2680
2703 2633
277 16
2757 2606
2809 2549
2753 2574
2705 2666
236 125
179 149
2750 2667
239 206
261 152
2732 2557
2731 2548
2658 2550
2820 2780
99 23
176 59
2669 2624
2792 2608
78 51
2567 2527
2796 2527
2709 2671
144 15
287 220
98940 98756
242 135
2777 2672
4187 4095
4157 4102
263 82
261 27
159 2
258 200
4344 4253
172 94
114 89
87 46
221 185
4315 4280
272 4
146 36
4274 4239
210 159
270 199
4211 4104
247 29
4306 4094
98801 98663
4118 4062
240 125
4292 4117
200 58
4345 4185
4209 4154
4243 4054
4167 4152
4304 4169
139 89
4314 4121
181 146
164 117
218 28
191 95
262 15
4106 4058
4267 4146
4183 4099
181 143
274 230
250 169
214 179
255 124
154 87
4258 4131
4318 4255
285 254
7302 7258
7388 7197
7336 7247
7284 7195
173 67
50 3
172 39
184 57
288 46
7281 7187
245 22
7352 7145
7177 7110
7154 7126
7270 7172
257 106
189 128
7378 7178
7386 7372
227 156
191 44
7376 7236
7395 7360
241 96
254 240
7380 7344
7302 7275
7207 7156
7279 7119
7313 7129
7238 7182
7224 7115
7336 7319
7382 7108
7387 7285
109 87
7382 7213
7367 7243
283 226
7236 7154
98870 98693
108 80
265 75
139 9
98955 98783
281 126
295 223
210 33
13503 13441
190 28
13480 13424
13354 13243
13374 13356
13229 13208
97 14
264 147
255 176
228 87
159 4
13399 13224
292 72
13401 13218
13301 13238
13452 13210
160 38
13480 13285
13301 13208
13390 13266
205 45
235 203
98859 98669
13337 13224
13306 13247
13319 13247
213 28
176 128
13501 13394
13306 13269
201 41
286 248
13405 13312
227 34
13400 13342
104 41
13423 13377
242 95
121 72
25631 25571
25714 25616
25660 25616
25568 25532
25525 25450
25697 25524
25598 25520
25547 25445
25630 25536
25686 25633
25609 25456
98946 98735
101 59
25700 25532
25548 25444
199 11
287 24
25599 25523
232 128
99 47
25514 25447
25511 25465
275 216
25679 25543
25704 25646
25640 25603
25639 25591
25649 25451
228 36
98 67
25661 25528
298 32
234 52
25712 25572
25703 25447
25687 25549
49966 49849
50019 49845
276 9
123 101
50017 49857
50089 50006
41 11
50079 49953
244 44
49997 49837
50035 49934
290 232
275 115
50025 49833
50125 50050
155 126
49980 49923
211 186
50090 49965
50109 50031
50011 49867
50097 49887
295 212
73 2
50040 49970
164 40
279 93
98943 98751
98901 98718
98930 98819
98868 98753
98948 98669
98916 98761
98812 98680
196458 196349
98850 98830
98953 98888
391729 391658
50105 50051
391832 391699
50081 50043
98753 98717
98922 98892
391846 391788
391846 391807
98785 98745
98942 98834
1563743 1563666
98850 98814
391848 391695
391852 391665
3126265 3126013
3126238 3126034
3126206 3126042
3126246 3126085
391659 391625
98795 98732
3126257 3126043
391917 391733
391867 391713
3126259 3126021
391881 391851
391900 391857
3126286 3126081
391890 391849
391881 391667
3126283 3126058
1563737 1563646
1563797 1563585
391744 391689
391805 391754
1563720 1563639
196503 196374
196372 196334
1563620 1563505
1563775 1563550
196422 196320
1563669 1563571
1563797 1563702
1563787 1563654
196500 196459
1563648 1563534
1563686 1563533
98744 98726
1563731 1563528
1563744 1563633
196427 196347
1563681 1563548
1563795 1563654
196553 196531
1563746 1563517
196550 196526
1563767 1563502
196554 196474
1563749 1563518
782448 782303
196508 196421
782548 782416
782508 782449
25636 25619
782380 782283
196592 196421
196451 196394
196442 196354
782475 782355
782522 782288
391779 391742
782393 782258
50068 50020
782544 782414
98804 98769
50097 50064
782425 782281
196511 196446
49996 49947
196401 196327
196556 196362
196518 196428
782419 782303
66 57
95 88
146 137
153 145
152 145
184 177
106 102
60 59
1790 1781
2594 2590
1937 1935
13485 13473
7377 7374
49886 49870
98699 98684
49952 49945
49945 49939
391820 391792
391870 391845
391672 391653
782498 782462
3126201 3126058
6251280 6251015
782346 782314
98709 98705
49841 49839
3126150 3126027
25527 25526
25584 25583
3126291 3126173
168 74
1563607 1563549
3126194 3126082
7361 7364
391905 391891
238 238
