994712
194 6
181 7
186 10
187 11
145 10
97 7
83 6
154 12
93 9
81 9
129 16
67 9
113 16
168 24
192 34
122 22
120 22
133 25
64 13
190 45
172 42
175 44
51 13
137 35
180 47
182 50
66 19
64 19
157 47
199 60
191 60
143 46
158 51
161 55
137 48
121 49
191 80
183 78
157 67
166 72
181 85
130 63
195 97
174 88
77 40
195 2
199 108
196 108
115 64
79 44
162 92
182 104
149 86
183 108
193 115
160 96
132 81
151 93
163 102
172 110
168 113
138 93
160 108
114 78
105 77
130 96
158 117
132 99
97 74
186 142
190 147
76 62
156 130
109 94
110 95
95 83
109 59
186 168
129 117
184 176
131 129
199 196
191 189
132 131
31533 31370
31508 31358
31521 31376
31541 31401
31519 31387
31512 31382
31530 31403
31528 31406
31515 31397
31517 31401
31523 31412
31513 31407
31538 31432
31519 31415
31550 31456
97 85
31549 31509
31518 31435
31521 31451
31519 31463
31540 31492
31531 31489
31543 31503
31523 31486
31503 31468
191 191
31543 31523
31547 31546
31523 31528
31500 31506
31502 31511
31503 31547
31505 31550
73 83
163 164
122 123
122 128
174 186
47 51
157 177
161 182
107 121
149 169
147 170
70 81
109 128
140 165
155 185
92 116
145 191
81 107
142 200
113 163
90 131
34 51
107 169
100 164
118 200
76 130
80 137
109 188
75 131
51 90
62 116
49 93
102 194
52 99
59 114
91 181
82 168
71 147
31 70
45 102
24 55
58 133
82 190
17 40
51 140
51 140
23 67
66 196
29 87
48 150
40 128
15 49
24 79
31 108
43 157
8 31
16 66
43 178
38 167
38 173
43 196
25 120
28 161
20 130
15 119
15 125
19 166
18 161
13 167
12 169
6 145
4 120
6 186
2 98
