100014430
22413 22300
22329 22232
247 160
205580 205347
22447 22341
205536 205363
205515 205323
208 96
22385 22320
205562 205342
107941 107804
226 114
107850 107741
107808 107737
225 21
107891 107789
107811 107704
107871 107760
107936 107772
22450 22375
107787 107693
107944 107823
211 143
107859 107748
59096 58885
59055 58937
59023 58873
59068 58839
59071 58961
58976 58908
272 15
59072 58948
166 35
59101 58833
58995 58932
59041 58869
59039 58902
59029 58852
400887 400632
34527 34435
34688 34517
216 10
34657 34583
287 130
34712 34602
34520 34447
273 79
34578 34434
34696 34438
273 197
206 54
245 1
34713 34524
34635 34560
34702 34451
22506 22262
791502 791330
791514 791300
791459 791253
205498 205377
791376 791251
791514 791280
3135244 3135036
3135201 3135023
3135253 3135037
1572761 1572631
400756 400633
400820 400682
400922 400706
1572627 1572503
6260235 6260030
400886 400771
400919 400778
400924 400738
6260205 6260003
1572756 1572623
1572647 1572511
791545 791377
64 5
144 110
256 214
223 191
187 169
22471 22441
59052 59016
107901 107842
107709 107666
205432 205350
58855 58837
205494 205441
107810 107785
400831 400745
107810 107787
205517 205475
400924 400857
400803 400738
107882 107866
400820 400763
400756 400701
58986 58979
400710 400664
107891 107879
791504 791425
121 21
205400 205382
22327 22284
791538 791486
791428 791390
3135278 3135161
1572609 1572558
6260286 6260094
6260267 6260120
6260249 6260104
1572550 1572518
1572734 1572675
3135083 3135021
791366 791349
205453 205449
1572620 1572592
205532 205512
6260229 6260112
12510291 12510074
3135235 3135182
177 178
22436 22443
268 282
