100040671
134 38
231 53
155 10
156 4
298 74
300 35
277 65
148 35
86 16
91 19
211 42
208 45
223 3
31 3
129 15
232 41
147 5
256 9
256 4
90 20
276 6
247 52
272 49
143 35
241 5
214 56
295 20
271 48
159 35
296 37
272 42
219 24
173 37
277 69
174 2
230 28
267 30
194 3
279 43
116 7
63 16
207 51
173 44
284 31
272 73
186 15
245 32
209 40
70 11
267 39
223 1
233 60
169 28
276 24
50 7
300 22
215 4
284 33
169 7
258 23
169 17
272 24
198 17
237 13
251 51
166 14
241 29
236 64
251 6
228 51
241 40
112 13
227 51
221 41
138 10
228 60
72 11
155 42
198 57
299 167
288 177
284 156
191 82
90 38
201 121
170 66
98 39
232 102
109 60
219 109
232 88
290 100
190 120
191 68
172 100
219 84
108 49
148 56
158 73
140 82
167 68
130 38
298 186
213 134
268 144
86 36
245 139
40 14
113 61
244 134
176 86
271 160
125 70
242 150
297 100
106 38
145 78
27 17
220 106
268 162
177 70
143 55
141 58
249 136
208 134
69 25
262 165
290 161
246 100
282 112
271 110
229 119
232 131
182 74
160 92
296 140
248 74
229 65
223 119
250 74
130 51
126 79
185 75
152 70
81 25
288 137
109 63
254 102
255 74
267 159
247 135
198 106
234 103
244 112
290 128
140 40
259 168
48 30
224 134
222 102
288 176
235 135
260 78
171 85
88 39
269 127
147 92
171 56
133 61
287 99
57 37
175 114
290 189
121 79
131 86
201 132
274 180
70 46
122 82
250 169
50 34
144 98
266 183
279 192
81 56
255 177
298 207
299 208
274 191
90 63
250 176
194 137
273 195
135 97
259 189
254 186
220 165
42 32
255 196
105 81
202 158
230 180
115 90
239 188
233 186
71 57
219 176
83 67
130 105
152 123
232 188
161 132
297 245
285 236
65 54
289 241
295 247
290 244
273 230
277 235
292 248
226 193
293 251
267 231
236 206
41 36
132 116
210 185
258 228
183 162
279 247
218 193
219 194
202 179
287 255
216 192
279 248
242 216
273 244
96 86
289 261
224 203
75 68
268 243
265 242
221 202
223 204
287 263
96 88
191 177
113 105
253 236
78 73
250 234
235 221
110 104
279 264
264 250
196 186
264 251
93 89
141 135
233 224
269 259
278 269
94 91
195 189
288 281
295590 295327
295567 295323
295582 295339
295519 295337
295497 295323
295579 295414
490890 490634
295516 295369
490888 490644
490893 490662
490891 490661
295608 295472
295444 295316
490925 490716
295573 295448
295551 295427
490841 490642
490891 490702
295528 295418
295579 295470
490880 490707
295512 295414
295449 295353
490912 490768
295581 295495
881515 881262
490768 490631
490885 490750
490902 490767
881522 881295
295390 295318
490878 490762
490768 490656
881503 881311
295509 295448
295567 295506
1662769 1662595
225 7
881528 881367
881468 881308
881524 881365
490732 490644
881451 881295
881413 881260
881412 881263
881534 881390
1662772 1662502
1662763 1662580
881501 881400
1662775 1662515
881458 881323
881487 881353
1662799 1662605
881397 881268
881486 881357
1662736 1662508
881497 881377
1662715 1662501
881398 881295
881496 881392
1662756 1662551
1662765 1662567
881528 881422
1662776 1662602
3225295 3225076
1662704 1662536
1662717 1662584
3225281 3225011
1662678 1662521
1662791 1662641
3225278 3225074
490742 490663
490902 490825
490726 490654
490836 490773
295504 295467
295385 295349
490811 490759
295435 295405
881540 881455
490784 490737
881444 881361
295542 295515
881472 881404
490667 490632
295442 295421
1662673 1662556
1662680 1662575
1662791 1662689
295486 295468
1662621 1662520
881417 881367
1662789 1662704
3225274 3225112
3225266 3225116
3225289 3225140
1662778 1662704
295407 295350
881308 881258
490916 490895
1662679 1662610
881470 881438
1662635 1662573
490821 490803
490762 490746
490731 490716
490731 490717
490832 490820
295368 295361
295477 295470
