1034673
4153 3937
137 68
300 168
282 58
270 224
289 10
113 101
67 3
266 26
296 276
235 1
232 54
67 53
200 157
95 11
146 51
258 163
247 209
158 53
235 219
276 50
187 148
255 181
226 72
287 103
114 64
253 155
210 187
208 20
162 4
103 38
224 65
268 173
202 160
290 47
280 5
124 59
185 32
263 129
43 9
299 156
100 80
150 57
157 143
273 189
170 141
274 257
153 58
278 147
243 33
7 1
178 57
232 122
299 279
292 251
408 214
378 178
414 323
415 348
397 307
404 281
388 214
234 214
414 295
355 254
330 301
358 255
313 188
289 148
335 316
261 220
174 137
248 165
277 220
325 125
314 258
403 148
291 137
249 195
421 345
179 158
389 231
277 186
329 258
369 239
407 216
372 290
323 271
294 272
424 369
382 254
512 482
416 256
477 424
526 346
513 416
299 251
390 297
314 246
533 473
423 285
526 248
434 393
453 395
542 280
442 392
518 294
479 283
302 251
356 246
452 395
435 342
503 417
514 477
485 340
490 343
694 598
722 552
583 526
774 701
768 685
717 609
780 732
649 523
739 552
693 517
774 621
713 542
575 508
680 600
622 534
771 535
655 494
729 547
764 705
751 648
659 539
772 721
760 645
659 588
654 497
576 512
630 593
571 510
752 694
785 619
680 598
1090 996
1128 1051
1226 985
1267 992
1138 982
1245 1006
1122 1056
1230 1064
1095 1038
1113 1040
1234 1129
1231 1064
1216 1072
1073 1015
1193 1104
1208 1129
1243 1069
1198 1084
1201 1085
1112 1028
1198 1095
1193 1124
1094 1027
2124 1977
2220 2094
2197 2031
2067 1955
2220 1991
2250 2069
2152 2009
2230 1956
2114 1999
2211 2066
2216 1963
2230 1988
2143 2003
2099 1956
2228 2066
2215 2031
4198 3926
4163 3909
4158 3910
4076 3924
4204 3988
4195 4019
4184 4083
1261 1205
15925 15675
4082 3962
2250 2175
2099 1991
4164 4071
4170 4045
15925 15797
4095 3950
15864 15656
1252 1198
4206 4059
8104 7875
2143 2058
8027 7857
8014 7908
580 554
2048 1954
8031 7919
4138 4033
8048 7968
1222 1165
2069 2003
4190 4020
8099 7981
15857 15660
8037 7855
784 748
8101 7953
8111 8012
8083 7956
1092 1041
2238 2128
8061 7922
8082 7918
8046 7852
4065 3949
2225 2130
3967 3912
2208 2130
15818 15679
2018 1958
8102 7856
8052 7892
8097 8002
15883 15712
8042 7954
8047 7974
2233 2154
8066 7822
1238 1188
8034 7848
2237 2196
8059 7833
15902 15774
4109 4030
710 677
1170 1132
15916 15691
4073 3939
4198 4021
4180 4082
8089 7860
4014 3911
8089 7938
8099 7926
4126 4004
15910 15657
8020 7913
15829 15652
15901 15699
4204 4114
2183 2076
31531 31294
31535 31304
31529 31303
514 496
116 112
478 462
541 526
258 251
1041 1013
717 698
341 333
421 412
1042 1021
1177 1156
2231 2198
4075 4032
4107 4064
4142 4106
4043 4010
7886 7824
8016 7955
7978 7919
15810 15696
15804 15698
15894 15791
31545 31341
31504 31303
1081 1067
7923 7874
15729 15632
31524 31333
15788 15695
81 70
31489 31274
31521 31337
15784 15693
288 287
