5100058559
148 1
186 3
232 4
238 7
278 9
54 2
252 10
242 10
121 5
224 10
170 9
74 4
151 9
272 17
55 5
273 26
252 26
270 28
182 19
222 25
154 18
209 25
284 34
184 24
167 22
233 34
239 35
141 21
110 18
238 40
273 46
193 33
257 44
120 21
215 39
300 57
151 30
15 3
277 56
258 55
42 9
220 48
91 20
266 61
134 31
241 56
95 23
142 35
298 74
207 52
280 72
170 44
296 78
107 29
287 80
85 24
253 74
54 16
52 16
290 90
226 71
206 65
171 55
224 73
64 21
246 82
249 83
289 100
159 56
281 100
256 92
160 58
155 60
124 48
170 66
69 27
297 117
162 64
142 59
294 124
286 122
294 127
114 51
192 86
254 114
269 121
288 132
283 130
215 101
215 101
251 118
253 119
268 127
176 91
289 150
207 108
199 105
258 138
109 59
139 76
153 84
280 156
224 125
141 79
299 169
281 160
240 137
56 32
268 154
69 40
169 98
222 129
268 156
158 93
287 169
93 55
245 145
114 69
244 149
202 124
142 88
287 178
145 90
170 106
141 88
157 98
262 165
168 107
230 148
222 143
241 156
227 147
199 129
296 192
171 111
219 148
178 121
107 73
134 93
183 128
110 77
97 68
289 203
169 119
290 206
124 89
213 153
299 216
280 204
238 174
142 107
200 152
203 156
208 160
160 125
83 65
138 109
257 203
255 203
186 151
295 241
90 74
263 217
281 233
108 90
274 234
246 211
204 175
295 254
146 126
261 226
174 151
287 250
204 178
225 197
165 146
218 194
218 194
181 162
154 139
232 211
163 149
163 149
256 240
234 220
166 157
201 194
268 262
265 262
209 207
241 239
240 239
210 3
5100000300 5100000040
285 285
210 229
52 53
145 149
230 239
69 72
214 224
271 287
256 272
103 110
71 76
142 152
212 228
200 218
172 288
130 142
271 298
240 265
192 212
207 229
236 265
229 258
147 166
230 261
100 114
87 100
209 243
86 100
206 240
232 271
240 281
152 178
183 215
237 282
125 149
190 229
236 286
114 139
208 255
121 149
43 53
177 221
209 263
117 149
231 299
135 175
87 113
213 277
148 193
107 140
219 293
58 78
219 300
36 50
177 246
201 280
135 189
50 71
69 98
164 233
131 187
177 254
108 160
95 141
185 276
132 197
86 130
165 251
80 122
77 118
126 197
96 154
87 141
111 181
120 196
161 263
102 170
78 130
64 233
129 217
111 187
158 273
135 235
146 257
136 240
116 205
96 174
49 90
118 221
18 34
123 234
113 215
149 284
118 228
118 230
99 194
28 56
2 4
109 221
143 294
29 60
72 149
125 263
41 87
19 41
117 256
23 51
97 217
68 156
98 228
105 251
23 55
101 245
99 244
80 198
109 270
109 274
21 53
17 43
97 253
70 185
70 185
105 283
99 267
89 241
93 260
49 139
82 238
9 27
52 157
45 140
63 198
54 170
67 213
71 226
71 232
41 134
59 201
58 198
74 254
11 38
73 255
41 147
67 244
79 289
77 286
26 98
34 131
60 240
61 246
48 196
63 259
70 294
51 216
40 172
24 110
62 289
59 276
56 264
50 252
38 192
45 233
16 85
35 186
22 117
14 75
34 186
40 222
35 203
30 179
25 161
27 176
38 251
20 141
28 199
32 233
37 275
39 292
28 211
21 174
35 292
20 167
22 190
28 243
26 230
22 207
29 277
5 53
24 260
3 37
20 252
21 291
21 297
17 242
18 272
9 139
1 17
13 223
16 283
14 253
7 174
11 287
3 87
7 207
6 208
4 184
3 173
