9937517418
67 1
172 4
120 3
185 7
183 10
182 11
132 8
61 4
152 11
155 13
173 16
183 31
139 24
115 22
134 28
112 24
161 35
193 50
196 52
162 44
70 20
150 43
38 12
66 21
139 47
54 19
90 32
112 40
64 23
161 58
123 45
178 74
83 36
177 77
114 50
148 71
191 93
180 1
191 97
172 88
191 98
156 81
140 79
183 107
145 86
151 94
67 42
176 112
124 79
199 133
176 118
146 98
153 103
193 142
95 70
45 34
155 118
182 140
122 94
150 117
194 152
117 92
130 107
44 37
149 126
77 66
142 122
167 146
78 69
68 61
30 27
141 127
103 93
26 24
41 38
120 112
72 68
74 70
160 153
190 184
197 192
172 170
144 143
189 188
140 70
180 171
180 198
1625000200 1625000063
3500000199 3500000062
1312500199 1312500170
3500000200 3500000173
161 185
114 116
142 145
35 36
163 169
152 167
95 106
115 130
19 196
130 150
163 189
136 158
153 188
111 138
90 112
109 136
146 183
67 85
135 185
95 132
84 123
25 37
133 198
34 51
128 192
131 197
59 91
66 102
92 144
61 97
49 79
58 94
64 108
72 122
107 183
87 149
84 145
89 156
62 114
102 194
79 154
9 18
58 119
47 99
17 37
45 104
24 59
43 113
63 188
3 9
32 98
58 178
60 187
30 100
20 73
26 99
47 192
19 80
35 149
39 183
32 162
28 161
14 83
17 105
21 148
18 128
25 185
15 167
3 40
11 151
3 69
7 165
2 82
