100007928
280 1
281 21
272 26
199 28
91 15
201 41
285 60
226 84
67 40
164 109
190 130
163 117
299 219
101 82
230 199
289 281
13458 13222
13473 13290
13403 13235
13379 13222
13415 13299
25670 25522
13390 13327
25642 25540
50103 49935
50100 49934
49959 49871
25608 25567
25602 25562
49942 49880
50027 49965
98900 98787
49933 49877
25485 25460
25629 25605
196509 196413
25681 25669
196592 196501
98859 98815
196413 196339
391756 391625
782502 782262
3126104 3126040
3126235 3126154
391860 391760
3126280 3126186
391732 391651
6251298 6251105
782481 782327
391766 391695
1563755 1563510
782487 782390
1563787 1563597
1563707 1563531
782466 782379
782473 782395
1563684 1563534
1563693 1563550
1563769 1563640
782352 782288
3126300 3126070
3126086 3126033
6251235 6251144
3126153 3126095
6251217 6251111
271 258
98919 98899
196339 196331
782363 782338
391800 391788
196359 196354
391871 391863
1563554 1563532
3126112 3126082
12501239 12501125
782473 782264
6251051 6251004
6251098 6251055
12501262 12501184
391710 391710
50001 50007
25575 25594
243 246
