1006470
2313 2240
2309 2147
2277 2234
229 57
47 20
52 19
8055 7934
239 181
207 41
244 184
160 12
262 58
247 163
256 151
272 29
8203 8002
227 18
220 34
240 199
163 122
221 28
254 60
132 49
4265 4157
4303 4198
172 136
4298 4171
4174 4010
2215 2139
72 20
4235 4078
2208 2080
2224 2061
113 105
217 209
15949 15733
4238 4188
8008 7925
8153 8069
2338 2317
7972 7925
8155 8107
31599 31445
4278 4259
62881 62650
7982 7953
31538 31427
31585 31484
62860 62675
31471 31383
62793 62666
62876 62752
4160 4100
31506 31446
31632 31576
125349 125192
125324 125180
248 208
62762 62682
62740 62622
62748 62689
