9999763891
90 4
80 4
19 1
75 3
84 5
54 4
48 4
92 8
82 8
62 7
88 10
93 14
75 12
67 12
57 11
95 19
73 15
95 20
80 18
98 23
95 23
33 8
83 23
89 27
43 16
70 27
36 14
56 22
58 25
90 40
51 23
91 42
32 15
71 34
78 40
95 50
72 38
35 2
60 34
21 12
33 19
98 57
67 39
73 43
37 22
77 46
49 30
90 56
40 25
94 59
100 63
95 61
74 48
52 35
57 39
93 65
54 39
79 58
81 60
12 9
33 25
91 71
64 50
14 11
84 67
10 8
76 61
94 78
90 50
90 76
13 11
59 51
32 28
95 84
67 60
43 39
49 45
88 84
72 60
1001220796 1001220715
1156250100 1156250008
88 88
1039062599 1039062519
1009765724 1009765649
1001220798 1001220743
1001220799 1001220746
1625000095 1625000032
1156250100 1156250070
1009765725 1009765714
86 88
35 38
54 59
64 70
42 47
57 65
83 95
55 65
80 98
71 87
54 68
65 82
67 93
54 78
52 76
51 79
9 14
53 83
38 63
41 69
41 69
42 73
44 83
43 88
48 99
19 40
11 24
9 20
20 45
43 98
32 73
37 88
28 67
26 64
13 34
19 50
21 56
16 44
25 72
30 97
14 57
7 35
9 46
16 88
12 84
4 33
9 92
8 82
8 83
8 98
5 91
4 99
