1003393
97 30
95 28
89 13
93 16
100 24
79 5
93 22
69 1
18 4
68 6
66 6
51 5
61 6
17 2
50 6
40 5
37 5
75 15
69 14
23 5
56 13
55 13
73 18
19 5
74 20
79 23
72 21
48 14
74 22
79 24
84 26
31 10
17 6
69 25
51 19
90 36
48 21
85 39
80 38
85 41
92 45
94 46
72 37
83 43
44 23
96 51
73 40
53 30
58 34
62 37
50 30
54 33
62 39
96 61
93 61
25 17
60 41
72 50
83 59
94 68
50 37
47 35
28 21
86 66
50 40
50 41
66 55
66 55
79 67
67 57
79 68
77 69
77 70
25 23
81 76
65 61
100 94
44 42
54 52
100344 100264
100322 100248
100326 100253
100566 100493
55 4
100211 100125
100338 100267
131350 131259
102052 101987
162592 162502
71 72
