1048175
287 85
2231 2084
73 40
234 154
223 103
183 17
147 112
232 110
276 120
159 49
248 72
142 97
147 114
155 68
176 134
290 274
220 92
165 36
52 30
27 1
265 76
45 9
254 174
262 189
88 19
83 66
57 47
275 182
182 6
262 5
208 153
216 137
79 15
81 32
157 129
282 61
199 54
150 2
267 51
272 101
281 178
292 128
172 84
132 8
282 171
264 228
258 179
279 209
182 112
220 94
215 38
54 16
277 46
222 127
263 156
110 95
26 6
156 53
139 105
277 48
49 39
280 264
238 216
161 47
289 115
229 93
81 31
83 54
181 131
216 35
143 38
291 91
293 274
303 119
254 148
265 179
92 39
276 206
179 164
189 131
299 100
280 158
125 30
114 46
155 63
180 140
270 118
136 52
269 101
211 166
283 100
285 45
2255 2141
202 65
121 81
178 135
258 166
221 25
262 131
227 24
121 50
47 35
165 41
285 223
139 48
117 103
306 196
46 36
249 102
293 26
216 146
176 161
300 44
134 47
206 123
203 126
185 75
246 150
195 126
271 73
217 63
283 84
246 116
86 30
304 91
2191 2010
193 60
239 135
291 172
143 102
309 186
313 144
68 31
201 96
195 135
170 13
232 91
227 173
198 78
223 125
175 34
266 131
262 228
201 59
177 119
305 83
276 177
298 79
325 58
134 95
267 99
297 85
287 273
296 23
279 101
75 62
267 59
2100 1997
296 214
240 117
321 272
271 56
135 90
115 40
70 8
293 259
203 140
238 104
113 91
142 83
104 57
184 85
249 173
271 74
205 13
270 26
320 301
301 207
356 166
99 87
345 99
193 103
290 131
335 94
26 6
265 223
253 218
218 158
99 59
127 86
293 234
294 16
301 160
74 34
162 87
336 268
261 100
300 236
203 117
185 96
304 180
123 107
231 69
142 105
189 109
25 5
271 158
220 144
309 197
291 180
228 85
300 129
283 135
165 121
237 207
381 158
2252 2109
217 149
263 104
219 161
230 125
282 135
331 213
155 22
270 196
202 163
238 210
89 12
2246 2112
295 175
224 5
369 327
333 225
292 198
246 233
369 254
237 27
227 163
195 162
123 5
293 39
316 191
256 34
311 226
227 215
249 83
366 169
506 362
238 177
529 451
231 106
553 285
284 82
393 321
391 310
213 97
67 36
192 1
131 71
266 95
242 196
515 422
206 60
400 371
272 168
137 104
94 20
373 331
15 5
115 74
172 16
530 405
238 220
243 182
187 149
189 148
550 295
509 260
533 427
702 550
795 739
220 156
690 601
738 683
779 571
249 48
288 236
289 245
268 206
750 514
636 530
796 636
763 565
172 71
656 516
667 508
237 24
587 554
72 39
275 206
758 540
292 128
4195 3992
230 57
198 147
150 53
238 178
4196 3998
297 169
4123 3928
679 602
4203 3927
59 43
193 34
717 612
721 544
217 134
268 211
298 87
278 245
134 1
284 179
1207 1100
1109 1027
220 98
191 181
130 28
1101 1000
263 3
1206 1094
1227 1082
1278 1067
1079 1001
212 166
1244 1056
246 46
171 17
195 108
1154 987
262 191
1168 1033
2248 1979
2260 2051
188 132
52 26
59 8
294 240
80 23
203 53
2132 1993
2190 1966
195 90
290 97
2144 1979
296 255
1140 1088
1266 1076
188 143
1272 992
1256 1151
2251 2137
75 38
44 31
4195 4034
15781 15660
4020 3994
8055 7861
8104 7931
4167 4055
8084 7993
705 686
8105 7889
2041 2010
31547 31266
31549 31268
2033 1992
8059 7912
2127 2105
2249 2210
2083 2002
1106 1076
31546 31319
31544 31323
243 232
1236 1185
299 289
2203 2111
1217 1195
1062 1014
31560 31283
357 343
4032 3960
1206 1187
2053 1986
1198 1171
8121 7893
4201 4158
15867 15665
288 275
2202 2163
15834 15659
15815 15701
222 212
4113 3934
15794 15676
3981 3954
4110 3930
8046 7877
4154 3992
15911 15644
15785 15675
7974 7857
4058 3970
8022 7891
1090 1045
4194 4136
4216 4139
4078 4047
4127 4086
15869 15722
8043 7881
15791 15684
3999 3952
28 23
53 46
88 80
72 67
172 164
109 104
158 151
173 166
180 173
248 239
111 107
209 202
92 89
273 265
69 67
282 274
314 306
136 134
144 142
163 161
430 425
293 290
1123 1112
2250 2236
8069 8019
2184 2171
8119 8072
8101 8055
4126 4104
15775 15694
3972 3954
31550 31408
8089 8054
62801 62544
8087 8055
8042 8011
521 519
7927 7898
15760 15704
7976 7950
309 308
62803 62602
62807 62621
290 114
31404 31262
7903 7866
62694 62513
