558523
300 52
284 45
288 10
280 41
282 37
299 34
290 14
258 13
210 1
223 8
169 7
200 9
101 5
220 11
210 13
72 6
163 14
218 19
254 27
232 25
147 17
259 32
153 19
267 36
265 37
240 35
177 26
115 17
40 6
95 15
253 40
174 28
98 16
208 37
238 43
180 33
127 24
83 16
217 45
269 56
152 33
149 33
183 41
291 66
179 41
211 49
250 63
234 60
210 56
165 45
124 34
90 25
297 84
248 72
75 22
34 10
119 36
277 85
222 69
98 31
201 64
290 98
248 85
264 95
220 82
72 27
53 20
79 30
248 95
300 115
226 88
294 119
108 44
139 57
243 100
163 68
187 79
75 32
234 101
230 103
213 7
98 45
192 90
230 108
130 62
296 142
238 116
100 50
255 128
136 69
237 122
180 94
242 128
83 44
177 94
135 72
192 107
83 47
146 83
79 45
299 171
52 30
294 171
152 89
283 167
185 110
177 106
150 91
258 157
187 115
160 101
201 127
290 184
133 85
142 92
130 85
288 191
300 202
215 146
105 72
179 124
228 159
246 172
248 174
292 205
285 201
283 200
169 120
57 41
218 158
231 168
235 173
88 65
175 130
199 149
260 195
70 53
215 163
58 44
179 138
123 95
188 146
196 155
287 227
171 136
143 114
297 241
99 81
84 69
259 214
205 171
200 167
171 143
175 147
273 230
261 226
192 167
47 41
246 215
101 89
114 102
90 81
285 257
210 190
190 172
253 231
285 262
219 202
265 245
201 186
269 249
291 272
124 116
235 221
121 115
207 197
159 152
51 49
209 202
255 247
210 204
220 216
251 247
211 210
265 263
267 266
157 72
500300 500236
277 280
41 41
237 259
276 280
237 241
233 237
139 142
157 161
113 116
258 265
134 138
129 133
214 222
140 147
246 259
108 115
216 233
93 101
258 281
238 260
162 256
202 221
208 230
226 250
65 72
266 298
8 9
179 203
126 143
94 107
184 210
122 140
253 292
256 296
144 168
112 131
134 158
172 205
240 287
66 79
173 208
219 266
230 280
232 283
48 59
204 251
218 270
125 155
135 168
212 265
134 168
151 190
182 230
221 286
122 158
105 137
12 16
180 242
142 194
132 181
183 251
182 251
98 136
187 262
159 223
195 276
209 296
206 295
133 192
161 235
87 128
178 262
68 101
88 131
182 272
46 69
108 163
152 230
185 283
168 257
146 224
73 112
166 257
140 218
87 261
93 151
171 278
181 295
38 62
165 270
138 228
166 280
56 95
68 116
119 204
116 199
39 67
159 275
50 87
27 47
167 295
155 274
22 39
131 233
48 86
97 176
76 139
57 105
109 201
135 251
148 283
51 98
130 250
144 277
121 236
144 282
99 194
71 142
112 225
98 199
32 66
136 282
59 123
85 178
95 201
43 91
110 237
98 212
131 285
93 204
117 259
83 184
117 262
65 146
37 85
103 241
114 274
52 126
57 139
89 219
2 5
46 115
91 229
52 135
102 280
79 221
30 84
85 240
94 266
64 199
64 201
37 118
62 200
75 243
80 263
17 57
37 128
50 173
84 291
61 216
68 242
59 210
64 228
47 179
55 212
46 179
58 232
39 161
67 294
44 202
57 270
53 252
58 284
10 49
60 297
44 234
53 283
33 181
52 288
17 96
38 216
30 177
19 113
45 276
18 111
36 228
14 89
16 106
4 32
20 182
10 95
30 291
28 291
18 188
20 213
22 242
16 186
23 282
17 228
9 136
12 184
15 233
16 250
12 196
11 180
12 220
8 173
12 285
8 285
8 290
4 190
1 194
1 233
