9687536655
193 2
93 1
193 3
58 1
166 3
72 2
144 4
161 6
122 5
130 8
83 6
108 8
133 10
130 10
112 10
190 2
78 8
126 13
64 7
77 9
107 13
194 24
94 13
14 2
118 17
94 14
195 31
157 26
195 34
165 31
180 35
197 40
172 35
155 32
166 38
109 25
162 38
182 43
80 19
197 47
125 30
133 32
101 25
189 47
186 53
168 48
141 41
186 56
166 52
98 31
60 19
98 33
162 55
170 58
191 66
60 21
147 53
133 50
108 41
158 64
27 11
49 20
182 75
99 42
161 69
198 86
120 53
101 45
77 35
178 81
192 89
195 92
173 83
138 67
39 19
73 36
14 7
162 81
38 19
103 53
147 76
130 68
172 91
178 97
200 110
114 63
157 87
172 96
197 110
171 96
171 98
177 102
122 71
187 109
115 68
120 71
183 110
135 83
144 89
197 124
187 118
192 19
180 116
42 28
183 123
49 33
120 81
179 121
78 53
155 107
121 84
93 65
163 114
154 108
135 95
87 63
137 103
142 107
94 71
147 113
109 84
123 95
164 127
193 150
181 141
194 152
89 70
51 41
99 80
151 123
153 126
119 98
177 148
137 115
176 148
71 60
98 84
192 167
165 145
199 175
169 107
175 155
184 163
116 104
21 19
173 159
126 116
127 117
165 153
198 184
44 42
86 83
199 195
72 71
312500200 312500003
312500198 312500004
312500194 312500017
312500183 312500025
312500180 312500025
312500170 312500020
312500173 312500028
312500179 312500034
312500191 312500046
312500170 312500027
312500175 312500051
312500181 312500059
312500165 312500047
312500184 312500070
141 124
312500172 312500068
312500200 312500164
312500198 312500116
312500193 312500113
312500173 312500103
312500187 312500126
312500182 312500122
312500199 312500147
312500188 312500147
312500188 312500155
312500176 312500144
312500195 312500172
312500195 312500175
180 196
312500192 312500190
312500183 312500185
312500191 312500196
312500183 312500194
119 135
131 132
50 51
137 140
117 121
126 131
141 149
178 189
76 81
177 189
154 167
47 51
100 110
108 119
147 162
81 184
99 113
35 40
113 131
67 78
114 135
163 194
115 137
161 192
92 110
76 91
105 128
143 175
154 189
130 160
123 153
43 54
121 153
44 56
100 128
128 164
32 42
122 161
147 200
72 100
117 164
32 45
117 165
111 159
49 71
54 79
129 189
78 123
115 185
95 153
85 138
120 198
84 139
53 88
115 193
43 73
110 187
81 138
38 65
63 108
68 118
80 140
88 156
53 94
71 129
63 117
101 189
45 85
53 101
94 181
94 186
71 142
68 139
83 171
38 79
91 192
62 135
65 142
78 171
46 103
67 153
66 154
21 49
53 128
25 61
69 173
68 171
75 191
68 176
28 73
35 92
63 168
72 194
63 170
57 154
64 173
31 87
46 130
59 172
66 199
45 137
40 126
45 142
28 90
61 197
38 126
43 155
25 93
25 95
32 128
47 192
41 169
25 116
18 84
22 104
36 172
35 168
32 156
35 175
15 80
15 80
28 156
16 90
28 164
11 69
22 143
27 176
26 182
19 136
15 112
2 15
18 137
14 111
13 109
16 140
14 126
12 133
4 68
10 178
7 129
4 91
7 182
5 142
2 169
