542580
221 8
276 10
27 1
297 16
125 7
194 11
211 13
117 8
161 12
282 26
225 21
250 27
291 33
275 33
293 36
142 18
255 35
210 30
158 25
215 35
171 28
243 40
84 14
87 15
137 25
257 47
155 30
283 55
281 55
91 19
218 47
92 20
295 70
248 60
99 25
230 59
282 74
166 46
124 36
287 85
131 39
256 78
117 36
286 91
34 11
245 80
183 60
276 91
294 100
239 87
162 59
192 71
290 114
197 78
249 99
178 75
109 47
297 130
122 55
117 53
254 120
239 115
229 111
197 97
269 133
234 117
279 140
123 62
156 79
224 116
288 225
122 64
154 81
249 132
181 96
101 54
182 99
193 105
280 157
123 70
156 90
148 87
297 181
210 163
178 113
176 114
221 147
285 217
244 164
229 156
148 101
235 162
274 189
180 125
282 213
247 173
174 128
255 181
258 204
258 202
279 226
75 46
112 75
103 72
54 38
78 58
139 107
188 147
198 156
119 94
120 95
149 122
291 248
252 217
274 238
141 129
143 131
229 210
14 13
258 240
281 264
169 161
256 250
270 264
135 132
243 239
206 204
259 9
501300 501029
299 300
215 215
195 226
269 271
137 139
204 208
254 260
157 164
274 288
116 122
174 183
113 119
135 145
25 27
189 205
125 138
105 117
207 232
198 224
237 269
243 276
139 158
162 187
131 288
256 300
39 46
244 294
217 262
130 157
245 300
235 289
101 125
191 237
195 243
4 5
140 175
126 164
178 232
150 197
189 250
68 91
153 205
141 189
198 267
123 167
81 111
183 252
165 228
174 246
63 90
81 116
74 107
87 127
58 88
187 285
112 172
168 261
155 241
156 246
142 225
144 229
167 269
77 125
164 269
148 245
13 22
47 80
108 184
159 271
143 246
140 243
165 291
165 292
168 298
58 103
98 175
94 169
130 236
99 182
118 217
127 236
40 78
84 166
80 159
97 195
139 285
135 283
72 177
79 178
72 169
93 233
91 232
99 255
49 128
50 131
82 215
25 67
22 59
14 38
29 79
53 146
96 265
65 182
97 272
41 117
99 288
87 255
55 163
88 261
74 223
77 235
93 286
90 277
93 295
84 267
87 277
90 294
84 285
76 281
32 119
64 240
47 180
76 292
42 187
56 278
27 135
28 154
41 242
29 182
44 295
26 192
12 103
25 228
10 97
24 278
24 281
17 205
17 210
19 242
9 123
9 135
18 273
8 131
1 19
5 104
13 276
11 257
7 187
5 180
6 220
4 182
3 225
