100018774
287 130
272 114
236 2
280 3
292 8
210 6
300 124
229 9
283 19
278 24
235 23
260 26
223 24
223 29
277 37
271 110
249 43
295 52
257 55
257 56
234 54
241 56
296 112
259 95
238 61
223 59
218 58
274 95
251 85
227 61
292 98
279 76
239 79
296 82
289 83
242 70
265 87
3225272 3225002
51 2
149 25
177 30
103 25
109 27
202 54
201 54
191 52
194 53
193 56
154 46
75 23
104 32
156 52
212 76
184 68
51 19
110 42
239 92
175 69
180 75
123 52
124 53
224 97
230 103
264 120
74 34
275 127
162 75
114 53
183 87
214 102
289 138
286 137
66 32
103 50
96 47
292 145
182 93
85 44
63 33
148 79
251 134
286 153
135 73
135 76
299 169
271 155
65 39
144 89
147 92
266 167
194 122
294 186
126 80
207 133
182 117
96 62
246 160
172 112
216 142
244 162
160 107
91 61
227 1
205 143
300 211
108 76
183 130
292 209
135 97
281 202
211 154
211 154
258 189
115 85
251 186
170 127
223 180
244 197
274 222
270 221
214 176
275 227
184 155
260 223
241 212
251 222
104 92
213 190
139 124
118 106
77 70
249 231
70 65
235 220
300 281
178 167
216 203
160 153
72 69
3225295 3225039
3225264 3225008
285 275
202 195
110 107
248 242
210 205
125 124
3225278 3225025
3225299 3225088
3225244 3225037
3225283 3225094
3225237 3225050
3225207 3225026
3225263 3225083
3225210 3225031
3225227 3225049
3225275 3225105
3225232 3225077
3225287 3225148
3225147 3225009
3225225 3225087
3225214 3225077
3225292 3225158
3225184 3225053
3225182 3225054
3225168 3225044
3225159 3225037
3225155 3225034
3225271 3225154
188 128
293 296
3225260 3225146
3225240 3225129
3225188 3225080
3225210 3225102
3225248 3225155
3225222 3225133
32 32
273 286
169 173
268 275
240 249
260 270
141 147
204 216
259 276
150 161
120 129
219 238
152 167
144 159
261 289
235 262
102 114
206 231
189 213
245 278
221 251
44 50
220 250
239 273
213 244
232 268
173 203
230 272
117 142
100 122
60 77
122 157
189 245
221 289
205 269
201 268
94 128
