1014592
277 262
384 323
101 16
57 5
39 7
61 12
164 75
183 64
109 61
155 15
160 33
192 71
46 19
2152 1992
4114 3983
98 62
2121 2044
130 38
59 9
2146 2038
4099 3979
176 164
86 22
155 107
2137 2062
2150 2003
124 74
361 269
24 7
123 1
157 11
110 96
128 69
172 132
124 90
159 128
120 108
163 6
2122 1972
185 80
106 74
2032 1974
84 10
2100 2008
160 103
2150 2051
1153 1004
137 61
132 19
248 162
1125 1067
1173 1065
1066 1004
64 35
146 35
1182 1091
132 41
160 118
179 146
139 99
149 59
56 37
132 95
194 153
159 126
102 20
1141 999
92 79
1151 1082
135 11
183 67
1097 990
1132 1096
142 23
1147 1089
198 91
690 618
111 28
657 539
669 618
689 665
158 148
36 16
597 527
674 554
561 512
28 21
683 536
653 561
645 504
196 130
98 17
659 500
604 561
301 293
624 577
309 284
299 272
437 326
326 210
381 285
289 153
182 147
163 138
313 273
349 325
345 283
289 234
446 321
222 182
302 287
310 187
197 184
290 196
328 225
310 286
396 348
401 263
268 160
433 281
400 351
299 155
321 225
407 276
318 202
274 154
311 267
271 253
62691 62523
31401 31301
31396 31278
15788 15665
15780 15689
15767 15657
4074 3990
15762 15672
15822 15688
4017 3970
15819 15637
3990 3937
3970 3927
3949 3918
4115 4071
4112 4060
15797 15649
4019 3975
4098 4040
4094 4011
4027 3997
7980 7859
7999 7904
2028 1992
8007 7834
2140 2103
7989 7883
7902 7849
7918 7871
7996 7895
7949 7839
2017 1974
7896 7854
2154 2127
8007 7875
8018 7916
7936 7871
7991 7896
7973 7849
7979 7869
15784 15706
26 23
43 41
166 161
317 309
160 156
1075 1055
552 542
61 60
666 657
396 392
2154 2134
447 443
2046 2030
520 516
131 130
142 141
4015 3989
155 154
4069 4048
3938 3918
4035 4016
4049 4030
7931 7896
1993 1985
4041 4026
15742 15684
15721 15671
15721 15676
15805 15760
15713 15669
15724 15680
31368 31291
31353 31278
31453 31378
31341 31273
7955 7938
31376 31314
31450 31390
62647 62531
15765 15737
31457 31402
2057 1995
15704 15661
62667 62570
135 136
139 141
