1025185
283 67
158 77
183 36
285 45
272 186
218 92
208 64
81 28
245 126
242 22
247 182
110 65
158 26
181 27
283 28
180 12
99 18
102 35
176 128
191 145
181 91
201 146
282 102
226 38
235 60
288 213
171 9
257 57
259 118
172 122
284 110
112 17
185 14
181 46
195 126
274 132
194 73
141 28
274 129
258 15
186 130
281 183
224 162
213 55
105 57
235 7
158 102
192 25
187 94
284 59
116 21
201 27
235 1
277 131
241 70
260 74
299 183
283 135
253 107
278 173
112 23
248 92
128 13
173 84
265 179
276 53
199 113
133 91
227 163
161 1
251 25
269 121
274 178
108 59
268 61
194 3
205 2
239 138
135 95
125 43
253 172
169 5
148 106
246 171
252 52
270 109
226 25
274 123
272 174
148 16
283 140
281 112
255 34
219 28
95 6
283 201
174 96
71 25
240 91
290 83
114 54
253 74
199 122
204 94
191 79
187 52
269 42
161 19
155 87
237 75
100 38
227 47
287 214
254 56
31544 31329
7936 7864
15785 15654
31490 31348
7952 7815
8038 7852
2146 2096
2059 1979
2112 2008
2091 1977
266 226
2094 1956
4203 3923
4096 3941
4189 3952
4193 3975
2149 2033
272 230
2247 2148
2206 2042
4138 4003
4184 3932
2151 2045
2075 1969
4194 3966
2166 2005
2194 1982
2236 2143
4155 4082
4010 3933
31473 31287
31538 31345
8016 7893
15836 15638
15916 15689
8035 7929
4040 3979
15855 15655
8071 7975
15846 15718
15847 15764
31523 31367
15898 15711
8054 7979
15906 15771
15918 15720
31478 31285
7992 7919
62765 62503
2026 1964
2244 2176
8040 7816
2144 2093
4126 4021
4160 4041
4067 3950
4104 3979
4087 3987
2006 1956
27 16
30 20
188 150
127 105
184 153
227 189
183 154
57 48
187 158
181 153
245 209
211 181
289 251
277 241
117 103
181 160
236 209
97 86
213 190
92 83
249 229
287 264
241 222
296 273
192 178
299 283
59 56
123 117
252 246
2115 2074
52 51
2014 1989
4042 3997
4188 4158
7912 7872
15858 15787
7970 7937
4061 4036
31542 31416
31489 31373
15790 15732
62752 62536
62753 62591
236 115
15898 15846
8068 8043
15733 15681
31436 31251
62797 62639
31462 31401
7970 7955
3955 3958
106 107
