100013958
239 1
117 2
210 5
147 4
105 3
250 9
189 138
240 9
247 10
171 9
247 14
229 17
68 7
154 16
193 22
173 21
177 23
153 23
299 67
268 61
182 42
253 60
290 70
225 55
59 16
195 53
129 37
108 32
262 80
196 60
177 56
285 93
238 82
297 106
280 104
168 63
151 62
279 118
128 55
88 40
184 86
117 55
189 89
263 125
282 143
173 88
66 35
254 137
210 114
165 90
174 101
270 161
144 86
161 97
298 180
156 95
65 41
286 187
223 147
125 83
131 88
46 31
197 133
77 52
297 202
269 187
160 112
202 147
296 216
1781403 1781262
1390850 1390728
2562716 2562504
293 217
275 204
2562792 2562574
1781457 1781295
1781501 1781324
1781449 1781270
1195461 1195340
1195467 1195344
1195553 1195406
1390893 1390703
1390906 1390628
4125291 4125109
1390808 1390698
1390749 1390640
4125257 4125058
4125236 4125023
1781423 1781299
195 143
144 113
89 70
267 211
134 112
180 152
155 131
221 188
201 178
287 263
169 155
296 274
189 179
116 110
101 96
82 80
139 138
1195565 1195476
1195587 1195498
1195442 1195354
1390729 1390638
1781454 1781339
1781529 1781416
1390784 1390702
1390828 1390756
2562713 2562588
1390860 1390803
1390905 1390850
4125265 4125113
1781469 1781404
7250278 7250051
4125205 4125080
4125251 4125136
7250273 7250073
82 3
4125175 4125013
7250236 7250040
2562709 2562643
1390853 1390818
268 270
1195493 1195473
1195582 1195580
264 266
250 255
127 132
262 273
223 235
110 116
252 266
245 259
242 261
252 275
195 218
261 293
238 278
152 178
176 207
83 98
