100008128
255 97
298 159
224 67
283 79
263 57
209 43
177 20
284 132
272 62
276 68
213 66
292 133
99 8
118 16
88 22
143 37
174 62
128 52
158 77
231 114
253 131
162 88
248 137
289 170
292 173
168 100
277 177
160 106
132 93
48 35
258 193
105 81
288 231
105 86
42 35
201 168
108 97
259 235
130 120
284 264
264 258
1024699 1024432
1024711 1024462
1024663 1024471
1012425 1012243
1097936 1097749
1097881 1097699
1195551 1195368
1012362 1012214
1097855 1097702
1012455 1012342
1024645 1024537
1390851 1390708
1049096 1048993
1097883 1097794
1097786 1097720
1049038 1048979
2562647 2562514
1049107 1049055
2562657 2562530
4125186 4125003
1390909 1390852
1195519 1195471
4125192 4125033
4125185 4125036
1012368 1012338
2562558 2562507
13500253 13500006
1781525 1781499
274 54
13500230 13500114
7250234 7250140
13500300 13500191
7250174 7250118
275 292
1195440 1195468
