100000048
238 22
262 28
139 15
148 19
192 29
289 48
230 41
36 7
233 49
184 42
171 9
119 28
262 67
240 64
269 73
252 82
213 74
239 88
296 111
251 105
296 124
155 70
189 87
210 102
190 95
75 41
270 153
141 80
294 172
193 114
274 162
141 86
179 117
180 118
294 194
151 100
46 32
223 159
201 144
251 184
188 142
272 208
69 55
278 224
245 198
89 72
198 162
284 234
206 171
292 248
72 62
174 151
49 44
149 136
122 112
241 222
91 84
118 111
74 71
253 248
222 220
228 226
229 228
3225273 3225002
3225229 3225010
3225253 3225034
3225219 3225020
3225233 3225044
3225192 3225011
3225219 3225039
108 25
3225221 3225073
3225279 3225141
3225280 3225145
3225253 3225119
3225248 3225120
3225261 3225086
3225227 3225100
3225288 3225260
3225244 3225130
3225238 3225131
3225203 3225111
3225233 3225157
3225263 3225192
3225283 3225238
3225273 3225231
3225231 3225225
3225225 3225222
3225228 3225258
278 290
3225203 3225256
3225213 3225274
3225222 3225292
3225198 3225268
3225190 3225282
3225189 3225295
260 282
143 222
176 181
167 176
215 227
127 148
182 217
196 237
121 147
241 300
81 108
105 140
136 185
207 288
94 136
140 210
193 292
194 296
105 164
143 227
105 183
66 120
120 223
115 216
88 167
112 222
80 159
120 239
101 204
138 296
77 174
87 206
71 195
86 247
32 102
26 85
42 143
73 256
38 146
12 74
14 120
9 86
12 116
25 256
13 187
12 178
16 243
18 297
9 155
14 263
15 294
5 122
8 252
4 257
3 279
