510730
168 122
96 60
177 14
165 18
169 22
125 30
97 28
122 38
182 58
68 22
164 58
165 60
117 48
119 50
173 82
144 69
147 72
39 20
145 86
187 115
187 117
172 110
151 98
195 128
193 128
24 16
189 134
152 108
147 132
52 38
138 101
191 143
116 89
140 110
113 91
37 30
126 103
112 92
120 100
78 67
198 171
165 144
200 185
79 76
138 135
127 7
501200 501014
167 169
87 87
111 112
51 52
86 88
123 131
80 86
117 135
78 91
124 153
97 121
135 180
41 56
71 100
82 117
91 130
48 72
61 93
82 130
105 172
85 152
110 197
55 104
95 180
92 184
93 186
99 200
80 162
51 109
69 150
37 90
45 112
68 176
53 162
52 163
29 96
9 32
6 22
50 191
10 40
20 83
35 175
32 163
24 151
24 158
14 114
6 56
6 81
11 169
7 117
8 174
3 95
4 160
2 170
