508718
93 58
65 1
48 3
75 6
98 9
65 7
93 54
100 12
83 10
100 57
94 14
83 46
47 8
82 14
52 9
87 16
97 21
84 19
60 15
97 46
74 21
75 24
87 28
71 25
58 21
82 36
78 34
72 28
88 35
89 36
63 26
92 38
84 35
79 33
27 3
27 4
40 6
11 3
22 8
49 18
38 19
64 32
63 32
65 34
20 11
47 26
75 42
44 25
90 58
82 54
56 37
96 64
86 58
43 29
81 56
40 28
89 65
38 28
66 49
24 18
32 24
100 77
78 61
87 75
45 39
85 74
88 79
79 72
32 30
37 35
63 61
91 2
500100 500012
95 98
43 66
70 71
23 24
44 47
87 93
54 58
86 93
67 73
43 47
50 55
69 76
36 40
50 56
57 64
37 42
67 77
73 84
77 89
83 96
76 90
62 74
43 53
25 32
38 49
58 75
75 97
73 95
67 88
38 50
45 61
59 80
65 89
18 25
36 50
48 67
37 52
59 83
41 61
57 85
10 15
61 92
63 96
34 52
56 87
46 74
18 29
38 63
15 25
48 81
48 84
49 86
9 16
51 91
21 40
36 70
33 65
4 8
38 78
27 57
33 71
41 90
44 97
25 57
15 36
17 43
24 62
20 55
34 94
18 50
34 96
32 92
32 92
12 35
28 82
24 72
7 22
19 62
21 71
23 80
9 34
19 73
22 85
16 67
20 86
19 93
5 25
15 86
16 99
13 86
14 93
10 67
11 74
10 70
6 46
9 71
11 87
9 73
7 60
10 89
10 100
5 55
7 84
1 13
4 58
1 15
4 77
1 71
