9687543816
206 3
188 1
214 8
231 10
52 3
226 15
281 19
141 12
139 14
170 22
266 36
287 45
242 40
295 50
152 30
99 20
188 39
262 55
243 58
295 76
277 72
266 70
280 87
243 76
169 56
9 3
272 91
203 68
161 54
154 53
183 63
289 101
273 98
181 68
238 90
242 96
228 92
126 52
280 118
245 104
118 51
256 112
220 97
169 75
49 22
281 130
268 124
132 62
182 89
271 133
192 96
150 76
153 78
282 144
154 79
214 111
59 31
297 158
44 24
218 119
111 62
158 90
145 84
276 162
34 20
237 143
76 46
194 5
185 116
225 143
175 112
200 128
190 122
123 79
272 176
92 60
79 52
257 171
187 126
132 89
275 187
155 106
206 142
300 207
177 123
159 111
220 154
229 161
277 195
227 161
151 108
58 42
215 157
275 202
42 31
290 215
194 146
199 150
252 195
73 58
66 53
286 231
137 111
238 194
278 227
105 87
202 169
272 229
26 22
100 86
299 258
297 258
180 157
76 67
254 226
273 251
267 250
239 227
269 266
295 293
312500291 312500018
299 184
312500295 312500033
312500287 312500029
312500241 312500003
312500260 312500026
312500247 312500023
312500298 312500104
312500277 312500090
312500259 312500087
312500265 312500097
312500300 312500037
312500285 312500122
312500277 312500123
312500275 312500126
312500297 312500208
288 289
312500264 312500115
312500272 312500133
312500243 312500109
312500243 312500109
312500263 312500130
312500278 312500178
312500279 312500187
312500278 312500194
312500249 312500171
312500253 312500182
312500269 312500227
312500244 312500220
312500248 312500228
312500286 312500291
312500277 312500291
312500266 312500290
153 287
267 271
207 212
169 174
249 258
78 81
212 221
261 273
239 250
191 201
91 98
131 142
70 76
240 263
172 189
137 152
40 45
231 263
242 282
211 248
106 125
180 215
163 200
186 233
206 261
122 156
111 142
171 220
213 275
180 240
133 183
151 209
142 198
185 262
91 131
59 85
53 78
114 172
178 282
31 50
140 227
129 212
154 263
46 79
111 191
118 205
119 210
102 181
57 102
71 129
141 257
162 298
158 295
6 145
137 259
132 264
136 278
142 295
40 84
99 215
109 238
95 208
121 270
114 255
20 45
90 206
63 146
95 222
107 258
113 279
106 262
44 113
45 127
71 203
71 205
78 228
36 109
43 131
22 69
28 89
25 84
71 239
14 50
79 287
53 194
46 180
32 126
71 283
43 173
41 175
32 148
46 217
60 286
55 296
49 273
46 264
41 245
27 174
17 112
45 298
39 278
27 214
20 168
8 71
14 151
18 195
17 198
13 164
18 258
17 260
12 198
4 85
13 281
12 286
4 121
6 236
4 258
1 132
