100009586
247 33
175 28
290 33
287 44
245 15
241 74
168 11
297 28
199 14
207 26
237 73
260 68
274 38
172 21
300 81
222 71
115 25
73 17
153 39
165 51
108 39
198 72
111 48
222 98
91 42
145 67
107 51
86 44
229 118
178 96
180 100
234 131
200 116
106 66
139 90
205 134
197 129
183 121
261 175
71 48
196 134
116 80
166 118
157 118
298 229
249 192
92 72
283 223
275 219
228 187
247 204
203 170
182 155
160 146
124669 124423
149125 148895
197955 197734
295585 295410
197763 197668
295466 295352
148937 148881
149063 149012
490782 490626
295499 295413
197821 197767
490853 490745
295440 295376
197808 197778
881490 881362
490742 490675
1662763 1662557
124530 124515
490779 490723
881455 881361
12600233 12600044
3225253 3225024
12600282 12600084
12600250 12600011
6350270 6350055
1662763 1662684
1662797 1662743
3225230 3225150
3225224 3225149
3225118 3225078
186 52
6350204 6350160
25100281 25100126
112462 112464
78 81
