1004769
51 26
47 12
5001 4937
4998 4934
5002 4972
4983 4962
4964 4931
98 33
16724 16631
85 2
4999 4956
5004 4938
44 1
8911 8833
8883 8850
75 35
88 30
8870 8820
8855 8825
8861 8819
91 14
32349 32264
8863 8835
4993 4918
8872 8835
4984 4956
8877 8838
8877 8844
4997 4929
95 42
3037 2997
8862 8815
8857 8833
87 66
46 6
83 5
98 77
3027 2997
62 35
99 81
2987 2964
16691 16644
16689 16628
92 9
90 67
100 7
93 72
3016 2955
3037 2994
3038 3019
70 18
93 17
37 17
69 15
66 46
71 17
2991 2954
92 55
52 36
88 38
98 49
89 38
3038 2959
77 46
100 22
62 8
16710 16649
84 12
80 59
96 45
24 6
58 29
89 52
99 31
97 65
63599 63522
32325 32255
32329 32280
16669 16631
32343 32275
16717 16686
16674 16636
13 2
27 14
33 18
31 17
37 25
22 15
49 35
21 15
8 6
45 35
48 38
79 65
82 71
62 54
76 70
35 34
3011 2994
3047 3034
4994 4974
4954 4936
4971 4956
8905 8882
4934 4922
8909 8889
3028 3022
16685 16655
8891 8876
16711 16688
32315 32271
2962 2958
32325 32282
32295 32253
32346 32306
32309 32274
32336 32301
3046 3043
63578 63517
32317 32286
16716 16700
95 14
63565 63505
16659 16639
32326 32297
4978 4975
83 83
11 11
17 17
64 65
