100016093
226 3
68 2
243 14
59 5
102 9
277 27
286 29
234 29
274 38
290 42
212 39
232 44
94 18
269 53
169 34
64 14
130 29
173 42
259 70
235 68
278 94
143 50
228 81
249 93
178 69
249 98
48 20
263 112
235 102
128 58
174 79
242 112
261 123
300 149
235 117
192 101
144 76
294 159
108 60
88 49
271 152
202 116
111 64
296 173
278 163
272 162
230 139
223 135
156 100
147 95
128 84
149 99
225 156
265 185
75 53
263 188
39 28
170 123
273 200
187 141
277 220
169 135
254 218
243 210
79 71
110 100
259 242
195 184
240 234
224 219
196 193
277 273
1195597 1195329
1195605 1195343
1390917 1390627
1195603 1195381
1390915 1390659
1195591 1195372
1390897 1390652
1390868 1390631
1195598 1195396
1195581 1195389
1390865 1390651
164 1
1195604 1195431
1195510 1195344
1195501 1195341
1195486 1195331
1195574 1195423
1195509 1195368
1781518 1781315
1390925 1390768
1390867 1390711
1195606 1195472
1195527 1195400
2562794 2562522
1781509 1781322
1195558 1195435
1195502 1195381
1195593 1195472
1390816 1390678
1390851 1390713
1195528 1195411
1390837 1390701
1195520 1195417
1195544 1195448
1195448 1195353
1390868 1390762
2562727 2562537
1781515 1781385
1781546 1781417
2562749 2562565
1781469 1781342
1781392 1781266
2562731 2562550
1781512 1781391
1781371 1781252
1781444 1781325
1781513 1781398
1781471 1781359
1195526 1195343
2562683 2562525
1390795 1390711
1390898 1390815
1390845 1390764
2562739 2562592
1195449 1195384
1390845 1390771
1195555 1195482
1390899 1390827
2562766 2562640
251 291
1390739 1390677
1781478 1781402
1390897 1390863
1781526 1781466
1195526 1195497
1390817 1390787
1390916 1390899
1195575 1195566
103 109
150 162
89 106
186 238
210 276
70 93
190 258
212 295
106 157
