100027828
285 4
126 2
109 2
172 7
122 5
284 13
44 4
26 3
159 19
205 27
101 14
283 40
222 32
256 40
138 22
112 18
221 36
169 28
230 39
140 26
271 53
269 57
236 52
221 49
295 71
263 67
252 65
139 36
219 60
279 78
207 58
69 20
176 53
193 61
191 61
292 94
260 84
160 53
296 101
32 11
205 71
271 94
291 102
140 50
164 63
202 80
196 80
123 51
264 110
282 119
111 47
56 24
98 42
25 12
274 134
265 133
175 89
300 157
161 87
188 106
274 155
140 86
177 109
238 147
81 51
279 182
153 101
275 189
62 43
198 138
189 139
229 169
187 139
165 123
237 181
240 185
295 228
233 181
181 144
102 82
111 91
287 236
152 125
245 203
280 233
60 50
251 212
282 240
212 181
248 212
193 165
228 197
223 194
58 51
291 258
118 105
227 203
293 264
112 102
136 126
225 211
248 247
295601 295313
295589 295315
295562 295326
295565 295339
295595 295387
295560 295354
295570 295365
295553 295350
295554 295352
295559 295372
295490 295315
490923 490639
295598 295427
490915 490639
295487 295324
295512 295353
295553 295396
295593 295437
295518 295363
295507 295353
294 141
490913 490705
295474 295350
295494 295380
295500 295386
490872 490692
295435 295329
490905 490730
295520 295416
490893 490722
490814 490654
490830 490672
295462 295367
490794 490637
490862 490715
490910 490765
295435 295349
295427 295342
295527 295444
490777 490640
881528 881288
881505 881266
490766 490633
295554 295475
881505 881273
490911 490783
881520 881298
490892 490769
490802 490683
490891 490774
881544 881335
295579 295510
490862 490750
295517 295450
490899 490790
881529 881337
490788 490682
490909 490806
881451 881268
881486 881305
490766 490666
490902 490802
881550 881371
295411 295352
881500 881330
881442 881277
490828 490740
881456 881304
490853 490771
881474 881328
490865 490784
881534 881391
1662790 1662522
881433 881291
490744 490665
881513 881379
1662796 1662544
490914 490841
881412 881287
490711 490643
1662736 1662506
881519 881398
1662750 1662525
881385 881266
881511 881393
1662765 1662543
881466 881356
1662789 1662589
881368 881262
881359 881254
1662702 1662507
881426 881323
1662728 1662537
490922 490700
295384 295324
881339 881254
1662741 1662582
881543 881459
1662689 1662536
1662739 1662590
1662760 1662611
881383 881307
1662799 1662663
881416 881345
1662668 1662539
881362 881296
1662630 1662506
1662779 1662656
3225279 3225041
3225283 3225045
1662752 1662631
1662742 1662631
1662691 1662584
1662701 1662594
881543 881450
3225275 3225044
3225208 3225018
3225208 3225038
284 284
