1038416
3147 3058
3160 2985
139 57
178 149
192 177
104 59
212 18
275 122
145 108
252 59
190 174
170 120
299 203
113 95
250 30
281 128
247 28
249 125
259 206
288 94
296 252
238 58
296 9
150 115
16794 16646
298 214
227 147
112 11
3195 3045
143 64
290 41
224 148
183 22
284 135
16881 16676
99 42
234 151
16848 16679
261 153
292 239
136 28
217 82
274 17
216 129
229 45
116 63
3215 3033
16867 16711
190 72
271 44
209 116
275 240
198 105
224 63
249 169
214 18
202 33
180 131
106 80
248 130
271 192
132 64
220 166
200 5
172 95
161 118
16913 16648
8983 8854
164 66
166 88
107 83
275 9
3032 2989
296 31
135 18
3089 3016
195 154
152 80
207 187
233 139
8996 8818
286 92
280 27
3126 2991
187 48
62 32
241 216
284 55
244 204
299 125
3161 3013
171 73
169 16
139 40
225 168
246 142
220 103
292 268
8955 8823
77 30
262 72
9050 8950
81 37
248 112
257 61
143 108
260 181
287 143
194 99
206 134
294 177
9072 8902
9038 8865
125 54
9010 8899
270 80
8985 8885
220 34
150 136
135 97
108 92
160 14
16867 16725
9086 8869
235 170
263 32
9092 8962
165 94
142 114
269 140
120 15
9103 8940
200 14
172 59
110 90
3138 2997
275 121
182 147
8954 8871
9069 8858
167 19
16872 16651
225 187
241 95
276 178
211 15
9033 8891
272 251
293 54
240 96
295 213
126 39
9086 8850
9004 8898
9102 8983
114 55
269 117
8997 8813
207 75
282 13
3185 3006
3203 2985
201 47
138 40
206 143
8931 8826
243 14
3226 3120
177 136
277 54
233 194
71 52
9094 8839
231 212
297 210
107 36
8963 8881
161 47
92 51
9002 8921
9034 8859
188 108
250 44
241 63
197 163
171 89
8909 8836
9015 8815
8966 8823
219 100
171 60
172 49
271 55
275 74
288 30
3249 3020
9048 8897
268 198
170 90
105 82
275 77
188 13
8902 8819
299 88
3205 2997
249 44
8995 8846
229 21
189 169
9090 8964
279 114
285 64
3220 3109
5070 4991
5027 4965
159 45
5174 5016
5176 4926
232 177
258 86
293 74
208 73
162 109
279 89
5151 4966
276 79
5200 4951
5178 5016
5182 4921
294 138
268 167
5168 4911
31 2
232 85
152 112
232 18
135 31
157 71
248 151
3168 2960
5140 4909
120 104
268 36
209 89
5150 5079
5040 4915
5073 5011
5110 5044
5192 5080
3237 3099
3158 3075
3150 3094
3076 3003
5083 4939
5114 5057
3088 3009
5048 4969
5096 4945
3039 2958
2998 2960
3194 3156
3245 3022
5074 5011
3090 3025
5077 4912
3174 3014
5168 5028
5168 4950
5057 4916
5161 5058
5206 5027
3232 3035
3128 2954
5141 4995
3041 3004
3252 3148
5082 4981
5144 5018
3009 2965
3228 3036
5114 5010
5124 4960
5133 5050
3140 3101
5169 5022
5059 4924
5188 5023
5088 4927
3248 3091
5053 4991
32531 32269
16781 16646
186 173
15 14
116 109
222 211
202 192
216 207
216 207
52 50
206 200
198 193
284 277
139 136
248 245
267 264
5039 4994
114 113
3178 3152
8904 8834
16782 16651
9110 9039
16883 16753
16873 16744
16848 16720
5193 5154
8979 8913
5205 5167
32511 32274
16766 16645
32520 32294
5083 5048
24 22
32506 32268
16765 16641
4966 4932
153 152
5157 5124
168 167
71 71
