1025602
289 91
328 201
248 135
174 155
1173 1105
212 89
73 35
255 204
758 493
767 645
214 106
82 8
1200 1084
162 25
1213 991
282 169
291 2
694 525
710 650
693 603
208 123
185 131
728 601
1258 1155
668 589
278 234
102 56
165 28
124 20
751 614
219 138
231 47
206 159
183 15
1079 1016
134 86
648 605
1186 1150
785 559
8042 7828
1274 1051
236 62
1175 988
714 635
265 136
1228 1015
1243 1004
283 18
756 667
124 29
251 115
1194 1002
1147 1005
122 20
586 537
274 173
1218 1114
699 620
220 123
441 352
2202 1956
245 123
2163 2027
169 21
2247 2153
298 176
361 317
191 29
327 249
2189 2113
94 27
295 169
304 242
325 249
2168 2087
355 297
174 12
469 277
297 254
487 292
180 159
193 94
2130 2032
2120 1985
325 278
206 115
253 151
245 87
2225 2102
381 300
202 114
208 169
530 487
241 63
191 96
2229 2135
2116 2045
2183 2119
521 465
2030 1967
344 303
266 119
154 85
543 476
4115 4023
4175 3919
131 86
4194 4079
421 401
239 172
4124 3951
418 272
369 214
4204 4000
208 130
262 102
337 137
301 279
264 73
4181 4067
278 46
4129 4006
307 107
4191 4045
413 334
4173 4048
310 38
4200 4068
275 130
368 159
207 179
89 28
265 197
4118 3931
416 351
409 253
413 273
158 47
262 99
147 122
311 140
188 100
135 105
243 165
141 82
259 59
307 250
213 51
8045 7835
121 56
290 174
309 206
263 88
397 328
351 198
296 132
325 263
8060 7846
272 156
146 43
290 235
259 95
304 104
338 258
322 222
212 125
370 167
292 275
279 130
317 188
330 89
8107 7834
314 145
288 112
274 169
31531 31287
3991 3939
4155 4097
4194 4109
4114 4067
4084 4050
15797 15661
15869 15648
15821 15669
15876 15651
15772 15643
7991 7830
1108 1084
7993 7881
4202 4165
2128 2089
15844 15680
2054 2017
187 173
248 237
201 193
313 302
225 218
131 128
267 262
2246 2224
1187 1177
415 412
31483 31257
15789 15676
8023 7967
15895 15799
3976 3952
2046 2034
31446 31266
8033 7992
31497 31348
7999 7962
8083 8048
15873 15805
62786 62531
31486 31362
7958 7927
31463 31341
31381 31270
8048 8020
15829 15775
31493 31392
62728 62537
62697 62536
62777 62628
169 129
62669 62511
15745 15708
15896 15867
2236 2233
291 291
