9937531805
282 89
287 5
297 93
287 79
203 10
260 70
285 73
295 23
233 19
283 25
294 61
293 58
288 46
274 39
71 2
183 9
94 6
39 3
194 23
166 22
15 2
153 21
157 27
116 20
81 14
128 25
171 35
150 32
206 45
218 48
137 34
158 41
147 43
136 40
239 71
242 76
202 70
218 76
229 86
81 31
274 110
232 94
248 102
270 115
251 109
64 28
267 117
259 114
74 33
206 94
196 98
249 125
256 129
246 135
98 54
273 151
256 144
214 121
203 115
109 62
174 99
215 123
164 94
126 76
38 24
56 36
122 79
136 90
187 126
268 185
258 179
164 114
288 205
248 179
242 2
139 101
271 204
267 202
257 197
163 126
194 150
228 177
257 203
297 243
80 66
141 118
258 233
207 187
240 221
297 276
134 125
229 214
77 72
80 77
263 254
63 61
269 261
294 286
276 271
174 126
1625000296 1625000043
277 278
1312500299 1312500186
3500000299 3500000259
3500000300 3500000292
200 293
197 200
97 101
195 204
168 177
200 212
151 161
269 291
244 266
256 281
255 287
176 201
243 281
42 49
123 144
119 140
235 280
138 165
198 240
235 289
209 259
215 268
44 55
165 212
130 168
167 216
106 139
167 219
199 261
207 280
213 300
195 281
176 254
172 249
156 228
115 170
167 280
127 220
99 172
154 269
126 221
133 234
34 60
166 295
156 291
127 238
158 298
156 296
147 282
132 255
87 174
129 264
68 141
132 278
67 142
27 60
118 292
52 135
111 289
108 286
58 167
34 98
89 269
79 244
28 97
22 77
79 283
48 172
49 184
34 131
39 167
49 210
27 118
30 136
49 224
51 242
62 300
42 221
41 218
40 217
23 137
23 139
37 235
14 109
18 150
23 207
31 283
29 276
7 69
29 288
18 197
16 180
18 236
22 295
19 278
13 209
3 101
3 243
2 273
