100029072
141 4
113 5
109 6
197 12
199 15
151 12
158 16
120 13
27 3
82 11
183 25
181 26
110 16
27 4
100 15
171 27
181 31
96 18
190 36
136 27
161 32
97 20
111 24
62 14
171 39
184 43
29 7
114 28
132 36
68 19
142 40
109 31
194 56
69 20
77 23
141 43
186 57
77 24
134 42
175 58
127 43
155 53
189 66
193 69
112 42
109 41
155 59
86 33
195 77
197 79
165 68
55 23
127 56
104 47
175 80
158 73
142 68
118 57
120 58
111 56
152 77
193 100
50 26
183 97
152 81
157 84
106 58
163 91
175 98
92 52
102 59
182 106
54 32
194 116
28 17
173 111
156 101
94 61
146 95
159 106
100 67
58 39
129 87
78 53
169 116
62 43
192 134
79 56
90 64
152 109
151 109
134 98
177 131
186 141
121 92
130 99
182 143
152 120
97 78
103 86
49 41
146 124
103 88
110 94
73 63
111 96
86 75
49 43
127 113
109 99
169 154
170 157
173 160
191 178
33 31
152 143
119 112
103 97
121 114
154 147
187 182
54 53
12403 12236
12374 12210
12398 12238
159 157
1562690 1562597
1562609 1562513
12388 12246
12380 12239
12383 12244
12349 12246
12403 12302
12406 12310
12306 12212
12352 12262
12378 12290
24608 24434
12333 12247
24607 24441
12377 12295
12302 12224
12322 12244
24605 24452
12285 12209
24570 24425
24594 24456
12389 12322
24597 24473
12395 12334
12378 12319
24564 24449
12329 12272
24595 24483
24610 24500
12334 12280
12293 12241
24611 24508
24566 24471
12268 12222
12271 12226
24582 24496
24504 24419
24534 24451
12404 12366
49018 48869
49002 48864
48972 48836
49017 48887
24520 24458
48952 48832
48957 48839
48990 48873
24536 24478
24499 24443
24542 24486
49024 48916
24522 24469
24470 24420
48963 48863
1562683 1562584
49019 48920
97853 97663
24504 24458
97856 97675
49022 48933
24507 24463
24532 24489
97830 97660
48919 48836
97855 97689
24491 24451
1562687 1562584
1562698 1562593
48918 48844
24490 24453
97851 97707
48989 48919
48990 48922
48999 48931
1562652 1562544
97796 97662
97846 97712
48965 48899
97843 97712
48940 48875
97801 97682
1562667 1562546
97801 97687
781428 781365
97767 97660
49019 48966
97771 97668
97792 97690
781439 781374
49004 48956
1562662 1562530
781322 781251
195507 195317
97781 97689
781337 781265
48949 48906
97806 97722
97822 97738
1562697 1562549
97772 97691
48872 48832
48959 48919
195492 195333
97734 97661
195505 195361
195487 195348
1562670 1562520
781436 781359
781426 781347
781346 781267
97834 97769
195443 195316
195487 195362
195458 195336
195439 195321
97774 97718
781370 781290
195483 195378
781349 781267
195491 195388
1562694 1562522
195459 195364
195421 195328
781354 781267
195475 195384
195500 195409
390816 390640
97804 97760
390813 390640
195508 195422
195437 195355
390800 390639
195448 195368
97842 97802
781410 781322
781400 781308
97798 97759
195456 195381
195461 195386
390774 390634
781375 781281
390796 390660
390716 390667
390682 390633
390741 390691
390813 390686
390752 390635
195452 195395
390743 390630
195500 195444
195469 195414
781356 781255
195434 195382
195368 195318
195406 195358
390703 390652
390731 390637
390772 390680
195395 195349
195414 195368
781443 781263
195433 195388
390821 390732
781389 781283
781427 781252
390732 390645
390726 390640
390741 390655
781401 781293
781450 781287
390786 390710
390710 390655
781413 781269
781410 781297
781442 781299
390704 390633
390788 390717
390792 390722
781403 781266
390750 390692
390720 390660
390753 390688
781381 781253
781403 781282
781438 781315
390704 390641
781410 781284
781377 781253
390730 390668
3125167 3125016
12272 12247
12308 12288
12371 12352
12375 12358
12343 12328
24582 24554
24472 24447
24555 24531
12290 12278
24559 24536
24582 24561
24467 24450
48946 48912
48878 48845
48946 48913
48911 48883
24502 24489
48875 48850
49010 48987
12292 12287
12316 12311
97694 97659
48855 48838
49022 49005
97702 97670
97691 97664
24606 24600
48844 48833
97715 97694
195449 195411
195395 195359
97773 97755
195494 195460
195392 195359
24452 24448
12256 12254
195349 195321
97742 97728
195497 195472
24508 24505
390810 390763
390824 390784
195485 195468
390712 390680
48958 48954
781334 781276
781417 781378
12374 12219
390664 390638
390678 390653
781362 781314
781411 781363
1562644 1562565
781435 781389
781377 781334
781417 781376
1562620 1562539
1562577 1562506
1562653 1562587
3125137 3125016
3125140 3125018
1562650 1562575
48994 48991
195390 195380
390673 390654
390735 390718
195397 195389
3125141 3125025
781309 781257
3125128 3125006
3125135 3125020
781441 781418
48901 48900
195428 195426
49010 49010
48934 48934
48916 48916
49 49
97778 97780
97842 97845
48997 49001
176 181
136 141
