99388338
200 17
247 22
102 10
225 25
248 40
40 8
287 67
282 74
242 65
276 85
60 22
247 106
288 133
205 96
191 90
236 115
187 94
285 145
291 169
152 96
68 44
64 42
286 201
217 4
157 114
189 141
292 222
276 216
268 210
153 134
46 41
108 98
215 198
196 181
44 42
273 264
289 282
282 274
129 127
196 141
16250298 16250225
243 296
13125300 13125193
35000300 35000017
35000298 35000061
215 223
161 169
71 77
178 194
93 104
197 225
200 244
30 41
167 231
200 282
201 293
115 169
173 257
188 280
139 231
146 244
110 190
116 212
82 150
158 300
115 221
41 85
62 146
117 277
63 153
102 250
61 156
14 36
80 217
83 262
55 221
17 81
42 207
18 91
14 104
9 85
14 197
2 46
11 268
