99965239
95 3
46 6
92 12
91 13
34 6
87 30
62 22
50 19
41 18
66 29
94 42
48 22
98 47
87 43
93 50
81 44
97 58
90 55
95 59
91 65
67 49
80 59
90 70
91 73
70 61
98 89
72 67
38 36
49 47
63 61
43 40
55 3
95 99
10390722 10390653
10781349 10781281
10195409 10195348
16250100 16250019
10390723 10390685
10781349 10781312
10195411 10195388
10781348 10781332
10195411 10195398
81 81
90 95
57 63
60 68
67 84
64 81
55 75
37 52
66 97
35 58
52 97
49 100
21 44
9 19
36 100
30 86
24 71
18 54
17 52
17 71
21 91
18 93
16 92
12 89
9 76
5 97
2 65
