9999251145
287 2
239 20
300 26
269 24
138 13
232 27
207 29
95 16
144 25
209 45
65 14
73 17
188 46
289 71
256 63
207 56
240 65
181 50
172 49
267 86
284 99
230 84
267 99
156 68
300 17
238 106
157 70
284 140
52 27
245 131
235 126
294 159
167 95
118 75
245 158
212 139
277 186
193 134
142 99
141 99
300 217
249 184
218 162
283 215
295 235
214 175
191 158
99 84
144 138
298 289
178 176
119531550 119531265
119531542 119531265
119531538 119531269
119531534 119531275
119531519 119531261
119531516 119531273
59 26
119531525 119531308
119531484 119531273
119531526 119531340
119531524 119531342
119531478 119531297
119531497 119531318
119531536 119531361
119531477 119531266
139062799 139062610
119531521 119531391
119531518 119531364
119531477 119531344
119531478 119531348
139062793 139062643
139062784 139062641
119531486 119531365
119531416 119531299
119531453 119531342
119531406 119531299
119531370 119531272
119531446 119531348
119531370 119531274
119531486 119531396
119531487 119531407
119531331 119531254
119531446 119531371
119531395 119531322
119531396 119531323
119531420 119531349
119531506 119531436
119531529 119531460
119531368 119531309
119531486 119531428
119531397 119531349
119531484 119531443
119531405 119531371
119531415 119531384
119531494 119531466
119531526 119531499
119531449 119531423
119531534 119531509
119531534 119531511
119531438 119531416
119531540 119531527
119531486 119531477
119531346 119531339
119531471 119531464
119531548 119531542
119531473 119531474
119531420 119531428
119531520 119531529
119531527 119531537
207 209
139062786 139062800
119531478 119531498
119531369 119531400
119531464 119531548
119531386 119531428
119531440 119531500
119531405 119531467
119531353 119531426
119531340 119531415
119531431 119531511
119531377 119531460
119531384 119531468
119531369 119531459
119531367 119531467
119531426 119531530
119531325 119531434
119531397 119531512
119531408 119531524
119531392 119531512
119531352 119531473
119531358 119531492
119531355 119531489
119531393 119531533
119531371 119531531
203 237
119531354 119531528
85 86
133 144
176 192
101 113
131 148
28 32
4 5
200 259
188 250
145 195
182 245
36 49
158 218
178 252
182 264
183 269
184 272
159 239
105 159
136 211
98 169
110 191
72 134
60 114
73 139
122 238
89 182
121 252
101 215
45 96
129 285
98 239
98 241
97 240
48 125
103 290
92 297
56 273
30 155
9 91
22 226
13 163
13 182
9 212
8 261
2 147
