5000111233
162 8
251 13
146 20
161 27
229 39
239 44
34 7
25 6
294 75
293 83
137 45
206 71
146 55
206 86
217 2
38 16
266 124
66 37
256 147
276 168
234 151
88 61
232 165
208 148
124 89
156 126
235 198
277 243
284 257
160 145
77 71
165 156
219 92
5000100300 5000100107
280 288
3 191
197 198
193 200
237 251
123 133
215 238
106 126
100 120
241 295
159 198
201 262
215 281
207 275
114 153
166 224
132 195
103 158
113 191
76 134
130 238
146 273
152 287
91 172
107 210
71 158
83 201
62 156
94 266
88 255
87 263
47 148
65 217
48 163
58 203
54 219
62 266
47 205
39 223
26 153
18 137
18 172
10 102
15 194
21 282
5 74
1 112
