9999237541
40 1
67 4
100 6
90 7
62 5
99 9
39 4
42 5
75 9
75 11
95 14
71 11
82 13
91 3
65 11
28 5
94 18
46 10
100 22
58 13
38 9
99 25
98 25
72 19
87 23
60 16
96 26
29 8
72 20
85 24
90 27
100 31
60 19
25 8
46 17
93 35
18 7
84 33
91 36
63 25
78 13
77 32
66 28
73 31
96 41
83 36
73 32
90 40
65 30
56 26
84 39
90 43
83 41
52 26
86 43
40 20
77 39
96 49
82 42
88 46
63 33
100 53
81 43
47 25
30 16
73 39
87 48
56 31
57 32
44 25
99 41
64 37
80 47
57 34
66 40
28 17
85 52
80 49
56 35
92 58
59 38
34 22
100 65
84 56
12 8
73 49
98 66
94 65
73 52
53 38
50 36
93 67
22 16
26 19
61 45
73 54
98 73
92 69
97 73
77 58
64 49
83 64
63 49
72 56
62 49
100 57
97 77
10 8
89 72
85 71
72 63
72 63
33 29
84 74
60 54
94 85
93 85
75 69
40 37
30 28
16 15
93 89
78 75
53 51
87 84
95 92
42 41
70 69
81 80
119531344 119531261
119531345 119531262
139062600 139062504
29 23
119531332 119531256
119531327 119531254
119531335 119531266
119531343 119531278
119531320 119531256
119531322 119531262
119531335 119531275
119531341 119531282
119531350 119531291
119531347 119531289
119531343 119531286
139062600 139062538
119531317 119531266
119531320 119531269
119531320 119531270
139062599 139062508
119531311 119531254
119531342 119531294
119531293 119531259
119531302 119531253
119531302 119531256
119531325 119531279
119531347 119531302
119531310 119531268
119531312 119531270
119531328 119531286
139062599 139062553
119531297 119531262
119531319 119531284
119531334 119531299
119531348 119531313
119531321 119531288
119531341 119531310
119531333 119531303
119531339 119531309
119531317 119531290
119531347 119531320
119531332 119531306
119531322 119531299
119531311 119531290
119531315 119531296
119531328 119531309
119531297 119531279
119531343 119531325
119531338 119531321
119531331 119531315
119531292 119531278
95 95
119531323 119531313
119531347 119531338
119531285 119531277
119531323 119531315
119531336 119531328
119531281 119531274
119531336 119531329
119531350 119531343
119531294 119531288
119531294 119531289
119531345 119531340
119531325 119531323
92 92
8 8
12 12
119531336 119531340
119531304 119531310
119531303 119531310
119531289 119531296
119531327 119531337
119531330 119531341
119531336 119531349
119531297 119531310
119531293 119531308
119531321 119531342
119531308 119531329
119531307 119531332
119531286 119531312
119531280 119531307
119531283 119531314
119531284 119531317
119531283 119531324
119531307 119531350
119531285 119531333
119531280 119531331
46 73
119531281 119531349
79 82
22 23
54 57
35 37
48 51
79 84
94 100
75 80
87 95
64 70
49 54
66 73
74 82
63 73
43 50
39 46
64 76
51 61
64 78
73 89
61 75
46 57
50 62
37 46
12 15
73 92
73 93
33 43
64 84
18 24
62 83
55 74
26 35
39 53
52 71
68 93
45 62
63 89
66 94
49 70
63 90
18 26
35 51
37 54
26 38
58 89
52 80
5 8
56 95
24 41
34 62
26 48
49 91
44 84
24 48
43 88
18 37
45 95
22 47
43 93
16 35
19 44
35 82
18 43
10 24
16 39
40 99
17 44
8 24
27 81
24 72
28 85
30 98
22 72
27 90
25 84
16 54
16 54
21 76
16 58
21 79
23 87
4 16
14 61
16 73
17 81
11 53
20 98
20 99
10 51
6 31
1 6
15 90
9 64
10 74
2 15
5 39
1 8
3 26
6 63
4 45
7 82
6 98
3 51
2 40
4 96
2 50
3 93
1 41
2 83
1 94
