60036474
293 106
295 98
295 7
263 8
207 7
191 8
287 81
277 75
197 16
228 56
255 55
271 25
284 27
194 20
283 51
275 33
239 31
87 2
143 7
163 8
119 10
173 15
156 17
57 10
21 4
213 54
197 50
222 64
107 31
177 53
170 51
195 59
80 25
204 64
208 80
125 49
272 107
118 47
240 97
262 106
64 26
188 77
268 117
219 96
197 89
249 113
131 60
282 130
191 90
282 135
270 132
90 45
210 107
194 99
159 82
269 139
110 59
295 159
103 56
204 112
154 86
237 134
222 129
202 118
282 166
212 125
173 103
99 59
248 148
250 150
227 137
264 160
172 106
120 75
94 60
284 182
155 100
62 40
84 55
232 158
292 199
110 76
266 184
134 94
136 97
156 112
86 2
240 176
263 193
216 163
298 225
165 126
273 209
300 233
154 120
188 148
295 235
233 186
82 66
252 205
219 181
230 191
285 241
248 211
272 232
97 83
215 189
266 234
136 121
249 226
142 129
230 209
56 51
116 106
292 268
276 255
199 188
109 103
275 260
226 215
169 162
268 259
297 285
224 222
33 24
60000300 60000103
278 279
224 224
135 228
168 173
200 209
270 283
62 66
256 273
271 289
45 48
14 15
236 260
151 172
218 251
145 167
182 210
226 265
221 260
231 274
246 293
155 188
45 55
124 152
75 93
87 108
73 93
202 262
132 173
211 277
108 147
208 284
29 40
132 189
204 293
184 265
81 118
114 168
202 299
70 104
79 119
186 282
115 175
51 79
160 250
76 119
54 85
184 290
166 268
178 292
160 263
178 297
89 152
72 123
84 144
163 281
29 50
126 221
127 227
34 61
153 292
70 151
76 174
62 148
59 146
105 261
94 237
113 295
61 162
78 210
65 179
76 222
81 237
91 280
57 179
75 237
86 280
80 263
30 103
29 101
14 49
77 274
51 187
45 167
43 161
59 223
31 118
67 274
64 264
58 242
62 265
43 198
39 180
43 206
17 114
31 218
33 240
37 273
27 225
11 95
26 236
29 278
23 224
21 205
7 70
8 84
18 222
19 298
6 101
12 228
8 180
8 269
5 221
4 186
1 87
1 186
