100031198
164 45
196 89
98861 98737
98929 98686
92 45
284 192
158 64
98863 98703
98901 98842
98910 98807
98921 98839
98945 98734
98915 98769
50099 49991
248 175
65 24
171 27
50098 49874
50064 49941
98900 98849
98824 98723
172 4
284 73
278 149
293 10
282 75
98953 98687
98814 98683
50087 49856
257 190
98831 98763
226 51
98851 98758
98774 98657
49944 49832
255 216
257 149
50001 49837
196558 196432
119 15
49964 49897
176 137
196599 196458
244 44
246 17
225 78
50065 49985
49898 49831
103 42
196581 196474
196599 196414
50101 49949
50110 49861
50088 49867
50107 49864
246 82
196500 196417
50121 50058
209 136
168 110
273 24
196607 196464
213 74
50096 49946
50079 49919
87 14
50062 49906
25557 25516
25714 25589
275 149
25676 25621
25570 25479
25577 25435
198 32
270 196
25574 25507
272 28
25709 25490
25695 25427
391898 391701
130 40
283 113
165 128
59 6
252 107
120 20
236 33
232 146
391858 391691
243 166
161 13
25541 25454
185 37
391848 391664
226 29
173 94
25675 25588
25556 25486
25644 25500
236 102
391887 391719
247 109
275 73
391918 391737
25606 25518
186 36
25706 25587
25539 25489
185 8
262 48
25648 25495
25626 25421
13440 13366
13425 13360
179 68
391868 391662
269 120
13485 13213
298 225
183 61
228 162
13506 13399
266 115
13427 13221
13372 13235
266 71
13453 13348
13316 13252
239 69
13390 13264
13487 13390
13371 13281
132 43
238 150
264 37
13298 13227
264 177
13263 13219
13400 13336
284 134
266 176
289 169
212 47
13418 13308
199 122
13270 13222
13291 13246
250 12
13396 13345
189 35
170 107
270 153
293 200
221 133
209 59
220 170
211 94
281 200
294 90
271 179
95 3
288 65
285 154
293 154
214 56
170 51
217 139
286 165
101 10
294 74
291 11
391924 391837
391850 391744
391846 391753
782548 782272
782485 782293
782480 782282
196425 196371
782459 782277
782544 782359
782537 782306
782491 782322
391875 391794
196382 196319
196551 196482
391819 391669
391906 391778
36 12
68 33
45 30
113 89
166 131
95 75
124 102
178 149
76 64
191 162
217 185
150 129
244 212
146 127
262 230
175 155
238 214
129 118
279 256
126 116
216 201
245 229
253 237
248 234
265 258
179 175
13426 13390
25552 25527
25550 25531
50111 50077
13270 13262
50074 50049
49962 49940
98891 98853
50035 50021
49961 49948
196423 196379
196441 196398
25536 25531
782526 782374
782468 782322
1563797 1563519
782473 782337
1563777 1563510
196377 196345
782498 782374
391860 391800
391812 391753
1563769 1563540
196343 196315
782539 782430
391797 391743
391892 391838
196586 196559
391694 391642
98683 98670
391890 391839
1563757 1563559
391685 391641
196532 196510
98837 98826
391817 391775
391764 391727
782437 782368
3126299 3126024
3126297 3126037
782432 782368
98719 98665
782365 782270
782437 782376
1563666 1563545
391910 391880
782345 782306
782535 782477
391855 391827
3126232 3126013
782481 782433
3126193 3126006
3126281 3126095
391674 391651
391862 391840
1563648 1563564
196484 196474
6251216 6251009
6251273 6251029
1563694 1563620
782302 782266
1563725 1563655
6251289 6251032
782365 782328
3126217 3126092
3126183 3126074
6251295 6251089
782536 782473
3126172 3126027
3126241 3126142
391650 391639
49840 49840
188 188
