1041162
154 3
220 11
126 36
247 5
68 16
226 21
258 4
193 29
212 61
214 45
147 20
201 38
197 49
127 11
289 99
167 47
158 7
76 24
20 5
196 39
186 43
176 56
186 24
91 10
209 51
75 16
296 79
93 24
245 86
117 35
93 21
277 53
66 12
276 31
253 80
162 12
238 71
252 69
167 26
234 64
198 62
38 10
253 51
178 48
269 87
175 17
150 52
168 5
278 63
129 31
102 15
131 18
228 34
131 9
280 89
144 6
254 10
290 102
284 97
58 8
232 65
267 69
210 4
212 51
152 3
122 18
205 12
300 4
207 19
256 26
168 35
293 35
265 35
220 54
162 6
173 36
164 12
267 21
98 15
202 21
124 10
228 79
165 6
47 14
258 30
106 5
282 53
87 2
224 70
288 96
260 10
248 27
178 14
278 198
264 234
179 146
190 93
10783 10503
10386 10142
10683 10518
265 172
236 172
249 89
129 77
148 101
172 146
10724 10591
232 133
127 75
139 100
11232 10984
295 106
297 138
260 232
295 122
204 79
279 221
182 116
237 116
205 77
85 34
193 152
113 70
175 122
10300 10144
259 205
180 115
10296 10154
203 153
200 174
11134 10985
219 129
14201 14035
263 171
297 179
262 239
147 94
213 106
226 122
269 189
11259 11091
150 111
10693 10498
290 267
14162 13939
223 184
253 208
275 197
190 89
14163 13938
270 96
193 133
10773 10573
10760 10611
55 30
97 40
267 208
211 83
11189 10986
107 69
10779 10595
115 55
265 172
206 129
226 142
210 102
193 134
248 124
281 180
147 114
295 113
10413 10259
282 174
10452 10319
233 105
14135 13964
225 85
10536 10359
10373 10247
300 227
279 244
289 162
14121 13940
186 85
275 108
10434 10248
98 74
10538 10375
14191 13988
11201 11069
279 157
11217 11066
232 181
260 126
83 61
159 112
122 52
218 112
11192 11035
11249 11045
266 199
280 244
272 184
198 81
228 158
140 87
14169 13913
11176 11006
254 112
282 255
14151 13907
45 25
270 201
272 220
172 83
277 202
10505 10357
166 105
258 194
131 76
12196 11971
10783 10566
158 126
245 149
279 139
12238 12053
175 139
12215 12031
10409 10264
151 90
260 218
204 84
143 119
10489 10353
149 112
96 60
12185 11961
282 182
183 111
10533 10386
242 88
233 146
249 153
176 106
188 142
239 211
264 207
11241 11028
273 194
10449 10305
272 105
289 194
289 207
278 177
232 127
285 106
235 136
280 198
128 96
118 75
14182 13942
12182 12037
12195 11955
186 145
18112 17876
294 190
168 102
10500 10354
194 133
12165 11961
177 125
262 158
244 90
10396 10229
231 119
179 117
298 236
215 147
255 204
259 170
151 79
75 34
12170 12006
268 236
10418 10167
10276 10149
265 173
10412 10125
10340 10178
139 79
286 263
18032 17825
10342 10170
241 205
65 43
10347 10175
12251 12058
236 121
168 66
12220 11988
18098 17862
12206 12036
10365 10179
286 151
199 122
73 47
38 16
14115 13907
155 121
195 165
14161 13913
14 6
20 15
77 58
78 60
84 66
71 56
55 46
73 62
135 116
108 93
146 128
125 110
177 157
90 80
104 93
85 77
148 136
186 171
206 192
280 261
15 14
131 123
205 193
88 83
190 180
193 184
218 208
246 237
249 240
290 280
164 159
193 188
92 90
227 223
10382 10259
10663 10539
10739 10616
10512 10392
10346 10228
89 88
10783 10662
11134 11011
14163 14008
12239 12106
10470 10357
10394 10282
12167 12036
10697 10585
14126 13979
162 35
10271 10153
14115 13969
10688 10582
10400 10298
109 109
