100027853
247 1
89 1
281 6
252 8
161 6
289 11
139 8
203 12
256 17
226 20
179 18
299 32
237 30
286 37
131 17
208 28
288 40
158 22
108 16
225 36
73 12
176 29
151 27
268 51
168 33
242 50
48 10
135 32
279 67
173 42
200 51
82 22
22 6
165 46
222 65
20 6
284 86
207 67
272 90
229 76
217 74
261 90
138 48
270 94
214 75
212 75
193 69
277 101
281 106
249 94
191 75
274 112
119 51
291 126
201 94
99 50
128 65
212 113
102 56
233 132
282 160
167 96
259 150
271 160
281 166
299 178
285 172
108 67
128 81
280 179
213 137
278 183
111 74
156 106
236 161
174 120
81 56
243 168
272 190
183 130
170 122
110 79
205 152
252 187
239 180
151 115
119 91
150 116
229 178
239 187
258 203
265 210
282 224
128 104
109 89
276 227
152 131
284 247
140 123
142 125
261 238
216 201
283 264
248 235
295568 295329
295596 295371
295547 295348
295597 295408
295533 295350
295503 295339
490921 490659
295587 295433
295501 295348
295570 295425
490871 490632
490866 490639
490877 490655
295524 295391
490909 490700
171 53
295501 295391
490890 490712
295513 295406
295553 295448
490886 490712
295444 295340
295607 295505
881549 881254
295530 295432
490914 490753
490871 490711
295477 295383
490918 490765
295442 295350
881536 881268
490866 490719
490836 490694
881525 881278
490887 490752
490875 490742
881500 881267
881520 881290
490771 490643
295448 295371
881534 881310
881509 881288
295417 295343
490900 490779
881539 881322
490903 490783
295421 295349
490774 490658
490790 490674
490852 490737
295408 295343
881513 881320
490857 490756
881492 881314
490796 490700
881440 881268
295422 295367
295474 295420
490825 490738
295439 295387
295526 295474
1662798 1662510
295473 295422
490817 490737
881424 881281
295489 295443
295366 295321
295463 295418
881473 881339
881543 881411
1662767 1662520
1662797 1662550
490919 490847
295472 295429
295506 295463
490798 490727
490855 490786
490855 490787
881449 881330
295426 295387
490838 490774
490761 490699
1662719 1662516
1662743 1662540
1662791 1662591
490893 490834
881408 881303
490712 490654
881375 881276
1662689 1662504
1662769 1662598
881476 881388
881508 881421
1662728 1662573
1662735 1662581
1662743 1662589
1662788 1662634
881478 881397
1662782 1662631
1662762 1662616
1662745 1662601
1662653 1662515
881467 881394
3225272 3225005
1662767 1662630
3225284 3225025
881430 881360
1662636 1662507
1662677 1662548
490924 490732
295343 295314
1662656 1662535
3225290 3225057
1662632 1662518
1662620 1662508
3225247 3225013
3225277 3225065
1662657 1662550
2 2
