1025532
252 11
204 35
140 20
237 133
281 156
348 152
261 194
222 3
204 110
350 121
230 52
271 193
326 167
141 34
288 146
370 122
240 147
76 3
191 136
294 149
260 46
238 160
273 120
50 26
217 108
274 139
109 48
87 64
240 117
383 222
233 143
127 2
292 213
295 190
321 182
268 149
189 45
136 91
354 269
209 59
284 214
45 1
236 9
445 202
391 281
211 50
154 21
268 64
234 175
421 233
249 77
198 150
114 65
195 37
299 71
272 5
203 44
218 48
168 17
278 102
100 44
255 166
386 262
516 335
277 173
175 85
283 100
268 105
499 373
174 87
300 11
215 18
177 11
126 69
278 5
122 24
262 95
380 286
262 32
517 250
89 30
577 377
288 213
287 49
295 108
184 105
641 482
491 366
274 7
203 88
633 378
102 11
234 108
144 26
229 120
290 54
155 102
216 32
536 360
125 73
184 1
848 607
270 54
273 126
174 28
216 150
169 56
93 59
135 101
156 53
194 146
291 145
199 39
245 146
133 29
250 137
277 87
140 16
189 49
119 14
84 55
231 62
230 77
200 133
237 118
171 116
144 68
189 144
296 219
428 382
285 225
409 379
425 359
590 552
604 488
563 479
355 296
365 304
316 241
4237 4009
2284 2147
204 161
293 231
305 266
368 314
264 216
2323 2123
2252 2132
2339 2084
2273 2058
382 329
296 256
328 264
407 377
419 378
243 194
617 558
250 212
278 240
235 204
251 201
1363 1161
131 100
841 712
1332 1078
300 238
220 195
1276 1121
420 350
453 361
31 21
76 55
45 34
66 53
93 75
130 111
71 62
125 111
212 192
223 204
210 193
286 264
245 227
164 152
279 259
281 262
268 251
207 194
269 253
136 130
182 174
233 223
795 761
4195 4033
261 251
2181 2100
2324 2243
4182 4039
4285 4164
143 139
824 804
783 765
4245 4151
144 141
247 242
747 733
8118 7975
57 56
4220 4146
289 284
2210 2173
2297 2259
16021 15771
4184 4124
16001 15792
1153 1138
8040 7936
8137 8034
8067 7970
15923 15736
180 178
106 105
8132 8060
231 229
1178 1169
4126 4095
31582 31401
31618 31466
31619 31468
2103 2093
15978 15904
15954 15888
15940 15879
15802 15744
31582 31469
31628 31520
15848 15795
62833 62627
1279 1275
15857 15814
31573 31501
62846 62730
734 733
125387 125226
167 123
62822 62607
31462 31422
125285 125127
62731 62660
128 128
1126 1128
