60029830
277 23
274 12
206 4
217 7
159 11
213 19
175 16
221 22
170 17
156 16
219 31
268 41
82 13
294 49
144 26
67 13
91 18
267 53
132 29
163 36
231 53
217 50
194 47
252 64
282 73
226 59
107 28
259 75
131 38
178 55
129 41
113 36
158 51
257 88
261 90
70 25
295 110
265 104
47 20
239 104
150 66
151 68
215 99
237 110
202 97
293 145
226 114
290 153
143 80
102 58
281 160
253 145
222 128
170 100
174 103
228 141
280 175
220 139
241 161
253 170
50 34
184 131
198 141
174 127
213 157
267 198
246 185
66 50
170 129
137 104
110 85
222 173
280 223
258 208
249 203
297 243
242 199
268 223
176 147
69 58
249 210
193 163
197 171
109 95
286 252
172 152
296 263
259 235
183 169
40 37
281 262
200 189
95 91
223 214
96 93
175 170
153 150
181 1
60000300 60000191
266 270
134 203
62 64
259 269
73 76
181 189
127 134
137 146
227 249
140 156
130 145
198 223
200 234
208 244
109 128
160 192
154 185
187 225
233 290
82 103
121 153
94 119
205 261
147 190
119 158
140 186
159 212
14 19
174 239
184 253
125 172
140 196
173 243
197 279
195 279
154 227
185 277
100 150
39 60
115 177
113 174
187 300
162 269
97 168
114 198
140 244
153 273
134 240
120 215
132 237
32 59
44 82
100 189
105 200
137 277
117 240
95 197
121 264
96 211
113 251
54 121
115 261
129 298
107 249
125 296
47 117
60 154
84 234
46 132
90 266
48 142
46 139
51 155
51 160
42 137
45 152
55 189
43 167
70 273
58 228
61 240
49 215
52 233
40 186
47 230
37 205
35 214
18 137
26 199
27 237
18 161
25 243
3 31
19 202
16 195
9 119
6 83
9 178
3 88
2 70
1 141
1 241
