627974
292 10
184 7
192 8
285 13
116 6
208 11
58 4
113 9
133 11
88 8
238 25
161 22
139 19
252 37
245 38
238 41
149 26
80 15
159 30
214 46
153 34
251 58
153 37
233 57
210 53
77 21
185 52
80 25
265 83
93 30
161 52
254 88
270 99
226 83
228 87
157 61
141 58
136 57
173 73
289 122
163 71
250 110
56 25
178 80
213 98
154 72
164 77
212 100
300 142
268 127
45 22
58 29
201 101
239 123
293 152
232 123
122 66
189 105
153 88
182 106
266 155
138 86
231 144
197 124
268 172
271 177
6 4
192 130
241 166
262 187
208 152
300 225
239 180
118 90
284 218
215 168
144 113
287 226
115 92
85 70
219 183
242 204
54 46
289 247
251 215
168 145
193 167
149 130
117 104
265 243
157 145
119 111
123 116
246 234
202 193
144 139
70 67
160 158
216 215
219 4
600299 600213
257 287
131 219
244 247
234 238
89 93
32 34
123 131
241 257
104 112
58 63
175 195
227 258
145 168
200 234
75 88
235 278
216 263
133 163
224 276
243 300
97 120
163 202
153 192
27 36
166 230
215 299
66 94
169 249
71 105
169 251
112 174
179 281
158 250
75 121
89 147
99 165
145 244
75 131
162 284
91 167
127 237
63 118
118 223
137 272
135 292
130 283
118 257
104 227
66 151
100 230
102 236
19 46
82 201
33 81
107 272
115 295
40 111
77 242
26 83
65 208
62 203
85 279
50 173
68 243
54 193
50 181
30 114
40 154
56 217
57 224
53 209
56 227
29 122
59 249
61 291
50 253
54 278
4 21
30 158
41 232
49 290
20 129
33 217
17 112
38 257
19 148
32 254
18 155
22 191
16 139
16 156
29 287
27 296
22 253
24 290
12 186
17 282
4 71
8 192
11 279
