1037873
8084 7845
8088 7859
166 10
160 31
4117 3933
130 71
239 205
282 258
299 41
297 181
127 12
262 128
129 86
162 140
184 21
248 129
249 80
150 73
254 72
280 26
281 167
260 48
81 5
256 33
219 129
136 71
276 11
57 10
4215 4022
4095 3954
120 76
251 150
4110 3975
247 156
162 98
244 47
33 14
148 116
234 57
224 159
174 36
166 64
259 58
221 17
88 58
140 64
4104 3982
4191 3934
224 97
4194 3976
4130 4017
168 65
179 35
142 17
4191 4031
208 99
84 18
81 52
105 35
292 78
199 125
4095 3953
299 165
166 144
4149 3998
202 152
231 145
203 26
226 89
230 196
159 117
283 8
257 96
250 37
135 97
170 90
144 69
77 22
131 37
259 76
293 108
255 8
128 21
161 104
4182 3950
291 170
259 55
128 4
50 21
218 78
209 17
243 4
269 56
177 19
182 90
223 3
154 6
176 90
4184 3919
223 203
408 312
396 213
372 278
413 199
351 206
424 181
395 296
238 143
426 266
317 147
340 240
380 333
415 249
345 320
339 147
287 162
369 204
392 135
313 194
310 186
328 189
435 265
431 258
527 464
357 269
434 269
502 256
464 323
416 381
484 322
423 327
419 395
540 256
337 299
549 272
499 373
429 366
538 271
481 283
518 461
356 330
404 381
409 364
400 322
456 329
715 565
666 624
685 608
765 604
794 570
593 532
726 571
760 697
672 548
704 593
596 561
737 512
727 572
545 504
675 655
616 558
758 667
560 521
671 602
790 590
773 550
4131 3956
717 549
777 603
778 626
1121 1000
1050 996
1283 1045
1154 1111
1132 1021
1260 996
1274 1194
1117 988
1272 1215
1194 1000
1236 1171
1076 1008
1270 999
1280 1019
1188 1048
1085 1029
1132 1002
1163 1100
1154 1042
1151 1023
2107 2028
2217 2015
2156 1971
2244 2045
2198 2097
2245 2106
2092 1983
2107 2000
2119 2002
2256 2111
2081 1991
2191 1998
2171 1967
2099 2028
2242 1973
2260 2153
2198 2114
2144 1992
2137 2057
2241 2032
2250 1975
2193 2049
2123 2068
2208 2132
2226 2078
2206 2054
2192 1965
2240 2160
2239 2097
4157 3967
4156 4036
31543 31285
7938 7857
15910 15667
15869 15654
31541 31295
3980 3921
8081 7980
15876 15706
15902 15691
15794 15676
8081 7988
15891 15723
15916 15724
31478 31261
8082 7933
8041 7859
4204 4098
2211 2167
8082 7925
8101 7909
8057 7874
2222 2181
2089 2043
2047 2001
2074 2024
8060 7908
4142 4060
7993 7833
8011 7850
1040 1016
1116 1088
8016 7844
8067 7929
15878 15716
31491 31286
7979 7894
15929 15765
15927 15799
15836 15653
15895 15647
7985 7853
8100 7971
2198 2162
15905 15636
15922 15668
7955 7823
2263 2227
15836 15715
15928 15722
12 3
27 19
32 23
46 34
57 46
98 85
35 31
95 86
169 153
95 88
213 201
250 240
249 240
541 525
389 379
234 228
566 554
605 594
614 603
242 238
2177 2145
1092 1077
4215 4166
4188 4140
4033 3990
1221 1208
3961 3919
3991 3950
2243 2221
233 231
7969 7910
7989 7930
4168 4140
4028 4001
15835 15730
31523 31321
15797 15697
4206 4180
31487 31312
31443 31269
15859 15773
31560 31391
222 154
15772 15684
15821 15738
4061 4045
377 376
