982999
51 3
243 18
192 28
202 44
211 53
189 50
259 80
260 82
171 55
147 60
224 95
209 135
40 26
225 150
298 203
90 78
77 76
31503 31351
31481 31359
31643 31525
62893 62686
31559 31460
31557 31466
31552 31463
31512 31431
218 12
31497 31434
233 256
31636 31630
31467 31408
31604 31547
31606 31552
31512 31461
31453 31435
31462 31444
31629 31615
62893 62882
62887 62877
31631 31626
31483 31482
31513 31524
31578 31601
31540 31584
31578 31644
31553 31634
31457 31544
31538 31634
267 291
245 297
207 252
209 255
114 143
96 125
166 239
92 134
173 281
71 119
68 139
65 141
91 262
63 193
83 287
55 209
36 143
50 225
61 277
19 175
12 123
