100020401
400902 400640
247 60
244 5
139 5
186 10
400904 400641
209 12
400917 400628
266 17
208 16
292 24
193 17
205526 205357
296 30
187 20
266 31
213 25
242 36
245 47
273 59
263 58
205590 205412
256 64
194 55
205566 205365
241 72
193 59
275 86
271 86
204 67
179 63
285 104
166 61
184 69
205610 205394
271 109
281 150
298 122
211 87
270 112
254 130
234 99
791515 791346
791483 791256
791545 791327
791523 791301
1572757 1572593
3135229 3135015
1572789 1572631
1572771 1572593
205492 205358
205499 205376
205601 205487
205431 205319
1572727 1572538
400866 400658
400835 400650
1572751 1572535
1572763 1572540
400916 400733
1572772 1572514
791538 791405
791532 791388
791536 791260
400842 400704
400829 400700
791420 791260
36 2
83 5
109 10
113 26
133 38
114 45
98 40
172 72
171 74
178 79
134 61
90 41
140 67
167 88
166 89
203 111
175 100
161 96
214 128
217 138
181 117
155 103
72 48
258 178
273 193
230 163
295 211
154 112
230 169
272 201
161 120
64 48
253 190
183 141
167 129
68 53
148 117
272 217
72 58
250 203
227 188
292 249
126 108
103 89
277 241
264 230
229 203
291 263
203 185
205429 205321
205584 205490
205585 205491
205596 205506
205612 205526
205611 205526
205578 205512
205542 205479
400759 400645
400743 400635
205561 205506
400831 400727
400874 400780
400767 400680
400869 400782
205489 205446
205401 205361
400865 400800
205441 205410
205428 205398
205511 205481
791455 791341
400738 400682
791462 791356
205349 205323
205440 205415
400911 400864
791495 791405
791468 791380
1572727 1572584
1572706 1572574
205573 205556
791379 791317
1572663 1572550
1572649 1572543
1572607 1572504
1572760 1572659
1572638 1572546
400876 400853
791296 791262
1572597 1572511
1572657 1572569
1572737 1572652
3135197 3135029
1572732 1572663
204 2
3135244 3135105
791325 791289
1572624 1572562
1572652 1572591
6260285 6260069
3135225 3135103
3135238 3135112
205337 205326
205461 205451
400743 400729
3135235 3135129
791389 791344
6260281 6260024
3135169 3135004
3135187 3135082
3135262 3135163
1572583 1572534
205431 205425
205474 205472
7 9
