1013431
142 8
273 233
284 67
56 2
177 30
98 62
233 18
155 45
269 13
276 184
217 95
126 91
182 4
247 206
239 111
253 62
224 90
71 20
242 38
165 107
152 7
259 119
112 62
253 31
127 90
251 81
131 81
242 118
269 238
106 23
110 83
244 133
275 165
11239 11008
11206 11047
10706 10571
10522 10334
11180 11027
14109 13936
10488 10384
10521 10425
14095 13911
14145 14013
10391 10249
10341 10143
14161 13913
10462 10337
10400 10310
10392 10176
10662 10518
10775 10543
10534 10359
10409 10278
10351 10204
10523 10248
18103 17909
12204 12014
11245 11108
17988 17858
10517 10315
11202 11075
11263 11108
10682 10582
12228 11997
25867 25635
10312 10213
18021 17888
18026 17885
12160 12004
18026 17845
12152 12019
10687 10502
10780 10515
10360 10251
12201 12009
18108 17821
275 249
274 257
219 207
104 99
10345 10263
10367 10286
10361 10282
12181 12094
10365 10291
12238 12156
10534 10467
11187 11122
12018 11954
11178 11119
14115 14041
18068 17977
11258 11202
11253 11201
10315 10272
41535 41364
12217 12168
10345 10305
14135 14083
18110 18048
17902 17842
72737 72501
298 67
41471 41331
25833 25663
18022 17967
17967 17913
