1021872
218 61
105 1
286 5
242 6
227 6
132 5
182 7
94 4
176 8
283 13
21 1
260 17
135 9
262 20
227 18
125 11
170 15
286 27
100 10
260 27
143 16
245 28
17 2
288 35
172 21
245 31
195 26
176 24
277 38
286 41
250 36
142 23
293 52
242 43
226 41
159 29
285 53
255 48
286 55
220 46
285 63
298 67
197 45
104 24
75 18
245 59
282 68
271 66
209 52
62 16
265 69
147 41
297 83
248 70
70 20
187 55
108 32
283 88
57 18
236 76
192 65
161 56
169 59
268 94
283 100
242 86
110 40
192 71
293 110
215 83
244 96
150 60
279 115
105 44
293 125
237 103
255 111
155 68
182 80
266 119
218 98
250 113
277 126
112 53
221 105
288 140
137 67
114 57
284 143
299 152
218 111
271 139
231 122
219 116
143 76
136 74
119 65
91 50
215 120
293 164
164 94
203 117
161 93
103 60
152 89
170 100
268 161
203 122
71 43
259 157
174 107
250 154
79 49
273 172
171 108
144 91
210 135
237 153
117 76
266 173
59 39
165 113
220 152
192 133
243 170
193 137
31515 31261
156 111
250 178
224 160
272 198
116 85
197 148
282 215
292 225
227 177
111 87
104 83
138 112
287 233
133 108
153 126
251 207
270 223
202 168
101 84
233 195
135 113
246 206
164 138
230 197
64 55
138 120
89 78
188 165
84 74
129 114
168 149
248 220
159 142
131 118
103 93
146 133
251 230
140 129
258 239
248 230
278 259
251 235
238 223
293 276
260 249
163 159
152 149
218 2
221 217
189 186
236 233
229 227
31507 31274
31538 31307
31484 31258
31529 31303
31520 31300
31538 31319
31504 31290
31544 31347
171 170
31548 31365
31426 31252
31432 31258
31427 31256
31505 31337
31440 31276
31500 31344
31431 31276
31425 31274
31546 31395
31427 31277
31451 31304
31433 31287
31451 31306
31468 31332
220 216
31401 31253
31505 31370
31471 31344
31475 31348
295 294
31487 31364
31505 31386
31530 31414
289 289
182 182
217 218
224 226
235 239
256 261
247 252
203 208
243 249
274 281
149 154
178 184
225 236
277 294
269 286
275 298
272 295
116 126
190 210
152 169
155 176
221 251
148 170
200 232
235 273
94 110
181 212
82 97
204 242
232 276
42 51
229 279
171 209
66 81
96 118
235 289
211 260
164 204
120 152
159 202
203 259
190 244
155 201
110 143
176 229
105 137
169 221
122 161
118 156
127 169
201 268
107 144
133 181
211 288
39 56
