1041923
519 253
452 230
167 17
215 102
158 38
133 72
273 69
155 69
266 149
75 35
93 30
285 38
292 118
154 9
249 26
293 166
206 34
240 129
288 89
295 108
211 70
111 4
177 95
91 27
178 45
39 19
87 14
297 35
504 261
147 86
281 63
209 74
249 11
216 71
196 5
132 16
213 40
162 60
226 128
225 59
259 49
152 36
73 7
106 59
289 160
293 156
281 98
234 21
242 132
168 80
290 92
177 48
248 133
222 54
279 51
294 112
300 143
287 152
233 107
244 81
165 4
276 9
204 86
155 47
123 47
274 78
290 86
239 58
261 60
203 70
178 20
201 89
122 58
171 4
145 57
298 44
145 62
204 55
206 35
288 133
141 18
219 38
45 19
186 43
208 61
160 45
183 74
228 93
269 136
282 130
297 4
275 107
196 106
281 49
170 66
146 74
279 11
274 35
120 43
286 112
299 91
272 49
238 11
263 127
98 33
221 4
267 9
300 42
276 99
158 53
248 73
181 9
203 68
292 50
36 14
258 138
129 5
168 42
298 74
290 154
257 141
231 74
183 36
204 76
292 129
214 64
268 151
283 73
143 43
138 80
226 21
184 64
272 124
267 133
204 111
157 73
89 32
174 86
189 54
64 32
196 83
142 52
240 9
213 103
221 6
288 56
31547 31386
31545 31407
276 209
276 214
456 279
282 214
291 238
431 269
447 284
504 371
450 361
486 338
208 133
377 278
213 145
496 329
295 240
486 289
226 136
494 319
300 200
355 238
285 198
274 229
133 86
614 475
85 69
465 387
639 416
193 142
96 63
250 153
628 432
480 362
566 430
606 399
163 134
620 416
155 97
248 176
628 517
273 213
567 459
519 412
188 118
219 169
185 132
167 100
173 119
192 128
791 628
821 661
80 58
817 616
257 179
886 638
865 610
81 56
298 212
235 169
1347 1125
215 161
262 155
1328 1088
139 93
206 142
262 219
229 157
201 138
121 96
132 103
170 114
112 75
129 100
87 54
198 147
219 146
274 180
297 207
273 220
73 52
287 205
240 199
44 27
8093 8007
2351 2127
2300 2061
639 595
131 111
506 484
456 405
300 256
183 155
410 376
640 597
757 642
496 458
327 311
2329 2142
812 714
208 180
881 738
667 592
217 187
244 224
162 150
283 244
818 737
2289 2130
279 265
220 185
791 665
230 212
770 686
238 209
737 690
408 364
259 242
535 496
780 704
539 498
201 171
264 222
701 635
1231 1078
1228 1174
241 207
244 213
1343 1144
289 265
1347 1178
4304 4105
1178 1110
1288 1142
129 116
263 220
1298 1221
164 152
1350 1210
288 270
1364 1158
182 153
556 467
1185 1119
289 248
1352 1288
1187 1135
245 219
1318 1263
1310 1254
2312 2108
491 467
2241 2114
89 76
245 214
2240 2105
2252 2163
161 146
2270 2082
2278 2158
2307 2112
8100 7998
8188 8127
16007 15841
8125 8053
31607 31424
15868 15776
8197 8139
15946 15837
15977 15828
31594 31409
15952 15738
1308 1283
2221 2163
1363 1313
4267 4160
4248 4134
747 725
16024 15776
15996 15778
4159 4072
8128 7932
2217 2186
8091 7946
8168 8059
2148 2103
8169 7960
2313 2257
1294 1256
4283 4195
8071 7938
2142 2076
8129 7942
16003 15790
4244 4190
2204 2119
4245 4161
4291 4161
1212 1174
15936 15805
8100 8043
15893 15806
8035 7953
31518 31366
31560 31392
21 10
7 4
32 21
52 46
67 60
66 60
89 81
132 121
35 33
95 90
93 89
163 156
246 236
89 86
411 399
250 243
155 151
551 537
876 856
1186 1166
240 237
2312 2287
2141 2119
209 207
754 749
4070 4047
4143 4122
7973 7934
4123 4106
31574 31452
16006 15945
31630 31512
4290 4274
7965 7936
2327 2319
31601 31500
62827 62629
62844 62650
49 21
31516 31411
15865 15741
62880 62716
15809 15772
2344 2339
332 332
