96919020
148 3
85 7
122 11
142 14
198 25
167 22
144 19
125 22
94 26
155 46
150 45
178 58
167 57
171 63
110 42
127 51
132 56
168 72
143 62
130 60
180 5
94 45
162 85
129 70
172 114
129 90
7 5
195 141
26 20
45 35
41 32
97 76
175 147
197 172
44 39
174 158
36 34
92 88
98 95
165 163
167 165
3126195 3126006
3126183 3126001
3126199 3126038
3126169 3126014
3126175 3126026
3126174 3126026
3126158 3126011
3126189 3126049
118 56
3126163 3126043
3126163 3126051
3126156 3126045
3126182 3126076
3126177 3126072
3126185 3126114
3126168 3126074
3126160 3126075
3126154 3126079
3126175 3126100
3126155 3126081
3126175 3126102
3126174 3126119
51 51
3126160 3126122
3126196 3126160
3126177 3126149
3126157 3126148
3126163 3126159
3126190 3126191
3126155 3126158
3126163 3126170
3126156 3126176
3126169 3126190
170 181
54 59
90 99
157 189
31 38
94 125
82 116
75 107
68 104
105 164
108 173
114 183
106 200
69 131
66 127
100 199
71 145
82 174
91 199
15 34
60 138
70 169
38 97
27 73
43 125
37 135
51 198
35 144
32 170
22 126
13 106
22 187
10 95
14 184
13 197
11 200
9 175
