1006688
91 6
95 9
58 2
67 3
34 2
84 5
97 46
54 4
63 5
58 5
75 7
30 3
75 8
68 8
59 7
56 7
64 8
30 4
90 12
59 8
73 10
28 4
21 3
48 7
90 14
30 5
99 17
82 15
97 18
52 10
93 18
56 11
76 15
64 13
34 7
99 22
95 22
17 4
34 8
76 18
21 5
88 22
20 5
55 14
98 25
78 20
37 10
96 27
47 14
59 18
72 24
63 21
57 19
69 23
44 15
99 34
77 27
65 24
98 37
84 32
73 28
39 15
67 26
72 28
51 20
94 37
45 18
75 30
69 28
79 33
49 21
56 24
94 41
38 17
95 43
90 42
75 36
77 37
93 45
47 23
59 29
69 34
46 23
48 24
91 46
57 29
69 36
72 38
51 27
83 44
97 52
50 27
90 49
44 24
86 47
85 47
51 29
42 24
98 56
89 51
55 32
60 35
27 16
96 57
74 44
10 6
61 37
28 17
64 39
55 34
48 30
81 51
100 63
73 46
96 61
100 64
75 48
89 59
95 63
6 4
79 53
52 35
40 27
93 63
75 51
94 64
89 61
70 48
23 16
60 42
69 49
91 65
63 45
60 43
46 33
25 18
68 49
80 58
51 37
70 51
75 55
71 53
96 72
77 58
33 25
33 25
96 74
87 68
38 30
76 60
63 50
63 50
15 12
72 59
67 55
55 46
56 47
90 76
54 46
62 53
98 84
95 82
95 82
85 74
74 65
94 83
80 71
81 72
81 72
90 81
86 78
76 69
99 90
96 88
61 56
98 90
50 46
56 52
63 59
56 53
19 18
20 19
91 87
32 31
33 32
68 66
36 35
89 87
96 95
100586 100495
102045 101954
102053 101963
100578 100490
104002 103912
85 6
102046 101961
103999 103919
162600 162510
115704 115632
56 56
66 66
71 71
97 97
79 79
