5001076499
246 3
135 3
174 4
150 6
194 8
251 13
88 5
211 12
256 15
155 12
191 18
144 14
249 25
260 28
269 30
208 24
251 30
164 20
271 34
153 20
216 29
296 41
268 39
205 30
145 22
266 42
135 22
73 12
293 49
298 55
112 21
198 38
269 52
296 60
219 45
201 42
180 39
104 23
257 57
296 66
282 64
275 63
289 67
266 62
171 41
291 70
286 69
131 32
300 74
160 42
197 53
244 67
167 47
168 48
178 51
215 62
134 41
259 83
293 94
227 73
271 88
254 85
271 91
275 93
234 82
279 98
294 104
214 76
208 75
224 83
239 90
191 72
291 110
280 106
99 38
224 86
294 114
195 76
272 107
155 61
204 81
292 116
249 100
263 106
224 91
296 121
285 119
239 101
146 62
265 114
234 101
179 78
107 48
291 135
180 86
186 90
221 107
292 143
259 129
205 104
298 152
254 130
178 93
160 84
278 146
180 95
223 119
269 152
274 156
149 85
288 165
258 148
176 101
198 114
156 90
257 150
161 94
171 100
118 70
42 25
299 178
195 119
280 171
300 206
279 186
297 190
281 178
212 130
176 109
197 124
171 110
74 49
238 158
163 109
217 148
213 148
251 177
299 211
230 164
86 62
190 137
287 208
232 169
165 121
167 123
133 98
288 213
246 182
223 165
151 112
295 219
110 82
268 200
85 64
106 81
264 203
102 79
264 205
224 175
160 126
273 215
233 184
244 195
191 153
214 172
258 208
296 239
162 131
204 165
262 213
200 165
117 97
245 204
286 240
175 147
251 211
164 138
177 149
275 232
182 154
184 158
284 244
173 149
232 200
160 138
245 212
224 194
198 173
243 213
78 69
228 202
221 196
243 216
118 105
166 148
297 265
142 127
171 153
210 188
240 215
95 2
237 213
211 191
169 155
158 145
280 257
75 69
179 165
168 155
207 191
123 116
180 170
235 222
290 276
114 109
143 138
90 87
219 213
129 126
198 194
157 154
267 262
283 278
127 125
64 63
206 203
294 290
257 254
219 217
262 260
222 221
205 184
5001000300 5001000074
293 300
71 71
193 193
86 108
270 271
242 244
177 179
268 272
252 256
256 261
194 198
78 80
266 274
234 242
221 229
283 294
77 80
264 275
284 296
276 288
265 278
203 214
169 179
176 187
91 97
121 129
235 251
195 210
206 223
193 209
107 116
190 208
146 160
221 245
190 211
261 291
129 144
260 291
165 185
122 137
191 215
172 194
168 193
134 154
223 257
242 279
200 233
124 145
240 281
205 247
218 266
148 182
232 287
135 168
75 94
51 95
62 78
138 177
205 263
80 103
195 253
215 279
200 260
99 129
192 251
152 199
188 247
120 158
147 194
152 201
185 248
113 152
160 217
190 259
104 142
120 164
170 233
89 122
53 73
142 196
129 179
163 227
78 109
156 219
163 230
209 297
149 214
142 205
177 256
103 150
176 260
127 192
182 278
127 194
30 46
160 248
179 280
147 230
79 125
129 205
88 141
162 260
33 53
139 225
129 211
120 198
116 193
152 253
83 141
87 148
160 280
142 249
61 107
135 240
161 287
148 265
164 296
163 295
133 247
16 55
121 226
123 232
98 186
12 23
63 121
127 252
72 144
110 221
100 203
105 214
140 291
143 298
117 244
116 242
131 276
123 266
43 93
116 254
132 290
49 108
48 107
55 124
107 242
107 243
110 252
126 289
63 145
80 186
100 233
125 293
84 199
86 204
45 108
84 202
35 86
69 170
102 253
79 197
73 183
118 298
96 256
91 246
88 240
82 228
81 226
99 278
89 255
97 278
85 246
41 121
79 241
96 294
94 289
30 95
28 90
66 214
86 283
75 249
74 246
74 246
77 256
88 295
72 242
69 232
80 287
71 266
60 226
32 122
72 279
38 152
39 159
58 244
67 283
58 245
59 251
70 298
52 224
41 177
38 174
59 276
54 255
53 252
52 249
41 197
45 225
38 194
54 285
38 208
18 101
44 263
18 110
32 203
32 211
30 200
42 290
22 153
35 247
15 106
34 246
37 272
33 258
32 251
17 141
35 292
33 287
31 293
29 284
9 90
2 20
13 248
9 178
4 82
7 146
5 107
5 117
9 250
9 271
6 195
9 297
3 113
6 236
4 172
5 239
3 191
3 206
2 175
1 224
1 269
