9975041495
160 7
45 2
209 10
249 14
216 13
210 13
289 19
244 17
215 15
291 21
268 22
32 3
190 19
37 4
188 22
147 19
154 20
72 10
262 37
264 9
255 11
294 46
225 36
267 48
109 20
256 47
297 57
193 39
162 35
100 22
272 60
174 39
244 56
182 43
247 63
261 69
290 77
190 53
95 28
267 80
300 91
135 43
197 63
222 72
175 57
95 31
260 85
180 61
117 41
231 81
278 99
77 28
258 95
105 39
225 84
292 111
146 56
155 61
296 120
297 123
77 32
249 104
244 104
208 89
244 105
150 65
257 117
155 72
109 51
175 82
241 115
245 122
197 101
214 110
199 103
90 47
210 111
179 96
216 120
161 23
190 109
172 100
253 149
95 56
173 103
287 172
272 165
234 148
97 62
240 156
189 125
147 98
286 191
182 127
150 107
35 25
113 81
272 195
85 61
283 205
202 147
143 105
299 220
282 208
107 81
216 167
214 168
261 208
144 116
297 240
296 166
194 159
56 46
172 146
146 124
147 125
195 171
183 161
241 215
184 165
230 207
277 263
140 131
100 96
226 220
185 181
105 85
412500300 412500172
295 297
725000298 725000106
725000299 725000114
412500300 412500221
2600000299 2600000008
5100000298 5100000255
3 3
153 153
59 59
249 249
159 180
217 219
285 289
189 193
218 230
236 249
163 172
52 56
95 103
90 98
266 294
268 297
247 274
79 88
243 271
214 239
214 239
266 299
127 143
78 184
181 205
163 186
189 216
125 143
66 76
72 83
120 139
202 239
242 290
80 97
37 45
88 108
212 263
123 155
145 184
188 240
201 257
77 102
176 235
135 182
94 127
119 162
212 293
175 243
37 52
74 106
103 149
174 253
139 204
71 105
73 108
164 243
197 294
174 262
100 151
143 219
121 189
157 253
139 226
109 179
45 74
72 124
108 190
60 106
109 195
86 157
83 152
125 230
51 95
86 161
63 119
95 180
103 207
109 223
94 193
33 68
122 257
139 297
117 251
122 265
110 242
42 93
65 145
27 181
94 222
56 133
113 269
94 225
102 246
76 198
55 156
41 117
80 234
88 265
94 289
11 34
95 296
76 246
9 30
50 167
41 139
72 252
33 118
60 218
73 271
61 231
60 228
68 261
72 280
62 244
16 63
74 299
60 255
59 252
61 261
44 195
64 288
28 126
24 108
43 194
64 293
50 236
45 215
10 49
33 165
20 104
36 194
38 222
17 110
20 145
23 189
18 157
20 183
12 125
17 233
19 266
21 294
19 276
9 135
18 283
18 289
16 263
11 191
11 239
3 66
12 268
2 185
2 273
