1046881
152 51
156 23
222 27
95 33
161 54
282 98
298 100
62 12
250 43
259 24
256 66
130 45
210 74
260 78
65 20
244 29
361 127
156 22
167 52
290 60
409 150
169 25
228 8
294 76
203 41
221 67
255 81
240 25
352 77
205 36
278 91
210 24
197 43
187 45
284 5
273 67
329 76
195 68
282 32
108 25
305 54
254 17
91 1
246 91
107 36
131 1
300 110
303 52
138 42
281 57
243 56
231 80
210 28
271 72
292 89
149 1
285 84
314 19
315 94
292 82
151 11
161 45
187 24
238 81
302 98
181 18
266 89
292 89
23 2
151 15
287 26
232 62
146 39
56 20
258 69
281 65
268 83
148 74
4146 4068
8109 7882
298 139
176 103
277 170
93 54
386 342
361 293
470 291
186 120
509 312
384 281
276 127
501 307
236 138
467 355
513 486
201 120
274 224
345 283
447 355
333 285
484 436
493 431
399 293
426 326
223 127
4102 4051
219 130
346 304
448 257
770 501
482 400
301 159
519 263
622 581
782 568
508 402
674 507
300 130
110 80
473 365
107 76
4162 4068
240 204
246 102
717 518
535 523
242 182
151 100
186 70
294 196
234 139
81 31
522 375
295 257
183 101
669 561
704 668
527 494
580 523
279 163
545 493
4104 4056
299 285
206 141
751 722
196 83
57 25
486 408
544 531
762 557
520 492
273 182
750 719
137 101
770 620
282 270
726 588
140 64
246 130
30 13
536 508
652 553
4189 3940
527 512
167 144
731 585
224 182
103 91
265 109
576 509
163 84
725 619
682 618
358 318
1195 1076
270 243
411 237
1271 1073
1275 1104
397 293
1248 1121
400 303
258 137
1123 985
243 92
1251 1045
273 212
238 195
1054 994
341 327
1142 1077
297 273
1191 1008
4015 3926
1118 1045
1074 1034
215 160
135 76
1274 1177
156 112
204 185
206 78
1256 1234
230 191
1236 984
413 199
1135 1008
1160 1117
362 187
66 41
1124 1029
1017 990
280 173
277 173
1065 979
1095 1038
410 174
102 66
285 271
1047 979
301 155
226 212
315 139
272 242
97 49
244 203
1169 1114
108 65
187 109
1179 1058
229 164
240 118
1152 1021
85 50
1066 997
258 150
1225 1097
1211 981
1203 1185
266 219
244 149
1226 1192
1053 984
272 201
1240 1168
100 84
399 277
2008 1976
357 184
252 204
399 233
304 210
43 18
2196 2066
241 201
275 238
1993 1972
154 74
58 25
4203 4110
239 175
418 383
256 154
250 191
301 243
227 163
2034 1955
206 98
153 125
415 301
373 205
2213 2097
2169 2109
2160 2019
31533 31255
257 196
2076 1993
231 214
2222 2158
2212 2112
266 103
79 66
2139 2077
244 206
2236 2182
2102 2064
2194 2158
2222 2183
2247 2010
80 70
243 177
2130 1997
268 155
177 131
251 118
197 82
26 13
15861 15634
2038 1990
340 150
2133 2112
184 113
2244 2130
115 69
15920 15657
15923 15671
2220 2020
220 138
289 185
252 107
236 162
2238 2204
232 157
112 79
183 105
2079 2032
228 206
291 279
2037 1964
15920 15760
348 310
183 153
258 154
15837 15634
4202 3957
261 248
155 137
193 107
15883 15661
15872 15704
2220 2095
249 181
15914 15785
324 242
326 121
2222 2034
192 170
2112 2026
117 87
175 145
4179 3910
347 330
8064 7980
4163 3939
288 190
140 107
4176 4012
256 232
196 105
297 213
7987 7818
4187 3981
101 50
8043 7898
4041 3926
361 289
4169 4068
4122 3926
4196 4026
4056 3985
4039 3955
4087 3996
8073 7972
8058 7818
4088 4029
293 170
4127 4027
8112 7931
183 141
148 131
8036 7895
7942 7868
128 66
207 151
315 258
8023 7889
8003 7877
274 201
7908 7833
7941 7863
8032 7968
331 316
8069 7987
8111 7941
283 150
249 167
211 88
259 183
4052 3963
327 174
281 248
7948 7858
166 94
4168 3964
4150 3921
203 83
152 112
4101 3931
239 118
4084 3949
17 11
19 16
26 24
160 151
76 72
236 226
141 136
115 111
126 122
228 221
236 229
149 145
241 235
629 617
292 287
243 239
297 293
8072 8011
2013 1998
31526 31293
31484 31258
15909 15795
31530 31307
4142 4113
15878 15767
8006 7951
4192 4164
7921 7869
7878 7828
31495 31298
31542 31347
7870 7822
8071 8022
31540 31353
31549 31370
31525 31347
31535 31358
8103 8058
31443 31270
275 58
15752 15635
31497 31325
3924 3907
213 216
