6000011749
93 32
86 25
68 2
67 2
73 3
62 3
83 23
94 25
65 4
100 15
64 5
86 12
100 13
42 1
38 2
33 2
45 3
62 5
54 5
65 9
63 13
56 12
32 7
71 18
59 15
74 20
37 10
41 12
50 17
64 23
44 16
90 33
71 2
43 18
85 36
75 32
32 14
64 30
17 8
65 31
44 21
93 45
85 42
94 47
79 40
95 51
75 41
91 50
60 33
96 53
34 19
94 53
14 8
86 50
24 14
91 55
95 58
26 16
80 50
75 47
81 51
38 24
68 44
89 60
86 58
77 52
98 68
59 41
92 65
89 63
24 17
55 39
76 54
87 62
90 66
85 63
64 48
92 71
84 65
81 63
56 44
90 71
79 63
55 44
70 56
82 66
57 46
81 66
66 55
77 65
87 76
50 44
56 50
79 71
83 75
98 89
23 21
81 74
80 74
98 90
61 57
79 74
97 91
68 64
88 83
38 36
28 27
75 73
57 56
83 34
6000000100 6000000015
94 96
41 88
65 66
84 86
29 30
94 98
73 77
34 36
64 68
71 76
39 42
90 97
49 53
23 25
69 75
57 63
64 71
53 59
72 81
87 98
40 46
39 45
12 14
81 95
44 52
72 86
55 66
48 58
80 97
42 52
24 30
23 29
19 24
42 54
43 56
27 36
14 19
42 58
26 36
46 64
29 41
12 17
61 87
66 96
13 19
62 91
61 90
57 86
51 78
9 14
64 100
48 77
41 66
45 74
29 48
55 93
57 99
43 75
24 45
16 30
37 70
10 19
13 25
21 41
42 83
32 64
38 82
27 60
45 100
38 85
4 9
31 70
22 50
22 50
17 40
25 60
36 91
33 84
16 41
36 93
11 29
11 31
27 78
5 15
27 81
11 33
32 98
23 71
20 62
28 89
4 13
12 41
28 99
25 92
23 85
11 41
26 100
15 58
8 32
23 93
11 46
6 26
19 83
18 79
8 38
19 93
17 85
11 60
4 22
11 61
5 28
12 68
9 52
6 35
10 80
10 82
10 87
10 97
5 53
5 60
4 54
4 63
5 93
4 78
5 100
4 88
2 53
2 66
2 84
1 85
