96936834
152 2
50 1
139 4
113 4
108 5
160 9
75 5
98 7
123 10
186 16
90 8
176 16
189 20
200 27
163 24
168 25
13 2
163 26
55 9
124 21
119 24
99 20
187 38
38 8
128 28
177 39
172 40
109 26
199 51
179 48
180 51
183 52
156 45
94 28
200 61
91 28
123 41
197 1
145 50
182 63
150 53
180 64
146 53
188 69
120 45
147 56
196 76
187 73
136 55
161 68
130 56
152 68
62 28
183 85
110 54
119 59
149 74
101 51
170 86
191 97
162 83
76 39
189 97
116 60
187 97
193 104
152 82
168 91
189 105
108 61
149 86
65 38
197 118
189 115
127 78
68 42
129 80
188 119
36 23
135 87
125 85
194 132
191 64
147 102
198 138
137 97
98 70
95 68
153 112
179 133
74 55
156 116
179 134
184 142
145 113
125 98
135 106
198 157
189 150
176 140
176 141
163 131
138 111
64 53
96 80
138 117
191 162
165 141
196 170
94 82
135 118
152 133
152 134
164 145
96 85
82 74
178 167
178 172
192 131
56 55
177 174
3126196 3126003
3126199 3126010
3126193 3126015
3126194 3126025
3126171 3126025
3126181 3126037
3126194 3126050
3126157 3126014
3126194 3126057
3126188 3126068
3126181 3126062
3126189 3126082
3126157 3126056
3126182 3126081
3126190 3126094
81 79
3126198 3126149
180 193
3126154 3126090
3126180 3126089
3126160 3126077
3126176 3126094
3126166 3126095
3126155 3126090
3126174 3126124
3126162 3126114
3126185 3126138
3126167 3126136
3126158 3126135
3126197 3126176
3126167 3126164
124 124
3126177 3126178
3126160 3126193
62 119
149 150
55 56
117 120
139 146
112 118
147 156
134 143
95 103
109 120
79 87
151 167
143 164
28 33
139 164
115 137
150 179
131 157
146 176
160 195
54 66
75 92
123 158
153 198
130 169
133 173
116 151
41 55
76 103
123 167
39 53
71 98
106 147
100 142
107 154
22 33
118 178
108 165
107 165
117 183
72 113
98 161
82 138
50 85
20 34
67 115
112 198
96 171
5 9
107 193
54 99
34 65
35 68
84 165
96 189
88 175
81 163
69 139
84 174
13 27
82 178
21 46
67 147
17 38
77 173
53 120
41 95
78 186
73 176
59 144
13 32
72 178
57 158
62 178
27 79
56 164
12 37
14 44
53 168
28 89
61 194
10 32
43 143
35 117
37 125
58 200
53 187
50 178
49 176
13 49
39 150
44 170
45 194
9 42
41 197
34 164
39 191
22 109
35 177
21 108
22 118
30 161
22 120
5 29
11 66
31 200
23 174
12 91
19 157
19 177
14 131
14 138
14 140
15 169
3 89
1 156
