9980509966
225 3
271 9
241 11
277 17
76 5
277 25
200 19
255 26
115 12
284 40
274 40
290 43
201 35
184 34
188 39
285 61
299 73
293 73
297 75
197 51
292 79
229 66
145 45
240 80
203 70
64 23
289 115
209 86
207 86
296 127
153 72
65 31
129 63
242 121
224 122
276 157
245 145
273 165
256 157
100 62
243 159
215 142
107 74
160 111
284 200
191 135
232 164
300 214
186 133
286 206
136 102
177 138
106 84
223 186
219 184
290 255
252 222
273 244
217 194
211 190
222 200
246 243
19531449 19531289
19531525 19531365
19531426 19531296
19531455 19531332
39062784 39062564
39062799 39062585
19531465 19531372
39062677 39062507
219 5
19531540 19531460
39062710 39062558
19531529 19531460
39062768 39062649
39062664 39062547
19531527 19531471
39062665 39062556
39062779 39062673
39062780 39062680
39062797 39062709
19531303 19531260
19531463 19531420
78125228 78125089
78125255 78125121
78125207 78125081
78125195 78125070
78125132 78125008
39062747 39062690
39062793 39062736
78125204 78125110
78125202 78125112
78125163 78125074
156250244 156250080
39062717 39062677
78125236 78125158
78125294 78125218
78125282 78125223
39062759 39062730
312500241 312500013
156250143 156250031
78125213 78125157
78125135 78125080
78125157 78125103
312500267 312500055
156250281 156250177
312500218 312500017
312500298 312500102
156250246 156250148
312500286 312500094
156250296 156250207
39062625 39062609
78125217 78125186
78125214 78125187
39062705 39062537
78125212 78125185
312500257 312500151
312500294 312500194
312500294 312500279
156250246 156250199
156250222 156250189
78125300 78125278
312500216 312500148
312500275 312500216
39062607 39062600
39062656 39062653
156250142 156250132
39062680 39062678
156250221 156250216
263 263
207 207
78125166 78125168
78125158 78125160
19531398 19531518
156250259 156250294
156250222 156250257
156250170 156250206
39062577 39062588
156250238 156250286
78125176 78125201
156250144 156250199
19531542 19531549
156250216 156250280
19531508 19531517
156250152 156250232
19531328 19531340
78125061 78125111
156250165 156250266
39062668 39062694
39062773 39062800
78125168 78125224
156250124 156250237
78125112 78125175
19531319 19531335
156250142 156250286
156250124 156250277
19531513 19531533
39062619 39062663
39062660 39062736
19531463 19531502
39062705 39062791
78125058 78125236
19531267 19531314
19531485 19531533
39062560 39062656
78125095 78125294
39062586 39062719
39062615 39062753
19531369 19531448
19531419 19531500
19531397 19531509
39062552 39062781
156 225
19531306 19531449
19531283 19531432
19531296 19531449
19531351 19531507
19531327 19531484
19531305 19531516
19531309 19531523
291 296
145 150
255 264
52 57
234 258
93 104
168 188
162 183
162 194
200 245
97 120
178 234
214 289
105 143
187 255
103 144
208 294
19 28
189 299
153 244
94 154
130 214
102 171
58 99
72 129
99 195
104 206
120 262
27 59
119 271
77 199
101 292
29 85
83 268
40 133
66 233
71 287
61 263
44 190
54 256
44 223
19 97
44 265
46 282
30 198
30 207
23 163
21 223
24 260
21 249
14 245
11 283
2 63
6 258
1 212
