604178
283 32
288 32
262 3
251 5
283 6
287 29
284 10
291 25
278 22
291 11
272 18
281 15
286 15
196 2
138 4
167 6
111 4
238 9
200 9
228 11
203 11
209 12
159 10
152 10
91 6
136 9
223 15
211 16
114 9
252 22
194 17
88 8
153 14
206 19
246 24
212 21
58 6
73 8
198 22
54 6
123 14
165 19
245 29
24 3
76 10
173 23
48 7
227 34
273 41
65 10
199 31
127 20
260 42
273 45
260 1
174 30
85 15
282 53
164 31
290 55
261 51
235 47
285 57
224 47
289 61
141 30
299 64
139 30
163 36
129 29
117 27
249 58
290 68
293 70
185 46
172 43
267 67
219 56
215 55
288 74
97 25
161 42
248 66
154 41
251 67
59 16
199 54
297 81
115 32
279 78
53 15
140 40
178 51
157 45
125 36
152 44
213 62
285 84
101 30
238 71
258 77
297 90
263 80
239 73
294 90
117 36
189 59
258 81
175 56
108 35
263 87
42 14
248 83
123 42
123 42
225 77
253 87
247 85
223 78
287 101
291 103
213 76
77 28
297 108
126 46
215 79
147 55
165 62
146 55
133 51
209 81
98 38
295 117
137 55
168 68
192 79
177 73
179 74
299 125
165 69
289 122
222 94
128 55
169 74
226 99
237 104
260 115
216 96
300 135
235 106
66 30
114 52
217 100
260 120
159 74
93 44
198 94
170 82
296 143
140 69
87 43
289 144
254 127
104 52
185 93
247 125
128 65
242 123
217 111
86 44
156 80
76 39
187 96
179 92
295 152
229 119
121 63
265 138
211 112
271 144
109 58
199 106
292 156
206 111
235 127
242 131
277 150
218 119
164 90
67 37
295 163
170 94
177 98
218 121
190 106
255 143
270 153
298 169
232 132
93 53
229 132
227 131
272 157
145 84
210 122
280 163
175 102
271 158
250 147
178 105
166 98
247 146
174 103
216 128
288 171
74 44
284 171
88 53
136 82
169 102
284 172
193 117
260 158
245 149
255 158
270 168
146 91
286 180
264 167
221 140
292 185
210 135
129 83
261 170
168 110
253 166
262 172
85 56
265 175
254 168
135 91
167 114
124 86
235 163
111 77
214 149
183 129
268 189
232 165
80 57
167 119
299 214
117 84
201 145
261 190
243 177
141 103
283 207
117 86
145 107
230 171
246 183
219 163
165 123
169 126
112 84
237 178
197 148
81 61
61 46
227 172
261 198
182 139
64 49
232 178
300 231
170 131
198 154
55 43
296 232
139 109
151 119
293 231
274 217
291 231
204 162
273 218
169 135
274 219
250 202
74 60
294 266
134 109
223 182
175 143
288 260
283 255
235 194
230 192
180 152
285 253
227 200
170 144
237 201
262 223
239 209
186 162
295 252
193 165
257 223
240 208
33 27
131 108
26 22
104 88
41 35
96 82
147 126
162 140
137 119
152 133
187 164
144 127
150 133
209 187
258 236
135 124
157 145
213 197
255 236
243 225
258 239
148 139
247 232
34 32
288 272
203 192
169 160
188 181
175 169
104 101
209 204
255 249
265 259
178 174
113 111
289 285
210 208
230 228
246 42
500400 500110
284 288
266 285
168 168
57 57
264 264
66 66
222 223
190 191
90 91
54 55
145 148
244 250
234 240
168 173
33 34
229 236
94 97
271 280
260 269
158 164
198 206
206 215
226 238
122 129
242 257
145 154
155 165
174 186
130 139
178 246
168 180
268 288
179 193
100 108
112 121
130 141
115 125
237 258
219 242
238 263
236 261
193 214
250 278
111 124
179 202
157 178
263 300
219 250
225 257
198 229
244 283
59 69
94 110
88 103
203 238
232 272
144 169
90 106
250 296
177 210
246 292
239 284
244 290
233 277
201 239
74 88
87 104
91 109
210 256
148 181
96 119
79 98
211 262
209 260
88 110
184 230
205 257
236 299
18 23
81 104
180 235
165 216
196 257
215 282
160 210
168 222
143 189
201 268
225 300
89 120
174 235
124 168
209 284
149 270
139 193
82 114
210 292
160 223
113 158
116 163
81 114
201 285
167 239
157 225
172 247
197 284
208 300
45 65
188 272
64 93
183 267
162 237
193 283
148 218
150 221
141 208
189 281
51 76
75 113
126 190
129 195
164 249
68 104
69 106
82 126
147 226
63 97
173 269
114 178
144 225
174 272
7 11
108 171
156 247
160 255
89 142
169 270
132 211
144 232
107 173
25 41
156 257
170 282
162 271
93 157
174 294
42 71
125 212
74 126
38 65
75 129
135 236
125 220
138 245
104 186
93 167
55 99
20 60
135 248
138 254
114 212
88 166
92 174
83 157
142 277
113 222
110 217
132 261
147 294
53 107
145 293
85 172
63 128
74 151
105 215
68 142
59 124
74 156
135 285
44 94
137 294
44 95
126 274
39 85
55 120
63 138
102 227
73 163
108 242
95 215
64 146
124 284
42 97
109 252
116 271
95 224
121 289
69 166
44 107
69 168
83 205
89 221
57 142
81 203
28 71
66 168
75 191
88 226
65 167
95 251
112 300
32 86
75 207
64 177
77 213
30 85
92 261
83 241
74 216
23 68
87 258
52 290
83 250
81 246
96 296
89 278
95 298
82 259
82 261
69 220
90 288
5 16
39 125
68 218
59 192
71 232
21 69
73 240
83 273
48 159
67 223
35 117
78 265
66 230
36 126
41 145
60 213
79 281
56 200
44 165
78 293
54 203
78 294
46 176
72 280
33 129
75 297
55 218
46 190
29 120
62 259
66 276
71 299
56 237
56 239
44 191
50 219
55 246
46 207
56 257
48 221
61 282
24 111
28 130
25 117
48 229
47 227
36 176
46 227
50 247
55 276
27 138
32 171
55 294
53 289
30 164
24 136
26 148
23 133
44 257
30 180
11 68
17 110
38 249
32 216
39 266
28 206
17 127
24 182
34 262
20 158
33 264
17 140
17 142
12 101
25 213
33 292
31 277
27 252
26 243
28 272
26 264
10 102
29 299
26 269
13 136
27 283
21 224
9 97
9 106
16 203
20 294
16 237
17 254
19 294
5 89
10 178
16 289
5 92
10 187
13 272
6 130
6 142
4 98
12 295
5 128
9 235
9 245
7 199
2 79
6 241
4 201
3 161
4 232
4 262
1 68
3 283
1 141
2 283
1 155
