9687591619
223 2
241 3
224 3
62 1
275 5
131 3
207 5
280 8
239 7
267 8
203 11
184 12
107 7
262 18
245 18
285 21
94 7
287 22
39 3
71 6
244 23
208 20
52 5
207 20
62 6
247 24
277 30
101 11
275 31
153 18
181 1
103 13
73 10
270 37
258 36
85 12
204 29
278 40
290 43
201 30
227 34
229 35
262 41
210 33
299 49
271 46
178 31
91 16
107 19
77 14
70 13
193 36
209 39
37 7
242 48
99 20
63 13
281 59
291 63
117 26
36 8
45 10
211 47
138 32
166 39
68 16
135 32
134 32
167 40
99 24
233 57
133 33
140 35
300 78
122 32
95 25
158 42
186 50
119 32
273 74
199 54
195 53
213 58
204 57
206 58
188 54
235 68
295 86
298 87
272 85
275 86
264 83
156 50
137 44
197 64
298 97
43 14
202 66
124 41
291 97
282 94
161 54
56 19
141 48
208 71
202 71
82 29
196 70
136 17
180 65
244 90
246 91
142 53
139 52
229 86
242 92
164 63
171 66
207 80
250 98
145 57
200 79
70 28
298 120
245 99
287 116
273 111
111 46
285 119
204 86
116 49
237 101
287 123
230 99
290 125
157 69
175 77
259 114
109 48
294 130
96 43
68 31
165 77
280 131
76 36
291 138
281 134
219 105
227 109
263 127
91 44
277 136
265 131
127 63
296 150
266 136
216 111
266 137
291 151
235 122
267 139
69 36
294 155
138 73
166 88
165 88
292 156
300 108
238 128
182 99
193 105
180 98
119 65
247 135
158 87
268 148
97 54
168 94
209 117
94 53
250 142
292 170
288 169
234 138
267 158
124 74
119 72
224 137
280 172
241 149
197 122
227 145
169 109
161 105
191 125
148 97
224 147
222 148
294 197
205 139
138 94
66 45
283 193
126 86
222 152
207 142
77 53
97 68
124 87
232 163
118 83
216 116
272 193
235 167
156 111
269 192
277 198
291 209
206 148
103 74
183 134
137 101
291 216
121 90
187 140
285 214
270 204
224 170
249 189
284 218
229 177
145 113
241 188
119 93
143 112
255 200
153 120
51 40
297 233
143 113
298 237
290 231
227 181
222 178
101 81
134 108
297 240
219 179
222 182
45 37
288 237
246 203
23 19
151 126
235 197
225 189
213 179
266 188
220 186
193 164
148 126
197 168
229 197
254 219
181 158
297 263
244 218
158 142
164 148
185 167
187 170
253 231
284 262
179 166
145 135
209 195
199 186
298 279
236 222
86 81
144 136
214 205
49 47
150 145
207 201
35 34
204 199
290 283
228 223
167 141
75 74
91 90
96 95
233 232
312500274 312500044
312500287 312500067
312500244 312500025
312500249 312500031
312500300 312500091
312500277 312500072
312500293 312500093
312500257 312500071
312500243 312500059
293 288
312500296 312500205
241 241
312500268 312500108
312500260 312500101
312500247 312500100
312500283 312500149
312500281 312500154
312500279 312500161
312500261 312500148
312500283 312500186
312500252 312500168
312500269 312500198
312500261 312500199
312500282 312500239
312500266 312500239
312500271 312500245
312500275 312500259
312500295 312500286
312500262 312500255
312500245 312500243
19 19
95 95
312500276 312500277
312500277 312500298
312500261 312500282
227 236
158 160
107 110
270 279
236 244
120 162
159 166
249 261
252 265
128 135
231 248
241 259
220 237
240 259
163 177
265 288
220 241
250 274
175 192
243 267
50 55
220 243
35 39
110 123
178 200
265 299
251 285
138 157
225 256
143 163
200 228
106 121
259 297
188 217
136 157
193 223
245 284
97 114
124 147
209 248
107 127
238 285
227 272
29 35
205 249
158 192
118 144
34 42
234 290
240 298
217 270
115 145
38 48
161 205
198 253
187 241
128 165
164 212
78 101
200 259
215 279
61 80
106 140
218 289
217 288
56 75
195 262
133 179
89 120
101 206
173 236
100 137
181 250
190 268
207 292
127 180
81 116
103 148
152 219
112 163
144 211
116 170
173 255
77 114
164 243
193 287
84 126
189 284
175 264
57 86
113 174
82 127
171 271
46 73
56 89
127 203
145 232
144 233
121 198
149 245
92 152
156 258
26 43
145 243
153 257
176 298
118 201
82 141
15 26
50 87
100 178
152 272
162 293
131 237
163 297
161 294
19 35
125 231
82 152
41 76
41 76
96 178
30 56
150 281
96 181
105 198
157 297
74 142
114 220
76 148
63 123
124 245
88 174
23 97
119 245
121 255
137 292
137 297
100 217
108 239
42 93
101 224
105 234
52 118
102 234
75 174
92 214
82 193
100 238
25 60
97 234
72 175
34 83
45 110
107 263
39 96
117 291
58 146
108 274
76 197
49 128
112 295
17 45
108 288
56 151
80 217
74 201
107 296
88 246
94 267
98 279
80 229
98 284
69 201
81 236
45 136
82 253
60 187
77 241
72 226
31 101
79 258
20 66
25 84
46 155
86 297
70 242
46 160
81 292
80 292
41 152
42 156
43 160
14 53
71 279
60 237
59 234
37 153
47 210
30 135
34 158
57 275
55 267
39 194
52 262
39 199
24 128
35 190
42 229
37 203
26 144
45 251
5 28
49 295
46 283
32 199
30 187
26 166
38 253
31 217
37 261
32 233
29 217
37 281
26 204
32 257
33 291
7 62
6 54
29 262
32 291
26 245
15 142
30 290
28 284
3 34
9 103
9 105
17 199
19 225
23 279
13 159
9 117
7 97
7 98
13 200
17 292
15 284
5 119
5 120
9 221
9 244
7 221
5 215
5 276
4 225
3 277
3 298
2 238
1 191
1 205
1 221
