9718508284
41 4
100 17
55 10
52 10
64 13
97 22
76 19
24 6
99 25
78 22
37 13
72 26
51 19
98 37
13 2
54 22
91 38
86 37
39 17
64 28
72 33
100 48
66 32
75 37
28 14
24 12
92 47
74 38
87 45
58 30
62 34
73 42
59 34
63 38
53 32
27 17
63 40
17 12
35 25
98 71
62 45
95 69
57 42
32 24
85 65
55 43
84 68
32 26
22 18
73 60
84 75
77 69
39 35
96 88
51 47
29 27
76 71
90 85
59 56
48 47
62 61
313500096 313500001
46 18
313500076 313500004
313500088 313500020
313500076 313500014
313500084 313500022
313500069 313500017
313500070 313500018
313500087 313500044
313500095 313500052
313500054 313500013
313500097 313500020
313500061 313500029
94 94
313500084 313500054
313500059 313500031
313500076 313500050
313500052 313500027
313500067 313500043
313500076 313500052
313500047 313500024
313500056 313500033
313500060 313500040
313500097 313500084
313500059 313500047
313500090 313500078
313500065 313500055
313500050 313500043
26 26
313500094 313500096
313500065 313500077
313500049 313500067
313500065 313500099
313500052 313500099
48 49
82 85
88 92
91 98
86 96
80 92
47 57
75 91
48 60
79 99
54 69
70 92
40 54
61 85
71 99
64 90
16 23
57 86
50 76
63 97
35 54
53 90
20 35
27 48
28 56
42 85
42 85
42 87
5 11
35 77
40 89
37 88
22 58
34 94
20 56
22 62
30 85
19 54
22 63
26 76
19 58
30 98
21 71
25 85
19 73
6 26
19 86
7 38
16 88
7 47
11 86
11 91
8 72
3 49
3 57
1 29
