50024081
279 158
263 145
206 7
128 5
240 10
169 9
297 26
295 148
213 19
172 16
286 29
238 114
282 36
259 119
261 38
237 39
214 46
300 76
275 125
287 130
285 78
295 88
212 68
241 82
210 83
98 1
45 4
34 4
94 13
144 37
155 41
34 12
125 49
82 41
230 120
245 134
152 92
126 81
95 62
159 104
146 98
158 107
258 176
103 73
295 210
271 195
122 89
260 191
49 1
125 92
286 213
199 149
231 175
264 201
173 134
290 229
194 158
129 106
255 211
205 174
228 197
294 256
210 185
198 177
120 108
151 136
202 182
64 59
295 275
165 155
264 248
42 40
285 276
284 277
170 125
50000300 50000070
278 299
132 173
252 256
261 266
152 155
177 184
261 280
266 286
170 183
161 175
234 260
196 219
219 245
248 281
202 236
208 250
225 273
234 290
193 251
146 191
79 171
119 157
115 153
93 125
181 249
165 230
208 297
7 10
189 274
99 146
170 256
149 229
159 250
140 226
99 168
92 159
154 270
86 152
44 78
93 170
147 283
134 269
9 19
99 215
138 300
114 252
71 159
87 203
104 248
101 253
53 140
83 220
32 96
85 259
95 295
83 272
74 250
53 191
76 285
15 59
61 240
59 251
42 196
46 222
40 234
41 254
43 284
15 103
9 66
22 164
23 227
21 219
22 240
11 144
4 74
10 186
14 267
11 281
6 157
9 294
5 189
5 259
2 123
2 232
2 249
