1013416
197 192
14180 13925
14139 13939
12188 12004
12197 12015
12205 12004
231 97
287 2
240 148
287 271
138 9
276 126
300 252
56 48
254 14
143 35
281 76
161 91
296 262
228 22
215 31
292 279
277 242
240 104
261 176
114 19
196 154
293 15
165 93
136 41
259 241
149 36
64 42
196 9
234 73
279 103
14139 13950
276 94
252 58
299 130
227 51
260 58
292 26
258 213
266 71
239 83
241 200
182 153
84 11
149 11
217 151
92 34
136 23
290 139
264 75
282 190
39 1
186 95
233 7
261 148
136 41
262 176
266 97
267 248
271 134
14148 13959
18071 17833
14111 13929
18076 17844
12122 11970
12190 12041
18093 17874
14204 14044
12239 12105
12175 12045
95 94
18079 17910
12130 12017
14055 13927
12250 12153
25919 25718
14031 13931
14138 14055
41530 41296
18034 17935
14089 14013
12172 12114
41449 41257
12027 11976
14067 14010
14079 14022
41523 41355
41476 41318
25734 25646
25910 25822
25743 25656
41478 41341
25777 25692
25768 25685
25729 25647
25769 25688
14037 13996
14135 14094
12101 12069
56 38
41418 41268
25920 25715
72734 72546
12239 12215
276 278
