100042739
25576 25438
50090 49898
25706 25526
25621 25492
278 94
157 113
230 98
117 81
109 9
25688 25498
25691 25590
233 152
209 26
188 91
25699 25536
247 165
262 223
234 32
239 110
230 170
283 209
13367 13253
168 97
257 219
224 5
214 43
219 116
13443 13289
237 68
13459 13313
13500 13322
266 155
197 51
13438 13337
237 163
238 83
289 93
278 147
13466 13352
211 115
247 6
262 171
189 145
258 160
204 95
269 213
224 5
249 163
197 104
257 206
147 78
112 62
13429 13215
279 25
13269 13209
183 87
242 83
269 218
287 224
259 89
235 92
233 88
278 227
13419 13250
196 35
275 167
90 3
94 20
273 159
277 107
13396 13279
250 138
191 115
148 14
163 122
60 6
275 209
244 70
298 167
199 114
193 160
295 208
284 210
282 82
297 78
278 51
240 28
114 58
142 72
290 113
123 38
220 20
283 113
280 81
226 111
291 34
148 112
291 23
141 41
150 1
298 31
190 101
217 95
285 163
13413 13219
295 93
237 75
224 100
296 117
114 43
142 85
13498 13348
205 56
235 110
274 162
149 103
182 24
244 19
13477 13226
13371 13310
126 73
13445 13323
193 122
275 192
199 126
248 18
266 154
130 43
229 83
43 2
13400 13283
13301 13242
242 186
195 11
7248 7127
254 133
287 153
7336 7213
7390 7342
7342 7272
289 200
144 33
51 18
272 235
233 105
263 151
7388 7337
201 39
284 88
220 169
218 93
281 35
271 52
91 28
209 4
216 46
245 116
183 12
208 141
297 232
197 55
2059 1914
189 40
2001 1793
1973 1799
7209 7178
7349 7170
279 147
7389 7303
2053 1791
1973 1809
1927 1801
2061 2013
1892 1781
1949 1901
1864 1774
1999 1898
1947 1893
7283 7193
206 5
232 168
2062 1780
282 82
289 221
1935 1785
1961 1865
241 108
141 62
265 84
2714 2601
285 45
2665 2570
280 33
222 99
2799 2748
2749 2617
2771 2683
2707 2652
2819 2595
2800 2668
7258 7155
2737 2657
2735 2673
290 219
256 43
2787 2743
171 115
142 56
106 30
2818 2663
2730 2535
2693 2568
7358 7162
299 170
2690 2541
2655 2539
4349 4081
4336 4179
4342 4185
4137 4091
4344 4150
4295 4144
4208 4139
4303 4262
4269 4180
4161 4095
4196 4061
4307 4203
7295 7261
4178 4131
161 50
4221 4082
163 91
273 185
200 27
148 20
7360 7283
266 59
22 3
56 31
47 29
39 28
84 62
23 17
43 32
53 40
93 73
39 32
38 32
199 170
190 164
156 135
142 123
79 69
198 173
130 114
168 148
166 147
187 167
247 223
243 220
269 244
170 155
292 271
42 39
228 212
203 189
181 170
134 129
112 108
292 282
41 40
90 88
279 274
1842 1817
232 230
2031 2015
1996 1982
2601 2586
50104 49916
2776 2766
13351 13304
50123 49951
50095 49926
25643 25558
4282 4268
13363 13320
49975 49832
13452 13414
25535 25465
50061 49929
25494 25427
25673 25607
49972 49854
98922 98689
2660 2654
98954 98734
7187 7172
782463 782333
254 85
98919 98733
50117 50035
50008 49932
49915 49841
782454 782322
98922 98784
50040 49972
196601 196346
782415 782278
49933 49875
25551 25522
98920 98815
25646 25619
98818 98721
196592 196402
391903 391825
49950 49903
98763 98672
782422 782263
196512 196360
98950 98876
50054 50018
196477 196336
782511 782339
98782 98717
391922 391669
98953 98896
391838 391750
98757 98705
391895 391692
196463 196369
391827 391642
196536 196449
391853 391683
196406 196324
196414 196332
196519 196448
391821 391681
391789 391657
391812 391683
196551 196504
782530 782289
98873 98843
782546 782312
391920 391805
782507 782298
782536 782332
391856 391760
391832 391737
1563699 1563599
3126270 3126019
782508 782450
1563735 1563664
3126139 3126026
6251299 6251036
3126188 3126085
1563575 1563503
782429 782308
3126291 3126143
1563764 1563537
391714 391658
782363 782252
391735 391682
1563586 1563506
391733 391682
782453 782352
1563777 1563584
1563766 1563577
1563770 1563585
1563720 1563549
1563677 1563514
1563690 1563551
1563701 1563568
1563766 1563638
3126189 3126016
4168 4162
25491 25467
13405 13393
25540 25522
25571 25563
98688 98673
196358 196332
391710 391678
98935 98927
391741 391713
391788 391761
782341 782305
391790 391773
782547 782515
98674 98670
1563671 1563610
1563576 1563516
1563688 1563628
1563737 1563686
3126270 3126177
1563584 1563539
6251267 6251101
3126100 3126017
25658 25609
6251203 6251044
6251176 6251025
391713 391704
98795 98795
1767 1768
