1004370
32346 32271
32340 32257
32347 32270
97 45
16714 16653
16681 16632
16693 16640
96 4
16689 16644
16725 16676
16708 16651
16696 16643
70 38
77 48
97 9
16719 16670
97 42
86 4
63 26
8889 8838
64 31
99 13
8904 8845
100 52
92 23
8897 8848
4970 4921
74 11
71 35
5001 4935
71 8
5000 4938
4996 4954
4988 4917
88 30
78 13
5006 4971
74 24
66 28
4983 4928
69 34
100 22
4985 4944
3034 2980
91 5
3051 3017
3038 3008
3051 3001
3032 2986
3030 2976
3052 2997
38 12
36 15
46 24
38 21
36 20
47 27
49 31
65 43
27 19
91 67
76 58
99 77
28 22
82 65
96 78
56 46
57 49
59 52
28 25
57 51
99 97
3029 3003
2993 2972
3019 3002
4959 4932
4960 4933
2981 2966
3039 3027
4950 4931
2973 2963
8873 8844
4934 4918
3007 2998
4926 4912
4998 4984
2980 2972
4999 4986
8904 8882
16706 16665
8900 8879
16685 16648
16686 16650
32320 32253
32336 32276
16715 16688
32303 32252
32331 32280
8901 8887
63598 63503
8834 8821
8879 8867
8887 8875
87 8
16672 16651
32346 32308
16663 16644
63575 63508
32329 32295
32311 32268
4964 4958
63566 63503
16719 16703
8910 8903
4997 4997
73 74
8909 8904
49 51
