50130430
300 102
277 4
300 99
289 88
273 62
269 59
289 57
300 54
262 45
229 27
300 36
246 39
299 46
262 37
287 42
150 3
138 6
134 6
123 6
156 10
204 22
51 6
127 16
202 26
161 26
89 18
213 45
133 31
222 54
228 62
84 23
40 11
176 49
109 31
97 34
218 78
215 78
264 97
248 92
283 105
224 84
251 95
263 102
278 108
69 27
135 53
133 53
172 70
49 20
188 77
109 46
230 102
11 5
215 100
257 122
162 77
124 59
210 101
298 146
239 122
125 65
175 91
221 118
234 129
279 155
131 74
253 143
198 113
206 119
83 48
202 118
75 45
198 119
261 158
294 180
66 43
179 117
154 101
276 182
124 82
229 154
122 83
106 73
254 176
284 198
129 90
277 201
15 11
238 178
145 111
210 168
300 244
260 218
253 213
127 109
297 262
250 223
153 137
217 196
256 232
76 69
163 150
167 158
208 198
117 112
152 147
197 191
222 215
92 90
231 228
29 1
50100300 50100167
236 252
58 79
205 206
199 203
51 53
229 241
126 134
226 251
233 260
68 76
160 179
143 161
173 200
108 127
160 189
178 212
150 179
235 285
110 140
153 201
210 276
121 160
220 291
153 205
96 129
70 98
196 276
162 231
130 186
43 67
171 269
167 277
164 276
114 201
165 291
122 218
108 194
84 152
82 149
131 239
73 135
79 148
71 137
147 289
98 200
135 289
104 223
118 255
24 52
127 285
83 188
89 205
92 212
115 269
72 180
84 211
78 197
94 241
80 239
91 272
77 232
89 287
85 279
79 267
53 207
71 278
54 259
55 264
13 63
51 289
18 107
49 299
35 222
30 191
25 177
16 125
34 295
20 192
15 156
18 206
22 255
22 261
15 185
16 247
11 223
10 259
6 207
2 179
1 142
