9718534476
284 11
289 8
216 14
266 22
71 6
251 22
292 28
195 19
204 21
298 31
244 27
243 28
259 30
116 14
187 27
282 42
232 37
217 37
292 59
259 55
143 31
286 65
265 62
146 36
210 52
105 28
220 59
131 36
296 82
197 61
237 75
246 80
168 55
297 104
236 83
207 73
258 93
264 96
261 106
191 8
261 112
263 116
253 115
157 72
242 113
261 122
276 130
161 76
187 89
298 154
267 141
201 113
71 41
267 155
115 67
276 167
180 111
201 124
129 81
264 166
211 137
172 112
172 113
35 23
259 173
258 179
237 174
90 68
151 117
95 74
246 195
93 75
109 90
282 235
265 223
259 110
299 258
286 247
176 154
195 171
103 93
104 94
136 123
273 248
277 253
286 271
263 252
259 257
313500294 313500020
313500275 313500005
313500271 313500017
313500263 313500034
313500273 313500047
313500255 313500032
313500270 313500053
313500289 313500072
313500253 313500044
313500252 313500048
313500274 313500072
313500277 313500077
313500288 313500109
313500248 313500083
313500267 313500106
108 91
313500297 313500291
313500254 313500145
313500279 313500177
313500262 313500168
313500280 313500203
313500253 313500207
313500285 313500255
313500286 313500262
313500267 313500247
313500292 313500272
313500291 313500274
313500279 313500267
64 64
313500276 313500275
313500263 313500263
313500242 313500257
313500248 313500275
163 183
185 186
157 159
283 294
205 229
116 130
154 173
203 229
229 261
148 173
71 83
130 152
255 299
178 215
17 21
134 168
210 273
117 153
71 95
137 184
198 270
41 56
104 145
194 273
172 265
94 147
96 152
133 212
110 176
43 70
163 267
176 294
76 129
167 299
154 277
154 284
144 273
141 268
59 115
105 219
124 264
35 81
72 174
46 115
32 82
57 151
89 236
61 170
91 259
67 205
79 253
63 206
59 209
21 77
29 107
49 184
19 86
44 201
41 227
25 180
18 132
38 288
21 173
12 116
8 131
14 231
8 143
7 276
2 122
1 252
