100019129
160 86
242 136
263 145
292 36
181 43
241 136
274 93
297 189
263 65
218 11
272 148
76 5
237 46
195 78
286 151
175 65
259 40
120 3
187 60
246 4
197 98
154 23
158 15
186 50
182 119
243 168
209 78
281 15
210 136
217 49
1012442 1012235
1012476 1012228
1390815 1390643
1195507 1195333
1012490 1012234
1024693 1024489
1097930 1097760
1049098 1048841
1097929 1097669
1012449 1012279
1024709 1024520
1097886 1097707
1024613 1024437
273 202
1097921 1097675
1097926 1097708
1097895 1097695
1781523 1781283
1781475 1781260
1195586 1195315
1024603 1024444
1195487 1195320
1781545 1781275
1024627 1024425
1012395 1012221
1024597 1024430
1097846 1097676
1024677 1024501
278 217
1097883 1097679
1097840 1097666
1012453 1012235
1012485 1012290
1024659 1024419
1195601 1195346
1012430 1012251
1390924 1390744
209 155
1097902 1097666
1049062 1048844
1012492 1012264
232 162
1097922 1097763
1390917 1390738
1195523 1195315
1390882 1390652
1781546 1781298
1195566 1195410
40 1
38 5
37 11
30 15
48 27
126 94
139 110
101 82
87 73
252 213
73 62
183 157
181 172
1024610 1024472
1012435 1012299
1049116 1048976
1012473 1012338
1049039 1048901
1097905 1097761
1097875 1097733
1049054 1048920
1012495 1012367
1097830 1097692
1049087 1048956
1097835 1097701
1097846 1097712
1012404 1012287
1049056 1048937
1195561 1195427
1781545 1781346
1195444 1195314
1195563 1195435
1781525 1781338
206 113
1012430 1012325
1781489 1781305
1390902 1390760
1195594 1195473
1049127 1049022
1390820 1390681
1024572 1024471
1781516 1781343
1048948 1048851
1012361 1012269
1024585 1024492
1097825 1097729
1097878 1097764
2562730 2562502
1024560 1024454
1024659 1024570
1048942 1048853
1049014 1048925
1024567 1024481
1012473 1012393
1049072 1048992
86 87
