99763927
269 18
249 25
266 28
223 30
230 35
102 22
150 39
243 64
276 92
215 77
230 96
272 9
105 48
180 84
149 71
120 58
184 92
219 116
232 132
258 151
292 172
249 152
162 100
227 145
150 100
129 92
284 203
237 172
152 111
143 111
231 180
198 155
60 47
172 142
249 217
292 282
297 267
285 281
295 128
4125295 4125053
4125282 4125149
13500288 13500110
13500293 13500152
13500292 13500155
257 268
51000300 51000164
76 177
161 168
225 238
224 240
152 163
199 216
154 180
183 214
116 141
105 129
205 253
119 162
13 19
136 205
174 285
169 297
113 206
132 252
146 283
33 65
140 280
28 75
64 172
85 233
102 291
48 170
48 185
66 287
38 182
25 126
4 24
37 243
8 53
36 246
26 216
10 137
19 297
14 232
9 224
2 236
