1005528
32449 32251
32431 32259
67 5
124 17
147 52
96 38
157 124
32449 32341
200 81
197 168
134 64
98 68
138 59
136 2
184 152
117 83
89 22
128 85
139 91
32442 32332
32438 32306
104 3
151 21
32434 32279
150 15
83 16
129 62
32420 32260
32391 32258
79 53
172 111
32427 32321
32425 32274
200 28
160 75
32446 32300
32446 32340
141 3
32 8
195 182
158 154
102 101
32411 32307
32426 32324
32363 32265
32387 32293
32413 32319
32402 32310
32368 32281
63689 63524
32439 32355
32359 32277
184 50
63679 63516
32350 32252
32426 32346
63683 63526
32343 32265
32401 32326
