597252
144 112
285 2
128 1
236 2
268 3
283 10
164 6
299 13
278 13
181 10
198 11
241 17
250 18
192 14
231 18
211 17
85 7
225 19
262 23
34 3
133 12
213 20
207 21
39 4
117 12
133 14
215 23
63 7
62 7
122 14
270 31
239 28
183 22
293 38
229 30
188 25
293 39
161 22
283 39
205 29
272 39
170 25
163 24
159 24
164 25
279 43
173 27
297 48
247 40
282 46
209 35
269 48
78 14
150 28
203 39
269 52
266 52
243 48
109 22
148 30
202 42
144 30
262 57
193 42
252 55
99 22
238 53
120 27
215 49
218 50
207 48
240 56
64 15
261 62
239 57
184 44
260 63
144 36
20 5
275 70
227 58
214 55
227 59
280 74
257 68
75 20
144 39
227 62
165 46
171 48
128 36
168 48
216 62
129 38
169 50
84 25
290 88
274 84
205 64
99 31
254 80
70 23
198 66
215 72
250 85
239 82
67 23
131 45
49 17
281 98
168 59
161 57
109 39
89 32
233 84
283 103
159 58
239 88
261 98
192 73
291 112
88 34
113 44
262 104
209 83
138 55
140 56
247 100
238 99
163 68
275 117
150 64
271 116
105 45
220 95
255 113
194 86
281 126
216 97
280 126
224 102
214 98
224 103
263 121
75 35
289 135
294 143
215 105
42 21
294 149
288 147
286 146
82 42
179 93
191 101
234 124
281 150
180 97
288 157
126 69
262 147
73 41
121 68
285 161
202 115
290 166
296 170
147 85
283 164
164 96
174 102
241 142
100 59
286 171
222 134
144 87
214 130
213 130
285 174
152 93
258 158
236 145
156 97
252 159
118 76
231 149
258 168
170 111
227 150
276 184
62 42
249 169
260 178
204 141
88 61
155 108
279 195
127 89
115 81
78 55
262 185
229 162
137 97
170 121
233 170
281 206
159 117
88 65
176 130
23 17
254 188
247 186
125 95
216 165
168 129
229 176
58 45
228 177
164 1
36 28
239 186
181 141
97 76
208 163
94 74
180 142
183 145
275 219
99 79
154 123
199 159
228 183
125 101
182 148
27 22
168 137
121 99
273 224
196 161
177 146
52 43
267 221
244 202
71 59
282 235
295 247
76 64
251 213
229 195
232 198
200 171
203 174
252 216
213 183
36 31
262 226
295 255
244 211
216 188
143 125
199 174
249 218
290 254
295 261
140 124
71 63
180 160
290 261
255 230
292 264
207 188
146 134
254 234
157 147
195 184
126 119
176 167
246 234
249 237
151 144
135 129
157 151
221 213
93 90
190 184
289 280
150 146
151 147
215 210
220 215
184 180
287 281
261 259
277 275
202 201
264 1
510298 510008
278 284
194 194
151 177
211 212
66 67
150 154
248 255
101 104
271 280
262 271
248 257
259 269
205 213
147 153
205 214
249 260
191 200
176 185
58 61
209 220
216 228
247 261
256 271
244 260
265 284
274 295
232 250
261 282
223 241
238 258
162 176
246 268
170 186
164 180
185 204
82 93
252 287
76 87
191 219
190 218
141 162
222 256
168 194
171 198
130 151
205 239
53 62
131 202
85 100
251 297
169 200
210 250
46 55
122 146
65 78
200 240
81 98
148 180
32 39
236 290
189 233
148 183
194 242
181 226
194 248
60 78
105 137
173 226
110 144
176 231
67 88
160 212
181 242
83 111
193 259
153 206
164 222
183 249
199 272
19 26
170 233
116 159
86 118
202 278
21 29
105 146
97 135
104 145
15 21
149 209
62 87
103 145
210 296
186 263
99 140
79 112
160 227
194 276
147 210
88 127
196 283
155 227
193 285
126 187
53 79
129 193
170 256
138 208
31 47
182 278
167 256
102 262
101 156
86 133
115 178
118 185
119 187
187 295
171 271
168 267
187 299
127 206
24 39
146 239
144 236
112 186
54 91
58 98
125 212
155 263
66 112
123 209
52 89
136 233
112 192
74 127
157 272
134 235
170 299
91 161
102 182
113 205
28 51
122 223
124 227
162 297
149 275
114 216
99 189
22 42
87 168
118 228
145 281
122 241
123 244
123 245
53 106
135 271
124 250
62 127
47 97
130 282
130 283
89 195
77 176
100 230
93 217
104 244
60 141
104 245
35 83
21 50
45 108
88 214
65 163
24 148
67 173
114 295
25 65
30 78
70 184
78 206
61 163
95 254
100 271
67 184
22 62
30 86
63 182
74 214
58 168
98 284
16 47
42 125
90 269
91 272
67 202
39 124
30 96
88 286
23 76
88 295
76 257
43 148
84 291
38 138
61 224
72 268
47 177
47 179
39 150
30 116
60 233
71 281
59 235
49 201
31 129
54 232
54 236
52 228
38 169
61 275
47 213
41 187
62 291
38 179
39 190
50 248
54 270
49 245
8 41
25 131
39 205
15 83
6 34
34 193
37 219
47 283
20 121
4 94
30 189
33 216
45 295
39 259
43 288
21 142
41 284
40 281
22 157
20 144
29 211
20 147
31 228
35 262
11 83
21 159
3 23
35 281
9 74
14 124
28 250
18 161
3 27
27 244
8 73
16 154
16 168
25 265
23 247
21 232
20 237
21 257
24 295
21 263
17 223
21 276
17 231
15 205
18 250
21 296
8 118
11 170
14 264
14 266
13 253
7 148
2 43
6 138
11 263
12 288
11 264
10 247
7 173
5 124
8 238
5 153
9 290
6 198
5 196
7 290
7 292
6 272
2 260
1 179
