9997563394
144 1
205 2
291 3
196 3
269 6
272 7
293 8
106 3
234 8
251 10
141 7
293 15
170 9
172 10
225 14
271 19
146 11
92 7
127 10
239 1
243 23
291 28
162 17
174 19
252 28
206 24
291 38
292 39
138 20
217 33
233 36
126 22
171 34
96 20
172 36
193 41
138 30
232 51
278 62
292 66
172 40
290 70
284 70
215 53
248 62
288 72
226 61
71 20
268 77
226 65
136 40
96 29
208 63
300 91
167 51
91 29
292 94
164 53
183 62
182 62
291 101
273 99
278 103
254 96
290 111
242 94
53 21
133 53
105 43
80 33
230 95
195 81
127 54
284 122
156 69
250 113
259 119
256 119
291 137
258 122
164 78
243 116
185 89
284 139
245 120
222 111
145 73
294 158
221 120
172 94
193 106
236 132
139 78
283 159
298 168
117 66
228 130
180 103
218 129
238 141
160 95
263 157
290 27
202 121
88 53
176 106
166 100
269 163
234 142
297 181
193 118
255 156
73 45
142 88
146 91
110 69
215 138
251 162
267 173
219 142
223 146
122 80
274 180
288 190
147 98
284 190
254 171
151 102
127 86
274 190
151 105
224 156
151 107
215 155
115 83
229 167
93 68
221 164
214 159
109 81
262 198
208 158
299 228
278 214
172 133
99 77
290 228
190 150
285 225
260 206
252 200
217 173
190 152
147 118
163 132
187 112
199 163
234 193
92 76
226 191
231 196
182 156
203 177
247 216
283 248
156 138
133 118
141 126
265 237
209 188
283 255
277 250
158 144
172 158
177 164
175 163
15 14
142 133
141 133
292 276
242 229
189 180
177 169
243 233
138 137
322500259 322500010
322500251 322500006
322500260 322500026
322500285 322500055
322500252 322500031
322500262 322500050
322500267 322500055
322500251 322500056
322500252 322500069
322500275 322500100
322500247 322500075
322500267 322500100
322500270 322500108
322500286 322500128
279 227
322500263 322500112
322500287 322500136
322500294 322500143
322500299 322500269
322500255 322500124
322500287 322500156
322500262 322500152
322500290 322500191
322500271 322500173
322500257 322500165
322500278 322500232
322500276 322500250
322500276 322500266
322500256 322500255
322500284 322500296
322500280 322500294
281 288
322500256 322500298
176 230
252 253
272 275
190 193
231 237
275 283
64 66
228 236
279 290
147 153
113 119
171 181
94 101
240 259
259 280
152 165
114 126
95 105
117 130
88 98
195 218
197 221
220 248
213 242
127 148
161 188
226 264
197 231
187 223
166 199
79 96
241 293
214 261
194 240
155 192
174 216
224 279
76 95
171 214
149 189
195 248
123 158
63 81
165 214
18 59
135 179
213 285
114 153
129 178
18 25
195 275
206 294
141 202
134 199
96 143
133 199
94 143
153 233
130 200
191 300
109 172
184 291
154 247
29 47
173 289
158 267
121 205
148 251
166 286
86 152
82 146
73 134
94 176
114 215
87 165
149 283
105 200
99 192
102 199
115 230
48 98
73 153
124 264
130 280
128 277
134 290
70 152
136 298
126 278
119 264
128 288
67 154
127 294
113 263
74 175
119 283
95 231
106 282
53 141
78 208
92 246
59 158
59 168
20 58
33 96
90 266
98 290
80 244
83 262
85 282
42 144
44 154
67 254
53 203
66 254
61 243
23 92
42 170
62 255
40 181
51 235
34 161
46 225
31 162
12 63
27 142
28 151
24 130
40 218
29 159
35 193
45 252
53 300
27 156
43 270
42 266
29 191
20 134
27 182
8 56
32 225
28 200
33 243
24 180
39 294
22 174
11 104
17 164
19 191
13 144
7 81
22 261
11 153
13 190
12 176
15 222
15 272
12 226
5 118
4 98
4 99
9 240
9 258
9 285
7 246
5 210
3 155
4 211
2 192
1 112
1 112
1 113
1 263
