9980489001
82 1
63 2
32 2
60 5
48 4
56 5
85 8
42 4
98 10
100 11
77 9
41 5
48 6
88 13
43 8
77 15
32 7
95 21
75 17
79 19
70 17
78 19
66 17
62 16
50 13
88 24
94 26
100 28
37 11
65 1
61 20
70 23
96 33
54 19
44 16
21 8
44 17
100 40
59 24
72 32
75 35
71 34
94 48
95 49
96 50
85 45
34 18
92 49
88 47
73 39
57 31
31 17
91 50
85 47
67 39
79 46
56 33
86 51
74 44
64 39
58 36
92 60
75 49
99 66
10 7
72 51
48 34
79 56
67 49
60 44
82 62
40 12
87 66
14 11
86 69
53 45
19 17
58 52
72 66
48 44
49 45
77 71
78 72
28 26
68 64
85 81
89 87
95 93
19531347 19531262
19531340 19531264
19531337 19531262
19531346 19531271
19531342 19531269
19531330 19531264
19531322 19531257
19531333 19531270
19531344 19531282
19531333 19531273
19531321 19531262
19531313 19531263
19531335 19531285
19531331 19531283
19531328 19531281
19531304 19531259
19531302 19531261
39062592 39062512
19531347 19531309
39062595 39062520
19531301 19531265
19531292 19531258
78 59
19531316 19531283
39062568 39062504
19531313 19531281
39062576 39062513
19531297 19531266
39062579 39062521
19531311 19531282
39062600 39062543
39062569 39062517
39062572 39062520
39062595 39062544
39062596 39062545
39062586 39062537
39062553 39062505
19531280 19531256
39062593 39062548
19531289 19531267
19531290 19531270
39062542 39062503
78125100 78125023
78125099 78125024
39062594 39062557
39062538 39062503
39062562 39062529
39062579 39062546
39062543 39062511
39062564 39062532
19531288 19531272
39062594 39062562
19531277 19531262
19531290 19531275
19531335 19531320
19531348 19531333
19531309 19531276
78125096 78125038
19531304 19531290
19531346 19531332
19531291 19531278
78125091 78125047
39062580 39062558
156250090 156250007
39062529 39062509
156250081 156250004
156250092 156250016
78125081 78125045
78125096 78125061
39062551 39062534
39062589 39062572
39062596 39062579
156250100 156250034
78125040 78125008
78125090 78125058
78125099 78125067
156250092 156250029
78125043 78125012
78125059 78125028
39062548 39062533
39062558 39062543
78125070 78125042
19531283 19531276
78125075 78125016
156250086 156250033
156250094 156250042
19531259 19531253
156250085 156250041
78125089 78125062
78125059 78125037
156250089 156250049
156250099 156250067
78125096 78125080
156250080 156250043
78125051 78125035
39062600 39062592
19531328 19531324
39062531 39062524
78125078 78125064
78125058 78125045
156250087 156250062
78125078 78125066
78125092 78125080
78125057 78125046
78125070 78125059
39062582 39062577
156250087 156250068
78125069 78125061
19531268 19531266
19531336 19531334
78125060 78125053
78125081 78125074
39062530 39062527
78125081 78125075
78125053 78125048
78125064 78125059
156250097 156250088
156250087 156250079
39062575 39062573
78125044 78125041
156250086 156250082
78125056 78125054
39062561 39062560
39062576 39062575
78125040 78125039
78125042 78125041
78125097 78125097
39062582 39062582
19531263 19531263
39062573 39062573
65 65
41 41
78125040 78125041
156250086 156250091
78125068 78125071
78125059 78125063
156250089 156250098
78125073 78125079
78125072 78125078
156250081 156250095
39062577 39062582
19531304 19531307
39062588 39062594
39062531 39062537
39062521 39062527
39062568 39062576
39062558 39062566
78125051 78125067
78125077 78125094
39062551 39062561
78125069 78125089
39062576 39062588
19531268 19531275
78125056 78125084
39062566 39062581
19531273 19531281
62 68
39062526 39062547
19531287 19531298
39062523 39062546
39062535 39062560
78125046 78125096
78125042 78125098
39062560 39062589
39062555 39062584
39062553 39062583
39062532 39062562
19531291 19531309
39062557 39062593
19531298 19531317
39062546 39062585
19531287 19531307
39062532 39062572
19531321 19531342
39062533 39062576
39062552 39062599
39062542 39062596
39062536 39062598
19531316 19531350
19531281 19531315
19531297 19531333
19531271 19531319
19531271 19531321
19531296 19531349
19531293 19531348
19531283 19531338
19531264 19531338
66 67
54 56
96 100
87 93
54 64
55 61
40 45
38 45
48 60
47 59
61 77
19 24
64 81
55 70
33 43
46 61
19 26
30 42
15 21
33 47
57 83
40 60
58 88
54 87
55 89
58 96
44 74
13 22
20 34
18 33
22 41
34 65
38 78
48 100
39 85
36 79
25 55
32 71
16 36
32 73
27 65
35 87
38 97
29 80
21 62
14 42
10 32
27 87
21 68
30 98
19 63
22 81
17 65
18 70
18 77
18 77
17 80
10 51
17 89
9 53
12 76
6 40
9 66
11 81
10 77
9 74
8 81
4 48
3 90
