99401523
262 7
233 10
267 21
22 2
227 23
95 11
298 38
287 37
253 33
255 37
251 37
107 16
242 38
250 43
183 35
174 34
167 34
278 60
22 5
246 58
224 59
165 44
264 76
160 47
247 75
232 72
69 22
294 95
278 96
287 101
168 61
123 45
257 95
102 39
281 113
258 105
202 83
194 83
229 98
185 80
250 111
225 100
81 36
291 131
259 119
73 34
168 80
86 42
239 117
269 134
71 36
290 150
197 104
218 117
218 123
220 125
129 75
248 148
82 49
224 134
176 109
201 129
99 65
242 159
241 159
184 122
30 20
166 113
171 120
188 132
205 145
134 95
151 112
157 117
246 184
291 220
220 170
122 95
209 168
290 242
253 213
286 241
72 61
218 190
99 89
244 221
168 153
280 255
261 243
211 199
160 152
125 121
219 214
240 238
205 6
13125299 13125262
262 289
13125297 13125116
60000299 60000023
13125296 13125260
257 257
14 207
157 158
202 209
207 216
119 127
214 229
223 243
162 181
260 300
102 121
244 295
99 120
115 140
155 189
239 292
128 164
51 67
159 214
173 238
81 112
105 152
126 184
85 132
139 223
110 179
142 241
55 96
53 93
64 114
91 170
104 195
83 156
111 211
84 160
96 186
68 136
135 283
10 21
56 126
127 287
81 185
74 186
24 62
98 257
74 211
50 168
60 221
65 240
58 225
22 111
45 229
30 153
29 184
31 207
39 280
24 183
33 283
22 200
18 193
19 231
12 194
11 189
6 171
