1005000
171 23
194 20
161 16
123 6
114 10
35 5
74 17
82 23
111 32
133 42
179 62
179 62
137 54
141 56
129 52
168 68
145 61
137 64
122 60
147 80
92 55
100 60
196 120
169 104
155 103
169 113
173 116
140 95
94 64
178 122
81 56
172 120
163 114
183 128
195 138
197 143
101 74
136 100
4 3
179 138
173 3
44 34
97 75
163 131
164 132
110 90
140 115
199 165
186 156
46 40
195 171
150 134
170 153
118 109
115 107
130 123
106 103
41434 41253
41434 41277
41430 41306
41398 41277
41386 41289
41410 41321
41426 41343
72669 72546
72674 72553
72616 72511
72653 72548
101 78
72632 72533
135177 135005
72669 72581
135194 135052
100 100
161 161
163 178
59 63
122 137
118 137
109 130
