50036893
293 80
263 11
276 68
277 65
256 15
254 15
297 54
292 26
291 45
292 30
270 39
270 35
117 6
160 9
91 7
215 20
61 7
68 8
233 33
119 19
133 22
51 9
241 46
74 15
235 48
249 51
246 54
135 30
202 45
221 50
153 35
97 23
177 44
287 9
204 53
264 73
155 45
152 45
273 83
45 14
155 49
122 39
134 43
282 91
117 38
126 41
43 14
193 64
255 86
182 62
265 91
277 99
194 70
300 110
237 89
287 108
277 107
191 75
115 47
272 112
218 93
35 15
103 45
189 83
254 112
296 140
221 112
233 119
288 154
205 110
291 162
43 24
273 159
254 148
97 57
56 33
186 110
113 67
155 93
224 137
107 67
279 177
255 162
70 45
296 193
296 196
92 61
119 79
111 74
206 139
237 165
270 188
143 101
247 178
290 210
269 201
208 156
220 167
201 154
269 207
234 181
253 199
199 160
259 212
157 130
282 236
118 101
240 206
156 134
280 242
265 231
269 235
298 263
66 59
139 126
204 199
94 86
203 186
287 265
118 110
188 186
82 21
219 217
282 287
50000300 50000218
173 296
94 95
71 72
242 246
156 159
119 123
146 157
113 122
224 242
265 291
230 268
157 183
141 166
224 264
240 286
54 65
215 259
234 284
140 170
182 221
235 288
242 298
217 268
131 162
220 275
109 137
184 234
76 97
142 182
28 36
203 265
206 271
228 300
77 103
89 120
148 202
148 203
135 186
162 227
205 288
94 136
201 292
135 204
131 198
36 55
17 26
24 38
153 245
45 74
65 108
178 297
138 233
156 274
47 83
166 294
147 272
93 177
93 181
145 285
60 119
136 271
101 204
69 142
140 291
129 271
138 294
136 293
89 192
90 200
115 268
104 243
68 163
60 145
104 261
118 297
117 296
112 290
88 257
92 274
52 158
20 61
49 150
9 29
62 208
27 92
35 127
21 78
61 236
75 299
35 143
25 105
49 213
57 258
51 252
47 233
37 189
49 288
22 138
17 110
6 41
41 296
12 91
31 283
22 215
26 259
22 245
22 287
12 158
13 179
8 274
4 151
4 207
5 284
1 77
3 271
2 231
