1022046
53 21
250 47
281 137
164 75
238 55
289 142
273 104
80 39
203 36
96 23
294 32
123 6
117 6
275 135
78 35
107 24
66 21
201 34
162 19
248 117
244 110
70 23
238 112
273 52
294 17
213 103
65 24
175 43
286 122
212 48
203 63
273 98
73 26
123 31
223 11
190 15
167 32
268 1
126 36
198 77
241 51
87 26
218 27
193 28
257 106
263 12
133 27
290 87
297 59
188 18
149 57
218 28
224 27
276 58
251 81
236 34
198 92
149 25
226 99
79 24
225 93
200 46
268 70
32 9
194 18
299 113
293 128
122 43
258 111
187 17
134 36
194 84
185 91
242 105
191 54
174 19
191 90
252 88
115 41
290 76
265 32
200 65
172 78
197 49
282 25
256 37
146 61
265 75
139 7
170 13
201 38
262 34
284 73
264 63
269 55
226 72
188 71
161 56
192 88
60 29
194 81
290 132
242 108
152 76
201 101
95 48
182 93
290 150
181 95
36 19
122 65
97 52
236 127
262 141
269 145
157 85
149 81
86 47
283 157
232 129
286 160
176 99
213 121
199 115
219 129
219 130
229 136
271 161
291 175
171 103
59 36
186 115
59 37
294 185
249 157
290 187
215 141
243 162
226 153
176 120
228 157
207 143
123 87
135 97
126 91
184 136
181 135
107 80
159 119
143 108
114 87
98 75
111 85
277 215
55 43
92 72
131 103
291 230
260 208
230 184
211 169
297 238
251 202
175 141
211 171
190 155
142 116
240 197
34 28
286 236
224 185
140 116
213 178
70 59
96 81
196 166
278 239
298 258
240 210
112 98
185 162
226 198
275 243
87 77
141 125
290 258
202 180
244 218
47 42
177 159
282 255
167 152
263 240
120 110
245 225
145 134
173 160
151 140
205 191
222 207
167 158
187 177
216 205
226 217
179 172
249 240
142 137
100305 100027
100288 100040
100539 100296
115902 115631
100422 100193
100489 100261
100485 100258
58 12
187 160
131547 131317
131498 131300
