60008013
176 27
194 49
64 4
39 5
91 15
82 16
101 20
173 41
65 18
155 47
41 13
14 5
159 57
107 41
143 59
166 70
120 53
145 65
188 87
196 95
183 91
200 107
110 59
154 96
125 79
104 67
128 83
179 117
173 115
145 108
110 82
142 107
105 82
160 125
133 106
163 130
151 128
132 112
96 83
121 113
128 127
130 13
60000200 60000127
171 183
143 158
127 146
22 26
91 113
101 127
108 151
120 172
108 159
117 183
34 54
88 144
60 100
94 165
84 160
87 170
81 160
57 114
73 152
78 191
74 183
41 116
67 192
36 117
22 76
28 118
44 197
13 61
34 183
14 78
19 107
22 188
23 198
7 89
15 193
7 104
10 196
2 146
