100020038
253 2
180 3
288 6
261 6
163 6
295 11
291 11
165 7
135 6
258 12
285 15
279 15
166 10
98 6
224 14
300 21
229 17
91 8
280 28
232 25
152 17
287 34
190 23
139 17
198 25
55 7
226 31
229 33
206 30
217 32
223 33
276 42
85 13
287 44
258 44
164 28
249 43
276 49
268 48
282 52
282 52
296 55
191 36
275 52
284 54
104 20
200 39
111 22
259 53
204 42
140 29
253 53
130 28
226 49
244 53
103 23
147 34
270 64
193 49
193 49
82 21
213 58
123 35
35 10
296 86
242 71
291 86
148 44
180 55
230 72
140 44
274 87
225 75
289 98
178 62
170 64
162 61
207 79
117 45
93 36
297 115
279 110
278 110
162 65
200 81
243 101
208 87
82 35
149 65
193 85
274 121
169 75
81 36
101 45
282 127
296 134
230 108
241 115
44 21
267 128
141 69
260 131
120 61
176 91
73 38
263 139
300 160
130 70
296 161
97 54
244 136
136 76
241 136
161 91
246 140
99 57
198 114
225 130
282 163
201 119
135 81
95 57
283 172
165 101
195 120
294 182
293 182
275 171
253 158
278 174
180 114
282 179
179 114
247 158
189 122
130 84
231 150
206 135
246 163
286 190
63 42
272 186
261 179
102 71
285 199
154 108
299 210
223 157
170 120
24 17
175 125
193 139
136 98
160 117
216 158
221 162
296 218
248 184
163 121
4 3
188 141
28 21
199 150
273 208
295 225
203 158
263 205
91 71
261 204
216 169
284 224
232 183
243 192
254 201
229 182
243 196
282 230
120 98
157 129
274 227
218 181
145 121
280 234
183 153
99 83
223 187
149 126
232 198
169 145
217 188
228 200
242 213
62 55
233 209
194 176
35 32
43 40
218 205
249 236
231 219
158 150
109 104
225 217
117 113
126 122
126 123
228 2
150 147
181 179
293 291
187 186
10195585 10195330
10390887 10390636
10781541 10781294
10390924 10390695
11562792 11562544
13125278 13125001
285 279
10195577 10195343
284 298
10195599 10195387
13125268 13125006
79 79
252 298
81 82
208 211
66 67
264 269
152 156
279 287
100 107
215 232
73 79
231 250
167 183
93 102
72 79
116 129
220 245
257 287
124 139
156 175
250 281
250 282
224 254
255 293
64 74
210 243
55 64
246 290
243 287
241 285
81 96
54 64
43 51
161 192
148 177
209 250
129 155
148 178
24 29
218 264
141 172
121 148
154 190
220 273
144 180
223 281
213 271
98 127
224 291
121 158
206 271
148 195
123 163
126 167
163 220
156 213
184 266
123 178
125 183
68 100
183 270
191 282
176 260
80 120
138 207
154 233
179 271
38 58
165 253
30 46
30 46
70 108
184 289
187 294
44 70
132 212
130 209
118 192
180 293
171 279
159 260
128 210
112 184
53 89
76 128
115 194
131 224
129 224
163 285
79 139
167 294
90 160
