99841429
191 3
172 4
107 3
157 5
138 5
157 6
74 3
190 9
181 9
171 11
153 10
177 14
119 11
124 12
117 13
138 17
179 24
145 20
164 24
73 11
125 19
134 22
56 10
89 18
119 25
168 37
177 41
176 42
139 34
106 27
128 34
135 37
169 48
84 24
73 21
95 30
37 12
43 14
182 60
161 54
142 49
187 66
169 60
72 26
198 76
106 42
95 39
53 22
198 84
145 63
36 17
185 91
153 77
160 81
77 39
96 50
188 99
159 84
133 71
135 73
136 76
93 52
70 40
179 103
138 81
178 105
137 81
110 66
160 97
119 73
168 107
178 118
130 87
85 57
185 126
192 136
110 78
155 110
152 108
139 99
198 145
186 137
60 45
122 92
120 91
162 123
154 117
92 70
181 142
101 80
175 141
153 127
197 164
146 123
187 159
50 43
129 111
186 161
112 98
189 1
181 162
198 178
22 20
80 76
150 144
171 167
195496 195328
195500 195336
195459 195326
195477 195351
195448 195323
195457 195332
195462 195348
195465 195351
195433 195329
195476 195373
195507 195406
195502 195414
390817 390663
195423 195346
195494 195421
195499 195426
390814 390669
390782 390643
390823 390701
390750 390630
195444 195389
390750 390641
390740 390639
390763 390668
781448 781273
195382 195339
390774 390688
390734 390651
390720 390639
390817 390736
195434 195395
195493 195456
781403 781258
390785 390713
390764 390693
390737 390672
195387 195355
195497 195465
390742 390679
195359 195328
781375 781255
110 97
390762 390704
781416 781309
781410 781308
781404 781305
390750 390711
781407 781331
390675 390638
781354 781281
1562682 1562545
1562666 1562537
390730 390699
1562699 1562578
195387 195372
390666 390638
390824 390796
781378 781323
781394 781339
781368 781315
390774 390748
390808 390783
1562648 1562554
781354 781307
1562695 1562603
1562647 1562565
1562675 1562595
781331 781293
781358 781320
1562614 1562540
781387 781350
781332 781296
3125193 3125062
1562680 1562615
3125178 3125059
1562659 1562600
1562664 1562606
1562646 1562591
781438 781318
3125181 3125087
3125192 3125103
390691 390680
1562638 1562626
781315 781296
1562591 1562559
1562646 1562628
781447 781439
1562668 1562656
1562618 1562609
195508 195507
781385 781385
781390 781392
390818 390820
3125178 3125200
1562616 1562634
1562597 1562618
781408 781423
781330 781349
195418 195423
781390 781412
1562608 1562652
1562631 1562688
781392 781421
195430 195438
781308 781349
390731 390753
781305 781350
390660 390687
781354 781411
390747 390776
195346 195361
781327 781387
781350 781413
390694 390726
59 77
781312 781383
781318 781392
390723 390762
195349 195369
390655 390697
390707 390753
390735 390783
195339 195363
390664 390714
781332 781449
195465 195495
390692 390753
390675 390736
390688 390754
390656 390728
195471 195512
195462 195507
390663 390756
390666 390772
390686 390797
195434 195491
195444 195502
195405 195469
390661 390800
195429 195508
195358 195450
195327 195423
195326 195429
195402 195509
195337 195454
195375 195499
195336 195473
195329 195472
195335 195480
142 146
138 142
138 143
171 180
106 112
162 175
112 123
89 99
33 40
148 183
151 188
52 65
146 184
65 165
66 88
80 108
126 179
97 139
91 133
45 67
61 95
115 194
92 157
101 173
50 86
89 155
110 197
65 120
104 195
38 74
47 96
69 145
77 162
46 98
6 13
82 188
84 194
72 176
33 91
29 83
47 141
56 181
6 20
20 68
41 143
36 129
28 101
42 152
8 29
48 174
36 138
39 152
20 79
20 83
38 159
38 159
15 65
28 125
23 109
20 97
37 181
40 200
6 38
19 122
23 148
25 180
26 197
10 79
18 179
6 64
9 141
5 93
8 184
6 172
3 89
2 66
4 197
1 195
