9997537116
149 4
62 2
178 6
199 8
262 12
201 10
281 18
280 22
63 5
240 20
255 22
114 11
186 18
264 26
299 33
184 24
243 33
131 19
164 33
160 33
287 62
228 55
112 2
213 53
253 69
117 32
51 14
250 69
239 69
228 66
288 84
111 33
117 37
195 62
110 37
58 20
176 62
274 98
232 84
204 74
87 33
139 54
243 97
268 107
202 83
92 38
197 82
248 108
288 132
174 80
53 25
162 77
292 152
274 145
149 84
258 146
282 163
70 41
97 57
190 117
275 170
210 132
171 108
191 122
270 173
219 144
227 155
113 78
282 196
251 178
42 30
260 186
268 194
274 201
148 110
188 148
105 83
225 178
158 125
296 235
183 146
269 215
110 88
267 214
228 183
186 151
100 82
241 199
166 138
295 247
267 224
286 241
153 130
133 115
223 193
179 161
262 238
175 159
159 145
61 57
132 124
179 169
92 89
92 90
298 293
322500273 322500049
322500285 322500061
322500250 322500028
322500269 322500053
322500296 322500086
322500279 322500080
322500277 322500083
322500224 322500038
322500249 322500077
322500289 322500118
322500300 322500130
322500300 322500156
279 69
322500265 322500124
322500299 322500170
267 267
322500299 322500173
322500246 322500126
322500241 322500124
322500277 322500160
322500283 322500166
322500299 322500193
322500243 322500140
322500286 322500190
322500272 322500234
322500243 322500220
322500225 322500224
322500229 322500237
322500239 322500248
322500260 322500287
322500262 322500298
322500247 322500286
322500235 322500276
126 194
254 257
238 241
142 146
250 262
221 235
254 282
259 295
62 71
173 199
154 185
224 270
193 235
216 275
93 120
132 173
54 71
18 24
124 172
148 206
151 211
137 193
119 169
182 260
111 159
89 130
160 236
138 206
69 106
125 194
93 148
134 220
81 134
67 114
99 169
90 156
135 237
98 176
72 130
148 272
106 195
151 282
148 280
143 274
119 235
88 182
32 69
39 96
113 295
99 262
63 175
83 232
95 274
54 159
58 176
55 181
24 79
60 200
49 177
56 207
56 213
74 283
69 280
33 136
62 261
14 66
38 190
35 178
24 123
51 264
28 156
7 45
14 103
25 213
14 120
16 141
21 206
28 298
13 158
13 176
16 217
15 290
14 282
4 81
12 288
5 159
7 276
7 287
6 266
3 201
2 202
2 218
1 196
