513559
96 60
98 3
71 4
77 5
75 6
68 6
84 49
88 8
88 9
96 10
70 8
84 10
88 13
91 14
88 51
77 13
97 53
75 14
72 14
53 11
76 41
89 23
91 45
84 22
58 16
84 41
65 19
66 20
91 28
81 25
90 28
97 32
86 29
71 24
81 28
57 21
79 37
66 25
81 31
90 41
85 38
70 30
96 42
66 29
88 39
11 1
37 6
28 5
38 9
23 6
48 14
37 14
55 22
43 18
55 26
57 28
16 8
70 37
69 37
61 33
61 34
54 31
69 40
77 45
44 26
28 17
81 50
66 41
83 53
54 35
43 28
72 47
83 55
15 10
72 50
83 58
48 35
75 55
86 64
47 35
84 63
87 66
84 64
51 39
90 70
9 7
100 78
80 63
80 63
95 76
15 12
35 28
55 44
84 68
95 77
22 18
72 59
45 37
95 79
89 4
53 45
50 43
68 61
70 63
100 90
93 84
95 87
97 89
75 69
80 75
17 16
68 65
48 46
89 87
54 53
72 71
83 82
75 63
501100 501005
94 96
2 2
42 73
67 68
86 89
92 96
30 32
74 79
45 49
83 92
65 73
74 84
56 64
85 98
77 90
74 87
85 100
60 71
43 51
48 57
81 97
29 35
60 73
75 93
49 62
22 28
72 93
53 69
46 60
38 51
69 93
71 97
66 91
60 83
56 78
53 74
35 49
62 89
25 36
37 54
21 31
20 30
40 61
55 84
20 31
64 100
52 83
34 55
45 73
56 92
55 91
6 10
6 10
49 82
46 78
50 85
31 53
57 98
53 93
50 88
52 93
43 78
35 65
45 84
50 95
50 96
34 66
35 72
47 98
39 89
12 28
20 47
8 19
35 86
34 87
20 52
21 55
37 97
21 56
25 68
13 37
30 86
25 72
26 77
32 95
6 18
30 92
20 63
19 62
14 47
6 21
11 42
16 62
18 76
18 76
15 64
20 86
2 9
15 68
11 51
13 62
18 86
11 53
8 47
9 54
16 98
2 14
8 71
11 98
9 83
1 11
4 51
2 27
2 27
5 77
3 53
4 97
1 25
1 62
1 62
1 62
1 89
