1008543
143 6
269 131
299 108
214 46
279 113
235 37
273 52
162 4
268 1
276 28
266 19
235 50
290 153
284 138
282 50
184 15
258 34
242 51
279 113
102 5
81 18
133 40
144 49
143 49
175 71
195 81
212 98
162 80
260 135
214 114
49 27
121 67
93 53
261 149
179 103
187 109
80 47
225 134
212 128
240 145
129 78
80 50
246 162
223 154
278 193
238 166
170 124
194 144
261 203
244 192
270 213
215 173
82 66
112 91
207 170
89 74
250 210
133 115
113 100
159 143
53 48
86 79
276 31
100756 100507
104174 103934
101234 101001
108086 107843
104186 103954
104164 103951
248 232
102184 101981
259 260
108008 107824
162773 162520
157 162
