99971224
108 1
162 19
135 16
143 18
115 17
145 28
15 3
187 42
200 49
88 24
77 23
106 33
164 53
182 66
170 62
189 69
110 47
169 78
138 67
196 99
199 107
39 23
168 106
108 72
194 137
94 69
189 139
76 56
192 148
99 81
162 137
78 66
14 12
193 177
174 162
192 187
168 166
150 149
10390819 10390644
161 4
114 90
188 190
11562700 11562551
10195503 10195380
10390824 10390707
11562698 11562583
13125199 13125075
11562693 11562623
10390825 10390783
10781444 10781441
114 114
185 190
79 178
133 135
155 161
137 147
117 131
169 190
171 193
50 59
136 171
76 104
27 37
131 195
75 114
85 131
35 54
49 76
77 122
119 197
26 45
78 148
90 173
62 124
90 188
79 185
30 87
11 35
48 165
24 110
26 128
15 116
19 178
15 165
12 156
6 88
10 166
3 64
4 171
