9999949865
23 1
14 1
74 6
45 5
54 6
81 10
56 7
80 10
82 12
98 16
49 8
94 16
95 19
43 9
97 21
32 7
95 24
39 10
42 11
64 18
94 27
95 28
88 26
88 29
93 31
100 35
62 22
70 25
80 31
23 9
93 1
98 39
25 10
92 37
27 11
79 33
76 32
88 38
87 38
51 23
55 26
24 12
89 46
89 47
51 27
78 43
40 23
69 40
76 45
65 39
86 52
58 36
86 55
76 49
98 66
95 64
68 27
82 57
93 66
86 63
77 57
12 9
75 60
76 61
97 79
76 63
26 22
96 82
39 34
94 82
82 72
87 77
93 83
96 86
57 52
92 86
42 40
36 35
57 56
78 77
94 93
20531348 20531261
20531350 20531300
40062595 40062515
20531350 20531311
40062598 40062524
71 49
40062596 40062542
79125099 79125001
79125097 79125001
40062600 40062552
79125099 79125010
79125100 79125021
79125096 79125023
79125098 79125035
79125098 79125055
40062599 40062580
40062597 40062579
79125098 79125069
40062599 40062585
157250100 157250091
40062595 40062584
313500097 313500022
313500095 313500021
313500100 313500051
626000100 626000003
157250099 157250076
626000099 626000011
626000098 626000012
626000099 626000023
313500100 313500065
313500099 313500078
313500095 313500075
157250100 157250094
626000097 626000080
1251000098 1251000072
626000099 626000096
1251000097 1251000095
8 8
52 52
40062599 40062599
313500096 313500096
20531345 20531345
33 33
77 94
92 93
71 72
70 72
70 72
82 85
32 35
18 20
74 84
70 81
67 81
68 83
52 64
63 80
49 63
46 60
28 37
69 95
35 50
69 99
46 67
32 47
18 27
50 75
61 93
45 69
49 76
41 66
31 51
60 99
32 53
49 89
7 13
49 93
51 98
16 31
50 100
18 37
32 66
45 94
10 21
42 92
25 55
28 62
32 72
34 83
40 98
24 59
13 32
40 99
26 66
27 72
27 84
22 69
26 82
19 60
22 70
24 77
21 73
26 92
19 70
23 88
17 67
18 82
3 14
9 42
13 64
9 51
12 81
10 73
8 92
4 80
3 82
3 98
1 73
1 84
