1005442
68 1
100 3
33 1
79 3
72 3
92 4
22 1
42 2
78 4
92 5
87 5
93 6
15 1
76 6
59 5
100 10
60 6
80 10
94 13
75 11
71 13
94 18
66 13
50 10
95 20
100 22
75 17
61 14
86 20
48 12
27 7
99 26
86 23
56 15
66 18
57 16
60 17
81 23
21 6
55 16
92 27
34 10
71 22
97 31
71 23
73 24
97 32
53 18
93 32
40 14
37 13
54 19
63 23
35 13
84 33
81 32
50 20
60 25
87 37
66 29
96 43
11 5
76 35
30 14
96 45
46 22
85 41
89 44
49 25
52 27
50 26
86 46
41 22
70 38
47 26
37 21
88 51
73 43
81 48
38 23
97 59
8 5
70 44
27 17
94 60
95 61
88 57
54 35
77 50
73 48
83 55
76 51
19 13
89 61
43 30
63 44
58 42
81 59
72 54
66 50
48 37
47 38
27 22
40 33
77 64
12 10
100 84
77 65
58 49
39 1
62 53
76 66
31 27
46 41
90 82
73 67
99 91
53 49
95 89
77 74
77 75
80 78
89 87
90 88
76 75
41350 41264
41341 41258
47 40
95 100
72599 72501
72598 72501
72590 72504
72585 72502
72596 72514
72599 72517
72598 72517
135097 135005
135087 135001
135090 135005
33 33
25 25
79 80
74 75
58 59
87 89
85 87
35 37
85 90
83 88
31 33
93 99
26 28
36 39
18 20
