1008639
21 10
209 145
70 62
1065 988
92 9
73 39
56 49
37 13
77 20
44 37
76 72
46 1
59 4
96 49
71 3
95 75
31 12
83 24
89 41
1070 1023
78 39
2021 1959
2047 1957
92 7
2002 1958
96 27
1047 1021
178 154
77 22
1043 1004
70 23
78 16
46 27
1018 980
2015 1966
1061 1032
97 63
82 9
14 2
1010 980
52 15
58 2
79 4
1026 994
91 35
71 14
53 16
46 20
1062 999
1065 1000
48 26
87 47
2021 1955
35 23
84 31
48 28
44 25
581 547
48 29
200 185
89 79
87 68
76 9
96 63
87 73
567 511
45 15
40 19
562 533
575 521
55 40
4006 3913
580 500
93 7
48 10
581 543
96 17
83 56
68 4
82 59
586 558
95 91
586 492
70 13
87 8
313 263
576 513
76 44
99 71
98 56
83 75
81 16
220 175
97 63
81 32
533 500
87 3
80 4
22 12
310 279
281 261
89 6
311 302
205 168
99 87
314 270
343 328
334 316
61 43
97 20
171 135
169 135
315 253
211 188
335 307
73 52
181 123
64 29
48 7
221 154
215 147
272 253
259 252
199 193
325 278
83 28
96 15
99 37
184 179
68 62
198 150
89 27
150 124
55 48
339 274
61 10
322 296
87 6
75 6
95 80
89 37
302 246
216 163
292 254
72 9
185 143
31309 31274
31344 31286
31315 31271
15705 15667
31324 31273
7894 7835
7854 7825
7849 7821
1071 1054
521 510
1994 1979
1965 1954
1057 1034
1991 1972
1040 1029
1993 1965
15718 15668
2043 2019
2051 2039
1028 1012
2042 2016
7854 7834
1975 1957
2029 2007
2038 2025
3984 3947
4004 3942
3978 3960
3969 3925
31335 31252
3955 3921
3998 3983
7897 7814
3969 3934
3974 3943
526 519
7853 7829
3986 3974
3934 3911
15717 15638
15697 15652
3991 3914
15716 15658
3999 3951
15721 15651
559 553
7872 7829
3971 3928
31330 31252
7863 7822
15680 15645
31345 31285
15700 15669
15691 15653
31337 31301
62582 62525
31307 31272
15665 15635
15700 15664
4 1
18 15
21 18
36 33
63 60
157 154
295 291
82 81
272 269
532 528
539 536
2015 2010
3917 3908
1060 1058
7832 7819
7832 7821
15707 15689
31290 31256
7884 7876
7827 7820
31284 31258
31323 31297
31336 31310
15724 15711
31348 31323
7865 7859
78 43
62562 62503
3972 3969
34 34
543 543
167 167
78 78
2011 2012
246 247
