563157
263 8
118 4
142 5
135 5
248 12
224 15
247 18
263 22
125 11
180 16
178 17
188 18
276 29
272 29
128 14
197 22
296 34
141 18
76 10
181 24
155 22
203 30
161 24
122 19
296 48
288 49
158 27
297 51
118 21
84 15
143 26
184 36
166 34
214 44
210 44
300 64
213 47
195 44
248 58
58 16
143 40
231 66
264 77
270 79
64 19
197 60
119 37
175 56
196 63
232 79
251 87
205 72
294 105
275 100
160 59
143 53
105 39
265 100
198 76
129 50
287 113
204 81
213 85
115 46
70 28
147 59
279 112
131 53
177 73
257 106
128 53
169 70
102 43
146 62
181 79
239 105
182 80
240 106
139 62
247 112
129 59
258 121
116 55
220 107
281 137
246 120
197 98
226 113
268 139
113 59
270 143
118 63
234 125
155 83
136 74
294 160
169 92
185 101
271 148
267 147
228 126
238 132
241 138
258 148
256 149
244 143
175 103
234 138
88 52
241 143
55 33
224 143
217 141
289 188
89 58
227 148
201 132
158 104
247 163
156 103
240 159
48 32
228 152
85 57
222 151
219 149
51 35
227 156
237 164
130 92
131 94
277 200
250 181
190 138
119 87
206 151
236 174
142 107
266 203
233 179
9 7
193 152
95 75
253 200
183 146
266 213
211 169
58 47
255 211
244 204
233 196
65 55
135 116
249 214
80 69
285 246
122 106
251 221
217 194
75 68
161 146
35 32
234 214
107 98
132 121
63 58
278 257
237 1
286 270
251 239
70 67
177 171
134 130
175 172
294 286
178 176
247 246
92 86
510300 510006
276 287
265 265
165 236
214 215
223 226
173 178
128 132
146 151
256 268
209 219
225 239
31 33
230 247
251 270
113 124
114 126
235 262
230 257
250 280
264 296
242 274
165 189
197 227
78 90
192 222
199 232
12 14
146 172
181 218
62 75
141 171
202 245
145 179
175 220
222 281
184 233
149 189
187 238
219 279
215 279
47 61
98 132
186 252
103 141
73 100
99 137
196 273
162 226
70 98
166 233
162 228
114 161
168 238
95 259
139 200
204 294
162 234
118 172
203 296
76 111
154 225
200 297
195 293
176 265
199 300
98 152
169 265
173 275
20 32
122 196
62 100
176 286
115 188
146 239
144 238
103 173
119 201
142 246
165 287
29 51
59 104
57 102
118 213
132 239
72 131
158 291
79 147
134 251
100 189
68 129
126 240
109 209
96 185
67 130
112 220
85 172
112 228
124 258
128 268
136 294
101 219
129 280
69 150
120 261
115 251
68 154
95 217
38 89
105 248
91 216
108 257
107 255
57 136
75 182
66 165
103 264
112 293
94 246
46 132
102 297
71 207
87 259
40 120
95 288
12 38
94 299
88 285
65 212
78 267
51 178
70 246
41 149
62 229
79 294
79 299
8 32
62 252
61 249
30 126
69 290
38 165
64 280
59 263
48 217
63 290
51 240
38 182
42 214
54 281
27 141
55 298
33 184
29 171
16 96
35 211
12 73
49 299
33 213
44 287
22 151
39 274
30 212
29 214
35 264
28 215
35 288
17 142
15 146
29 291
26 263
25 272
20 221
2 24
15 187
14 186
11 172
18 285
12 207
12 220
8 290
3 194
2 169
