50121321
284 124
167 6
222 80
207 12
262 16
241 17
272 29
231 26
202 25
205 28
180 33
274 56
265 85
298 68
250 58
276 65
255 62
299 75
197 54
252 12
159 33
79 22
72 26
97 38
227 89
175 70
11 5
194 93
194 103
47 25
297 161
146 86
290 177
54 34
290 183
96 63
164 108
275 182
264 175
230 154
230 159
272 192
256 182
231 165
277 199
269 194
299 220
285 214
271 214
241 191
213 170
216 174
203 164
212 179
221 187
92 78
158 136
198 172
241 213
290 260
273 245
69 63
141 131
205 200
247 242
288 281
110 108
227 224
160 158
119 6
50100300 50100114
268 297
130 134
170 171
202 204
193 198
18 204
124 130
99 104
215 237
185 206
68 77
120 138
56 68
158 192
213 261
140 174
164 209
228 292
115 148
162 221
112 161
174 255
78 120
105 162
180 284
130 207
48 77
178 298
100 176
120 214
103 186
131 238
117 218
68 127
60 124
103 226
112 251
98 223
104 245
90 219
112 276
14 36
60 167
84 234
68 207
57 174
72 275
68 269
69 293
61 297
42 206
51 269
34 181
29 173
19 116
32 205
41 299
30 243
23 212
19 232
20 289
18 300
6 104
12 264
2 63
9 300
8 276
6 300
1 59
1 232
