1024985
212 76
221 103
251 17
12223 12001
125 18
268 45
59 24
162 39
130 63
162 131
276 75
182 112
172 70
248 194
281 171
170 31
166 19
241 167
265 85
255 124
151 103
121 7
287 138
86 6
200 48
140 17
215 86
12237 12023
117 87
82 63
233 54
168 129
69 21
201 122
12214 11991
12239 12016
12170 11958
128 72
12253 12035
206 189
225 161
246 225
254 156
256 146
207 70
152 116
211 102
103 45
234 42
121 37
173 146
159 18
180 24
292 183
243 198
100 71
52 16
73 44
134 14
203 2
180 69
172 7
256 68
289 87
278 66
255 177
212 79
191 12
12246 12039
149 30
241 162
12225 12003
252 85
195 76
220 76
144 55
255 77
201 68
235 125
132 95
242 47
274 182
169 86
177 118
147 83
285 200
114 38
195 99
14203 13964
204 65
52 8
288 25
235 95
274 140
116 94
144 45
279 152
221 41
181 79
14168 13909
225 78
281 231
246 209
203 158
84 37
208 98
159 98
80 52
234 64
285 73
149 13
207 184
294 12
285 38
273 176
112 2
203 126
150 30
269 44
102 3
281 12
232 42
275 114
144 55
237 109
123 62
205 191
180 159
14116 13913
14184 13947
14175 13986
12183 11991
12230 12051
14158 13966
12210 12022
12135 11964
12226 12022
18087 17854
18102 17814
14138 13930
14205 14015
18100 17814
14150 13953
12201 12008
64 57
168 156
129 123
278 267
241 232
138 134
142 138
216 211
218 213
12174 12013
12197 12036
12224 12071
12248 12097
12134 11985
12215 12067
14202 14033
14100 13933
12113 11973
18035 17831
12201 12063
177 175
12139 12004
12153 12018
14072 13920
12136 12006
14153 14006
12206 12081
12108 11985
12078 11959
12096 11977
18010 17838
12217 12101
14055 13923
12219 12109
14147 14020
12133 12025
14087 13962
12213 12105
25872 25645
25861 25635
12184 12078
14166 14043
12201 12097
14050 13931
18021 17870
18105 17956
25899 25689
25839 25630
14138 14028
14019 13911
194 136
12066 11967
18092 17954
12249 12156
18050 17914
151 150
166 167
