6000030403
113 2
183 4
196 5
265 7
256 7
231 7
215 10
279 13
229 11
136 9
102 7
127 10
189 15
211 18
266 26
139 15
214 24
234 27
260 33
164 21
247 39
135 22
185 33
273 56
246 51
197 43
255 59
43 10
250 59
146 35
205 53
158 41
217 58
251 68
171 47
194 54
191 60
129 43
287 98
290 106
251 92
281 103
271 104
26 11
197 85
59 26
133 60
219 108
270 137
296 152
219 117
237 129
298 167
188 108
247 143
191 111
271 160
58 35
149 90
281 178
155 100
258 173
180 122
253 173
193 137
295 211
275 198
155 114
290 217
291 222
300 231
291 229
287 229
278 222
162 131
64 53
249 209
205 174
266 226
57 50
144 130
260 235
201 184
267 245
111 105
166 158
289 277
96 93
259 252
58 57
234 233
276 3
6000000300 6000000284
257 264
133 219
213 214
218 229
157 165
222 240
208 227
84 93
205 227
175 198
58 66
41 48
181 212
251 298
127 151
230 277
33 40
191 232
99 126
22 28
122 156
109 140
185 239
164 220
158 212
28 38
131 178
172 235
217 299
135 188
214 299
10 14
131 195
133 199
79 119
187 285
196 300
182 285
119 187
168 265
145 230
27 43
103 166
168 273
176 295
94 159
165 280
169 288
65 112
115 199
162 290
145 264
119 219
161 297
125 237
93 185
78 156
54 108
78 159
40 82
125 264
106 231
128 279
131 294
131 298
98 231
88 215
90 229
66 168
102 262
83 214
79 208
84 231
84 232
86 238
16 45
99 297
70 212
62 189
77 236
46 141
96 299
62 202
71 241
83 297
35 145
41 176
61 273
46 241
44 231
30 162
28 162
23 134
40 236
44 278
14 90
15 104
32 228
8 58
25 190
24 185
35 274
26 217
19 220
20 282
5 103
8 234
4 290
