99419051
203 4
114 6
176 13
276 23
127 12
183 21
287 33
190 27
119 17
268 39
203 30
190 34
132 25
207 41
25 5
293 60
290 69
188 45
277 68
287 72
243 61
226 58
147 39
93 26
74 21
250 75
140 44
229 74
191 62
104 34
167 56
280 95
89 31
148 54
260 97
251 94
228 11
192 73
264 102
236 94
105 42
207 83
152 61
210 86
201 83
271 112
226 95
169 72
193 84
258 115
139 62
60 27
268 121
255 117
85 39
182 84
222 103
296 138
68 32
242 117
159 77
225 110
249 122
283 139
136 67
298 148
200 101
172 87
95 49
298 155
280 150
218 117
277 150
279 154
197 110
132 75
205 117
290 167
217 126
236 139
253 156
186 117
135 85
179 68
96 62
270 178
203 135
212 141
287 194
226 157
292 206
239 169
125 89
190 137
287 208
294 214
92 67
118 86
232 171
210 156
181 136
263 198
193 146
179 136
167 127
223 170
202 154
248 191
166 128
149 117
182 144
289 235
244 201
279 231
239 199
282 236
176 148
275 232
200 170
130 112
289 249
198 174
207 182
154 137
245 218
218 138
78 70
140 126
141 128
140 128
71 65
84 77
195 180
58 54
178 168
124 118
22 21
188 182
232 225
278 272
235 230
13125290 13125059
243 218
43 41
252 288
35000291 35000130
35000297 35000223
139 139
16250296 16250297
212 288
215 216
236 239
189 194
157 164
48 51
237 252
205 222
246 276
241 272
172 195
203 237
117 138
49 58
36 43
105 126
153 188
109 134
213 265
144 180
90 116
92 119
148 192
142 188
151 201
210 280
94 248
192 264
189 265
93 132
201 289
97 140
29 42
93 135
114 167
181 268
199 297
129 193
165 249
125 190
142 216
128 197
190 293
188 291
112 174
64 100
164 269
114 188
174 287
169 279
177 294
151 251
157 263
149 250
166 290
139 244
111 195
105 187
126 226
151 275
122 226
123 228
151 288
70 134
104 200
36 70
84 165
129 255
123 245
134 269
45 91
87 178
32 67
112 237
122 261
34 74
102 223
105 232
75 166
93 211
125 286
104 238
111 265
109 267
103 258
90 229
80 204
68 175
85 219
101 265
99 261
80 216
93 253
71 196
88 248
70 201
100 289
54 157
80 237
86 265
92 295
66 226
58 201
70 245
80 293
61 224
53 195
59 220
8 30
17 65
20 77
66 268
53 223
42 192
54 249
55 255
26 135
46 239
38 199
49 258
13 74
44 258
13 78
41 279
33 227
23 159
29 203
29 212
32 256
12 97
36 298
20 166
32 278
22 205
20 189
25 244
18 176
23 231
27 295
17 201
23 273
21 283
6 84
15 223
9 140
4 75
11 207
8 172
7 201
9 263
6 212
5 238
3 249
2 233
1 241
