1010475
220 48
202 2
280 4
188 3
94 2
112 9
82 7
115 15
266 38
208 32
175 29
288 50
56 10
192 36
179 34
133 27
182 44
61 15
221 56
183 49
88 24
204 57
139 39
73 21
225 67
166 54
208 68
292 96
158 52
262 91
253 88
297 109
44 17
243 98
211 86
107 44
63 28
211 95
215 97
294 135
227 106
107 52
69 34
99 49
281 140
4 2
204 104
238 125
206 110
187 100
200 108
136 74
300 172
264 155
272 161
65 39
294 178
234 145
164 103
213 137
220 143
280 192
176 121
284 196
290 202
277 201
217 166
218 171
174 137
165 130
112 91
172 140
198 171
277 242
223 197
182 167
223 206
228 211
55 51
275 255
243 235
234 230
206 203
269 267
100329 100032
104205 103912
100300 100034
100299 100034
100354 100093
205 1
108095 107818
269 275
101268 101025
115925 115664
162789 162522
223 225
62 68
