60014918
292 120
285 115
260 40
181 28
218 36
298 117
290 72
285 104
239 62
156 41
185 50
277 75
224 65
165 55
282 96
244 89
29 7
98 24
93 24
2 1
134 70
142 75
286 38
160 92
232 135
120 79
159 108
295 204
118 84
252 186
38 30
88 70
202 161
212 171
150 124
203 173
296 260
207 191
149 143
281 278
298 289
97 96
163 88
60000300 60000020
258 300
155 214
216 218
199 203
156 163
84 92
127 145
81 93
166 196
187 221
172 206
221 266
164 200
167 205
20 25
234 294
232 292
142 181
192 245
69 90
114 149
109 148
165 229
61 85
158 223
96 139
172 257
22 33
166 289
129 236
48 89
143 268
117 220
23 47
93 191
52 109
142 298
82 175
85 182
96 221
93 228
89 225
76 197
114 296
49 139
51 148
97 287
23 69
14 42
64 194
51 198
50 203
44 238
41 226
26 206
27 263
9 93
