100000497
76 1
249 4
60 1
130 3
136 6
217 10
269 13
205 14
145 11
275 21
188 17
63 6
252 29
296 39
182 24
225 30
284 42
297 44
234 36
226 36
192 31
130 21
102 18
298 57
88 19
291 63
173 38
185 41
185 42
85 20
258 63
290 2
283 71
288 74
278 72
151 40
108 29
177 49
226 64
279 81
265 77
144 42
226 66
236 69
208 65
208 67
127 41
61 20
200 66
232 77
197 66
174 59
197 70
119 43
162 60
276 105
237 94
184 75
197 81
178 74
179 75
203 87
258 113
171 75
234 105
299 137
168 78
137 64
146 69
220 104
149 71
264 130
257 127
277 138
298 149
176 88
127 64
233 121
261 137
274 155
257 147
262 152
273 67
121 72
239 143
244 146
288 174
238 144
250 152
232 144
249 156
137 88
278 179
256 165
213 141
72 48
177 120
233 158
156 108
284 199
160 114
164 117
126 90
201 144
53 39
286 211
242 185
238 182
203 156
253 195
262 203
236 184
96 75
300 241
297 242
287 236
203 170
223 130
236 201
246 214
184 162
213 189
67 63
218 205
34 32
227 214
278 264
181 172
185 178
262 253
220 217
174 173
253 252
281 280
10195604 10195409
288 244
13125293 13125028
10781548 10781413
10390925 10390746
11562778 11562601
10390916 10390761
297 300
13125293 13125247
10195596 10195589
10195607 10195605
76 155
133 134
204 206
209 212
84 86
241 250
212 220
230 240
186 200
26 29
67 76
178 213
207 248
230 285
166 206
193 241
175 224
167 220
213 285
168 225
187 256
146 200
131 180
155 218
203 290
160 234
178 262
139 208
37 58
107 169
135 215
148 237
46 79
128 224
27 48
57 103
78 148
62 119
120 242
65 132
47 98
97 205
121 259
32 69
104 227
121 271
106 262
89 221
107 275
43 111
94 244
107 282
75 200
32 86
68 184
75 204
102 297
53 166
26 82
44 140
68 223
75 246
61 207
56 197
38 136
10 37
73 277
38 151
47 189
50 203
28 118
51 218
68 292
52 254
46 237
36 191
38 216
28 163
48 289
28 169
44 268
37 244
17 113
35 266
17 133
34 275
27 221
15 128
13 112
27 244
23 216
24 243
20 290
11 166
12 216
8 157
11 236
8 182
7 162
10 271
6 299
4 265
2 154
1 128
