1035599
139 17
281 100
154 130
118 69
671 584
629 576
232 94
713 586
550 511
183 68
674 579
127 112
229 71
1262 1185
787 608
244 105
1263 1135
298 191
291 77
1116 1005
259 49
1244 1053
201 68
56 42
32 4
225 35
602 489
1180 1061
1113 998
596 556
194 130
1249 1033
1248 1075
254 180
202 103
290 85
80 33
1209 1069
1116 1010
156 63
283 231
274 239
1248 1031
1096 1015
287 265
643 572
300 187
250 12
226 28
199 7
122 73
1098 997
1168 1096
1123 982
698 533
234 19
233 14
171 69
465 271
519 335
496 435
138 10
75 2
367 325
82 48
278 89
293 274
437 254
240 31
200 75
205 110
479 432
87 55
267 152
483 370
331 287
240 122
355 326
278 246
384 294
196 174
199 92
471 294
294 236
528 289
479 317
383 337
435 265
518 476
288 71
494 264
517 249
2115 1988
475 423
2196 2063
97 74
472 380
216 126
292 195
193 146
280 26
182 152
90 3
2137 1970
216 179
259 221
307 196
212 22
373 253
2248 2105
242 130
279 235
266 19
287 86
200 126
388 184
190 147
185 135
197 74
145 52
259 212
4197 3941
274 234
355 310
318 269
279 147
204 50
69 14
161 14
240 222
198 31
172 82
396 214
143 111
211 126
381 145
44 27
276 119
300 101
234 157
275 159
280 66
245 7
297 34
135 5
207 183
231 205
207 102
96 62
81 58
75 54
214 52
230 173
212 93
234 195
199 173
142 114
186 51
283 190
138 70
270 225
138 5
249 219
260 186
219 115
164 49
285 198
294 211
59 8
197 151
264 224
223 190
151 49
159 18
286 53
190 106
199 73
283 157
287 146
292 140
256 187
241 97
295 228
134 47
255 221
123 29
268 143
283 39
194 179
276 43
299 6
248 126
267 136
250 142
270 72
210 2
245 209
292 64
278 42
191 17
227 75
238 62
200 13
218 12
236 124
227 157
243 16
148 15
103 71
253 159
194 75
100 85
275 56
286 73
151 54
224 117
285 111
77 31
300 199
179 158
281 85
237 158
130 46
197 99
236 165
15877 15781
15923 15819
7956 7882
15802 15656
8069 7991
15894 15778
15836 15718
8067 7995
7999 7932
7932 7862
31536 31323
15853 15766
15794 15689
31540 31364
8073 7914
8075 7959
4113 3978
7988 7904
15846 15653
4073 4030
1157 1116
15838 15664
15803 15638
15902 15696
15911 15677
4174 4117
688 663
4118 3930
759 714
1152 1097
750 720
603 576
1041 1000
4084 3964
4186 4135
4015 3948
4145 3977
1102 1054
4187 4021
1099 1056
4113 4010
2150 2028
15912 15675
2062 2030
15856 15629
2089 2001
4114 3997
2051 1975
2242 2119
2200 2134
2058 2023
7972 7885
2253 2163
7948 7862
2188 2113
2064 1986
2137 2012
7998 7867
4162 3977
4151 4015
7965 7868
4172 3986
8024 7831
8105 7942
4069 3927
4001 3950
4103 3993
15808 15650
4034 3911
15863 15754
31515 31316
28 17
23 15
15 12
24 20
59 50
73 64
85 75
51 45
65 58
137 124
32 29
163 151
136 126
109 102
146 138
184 174
349 331
175 166
339 324
248 239
197 190
582 562
206 199
575 556
686 665
556 539
421 411
641 627
1110 1089
1181 1160
229 225
196 193
532 524
2127 2102
2227 2207
1259 1248
1231 1221
252 250
3990 3960
1256 1247
4048 4025
4162 4139
31541 31381
15922 15843
31411 31264
31414 31276
8055 8021
31483 31352
8080 8048
62773 62551
15721 15666
15738 15683
213 146
3933 3912
4043 4028
62745 62522
31385 31284
71 72
