625957
108 5
273 18
281 21
196 15
274 21
215 19
155 14
277 26
239 26
177 21
187 23
263 34
213 31
290 46
210 38
172 34
180 36
95 20
146 31
282 64
167 39
215 53
277 77
219 64
200 60
211 64
182 56
268 84
247 79
287 92
198 71
278 105
121 46
298 116
236 92
268 109
232 97
206 90
165 78
241 114
216 104
143 70
84 42
169 85
229 121
167 89
88 47
264 156
206 123
186 112
291 179
72 45
188 119
99 63
94 60
293 190
198 132
291 195
179 120
213 143
274 199
202 149
259 193
283 226
277 222
277 224
93 76
24 20
126 107
283 245
257 225
238 211
297 265
75 67
237 215
300 274
127 116
119 109
262 245
215 202
273 258
252 249
274 264
225 224
154 2
600300 600285
247 294
132 154
182 186
242 248
209 219
224 237
68 76
177 198
220 249
198 229
46 231
189 230
142 175
47 59
219 277
206 266
172 223
192 255
198 263
212 295
157 220
190 267
114 161
199 289
80 119
139 210
182 277
187 286
149 231
42 67
166 274
173 290
67 116
149 260
161 285
103 183
84 155
72 133
87 161
25 47
131 248
6 12
68 138
81 171
128 272
96 205
72 162
116 263
71 162
40 104
40 105
67 180
20 55
68 192
34 97
97 278
54 159
57 174
67 226
73 259
65 232
67 253
59 241
41 245
37 249
19 128
36 274
9 90
21 237
14 236
14 286
9 260
6 248
2 109
2 267
