9937518575
257 4
298 10
284 11
300 13
268 25
82 9
114 15
59 8
265 40
270 45
263 44
79 14
78 14
116 21
268 50
62 13
60 20
215 72
235 79
216 73
293 101
108 40
182 73
125 54
251 109
126 58
251 117
110 53
233 139
30 18
271 166
163 100
85 53
277 176
111 72
272 183
111 76
128 95
295 219
71 53
201 151
198 150
186 144
112 90
280 227
274 223
298 243
248 204
266 231
221 195
132 117
198 176
95 85
270 253
108 105
293 286
1312500293 1312500023
198 3
1312500288 1312500130
236 281
6000000297 6000000279
1312500282 1312500295
121 173
169 170
192 195
65 68
198 215
110 120
158 175
145 161
80 89
227 263
200 234
4 5
147 185
229 295
199 257
166 217
35 46
173 228
203 268
139 187
170 234
147 203
141 211
126 194
150 234
181 292
179 291
165 271
152 253
164 275
132 223
115 212
128 243
15 29
132 259
108 213
98 198
143 297
71 175
111 285
48 125
79 234
53 162
44 141
31 104
55 208
63 243
55 213
54 291
51 278
49 268
40 253
32 252
26 214
5 44
14 176
10 143
3 45
8 244
5 290
4 278
2 272
