532831
132 52
279 1
173 3
194 4
263 8
268 9
263 9
108 4
250 10
160 7
125 6
294 15
153 9
266 19
219 18
88 8
162 17
266 37
203 29
298 44
199 34
277 49
246 45
295 56
146 28
289 110
235 89
180 66
232 50
232 51
219 79
210 47
149 35
233 56
219 53
254 62
286 70
246 61
233 58
139 35
210 59
251 73
186 56
148 45
236 75
175 56
256 82
184 64
212 76
210 126
290 181
272 180
297 192
289 214
293 216
294 123
203 93
240 114
254 126
297 214
284 197
292 155
292 155
187 101
196 108
288 159
251 139
204 116
225 133
83 17
24 5
38 8
45 10
112 41
103 52
138 72
152 97
200 128
53 34
158 104
205 142
209 146
190 135
205 154
166 126
288 226
293 231
207 171
191 159
295 246
196 164
253 212
244 207
68 58
143 124
238 210
244 218
217 195
232 209
165 149
233 215
188 182
240 235
232 229
224 223
198 2
500309 500051
286 288
95 95
161 219
263 264
197 199
177 179
129 131
65 67
117 121
20 21
190 200
208 221
202 215
86 95
210 239
114 131
104 120
247 292
241 290
231 278
99 121
164 204
135 168
69 86
194 242
67 86
90 116
205 273
69 92
221 298
129 178
87 122
101 146
121 175
171 248
194 287
165 246
161 241
158 239
170 262
165 255
105 163
184 286
181 295
173 288
147 247
154 259
107 183
148 254
139 249
42 77
79 147
123 234
114 219
119 233
149 296
142 291
104 214
94 197
92 201
132 295
110 246
53 122
120 279
109 273
56 142
105 275
108 285
31 83
18 52
48 145
45 153
73 251
58 214
43 161
52 219
53 237
55 272
28 163
39 253
21 138
18 127
20 189
23 220
2 22
13 223
10 227
2 49
5 123
7 196
3 89
7 214
8 259
4 236
