100061534
62 25
190 49
196 139
172 64
220 181
288 10
46 3
263 29
203 71
288 229
164 75
259 78
232 186
113 27
243 79
295 243
265 11
286 177
270 128
265 184
138 50
233 198
137 57
239 79
185 79
138 58
292 5
188 59
189 147
122 89
81 18
230 6
212 23
188 119
176 91
284 63
72 28
278 7
198 85
298 7
79 10
13496 13254
123 12
160 133
240 26
91 12
246 126
233 89
250 25
65 6
164 130
223 96
263 49
278 29
113 88
274 87
13433 13385
274 234
72 40
215 195
185 153
25589 25514
264 49
87 8
259 157
282 216
178 49
39 6
254 101
295 277
276 102
260 98
112 3
271 73
83 1
102 49
299 166
159 2
196 61
148 49
136 6
252 11
221 35
25561 25493
122 93
237 215
183 3
202 27
203 119
160 110
172 71
162 66
13373 13321
300 228
295 109
101 15
13446 13311
25618 25547
236 58
25622 25490
221 36
92 56
237 179
122 54
291 84
168 123
13502 13276
198 1
230 37
242 97
120 84
25602 25444
202 64
199 108
95 36
25556 25496
82 34
43 18
25697 25429
174 155
214 9
299 164
25684 25486
13267 13242
207 73
25663 25428
267 112
225 25
281 248
227 86
206 46
256 215
237 180
233 169
13421 13336
25500 25435
271 208
25633 25454
256 83
273 99
300 92
218 27
229 153
177 13
185 6
294 100
13375 13349
120 75
13465 13339
284 19
280 152
273 113
13436 13322
157 3
279 191
13454 13222
13465 13403
196 161
276 179
296 167
25700 25488
226 164
25608 25472
163 66
237 117
270 139
249 146
265 191
25693 25502
13443 13255
13505 13228
13339 13237
13411 13348
25672 25559
25558 25446
290 102
13507 13428
261 162
86 23
243 90
278 232
280 147
115 33
247 222
269 5
259 17
13383 13325
25667 25510
211 30
181 147
101 33
183 22
245 142
249 2
241 204
210 134
125 21
180 37
284 2
156 68
251 49
213 5
25641 25489
160 98
273 69
13431 13225
25555 25427
25698 25549
25710 25573
239 219
13443 13394
246 103
154 117
208 166
107 29
50075 49969
62 18
230 117
155 5
179 159
257 227
121 49
49947 49853
65 9
264 229
224 68
194 21
59 23
50128 49833
278 249
269 86
133 16
206 59
36 14
50101 49913
225 9
50028 49866
203 170
281 232
49943 49830
243 185
120 81
93 24
237 95
163 144
50119 49922
76 45
112 65
172 69
196 46
258 185
226 5
220 107
201 156
105 65
232 153
231 80
262 49
150 4
265 25
280 191
50080 49893
50106 49854
234 169
146 84
50036 49889
256 38
136 109
97 33
238 76
278 244
289 162
206 14
50031 49884
289 218
86 43
112 1
265 105
215 135
50103 49859
50097 49845
132 77
231 75
208 112
49953 49834
293 114
294 122
50017 49841
298 118
153 112
122 31
276 126
291 36
294 98
177 160
259 223
265 168
266 218
242 217
148 126
224 109
181 143
75 31
143 59
286 4
275 61
109 36
184 133
98921 98688
192 40
98880 98677
223 54
299 149
99 8
98924 98664
98928 98701
176 103
271 10
221 176
269 189
219 202
165 70
231 176
102 74
157 6
28 7
261 14
270 176
187 65
268 79
224 183
238 13
271 248
128 24
258 175
37 15
140 29
227 125
80 15
201 153
158 84
292 207
191 132
273 55
232 49
289 93
234 134
294 8
284 215
167 95
212 72
298 53
165 2
210 39
202 1
252 29
203 85
196 122
278 16
202 52
296 129
292 203
277 166
201 33
214 59
279 172
216 39
275 200
113 54
125 21
133 14
190 151
269 3
89 31
264 186
146 68
186 26
189 75
136 81
296 234
214 174
211 119
179 139
266 130
292 181
207 135
150 2
126 85
221 113
261 75
297 159
151 66
391902 391786
196446 196340
391891 391776
196562 196367
391855 391680
25560 25516
782550 782308
391874 391696
49964 49879
391892 391656
49893 49834
196563 196316
391875 391762
50003 49931
49959 49924
50031 50000
98912 98858
98775 98720
782506 782251
50070 50013
50080 50050
98884 98765
49937 49902
98840 98708
49958 49897
49985 49960
50075 49983
49911 49873
782535 782316
782524 782290
50075 50055
98841 98677
98829 98720
98890 98838
98816 98783
98871 98772
98760 98696
13390 13365
196557 196372
196476 196360
196478 196413
98894 98800
196557 196325
196447 196363
196549 196407
196565 196451
196425 196320
98873 98833
25513 25471
196471 196413
196605 196512
391769 391628
391863 391721
13305 13288
196568 196393
196562 196331
196552 196480
98832 98747
98852 98686
391875 391641
196542 196434
196569 196430
196490 196399
196599 196357
391839 391691
196526 196427
196468 196318
391880 391714
98888 98850
25515 25484
13456 13432
39 25
36 25
55 40
63 49
49 40
56 46
77 64
101 85
45 38
61 52
117 104
38 34
138 125
98 90
124 114
180 166
234 218
176 164
132 123
248 233
237 224
185 175
74 70
240 228
276 263
210 204
175 171
132 129
156 153
268 263
222 218
228 224
247 243
71 70
225 223
249 248
13370 13354
13445 13430
13417 13404
13370 13358
25449 25433
3126163 3126006
264 201
98826 98799
782467 782256
782465 782257
391854 391751
391762 391667
782375 782332
1563702 1563615
391852 391766
782524 782364
98899 98879
196530 196491
391803 391731
782441 782305
1563593 1563503
3126191 3126010
391693 391632
1563621 1563522
1563755 1563525
1563764 1563537
1563762 1563545
391716 391662
1563800 1563602
782498 782400
782443 782348
391852 391805
1563696 1563515
391868 391823
1563753 1563580
391806 391763
782341 782258
3126207 3126008
1563794 1563641
391806 391770
1563789 1563677
391861 391826
1563777 1563639
782416 782351
782476 782416
1563654 1563576
3126242 3126088
3126186 3126034
1563714 1563638
1563785 1563710
1563714 1563640
3126174 3126047
3126231 3126104
3126232 3126109
3126149 3126025
3126278 3126136
1563615 1563537
25710 25704
49900 49889
98771 98754
25635 25631
50077 50072
98885 98876
98826 98818
196464 196451
782373 782336
391736 391719
1563795 1563731
782323 782291
3126238 3126125
25592 25578
6251285 6251069
163 163
16 17
