5100012471
285 122
159 4
291 11
259 14
210 15
242 20
82 10
272 34
169 22
137 20
187 40
221 53
245 67
165 47
280 82
237 71
267 87
221 74
238 88
193 77
274 147
269 157
246 146
198 123
137 87
118 75
271 173
298 202
83 58
212 150
120 85
258 191
181 138
136 113
260 217
230 196
29 25
278 243
286 270
137 130
115 1
5100000300 5100000287
206 230
80 81
199 202
198 216
160 178
129 145
170 199
175 214
197 253
138 198
174 274
117 212
67 127
137 280
131 271
97 218
124 284
129 296
80 193
43 104
103 258
75 192
82 217
91 246
80 235
91 276
12 39
29 107
70 259
48 189
53 219
55 269
52 276
37 296
20 246
9 140
6 145
10 250
1 32
