99832217
58 1
70 2
65 2
58 2
68 3
64 3
80 4
92 5
36 2
84 5
67 4
93 7
89 8
29 3
83 9
63 7
89 10
88 10
70 8
53 7
86 12
34 5
69 11
93 18
70 14
67 1
38 8
87 19
98 24
49 12
20 5
71 18
96 25
99 26
51 14
93 26
30 9
36 11
98 32
79 26
90 32
96 37
93 36
57 23
96 39
81 33
89 37
91 38
63 27
23 10
45 20
83 37
82 37
92 43
93 44
38 19
89 45
41 21
76 40
72 38
26 14
29 16
92 51
79 44
96 54
23 13
96 55
77 45
93 57
88 54
91 56
100 62
85 53
46 29
52 34
58 38
81 54
50 10
92 64
53 37
78 55
99 72
56 41
51 38
83 62
88 66
100 75
12 9
57 43
95 74
77 61
39 31
37 30
82 67
85 70
23 19
84 71
33 28
86 73
34 29
96 83
91 79
53 47
27 24
74 66
38 34
48 43
72 65
97 88
33 30
93 86
70 65
90 84
60 56
63 59
100 96
51 50
58 57
94 93
195407 195321
195405 195322
195402 195320
81 56
195396 195323
195401 195335
195400 195336
195375 195315
195404 195344
195401 195345
195403 195347
195406 195353
195400 195348
195395 195345
195378 195329
195403 195357
390715 390626
390717 390630
390724 390637
195407 195365
390718 390636
390710 390629
390723 390642
195356 195316
390724 390645
195377 195338
195390 195351
390708 390632
195357 195320
195367 195336
195410 195380
195343 195314
390685 390628
390718 390661
195398 195322
390705 390651
390693 390640
390715 390662
390723 390673
195368 195343
195368 195344
390703 390656
390685 390639
390722 390676
195410 195387
195373 195351
390675 390635
195402 195382
390699 390661
390683 390648
781345 781277
390709 390675
781335 781270
390665 390633
390713 390681
195367 195351
390720 390689
390723 390692
781313 781252
390680 390650
195350 195335
195376 195361
781334 781276
781319 781263
195331 195317
781348 781292
390683 390655
195396 195382
195382 195369
781339 781288
390658 390633
781335 781286
195345 195318
390670 390646
195402 195390
781307 781261
781332 781286
781323 781278
781345 781300
195333 195322
195360 195349
195400 195389
195409 195398
1562594 1562508
781347 781304
781328 781286
781340 781298
390693 390672
1562596 1562513
781322 781281
781346 781305
390675 390655
390712 390692
195370 195360
781346 781308
781324 781287
781337 781300
390664 390646
195399 195390
781317 781282
781323 781275
195327 195319
781319 781287
195369 195361
195368 195361
390677 390662
390702 390688
390709 390695
1562600 1562545
781333 781306
781322 781295
781324 781297
781322 781296
390664 390651
390672 390659
1562595 1562544
781321 781296
781331 781306
195340 195334
195352 195346
195370 195364
195378 195372
781307 781285
781329 781307
390715 390704
781308 781287
781308 781288
390696 390686
195357 195352
781347 781329
781341 781324
781310 781294
195351 195347
781300 781286
390669 390662
781337 781325
195403 195400
781321 781312
195328 195326
390680 390676
781333 781326
1562596 1562591
390690 390687
195347 195346
1562595 1562591
84 84
390652 390652
95 95
390710 390710
781343 781344
390682 390683
781318 781321
195381 195382
781332 781336
390712 390715
781322 781328
781321 781327
781299 781322
195365 195367
390678 390682
195330 195332
390707 390712
781320 781330
781338 781349
781298 781311
390699 390706
781304 781318
390680 390688
390667 390675
781305 781322
781314 781333
195337 195342
390676 390688
781299 781324
390708 390722
390701 390715
195404 195412
195387 195395
390685 390701
390673 390689
195360 195369
390667 390687
390659 390680
781302 781346
390681 390704
195373 195385
390679 390703
390653 390677
781299 781347
390670 390696
390664 390691
390668 390696
390652 390680
390693 390722
195336 195409
195368 195383
390686 390717
390668 390700
195365 195382
390673 390707
195371 195389
195361 195382
390679 390721
390677 390719
195338 195361
390672 390718
195340 195364
195376 195402
195369 195395
195344 195370
195333 195360
390669 390724
390650 390705
195379 195409
195349 195381
195342 195374
195339 195371
195355 195388
390651 390720
195367 195403
195362 195398
195352 195388
195361 195399
195330 195375
195346 195397
195348 195400
195352 195412
195328 195395
34 67
195335 195411
195331 195408
195328 195408
97 98
97 98
89 90
88 90
95 98
91 94
86 89
66 69
60 63
45 48
74 80
67 73
54 59
32 35
86 95
49 55
54 61
65 74
82 95
54 63
81 95
58 69
83 99
73 88
37 45
77 94
74 91
70 88
65 82
61 77
37 47
46 59
41 54
66 87
15 20
36 48
64 86
64 86
48 65
57 78
62 86
60 84
42 59
49 69
25 38
40 61
48 75
42 66
43 68
54 87
38 63
44 76
30 52
52 94
6 11
51 98
31 60
44 86
8 87
46 93
36 73
44 90
41 85
27 56
19 40
19 41
12 27
22 51
24 58
23 59
32 84
31 82
9 25
27 75
19 53
32 90
28 80
23 67
26 79
22 72
13 43
22 77
4 14
11 39
7 25
18 68
5 19
24 93
22 89
17 71
23 98
17 73
22 98
15 69
12 56
16 80
15 75
18 95
13 74
17 97
13 78
7 45
13 85
5 34
3 21
4 30
13 98
12 92
12 94
12 95
10 83
6 68
4 55
1 14
4 58
6 100
3 52
5 88
1 20
3 79
3 93
2 65
1 76
