1019862
256 148
229 49
271 69
188 48
251 68
2303 2138
180 160
229 72
62 16
167 13
190 141
293 132
286 155
133 11
300 203
293 66
71 19
166 16
205 117
2349 2065
240 199
288 145
186 36
214 180
194 71
189 46
50 7
179 109
172 37
154 74
200 83
229 106
292 162
289 125
165 17
284 126
2323 2056
255 98
199 59
254 58
142 10
277 66
159 24
187 161
268 19
94 6
2341 2071
44 24
87 55
191 137
285 5
223 98
243 47
126 11
180 136
102 78
297 81
96 68
298 28
227 49
275 14
194 137
227 144
290 261
205 77
131 107
134 43
84 63
233 200
220 77
218 14
300 158
226 58
176 54
244 193
47 3
31640 31408
31583 31355
31582 31360
31645 31384
8180 8078
8074 7987
8060 7973
2252 2155
2285 2144
2329 2269
2268 2141
15913 15752
2311 2176
2308 2179
8180 8071
2209 2097
2137 2103
7996 7929
2235 2167
2167 2125
8032 7942
8188 8050
8141 7967
2143 2065
2206 2088
8116 7977
2163 2124
2175 2086
2261 2186
2270 2155
8138 7918
2170 2058
2353 2312
4223 4048
4194 4055
4210 4040
4118 4057
4143 4050
4190 4027
4251 4133
16017 15755
4283 4198
4177 4102
4305 4259
15975 15784
4253 4009
4093 4028
4232 4095
15959 15765
4295 4239
4245 4047
4288 4043
4272 4135
4088 4037
4260 4030
4227 4140
8202 8021
8005 7925
15979 15805
15943 15803
145 126
134 123
156 145
229 215
114 108
198 189
280 270
262 255
2273 2245
2247 2228
8116 8049
15972 15849
7982 7925
8116 8062
15845 15751
8044 7998
4272 4248
15845 15758
31519 31358
31582 31423
15843 15764
7970 7933
8051 8014
31611 31468
8099 8063
4229 4211
31514 31392
8186 8157
8026 7998
15813 15760
31512 31407
31530 31426
15853 15801
4090 4077
16025 15980
16000 15959
2317 2066
62808 62645
62826 62650
7943 7925
4110 4104
4189 4184
