50124277
179 82
192 1
126 2
178 76
177 4
175 4
176 10
151 10
149 57
106 8
164 14
113 10
190 67
190 63
154 50
147 15
124 14
138 16
110 13
117 17
155 24
193 36
134 25
144 28
159 35
165 38
154 49
189 58
158 47
192 55
57 1
54 4
86 8
41 4
50 5
98 23
85 20
108 28
75 22
35 11
129 41
91 30
136 45
138 47
76 27
121 47
114 45
91 37
78 32
55 23
132 57
162 75
73 34
178 87
95 47
140 2
79 41
151 80
47 25
152 81
109 60
123 70
138 80
134 79
133 81
148 91
128 79
137 85
190 118
146 91
181 114
76 48
166 105
194 126
70 46
41 27
142 94
103 69
112 76
53 36
159 111
91 64
108 76
143 102
64 46
156 113
124 91
117 86
12 9
193 147
193 149
121 94
83 65
194 153
188 150
92 74
79 64
156 128
195 161
176 146
140 117
96 81
193 164
168 143
62 53
14 12
185 159
195 169
161 141
49 43
200 177
106 94
45 40
128 114
184 166
40 37
167 152
17 16
200 191
149 144
192 186
160 155
182 178
150 147
148 146
133 69
50100200 50100026
189 195
29 29
167 167
81 149
108 109
157 160
86 88
42 43
161 165
166 172
163 169
129 134
144 152
119 127
104 111
130 140
45 51
64 73
168 192
154 177
144 166
162 188
110 128
165 197
67 80
105 126
113 141
107 137
156 200
19 25
117 157
147 199
132 179
88 127
94 138
94 139
89 132
118 176
126 193
118 181
86 132
51 79
90 142
112 178
69 112
103 169
108 178
100 166
97 170
7 120
68 126
90 171
80 154
72 140
89 177
26 52
79 159
79 162
77 158
25 52
36 77
74 159
79 181
66 153
85 200
56 133
75 179
51 129
49 126
55 146
63 169
52 140
25 70
51 144
67 198
23 70
13 41
40 130
45 151
18 61
47 160
27 98
45 169
37 145
29 115
33 132
36 144
16 67
24 129
20 108
24 134
33 186
29 166
18 110
26 179
22 154
25 176
8 81
17 174
16 166
12 128
14 177
4 61
6 101
6 103
9 179
7 160
6 188
1 33
4 162
2 85
3 133
4 193
1 188
