1041481
8110 7879
8119 7926
261 44
246 8
103 77
268 245
244 38
239 28
259 86
283 36
242 147
242 166
101 26
170 118
147 102
196 82
125 74
211 160
177 160
74 41
178 89
258 124
260 70
138 90
264 106
188 119
289 130
159 108
219 135
185 93
300 177
293 15
227 22
203 116
267 8
162 121
224 158
204 69
272 194
8117 7854
8085 7862
134 33
238 25
157 136
146 66
155 129
281 13
197 49
198 73
136 64
123 61
25 5
74 30
194 131
38 27
244 222
69 26
276 258
248 232
163 145
110 74
296 76
8114 7886
198 9
8045 7836
263 158
232 66
161 88
88 8
245 114
229 93
172 105
223 191
226 97
79 13
230 7
30 1
262 155
135 85
165 139
153 5
262 79
274 143
92 38
187 95
43 20
221 108
25 5
271 183
288 23
282 257
4198 3969
254 166
124 105
81 17
167 136
240 114
215 124
292 74
84 39
266 108
182 167
172 6
271 178
288 70
178 164
4176 3982
172 58
240 28
255 83
206 63
208 104
251 231
4187 4001
132 34
125 81
164 98
290 51
209 29
167 151
270 190
270 257
24 4
63 20
101 45
203 81
76 36
294 177
195 45
218 48
241 224
246 128
197 44
249 231
297 156
228 109
222 25
265 156
188 151
197 4
129 114
242 182
251 191
131 119
204 142
174 37
264 133
156 2
206 179
190 144
168 34
211 101
171 141
4153 3930
271 253
177 7
74 29
211 21
220 6
49 9
80 44
138 105
288 189
155 35
176 72
4119 3963
131 77
255 155
226 174
148 27
269 185
243 41
81 71
214 31
284 117
215 78
183 68
168 153
218 81
289 253
273 247
196 140
139 97
130 69
32 12
162 17
109 75
205 158
4089 3991
4156 3955
291 178
4067 3959
283 254
119 45
284 163
258 146
273 14
244 25
279 44
121 34
96 72
284 204
194 136
213 149
175 45
87 43
139 13
4193 3958
266 10
262 170
264 225
295 18
239 64
280 201
210 81
227 193
181 164
145 109
171 36
173 105
156 113
184 145
255 81
274 250
149 94
289 119
253 26
107 62
191 7
186 54
100 24
132 32
201 124
265 21
205 169
234 92
229 13
4158 3918
218 205
201 75
177 28
235 224
127 87
192 79
239 14
185 9
211 66
70 10
268 209
264 212
170 140
275 205
157 101
216 163
223 97
228 155
4188 3935
98 83
73 50
2104 2001
2217 2032
2067 1983
2202 2006
2168 2068
2227 2014
2031 1983
2075 1983
2199 2093
2118 1982
2116 2054
2214 2092
2154 2029
2142 2079
2247 2075
2227 1979
2259 2182
2241 2072
2215 2095
2201 2026
2204 2077
2120 2059
2136 1984
2234 1965
2101 2036
2075 1997
2189 2139
2223 2066
2104 2003
2076 2018
4100 3918
4205 4014
4154 4028
4151 3928
4191 4087
4151 3967
4164 3952
4019 3923
4092 3922
4204 3935
4050 3959
4132 4007
4087 3954
2046 2002
8121 7975
8064 7976
15887 15734
7937 7863
15920 15782
7993 7889
31541 31328
7999 7903
31521 31284
15835 15722
15807 15690
15833 15723
15929 15759
7959 7854
8004 7872
8111 7970
8118 7958
4123 4045
4139 4047
4111 4038
15935 15691
4167 4084
8043 7863
15866 15637
15920 15687
15883 15654
4120 4032
8003 7835
8074 7913
8047 7880
8070 7915
7989 7870
8053 7892
4162 4069
8111 7965
8071 7959
8035 7860
8047 7937
8058 7902
8013 7898
8012 7861
15897 15681
7992 7844
34 29
35 30
75 68
124 114
81 75
130 121
123 115
107 101
91 86
177 168
198 188
203 195
266 257
223 216
286 278
2117 2086
2080 2051
2240 2210
3998 3951
4096 4049
2150 2128
2112 2091
8105 8047
8066 8012
31553 31351
15736 15637
2071 2059
31530 31360
15720 15636
31549 31384
15892 15809
15892 15810
7939 7899
31513 31361
3952 3933
251 194
31461 31312
2014 1984
31420 31272
2189 2179
15767 15695
