1004565
186 10
268 17
291 25
141 13
210 22
260 33
183 24
247 38
140 25
150 27
162 34
218 47
248 55
169 43
204 56
18 5
289 82
158 45
122 41
136 47
262 91
246 90
182 68
139 53
235 100
267 114
169 74
190 84
135 61
266 121
226 103
144 66
211 97
64 31
282 137
242 119
108 54
157 80
237 121
138 73
195 104
274 153
168 96
150 88
213 125
72 43
256 154
235 146
250 159
83 53
256 169
266 176
270 180
149 100
160 109
218 151
287 199
198 140
198 141
47 34
226 168
181 135
252 188
224 168
209 157
278 209
33 25
172 134
82 64
147 115
132 5
263 209
45 36
238 193
300 245
125 103
251 208
184 154
188 159
293 251
236 204
278 243
99 87
193 172
160 147
89 82
222 207
178 167
172 166
99 96
169 166
60 59
31526 31253
31541 31272
31509 31256
31536 31292
31509 31270
31543 31327
31489 31277
31546 31334
31541 31333
31547 31339
31503 31306
31515 31318
293 232
31536 31351
174 173
31540 31368
31518 31347
31505 31338
31512 31320
31494 31342
31523 31386
276 283
31522 31369
31491 31342
31519 31382
258 257
31504 31397
31501 31422
31504 31433
31514 31446
31527 31470
31549 31506
31532 31535
31527 31534
31518 31541
78 100
211 212
245 249
202 208
148 157
161 176
222 243
107 119
197 221
184 210
200 229
224 257
136 159
53 62
216 254
198 233
70 83
218 261
235 282
96 117
212 259
202 249
54 169
112 145
108 140
64 84
192 252
193 265
168 242
136 200
158 234
195 289
126 187
103 154
105 159
133 203
156 239
62 96
187 298
176 292
42 70
79 134
119 206
144 254
12 22
98 188
122 243
51 106
140 300
69 170
83 208
96 249
84 225
60 163
82 223
56 155
93 260
92 260
106 300
60 174
86 262
35 122
40 140
76 273
37 134
76 280
73 269
15 56
69 262
75 299
28 113
35 157
22 101
49 230
19 92
29 142
31 153
28 180
39 260
43 291
32 229
36 268
25 189
26 197
23 185
22 195
