1039948
205 30
175 45
238 48
274 77
14163 13918
160 2
253 119
12220 12035
252 49
12215 12018
268 43
198 106
14138 13938
12188 12018
12242 12027
12241 12035
183 51
297 110
158 78
275 20
93 20
240 148
14151 13948
267 131
238 135
113 24
256 99
12247 12030
191 15
228 114
12235 12046
146 8
12237 12004
289 197
14199 13958
299 131
158 1
14158 13925
14193 14013
230 49
268 151
151 35
120 16
140 11
254 44
12221 12046
225 35
251 76
115 15
14109 13922
281 57
279 34
12132 11962
221 100
152 26
12152 11976
235 44
12239 12056
12182 11974
12168 11998
12220 11963
248 100
290 36
18099 17825
12197 11997
201 12
260 29
201 15
293 21
284 210
285 20
12201 12012
268 169
244 166
275 94
249 121
172 35
110 37
282 100
274 194
266 66
240 30
185 92
221 56
245 123
266 128
151 25
242 161
259 58
236 119
210 48
283 71
262 22
279 94
276 190
18103 17850
221 69
296 22
18094 17829
126 29
232 147
258 95
293 49
258 66
259 43
179 6
288 1
247 82
104 12
248 109
274 12
212 135
219 15
18091 17819
283 120
241 6
268 115
220 23
297 153
263 39
259 145
178 50
281 141
298 34
192 109
247 15
96 22
219 96
18076 17836
257 105
258 19
293 116
183 52
233 12
264 189
171 70
204 46
259 57
299 74
278 15
182 70
251 82
284 83
248 47
154 31
288 192
257 61
277 165
296 9
290 40
293 152
103 10
253 24
167 65
297 165
166 4
202 13
109 26
282 102
189 112
216 61
197 106
195 8
266 187
125 35
209 28
196 40
93 4
200 88
290 24
269 155
279 154
200 14
189 49
98 7
276 101
276 190
278 187
269 116
300 185
266 154
215 113
292 95
229 67
224 111
73 12
84 18
32 7
36 8
44 13
35 12
77 28
94 35
91 37
73 31
80 35
123 58
27 13
140 69
72 36
107 55
37 20
35 20
166 95
169 97
99 59
114 68
100 61
44 27
175 108
55 34
178 111
65 41
175 111
129 83
124 84
187 127
85 58
16 11
90 62
161 111
210 145
136 94
85 60
250 181
222 161
220 160
148 108
146 109
191 143
291 221
213 162
123 94
243 187
194 151
95 74
276 215
224 175
246 194
255 202
252 200
175 139
203 162
252 202
281 226
156 126
233 189
245 199
290 238
109 90
224 186
274 228
175 146
257 215
259 218
238 201
219 189
285 246
117 101
252 220
256 224
265 232
137 120
133 117
265 234
129 114
278 249
116 104
115 104
42 38
296 268
228 207
125 114
272 249
131 120
275 252
48 44
253 232
293 269
124 114
287 264
199 184
93 86
14 13
100 93
84 79
231 219
297 285
193 186
185 180
111 108
276 269
225 220
12147 11991
12245 12091
12123 11974
14188 14019
14172 14005
14123 13957
14073 13910
14185 14023
18090 17886
18092 17891
14085 13929
14124 13968
12141 12010
12224 12097
18028 17845
12177 12059
14171 14035
14205 14070
18094 17924
14146 14014
18100 17933
12185 12075
14070 13944
18112 17952
25919 25691
12106 12000
14082 13959
12213 12108
14200 14079
18082 17928
12243 12139
25906 25690
14179 14035
12193 12092
12160 12063
18013 17854
12097 11977
12068 11977
12183 12092
12198 12107
40 43
