10000017342
184 3
214 8
239 11
184 11
293 25
274 26
77 8
287 40
258 48
99 19
66 14
239 55
241 56
139 34
89 25
110 34
90 28
271 88
184 62
190 65
149 53
173 66
195 81
223 105
254 120
104 55
195 104
260 146
64 36
143 81
286 171
198 119
165 105
191 124
158 103
281 198
202 143
291 212
241 180
246 184
240 184
277 214
235 184
115 92
175 141
257 217
299 253
163 138
14 12
236 203
200 173
228 198
300 266
292 262
284 263
189 179
172 165
300 289
284 280
243 242
291 233
10076579 10076318
10152819 10152614
10152857 10152658
11220979 11220762
12441680 12441460
10076495 10076324
14883086 14882834
12441683 12441475
10610534 10610359
10610620 10610450
10305405 10305240
10610551 10610394
10305324 10305176
10305398 10305255
10305346 10305205
12441633 12441467
10610545 10610405
14883099 14882905
11220926 11220789
10152861 10152741
10305467 10305351
14883059 14882899
10076429 10076324
10076514 10076413
12441609 12441485
10610588 10610483
10076542 10076449
10610534 10610438
29531530 29531263
10305400 10305308
10305371 10305280
10610638 10610547
10076464 10076382
14883106 14882985
10076487 10076408
19765819 19765683
10152666 10152601
29531543 29531362
29531474 29531298
10152885 10152825
12441689 12441621
11220947 11220888
10610641 10610586
29531463 29531310
14883011 14882936
10610609 10610556
10076522 10076475
14882953 14882884
19765837 19765751
10610573 10610528
49062720 49062513
19765793 19765713
29531388 29531276
49062760 49062577
14882926 14882880
29531455 29531367
10152663 10152633
10152830 10152801
10610522 10610492
29531537 29531454
166250166 166250015
166250258 166250042
49062754 49062632
88125168 88125036
88125234 88125097
166250272 166250009
88125272 88125132
322500245 322500090
322500194 322500029
29531380 29531303
10152634 10152609
12441560 12441532
14882924 14882893
10152742 10152721
49062750 49062649
19765739 19765700
49062709 49062613
14883049 14883021
49062787 49062710
49062624 49062551
49062616 49062550
10076586 10076574
88125269 88125165
11220961 11220949
88125212 88125119
88125105 88125027
12441463 12441452
12441628 12441617
49062621 49062581
19765891 19765875
11220922 11220913
49062717 49062679
166250189 166250079
166250247 166250139
166250229 166250122
88125299 88125247
166250215 166250139
166250154 166250079
88125298 88125264
19765856 19765850
166250171 166250123
322500291 322500199
14883034 14883030
49062756 49062743
635000278 635000156
10076593 10076327
635000166 635000016
635000180 635000031
635000252 635000124
322500207 322500149
635000296 635000129
1260000230 1260000032
322500153 322500109
88125293 88125287
10305463 10305465
10305319 10305322
11220979 11220986
10610572 10610581
19765882 19765899
10610452 10610466
10305461 10305475
215 216
235 239
