51034802
288 121
233 1
198 10
253 13
288 17
271 100
260 17
185 14
235 21
182 19
262 78
263 28
274 34
237 30
274 81
203 31
251 74
248 40
231 38
224 37
240 69
234 67
241 49
256 71
212 46
234 51
217 52
107 5
142 15
69 9
168 27
169 28
163 28
164 34
157 40
68 20
175 54
241 81
150 51
172 60
81 30
164 62
220 84
130 50
159 63
227 90
259 104
258 107
90 38
255 110
109 49
153 69
270 122
137 63
28 13
84 40
142 70
215 109
193 102
282 151
242 131
252 138
94 52
267 149
119 67
165 96
261 152
189 111
210 128
18 11
177 109
126 78
178 112
293 190
239 160
210 141
263 178
280 190
264 193
123 94
180 139
222 173
159 126
271 216
106 85
206 166
222 180
219 180
124 102
188 156
215 180
131 110
268 226
200 170
236 201
233 204
93 82
135 120
216 192
119 106
21 19
140 127
276 253
260 239
250 230
208 192
69 65
288 273
64 61
47 45
258 248
284 272
112 108
240 232
242 234
150 147
126 8
51000300 51000028
270 297
148 282
106 107
84 85
195 204
160 168
93 99
250 269
92 100
179 196
249 273
115 129
119 135
217 247
21 24
187 214
123 141
211 242
154 177
33 38
158 185
150 186
191 237
53 66
226 283
200 256
103 132
213 275
127 165
162 211
221 288
108 142
128 172
189 255
136 190
87 122
152 226
127 190
188 286
56 86
86 136
114 181
163 259
160 262
112 185
80 134
171 287
168 283
161 275
116 199
171 294
75 133
55 98
135 245
93 169
122 222
66 121
126 232
152 288
127 249
118 252
94 208
135 300
116 258
88 199
87 199
66 153
115 273
88 213
79 192
73 178
88 218
116 292
69 174
7 18
77 204
89 239
98 290
90 278
63 198
64 211
60 199
66 236
74 266
40 144
74 267
79 287
59 221
45 171
56 216
73 295
65 267
68 286
59 252
17 74
41 180
45 205
24 114
44 212
49 241
57 284
38 196
54 285
45 244
41 228
49 274
33 195
10 60
6 37
46 284
11 75
32 222
32 225
17 126
27 250
9 145
12 209
12 215
11 200
9 255
5 161
5 196
6 245
