100005288
881342 881267
881308 881253
96 39
881347 881287
100 38
80 18
99 7
95 3
80 7
881347 881261
881329 881257
69 24
53 11
60 16
490678 490637
490719 490689
76 44
79 7
97 28
91 65
490718 490675
80 4
490699 490655
112295 112224
490710 490665
112266 112217
112263 112223
112269 112217
295412 295319
295387 295318
112291 112212
112304 112235
112279 112232
112280 112241
112276 112228
295377 295325
295376 295331
295364 295324
124493 124441
124472 124417
124449 124418
124487 124423
124475 124429
295394 295347
295358 295321
124514 124474
197746 197677
197753 197688
124491 124457
124453 124425
124493 124418
124482 124454
124513 124446
148898 148839
148900 148851
148928 148889
197706 197669
148895 148832
148902 148853
148904 148866
148926 148867
197743 197666
197729 197674
197713 197675
197728 197675
197709 197681
197751 197714
72 49
96 76
75 66
80 71
53 49
52 49
98 96
112259 112233
112299 112274
112264 112240
112263 112244
124506 124487
197690 197666
124504 124489
197693 197671
112249 112238
197747 197728
148857 148843
124507 124496
295359 295333
295412 295387
124451 124442
295344 295323
295383 295362
124445 124437
148873 148864
881302 881251
295410 295393
490671 490646
490707 490682
197702 197692
197684 197675
881341 881301
112230 112225
197689 197682
295395 295385
1662577 1662525
1662590 1662539
295354 295345
490724 490711
197701 197696
3225097 3225016
490674 490662
124435 124432
1662551 1662511
1662564 1662526
1662573 1662536
197672 197668
197673 197669
197748 197744
1662581 1662549
881335 881319
1662562 1662536
6350099 6350003
1662589 1662564
1662526 1662505
881321 881310
6350090 6350013
3225041 3225003
1662527 1662508
1662581 1662562
1662599 1662580
3225050 3225025
6350098 6350044
1662595 1662578
881346 881337
51 22
112221 112219
295408 295405
3225084 3225064
1662537 1662527
3225098 3225065
6350076 6350013
1662538 1662528
3225041 3225022
3225045 3225027
124424 124424
295334 295334
