515167
199 34
188 23
182 21
190 20
180 13
130 2
146 7
80 5
143 11
91 7
25 2
139 13
57 6
166 22
173 29
90 16
181 41
180 43
137 34
114 30
68 18
70 19
169 47
104 35
62 22
124 48
171 69
163 68
169 72
14 6
108 47
131 58
137 61
152 70
176 92
95 50
74 40
95 52
143 81
184 107
144 89
45 28
173 108
133 87
98 65
103 70
149 107
129 94
9 7
52 41
115 91
155 123
103 82
139 111
194 157
185 151
157 130
142 118
160 133
58 49
120 105
182 166
197 183
195 183
173 163
67 64
92 89
125 122
111 109
148 2
500300 500204
154 199
47 71
89 94
86 92
67 72
39 42
141 152
99 111
112 131
86 101
125 148
127 155
46 57
142 177
119 149
138 175
135 174
108 140
135 184
123 168
126 175
48 68
138 198
27 39
58 84
57 85
99 155
105 166
109 179
56 92
105 173
80 136
113 193
95 166
99 174
98 174
86 153
59 108
82 151
101 189
98 189
73 141
72 145
88 180
59 121
88 185
71 156
68 150
62 137
85 192
60 136
77 176
71 163
50 115
46 112
57 146
48 137
42 122
58 175
36 112
24 75
29 94
34 117
50 179
51 189
26 102
16 63
30 121
25 115
33 159
39 193
25 126
20 101
16 107
22 153
27 196
17 127
12 94
25 199
15 153
15 156
11 130
16 195
10 124
14 178
14 180
14 189
5 70
7 148
4 89
