560424
215 2
204 4
86 2
191 5
119 4
188 9
125 6
125 7
292 21
204 16
176 16
266 25
254 27
280 30
242 26
225 25
165 19
229 28
228 28
294 43
247 38
267 42
212 34
174 28
291 49
219 37
283 48
165 28
223 41
87 16
155 31
294 59
223 48
268 58
250 58
164 39
175 42
112 27
141 34
154 38
236 59
267 71
203 54
169 46
161 44
186 51
237 66
241 69
241 71
54 17
162 51
257 83
211 70
70 24
125 43
101 35
205 73
214 78
125 46
139 52
223 85
179 70
162 64
224 91
273 113
264 110
177 74
243 103
160 68
245 105
184 80
145 64
282 125
190 85
141 64
236 108
274 127
47 22
232 109
76 36
201 96
173 83
62 30
107 52
227 112
170 84
174 86
287 143
208 106
149 78
200 106
244 133
286 156
144 79
178 99
262 147
48 27
255 144
259 148
257 147
284 167
200 118
246 147
217 131
278 168
223 135
233 142
141 86
249 152
159 98
295 184
215 135
292 184
71 45
261 167
136 89
227 150
48 32
208 142
145 99
177 123
231 162
199 140
159 112
227 160
245 174
156 111
120 86
297 215
222 162
241 179
193 144
151 113
287 215
96 72
72 54
243 184
296 225
259 199
229 176
268 206
125 97
238 185
104 81
249 194
186 146
121 95
187 148
159 126
174 138
142 113
49 39
261 208
198 159
200 162
228 186
263 216
256 211
211 174
167 138
207 172
212 177
68 57
214 1
227 192
280 239
152 130
256 220
251 216
159 137
292 252
190 164
154 133
244 211
284 246
237 206
225 196
288 251
258 226
119 105
148 131
203 181
135 121
255 232
67 61
276 253
144 132
289 271
259 243
239 226
214 204
203 195
92 89
269 261
237 231
233 227
207 202
235 230
277 272
161 136
500300 500015
286 294
268 273
18 18
257 258
248 249
198 199
282 285
189 293
275 281
251 258
262 273
208 219
239 252
193 204
25 27
206 225
229 251
222 248
168 188
183 208
145 170
220 259
196 231
239 282
98 116
200 238
83 99
35 42
198 238
128 154
93 112
86 104
161 195
197 239
55 67
120 147
209 257
220 272
219 273
28 35
236 295
185 232
168 211
120 151
116 147
189 240
107 136
232 296
181 232
140 183
209 274
146 194
69 93
126 171
151 206
105 145
35 49
154 218
68 97
130 186
115 167
204 297
50 73
134 196
135 198
167 245
96 141
169 249
41 62
31 47
188 290
87 280
172 267
105 165
69 110
137 219
48 78
127 207
69 113
173 284
132 221
32 54
163 277
130 224
85 150
168 299
64 117
119 218
90 167
119 222
86 161
105 197
126 240
155 297
52 100
77 150
103 202
73 144
151 298
128 257
141 294
85 178
131 280
87 187
133 289
62 139
90 202
105 236
120 272
100 227
72 164
126 288
61 141
73 170
108 252
36 85
111 265
124 299
25 61
49 122
111 284
37 96
81 211
113 296
80 212
20 54
93 254
100 274
104 290
81 230
77 222
74 215
8 24
99 300
54 165
93 287
65 219
83 280
86 293
64 219
87 298
15 52
77 275
34 123
54 196
72 263
10 37
71 267
70 266
39 150
7 27
52 203
76 297
66 261
59 239
68 279
23 99
67 292
65 284
64 283
31 138
54 244
59 270
12 56
58 271
46 219
43 210
25 125
23 126
39 216
37 211
13 75
41 240
16 94
45 270
37 223
18 111
39 247
42 273
43 290
15 102
34 250
32 239
27 202
21 167
32 274
23 211
29 269
14 136
19 199
13 142
14 225
15 248
16 269
16 298
8 166
11 241
5 234
3 213
1 212
