515468
98 41
85 1
86 29
76 2
75 2
81 26
99 31
98 3
79 23
79 3
94 26
85 23
98 5
97 5
99 25
98 6
83 6
100 25
93 9
72 17
98 23
99 10
98 10
93 20
67 8
70 15
83 11
86 12
94 14
94 14
91 19
71 11
72 12
90 15
77 13
92 16
86 15
88 16
82 15
71 13
80 15
43 1
35 1
34 1
31 1
26 1
40 2
49 3
47 4
20 2
60 6
55 6
32 4
33 5
16 3
49 13
60 17
75 22
54 16
93 2
76 24
78 25
56 18
56 18
67 23
71 26
46 17
83 31
53 20
87 33
85 33
61 24
48 19
62 25
88 36
41 17
86 36
62 26
52 22
54 23
70 30
78 34
75 34
59 27
50 24
43 21
96 48
2 1
8 4
91 46
41 21
21 11
95 51
39 21
13 7
22 12
76 42
92 51
83 47
67 38
92 55
45 27
82 50
59 36
32 20
80 50
93 59
95 61
60 39
44 29
58 39
47 32
97 76
99 77
85 64
95 70
71 52
86 60
95 67
90 65
57 39
54 37
55 38
49 34
66 49
65 49
78 60
57 45
68 54
25 20
97 79
70 58
100 83
12 10
100 84
71 60
71 61
52 45
85 74
96 84
66 58
83 73
80 71
89 79
82 73
92 82
29 26
20 18
75 68
55 50
77 70
35 32
72 66
84 77
87 82
62 59
67 64
33 32
20 6
500109 500021
92 97
61 65
28 28
80 80
83 84
58 59
80 83
77 80
66 69
39 41
73 77
47 50
12 28
45 48
83 90
22 24
60 66
78 87
84 94
86 98
81 96
57 70
17 21
66 82
70 87
34 43
63 80
63 81
59 76
75 97
23 30
49 65
71 95
43 58
60 81
66 92
63 88
59 83
50 71
62 89
41 59
29 42
39 58
14 21
39 59
11 17
47 73
56 88
26 41
57 90
59 94
37 59
23 37
41 67
18 30
49 82
57 96
13 22
18 32
24 43
44 80
50 91
28 54
15 29
49 96
50 98
37 75
33 69
24 51
42 91
6 13
17 38
27 61
24 55
36 83
16 37
42 98
28 68
37 90
38 94
18 45
34 89
29 76
27 71
11 29
11 32
8 24
16 51
26 85
12 40
17 57
28 94
20 68
7 24
22 78
22 81
18 67
25 94
23 87
20 78
14 55
6 24
8 33
22 91
15 64
18 78
21 94
4 18
21 98
5 24
17 89
18 96
6 34
15 92
16 99
11 71
11 75
8 56
11 77
3 23
5 44
11 98
8 76
9 91
6 61
8 83
5 58
7 82
5 60
8 97
6 76
4 54
3 49
4 70
3 62
4 89
4 93
2 47
2 97
1 63
1 81
