100011989
93 32
96 15
22272 22216
22255 22232
85 6
22241 22213
22275 22238
25 12
22276 22239
72 39
96 64
81 36
91 37
83 56
87 19
22294 22242
22300 22239
22290 22261
22302 22233
47 13
22307 22226
56 18
22276 22240
22307 22228
22301 22223
22300 22267
18 3
58897 58831
58913 58854
22306 22225
64 50
22305 22230
22292 22216
86 70
22288 22216
23 15
22282 22259
22301 22245
72 22
97 45
48 18
85 53
58 44
58911 58848
34489 34447
34510 34454
53 46
38 24
44 6
94 12
80 64
74 50
87 49
87 55
65 1
43 21
43 19
34493 34432
72 48
45 15
36 27
84 9
31 13
99 76
71 30
34510 34423
30 6
34493 34444
92 64
34510 34427
95 59
34488 34443
18 2
95 4
97 31
63 31
93 42
61 12
48 4
68 21
80 57
93 10
34507 34430
64 53
46 7
94 54
99 89
75 32
34485 34434
82 45
21 5
34494 34429
14 7
73 5
73 43
79 31
68 43
34486 34431
59 28
34507 34452
34491 34418
100 46
100 29
100 13
99 62
20 7
58917 58844
97 88
76 44
80 21
58928 58847
81 13
58898 58835
75 58
42 13
58914 58851
70 54
76 4
61 53
61 21
84 72
90 34
35 16
22235 22213
107755 107685
205389 205355
58876 58831
107742 107660
205397 205318
107741 107699
34469 34443
205410 205379
107746 107660
34507 34490
58887 58864
34439 34421
107694 107658
205369 205334
34484 34463
205373 205316
205385 205328
205350 205320
58928 58873
34500 34481
107700 107671
107677 107662
107696 107669
107754 107699
400698 400635
107711 107687
58888 58847
58883 58834
34503 34479
107726 107686
58904 58856
34462 34428
58878 58856
22229 22210
34491 34457
58900 58859
400723 400666
400715 400628
400711 400642
400719 400656
400709 400640
58870 58845
205383 205338
58913 58898
58905 58856
205404 205348
205359 205334
205390 205334
205376 205344
205395 205336
58874 58857
205351 205315
205371 205320
205349 205314
205403 205314
107738 107706
107741 107690
107698 107662
205410 205325
34468 34440
22275 22261
34462 34438
58896 58878
58893 58872
205392 205359
205373 205316
34492 34476
34438 34416
58861 58835
107710 107692
58915 58899
107744 107724
107690 107665
107706 107664
107746 107690
58918 58898
107753 107670
205376 205329
107691 107671
58889 58832
34487 34459
11 7
13 9
18 14
9 7
5 4
54 48
25 23
95 89
97 91
52 49
18 17
74 70
88 84
50 48
33 32
68 66
73 72
74 73
75 74
86 85
22284 22273
22260 22252
22262 22254
22306 22298
34496 34484
22235 22228
22289 22282
34514 34504
34431 34422
34463 34454
22254 22249
58862 58850
58843 58832
58918 58907
34495 34489
58918 58909
400675 400627
205338 205314
34500 34496
791347 791256
107694 107682
400713 400669
205344 205325
205347 205328
791340 791268
791334 791264
205392 205374
34429 34426
34495 34492
791337 791269
400691 400657
205347 205330
400699 400666
791315 791251
791311 791250
400701 400671
205394 205379
400706 400677
205363 205349
791330 791277
791302 791250
791311 791259
791307 791256
400705 400680
400704 400680
791306 791260
791331 791285
400650 400628
791298 791255
205330 205319
205388 205377
791293 791251
791329 791288
58879 58876
791338 791298
791345 791305
400669 400649
400646 400627
107718 107713
1572586 1572548
25 15
1572600 1572529
791287 791267
1572582 1572512
791294 791260
791309 791275
1572568 1572501
791333 791301
1572573 1572510
1572594 1572533
791329 791299
791304 791277
791313 791286
1572597 1572557
1572554 1572506
400656 400644
1572571 1572525
1572575 1572529
791306 791284
1572575 1572533
1572593 1572552
1572579 1572539
1572545 1572516
3135077 3135016
1572575 1572545
1572591 1572561
1572577 1572548
791345 791326
1572583 1572546
1572540 1572507
1572557 1572524
1572594 1572562
791282 791266
1572581 1572550
58913 58911
400720 400710
205360 205355
1572556 1572532
400723 400717
1572550 1572527
6260097 6260013
3135072 3135030
1572595 1572524
3135056 3135012
3135081 3135040
46 46
26 26
