100009033
85 2
79 3
51 2
70 3
58 3
33 2
32 2
46 3
73 5
29 2
39 3
88 7
61 5
60 5
12 1
28 3
84 9
71 8
79 9
79 9
99 12
66 8
86 11
34 5
78 12
13 2
50 8
86 14
24 4
41 7
29 5
63 11
40 7
73 13
98 18
98 19
99 20
54 11
67 14
67 14
74 16
80 18
92 22
16 4
30 8
26 7
88 24
59 17
78 23
44 13
91 27
29 9
70 22
79 25
6 2
56 19
94 32
94 32
43 15
100 36
82 30
86 32
40 15
69 26
51 20
61 24
65 26
17 7
36 15
81 34
82 35
83 36
69 30
75 33
78 35
82 37
31 14
54 25
41 19
71 34
50 24
58 28
55 2
51 25
66 33
79 40
45 23
45 23
37 19
87 45
58 31
56 30
68 37
66 36
18 10
84 47
92 53
98 57
58 34
85 50
77 46
95 57
75 45
100 60
62 38
70 43
94 58
53 33
88 55
65 41
55 35
80 51
96 62
50 33
24 16
25 17
76 52
93 64
56 39
86 60
54 38
89 65
83 61
69 51
97 73
33 25
79 60
82 63
49 38
60 47
93 73
57 45
45 36
91 74
92 75
89 73
83 69
71 60
13 11
74 63
72 62
74 64
45 39
98 85
84 73
23 20
70 61
72 63
49 43
91 80
58 51
17 15
97 86
72 64
97 87
95 86
99 90
71 65
12 11
64 59
62 58
95 89
66 62
65 62
48 46
86 83
29 28
66 64
48 47
1195412 1195317
1195405 1195313
1195411 1195323
1195401 1195326
1195393 1195319
1195407 1195334
1195382 1195313
1195406 1195337
1390704 1390627
1781346 1781252
1781348 1781262
1195374 1195317
1781338 1781254
1390719 1390654
1390720 1390656
1390723 1390659
1781347 1781266
1390699 1390636
1390715 1390652
1390708 1390646
1781331 1781252
1781339 1781260
1195399 1195346
1195368 1195320
1781320 1781251
2562599 2562501
1781347 1781279
1195365 1195320
1390689 1390637
1195393 1195350
1781320 1781257
1390721 1390672
1195390 1195348
2562598 2562508
1390684 1390636
1390711 1390663
1195369 1195328
1781313 1781252
1390680 1390634
1390713 1390668
1390720 1390676
1781312 1781256
1781328 1781272
1781332 1781278
1390694 1390654
1781331 1781280
1781321 1781271
1781342 1781292
1390710 1390671
1781349 1781301
2562591 2562522
93 45
1781305 1781252
2562582 2562521
99 99
2562562 2562506
2562574 2562519
4125082 4125003
4125090 4125014
4125092 4125016
25 25
85 85
95 97
95 96
91 92
68 69
58 59
45 46
61 63
28 29
82 85
52 54
76 79
87 91
40 43
