100014905
289 87
208 4
275 77
213 5
286 75
289 12
273 71
220 13
294 19
255 62
282 66
241 22
285 59
272 25
299 57
292 49
231 38
259 34
238 30
182 4
179 5
150 7
105 7
123 10
120 11
156 15
198 21
105 12
165 19
44 6
216 34
151 24
157 25
197 32
184 40
81 18
223 51
188 44
97 23
104 25
247 65
53 14
29 8
198 57
223 65
212 62
178 56
214 68
213 68
210 71
256 89
43 15
149 53
108 39
247 92
278 105
278 117
175 77
95 42
202 97
212 104
226 111
165 82
252 128
232 119
189 97
265 137
183 95
203 107
195 103
121 64
205 110
245 135
202 112
200 112
300 170
164 94
54 31
207 119
204 121
281 171
152 93
70 46
199 131
141 93
271 179
284 188
204 140
293 204
180 126
81 57
110 78
160 114
75 55
162 120
180 134
183 138
128 99
158 123
56 45
266 216
128 104
224 187
148 125
189 160
242 207
300 261
260 235
149 135
187 172
255 235
186 173
40 38
282 268
223 213
142 136
284 273
199 1
245 236
133 129
239 232
275 268
95 93
284 279
259 256
278 275
206 204
10024695 10024431
10024682 10024434
10097929 10097682
10012506 10012262
80 77
10012467 10012221
10390912 10390663
10049100 10048862
13125290 13125017
16250276 16250015
136 138
166 170
163 168
224 231
113 117
211 219
128 136
255 271
170 181
217 234
158 174
183 203
