50027003
231 2
140 3
137 4
204 7
297 13
131 6
249 13
145 10
99 7
282 26
129 14
168 19
250 30
75 9
108 13
280 38
254 45
257 49
260 51
49 10
282 60
267 59
22 5
206 49
175 43
83 22
239 65
121 36
300 91
223 70
221 70
145 48
148 51
196 68
173 61
169 61
266 98
169 67
226 90
196 79
179 73
160 67
145 63
182 83
204 94
147 69
281 133
236 112
226 117
91 48
146 82
92 53
154 90
298 184
280 174
299 191
209 136
256 172
160 108
300 213
197 140
278 199
161 116
205 149
174 127
226 168
63 48
177 137
253 199
105 83
84 68
173 141
255 210
171 141
285 239
196 170
285 250
276 243
162 143
227 208
173 155
258 245
139 132
282 1
50000299 50000266
287 290
170 225
159 164
281 291
255 273
62 67
175 190
68 77
217 252
63 74
213 251
208 248
184 221
244 294
221 268
151 185
242 297
130 161
138 171
188 233
168 209
211 266
101 128
215 273
168 214
100 128
226 295
170 222
111 145
71 93
222 293
56 74
171 233
119 165
103 143
170 237
151 212
106 150
141 209
153 233
88 135
114 176
175 271
117 185
135 217
103 168
161 267
103 171
167 280
117 205
55 97
45 80
93 167
148 269
68 125
41 76
119 223
17 33
103 205
109 224
32 67
75 164
118 272
119 285
39 95
31 77
41 104
87 238
92 252
73 211
76 255
85 286
62 235
30 117
59 235
48 193
71 289
52 221
36 160
46 208
51 239
38 185
31 181
37 228
18 122
32 254
32 259
27 277
12 166
13 185
19 284
16 242
5 142
2 61
9 275
1 284
