51023935
99 1
101 2
49 2
117 5
22 1
174 9
200 13
141 14
130 15
95 11
163 19
48 6
15 2
180 25
50 7
144 21
145 25
198 35
179 33
151 30
180 36
150 33
101 25
185 46
179 47
144 38
170 45
101 28
159 47
47 14
154 46
169 52
184 57
87 27
175 59
77 26
71 25
198 70
80 29
178 65
125 48
76 30
131 53
197 80
118 48
151 63
112 47
96 42
117 52
191 85
124 56
87 40
163 75
171 82
110 53
159 77
179 89
142 72
180 92
112 58
88 46
143 76
171 91
186 100
196 107
200 111
160 89
195 123
134 85
142 92
54 35
78 51
146 96
179 121
146 99
174 118
188 128
92 63
156 108
169 118
134 94
198 147
199 152
146 112
125 96
140 110
192 151
141 112
88 70
167 138
154 128
127 107
121 104
29 25
169 146
137 119
80 70
173 153
104 92
119 108
141 128
158 144
186 170
177 163
145 134
141 131
200 186
131 122
193 183
154 147
198 189
93 90
32 31
106 104
161 158
135 133
98 1
51000200 51000022
188 196
44 44
24 50
181 183
36 37
43 45
122 128
141 148
127 134
79 84
158 172
82 90
152 173
86 99
131 151
146 169
160 188
129 152
125 148
70 83
111 132
45 55
139 170
124 153
147 184
96 121
133 168
60 76
131 167
87 111
136 177
123 162
126 166
81 107
70 96
60 83
129 180
86 121
82 117
136 197
49 71
95 140
63 95
96 145
23 35
85 130
49 75
93 156
79 135
103 178
79 140
40 71
87 159
90 172
100 192
30 59
58 117
86 174
74 150
92 192
47 99
71 155
70 160
72 170
59 144
63 169
30 81
64 174
22 60
69 191
35 97
51 144
32 92
41 122
62 185
46 143
60 195
29 95
36 123
48 167
33 119
52 194
4 15
30 121
42 171
40 168
44 185
39 168
36 163
34 155
23 114
29 152
21 115
24 138
33 200
18 115
16 107
22 151
24 180
22 165
9 69
24 193
20 167
16 149
13 123
8 77
12 118
13 128
12 131
16 184
15 176
3 38
11 162
4 61
10 162
9 170
7 146
8 187
3 94
5 188
2 77
3 167
2 115
