1013250
287 103
235 12
232 13
272 40
276 10
254 40
239 33
296 70
239 39
257 4
235 32
282 44
218 15
273 93
241 22
286 94
295 37
232 17
211 36
299 97
206 7
296 68
106 10
99 10
181 30
173 29
131 23
198 43
139 33
218 52
161 39
201 72
36 13
225 82
267 98
223 82
263 97
184 72
101 42
275 116
65 28
74 32
202 93
299 138
100 47
104 49
291 138
85 35
26 13
188 94
169 85
66 34
179 93
238 126
137 73
245 131
279 150
159 86
243 132
233 127
204 112
217 124
214 126
289 171
251 149
184 112
246 150
93 57
14 9
168 109
167 111
51 34
228 155
97 66
300 206
217 150
259 181
230 163
179 128
292 209
209 150
204 149
190 142
201 154
254 195
139 108
117 92
299 237
231 184
283 229
65 53
298 244
133 109
97 80
120 99
255 216
285 242
257 221
177 154
234 209
41 37
267 245
241 222
190 178
296 283
138 132
226 218
198 196
101273 101007
108099 107817
104201 103938
100752 100500
100767 100543
104191 103980
280 135
100414 100133
108056 107840
162797 162549
93 93
206 212
139 145
213 234
