1019932
8099 7959
15896 15735
195 50
8111 8003
36 17
189 49
193 80
128 62
106 28
74 25
8062 7985
146 87
91 64
97 73
148 126
121 83
116 68
97 19
8055 7961
162 130
8074 7975
68 26
168 5
129 97
116 44
58 25
170 74
119 75
186 41
142 7
8098 8018
194 167
149 3
86 40
147 6
162 115
181 130
106 14
136 27
155 43
166 49
112 96
195 28
194 62
61 15
154 30
8066 7968
188 91
8102 7994
100 71
148 39
181 91
191 21
63 43
189 28
157 76
177 8
8017 7941
95 56
158 62
144 127
166 19
194 125
199 7
43 16
8066 7975
174 134
129 51
8029 7917
190 172
8112 7948
143 47
171 132
178 112
168 127
141 97
4157 4115
95 4
4128 4052
114 65
174 93
172 63
117 100
417 371
418 382
4139 4077
418 343
283 262
346 290
335 234
339 276
340 311
337 297
311 282
381 276
404 262
407 372
410 318
326 302
401 298
322 230
4199 4093
413 285
326 276
4148 4039
337 317
359 298
518 444
423 396
4201 4082
540 373
506 398
497 427
530 392
437 405
499 351
514 351
544 375
4177 4039
521 379
410 390
457 353
471 438
482 416
511 398
510 457
534 427
491 347
541 478
538 490
441 371
497 434
4088 4023
677 657
677 630
733 690
684 659
760 713
4174 4049
703 660
782 675
668 645
694 623
746 710
696 592
766 718
708 677
777 731
780 710
784 737
771 590
740 701
770 700
728 658
690 626
4128 4058
629 599
1265 1236
1190 1077
4170 4082
1223 1193
4055 4007
1160 1096
1192 1171
1203 1104
1219 1080
1163 1077
1211 1178
1255 1120
1244 1133
1225 1119
1257 1122
4091 4026
1182 1091
1178 1121
1129 1099
1207 1128
1154 1109
2196 2137
2113 2084
2192 2102
2241 2203
2182 2087
2163 2091
2252 2075
2205 2153
2116 2059
2229 2140
2233 2155
2226 2128
2246 2078
2235 2082
2244 2146
2234 2123
4195 4021
2087 2056
2155 2097
2232 2078
2175 2121
2159 2075
4185 4031
4128 4067
31512 31378
31517 31358
31520 31365
31506 31363
31549 31418
31533 31393
15837 15726
15862 15735
15915 15791
8101 8039
8065 8011
8091 8025
15863 15735
8082 8025
15848 15747
15856 15732
8103 8054
15887 15795
15828 15750
30 15
17 9
57 44
81 66
84 70
87 76
126 114
169 154
65 60
118 109
129 120
148 139
189 182
353 340
250 241
472 456
376 366
695 678
697 680
1099 1083
1232 1216
1172 1157
486 480
407 402
2235 2215
4129 4094
1175 1166
4090 4059
2202 2187
8105 8062
4044 4024
8057 8020
7976 7943
15862 15799
15847 15786
8079 8048
31525 31408
8067 8038
31548 31439
2070 2063
594 592
8039 8012
31490 31388
31522 31421
4188 4175
31500 31405
95 33
31474 31360
62786 62604
2166 2160
4025 4016
439 439
50 51
