1011851
82 2
282 8
296 10
147 6
244 12
290 18
113 11
178 19
58 7
82 12
44 7
255 41
58 11
91 18
287 62
195 44
155 37
228 58
194 50
201 55
263 72
186 54
184 56
257 84
206 77
263 104
218 101
236 123
146 80
300 166
187 104
30 17
296 173
226 134
278 165
132 79
284 171
278 178
260 169
216 155
201 148
278 208
266 205
250 195
267 212
83 66
113 90
125 100
228 192
232 196
32528 32257
32528 32270
32543 32286
32525 32269
32505 32256
32526 32278
32546 32302
32542 32300
32503 32263
32497 32265
32525 32294
32478 32251
32506 32281
32503 32279
32543 32320
32499 32283
32541 32331
32532 32323
32505 32297
32525 32318
32498 32296
37 1
63796 63526
63798 63508
63793 63524
63760 63510
63800 63550
