9937555514
297 3
296 5
229 4
280 6
277 7
219 8
186 7
217 9
92 4
135 6
292 14
248 12
207 11
190 11
257 15
157 10
219 14
275 18
213 21
275 30
153 17
236 35
233 36
181 28
108 17
141 23
197 34
268 48
239 50
261 55
153 33
208 45
124 27
161 36
297 67
288 67
211 50
146 35
167 41
69 17
215 53
231 57
162 40
117 29
88 24
282 78
140 40
133 38
290 85
170 50
241 71
271 80
155 46
169 52
206 64
208 66
12 4
195 68
297 104
88 31
102 36
240 87
232 90
207 82
256 105
12 5
129 55
221 95
275 120
81 37
156 72
247 114
236 109
58 27
147 71
284 138
296 148
129 65
233 120
291 153
112 59
153 81
187 2
216 115
251 134
227 122
240 129
180 98
202 110
154 84
96 53
248 140
250 143
248 143
201 116
111 65
223 131
187 110
142 87
263 162
262 164
239 150
267 169
99 63
189 121
224 144
213 138
69 45
187 123
266 177
92 62
222 118
215 148
135 93
182 126
36 25
205 143
117 82
179 127
277 197
154 110
290 208
288 207
239 173
66 48
253 186
159 117
281 208
270 202
279 209
173 131
186 143
207 160
205 159
168 133
269 213
154 123
297 246
293 243
270 224
208 173
260 217
235 197
180 151
142 121
255 218
198 170
261 225
40 35
209 184
298 264
233 210
226 204
280 253
96 87
226 206
300 276
117 108
293 272
146 137
139 131
193 182
232 220
234 222
241 229
221 211
250 243
253 246
299 292
235 230
299 294
267 263
272 268
204 201
215 213
203 138
1312500298 1312500033
274 293
3500000300 3500000036
1625000300 1625000279
3500000297 3500000112
63 95
204 205
162 163
135 137
211 215
195 206
230 244
181 193
234 251
254 274
142 154
234 256
100 111
27 30
113 126
49 55
256 290
184 211
254 292
171 199
97 113
151 177
219 260
161 193
192 231
149 180
72 88
103 126
229 281
209 260
137 172
234 295
233 295
62 79
202 259
191 246
138 180
208 272
146 191
158 207
225 297
43 58
91 123
191 260
207 284
83 115
173 243
174 246
127 180
163 233
107 154
37 54
86 128
198 297
85 235
84 128
127 194
72 111
73 114
125 200
173 278
74 119
134 216
181 296
157 257
146 240
152 250
167 275
72 119
140 232
92 153
120 200
152 260
66 113
93 160
161 278
102 178
158 281
152 271
132 238
130 236
162 295
128 235
127 234
81 150
150 279
111 214
142 275
137 269
144 287
74 148
127 255
95 191
126 256
93 191
127 261
94 203
98 212
123 270
87 191
109 240
104 230
117 260
31 69
75 169
110 250
64 148
47 111
107 253
84 203
118 293
90 224
65 163
78 196
67 169
102 260
51 135
33 88
88 238
30 84
51 145
81 232
97 279
58 172
49 151
71 219
59 185
77 242
91 292
35 115
80 265
87 291
81 279
80 283
29 104
70 260
28 109
52 204
60 241
33 133
51 217
58 250
33 143
65 291
54 246
44 202
52 243
51 262
27 142
43 227
43 229
39 215
46 266
40 239
17 108
19 128
36 247
39 283
35 265
29 221
33 254
35 290
24 210
26 232
23 211
32 299
18 189
11 127
17 245
15 231
17 271
14 253
15 299
1 24
3 76
7 265
5 200
3 145
4 219
4 279
4 288
1 173
1 177
