100014749
296 150
299 109
277 137
201 9
204 14
284 24
208 19
248 24
245 24
281 137
268 34
225 31
292 43
283 136
269 46
280 124
225 44
275 58
273 58
207 44
294 130
220 50
300 72
201 50
294 74
288 120
255 106
297 78
284 77
232 65
220 63
290 88
249 93
214 70
259 86
296 108
278 103
295 110
3225285 3225020
3225293 3225020
3225285 3225031
3225279 3225022
55 2
69 8
118 19
68 13
61 13
86 22
170 44
110 34
160 69
246 108
53 25
44 21
31 15
134 69
152 79
88 46
238 125
193 102
191 101
17 9
295 158
280 150
261 141
262 148
148 84
177 104
269 160
294 175
300 186
172 107
275 176
270 174
99 65
201 134
98 66
205 139
215 147
175 120
129 89
259 181
74 52
248 180
290 213
292 223
242 188
259 204
181 143
234 185
274 217
236 188
199 161
185 152
206 170
184 152
190 160
128 108
278 246
218 193
46 41
256 229
242 217
155 140
157 142
213 196
3225297 3225051
157 5
200 186
209 196
176 166
296 287
280 272
3225242 3225004
3225234 3225002
3225254 3225031
3225262 3225041
3225235 3225034
3225272 3225075
3225259 3225066
3225230 3225041
3225265 3225079
3225290 3225107
3225280 3225104
3225240 3225066
3225222 3225050
3225230 3225061
3225270 3225107
3225232 3225070
3225228 3225067
3225253 3225095
3225208 3225053
3225244 3225091
3225299 3225171
202 186
3225273 3225159
3225242 3225133
270 286
3225261 3225157
3225269 3225179
3225276 3225188
89 89
269 275
220 221
192 194
234 237
122 126
140 147
75 80
242 260
94 102
246 267
220 242
237 263
263 297
209 238
258 294
156 179
49 57
131 154
125 149
121 145
235 282
230 279
219 270
72 89
145 183
124 157
187 238
157 201
189 244
176 228
217 285
123 162
168 223
79 105
141 191
120 163
200 273
185 254
96 134
141 198
137 196
201 292
196 285
162 236
63 95
176 268
22 34
145 226
100 176
165 294
114 206
12 22
