9975061588
127 2
104 2
125 4
255 10
138 6
242 12
293 16
263 18
116 8
221 19
186 16
297 27
189 19
187 19
118 12
223 23
273 30
261 29
107 12
226 26
126 16
140 18
243 36
297 45
110 17
241 38
137 22
265 45
253 43
275 50
208 40
110 22
292 59
287 58
206 42
199 41
126 26
275 57
203 44
278 69
4 1
270 68
297 75
130 33
290 74
185 48
146 39
256 69
243 66
194 57
207 61
121 36
94 28
221 66
285 87
199 61
180 61
277 95
244 84
148 51
284 98
283 98
28 10
219 79
130 48
285 106
265 99
227 86
187 72
231 89
201 78
287 113
143 57
297 120
280 115
168 69
107 44
158 66
43 18
215 91
277 118
28 12
241 105
234 104
184 84
280 128
261 121
90 43
235 113
287 140
231 114
273 138
212 108
97 51
136 72
100 53
102 55
98 53
177 96
105 57
273 152
281 158
264 149
220 129
270 166
289 180
210 131
64 40
217 136
135 85
193 123
296 189
115 74
115 2
285 185
150 98
81 53
256 169
290 192
203 138
211 144
209 143
235 162
246 170
270 187
148 105
197 140
277 198
293 210
143 103
163 119
198 145
57 42
156 115
134 99
270 201
103 77
203 152
298 224
184 139
74 57
235 182
247 192
285 223
236 185
278 218
196 154
71 56
253 200
48 38
218 173
83 66
5 4
250 201
180 145
234 189
146 118
254 206
264 217
175 145
141 118
233 196
179 152
73 62
120 102
81 69
147 126
265 228
190 164
278 242
281 246
192 170
257 229
165 148
154 141
121 111
297 273
207 191
220 203
131 121
93 86
293 271
61 57
199 186
197 185
115 108
88 83
133 126
128 83
266 253
135 129
216 210
195 190
64 63
205 203
280 279
296 281
412500300 412500011
412500300 412500251
286 291
725000300 725000072
725000300 725000166
2600000299 2600000130
5100000299 5100000028
44 44
166 174
261 264
153 155
217 221
155 160
51 53
94 98
229 240
129 200
264 288
226 247
245 269
30 33
230 254
229 253
214 237
262 291
247 276
241 271
187 212
52 59
162 190
96 113
253 298
129 152
228 269
219 259
173 208
209 252
235 285
240 292
233 290
233 290
185 232
198 250
216 273
161 204
219 279
141 180
95 122
119 153
197 254
57 74
102 133
95 125
123 163
160 214
147 199
209 285
41 56
134 184
161 222
209 289
191 265
128 178
98 137
162 227
102 143
95 135
184 265
196 283
132 191
127 185
176 258
36 53
184 271
197 292
169 252
90 137
49 75
143 221
115 178
38 107
98 152
153 238
111 173
19 30
158 252
134 214
164 262
174 283
140 228
124 202
128 210
166 275
148 246
98 163
164 273
80 136
143 247
110 194
158 281
75 135
91 164
160 293
108 199
162 300
138 259
138 260
139 268
110 213
116 225
108 215
143 289
139 281
74 150
137 292
50 107
120 261
89 194
133 290
95 208
89 196
67 149
69 155
94 212
127 289
127 300
115 274
74 177
116 279
53 130
53 130
84 207
113 280
26 65
70 177
43 110
71 182
8 21
45 119
102 275
104 283
53 146
71 196
92 256
92 258
102 288
22 63
18 52
90 260
64 185
83 243
55 163
80 238
90 273
38 117
49 159
75 254
76 263
78 271
34 121
61 222
60 229
45 173
47 197
64 289
47 216
63 298
61 298
51 252
52 272
27 143
49 262
24 129
50 270
28 155
3 18
40 240
20 123
29 180
30 194
44 291
35 251
40 288
28 221
21 172
23 196
25 222
33 294
26 233
16 161
27 279
13 137
26 291
24 275
6 78
17 228
14 207
14 208
15 264
14 248
9 173
2 42
3 75
10 283
4 220
5 290
4 241
1 115
1 162
