100006419
490724 490643
490725 490688
49 38
79 21
100 7
99 51
63 51
490689 490651
73 27
77 18
83 20
39 8
38 20
98 14
80 9
96 85
55 5
69 56
490684 490634
58 19
85 30
79 10
100 9
19 8
96 78
61 3
31 8
56 14
87 33
60 33
52 37
99 33
43 11
77 5
76 19
78 40
83 41
80 64
295383 295350
295404 295319
881320 881254
295402 295329
295383 295348
295406 295329
295401 295362
295375 295313
881332 881254
295397 295335
295346 295321
295402 295331
881344 881253
295405 295380
295378 295330
881344 881262
881322 881259
295391 295356
881345 881261
295373 295313
295376 295326
295352 295318
295376 295324
881328 881258
881338 881262
881315 881251
881344 881252
295404 295362
295361 295334
881344 881259
295412 295351
295399 295313
490709 490630
490722 490628
490680 490642
490719 490629
490712 490638
490686 490627
1662573 1662516
881339 881297
881299 881261
881343 881292
881308 881263
3225100 3225021
881307 881275
1662562 1662501
881347 881288
881335 881299
490716 490689
490719 490693
1662593 1662535
881337 881279
490676 490647
1662567 1662517
881317 881272
881286 881253
1662587 1662532
881329 881290
23 16
295364 295343
295409 295389
295386 295367
295404 295385
295351 295333
490708 490683
490659 490635
295384 295370
490707 490684
490718 490695
490676 490654
490687 490666
490709 490688
490652 490633
490682 490663
490690 490671
490674 490656
490713 490695
490720 490702
881326 881296
295382 295372
490653 490637
490660 490644
881288 881260
881315 881288
295355 295346
295376 295367
881302 881276
490690 490676
881319 881294
881297 881273
881345 881321
881295 881274
1662553 1662514
1662600 1662562
881298 881278
490667 490656
1662598 1662561
3225080 3225012
881326 881308
490692 490682
881286 881269
881291 881274
3225097 3225036
1662533 1662502
881293 881277
881320 881304
1662557 1662527
3225092 3225036
295344 295329
63 44
33 29
881280 881265
881301 881286
881280 881254
3225060 3225004
1662569 1662540
3225090 3225036
1662534 1662508
490720 490713
881302 881290
295405 295402
295326 295326
