556687
284 34
245 5
289 29
274 26
289 26
272 9
261 9
299 11
262 12
292 1
194 5
154 4
112 6
17 1
183 13
245 21
182 17
237 25
179 20
139 17
251 40
228 37
72 12
188 32
140 26
128 24
246 48
251 50
143 30
256 58
242 55
214 49
99 23
225 54
274 66
202 49
189 46
266 65
271 67
266 67
141 38
183 50
80 22
187 54
251 73
261 79
248 76
148 46
236 74
294 93
136 44
187 61
193 64
81 27
287 98
277 95
258 93
244 89
171 64
205 77
167 63
132 50
255 97
269 103
198 76
202 80
210 86
299 123
247 102
242 100
147 61
227 95
169 71
186 79
241 103
235 102
152 67
156 69
300 133
203 92
160 73
243 111
292 135
183 85
278 130
231 109
94 45
157 76
256 127
253 129
213 109
89 46
193 102
83 44
231 124
227 122
219 118
102 55
224 121
238 129
287 156
194 106
282 155
169 93
205 113
287 159
97 54
280 156
52 29
130 73
96 54
224 127
279 161
217 129
289 173
105 63
118 71
296 180
285 174
65 40
274 169
289 179
99 62
159 102
297 191
167 108
247 161
227 148
84 55
255 170
114 76
219 146
288 194
227 153
37 25
230 156
143 97
28 19
235 161
290 199
221 152
232 160
259 179
278 194
270 189
189 134
209 149
258 184
267 191
177 127
63 46
157 119
253 192
130 99
69 53
173 134
141 110
142 111
185 145
199 157
266 214
286 232
266 216
282 229
128 104
183 150
262 218
25 21
228 193
112 95
180 153
74 63
290 247
285 243
122 105
261 225
98 85
192 167
108 94
156 137
157 139
195 173
293 262
152 137
74 67
224 205
231 214
111 103
198 184
179 167
236 223
204 193
285 274
214 206
268 260
184 179
251 245
284 279
217 212
268 265
157 4
500400 500303
277 287
147 181
141 142
100 101
253 257
106 108
203 207
187 191
90 92
70 72
127 131
190 200
156 165
174 186
257 276
203 222
200 222
242 273
170 193
82 95
229 267
144 168
194 227
116 136
220 258
237 278
102 120
78 93
231 280
210 256
63 169
165 205
232 290
107 135
194 248
162 208
176 226
218 281
54 70
47 61
59 77
193 258
216 296
123 169
201 277
144 203
157 224
123 176
118 171
197 286
133 196
71 105
95 141
188 282
142 216
189 291
126 194
140 224
182 292
89 143
161 260
116 188
101 164
121 202
101 173
144 248
49 86
95 167
117 210
128 233
109 200
162 299
136 252
92 172
154 289
122 233
96 186
68 133
129 255
125 248
143 285
124 256
75 156
137 293
127 280
104 230
112 249
90 203
91 208
46 111
119 290
111 275
85 212
116 293
97 247
40 108
35 95
96 265
100 277
99 276
45 139
72 225
51 165
7 23
87 286
45 148
58 191
69 228
51 186
28 107
72 289
15 61
48 198
60 248
40 166
13 57
60 265
45 206
52 239
47 220
57 277
55 273
42 226
49 264
28 151
31 173
51 285
9 51
24 143
37 227
41 258
10 63
24 153
39 256
12 92
11 85
31 250
15 121
37 300
9 78
19 180
20 203
28 293
24 255
9 113
23 297
11 145
22 290
14 248
12 231
14 290
11 249
6 145
10 252
6 207
3 134
5 227
4 281
1 221
