1003573
262 5
288 11
115 6
290 20
130 9
172 12
95 7
175 14
294 35
200 29
179 27
140 22
101 19
277 54
287 58
173 35
189 47
197 52
160 43
77 21
293 80
192 57
145 47
282 94
218 73
238 80
280 97
155 57
291 108
295 110
270 105
268 106
129 55
111 49
251 112
87 39
139 63
98 45
250 119
187 92
153 78
189 97
259 133
214 111
238 124
187 99
237 128
275 150
222 126
147 84
209 121
264 154
206 122
280 169
215 132
281 173
114 71
231 144
239 150
295 197
180 123
238 163
279 193
172 119
47 33
134 95
268 9
238 179
174 132
291 240
143 120
276 234
208 178
206 177
191 170
144 129
149 134
155 141
79 72
181 165
286 264
238 221
252 234
284 264
187 176
280 264
165 156
128 123
157 151
288 280
152 148
236 230
31515 31261
31549 31302
31500 31278
31487 31266
31513 31292
31489 31270
31505 31292
31492 31282
31509 31301
31526 31320
31516 31312
31529 31345
31453 31290
31492 31346
31459 31335
31537 31373
221 159
31454 31334
202 285
31545 31457
31524 31421
31505 31415
31527 31456
31502 31436
31437 31379
31462 31404
31442 31404
31434 31421
31480 31475
31475 31532
31433 31457
31469 31512
31442 31526
268 269
94 96
269 275
176 180
255 263
224 232
22 23
237 251
102 110
118 142
116 142
182 224
107 132
199 246
188 234
168 216
66 86
185 242
221 296
172 232
172 238
157 220
108 153
104 148
183 261
123 182
48 72
182 273
180 273
111 172
97 152
143 228
115 186
128 208
167 282
57 98
93 170
92 169
123 229
85 164
53 105
140 284
120 268
82 190
114 266
59 145
107 276
6 16
68 182
66 183
98 273
93 262
25 71
103 297
66 197
66 203
88 274
20 64
74 246
26 90
13 46
78 283
38 140
56 208
23 86
77 289
54 215
61 253
68 296
19 104
45 254
35 217
40 251
30 205
24 201
30 281
14 134
30 288
17 182
14 154
10 144
10 148
4 92
2 80
2 123
2 232
