1038273
4207 3940
4176 3963
159 63
233 217
252 216
258 108
270 40
275 241
157 44
225 59
155 3
90 36
239 132
290 203
247 215
292 85
275 135
221 88
292 25
290 247
83 26
180 100
93 7
75 2
238 80
220 19
256 83
277 56
97 14
249 17
268 204
148 22
262 142
145 128
163 10
275 108
215 119
262 181
292 208
266 193
254 195
119 19
264 142
116 80
106 22
137 9
296 222
57 4
150 59
143 58
194 2
271 218
195 155
267 88
254 21
259 153
245 113
290 51
224 190
215 27
193 89
297 129
83 51
287 50
113 25
229 14
298 101
179 68
166 91
261 243
70 27
136 32
272 103
197 119
176 27
146 33
226 7
160 23
152 66
284 132
4172 3917
171 18
186 135
187 32
231 177
299 95
216 90
239 166
225 78
258 102
262 128
254 18
118 36
60 1
294 227
285 226
279 262
219 152
163 131
221 58
290 76
250 182
328 199
253 199
411 222
257 160
344 201
333 252
262 147
156 137
332 137
351 212
246 231
352 286
249 177
292 197
330 245
395 209
236 174
391 156
330 170
324 307
353 308
331 139
245 199
318 218
311 245
406 366
245 232
429 212
341 305
171 157
507 367
531 309
554 409
367 258
461 315
482 375
551 299
413 293
473 322
359 290
540 344
485 335
517 391
515 266
514 473
464 383
553 313
544 470
478 310
522 378
548 267
508 367
448 359
413 336
509 350
367 284
453 313
523 265
503 396
740 686
754 567
622 565
751 668
600 529
776 628
604 502
686 616
785 710
788 635
648 544
701 531
705 668
650 532
660 508
738 571
587 512
781 545
738 667
669 633
798 723
585 524
618 524
721 665
686 623
1279 1103
1213 1120
1077 1013
1271 1157
1180 1004
1252 1088
1171 1104
1117 1037
1188 1034
1152 1008
1261 1030
1176 1111
1133 994
1255 1054
1091 1011
1258 1031
1132 1016
1157 1042
1259 1051
1196 999
1144 1027
1139 1071
2178 2068
2199 2040
2229 1978
2145 2016
2158 2025
4191 3979
2210 2084
2250 2011
8003 7843
7973 7832
4059 3940
2208 2129
4137 3952
8091 7881
2149 2075
4047 3931
8067 7826
649 623
1226 1186
2068 1971
512 489
2059 1995
4111 3959
2186 2101
1269 1210
4137 3993
4216 4106
2250 2157
4061 3937
776 756
4130 3955
1280 1220
4135 4026
4157 4009
4213 4046
4209 4018
2065 1985
4141 4028
4083 3936
2259 2182
15902 15792
15771 15658
15929 15829
31552 31367
15855 15756
31456 31265
31471 31272
15871 15666
15923 15642
8037 7885
4142 4106
8095 7971
8116 7986
15832 15715
7989 7830
4108 4047
4152 4072
15884 15703
4005 3918
8025 7862
2016 1978
15895 15649
4159 4098
15921 15716
7984 7919
8034 7852
2153 2115
4180 4135
15879 15750
7983 7824
15901 15711
15917 15718
15926 15713
4048 3995
8099 7961
7991 7887
8089 7910
2263 2227
4049 4006
8017 7901
15886 15736
8120 7999
15886 15651
4074 3991
15882 15663
8099 8003
4070 3995
8088 7939
3991 3927
8013 7940
15788 15667
4139 4092
2071 2031
1169 1144
1093 1065
8052 7889
11 5
242 230
286 273
194 187
448 432
357 345
241 234
227 221
542 528
299 292
519 510
734 724
2192 2167
2152 2128
2193 2169
2154 2134
2019 2001
235 233
118 117
1078 1070
7905 7854
7972 7924
8066 8018
8011 7966
31501 31325
1262 1255
2085 2074
15772 15689
31520 31357
15829 15748
31542 31392
2235 2081
7901 7843
31497 31350
8032 7995
717 714
216 217
