9975031382
253 3
137 2
40 2
266 16
164 11
185 15
200 17
286 25
194 21
285 4
272 33
286 37
267 41
180 28
177 28
295 54
114 21
153 30
148 34
168 40
132 33
251 67
284 76
76 22
279 89
128 43
298 101
56 19
93 32
243 84
129 45
216 79
195 72
271 104
276 106
285 110
120 47
204 80
274 112
67 28
78 33
111 50
258 117
225 105
210 101
220 116
168 89
203 108
223 126
300 178
177 108
245 150
35 22
147 94
119 14
244 158
242 161
152 103
287 201
281 197
300 212
220 157
159 115
169 123
289 215
204 156
125 96
262 212
137 111
162 133
202 166
281 232
280 235
223 191
255 219
130 112
131 115
253 223
34 30
214 190
75 67
250 224
237 213
298 268
93 84
279 256
143 132
200 185
273 255
109 102
286 270
290 277
725000297 725000009
247 158
725000300 725000123
725000300 725000278
280 291
1350000291 1350000104
5100000298 5100000103
134 134
1350000286 1350000293
159 270
143 145
253 257
218 228
252 267
276 296
250 269
274 295
263 284
226 252
260 292
214 246
212 249
179 214
119 143
208 251
103 129
60 76
205 260
154 196
179 229
75 97
194 252
202 264
64 85
43 58
205 281
188 258
144 199
117 165
160 229
180 261
163 239
164 249
88 138
161 254
178 282
104 166
149 246
115 192
129 216
33 59
162 292
142 261
108 200
157 291
111 207
88 175
109 221
146 299
130 271
43 91
130 280
128 281
19 42
124 280
64 145
117 273
39 93
87 212
50 122
73 185
85 221
103 275
59 160
77 212
89 255
38 110
60 181
21 65
49 152
29 91
83 280
50 175
55 201
26 98
69 261
60 242
67 288
10 48
35 177
25 147
40 249
27 226
35 297
22 188
14 125
27 256
29 286
8 80
11 123
19 241
17 217
17 223
11 148
8 108
8 110
10 260
11 286
7 185
7 290
3 128
1 188
1 241
1 264
