100018154
225 5
288 9
219 7
295 12
85 4
276 19
161 13
118 10
256 24
148 16
212 23
275 32
290 39
12 2
147 25
116 20
264 50
70 16
283 66
271 65
232 56
241 63
244 65
171 46
289 86
228 68
132 41
224 70
279 91
45 15
228 77
217 74
201 73
265 101
204 85
250 110
271 126
241 114
60 30
257 131
151 78
253 143
140 81
289 170
95 56
229 136
116 69
109 68
124 80
257 169
184 122
285 205
188 136
188 137
279 208
263 199
74 56
136 107
146 119
1195571 1195323
1195559 1195317
1195568 1195347
1390900 1390645
1195549 1195337
1195571 1195360
1195582 1195383
1390849 1390626
1390866 1390647
1390865 1390649
104 44
1195560 1195383
1390851 1390647
1390881 1390678
1195540 1195367
1781538 1781283
1390887 1390688
1781523 1781274
1781549 1781306
1195548 1195387
1390860 1390680
1195593 1195439
1195604 1195457
1781547 1781329
1195581 1195440
1195585 1195445
1390891 1390732
1781470 1781268
1390814 1390657
1781488 1781297
1390840 1390695
1781541 1781357
1781460 1781277
1195571 1195452
2562725 2562517
2562771 2562541
1390752 1390628
1390846 1390722
1781407 1781254
1390863 1390747
1195549 1195450
1781538 1781391
1195599 1195502
2562783 2562578
1781405 1781264
2562725 2562537
1781474 1781345
1390792 1390661
2562731 2562551
4125295 4125020
1390756 1390663
2562795 2562623
4125282 4125015
2562752 2562585
1390917 1390702
2562699 2562503
1195538 1195367
4125285 4125026
1781373 1781269
