548297
232 7
124 5
160 7
175 9
262 14
255 15
201 12
251 15
113 7
297 19
232 16
235 17
119 10
196 19
296 31
282 30
186 21
285 33
253 32
240 31
259 41
263 47
229 41
195 35
292 55
243 49
293 63
282 61
161 37
181 42
163 38
138 34
295 76
245 64
184 49
264 73
239 69
280 82
17 5
236 74
236 75
291 94
104 34
155 51
122 41
297 101
155 54
143 50
135 49
165 60
265 97
221 82
234 87
225 84
282 107
174 67
299 118
274 110
170 70
195 81
108 45
280 117
266 113
221 94
195 84
116 51
119 53
206 93
138 64
290 141
145 72
34 17
84 43
288 149
243 129
192 102
183 99
182 99
181 100
169 94
124 69
221 123
220 123
121 68
193 109
198 112
252 143
207 118
51 31
279 170
201 123
281 176
134 85
152 97
158 101
263 170
229 151
237 157
134 91
129 88
161 110
215 149
244 170
40 28
167 117
142 101
236 170
273 197
262 194
288 214
87 65
225 2
112 84
269 204
263 202
249 192
283 219
245 193
190 150
288 228
247 198
162 131
251 203
295 242
215 178
220 184
246 207
76 64
154 130
153 131
209 180
260 226
292 254
103 90
285 250
286 253
291 259
200 179
274 252
289 266
174 161
148 139
207 197
297 287
235 229
132 129
184 180
245 240
209 205
268 201
501300 501135
277 277
234 234
41 56
258 260
110 111
86 88
196 201
39 40
176 181
178 185
240 252
224 236
237 250
167 182
187 206
206 230
255 285
259 290
100 113
214 247
79 92
200 234
104 122
131 156
238 284
90 108
140 169
243 298
80 99
61 76
192 240
159 201
70 89
227 295
61 80
197 259
122 161
174 234
88 119
203 276
157 214
55 145
139 192
133 186
79 111
132 187
190 270
197 280
92 131
132 188
196 285
125 188
45 68
26 40
189 293
85 133
128 201
83 136
136 226
39 65
156 262
125 212
129 221
122 210
65 112
164 287
98 175
94 168
139 254
112 205
66 123
148 283
70 135
147 285
128 250
145 284
112 223
65 130
114 235
112 231
110 229
65 137
105 226
95 205
85 185
121 264
74 162
122 269
14 31
66 148
123 276
114 262
101 234
67 157
113 272
112 270
104 251
41 99
90 218
26 63
66 161
88 221
118 297
118 300
91 234
111 291
92 250
64 176
97 274
75 217
21 61
75 231
29 92
88 287
37 122
65 218
82 284
76 266
60 210
54 197
32 119
25 95
58 221
71 275
32 125
53 209
58 254
26 116
64 293
46 212
51 248
31 152
27 138
23 119
47 252
53 287
38 210
27 150
11 62
38 219
47 275
39 229
41 277
28 195
26 191
31 243
24 192
32 270
20 206
5 55
24 287
20 241
10 158
2 33
12 214
11 227
9 186
12 254
9 213
3 77
7 180
4 104
11 287
7 220
2 85
2 89
6 279
5 242
4 281
1 234
