100004809
1390718 1390636
1390723 1390644
1097743 1097670
1097729 1097666
1097736 1097660
87 29
89 47
1097737 1097666
68 7
86 4
50 16
63 13
83 35
84 42
1048922 1048855
1048925 1048846
1048906 1048829
1048924 1048862
42 9
62 19
79 20
1024502 1024431
1012303 1012226
69 4
1012302 1012220
1781332 1781252
1781333 1781255
1390709 1390641
1781347 1781265
1012270 1012214
1097736 1097678
1024481 1024423
1390707 1390635
35 4
33 12
30 11
19 8
62 39
44 29
76 59
97 81
74 63
35 30
30 26
67 62
24 23
1012288 1012236
1024469 1024417
1097739 1097686
1012287 1012239
1012282 1012237
1097753 1097706
1195410 1195359
1097704 1097658
1012289 1012247
1012301 1012259
1024465 1024423
1048877 1048834
1097728 1097683
85 19
1024465 1024424
1195398 1195351
1048882 1048841
1048875 1048835
1048898 1048858
1390704 1390651
1781330 1781263
1195405 1195361
1781326 1781261
1097715 1097675
1048889 1048851
1024472 1024435
1024510 1024473
1097721 1097683
1390698 1390651
2562589 2562503
1195359 1195319
1048913 1048878
1390716 1390672
1390710 1390668
1097731 1097699
1390667 1390627
1048868 1048831
1390682 1390642
1781334 1781283
1012293 1012266
1024444 1024417
1024457 1024430
1097736 1097708
1024499 1024473
1097745 1097718
1390718 1390684
1195403 1195374
1390685 1390652
2562569 2562509
2562598 2562538
2562597 2562538
1195411 1195363
1781315 1781251
1012269 1012239
1195370 1195343
95 96
2562586 2562532
1195386 1195361
1195382 1195358
21 21
79 79
44 45
