1057629
1257 1055
296 113
200 163
194 148
294 81
37 15
241 51
265 191
108 6
184 158
299 5
257 37
212 93
164 88
123 73
260 113
35 4
267 157
110 53
176 23
190 64
231 69
254 80
264 187
274 141
155 69
278 165
256 40
200 77
222 109
256 163
220 178
115 13
178 122
291 163
195 72
252 44
111 23
94 71
213 138
296 118
181 118
230 80
196 38
285 25
181 54
244 39
261 86
232 191
249 161
117 100
54 46
180 19
148 89
292 164
165 51
222 154
162 28
210 137
113 28
297 246
249 114
288 250
268 196
109 94
171 56
196 9
87 15
90 38
118 17
223 63
187 64
275 91
208 121
151 109
140 43
260 129
217 157
144 33
289 185
296 233
44 26
176 152
237 78
157 128
296 108
217 45
123 74
120 13
164 94
284 177
276 121
197 59
219 49
281 152
226 198
202 166
145 108
216 177
90 8
274 57
210 104
235 42
299 254
291 84
197 4
53 28
275 238
224 112
281 71
236 106
174 70
251 216
195 166
245 50
127 75
128 89
90 35
211 46
241 149
235 29
189 67
216 170
216 63
175 60
288 181
277 233
196 15
280 155
134 83
149 89
141 120
85 9
99 13
193 115
34 29
80 70
107 17
285 3
243 108
220 124
300 57
285 191
299 105
288 244
246 194
90 7
272 149
287 151
296 109
293 228
159 84
110 5
216 121
210 44
132 17
300 35
266 65
153 4
186 126
187 52
209 70
286 178
280 177
187 45
95 83
104 19
283 150
298 132
216 127
255 168
283 37
276 110
295 206
208 26
64 54
26 5
265 207
289 51
254 98
248 68
210 181
213 108
142 106
210 60
194 27
256 4
263 195
217 96
274 152
145 14
286 18
243 6
138 102
281 73
77 3
292 226
136 17
288 25
153 60
167 105
230 66
118 37
51 22
210 90
236 186
128 16
162 86
272 141
156 48
216 152
229 19
202 152
79 15
205 174
123 45
122 103
81 41
70 25
235 91
190 38
182 50
272 166
237 196
210 149
298 117
298 201
102 10
279 199
279 156
262 43
104 36
60 15
187 21
294 131
46 29
248 141
175 48
298 91
271 81
81 22
84 3
209 86
293 146
283 141
269 177
227 79
188 100
124 32
251 158
217 53
229 33
153 48
68 59
73 59
234 149
161 48
171 150
256 46
288 143
130 43
288 211
300 220
273 16
164 71
185 105
267 175
72 36
138 24
387 337
275 174
235 108
386 144
235 56
296 160
358 275
365 292
336 272
410 141
242 93
277 40
392 167
257 165
235 197
407 203
290 199
218 47
218 161
307 136
408 170
316 166
413 142
392 229
119 57
342 281
135 103
130 66
102 39
410 257
183 139
271 154
134 90
537 358
472 296
429 302
251 94
452 332
277 224
258 126
444 314
461 256
299 171
85 69
251 96
283 232
207 31
251 76
418 360
287 102
260 154
461 303
481 420
284 5
130 92
480 346
456 313
483 351
340 266
386 303
177 14
427 322
136 3
720 537
677 490
166 94
145 20
762 577
181 69
782 515
644 564
622 512
268 95
299 136
194 52
675 519
759 564
230 95
581 494
731 493
734 559
747 576
219 176
281 27
192 72
777 648
729 575
195 134
786 644
1266 1049
287 55
1120 983
1210 1032
205 77
1140 998
1272 1100
228 64
1158 1008
1231 1066
1129 1103
7924 7848
512 460
503 468
1201 1138
4015 3980
1120 1068
4183 3919
1114 1060
162 143
132 117
8090 7947
8112 8027
4100 3969
4159 3931
8091 7826
290 263
8106 7877
3953 3913
4144 4045
4061 4027
4123 4045
4154 4037
4118 4058
4024 3970
192 177
4069 4022
4116 4024
1038 1014
124 109
443 426
4190 4106
165 146
4163 4027
8088 7915
4151 4023
7993 7841
4119 4039
1024 1007
422 399
7958 7883
8020 7897
4014 3952
4075 3949
4201 4084
4164 3997
477 430
3987 3929
297 268
4203 4163
15906 15655
4202 3926
411 369
4109 4027
4030 3913
1245 1107
4177 3943
2236 2048
2191 2137
2100 2074
2179 2024
2252 2198
2142 2073
2106 1990
2095 2060
295 274
15754 15627
188 167
2177 1985
2225 1985
2135 1996
1275 1156
348 322
1085 1013
2137 2016
2206 2121
15921 15760
287 256
201 184
2056 1993
666 585
117 103
15912 15764
2112 2015
2179 2035
787 736
2144 2055
2202 2150
151 133
8097 7855
2185 2064
15825 15634
15905 15630
2037 2004
2110 2066
15850 15663
8091 7972
413 396
2208 2067
2031 1986
240 220
2140 1984
8053 7941
237 218
2192 2044
2181 1984
2156 2052
2224 2183
7882 7817
631 602
1025 995
8039 7898
1105 997
785 769
726 677
776 727
15861 15660
15811 15663
8052 7853
15913 15800
31527 31308
31533 31314
31492 31284
31540 31291
15911 15798
31440 31277
15857 15756
15827 15724
8008 7944
68 60
129 116
30 27
83 75
84 76
34 31
143 132
129 120
31 29
220 207
202 191
204 193
205 195
286 274
126 121
158 152
136 131
207 200
242 235
407 396
259 252
547 533
497 487
181 178
271 267
142 140
1222 1205
259 257
1065 1057
1007 1000
8087 8031
2011 1998
7885 7842
7928 7887
31546 31385
31526 31372
2103 2093
15780 15707
31487 31343
149 102
31392 31263
322 291
31512 31387
62766 62518
102 102
