96887739
28 1
64 3
84 4
35 2
31 2
41 3
75 6
91 8
28 3
98 11
26 1
95 12
29 4
63 9
97 14
75 11
65 10
97 15
76 13
86 15
96 19
40 8
91 19
57 12
39 9
31 8
62 17
72 20
18 5
63 19
79 24
55 17
97 31
9 3
86 30
77 27
51 18
81 32
69 28
90 37
86 10
89 37
82 37
82 37
83 38
71 34
33 16
86 42
63 32
32 17
90 50
97 54
75 43
61 35
95 55
68 40
47 28
75 46
44 27
79 49
37 23
88 55
53 34
47 31
31 21
81 55
45 31
69 48
66 46
67 47
88 62
61 45
78 59
87 66
88 68
63 49
86 67
48 38
70 56
100 80
51 21
90 73
87 72
81 68
40 34
91 78
91 78
97 85
89 78
10 9
81 74
38 35
51 47
48 45
48 46
49 47
88 87
3125087 3125004
3125100 3125026
3125079 3125015
3125085 3125024
3125085 3125025
3125091 3125036
3125085 3125033
3125081 3125030
3125092 3125042
97 78
3125099 3125073
93 98
3125080 3125034
3125096 3125051
3125076 3125032
3125080 3125039
3125093 3125052
3125077 3125039
3125093 3125058
3125098 3125068
3125091 3125068
3125077 3125059
3125083 3125067
3125096 3125083
3125079 3125067
3125083 3125071
3125085 3125078
3125088 3125081
28 28
49 49
27 27
17 17
3125091 3125092
3125083 3125084
3125079 3125080
3125079 3125084
3125080 3125093
55 82
74 77
86 92
41 44
64 69
85 92
80 87
41 46
20 23
74 86
74 86
49 57
46 54
55 66
45 55
62 76
48 60
61 79
23 30
49 68
49 69
70 99
48 68
62 88
14 20
32 46
32 46
32 46
63 91
18 26
51 75
56 83
15 96
64 98
63 97
19 30
48 76
63 100
62 100
34 55
32 52
26 43
52 86
45 76
13 22
31 55
44 79
5 9
38 71
34 64
51 96
35 67
47 92
34 67
39 79
44 92
40 84
36 78
33 72
43 94
17 39
26 61
33 81
37 92
18 46
8 21
31 85
33 91
32 100
14 44
29 95
20 79
24 98
22 91
17 79
12 56
18 88
19 96
9 47
10 56
14 79
6 40
8 55
13 90
10 72
5 36
13 94
9 75
7 62
8 90
3 61
3 62
4 86
2 45
3 75
2 56
1 29
