5001012485
89 36
83 1
99 37
89 4
93 6
98 35
93 7
95 11
90 31
70 9
70 9
79 26
88 25
63 11
85 15
72 13
96 18
91 24
78 16
68 14
80 21
98 21
86 19
99 22
80 18
77 18
78 19
92 24
28 1
42 3
25 3
38 5
37 5
62 12
61 13
65 16
68 18
39 11
68 22
61 20
75 25
63 21
73 26
75 27
41 15
78 29
51 19
82 31
74 28
63 25
32 13
59 24
77 32
60 25
52 22
88 38
83 38
72 33
95 44
69 1
45 22
63 31
71 35
74 37
44 22
2 1
34 17
75 38
57 29
59 31
85 46
84 47
90 51
59 34
90 54
10 6
48 29
86 53
96 60
70 44
93 59
88 56
91 61
41 28
80 55
65 45
64 45
79 56
63 45
93 67
65 47
100 73
57 42
69 52
65 49
95 72
25 19
97 74
36 28
57 45
92 74
43 35
97 79
97 79
23 19
54 45
40 34
7 6
64 56
57 51
37 34
89 82
72 67
45 42
64 60
49 46
77 73
80 76
92 89
50 48
39 38
87 86
67 32
5001000100 5001000003
98 100
51 100
63 64
96 98
78 81
68 71
21 22
41 43
59 62
92 97
48 52
63 69
56 62
73 83
41 47
81 94
15 18
82 100
25 31
29 36
45 56
76 95
70 88
51 65
70 91
71 94
54 72
6 8
32 43
34 46
64 87
41 56
28 39
56 78
40 56
50 71
33 47
61 87
27 39
65 96
54 80
59 92
56 89
19 31
58 97
52 88
13 24
52 97
31 58
35 66
16 31
45 88
1 86
33 66
29 60
32 67
47 99
36 76
43 95
18 40
41 93
39 92
38 90
34 82
21 51
38 95
33 83
17 43
16 41
37 97
34 90
37 99
32 88
33 92
14 40
33 95
32 93
29 86
33 100
29 90
32 100
21 66
28 94
16 55
9 32
20 72
23 85
10 38
26 100
12 53
21 93
18 84
14 66
12 57
4 19
16 76
14 69
16 80
7 35
18 99
9 52
15 92
15 93
10 67
11 79
8 60
9 86
8 77
6 65
6 68
5 58
8 99
6 80
3 51
1 39
2 85
1 90
