1014365
281 1
183 3
164 3
254 10
236 10
224 10
229 12
159 9
257 15
199 23
171 20
224 27
246 31
206 26
250 33
215 29
155 22
178 26
221 33
154 23
169 26
156 24
281 44
139 22
160 27
120 22
281 55
235 47
219 44
233 48
217 47
44 10
262 61
197 48
249 66
263 70
206 55
247 67
120 34
17 5
241 72
274 89
93 31
179 64
298 107
195 72
256 107
188 79
233 101
177 77
188 86
230 107
125 59
145 69
286 141
151 77
234 121
99 53
219 121
251 147
215 126
155 91
158 93
81 48
80 48
216 130
251 152
82 50
204 128
181 114
243 154
63 40
206 132
256 168
257 169
109 73
290 196
225 155
269 186
257 180
181 128
267 191
88 63
134 96
218 1
15 11
237 177
244 184
257 194
255 193
285 216
196 151
49 38
234 189
220 179
212 174
86 71
297 252
286 243
217 188
116 101
114 100
215 191
296 263
278 248
277 248
225 203
281 256
237 217
261 246
231 218
250 239
185 179
156 152
248 244
269 266
31649 31362
31640 31356
152 110
31642 31394
31603 31362
31600 31364
31620 31388
31625 31401
31628 31413
31581 31367
31634 31426
31570 31363
31541 31356
31605 31425
31641 31462
31599 31425
31626 31466
31563 31413
31613 31463
31595 31447
31571 31424
31635 31491
31567 31430
31624 31359
31576 31445
291 298
259 258
31600 31482
31647 31529
31642 31533
31628 31529
31649 31567
31627 31558
31643 31590
286 287
255 257
227 229
280 284
233 241
162 169
128 134
195 205
234 248
190 202
226 242
249 269
169 183
173 188
219 239
148 162
147 162
134 149
203 227
141 158
165 186
168 196
234 273
149 174
211 249
98 117
196 235
199 242
244 297
92 112
40 49
163 200
198 251
232 299
13 17
209 274
205 271
214 285
173 235
205 283
97 134
145 203
200 293
38 56
58 86
117 174
125 192
117 180
87 134
158 246
178 279
88 141
87 140
182 294
175 283
167 274
163 287
74 137
100 188
72 138
113 218
104 209
129 260
