5000115993
197 95
113 1
187 85
179 14
143 12
166 15
140 13
149 17
183 21
155 59
190 29
168 62
121 19
157 49
151 46
134 22
160 48
172 50
149 43
152 32
184 41
184 50
185 45
161 40
148 40
163 43
84 4
64 8
65 10
108 17
86 14
98 19
15 3
25 5
91 21
115 30
64 18
122 35
26 8
76 25
47 2
147 55
125 49
110 47
146 64
130 57
132 61
122 57
164 79
114 55
106 56
50 29
112 68
179 109
118 72
176 110
164 104
88 56
156 101
135 89
180 121
147 99
154 104
190 130
162 114
155 110
138 98
114 81
173 127
51 40
128 102
176 143
162 132
98 82
159 134
169 153
180 164
149 136
52 49
103 98
120 116
138 137
133 47
5000100200 5000100087
162 168
32 40
86 87
84 85
77 78
119 122
75 78
89 94
153 174
130 148
161 188
153 188
78 96
100 125
150 192
91 117
109 146
148 199
112 151
135 188
127 187
105 155
80 122
88 136
92 147
81 130
57 95
46 79
67 118
103 183
60 107
84 159
97 200
77 159
40 87
40 88
64 141
41 92
79 180
69 161
74 173
83 195
72 172
15 36
58 151
61 159
70 190
54 149
57 158
23 67
1 3
20 63
35 122
35 130
13 50
41 188
38 189
35 177
31 157
9 49
28 153
20 113
22 125
27 182
11 77
23 165
25 192
19 147
14 124
14 142
5 77
10 166
9 154
7 155
6 162
4 199
1 53
