9718529131
145 5
199 8
122 5
127 6
196 10
118 7
131 9
81 7
127 12
167 16
101 3
137 18
96 13
95 14
108 16
114 18
151 25
175 31
174 32
105 20
40 8
181 37
178 41
151 36
117 28
184 45
112 28
47 12
23 6
161 43
170 48
183 52
140 40
79 23
126 37
74 22
155 48
78 25
107 35
173 57
119 40
108 37
84 31
139 52
181 69
176 70
107 43
99 40
89 36
116 47
199 82
128 54
114 49
166 72
90 40
56 25
47 21
168 79
183 87
173 83
62 30
121 61
197 106
114 62
150 82
148 81
184 101
60 33
189 104
167 92
81 46
154 88
65 38
181 109
169 102
182 110
112 68
88 55
148 94
159 101
182 116
89 58
130 85
190 126
185 123
178 119
142 96
106 72
174 122
158 114
141 102
196 143
196 143
93 68
146 108
140 104
200 150
183 138
181 137
121 92
155 122
171 137
93 75
153 125
83 9
175 145
152 130
180 156
169 148
68 61
45 41
192 178
110 103
163 154
92 88
97 93
84 81
57 55
86 83
313500192 313500007
313500182 313500012
313500185 313500016
313500174 313500019
313500197 313500049
313500170 313500028
313500146 313500010
313500169 313500040
313500197 313500068
313500150 313500026
313500165 313500049
313500161 313500051
313500146 313500038
313500149 313500041
313500198 313500096
313500153 313500054
313500193 313500097
313500188 313500099
139 115
313500159 313500076
313500193 313500167
173 187
313500154 313500079
313500149 313500085
313500189 313500130
313500165 313500112
313500186 313500139
313500186 313500154
313500154 313500125
313500181 313500164
313500183 313500166
138 138
313500167 313500169
313500188 313500191
83 153
164 167
146 150
64 66
62 65
90 95
76 82
117 127
162 177
147 163
124 138
95 106
142 159
165 188
162 190
99 123
103 131
76 98
146 191
86 114
103 140
133 182
73 101
96 133
69 98
135 193
94 135
134 194
32 47
61 90
131 198
54 83
84 130
55 86
116 182
102 162
21 34
107 174
27 44
103 168
115 193
62 105
105 178
103 177
108 186
51 89
83 145
69 121
37 65
17 30
70 124
109 197
92 167
73 134
106 196
101 189
84 163
34 68
91 184
48 99
94 195
47 98
58 123
86 191
51 118
26 61
55 130
83 199
73 176
73 180
53 132
77 192
62 160
29 79
69 194
53 158
35 105
28 85
58 190
54 179
34 113
24 85
47 168
22 82
45 170
43 166
35 141
24 98
26 110
24 105
32 177
25 148
28 190
27 192
15 109
19 140
22 164
13 98
19 144
9 72
18 148
13 118
17 167
10 114
11 130
13 160
9 123
10 166
10 176
9 159
5 132
6 174
2 63
1 39
1 42
3 159
2 179
1 187
