1012897
289 8
214 4
93 3
269 9
284 18
194 15
20 2
255 35
121 24
17 4
161 38
240 70
226 81
297 121
157 64
228 98
197 86
152 71
50 24
43 21
292 143
297 156
41 22
183 113
285 178
271 173
209 136
126 88
258 186
279 203
113 84
83 63
195 150
242 209
240 208
222 193
288 254
269 248
3150 2957
3185 2998
3147 2964
3163 2993
3252 3090
3126 2976
3232 3082
210 201
3184 3050
5127 4923
3151 3034
5174 4983
5093 4916
5180 5017
5078 4923
268 260
9091 8825
3246 3154
3044 2958
3111 3026
5056 4920
3054 2975
5205 5077
3244 3165
9108 8891
9097 8895
3045 2978
5078 4974
9047 8882
3118 3062
3067 3019
8977 8857
5148 5080
5048 4986
16913 16715
5166 5108
3142 3109
9014 8924
8964 8875
205 203
9007 8920
8991 8910
9062 8981
4962 4919
16925 16784
16800 16668
8980 8911
16881 16752
3108 3085
9038 8972
16864 16741
16869 16749
32489 32263
32478 32254
16780 16666
16771 16663
32471 32263
32511 32328
32491 32312
32482 32311
32463 32304
5195 5172
16893 16826
32479 32352
4942 4923
63776 63538
32495 32374
32418 32299
63778 63555
32438 32328
89 40
63765 63517
32497 32388
32401 32303
