9980551916
42 1
271 9
58 2
214 10
262 13
110 6
232 13
300 17
109 8
248 24
67 7
193 22
255 31
291 39
216 29
279 39
253 37
208 34
198 35
181 32
203 37
138 26
136 26
187 37
250 50
120 25
201 5
185 41
190 46
181 44
281 71
150 38
211 54
293 75
193 50
205 54
258 69
41 12
27 8
143 43
255 77
285 90
234 74
293 93
273 90
167 56
176 62
219 79
204 74
199 74
231 87
280 107
223 86
271 105
252 98
71 28
250 100
203 82
243 104
235 101
255 111
288 126
220 97
273 123
64 29
270 123
211 97
172 80
70 36
129 67
192 101
272 145
284 156
260 154
275 164
281 168
230 138
138 83
240 50
241 148
127 79
268 167
88 55
158 99
242 153
220 144
160 107
243 163
191 129
149 101
117 81
194 136
279 196
140 99
199 142
95 68
180 129
161 119
109 81
188 141
293 220
207 158
120 92
264 205
221 172
78 61
96 76
245 194
220 175
216 178
167 142
199 171
197 172
283 249
262 237
291 264
164 149
204 188
215 203
285 172
138 133
226 219
205 201
296 293
280 278
19531529 19531287
19531506 19531272
19531489 19531264
19531508 19531300
19531492 19531285
19531473 19531268
19531472 19531269
19531470 19531274
19531533 19531344
19531541 19531354
19531491 19531312
19531523 19531350
19531437 19531267
19531433 19531264
19531460 19531292
19531486 19531340
19531439 19531294
19531519 19531381
19531424 19531289
19531470 19531335
39062782 39062546
19531403 19531286
39062761 39062528
39062773 39062544
39062777 39062548
39062795 39062567
19531460 19531346
19531382 19531274
39062746 39062550
210 201
19531388 19531293
19531507 19531414
39062732 39062550
19531491 19531400
19531360 19531270
39062775 39062595
19531508 19531418
19531453 19531365
39062771 39062607
19531461 19531379
39062724 39062563
19531390 19531310
39062714 39062555
39062798 39062647
39062658 39062508
39062690 39062540
39062703 39062554
78125297 78125002
39062738 39062594
39062672 39062530
39062703 39062566
39062662 39062526
39062636 39062509
39062745 39062618
39062640 39062516
19531545 19531483
39062771 39062648
39062623 39062502
19531386 19531326
19531505 19531445
39062650 39062531
39062695 39062578
19531422 19531367
78125246 78125029
19531346 19531293
19531382 19531330
78125250 78125046
39062709 39062607
19531440 19531390
78125261 78125065
39062747 39062649
19531464 19531415
39062668 39062571
39062745 39062648
19531459 19531412
39062797 39062704
78125263 78125089
39062728 39062641
78125278 78125107
19531474 19531432
78125280 78125115
78125168 78125005
19531534 19531494
78125174 78125015
78125264 78125108
78125175 78125020
39062718 39062641
39062760 39062683
78125185 78125033
78125212 78125065
39062668 39062595
39062637 39062566
39062756 39062685
39062778 39062707
19531503 19531469
78125254 78125120
78125192 78125059
78125198 78125065
78125227 78125094
78125215 78125083
78125154 78125024
78125201 78125071
39062702 39062638
78125281 78125154
78125172 78125052
19531299 19531269
19531415 19531318
39062670 39062611
78125244 78125128
19531459 19531430
78125155 78125041
39062780 39062723
78125196 78125083
39062646 39062591
78125293 78125185
39062672 39062618
19531327 19531301
78125176 78125074
78125164 78125064
78125225 78125128
39062643 39062595
39062577 39062530
78125274 78125182
78125207 78125122
39062735 39062693
39062579 39062538
78125161 78125079
78125296 78125215
78125205 78125133
78125258 78125186
39062709 39062673
78125235 78125117
39062609 39062574
78125193 78125126
78125276 78125228
78125236 78125193
39062753 39062733
39062600 39062568
156250295 156250172
19531499 19531484
78125189 78125134
19531303 19531290
19531422 19531409
39062614 39062590
78125151 78125112
78125201 78125162
39062642 39062623
78125247 78125214
39062589 39062573
78125218 78125188
39062588 39062574
19531343 19531336
78125231 78125204
78125247 78125220
39062648 39062643
19531471 19531469
78125283 78125285
19531442 19531442
19531369 19531369
39062679 39062682
39062756 39062769
19531424 19531427
39062581 39062592
78125269 78125297
78125257 78125285
78125268 78125297
78125224 78125260
39062685 39062704
78125230 78125268
19531462 19531475
39062761 39062791
19531504 19531544
39062684 39062769
19531397 19531415
78125166 78125238
39062717 39062755
39062685 39062723
39062753 39062793
39062680 39062720
39062740 39062781
39062605 39062646
78125173 78125259
78125166 78125252
19531322 19531344
19531408 19531431
78125187 78125280
19531369 19531394
39062696 39062747
78125170 78125275
39062732 39062790
78125183 78125300
39062670 39062731
78125158 78125288
19531303 19531336
39062722 39062791
39062722 39062793
39062632 39062704
39062712 39062790
39062639 39062719
19531487 19531529
39062621 39062705
19531340 19531536
19531481 19531524
19531440 19531484
19531295 19531342
39062611 39062726
39062602 39062720
39062620 39062745
39062603 39062733
39062594 39062726
39062653 39062789
39062579 39062720
39062648 39062796
19531450 19531525
39062633 39062786
19531423 19531509
39062615 39062788
19531306 19531395
19531448 19531538
39062584 39062771
39062581 39062776
19531386 19531484
19531314 19531413
19531316 19531422
19531389 19531502
19531424 19531545
19531305 19531442
19531323 19531465
19531352 19531503
19531323 19531477
19531295 19531480
19531354 19531540
19531341 19531529
19531353 19531542
19531335 19531527
153 258
19531342 19531542
19531305 19531522
19531280 19531502
19531302 19531535
235 238
287 294
123 127
262 275
201 211
249 266
266 288
258 281
33 36
11 12
181 198
47 52
150 169
261 296
166 190
130 149
130 150
122 141
226 262
167 197
184 218
193 235
113 138
193 237
126 155
202 250
152 189
80 100
236 300
217 281
112 150
164 220
124 169
193 267
187 259
82 117
158 226
162 238
136 202
197 293
160 243
164 251
141 217
193 299
164 255
181 285
177 280
32 51
151 241
157 255
148 242
161 264
159 267
79 133
159 268
61 103
160 271
139 239
131 226
84 147
157 278
34 63
101 188
79 151
156 299
24 47
56 112
149 298
105 213
135 282
114 240
87 186
48 103
131 290
101 225
93 210
105 252
30 75
78 202
76 200
24 68
91 262
73 212
89 263
80 248
68 220
23 76
57 205
74 271
75 293
54 219
37 151
63 265
41 195
45 219
38 213
27 163
47 300
34 218
18 121
35 246
32 226
5 42
8 72
19 174
30 280
27 287
11 123
18 213
13 159
19 258
10 136
4 62
14 234
1 17
12 218
6 158
7 236
4 285
