9999946233
53 3
76 5
98 7
27 2
35 5
89 15
81 14
71 14
43 10
58 14
41 10
31 8
68 18
66 18
50 14
77 22
67 23
94 34
97 38
53 23
70 31
45 20
90 44
98 52
88 47
18 10
65 37
45 27
91 55
79 49
27 18
65 44
35 24
86 59
93 64
89 62
52 37
66 47
92 67
85 63
89 68
44 34
56 45
49 40
17 14
72 60
57 48
76 65
93 81
76 67
74 66
93 84
70 64
35 33
20531349 20531263
20531348 20531264
20531344 20531268
40062598 40062511
40062599 40062513
40062596 40062512
40062596 40062513
68 3
20531346 20531315
40062598 40062543
20531350 20531328
20531346 20531325
79125099 79125023
40062596 40062558
157250098 157250008
157250097 157250011
157250095 157250012
157250097 157250018
79125097 79125058
40062597 40062579
157250096 157250036
79125100 79125070
157250098 157250050
40062598 40062594
313500098 313500002
79125098 79125076
313500095 313500013
313500095 313500018
626000096 626000001
626000098 626000004
626000098 626000008
626000099 626000014
626000095 626000018
626000100 626000028
626000099 626000038
313500098 313500068
1251000100 1251000017
157250095 157250094
626000099 626000073
626000097 626000092
24 58
55 56
92 96
67 70
81 85
17 18
60 67
43 50
16 21
47 62
37 50
45 65
28 42
36 54
23 38
50 83
31 52
14 27
20 39
29 58
29 63
5 11
11 26
27 65
34 84
30 78
38 99
30 79
37 100
22 60
19 55
24 70
25 74
25 79
27 86
8 26
27 98
12 45
21 81
14 72
13 100
8 81
6 69
3 71
2 60
