50127037
285 109
235 3
216 4
277 6
257 7
283 90
214 8
276 12
261 67
285 67
259 17
272 19
208 15
285 42
235 19
276 39
239 24
266 31
137 4
154 7
170 11
149 12
104 9
175 19
145 20
84 13
71 11
23 4
171 37
146 32
179 40
151 42
61 18
131 46
263 100
67 26
108 47
268 118
211 99
115 54
127 61
223 112
236 123
159 84
151 80
291 155
120 2
239 131
168 94
178 102
216 125
239 140
230 135
185 110
156 93
188 113
267 162
161 98
84 52
274 172
198 134
236 168
233 166
203 145
220 161
226 170
208 157
79 60
198 151
221 170
163 126
37 29
231 182
191 155
294 239
271 226
195 165
200 170
216 184
264 226
260 224
257 224
279 244
147 129
279 247
45 40
164 148
168 152
284 259
269 249
243 228
211 199
188 178
148 141
291 280
222 121
50100300 50100116
259 292
123 155
141 142
224 230
226 237
143 152
126 136
116 127
182 203
151 169
249 285
137 157
151 176
218 255
217 261
66 80
175 215
218 268
120 149
58 90
176 222
87 110
203 264
225 295
68 90
140 188
180 256
45 64
58 84
31 45
32 48
162 254
92 149
98 169
150 267
148 277
113 214
147 281
123 239
122 256
17 36
8 17
67 146
125 287
73 201
72 199
71 198
84 237
75 212
86 245
56 161
77 222
94 275
91 268
16 48
93 282
76 231
25 78
49 169
65 238
20 82
61 256
48 215
51 243
35 182
53 279
31 166
21 115
38 260
8 57
26 187
28 272
28 273
18 222
12 175
20 292
17 250
18 287
13 236
4 94
10 250
8 256
5 242
1 98
