97215163
138 4
143 6
147 10
251 21
178 15
197 28
270 8
272 46
241 47
251 49
166 34
280 63
155 39
267 69
298 79
202 54
178 50
214 62
47 16
137 49
237 86
269 99
266 98
186 70
93 36
172 71
265 110
68 31
26 12
158 74
280 135
269 131
285 142
269 140
87 46
147 79
134 21
296 168
292 170
122 72
111 66
285 174
278 173
78 49
292 186
279 180
235 152
247 164
179 131
273 201
264 195
231 172
21 16
96 74
298 231
175 137
203 161
212 171
238 197
276 230
71 60
91 77
224 193
246 222
144 133
136 126
161 150
123 121
246 243
263 260
3135281 3135003
3135284 3135014
3135297 3135047
3135267 3135019
3135292 3135068
3135292 3135078
3135270 3135057
3135288 3135075
3135294 3135083
3135300 3135104
141 80
3135300 3135081
3135274 3135082
3135300 3135254
237 238
3135298 3135114
3135284 3135111
3135286 3135120
3135292 3135127
3135282 3135137
3135299 3135175
3135285 3135189
3135272 3135194
3135297 3135219
3135291 3135227
3135279 3135225
3135298 3135244
3135295 3135245
3135285 3135243
3135282 3135251
3135298 3135290
3135283 3135289
3135275 3135284
183 205
143 149
112 119
218 270
134 152
74 84
181 208
137 158
118 142
170 205
201 244
110 135
112 139
164 204
145 189
186 243
216 289
93 128
176 243
200 278
128 178
178 254
201 287
203 296
100 148
89 139
183 292
102 165
53 86
134 219
182 300
175 297
108 185
93 170
125 236
123 238
130 259
99 202
119 266
51 117
90 207
89 210
47 111
41 97
101 246
111 289
71 188
92 258
55 158
44 132
90 277
70 225
60 204
17 63
45 215
56 283
48 278
6 39
38 266
32 230
18 133
5 42
19 166
16 160
9 122
3 62
8 170
6 177
