1008699
172 1
161 4
108 3
176 5
120 5
95 4
190 9
146 7
182 14
159 14
193 18
157 17
152 20
61 9
180 27
58 10
170 30
198 36
196 36
179 34
126 25
103 22
196 49
149 40
155 44
87 25
181 54
130 39
139 42
105 32
145 45
68 22
46 15
92 30
75 25
134 45
62 21
157 56
143 52
71 26
171 64
100 38
100 38
137 55
108 45
178 76
169 76
117 53
170 82
132 64
66 32
123 60
192 94
51 25
85 68
81 41
55 30
197 108
141 79
128 73
129 75
180 105
133 79
99 61
19 12
30 19
52 33
104 67
159 103
173 113
21 14
151 101
25 17
199 136
179 123
59 41
101 71
162 119
155 115
68 51
103 78
170 129
159 121
49 38
118 92
150 119
72 17
70 56
96 77
188 152
165 135
83 68
197 163
163 135
179 152
122 104
117 100
173 153
151 136
165 149
155 140
31 29
108012 107814
104106 103925
104090 103912
104103 103925
104104 103930
194 98
115814 115631
115818 115635
108000 107837
131446 131257
20 21
