100006305
168 3
250 7
134 4
277 9
274 10
144 9
168 11
171 13
100 9
61 6
144 15
153 22
207 31
219 40
287 55
280 54
220 43
288 57
115 24
200 2
279 64
132 31
165 39
159 38
252 61
77 19
138 36
233 64
87 25
68 20
293 101
265 92
227 81
229 84
239 89
282 106
178 67
277 111
53 22
244 109
97 46
183 90
90 45
276 138
123 62
77 41
255 138
89 49
135 77
257 147
188 108
276 159
185 108
218 130
261 171
202 134
275 186
288 200
160 114
102 74
88 65
242 179
68 51
191 151
198 160
287 234
79 18
143 121
264 230
133 118
271 257
125 119
230 219
259 254
116 115
3225271 3225034
3225273 3225051
3225298 3225076
3225238 3225017
3225223 3225021
3225227 3225038
3225241 3225053
3225225 3225039
3225282 3225103
3225251 3225091
3225212 3225053
3225218 3225073
3225285 3225141
3225215 3225073
3225229 3225089
211 177
3225280 3225143
3225297 3225191
3225244 3225125
3225206 3225090
3225257 3225151
3225250 3225166
3225240 3225164
3225297 3225232
3225291 3225233
3225287 3225238
3225243 3225208
3225281 3225255
3225240 3225215
3225282 3225278
175 175
158 158
3225245 3225246
288 291
3225260 3225290
173 198
256 259
81 83
192 204
63 67
231 246
233 260
191 214
197 228
97 114
77 91
240 288
86 105
229 284
231 288
113 147
226 298
210 279
87 116
146 196
17 23
135 184
54 74
138 190
205 283
180 250
212 296
95 133
109 155
101 152
142 214
176 267
179 273
137 211
123 190
140 217
140 223
115 185
144 236
133 227
157 270
169 291
81 143
142 257
162 296
24 46
124 240
88 172
29 57
6 12
113 232
114 235
141 294
119 253
105 237
102 259
73 193
93 247
62 181
80 239
71 214
69 235
49 171
31 112
45 201
25 122
56 285
44 300
9 89
