5000110229
70 46
59 1
75 6
67 6
33 3
94 10
79 9
93 12
75 47
62 38
90 15
59 10
63 12
56 12
99 23
68 16
49 12
81 20
80 22
64 19
75 45
90 54
89 29
65 22
83 29
58 21
99 38
54 21
53 21
92 38
77 46
87 38
61 27
88 39
69 41
76 36
91 45
82 41
63 32
87 45
83 49
89 47
60 32
81 44
80 46
95 64
87 61
91 63
100 72
74 49
87 62
7 1
21 3
30 9
13 4
37 16
15 7
46 24
18 10
48 27
58 39
68 46
73 50
13 9
53 37
48 34
48 35
68 50
47 35
68 51
49 38
39 31
59 47
89 72
58 48
71 59
79 66
62 52
87 73
88 74
51 43
54 46
53 46
48 42
65 57
79 70
33 30
68 63
55 51
74 69
90 84
15 14
88 6
48 45
99 93
56 54
66 64
91 90
46 43
5000100100 5000100021
88 90
15 15
21 30
61 63
80 84
73 79
83 91
41 46
23 26
73 83
82 95
68 79
33 39
54 64
80 95
73 89
78 97
48 60
64 80
73 93
64 82
71 91
59 76
76 99
21 28
66 88
12 16
62 84
14 19
53 72
72 98
26 36
70 97
20 28
41 58
60 85
64 91
57 85
60 92
37 57
57 89
26 41
47 75
48 77
37 60
61 99
48 78
33 55
30 50
40 68
53 92
50 87
36 64
33 62
40 76
17 33
42 84
44 98
41 96
32 82
7 18
18 47
22 58
24 65
16 44
10 28
29 84
24 70
25 76
20 61
22 73
15 51
25 87
12 43
25 99
21 86
20 83
22 92
18 79
20 88
20 89
9 43
18 89
8 43
13 70
15 87
16 98
10 66
11 73
5 46
9 84
9 91
5 56
7 97
7 97
6 85
2 38
4 81
4 86
3 97
1 97
