1007348
84 16
32 3
79 5
99 2
69 1
73 26
74 22
57 1
96 10
75 14
49 5
73 15
100 4
59 14
97 28
84 28
97 5
89 29
89 12
87 20
49 12
96 23
36 8
51 10
74 10
63 8
94 5
90 11
50 10
31 4
15824 15727
76 33
4083 4024
4076 4025
2121 2062
2153 2086
82 30
4074 4018
4093 4025
77 33
8000 7936
2150 2095
4097 4040
7976 7920
4092 4019
96 38
2144 2102
4074 4027
15817 15736
2145 2061
15817 15750
2140 2056
4074 4022
4086 4040
8012 7957
73 30
99 52
2151 2060
7997 7927
96 54
2140 2081
70 26
72 26
8010 7948
7997 7917
2151 2099
2128 2060
2126 2064
2135 2070
15818 15746
2150 2079
7983 7924
96 51
2115 2065
7977 7913
17 5
23 8
22 8
27 10
21 8
41 16
7 3
67 32
64 31
24 12
46 23
70 37
66 35
77 41
65 36
50 28
28 16
32 19
50 31
64 40
68 43
98 65
36 24
61 42
61 42
26 18
29 21
95 70
95 71
52 39
76 58
94 72
86 66
58 46
35 28
86 69
99 80
64 52
81 66
94 79
90 76
100 85
66 57
81 71
45 40
83 75
71 65
86 80
68 64
73 69
22 21
89 86
2112 2076
2095 2060
2153 2121
4084 4042
2147 2126
4089 4055
2097 2080
4048 4017
4070 4042
95 4
15800 15729
4077 4051
2073 2060
8010 7964
2139 2127
31443 31369
4072 4051
8006 7967
15780 15742
4037 4019
4048 4030
4078 4063
7976 7949
15780 15727
15794 15742
7998 7972
31447 31363
7951 7930
7955 7934
8004 7984
31443 31365
31423 31374
31428 31376
31448 31397
31428 31355
15761 15726
62700 62622
15803 15771
15766 15733
15805 15775
2116 2105
2119 2109
4100 4090
7973 7956
4024 4017
15758 15735
15766 15745
15748 15728
7984 7974
7993 7983
8009 7999
62691 62619
2115 2101
62689 62611
31400 31358
4082 4078
2127 2125
15789 15777
7991 7985
4013 4010
4062 4059
75 75
85 85
2088 2092
