100007172
133 3
267 15
262 18
19 2
200 22
298 34
258 39
224 38
289 55
225 45
61 13
98 22
272 85
94 7
215 59
144 41
69 26
163 65
261 105
201 86
54 24
233 112
272 131
266 133
238 132
268 150
214 120
246 144
292 178
175 107
197 122
68 43
215 136
288 185
274 187
102 74
119 87
177 130
171 129
271 206
246 189
294 226
262 216
224 194
127 114
148 139
291 281
10390918 10390634
10390919 10390650
278 72
10024708 10024442
10049124 10048836
10390912 10390647
13125288 13125003
13125263 13125030
22500277 22500017
