518103
65 1
87 2
38 1
83 3
77 3
23 1
68 3
42 2
57 3
81 5
63 4
35 3
46 4
34 3
44 4
98 9
29 3
98 11
25 3
8 1
68 9
59 8
78 11
28 4
67 10
52 8
82 13
96 16
82 14
100 18
77 14
65 12
70 13
91 17
65 13
69 14
91 19
94 22
76 18
75 18
66 16
41 10
86 21
24 6
95 24
47 12
81 21
75 20
30 8
65 18
36 10
53 15
94 27
76 23
89 27
99 32
46 15
48 16
48 16
3 1
67 23
39 14
96 35
95 35
57 21
73 28
85 33
43 17
48 19
92 37
93 38
95 39
95 39
46 19
65 27
77 32
21 9
95 42
96 43
24 11
65 30
86 41
31 15
92 45
97 48
56 28
14 7
35 18
48 25
69 36
49 26
30 16
100 54
66 36
7 4
10 6
43 26
69 42
87 53
86 53
71 44
87 54
93 58
78 49
92 58
95 60
87 55
82 53
82 53
55 36
96 63
76 50
96 64
85 58
98 67
86 59
43 30
73 51
54 38
68 48
93 66
71 52
19 14
99 73
39 29
95 75
99 75
52 39
72 55
79 61
46 36
14 11
34 27
64 51
81 65
76 63
44 37
46 39
79 67
86 73
60 51
47 40
70 60
15 13
53 46
16 14
56 50
60 54
41 37
11 10
77 71
84 78
46 43
90 85
64 61
92 88
94 90
47 45
85 82
60 58
36 35
78 76
89 87
92 91
100 1
500200 500108
95 97
41 41
73 73
40 56
77 78
75 76
66 67
61 62
46 47
85 87
66 68
87 90
74 77
20 21
75 79
53 56
32 34
93 99
75 80
57 61
92 99
36 39
72 78
44 48
86 94
74 81
56 62
27 30
17 19
50 56
86 97
37 42
41 47
75 86
33 38
71 82
71 83
31 37
25 30
10 12
68 82
29 35
36 44
70 86
56 69
73 90
51 63
58 72
53 66
48 60
23 29
32 41
21 27
52 67
44 57
23 30
32 42
19 25
58 77
57 76
65 87
65 88
62 85
70 97
33 46
58 81
35 87
62 87
57 80
51 72
29 41
33 47
41 59
68 99
50 73
28 41
43 63
66 97
65 96
49 73
62 94
56 85
42 64
51 78
43 66
48 74
22 34
25 39
23 36
28 44
25 40
43 69
31 51
48 80
51 85
15 25
58 98
58 99
49 84
54 93
50 87
56 99
36 64
54 98
11 20
41 76
35 65
34 64
47 89
21 40
11 21
24 46
45 88
46 90
45 90
38 77
29 60
37 77
42 88
27 57
27 57
38 83
36 79
41 92
21 48
42 98
31 73
36 87
29 71
37 91
29 72
14 35
27 71
38 100
19 51
24 65
32 87
18 50
35 98
18 51
23 67
23 70
32 99
29 90
18 58
24 78
12 40
5 17
17 58
24 82
27 93
25 89
27 99
20 74
17 67
9 36
23 94
16 68
21 91
21 91
18 78
20 88
18 80
18 80
13 59
11 55
7 35
17 88
19 99
16 89
7 40
14 97
7 50
10 74
12 93
10 80
10 80
12 97
7 58
9 85
2 21
5 54
6 68
6 76
4 51
3 40
5 93
4 79
2 40
3 69
2 57
1 49
1 57
1 62
1 77
