9980517630
142 2
228 5
192 10
172 10
289 21
178 16
294 39
259 35
65 9
218 31
263 39
250 40
240 40
197 33
284 48
129 22
143 25
230 46
264 54
142 30
284 61
259 59
147 34
285 73
152 39
275 3
172 47
198 58
261 80
179 56
178 56
241 76
116 37
271 87
214 71
231 77
261 90
227 81
238 85
160 60
88 33
149 56
299 113
235 89
287 111
250 98
270 107
40 16
220 90
189 81
244 112
256 129
209 108
292 152
187 98
190 101
236 128
226 58
193 110
275 158
127 73
208 127
143 90
228 145
224 145
179 119
213 146
217 152
233 168
180 131
278 204
188 138
296 221
175 133
170 130
53 41
140 110
282 222
136 109
293 235
120 97
283 229
257 210
241 203
244 208
246 210
171 146
185 167
203 184
151 138
261 242
288 157
32 30
232 226
154 151
287 282
272 271
19531540 19531252
19531500 19531258
19531470 19531270
19531404 19531253
19531408 19531272
39062765 39062510
19531518 19531391
39062792 39062549
19531502 19531383
19531438 19531326
19531394 19531285
39062791 39062621
39062692 39062527
39062765 39062602
19531385 19531305
39062697 39062563
39062769 39062635
19531343 19531277
19531334 19531277
39062743 39062629
78125226 78125022
78125292 78125101
39062760 39062675
78125242 78125075
78125242 78125079
78125271 78125129
39062711 39062652
39062679 39062622
312500239 312500024
156250271 156250107
156250273 156250102
156250239 156250056
78125196 78125085
39062649 39062595
78125292 78125191
19531433 19531411
78125084 78125009
78125298 78125233
78125281 78125219
39062743 39062714
78125210 78125154
156250272 156250165
19531475 19531463
312500213 312500028
312500255 312500073
156250093 156250018
156250258 156250193
156250245 156250185
156250244 156250194
312500165 312500069
312500213 312500119
312500286 312500197
312500210 312500149
78125231 78125217
312500148 312500093
268 249
312500144 312500092
312500258 312500208
78125246 78125251
312500274 312500232
312500272 312500243
39062663 39062660
312500214 312500197
248 248
312500195 312500216
156250183 156250200
156250097 156250123
312500211 312500264
156250179 156250206
156250236 156250266
156250237 156250274
156250133 156250179
19531287 19531492
78125255 78125296
39062721 39062747
156250178 156250299
156250073 156250194
19531474 19531491
156250129 156250269
78125052 78125176
78125067 78125193
78125149 78125280
78125102 78125240
19531391 19531427
78125124 78125270
39062532 39062634
39062679 39062782
39062531 39062668
39062521 39062683
19531338 19531429
19531365 19531495
19531278 19531411
170 294
19531265 19531502
293 294
232 237
138 141
119 122
227 234
216 225
155 165
268 286
232 249
261 282
128 139
189 207
145 168
144 168
114 133
209 256
204 250
150 184
243 300
108 134
210 261
139 176
103 132
71 94
127 174
154 211
110 156
91 131
100 145
144 210
40 59
138 206
187 292
145 234
98 160
62 104
115 198
18 161
26 45
152 264
163 285
86 153
142 254
159 285
122 220
126 231
108 199
62 116
141 270
94 181
151 298
76 160
119 254
89 190
44 94
114 255
50 112
120 270
96 217
61 141
83 196
108 257
122 294
92 222
123 297
99 246
119 299
81 206
82 231
48 138
93 269
96 280
84 249
73 220
90 282
64 207
32 109
54 187
47 167
81 293
53 230
16 70
35 195
21 118
44 262
4 25
42 289
19 147
25 204
17 142
25 228
29 280
11 145
21 280
9 123
13 188
20 292
19 288
9 147
12 245
4 115
2 245
