96903569
221 5
136 4
97 4
226 10
163 8
270 16
167 10
234 17
272 20
195 16
71 6
249 32
19 3
285 45
265 50
293 61
195 43
76 17
132 34
285 80
9 3
144 49
292 100
273 109
159 65
129 53
213 94
298 135
234 108
173 80
262 122
234 112
295 143
187 95
173 93
266 143
295 160
81 44
289 157
125 68
247 135
171 94
139 78
219 123
179 101
142 2
196 115
124 73
171 102
297 179
157 98
274 180
174 115
126 84
258 173
181 123
118 82
118 85
298 215
229 167
226 166
289 215
88 67
240 188
243 208
299 257
189 165
217 194
193 175
188 172
239 219
183 169
233 216
28 26
282 265
244 233
174 169
3125298 3125086
3125297 3125131
3125206 3125055
3125237 3125088
3125203 3125066
3125294 3125195
3125159 3125069
3125211 3125128
3125257 3125184
118 68
6250288 6250187
3125280 3125255
3125219 3125149
3125259 3125197
6250270 6250151
3125215 3125165
3125193 3125144
6250270 6250188
3125224 3125192
3125197 3125169
3125131 3125104
3125178 3125172
3125281 3125276
3125240 3125261
6250271 6250273
3125171 3125174
278 280
151 200
3125146 3125211
3125151 3125268
178 181
157 160
257 262
248 255
254 267
151 161
203 225
193 214
45 50
25 29
134 158
99 117
176 216
53 66
174 220
95 125
183 244
186 249
139 191
14 21
154 234
170 261
158 246
73 115
55 87
105 170
167 278
163 276
25 43
38 66
63 111
16 29
158 288
73 135
55 112
42 87
136 283
139 294
49 104
129 277
131 290
90 200
58 129
76 174
91 231
49 126
108 278
100 265
36 98
51 141
96 283
41 123
58 191
36 121
44 161
5 19
40 196
59 294
34 194
31 182
37 251
31 217
32 229
34 246
32 232
40 291
19 158
17 157
21 224
13 152
19 251
12 223
4 96
10 246
6 149
8 208
9 258
6 188
2 146
3 263
