9937530429
153 6
175 8
171 9
124 9
96 7
168 14
162 15
181 18
149 15
118 12
183 19
193 22
147 17
168 21
176 24
123 17
28 4
157 23
175 26
114 17
140 21
121 19
116 19
133 23
177 32
168 36
166 36
124 27
163 36
142 32
124 28
159 37
82 20
154 38
194 49
116 30
48 13
188 51
186 55
118 35
130 41
125 40
131 42
138 46
128 46
77 28
71 26
125 49
169 67
126 50
85 34
124 51
165 71
65 28
179 78
117 51
165 72
172 77
127 57
134 61
77 36
198 93
187 89
152 73
136 67
150 75
103 52
160 81
191 97
135 69
194 100
191 100
163 86
72 38
162 86
92 49
189 102
162 88
33 18
104 57
194 107
158 88
110 62
51 29
179 103
197 115
44 26
192 115
152 93
101 62
66 41
183 116
74 47
53 34
109 70
87 57
166 109
134 89
188 125
114 79
63 44
163 115
49 35
142 102
122 88
182 132
180 131
149 110
149 112
187 141
136 103
47 36
164 127
68 53
184 144
134 106
97 77
100 80
47 38
160 131
102 84
112 93
119 101
110 3
192 165
122 106
140 122
107 94
165 145
96 85
108 97
167 151
198 180
199 181
137 125
193 177
170 157
60 56
113 109
115 111
87 84
121 118
153 151
85 84
163 162
129 110
1312500199 1312500103
190 198
1312500198 1312500102
1312500199 1312500140
6000000199 6000000195
165 165
29 34
156 157
174 176
101 103
167 172
32 33
92 96
83 87
62 66
154 164
153 163
45 48
154 166
23 25
42 46
150 165
165 182
74 82
129 149
102 118
150 174
122 142
66 77
60 149
144 169
67 79
167 197
157 188
146 178
126 154
75 92
49 61
55 70
92 119
94 122
141 185
95 125
146 194
18 24
114 152
116 156
55 75
144 197
130 180
73 103
105 149
120 171
62 89
88 127
91 132
135 197
39 57
78 116
52 81
111 174
117 187
87 140
80 129
104 172
38 63
100 168
67 114
80 138
55 96
67 117
28 49
82 146
73 132
75 137
103 191
77 143
75 148
96 198
40 83
58 121
92 195
58 124
70 152
90 200
63 144
56 129
59 138
64 156
82 200
45 110
56 138
53 131
80 198
40 100
63 161
24 62
65 171
68 180
72 192
74 198
31 86
54 151
58 164
67 197
52 154
24 73
51 156
62 192
54 168
55 178
12 42
29 112
6 25
43 182
42 179
22 95
18 78
44 192
31 136
43 195
26 151
26 154
9 54
31 195
15 97
25 163
24 180
8 60
19 152
3 24
4 34
21 179
15 131
6 53
12 110
9 84
17 160
8 76
7 71
11 116
17 186
14 161
15 198
7 95
8 114
10 143
7 109
7 153
6 146
5 134
5 196
4 173
3 145
3 153
3 153
2 193
1 123
