5000176880
285 22
295 1
287 3
286 6
185 2
176 3
117 2
167 4
77 2
251 7
194 7
221 8
243 11
242 11
40 2
161 9
263 17
183 13
149 11
267 20
131 10
244 22
162 15
179 17
207 22
150 19
185 24
106 14
188 25
73 10
207 29
279 40
120 18
167 26
108 17
224 36
260 42
54 9
290 49
80 14
289 54
254 48
270 52
189 38
236 50
97 22
60 14
247 2
266 63
210 51
277 68
65 16
295 74
278 70
231 59
160 42
140 37
269 72
87 24
231 64
161 47
259 76
300 89
271 81
253 77
240 74
149 46
247 80
246 80
141 46
263 86
294 100
295 102
244 85
276 97
249 90
120 45
265 100
188 71
232 89
283 110
223 87
269 105
145 57
190 75
131 52
272 108
218 89
274 112
198 81
204 85
259 108
246 105
107 46
172 74
231 100
251 109
163 71
206 90
268 119
196 88
224 101
206 94
297 136
185 85
217 101
229 107
127 60
220 104
298 142
233 112
280 135
261 126
157 76
150 73
235 115
123 61
234 118
290 147
89 46
207 108
88 46
230 122
265 141
118 63
148 80
151 82
128 70
210 116
185 106
287 166
285 165
206 121
141 86
194 119
198 122
293 182
80 50
299 187
261 164
296 186
208 131
285 180
298 190
242 155
221 142
125 81
100 65
183 119
235 153
69 45
191 125
154 101
247 163
276 183
268 178
200 133
298 201
102 69
187 127
263 180
250 172
230 161
118 83
139 98
246 175
81 58
202 145
99 72
273 199
183 134
292 214
154 113
131 97
292 218
174 130
184 139
291 221
188 143
278 212
228 175
289 222
298 229
255 197
194 150
226 176
115 90
171 135
182 146
290 233
143 115
282 227
52 42
281 232
98 81
125 104
223 187
263 225
213 184
295 255
228 200
279 245
252 222
110 97
256 227
169 150
215 191
175 156
236 211
237 213
247 222
213 192
222 201
271 246
146 133
288 263
268 245
193 177
169 155
273 251
170 157
288 268
134 125
298 280
201 189
289 272
261 246
216 204
266 252
129 123
153 146
44 42
100 96
109 105
280 271
289 280
176 172
266 261
109 107
259 256
287 285
111 26
5000100300 5000100253
295 299
210 210
78 102
260 262
107 108
94 95
254 257
203 208
139 143
129 133
183 189
290 300
251 260
134 140
264 276
229 241
183 194
213 226
239 254
278 299
210 226
143 154
191 206
277 299
145 157
89 97
22 24
223 244
90 100
188 210
261 293
217 244
138 156
234 267
191 218
248 284
165 189
168 193
87 100
80 92
210 242
253 295
160 187
254 298
190 223
72 85
143 170
157 187
146 174
201 241
180 218
47 57
245 299
135 166
182 224
218 269
59 73
235 293
218 272
96 121
184 233
126 162
94 122
139 181
224 292
53 109
212 278
153 201
213 285
218 292
143 193
187 254
194 264
139 191
45 62
87 120
145 204
189 267
117 166
173 246
115 164
192 274
110 157
197 286
164 239
94 138
117 172
95 140
139 208
141 211
142 213
72 108
149 224
153 231
190 290
104 159
155 237
105 162
116 179
100 156
180 284
41 65
137 220
154 248
132 213
174 282
120 195
155 256
138 228
67 112
158 265
103 180
55 97
146 266
35 64
101 186
148 273
161 298
21 39
155 290
137 259
139 270
87 169
120 234
122 238
51 100
104 205
145 288
29 59
11 41
139 286
69 143
88 185
121 255
68 144
100 212
119 255
21 45
94 204
105 228
46 100
26 58
61 137
86 196
116 265
105 240
107 250
93 218
54 127
103 248
113 273
74 180
26 64
19 47
116 288
104 260
108 271
42 106
53 136
107 275
72 186
102 266
98 256
41 108
63 167
112 297
94 256
60 166
62 172
97 272
23 65
23 65
94 271
63 183
64 189
49 145
37 111
41 123
57 178
61 191
66 210
45 144
79 253
78 253
63 209
26 87
83 281
79 271
63 221
69 251
46 169
77 285
77 285
68 253
69 259
62 237
39 150
61 236
51 199
46 180
42 166
69 280
66 272
41 171
30 127
47 199
67 289
62 274
46 204
36 161
30 135
47 238
57 289
29 149
21 112
42 224
34 185
51 293
48 279
39 227
9 58
15 99
20 148
32 237
18 151
26 220
21 179
34 295
30 265
13 119
27 252
23 216
30 290
21 207
20 206
12 128
20 258
19 251
18 240
18 240
11 152
17 257
9 150
16 284
16 289
11 207
8 168
10 226
12 291
10 265
9 286
5 191
7 286
6 299
3 258
1 94
3 299
1 224
