100025424
197940 197751
295520 295396
197918 197810
202 18
280 96
255 130
197944 197746
289 9
148 55
197842 197756
73 17
218 25
197891 197757
280 55
165 65
197950 197684
265 128
209 19
87 16
213 140
152 27
299 81
257 61
265 29
170 8
295590 295407
240 127
236 172
135 35
139 72
256 101
297 139
95 33
149034 148934
284 178
207 49
175 126
149000 148895
207 41
105 40
269 41
300 154
269 159
91 20
149110 148830
226 23
138 76
149095 148881
182 80
149018 148893
151 45
190 97
163 83
293 29
205 128
149103 149025
156 64
247 112
258 88
124703 124529
295 219
112 16
159 43
178 84
180 76
257 30
213 58
124710 124545
490911 490656
253 1
219 163
280 8
259 16
124547 124477
278 227
170 77
283 25
263 19
218 81
124592 124448
168 20
268 129
269 153
109 26
290 45
286 158
124567 124486
129 79
167 83
124550 124450
156 33
124488 124425
130 25
118 55
182 118
138 88
285 64
112378 112301
180 46
228 44
281 177
152 80
112338 112263
213 119
275 67
236 126
246 91
100967 100891
101062 100965
201 72
112457 112377
215 113
100912 100773
101030 100794
101670 101554
101823 101526
101738 101648
101751 101529
101685 101586
101738 101597
490919 490680
101802 101561
101721 101572
103278 103090
112465 112382
271 197
103301 103127
235 99
184 89
146 57
103157 103088
103204 103137
103162 103108
106289 106149
106359 106162
106353 106299
106386 106110
112279 112215
106212 106153
106238 106186
106225 106138
106370 106272
106356 106238
112406 112267
275 107
112324 112246
33 4
65 20
48 29
102 66
71 48
115 78
108 75
127 92
59 43
131 100
110 85
191 155
264 216
188 155
240 198
153 128
141 122
256 222
275 239
250 222
224 200
266 246
134 125
241 227
248 235
249 236
162 156
207 201
286 279
123 121
219 216
124649 124599
103125 103086
103219 103180
197780 197706
101050 101013
295468 295361
295439 295334
149047 148995
197799 197731
106169 106133
100880 100846
100946 100912
149110 149060
295547 295452
490895 490743
124681 124644
295443 295358
197927 197876
101059 101033
148956 148924
197787 197746
101779 101758
490773 490676
295592 295535
106386 106366
149077 149049
101048 101030
490860 490773
197872 197837
148902 148876
103340 103323
197919 197888
1662789 1662539
490925 490853
881448 881341
124494 124479
295535 295502
1662697 1662520
106241 106230
197839 197819
881344 881263
490896 490855
1662763 1662634
1662760 1662634
1662730 1662605
3225285 3225078
3225292 3225094
149044 149036
3225245 3225144
297 198
3225214 3225068
1662619 1662546
3225287 3225167
3225243 3225106
881364 881326
881369 881331
490704 490683
881455 881422
490673 490655
1662625 1662569
6350297 6350172
6350259 6350141
1662631 1662548
12600258 12600019
12600234 12600006
6350261 6350153
881469 881460
197856 197855
295414 295414
240 240
100791 100792
112358 112360
