10000014511
229 1
186 5
65 4
270 18
272 19
219 19
268 37
199 29
200 36
296 59
279 57
292 69
155 37
295 78
277 78
269 76
280 84
195 65
132 46
4983091 4982860
2541650 2541450
2541644 2541442
1320960 1320710
156350275 156350037
4983028 4982841
19631522 19631352
9865921 9865735
312600223 312600013
156350227 156350040
166 61
76 28
254 94
235 89
159 64
159 66
134 57
83 36
212 93
196 89
83 38
181 84
227 110
224 110
279 139
194 97
230 118
297 153
296 153
193 100
213 117
293 161
125 70
244 141
280 162
273 160
289 174
253 158
275 175
34 22
287 186
195 127
120 79
225 153
269 188
286 202
299 212
63 45
261 193
293 220
190 146
67 53
217 175
266 217
199 164
296 249
152 129
246 210
190 163
238 206
189 165
232 203
137 124
285 261
74 68
205 190
179 166
246 233
191 182
260 253
282 278
1320899 1320734
1320889 1320740
1320905 1320757
1320983 1320837
1320950 1320812
1320916 1320818
2541706 2541547
2541609 2541468
1320850 1320777
1320989 1320931
1320992 1320938
2541601 2541540
2541615 2541562
4982939 4982843
4983060 4982968
9865836 9865682
4982895 4982823
9865904 9865815
19631495 19631355
2541689 2541674
19631359 19631258
9865791 9865749
19631432 19631355
4983079 4983062
19631472 19631408
39162752 39162625
9865902 9865878
312600222 312600067
281 99
78225203 78225043
312600271 312600098
78225266 78225129
312600212 312600023
156350232 156350074
1250100279 1250100013
39162735 39162663
39162765 39162697
1320906 1320904
39162666 39162607
39162737 39162683
39162650 39162601
39162750 39162712
39162669 39162632
78225277 78225209
78225141 78225074
78225173 78225121
156350209 156350123
156350159 156350103
156350119 156350067
312600261 312600165
312600167 312600098
625100274 625100137
625100263 625100128
312600239 312600173
1250100205 1250100001
625100225 625100155
9865833 9865812
625100279 625100217
625100298 625100242
312600170 312600147
4983022 4983028
2541627 2541632
2541599 2541622
1320940 1320978
109 110
217 219
168 171
112 115
274 284
62 65
95 101
60 64
244 264
121 132
212 232
256 284
223 252
244 281
241 279
216 258
145 178
199 248
209 268
226 291
92 119
124 161
216 281
118 155
217 288
152 202
95 130
83 114
38 57
157 243
38 59
