5100060941
280 5
286 6
232 5
282 7
234 6
273 8
166 6
281 11
271 12
269 15
145 9
268 17
76 5
71 6
98 9
261 24
189 18
220 22
110 13
226 28
280 41
280 42
282 45
156 26
108 18
157 27
239 42
194 36
180 34
185 36
239 47
10 2
289 59
229 48
253 58
266 62
280 70
119 31
272 72
258 70
164 45
162 48
106 32
95 29
170 52
161 50
287 92
298 101
264 92
145 51
228 81
182 65
215 77
252 91
99 36
281 103
19 7
279 103
286 108
74 28
165 63
258 99
110 43
193 77
222 90
292 119
288 119
287 120
136 57
156 67
103 45
272 122
197 89
206 97
232 112
196 98
264 133
158 80
107 55
235 122
252 132
291 153
202 107
223 120
117 63
118 66
71 40
177 100
81 46
234 133
219 125
288 168
170 101
141 84
260 156
245 147
239 145
264 162
221 138
198 124
265 167
247 156
290 185
160 103
214 138
31 20
279 181
160 104
139 91
82 54
221 146
255 169
86 57
300 200
107 72
260 175
102 69
195 132
244 166
209 145
115 80
239 167
120 84
174 122
147 104
269 191
126 90
42 30
113 81
266 193
186 135
282 206
197 144
248 182
38 28
297 223
165 124
49 37
193 146
164 126
237 185
276 217
268 211
255 201
214 169
245 197
197 159
52 42
299 243
123 100
198 161
281 229
174 142
158 129
275 225
199 163
74 61
122 102
246 206
204 173
223 192
267 230
208 180
195 169
231 201
112 98
228 201
202 179
231 205
263 234
246 219
104 93
291 261
142 128
147 133
211 193
24 22
255 234
98 91
284 264
284 269
208 198
236 225
201 192
254 243
282 270
83 80
239 232
184 179
161 157
174 170
290 284
111 2
5100000300 5100000005
278 283
197 197
112 129
206 207
128 129
252 255
132 134
108 110
216 220
151 154
273 281
97 100
151 156
196 203
219 227
193 201
136 143
194 204
170 180
202 215
198 211
121 129
276 295
154 165
55 60
228 249
149 163
89 98
49 55
254 286
39 44
231 263
216 246
113 130
79 136
119 138
237 275
211 247
236 277
149 176
165 196
176 210
215 257
236 283
162 198
189 232
167 206
97 120
218 270
144 179
131 163
80 101
201 255
36 46
189 243
154 198
54 70
87 113
206 269
45 59
181 246
183 249
121 166
187 259
161 223
96 133
197 273
36 50
149 210
211 300
191 274
18 26
62 90
156 227
201 294
131 194
94 140
102 152
52 78
106 161
192 292
192 293
166 258
164 255
118 184
146 229
133 209
187 296
167 267
175 282
109 176
138 225
153 252
106 175
35 58
77 128
48 81
103 177
77 269
112 193
140 248
127 225
37 66
108 193
65 117
76 138
146 267
102 188
141 260
76 142
132 249
43 82
101 194
147 292
45 90
129 261
143 291
101 210
113 239
119 252
92 195
51 110
40 87
120 263
113 249
81 179
51 113
85 193
33 76
100 232
80 186
106 247
93 220
76 185
118 289
99 243
35 86
41 101
110 275
49 127
109 283
89 232
110 287
104 281
34 93
36 99
105 294
100 281
86 242
104 296
84 240
50 145
22 64
57 166
31 91
32 96
82 257
85 273
66 213
74 241
42 137
62 209
49 167
75 272
16 60
75 282
76 294
69 271
64 253
49 195
69 277
51 205
68 276
53 219
54 229
61 266
23 104
15 68
32 146
41 190
49 233
58 276
47 235
58 300
51 281
53 295
10 56
47 273
17 100
29 173
43 266
39 242
42 263
11 70
38 247
21 144
32 222
10 73
40 294
14 112
2 18
27 252
20 198
23 236
22 231
25 272
25 273
26 285
24 267
23 262
14 168
6 79
9 119
14 201
12 178
6 102
16 280
12 242
5 101
5 123
8 211
6 190
7 246
1 40
6 261
6 284
4 287
