9999304626
199 2
166 5
157 5
239 8
148 5
271 14
19 1
272 15
180 10
292 18
126 8
289 19
174 13
92 7
208 16
282 23
250 21
237 20
176 15
151 13
81 7
251 23
177 18
201 21
188 20
179 20
241 28
287 34
243 29
184 22
240 30
137 4
294 43
300 45
180 27
271 43
295 48
135 23
255 46
201 37
248 47
79 15
251 48
207 40
257 51
185 37
178 36
84 17
298 63
178 38
295 63
293 64
300 66
257 58
246 56
245 56
214 49
266 62
185 45
137 34
205 51
101 26
207 54
185 49
278 74
173 47
190 52
241 67
293 84
197 57
194 57
279 82
240 72
233 70
296 89
13 4
237 73
254 80
192 61
194 62
106 34
226 73
231 75
123 40
269 88
133 44
296 101
142 49
210 73
206 74
153 56
261 96
293 108
134 51
234 90
190 74
173 68
200 79
254 101
176 72
252 105
95 40
134 57
47 20
249 35
191 83
163 71
245 107
208 91
280 123
244 110
135 62
115 53
271 125
250 118
271 129
291 140
284 137
231 112
104 51
273 134
264 130
244 122
191 96
91 46
280 142
191 97
272 140
125 66
292 155
299 160
162 88
125 69
206 114
98 42
192 108
163 93
112 64
99 57
104 60
287 166
244 143
218 128
168 101
274 165
276 167
214 130
124 76
171 105
234 146
273 174
204 131
249 162
232 151
221 144
300 197
143 94
198 131
280 187
128 86
282 191
75 51
91 62
220 155
224 158
236 167
179 127
280 201
196 142
267 194
248 181
143 105
171 127
253 141
36 27
122 92
183 138
229 174
293 223
155 118
188 145
140 108
251 194
136 106
269 210
200 159
188 150
115 92
210 170
291 236
220 179
184 151
119 98
212 175
156 129
117 97
241 201
296 249
117 100
261 224
116 100
248 214
208 180
255 223
276 242
247 222
289 261
220 199
220 199
218 200
292 269
224 207
219 203
97 90
261 244
126 94
111 104
185 174
21 20
236 227
79 76
27 26
247 238
249 240
264 255
181 176
149 145
270 266
282 279
119531514 119531254
119531546 119531286
139062790 139062549
139062754 139062514
139062800 139062572
139062792 139062577
139062759 139062551
263 246
119531488 119531331
178125299 178125075
139062763 139062594
178125300 178125084
178125270 178125056
139062762 139062595
119531531 119531398
119531540 119531408
178125249 178125053
139062794 139062645
119531507 119531394
139062787 139062658
256250298 256250063
139062784 139062660
256250283 256250063
119531517 119531425
178125279 178125039
178125283 178125146
178125286 178125171
139062780 139062713
256250296 256250101
178125279 178125149
256250277 256250095
256250299 256250130
119531493 119531417
178125248 178125140
119531493 119531421
139062761 139062678
256250277 256250134
256250276 256250139
139062739 139062675
139062790 139062727
139062798 139062738
178125244 178125174
256250293 256250194
178125249 178125186
119531500 119531460
178125296 178125237
412500293 412500180
412500298 412500202
178125253 178125214
178125255 178125231
139062799 139062781
139062760 139062743
178125253 178125234
277 292
119531550 119531545
178125278 178125279
178125276 178125280
119531495 119531521
178125253 178125295
119531515 119531549
225 296
222 223
152 153
97 98
74 75
140 142
135 138
159 163
103 106
215 222
141 146
254 268
64 68
41 44
236 255
249 270
230 251
128 140
246 272
165 183
220 244
111 124
170 190
199 224
252 286
175 200
199 228
199 228
34 39
212 244
171 197
60 70
129 151
39 46
121 143
161 191
206 245
221 263
216 258
119 143
246 299
78 95
71 87
189 233
69 86
103 129
188 236
125 157
174 219
161 203
19 24
185 234
179 227
134 170
200 256
159 206
100 217
140 185
209 277
168 223
173 232
96 129
199 272
82 113
98 136
133 186
169 238
152 216
185 264
96 137
206 295
129 185
197 286
176 261
96 143
164 245
89 133
113 173
134 209
69 108
161 252
134 212
129 205
109 175
137 221
78 126
43 70
115 191
151 251
74 124
56 94
53 89
76 128
168 286
99 169
172 296
96 166
137 237
160 280
118 209
132 237
116 210
6 11
122 228
99 187
28 53
132 252
135 261
76 148
77 150
143 279
146 286
42 83
97 192
68 138
65 135
119 252
122 261
135 289
105 227
58 238
82 179
99 217
116 257
122 273
127 287
123 280
130 297
51 117
85 195
66 152
124 286
81 187
38 88
84 195
57 133
97 227
116 274
110 262
75 179
15 36
51 123
84 208
69 172
73 182
66 168
97 247
66 169
68 178
54 144
76 204
7 19
100 273
89 247
94 262
93 272
69 202
73 216
81 240
98 291
80 238
45 135
79 242
29 89
71 222
52 164
56 177
79 262
60 202
53 179
45 152
84 285
76 258
60 205
78 268
8 28
77 274
32 116
43 157
44 162
32 126
29 115
72 286
39 158
8 61
67 275
56 231
59 247
51 215
51 219
50 218
44 193
52 237
45 207
28 129
45 208
26 123
48 235
55 275
50 255
43 222
44 231
41 217
43 232
29 182
29 196
41 281
37 255
18 128
33 238
30 236
16 126
21 174
19 159
24 201
23 194
34 288
9 77
6 52
26 230
33 300
18 166
28 266
29 293
26 263
18 188
9 97
16 177
6 68
25 286
24 283
19 236
22 295
21 284
16 226
12 172
18 268
9 143
8 168
14 295
5 114
3 86
8 274
7 265
2 83
5 248
2 105
3 290
2 275
