100020392
149046 148923
149017 148845
212 31
292 196
203 125
256 39
193 89
227 39
292 64
290 119
190 48
149067 148831
223 115
291 169
291 83
228 104
155 33
197943 197668
298 45
197819 197715
289 179
183 12
243 87
255 37
124704 124431
215 97
124671 124455
197931 197761
124607 124495
251 8
124691 124612
112480 112286
295578 295340
112435 112269
284 60
106364 106197
117 32
279 65
272 63
222 98
255 78
106356 106255
106318 106117
106371 106177
297 14
103328 103244
103350 103271
293 215
101781 101530
279 45
246 69
101808 101702
490825 490660
101673 101590
220 106
279 76
101670 101546
297 86
101815 101716
101811 101694
273 22
158 81
280 193
125 37
229 86
198 75
248 1
101812 101639
158 57
212 84
102 1
257 97
196 39
180 11
245 78
490877 490702
259 42
101037 100777
100930 100764
300 222
202 120
214 84
101055 100946
100940 100824
274 36
241 17
269 23
293 26
270 119
152 16
881466 881339
881526 881274
881435 881292
1662761 1662583
490818 490729
490747 490640
881502 881383
881498 881390
881531 881359
490777 490657
881543 881321
62 4
9 1
6 1
62 18
85 26
87 30
111 45
131 60
36 17
106 51
82 40
42 21
134 68
126 68
141 82
81 48
94 56
126 79
141 101
168 123
292 220
53 40
54 41
214 175
234 192
249 208
274 239
253 228
112 101
170 154
112287 112214
112338 112265
106175 106107
100909 100852
106214 106160
106364 106314
112318 112266
103323 103277
100993 100956
149075 149023
148885 148835
112349 112313
103124 103091
103306 103274
103157 103128
295462 295382
100930 100903
112485 112456
295541 295480
112229 112208
100993 100977
149016 148995
295382 295343
295600 295564
106388 106376
149081 149066
103278 103268
295436 295408
112263 112253
1662771 1662638
3225252 3225029
295492 295474
3225181 3225023
490675 490651
881344 881301
1662706 1662654
103091 103088
881280 881256
3225224 3225153
12600299 12600069
12600291 12600080
3225113 3225075
195 66
6350291 6350197
12600266 12600116
490824 490818
3225276 3225240
6350166 6350062
6350222 6350152
1662518 1662507
490669 490669
103144 103149
