9998879163
293 2
262 2
256 5
202 4
41 1
138 7
155 12
252 20
143 12
296 27
277 27
262 26
80 8
276 31
258 31
133 17
267 35
234 31
173 23
62 9
138 21
197 30
289 46
268 47
126 23
124 24
155 31
243 49
242 49
275 2
207 43
260 55
289 63
251 56
268 60
194 44
300 69
150 35
276 66
287 70
166 41
114 29
177 46
274 74
184 50
217 59
218 61
174 49
219 64
187 55
188 56
153 46
239 72
63 19
180 55
196 60
295 93
246 78
77 25
180 59
201 66
176 36
266 91
199 69
206 74
278 100
217 81
66 25
95 36
207 79
279 107
211 81
246 98
244 98
257 104
217 90
188 80
120 53
273 122
287 130
211 97
134 62
123 57
124 58
158 74
258 123
202 97
220 107
263 128
257 126
112 55
175 87
209 104
109 36
211 107
138 70
255 130
287 147
270 139
91 47
232 121
264 139
203 107
282 149
152 81
283 151
258 138
248 134
288 159
166 92
117 65
205 114
240 134
251 144
194 112
112 66
290 172
112 67
218 131
212 129
183 113
259 161
109 68
88 55
224 142
261 132
103 67
281 183
272 178
141 93
116 77
187 125
172 115
79 53
221 149
173 117
269 185
161 111
293 203
104 73
273 192
291 206
242 173
291 209
264 192
114 84
169 125
144 107
164 122
202 152
122 92
289 218
226 171
279 215
86 67
206 131
129 101
157 124
206 165
294 236
290 233
274 221
290 234
138 112
274 225
159 131
256 211
149 123
259 214
221 183
249 208
169 142
186 158
251 218
99 86
111 97
274 246
240 217
242 220
147 134
94 86
181 166
280 258
294 276
66 62
231 219
290 226
160 152
286 272
66 63
183 176
162 156
237 230
283 276
256 253
152 151
188 187
1220969 1220764
1220948 1220790
1220995 1220841
1220997 1220843
1221001 1220847
1220948 1220796
1220942 1220810
2441669 2441427
2441697 2441460
2441637 2441442
1220975 1220878
2441636 2441448
2441625 2441451
2441602 2441444
2441553 2441410
2441564 2441440
4883085 4882869
1220863 1220810
2441656 2441556
2441591 2441494
2441637 2441547
2441632 2441544
4883102 4882927
4882995 4882821
2441674 2441588
4883012 4882842
4882990 4882829
4882969 4882819
4883054 4882905
1220849 1220812
2441699 2441638
9765913 9765673
4883050 4882932
4883015 4882899
4883077 4882965
4883080 4882973
4883002 4882896
4883087 4882985
9765881 9765690
4882960 4882867
4882980 4882889
1220813 1220791
2441464 2441426
4882900 4882825
19531548 19531273
9765840 9765706
194 184
19531514 19531279
19531527 19531306
9765772 9765663
4882946 4882892
19531492 19531278
4882915 4882862
19531459 19531251
2441623 2441597
19531518 19531311
4883086 4883037
9765766 9765671
19531458 19531281
19531473 19531297
9765858 9765771
19531432 19531259
19531458 19531320
9765759 9765691
19531434 19531305
39062783 39062529
19531527 19531400
9765924 9765862
4882916 4882889
39062772 39062565
4882938 4882914
39062787 39062596
9765798 9765756
19531355 19531273
39062673 39062512
9765878 9765841
78125256 78125005
78125270 78125019
78125294 78125061
19531335 19531280
9765869 9765842
78125231 78125017
78125274 78125070
39062631 39062537
19531365 19531318
78125255 78125072
78125228 78125058
78125224 78125063
2441503 2441498
2441519 2441514
78125262 78125111
9765914 9765897
78125153 78125025
78125228 78125100
78125149 78125023
78125156 78125034
156250260 156250029
9765683 9765669
9765688 9765675
9765862 9765849
39062766 39062716
2441513 2441510
39062645 39062603
39062696 39062654
19531521 19531285
156250253 156250104
156250227 156250079
312500288 312500015
156250145 156250022
78125190 78125134
156250230 156250120
312500267 312500051
312500253 312500070
19531482 19531471
312500195 312500020
312500252 312500089
156250266 156250195
78125170 78125090
39062706 39062690
78125103 78125076
312500240 312500137
312500277 312500292
39062582 39062583
156250161 156250113
78125087 78125064
312500192 312500120
156250222 156250192
156250281 156250252
312500262 312500205
156250206 156250180
156250124 156250104
78125264 78125260
156250175 156250169
156250108 156250106
79 79
270 270
39062727 39062730
312500209 312500236
312500214 312500277
156250251 156250294
39062661 39062674
39062660 39062675
4882887 4882890
78125064 78125114
78125137 78125195
156250162 156250285
19531357 19531373
156250122 156250255
39062635 39062669
78125191 78125264
78125219 78125294
39062706 39062746
39062608 39062652
19531282 19531405
19531295 19531320
39062586 39062647
4883093 4883101
1220750 1220752
39062597 39062663
78125081 78125227
78125134 78125284
78125059 78125224
39062588 39062677
39062534 39062630
9765722 9765750
19531457 19531518
1220894 1220898
19531480 19531546
19531413 19531485
39062637 39062784
9765827 9765864
1220760 1220765
19531286 19531366
9765640 9765681
9765808 9765851
39062605 39062783
39062598 39062776
39062518 39062713
39062538 39062737
9765791 9765850
19531341 19531462
1220884 1220932
19531267 19531400
19531260 19531396
9765749 9765818
19531263 19531411
2441548 2441569
9765742 9765828
9765655 9765743
19531311 19531504
9765696 9765793
9765662 9765765
2441522 2441548
4883032 4883087
9765721 9765841
19531277 19531528
9765641 9765772
4882824 4882905
9765701 9765888
1220914 1220938
4882968 4883064
4882939 4883036
1220741 1220766
9765681 9765888
9765626 9765839
4882916 4883053
1220876 1220913
4882842 4883006
2441561 2441644
4882817 4882985
1220852 1220895
1220947 1220992
273 285
2441580 2441692
2441527 2441642
1220832 1220892
2441526 2441648
1220831 1220894
2441462 2441606
1220740 1220826
1220773 1220862
1220735 1220828
2441412 2441618
2441497 2441704
2441453 2441678
1220760 1220905
1220794 1220980
1220724 1220931
1220721 1220995
249 251
245 247
103 104
243 246
285 290
215 219
151 154
236 241
219 224
290 298
222 229
83 86
205 213
134 166
217 228
140 149
268 287
270 291
234 253
78 85
242 265
270 297
69 77
164 185
245 277
205 232
220 250
187 213
250 285
91 104
249 285
253 290
220 254
119 138
177 206
107 126
123 145
185 220
236 283
225 273
89 108
161 197
120 147
169 208
80 99
154 253
30 38
231 294
94 120
227 290
90 116
172 223
23 30
16 21
223 294
193 256
142 189
21 28
130 174
76 102
174 239
107 148
171 239
167 235
122 175
137 199
191 279
132 193
67 98
158 232
131 196
100 150
140 211
186 281
84 128
185 283
124 190
106 164
97 152
184 290
84 282
9 15
155 259
169 285
174 294
55 94
138 239
49 86
43 77
106 190
166 298
119 215
120 217
163 295
116 211
149 278
26 49
143 271
56 111
133 269
144 293
80 163
146 298
103 212
47 100
102 218
69 150
132 287
63 138
132 290
116 256
130 292
87 199
124 287
104 241
92 223
92 224
101 248
116 287
106 266
97 246
78 200
88 228
113 293
39 103
105 283
35 96
106 291
88 242
45 126
88 251
67 193
59 174
67 199
55 164
74 222
74 224
84 256
58 177
43 132
45 142
63 202
63 204
89 294
73 244
81 272
61 206
44 150
67 229
57 200
55 196
77 287
39 149
42 164
51 202
7 29
65 272
57 243
39 168
43 204
59 282
31 149
37 179
53 257
61 297
51 258
46 233
46 235
24 124
42 219
45 240
32 172
42 244
24 140
35 205
36 211
48 286
34 218
28 187
36 242
39 265
11 76
26 190
24 176
19 146
11 94
34 300
20 178
23 228
17 186
21 278
20 295
10 154
16 261
17 281
12 215
12 215
16 298
13 244
15 295
8 173
4 87
10 222
9 216
7 228
3 160
3 186
3 272
1 153
