100041114
22368 22274
22444 22334
157 8
179 139
111 87
34675 34526
34700 34428
22496 22210
34651 34446
22380 22269
34694 34441
296 228
209 18
243 51
285 146
34592 34438
274 36
88 50
282 189
160 43
216 37
233 46
227 188
34656 34426
247 175
230 133
222 73
289 205
107 8
105 45
292 224
34708 34452
34686 34527
34664 34483
34696 34547
110 32
105 72
175 130
298 34
144 77
128 58
34646 34492
272 168
34563 34419
272 82
114 55
280 191
87 28
107 77
134 91
265 14
213 25
244 61
228 71
34655 34514
292 31
59109 58849
180 121
226 142
244 40
34708 34457
200 3
252 48
273 39
192 33
22456 22212
291 65
22379 22230
22385 22292
22493 22269
221 80
22487 22281
22476 22220
97 70
22426 22306
235 10
211 175
184 36
22464 22240
22361 22228
22403 22215
22391 22209
22419 22222
22507 22214
22470 22270
22345 22252
22447 22280
22493 22222
22490 22224
22490 22317
205603 205351
205420 205340
400858 400710
400797 400633
791468 791326
34709 34683
400896 400649
59013 58957
400840 400651
107895 107738
34523 34492
107953 107764
107893 107691
107953 107838
107760 107710
59074 58959
22373 22323
34653 34548
107947 107660
22418 22378
791473 791322
22428 22398
107810 107703
107897 107770
107856 107815
107897 107678
107786 107755
205589 205377
107846 107721
791407 791260
791458 791300
791514 791254
107927 107679
107956 107801
107918 107834
107949 107916
107861 107698
107810 107774
107814 107734
34667 34547
34545 34421
1572797 1572505
107865 107799
22485 22451
34559 34464
791519 791275
58955 58842
107812 107660
59090 58945
107858 107661
107876 107766
107844 107737
107734 107692
791512 791356
791500 791261
107789 107657
107939 107826
107907 107695
791549 791391
59066 58854
34537 34434
22407 22369
22352 22320
107896 107864
400883 400640
107746 107694
400909 400770
59115 59024
58971 58867
59055 58909
400919 400775
107900 107861
107942 107701
22359 22299
107842 107690
400766 400692
107949 107910
34568 34443
400919 400833
34713 34658
58974 58833
59012 58905
107920 107719
107800 107759
107913 107663
107872 107824
400861 400753
22388 22303
34577 34474
107822 107697
59127 59077
400772 400666
58906 58831
59064 59020
34589 34480
107809 107770
59098 58942
400777 400663
205546 205467
59076 58934
205606 205464
205604 205520
205442 205347
59096 59017
22304 22246
205385 205336
400889 400666
400859 400709
58924 58833
59031 58883
400885 400800
205432 205355
205473 205404
400791 400678
400866 400671
400753 400639
59092 59029
205491 205418
205603 205468
22424 22387
205583 205461
59107 58900
205396 205319
205447 205363
205420 205370
34537 34435
400766 400652
205602 205471
205589 205448
59025 58877
205428 205365
58997 58845
59128 59081
34675 34548
205527 205336
205502 205442
34447 34415
400874 400753
205596 205458
59078 59042
400835 400749
205560 205453
400786 400711
400782 400692
205547 205486
34510 34465
205581 205491
34492 34446
34611 34541
205536 205466
205448 205386
400884 400726
400880 400646
400856 400739
59112 58983
205514 205383
59106 58896
205491 205442
59001 58908
34498 34428
400809 400710
59125 59008
59040 58991
205572 205323
59105 59016
58999 58839
205411 205373
205579 205325
400814 400721
400884 400789
59100 58869
59012 58930
58890 58863
400891 400669
205550 205453
205371 205329
205413 205322
205595 205542
400838 400720
61 44
136 122
168 151
288 268
162 157
255 250
22263 22242
34541 34518
34713 34691
34543 34522
34575 34560
34705 34692
58878 58859
22377 22370
34640 34631
59052 59038
107810 107786
58851 58840
59084 59073
791476 791334
400872 400801
205405 205369
400828 400761
791499 791367
791489 791358
791465 791335
400858 400794
107865 107848
791538 791414
791450 791327
205363 205332
1572738 1572502
1572745 1572514
791474 791358
791396 791282
400924 400869
22497 22494
205575 205548
1572729 1572527
791528 791432
400771 400723
1572784 1572597
400712 400665
400694 400648
791429 791340
400695 400650
1572693 1572518
107938 107926
1572676 1572503
1572694 1572526
1572795 1572629
791492 791409
1572750 1572590
1572782 1572626
791484 791410
791378 791306
400664 400629
1572694 1572558
3135283 3135013
1572642 1572508
1572672 1572545
1572757 1572634
1572792 1572670
3135270 3135034
1572724 1572607
1572635 1572519
791524 791466
3135299 3135074
1572622 1572515
3135293 3135080
791451 791398
218 20
3135257 3135025
1572618 1572519
791454 791405
