5000016871
176 8
171 9
133 8
192 12
111 7
165 16
187 22
59 7
116 17
138 22
57 10
198 37
92 18
142 29
137 29
172 38
161 37
65 16
172 44
86 25
120 35
167 51
152 52
175 62
154 55
58 21
157 58
74 29
72 31
82 36
144 68
133 63
177 85
167 81
143 70
129 64
159 79
144 74
196 102
145 76
101 53
194 103
152 82
182 100
133 75
137 79
185 107
196 115
164 99
161 98
78 48
198 122
94 59
181 116
104 68
139 91
192 128
187 126
181 128
155 112
111 82
187 139
144 109
150 116
199 156
167 134
164 132
132 111
162 137
93 81
190 167
189 169
170 153
187 176
155 142
110 108
130 5
5000000200 5000000170
176 180
133 178
155 160
122 127
144 150
130 136
155 166
119 131
120 142
59 70
44 53
151 183
142 173
153 193
139 178
111 143
13 17
58 77
48 194
130 176
139 190
93 128
113 156
118 166
77 111
109 158
42 61
41 60
119 177
103 154
9 14
52 81
114 178
44 70
107 172
82 137
30 51
52 89
105 181
59 102
80 142
57 102
55 101
82 152
45 85
100 197
81 164
15 31
68 142
38 89
25 59
17 43
51 137
65 183
67 200
60 183
41 132
45 154
32 121
47 179
16 61
42 162
24 93
45 175
26 109
39 167
14 62
35 164
33 161
30 172
14 82
32 197
11 71
6 41
15 109
11 107
13 133
9 100
11 169
8 132
11 198
7 166
6 198
