1012398
12234 11956
12219 12027
118 62
195 6
12241 11979
198 23
238 190
198 151
111 62
299 66
117 46
12178 11975
252 152
196 86
285 10
235 33
263 27
224 66
128 73
134 37
261 220
139 43
103 17
177 30
194 60
268 96
193 40
290 226
248 154
274 178
231 190
205 111
272 194
64 32
205 48
175 39
239 8
225 17
224 72
25921 25695
14170 13987
14142 13965
14052 13912
18008 17838
14171 14059
25830 25629
18106 18000
18101 17950
18022 17875
12173 12090
41545 41289
12115 12004
12168 11982
25871 25638
12207 12112
18020 17850
12207 12029
12134 12021
12122 12041
12074 11971
12079 11983
12158 11979
25818 25669
25783 25650
14119 13995
14147 13965
14157 13964
14196 13975
14078 13956
25916 25713
14094 13990
25872 25666
35 26
112 90
234 206
244 220
186 168
241 222
279 260
297 282
12252 12182
14199 14120
18034 17944
25918 25790
14058 13990
25858 25735
18098 18012
41505 41314
12240 12185
12073 12019
14121 14061
41504 41328
178 42
41450 41268
17961 17853
41420 41254
14111 14061
14068 14021
96 97
