9687557812
245 1
98 2
284 7
119 3
77 2
286 8
246 7
289 11
181 10
207 13
156 10
228 15
140 10
243 18
281 25
266 24
294 27
119 11
227 21
153 15
203 20
291 29
271 28
119 13
233 26
128 16
285 37
233 36
177 31
223 40
190 35
161 30
180 35
115 23
167 34
234 48
96 20
254 56
161 36
97 22
260 59
286 66
249 60
96 24
246 64
295 78
279 74
291 80
276 76
161 45
67 19
289 82
172 51
284 85
277 83
159 48
205 63
173 54
268 85
263 84
261 84
250 85
197 67
240 83
297 104
210 78
43 16
198 74
176 68
174 69
209 85
221 91
276 116
223 95
281 120
220 95
235 103
286 131
283 132
139 66
288 137
264 126
48 23
256 123
106 51
219 106
210 103
47 24
131 67
277 145
106 56
131 70
279 157
187 107
172 101
27 16
53 32
239 146
195 120
177 110
209 134
275 177
160 103
179 116
293 190
248 161
240 157
106 70
274 181
261 175
104 70
270 182
265 179
141 96
90 62
209 145
153 108
205 147
261 188
36 26
298 216
299 217
230 167
114 83
178 130
293 215
276 205
121 92
286 218
139 106
238 182
140 108
243 188
247 193
291 228
79 62
76 60
259 205
249 198
295 237
146 118
297 241
297 241
161 131
226 187
136 113
273 235
295 254
225 195
258 226
286 256
262 235
160 144
152 137
252 230
62 57
139 128
256 239
196 186
290 276
166 159
205 2
247 243
164 162
276 274
205 204
296 295
312500265 312500003
312500255 312500007
312500263 312500037
312500219 312500006
312500232 312500033
312500215 312500029
312500215 312500036
312500263 312500090
312500252 312500086
312500217 312500057
312500290 312500143
312500254 312500115
312500295 312500160
312500289 312500155
312500220 312500091
312500225 312500114
312500219 312500112
68 66
312500227 312500124
312500298 312500288
312500236 312500141
312500293 312500227
312500225 312500164
312500270 312500213
312500239 312500197
312500212 312500175
312500256 312500221
312500286 312500255
312500247 312500217
312500227 312500265
312500240 312500293
276 281
99 120
312500226 312500299
242 244
201 203
271 276
264 269
142 145
139 144
273 283
137 143
132 138
88 92
142 149
231 244
267 292
115 126
212 235
175 194
216 245
214 245
225 264
209 247
75 89
122 284
166 202
201 245
244 299
119 146
137 170
194 245
151 192
217 277
158 202
60 77
230 296
65 84
192 249
85 111
207 271
114 151
82 111
181 248
41 57
195 275
82 117
152 218
115 165
188 270
111 160
115 166
207 299
175 253
150 218
202 294
164 245
158 244
173 272
43 68
155 246
55 88
101 162
77 124
163 267
70 117
172 291
148 255
124 224
149 276
72 134
125 234
80 150
116 220
42 81
75 146
122 238
128 255
109 223
99 205
133 276
116 241
115 250
135 294
106 239
93 212
112 258
78 180
116 269
98 228
100 236
67 159
69 168
36 89
100 248
108 268
87 220
78 199
101 258
104 270
48 128
71 193
66 188
100 292
42 125
88 265
55 166
35 120
72 247
46 162
49 182
28 105
56 211
13 51
60 237
59 238
22 90
18 74
50 219
58 256
20 93
49 242
16 82
57 294
43 224
50 261
28 150
14 79
31 194
17 108
33 215
31 207
30 233
38 298
34 292
24 221
30 286
15 147
11 111
23 254
15 170
12 161
19 255
10 139
13 241
11 242
8 204
9 248
8 276
7 264
6 254
5 294
3 208
1 176
