583897
288 94
293 87
275 80
268 75
201 5
215 6
269 72
285 10
281 75
253 10
296 77
248 64
263 67
254 61
256 17
257 61
249 17
273 63
239 18
298 63
284 29
213 22
270 29
242 51
204 23
258 30
229 44
262 33
232 41
290 40
243 34
267 39
239 42
233 37
178 1
152 3
85 2
131 4
135 5
125 5
169 8
60 3
71 4
163 11
151 11
140 14
73 8
80 10
197 25
175 26
195 30
103 16
100 17
194 33
156 27
116 22
68 13
205 40
85 17
221 47
228 49
99 22
222 50
75 17
194 44
220 52
209 50
174 42
238 58
237 59
199 53
187 50
193 53
121 34
121 38
220 72
199 66
220 74
127 44
176 61
66 23
163 58
168 61
101 37
239 88
55 21
279 107
254 5
294 115
258 104
235 95
206 84
296 121
156 65
192 81
212 93
246 108
230 101
298 131
70 31
270 120
275 124
268 123
157 73
185 90
207 101
287 142
281 142
81 41
181 92
285 145
293 151
292 152
180 94
271 143
228 122
110 60
227 124
180 100
297 166
258 146
277 158
90 52
288 167
249 149
241 145
153 93
195 121
203 126
211 131
274 171
196 124
105 68
233 155
264 178
235 159
186 126
264 181
77 53
180 124
254 175
80 56
101 71
201 143
291 210
272 197
80 58
175 130
205 154
139 105
174 132
139 106
194 148
170 130
211 162
177 136
213 164
253 195
294 229
299 233
215 168
202 158
138 108
185 145
198 156
238 189
275 219
110 88
181 145
234 188
143 115
178 144
265 216
258 211
243 199
199 164
124 103
175 146
139 116
232 194
160 134
185 157
291 247
271 232
287 247
115 100
118 103
204 179
278 244
172 151
289 254
161 142
190 168
230 204
118 105
233 208
221 199
242 218
74 67
278 252
183 166
140 127
299 272
150 137
280 257
171 157
224 207
264 244
156 145
299 278
57 53
216 201
213 199
239 224
277 260
285 269
149 141
253 242
126 121
169 163
247 239
189 183
284 278
263 258
289 285
230 227
236 233
199 197
137 136
174 173
182 181
193 75
510300 510142
270 299
225 225
170 214
213 214
144 145
75 76
222 225
70 71
228 232
169 172
241 246
231 236
246 252
200 205
226 233
257 265
175 181
254 265
170 179
259 273
263 278
150 159
206 219
134 143
93 100
79 85
202 218
162 175
124 134
96 104
169 185
172 189
232 255
194 214
85 94
185 206
179 200
249 281
213 241
249 282
257 292
221 255
245 285
248 290
242 283
191 228
157 188
184 223
186 226
79 97
235 289
146 180
122 151
239 297
186 234
88 160
142 180
155 199
116 149
198 255
48 62
96 124
201 261
200 261
126 166
222 294
173 230
214 285
182 243
68 91
127 170
134 180
80 108
87 118
84 114
193 268
64 90
26 37
192 274
159 227
160 229
197 282
112 161
117 169
155 227
178 261
156 230
21 31
98 145
182 270
92 138
140 214
86 132
136 209
65 100
149 230
154 238
157 243
153 237
84 133
89 141
118 187
95 151
128 205
132 212
123 203
147 248
120 203
125 212
147 252
7 12
107 185
155 272
136 240
143 253
144 256
18 32
129 233
157 285
64 197
79 144
125 228
152 280
93 172
129 241
136 255
95 179
135 260
117 226
141 275
130 254
149 293
130 260
18 36
80 160
141 285
76 154
97 197
52 107
138 287
110 229
132 276
106 229
126 275
70 154
71 160
74 167
132 300
73 168
85 196
113 262
95 221
17 40
58 137
48 114
96 232
39 95
38 93
115 282
107 266
102 255
39 98
54 136
61 155
110 280
31 79
50 128
111 285
51 131
77 203
74 196
106 281
110 293
32 86
79 218
107 296
52 145
89 250
18 51
26 76
75 225
86 261
59 181
48 235
32 99
57 178
79 248
61 192
58 184
56 180
80 269
87 295
55 188
25 88
9 33
63 239
35 135
59 229
63 250
41 164
34 138
12 49
40 167
19 80
25 107
63 271
38 164
10 47
55 270
24 119
25 137
37 203
33 186
25 144
49 284
50 291
43 261
23 143
13 84
4 26
41 271
4 27
14 98
42 299
34 267
30 239
22 180
24 233
24 240
26 276
26 278
23 251
23 277
16 197
14 181
9 123
17 260
10 154
15 248
14 248
6 111
13 265
5 113
3 72
5 157
6 226
2 140
2 254
