100012408
70 38
86 38
49886 49856
49888 49841
49915 49858
49879 49830
49926 49898
99 7
49898 49871
49927 49880
49884 49838
49880 49840
49896 49846
49922 49895
49923 49840
49915 49854
49900 49846
49893 49851
49914 49874
49898 49863
49927 49881
85 31
49928 49849
49872 49831
90 17
94 49
98755 98658
98756 98701
98755 98670
98730 98681
98740 98692
49925 49844
49925 49886
98755 98684
98746 98685
49870 49829
98754 98699
98734 98685
98744 98686
98709 98661
49914 49887
98754 98657
95 66
98730 98669
25506 25476
25484 25445
25503 25431
25483 25430
98745 98671
25514 25460
25464 25429
25455 25416
25504 25426
25487 25433
98736 98663
25513 25449
98738 98665
98746 98672
83 22
25496 25459
54 16
25483 25456
25512 25415
25511 25471
25497 25467
25506 25431
25485 25415
25485 25443
77 4
25469 25423
25444 25417
25503 25453
99 14
25489 25434
49 1
99 67
88 8
13301 13238
13253 13212
87 13
13295 13249
13299 13264
13254 13213
88 38
51 10
13276 13232
39 3
13259 13227
13285 13229
13273 13212
35 4
100 65
13255 13223
99 54
13302 13224
56 15
13299 13266
68 21
76 21
13302 13258
91 3
100 74
86 28
13272 13240
13299 13240
13287 13260
72 32
92 17
94 61
69 40
99 43
84 53
391705 391656
391689 391632
782328 782262
196392 196346
1563599 1563527
782333 782256
196393 196350
391689 391632
391695 391641
391717 391664
782328 782263
782335 782253
391674 391626
391702 391655
782342 782275
196411 196338
196404 196361
196402 196332
391706 391652
391678 391628
391693 391640
196365 196317
391705 391636
196410 196335
782336 782274
196396 196343
196396 196337
196398 196354
196395 196346
196393 196326
98746 98704
196410 196360
196409 196326
782330 782268
782325 782254
1563597 1563512
1563591 1563505
196379 196313
1563581 1563504
20 6
33 16
53 31
10 6
63 42
66 46
64 45
65 46
53 39
86 66
83 66
38 31
84 69
57 47
73 61
83 72
89 78
29 26
61 55
25 23
66 62
84 80
89 86
88 86
49 48
51 50
60 59
13286 13261
13289 13265
13283 13260
13247 13227
13302 13282
13259 13242
13227 13213
13228 13215
25479 25454
13259 13246
13250 13238
25449 25426
25485 25462
25494 25472
25506 25484
25476 25456
13273 13263
13267 13258
25501 25484
13299 13291
13261 13254
49928 49902
49866 49841
49895 49870
49927 49903
49864 49841
49907 49884
13249 13243
13260 13254
13262 13256
25512 25501
49902 49881
98699 98659
98704 98664
98743 98703
49893 49873
49903 49883
25464 25454
25496 25486
49905 49886
98702 98667
25455 25446
98686 98676
196334 196315
98749 98715
98733 98700
98706 98676
98755 98725
98745 98717
49845 49831
49864 49850
391681 391656
98696 98670
49901 49888
98735 98710
98724 98700
391660 391635
391682 391656
196375 196361
98706 98684
196410 196395
196402 196387
391675 391645
196364 196327
196375 196339
49869 49860
49912 49903
196386 196352
196410 196377
98699 98683
391655 391625
196351 196320
196395 196364
196388 196358
98720 98705
196409 196380
98743 98729
391701 391670
391691 391660
196412 196386
98694 98682
98715 98703
196395 196378
391672 391626
196406 196383
196409 196387
98738 98728
196354 196335
196376 196357
196356 196338
196369 196352
196367 196350
391644 391627
782300 782267
1563572 1563519
1563581 1563518
782302 782273
1563597 1563556
1563572 1563532
3126087 3126010
3126100 3126008
3126100 3126008
3126098 3126008
1563572 1563528
1563551 1563507
1563556 1563516
3126095 3126012
3126092 3126010
196364 196352
782322 782298
782303 782258
782319 782274
782348 782303
391660 391638
1563575 1563526
391648 391627
1563572 1563520
782337 782299
391664 391645
782337 782301
782349 782313
782298 782263
47 42
25434 25427
25440 25434
25474 25468
25514 25508
25463 25458
25463 25458
25476 25471
49837 49829
49859 49852
49870 49863
25426 25423
98689 98680
49835 49831
25453 25451
13235 13234
49868 49865
49882 49879
196376 196365
196405 196395
98695 98691
49896 49894
25443 25442
25465 25464
196363 196356
196386 196379
391664 391651
391700 391688
98742 98739
1563557 1563519
1563552 1563515
1563566 1563530
391683 391674
3126085 3126016
3126093 3126025
782309 782292
782334 782317
1563545 1563512
25497 25488
782296 782269
391640 391625
1563577 1563545
391663 391655
391683 391675
98691 98689
98737 98735
1563598 1563567
782326 782311
196371 196369
98716 98715
13282 13282
25443 25443
98756 98756
98753 98753
