1029072
266 25
235 14
300 83
285 70
298 45
202 20
135 36
226 6
233 3
169 16
122 26
201 55
199 44
267 57
182 12
172 41
271 23
241 62
180 5
149 12
215 31
228 7
68 9
164 17
252 42
187 45
271 79
164 2
268 28
216 5
206 61
136 22
50 6
282 15
156 22
269 43
183 41
97 17
210 55
144 8
229 61
259 12
98 23
283 93
100 19
79 13
185 62
262 48
107 30
277 50
243 32
240 30
98 3
292 85
233 26
235 52
226 8
20 5
175 12
164 19
216 13
165 48
106 21
217 8
235 12
153 48
264 59
181 14
56 17
213 80
276 128
3085 2972
32458 32276
202 158
3201 2978
3016 2958
3178 3118
124 91
3197 3080
3243 3203
32490 32260
3241 3126
3062 2987
244 155
3237 3037
3141 3014
3100 2993
3041 2992
142 84
3170 3023
3245 3052
5086 4952
3045 2987
265 204
5131 5035
3149 2993
5085 4995
4977 4912
5070 5015
273 225
86 61
3175 2978
32479 32255
3112 2961
133 88
5128 4917
3224 3096
61 40
5142 4979
5086 4931
215 123
5141 4989
169 139
240 194
32506 32295
239 189
118 93
93 58
273 146
283 175
5160 4955
5016 4920
202 78
247 86
5202 5008
286 141
32478 32256
5162 5092
110 52
5096 4908
5145 4929
218 134
299 198
191 75
16825 16699
260 178
77 56
206 118
189 82
278 130
263 134
5185 5064
232 174
9059 8873
86 42
9007 8815
152 65
167 101
224 133
9061 8965
246 125
8945 8853
9066 8855
288 219
16895 16674
16809 16683
286 188
16887 16766
9091 8967
298 252
16903 16628
214 177
8972 8815
9036 8936
256 221
9082 9014
296 220
233 85
231 90
211 121
8995 8908
178 101
212 81
8996 8883
123 74
228 113
173 148
183 112
188 64
295 195
9008 8900
9069 8860
32473 32261
265 177
121 65
261 105
223 196
8927 8830
249 181
208 186
228 135
245 150
9078 8968
9060 8928
9031 8829
16855 16690
271 210
216 188
257 167
125 103
278 155
265 224
16840 16717
16831 16698
289 233
264 135
32521 32326
281 228
170 83
197 90
16790 16671
32476 32268
81 45
32518 32344
88 76
172 152
117 106
109 99
159 145
173 159
254 236
136 127
157 147
98 92
230 216
19 18
295 282
43 42
252 248
3067 3041
3080 3057
3251 3228
5183 5150
8934 8879
8897 8843
16909 16814
16750 16656
16800 16708
16820 16730
8967 8922
3209 3193
9100 9055
16724 16644
3068 3054
266 73
32446 32255
2984 2961
32447 32301
32412 32267
16711 16637
88 89
