5100020242
174 48
184 50
170 5
194 6
175 47
158 10
185 12
196 51
142 11
180 44
166 31
156 27
183 22
172 5
51 3
41 3
49 4
87 9
136 15
134 19
92 14
143 23
126 23
100 19
171 46
169 47
169 51
168 53
172 55
153 51
98 33
155 53
140 49
73 26
82 30
174 71
140 59
102 44
114 51
184 84
200 92
115 53
65 30
140 68
59 29
131 65
146 73
32 16
142 72
97 50
195 103
186 99
135 72
179 97
144 80
125 70
157 88
128 73
142 82
147 88
196 118
183 113
121 75
175 109
139 91
64 42
27 18
132 90
178 123
36 25
135 96
171 122
196 140
167 120
153 111
172 125
112 82
78 58
157 117
195 147
150 118
174 137
136 109
169 136
132 107
168 137
141 116
166 139
111 93
191 161
78 68
95 86
193 175
64 59
116 107
169 156
149 143
29 28
193 186
131 128
49 48
84 2
5100000200 5100000056
186 193
89 89
100 175
116 117
97 98
94 95
144 148
168 173
57 59
70 73
84 88
179 188
86 91
75 84
112 127
144 166
144 168
124 146
16 19
147 175
151 181
55 66
83 100
112 136
107 144
93 127
107 148
79 111
81 115
89 134
57 87
85 146
100 173
2 193
87 154
90 160
80 143
52 93
39 70
104 190
87 159
70 128
63 121
7 14
32 64
39 79
98 199
87 182
12 26
83 182
85 188
67 149
31 70
87 200
12 28
63 148
41 101
57 141
57 142
76 193
75 199
44 119
14 38
14 40
33 95
25 74
9 28
27 86
55 177
40 129
53 172
43 141
59 194
46 162
28 100
20 80
43 187
23 102
41 194
18 88
31 159
28 150
24 134
31 185
24 150
22 141
24 174
24 195
9 92
16 182
14 197
8 115
5 86
8 138
11 191
10 187
4 137
2 135
