50025989
177 85
188 3
190 4
148 4
175 6
185 7
142 67
125 9
123 9
153 12
106 9
137 12
179 16
178 19
99 11
148 17
102 12
175 21
179 24
157 23
129 20
110 18
167 78
145 25
144 25
97 18
193 37
143 29
174 36
152 34
104 24
165 39
186 44
187 84
196 48
179 44
187 46
142 35
194 49
191 52
112 31
171 68
180 54
180 55
111 35
162 53
173 61
187 66
192 76
196 77
147 55
171 67
197 121
199 108
161 83
46 2
72 12
46 11
103 30
70 25
27 10
53 20
113 44
103 42
12 5
123 53
66 29
85 38
116 54
119 59
144 73
41 21
74 38
85 45
98 2
151 84
151 85
163 93
170 97
55 32
29 17
169 100
131 79
121 73
167 101
67 41
156 96
77 48
120 75
35 22
133 84
83 55
124 85
66 46
134 95
140 102
39 29
169 127
199 150
194 151
163 130
98 79
163 133
109 89
62 51
134 111
173 145
171 146
172 147
152 131
97 84
188 163
139 121
158 138
118 104
17 15
164 149
139 128
177 163
38 35
195 180
123 114
151 144
159 152
163 157
155 151
192 189
183 180
67 66
73 72
135 75
50000200 50000037
191 193
86 86
180 180
81 127
135 136
147 150
187 193
153 159
176 185
109 116
107 114
70 75
181 195
165 183
74 84
150 171
94 110
32 38
154 184
157 188
157 189
153 186
136 166
147 181
127 159
101 127
156 199
138 180
138 180
23 30
16 21
126 166
82 109
140 188
144 198
66 91
117 163
88 123
73 104
127 181
39 56
82 119
74 110
42 63
90 137
100 157
109 172
86 137
31 50
115 187
92 154
46 79
33 57
82 146
23 41
94 171
99 181
61 114
50 95
74 147
74 147
90 184
38 78
31 65
87 188
91 197
45 98
82 191
71 170
81 197
28 69
75 192
63 166
70 188
47 130
68 189
59 182
42 132
62 200
61 197
45 148
43 144
41 152
45 177
27 116
43 188
22 99
30 144
35 173
24 130
7 39
12 67
23 145
24 175
20 160
19 168
13 137
14 167
10 133
8 108
12 163
11 157
8 152
5 134
5 139
6 169
4 136
1 38
4 166
