100002591
97 9
90 3
84 2
61 3
20 1
69 4
31 3
96 10
57 6
84 10
38 5
91 12
79 16
87 23
60 16
49 14
98 31
58 19
80 27
20 7
60 21
34 12
62 23
61 26
69 30
67 30
86 39
93 43
4 2
65 33
65 33
53 28
62 33
87 48
82 49
88 53
86 55
76 49
78 52
25 17
42 32
99 79
97 80
62 54
91 81
47 42
96 87
86 79
21 20
73 70
87 84
93 91
10012303 10012208
10195410 10195314
10781346 10781251
10024514 10024428
10195408 10195323
24 1
10781342 10781256
100 100
10195410 10195330
11562585 11562501
16250096 16250010
22 22
82 85
40 42
80 89
52 60
57 67
65 77
47 59
62 79
