9687520399
56 1
255 8
232 13
62 5
139 13
197 26
250 50
281 70
245 77
199 65
205 68
273 94
181 5
258 112
49 22
256 137
251 135
280 151
226 127
269 156
150 92
180 119
212 141
223 153
168 117
246 177
243 175
132 104
114 91
293 250
280 249
167 149
223 207
265 257
70 68
312500299 312500004
312500287 312500002
312500281 312500011
312500272 312500003
312500299 312500036
312500300 312500053
312500298 312500057
312500259 312500020
312500256 312500024
312500274 312500045
312500278 312500059
312500293 312500081
312500275 312500075
179 63
312500265 312500082
312500300 312500229
231 265
312500270 312500111
312500285 312500137
312500257 312500135
312500299 312500202
312500296 312500201
312500295 312500202
312500267 312500179
312500291 312500215
312500283 312500212
312500298 312500228
312500287 312500232
312500290 312500258
312500248 312500231
312500260 312500250
312500295 312500288
83 83
312500282 312500290
227 238
13 174
77 78
77 79
224 252
165 192
201 244
207 253
155 194
81 104
10 13
185 248
150 205
150 223
117 174
177 276
130 203
169 268
166 292
146 261
77 150
135 270
124 249
59 129
105 235
90 202
20 52
104 280
71 198
101 285
44 133
83 298
54 207
38 235
24 165
3 23
26 202
29 278
10 128
7 105
4 128
2 101
