100009852
281 2
187 3
275 5
266 13
229 19
250 25
211 23
192 21
266 30
204 26
130 17
275 44
72 13
175 37
281 60
242 53
197 50
290 75
58 17
244 75
242 78
279 95
126 43
100 35
281 99
296 106
192 70
183 69
47 18
169 69
234 96
289 124
265 114
167 72
234 101
299 130
128 59
207 101
150 74
299 152
251 134
299 166
273 157
275 160
128 80
235 147
172 108
181 115
260 168
89 58
246 172
145 102
154 111
289 210
193 143
226 169
291 219
108 83
169 130
243 189
147 115
294 231
69 55
110 88
249 200
279 226
141 116
17 14
66 55
72 60
260 223
221 190
213 186
111 104
10049123 10048858
10012493 10012239
272 61
10049123 10048881
10195541 10195319
13125256 13125027
11562769 11562573
35000287 35000045
