1049062
18080 17833
18103 17860
120 56
76 58
238 113
56 22
196 97
186 139
284 186
18083 17840
299 215
18102 17817
271 222
84 40
128 25
155 40
216 149
297 218
158 138
204 45
281 53
148 84
117 37
49 27
246 195
188 39
227 197
137 35
278 158
218 91
18076 17820
300 92
297 40
102 1
203 32
226 61
186 16
277 87
293 128
236 126
262 127
248 223
209 8
14174 13986
161 112
242 61
293 55
218 27
128 3
161 118
157 14
74 24
291 8
262 63
254 184
221 77
140 27
74 9
164 44
14189 13921
168 42
116 52
278 221
260 128
282 33
14191 13956
155 88
88 20
229 183
90 30
14170 13959
258 6
145 25
154 23
123 86
235 80
157 3
174 48
14144 13946
221 94
296 87
153 71
12252 11967
247 79
128 73
250 28
12230 11990
141 117
12220 12033
12226 11966
189 164
51 24
107 26
207 97
284 238
259 122
295 224
12220 11974
214 14
12169 12004
212 122
215 148
251 148
147 40
266 9
185 93
213 166
143 60
291 100
288 269
12187 11987
157 90
164 18
268 220
269 214
266 53
148 68
12253 12060
287 223
211 75
273 172
151 129
124 22
250 155
141 45
253 120
180 95
300 219
86 11
194 109
246 164
104 10
300 267
126 29
215 18
141 49
260 61
231 129
165 28
188 19
96 41
149 82
222 31
265 15
219 28
148 112
269 69
160 6
201 160
182 120
249 15
240 20
253 180
151 32
206 125
241 148
212 75
189 31
269 46
280 115
140 12
300 3
120 69
291 127
215 171
247 43
223 113
169 41
299 36
165 41
267 89
120 44
300 103
166 143
263 81
196 49
255 92
219 45
297 136
213 165
234 214
237 17
219 102
272 33
196 162
140 97
278 28
214 23
210 189
248 3
174 111
136 111
263 59
208 95
146 72
173 137
133 34
161 116
186 157
41 7
107 43
160 4
294 136
215 80
246 222
263 55
131 54
178 47
259 52
286 117
289 84
120 51
256 48
155 105
172 22
217 145
290 271
217 193
169 56
134 112
225 150
266 124
250 115
294 67
46 13
110 57
194 125
257 136
271 48
70 40
258 202
269 74
291 94
85 55
223 97
191 16
251 28
99 41
290 208
178 25
180 99
196 123
228 115
151 104
142 99
24 1
242 129
260 227
300 90
284 132
178 86
75 8
75 39
296 180
289 141
257 88
294 216
285 140
300 236
294 132
244 132
230 161
234 42
296 152
122 67
294 28
139 64
186 126
260 188
175 32
232 132
210 146
125 107
254 50
260 186
175 110
201 138
286 20
292 83
236 30
218 113
199 78
275 102
246 142
300 91
156 128
108 21
186 143
229 44
265 204
139 30
291 239
167 142
268 139
93 12
244 188
296 199
244 94
124 14
176 105
278 125
155 82
228 194
193 160
257 27
177 46
281 245
188 42
264 147
114 19
234 2
255 57
144 54
275 41
200 64
179 55
251 158
262 31
247 170
282 15
234 157
141 25
223 53
263 76
224 171
232 30
288 243
274 76
252 191
273 228
162 43
74 52
150 60
211 165
258 91
170 95
153 73
152 2
276 104
39 15
239 85
299 140
179 139
92 69
265 224
49 9
253 140
188 100
170 144
9 3
30 18
38 27
57 43
37 28
53 42
60 51
102 87
54 47
111 99
142 127
158 143
64 58
97 88
182 167
199 183
141 131
179 167
180 168
95 89
285 268
266 251
186 176
298 282
96 91
194 184
160 152
249 237
236 226
24 23
175 168
214 207
66 64
257 250
289 282
292 286
106 104
213 209
279 274
229 225
190 187
14183 13996
18105 17872
14198 14025
12212 12064
252 249
18099 17885
18040 17827
14193 14027
14199 14036
18065 17858
18084 17883
14108 13955
18078 17882
14136 13988
18060 17877
12165 12042
12190 12067
18077 17895
14144 14007
25876 25629
108 107
25894 25658
18022 17860
25862 25634
25853 25626
25869 25646
12216 12112
14101 13983
18110 17960
12131 12031
17982 17838
25892 25690
14030 13923
14197 14089
12165 12077
14028 13927
14168 14066
18043 17915
17999 17876
121 24
25809 25631
12078 11961
25869 25664
18016 17902
192 191
