50019978
85 1
60 1
85 2
29 1
98 4
51 3
69 5
84 10
64 9
90 14
27 5
27 5
16 3
42 8
68 13
41 8
99 20
77 17
72 16
62 14
26 6
8 2
45 12
29 8
94 26
78 22
14 4
85 26
86 27
82 27
30 10
39 13
93 32
90 31
77 27
85 30
81 29
52 19
27 10
72 27
45 17
81 31
67 27
99 41
94 39
43 18
54 23
61 26
96 42
100 44
84 39
92 43
84 40
18 15
31 15
83 41
14 7
95 48
66 34
82 43
40 21
72 41
57 34
45 27
88 54
58 36
54 34
98 62
48 31
51 34
79 53
52 35
73 50
60 42
47 33
26 19
49 37
57 45
73 59
46 22
60 50
95 80
68 58
31 27
79 69
48 43
70 64
71 65
68 63
42 39
37 35
94 89
19 18
62 59
75 72
82 79
61 59
41 40
48 47
64 63
70 69
64 1
50010100 50010003
93 95
89 89
47 61
86 87
33 34
83 87
72 76
69 73
50 53
29 31
69 74
68 73
54 58
91 98
50 54
47 51
55 61
81 91
85 96
72 84
12 14
83 97
56 66
47 56
41 49
57 69
62 76
25 31
72 90
71 89
71 89
62 79
40 51
30 54
73 99
49 67
65 89
50 69
36 50
40 56
33 47
61 93
61 98
18 29
37 61
51 85
38 66
50 89
29 52
54 98
32 59
31 59
21 40
49 95
27 55
11 23
18 38
24 52
28 62
27 65
22 55
22 62
12 35
29 85
5 15
14 47
23 78
24 84
10 35
17 62
23 85
19 72
24 91
15 57
23 89
19 74
19 78
14 59
23 99
18 81
15 76
6 32
5 27
6 39
1 7
10 71
6 44
12 98
3 35
8 99
3 39
2 27
4 81
1 21
3 81
1 47
1 66
1 67
