100035430
149061 148868
197925 197673
278 180
106 6
275 168
244 156
236 29
293 22
149094 148854
300 244
275 4
124662 124442
202 92
266 222
265 161
243 165
300 165
266 167
215 3
127 62
124677 124501
284 243
124686 124418
281 125
156 105
151 96
124671 124485
142 45
124656 124492
124702 124443
124679 124415
78 1
112488 112227
112465 112247
257 43
112496 112342
263 19
244 16
140 41
112485 112252
106285 106155
160 3
106261 106126
151 90
136 60
106401 106258
135 27
260 221
87 3
149 98
288 64
95 24
97 56
267 41
224 81
274 125
207 51
255 100
267 228
106361 106138
299 74
106383 106105
86 15
300 162
186 126
265 150
173 56
160 109
106346 106216
248 120
106349 106166
108 3
106301 106141
276 168
103264 103080
286 195
103280 103154
103340 103121
81 20
229 63
162 13
103350 103158
117 23
248 47
269 21
284 34
155 24
198 147
166 7
213 40
272 9
103327 103127
285 46
103273 103113
242 37
101730 101571
166 105
185 44
138 18
226 85
252 214
232 79
259 63
284 89
101788 101533
215 89
298 14
226 110
192 54
298 70
101776 101551
139 76
235 119
101748 101617
192 88
264 2
101022 100894
246 98
225 66
217 161
249 183
213 14
165 36
100928 100801
283 206
101056 100879
212 126
276 133
253 43
252 209
227 166
293 53
123 45
167 49
228 185
98 22
255 42
153 45
274 205
200 41
193 144
47 5
204 64
162 59
244 23
300 149
214 118
226 176
262 24
237 197
136 73
196 129
185 119
239 160
202 63
273 56
295504 295394
148926 148834
149097 148974
149115 148974
149020 148931
106244 106119
295564 295316
295579 295459
103143 103078
197910 197687
103144 103067
101764 101708
124617 124571
197916 197784
101810 101728
295487 295347
197835 197689
295451 295313
197940 197758
101774 101709
101612 101556
1662792 1662534
1662775 1662518
197733 197673
881501 881288
148899 148851
295599 295510
197914 197854
295541 295450
490870 490725
490794 490636
881428 881283
490854 490736
197919 197854
197782 197714
124549 124504
881398 881268
295422 295350
295589 295354
101765 101672
100999 100938
124621 124519
124712 124646
490912 490701
101030 100987
112451 112389
112491 112405
112276 112211
101060 100970
100970 100849
112440 112343
100936 100840
112458 112359
490891 490665
101024 100956
112380 112327
124553 124477
101027 100915
124605 124505
124616 124495
106262 106206
149005 148853
100986 100911
106294 106170
106160 106114
101721 101654
101730 101689
490886 490643
149023 148846
295567 295334
295564 295326
45 13
24 8
46 27
66 39
33 21
88 57
45 31
62 45
83 63
90 70
18 14
150 128
167 143
182 156
74 64
250 220
239 212
18 16
247 221
106 95
151 136
246 222
54 49
221 203
246 226
253 233
163 151
279 259
268 250
147 141
266 256
299 288
170 164
125 121
153 151
265 263
286 284
294 293
101012 100980
100894 100865
112381 112351
106326 106301
197939 197898
197781 197741
149007 148977
124685 124660
100797 100780
103202 103185
295494 295447
295400 295354
112278 112261
149047 149025
101688 101673
103085 103070
112480 112464
295531 295494
490787 490728
881505 881403
1662774 1662590
490914 490860
881506 881412
197956 197935
881525 881432
1662723 1662567
112280 112270
490723 490681
1662751 1662613
1662641 1662510
3225297 3225051
197858 197843
881385 881322
3225267 3225136
240 103
881492 881430
490797 490763
881484 881426
1662695 1662621
490817 490787
1662782 1662681
3225235 3225047
881374 881327
3225277 3225106
3225231 3225082
6350277 6350040
6350255 6350065
3225172 3225053
490908 490887
100978 100974
490751 490732
1662785 1662730
295595 295586
1662633 1662583
1662731 1662681
881299 881275
3225254 3225024
6350240 6350043
6350254 6350084
124518 124515
267 269
295530 295525
202 205
