10000028974
267 3
168 5
298 19
165 14
226 25
106 14
162 22
269 44
283 7
187 36
103 24
284 69
275 67
295 73
291 74
62 19
237 73
197 72
271 112
133 56
115 49
190 83
136 60
294 141
239 115
224 108
127 62
180 88
139 69
203 105
296 157
65 35
221 122
159 90
300 184
151 94
167 108
231 152
262 174
172 115
133 91
243 169
234 165
140 102
237 175
267 198
247 188
60 47
209 166
298 239
96 77
127 102
257 208
55 47
273 236
175 152
266 237
71 64
299 272
68 62
244 229
112 109
246 242
19631545 19631286
19631535 19631296
19631542 19631304
19631530 19631326
19631495 19631301
19631508 19631317
19631528 19631337
19631514 19631329
19631547 19631364
19631536 19631356
19631534 19631356
19631529 19631353
19631546 19631373
19631548 19631377
19631521 19631354
19631445 19631289
19631538 19631386
19631480 19631330
19631408 19631261
19631453 19631312
19631484 19631344
39162778 39162512
19631432 19631299
19631509 19631376
39162772 39162510
171 32
19631498 19631369
39162759 39162506
19631387 19631261
19631424 19631298
19631411 19631287
39162767 39162521
19631473 19631353
19631511 19631391
39162763 39162530
19631464 19631348
19631426 19631311
19631528 19631413
19631419 19631305
39162735 39162510
39162754 39162544
19631366 19631262
19631388 19631284
39162716 39162509
39162778 39162571
39162733 39162527
39162760 39162556
19631497 19631397
19631392 19631293
19631433 19631334
19631461 19631366
19631396 19631304
39162766 39162594
19631369 19631283
19631456 19631370
19631486 19631405
19631462 19631383
39162795 39162639
19631404 19631328
19631517 19631441
19631460 19631386
39162769 39162511
78225299 78225016
39162744 39162603
39162660 39162521
39162689 39162552
39162791 39162654
78225277 78225004
39162685 39162552
39162714 39162581
39162711 39162581
19631451 19631386
19631491 19631426
39162754 39162626
19631452 19631390
78225269 78225022
78225275 78225028
39162758 39162636
19631337 19631278
39162799 39162686
39162788 39162677
39162647 39162539
78225241 78225026
78225249 78225035
39162692 39162585
39162745 39162642
39162722 39162621
39162646 39162546
19631496 19631446
19631536 19631487
78225216 78225022
39162691 39162594
78225212 78225019
78225258 78225065
39162662 39162566
19631446 19631398
19631368 19631322
78225270 78225087
78225221 78225039
39162611 39162520
78225278 78225107
78225285 78225115
78225287 78225122
78225218 78225057
39162770 39162690
19631450 19631410
39162781 39162702
78225202 78225053
78225235 78225087
19631435 19631398
78225163 78225017
39162682 39162609
156350297 156350014
156350299 156350016
78225151 78225011
78225240 78225102
156350285 156350011
39162754 39162686
78225146 78225012
78225194 78225062
156350275 156350013
78225139 78225009
39162665 39162520
78225229 78225099
39162670 39162605
156350291 156350036
156350263 156350009
78225162 78225035
156350254 156350003
156350289 156350039
78225126 78225001
156350281 156350036
78225170 78225050
78225173 78225053
19631475 19631445
156350247 156350011
78225176 78225060
78225205 78225091
78225165 78225053
39162782 39162726
19631393 19631365
156350272 156350052
78225205 78225098
78225214 78225107
78225224 78225117
156350222 156350010
78225156 78225026
156350274 156350071
39162626 39162576
156350291 156350096
78225180 78225084
78225258 78225167
78225171 78225082
78225173 78225086
78225178 78225073
19631493 19631471
78225213 78225128
78225299 78225221
39162768 39162726
19631498 19631477
156350268 156350107
39162686 39162646
156350296 156350143
39162692 39162654
19631491 19631472
39162798 39162763
78225212 78225146
19631420 19631404
19631541 19631526
78225256 78225198
78225273 78225215
39162759 39162732
39162780 39162753
39162781 39162755
39162747 39162722
39162666 39162642
39162678 39162656
78225255 78225212
78225273 78225230
78225284 78225246
78225257 78225220
39162754 39162745
19631417 19631414
19631528 19631527
19631445 19631446
19631543 19631550
39162717 39162721
39162786 39162795
39162783 39162794
19631510 19631516
19631429 19631436
39162769 39162783
39162764 39162782
19631501 19631512
19631446 19631465
19631473 19631497
262 263
95 96
43 44
204 213
76 88
192 229
226 283
70 89
189 241
188 242
208 269
221 298
64 91
174 252
98 144
114 170
125 192
180 281
139 218
