984820
102 10
57 6
44 5
163 19
123 18
52 8
123 24
122 24
108 25
171 42
117 37
124 41
125 42
97 33
183 64
60 21
170 70
179 76
124 53
177 78
93 41
77 36
139 75
182 105
193 127
115 76
198 132
177 122
193 134
191 136
31522 31386
75 2
31548 31388
31538 31367
31 23
177 133
151 115
80 61
151 117
95 78
137 114
114 96
157 136
175 163
31517 31389
31515 31395
31494 31375
31494 31377
31521 31408
31491 31381
31460 31366
31459 31370
141 103
31452 31352
31485 31402
31509 31467
31473 31458
31542 31548
31489 31499
31540 31538
31495 31497
31540 31546
31481 31487
31537 31545
31508 31516
31489 31499
186 196
31488 31501
31471 31485
31506 31521
31505 31533
31465 31496
167 186
56 65
31455 31510
31463 31529
138 139
139 141
160 180
119 149
153 192
128 161
38 48
52 66
149 194
76 107
120 173
121 182
101 156
54 89
98 167
84 146
23 42
28 53
76 144
54 109
86 178
69 151
45 106
72 170
32 101
45 145
38 124
51 196
19 76
47 198
23 99
23 168
15 198
11 186
9 167
