5000015945
115 2
256 16
232 17
233 18
269 26
278 36
48 7
225 35
209 36
289 50
224 43
225 56
299 86
244 75
293 95
225 75
128 43
152 52
140 50
105 41
234 93
146 59
210 95
141 65
101 47
230 114
116 1
186 95
195 100
246 128
293 153
274 152
111 62
67 38
295 170
119 73
187 120
228 148
178 118
125 83
193 138
200 159
204 166
268 223
259 218
220 186
187 160
190 167
292 260
296 272
299 286
258 245
216 209
245 241
183 93
5000000297 5000000238
273 282
130 247
28 29
37 39
85 94
46 52
209 239
171 197
76 90
183 222
172 212
133 164
226 279
208 268
155 200
145 199
186 264
154 219
139 198
202 300
71 107
114 195
11 19
34 62
92 170
148 284
133 257
44 87
106 215
64 147
38 88
45 119
40 108
41 120
14 49
35 126
65 249
62 238
44 186
37 192
23 145
29 273
5 63
13 211
1 53
