1011912
18022 17833
18053 17834
289 138
224 65
14171 14019
291 142
202 77
261 23
183 91
260 16
189 45
95 24
10363 10142
10333 10130
10320 10155
10326 10123
10359 10215
10347 10177
232 123
10411 10180
10401 10264
10362 10188
10398 10284
254 20
14192 14006
176 111
10534 10327
10542 10394
10482 10304
10528 10353
10450 10271
10704 10550
233 100
10701 10512
14078 13908
10732 10602
10756 10599
10765 10502
10706 10543
125 56
11259 10982
11262 11051
11125 11007
11137 11000
11256 11022
12224 12048
12122 11980
12171 12025
12186 12022
11236 11148
14164 14054
18056 17870
11275 11187
12118 12025
14171 14032
18050 17888
41544 41275
12123 12002
89 54
163 144
246 220
299 287
14131 14036
10307 10238
14136 14044
10376 10309
10481 10416
25889 25736
25885 25736
41516 41281
10201 10146
41516 41293
10309 10254
12030 11968
10300 10249
25787 25660
10345 10297
25758 25641
10605 10558
11136 11089
10784 10739
12248 12198
163 36
12121 12073
72788 72517
12036 11999
10738 10717
