1037754
270 177
191 156
262 8
111 46
186 47
231 45
300 28
280 60
297 237
236 139
209 52
77 15
162 58
296 73
179 110
188 128
299 144
296 260
133 100
293 128
109 71
108 49
58 6
119 46
203 138
253 216
26 8
36 10
132 94
170 106
292 131
180 150
226 5
296 85
271 30
195 3
258 231
68 34
219 189
292 258
269 87
233 69
188 10
275 196
240 137
233 11
193 94
269 88
195 26
233 5
246 120
214 118
49 24
224 56
250 135
238 68
166 101
204 65
118 92
205 121
279 2
138 50
199 111
258 11
267 46
219 78
258 227
300 24
289 204
226 103
145 112
294 76
252 195
295 271
185 125
287 134
239 136
143 110
157 8
275 32
290 71
245 27
247 117
140 73
299 66
260 136
238 213
220 143
250 194
220 154
266 169
269 236
114 92
213 28
293 10
28 6
133 74
194 137
242 53
287 97
186 59
247 224
241 5
197 169
149 48
96 24
272 52
257 133
211 161
296 5
284 130
222 176
97 9
168 17
73 14
284 41
227 127
74 46
282 97
266 83
149 48
250 43
131 31
210 168
290 209
275 132
270 59
171 114
264 173
285 133
164 83
229 174
179 11
146 123
186 83
284 189
186 71
129 15
270 26
253 154
77 23
159 28
104 16
288 239
126 2
179 28
207 87
163 103
213 21
248 64
252 35
230 112
204 64
191 43
229 158
270 5
259 35
239 28
174 56
160 15
294 219
260 172
200 137
205 163
292 47
235 140
291 217
106 42
96 58
244 124
202 37
179 125
204 51
245 198
208 189
221 14
229 169
289 176
239 85
44 8
292 74
156 104
229 89
274 73
53 37
256 63
259 209
212 75
202 87
284 27
256 131
240 34
297 109
256 234
130 72
295 9
122 93
280 2
222 129
89 26
98 14
299 159
283 22
130 111
141 46
258 218
297 8
237 84
162 99
272 63
231 60
266 195
12176 12040
12179 12029
18093 17831
25916 25647
18089 17857
14156 13972
12251 12104
284 265
14205 14041
14104 13936
12139 11976
14197 13997
18097 17840
18049 17844
244 229
14104 13942
12204 12064
12195 11963
18111 17878
14118 13913
12215 12079
18058 17862
12181 11958
12157 12006
14170 13986
12192 11974
18091 17828
18103 17875
14192 13995
12131 11963
14194 13984
14179 14002
14184 13907
14188 13939
12234 12049
18097 17901
14078 13923
12237 11975
12188 12017
14160 13929
27 15
83 72
108 98
94 86
103 95
44 41
124 117
237 227
237 229
250 242
232 227
214 210
270 266
14173 14021
18019 17829
14074 13926
18082 17892
14129 13981
18047 17858
14188 14042
18046 17863
14139 13996
12191 12068
14190 14047
18033 17852
14073 13932
25899 25646
25913 25661
14157 14020
25894 25645
18071 17899
18091 17922
12129 12016
14157 14026
18014 17849
14143 14015
259 84
12126 11974
14172 14047
17997 17848
