5100013117
194 78
186 71
156 6
199 12
122 11
131 13
191 67
163 23
169 24
181 63
139 27
179 54
189 39
150 43
166 36
164 47
169 42
176 44
95 12
93 15
112 23
57 12
86 21
20 5
121 32
88 31
77 31
42 19
66 30
164 75
168 78
175 82
141 67
107 51
20 10
195 98
163 6
26 14
100 54
141 77
175 96
97 55
116 68
141 83
169 101
122 75
143 88
78 49
59 38
178 115
166 112
120 86
148 108
90 67
158 125
164 134
148 124
199 169
156 134
172 148
103 90
148 130
91 80
84 75
183 164
40 37
114 106
145 137
101 97
190 183
131 130
137 73
5100000200 5100000078
169 197
70 70
128 128
164 170
149 155
58 62
150 164
143 160
150 169
80 91
57 74
28 37
138 192
84 117
84 117
125 180
95 146
126 196
13 21
110 180
53 87
84 138
68 121
103 194
67 127
67 130
66 129
68 136
33 72
38 85
60 143
71 170
71 188
43 117
49 141
43 132
56 187
36 148
22 94
42 185
20 100
21 148
18 185
13 145
15 179
12 182
6 171
4 181
