51012043
89 38
94 1
91 2
86 2
79 2
70 2
54 2
98 5
91 38
90 37
95 38
91 10
94 36
93 11
81 10
92 13
80 14
87 31
90 32
98 19
81 28
67 14
90 29
78 18
70 17
78 23
79 23
80 20
69 19
44 3
43 3
30 3
45 5
11 2
42 8
30 6
54 12
49 12
57 14
8 2
58 15
34 9
58 17
34 10
44 13
57 17
53 17
42 14
72 25
17 6
63 1
27 10
32 12
10 4
82 33
52 21
82 34
60 25
80 34
39 17
55 24
9 4
88 40
76 35
77 36
17 8
80 38
84 43
56 29
81 42
21 11
77 43
32 18
65 37
88 51
74 43
35 21
80 48
70 42
85 52
67 41
52 32
85 53
80 50
97 61
92 58
14 9
87 56
37 24
86 56
61 40
35 23
83 55
78 52
82 55
84 57
21 15
49 35
21 15
72 52
27 20
82 61
43 33
14 11
94 74
66 52
96 76
89 72
34 28
82 68
87 73
94 81
70 61
49 47
59 53
98 89
24 22
64 59
39 36
88 82
91 85
32 30
88 83
86 82
71 63
99 95
49 47
51 49
93 92
98 97
38 14
51000100 51000023
84 91
20 20
24 24
19 19
37 62
41 42
84 87
46 48
79 83
73 77
58 62
34 37
41 45
70 77
50 56
72 81
30 34
74 84
68 78
61 71
74 88
57 68
53 64
17 21
14 18
45 59
66 87
12 16
32 43
60 82
64 88
59 82
65 91
56 79
51 72
58 83
68 99
34 50
59 87
35 52
45 67
54 81
52 79
14 22
33 52
31 52
13 22
44 76
37 64
26 45
49 86
47 87
41 77
41 78
48 94
24 49
41 85
33 71
33 71
23 50
43 96
26 62
26 62
33 85
37 96
6 16
12 33
26 73
27 76
26 74
33 94
22 67
20 61
21 65
3 10
13 48
15 57
21 81
17 66
6 24
7 28
17 69
10 41
11 50
11 51
13 61
19 91
18 88
18 90
14 72
8 46
14 83
16 99
15 98
13 89
10 85
9 84
2 21
8 85
9 100
3 36
4 54
7 97
1 15
4 90
1 44
1 81
1 83
1 94
