9999784306
72 1
193 3
58 1
185 4
45 1
110 3
123 4
194 7
72 3
177 8
84 4
120 6
167 10
118 8
103 7
136 10
147 12
54 5
185 21
163 20
169 21
138 18
147 20
191 27
172 25
132 21
135 22
33 6
134 28
55 12
169 37
107 24
123 28
192 44
109 25
60 14
171 40
111 26
183 46
199 52
107 30
66 19
185 56
161 49
82 26
148 47
187 60
84 27
191 63
160 54
193 69
113 41
132 49
184 69
158 60
90 36
156 63
89 36
179 73
115 47
193 80
195 82
192 81
84 36
154 68
65 29
180 82
153 70
140 65
99 46
122 58
196 94
196 98
114 65
35 20
80 46
56 34
60 37
53 33
158 99
154 100
194 127
100 66
130 86
80 53
118 80
118 80
150 102
187 128
103 71
123 86
159 112
62 45
188 139
106 79
121 92
71 54
199 152
132 101
111 85
66 51
192 151
132 104
189 149
96 76
147 118
134 108
175 143
173 143
111 92
6 5
183 153
132 111
132 112
150 130
154 134
96 84
140 123
74 67
93 85
131 120
165 153
82 77
99 93
173 164
148 142
127 124
193 189
103 101
157 156
159 158
77 73
102 1
1019531446 1019531279
1009765824 1009765677
190 198
1002441600 1002441467
1312500198 1312500032
1312500200 1312500036
1312500200 1312500038
1001220900 1001220784
1019531447 1019531394
1009765825 1009765784
107 107
154 154
98 151
126 127
168 171
132 136
186 192
179 185
50 52
185 193
145 152
184 194
168 178
169 180
184 196
156 169
141 156
46 51
122 138
106 120
103 117
165 188
164 187
169 194
127 147
164 191
148 173
65 76
118 138
150 176
114 134
62 73
135 160
145 172
16 19
63 75
154 185
116 141
123 156
143 182
117 149
150 193
68 88
91 120
73 99
132 180
83 115
60 84
17 24
129 183
54 77
17 25
86 131
102 159
107 173
110 179
91 155
101 194
55 107
60 119
55 110
95 191
90 182
72 148
69 142
52 108
13 28
51 110
19 41
65 146
56 128
49 116
79 189
39 95
21 55
34 90
60 161
70 190
66 185
52 153
52 154
55 163
36 115
43 138
58 195
7 24
41 141
34 118
55 195
44 158
40 145
52 191
48 179
32 121
26 112
25 108
24 112
38 191
14 72
26 137
23 138
24 155
29 190
21 151
24 190
19 160
10 88
11 115
8 90
15 181
10 127
11 163
9 144
6 103
4 126
2 155
2 168
