100028003
107946 107700
107925 107674
284 162
213 23
221 91
142 37
292 81
279 160
261 188
59093 58912
59083 58878
59106 58893
170 7
58978 58840
235 110
59109 58906
260 67
288 1
249 175
34577 34455
283 136
34645 34439
266 127
34555 34432
219 16
237 54
225 97
254 38
294 171
34579 34416
292 186
34551 34456
246 126
286 85
34712 34624
288 185
34681 34483
34644 34526
34530 34420
255 31
163 60
284 43
143 62
286 27
34528 34436
192 70
10947 10805
11062 10941
10879 10790
10911 10831
10971 10883
11016 10787
11035 10941
11035 10897
11042 10863
10970 10764
11014 10815
10990 10827
11011 10784
10955 10783
10919 10777
34651 34473
10965 10779
11731 11559
22406 22308
11799 11692
22439 22211
11723 11558
11686 11578
11790 11665
11734 11642
11621 11544
11758 11573
11811 11538
11787 11528
11775 11583
22490 22337
13210 13124
13311 13141
13171 13064
13314 13155
22374 22287
13296 13216
13194 13097
13315 13181
13179 13065
13234 13081
13339 13218
13328 13130
13319 13215
22455 22291
22503 22264
13267 13185
13313 13207
16396 16229
16366 16175
16348 16235
16245 16143
16291 16172
16359 16132
16315 16104
23 5
16 4
117 47
84 44
179 120
259 206
181 144
71 59
246 205
226 200
163 146
300 269
142 135
243 236
11641 11569
13253 13190
11008 10959
13205 13147
11779 11728
16194 16133
13131 13084
22386 22316
22331 22262
16362 16314
22337 22272
13285 13247
59052 58945
107862 107674
34689 34630
107840 107660
107907 107731
59048 58953
107902 107732
22450 22415
11601 11583
16347 16323
107882 107727
59075 58996
22417 22389
107927 107799
107941 107813
205561 205318
107955 107831
1572698 1572510
791404 791308
107866 107755
205547 205337
205563 205354
1572701 1572503
107874 107768
400720 400667
205539 205345
791464 791352
58884 58835
107859 107770
400871 400814
107746 107660
205482 205331
1572766 1572512
205583 205436
791520 791386
791538 791400
1572795 1572505
107917 107852
205569 205448
400781 400700
400899 400670
205589 205486
205531 205430
205559 205515
400915 400727
107769 107721
791506 791326
400874 400714
400798 400652
400895 400751
400823 400686
205490 205420
205491 205441
205573 205516
791513 791297
791537 791325
205574 205519
791479 791271
791526 791320
791355 791267
1572711 1572543
1572800 1572639
3135136 3135026
791447 791371
3135229 3135106
1572792 1572668
1572736 1572614
1572644 1572532
1572732 1572622
3135284 3135157
3135278 3135145
3135238 3135045
1572682 1572586
3135223 3135090
1572658 1572584
3135245 3135136
1572703 1572516
223 202
34621 34587
16330 16315
34681 34653
34711 34686
16256 16245
22243 22228
58974 58938
22356 22343
59038 59010
59076 59051
22452 22445
205347 205313
400891 400850
400792 400754
400852 400827
791358 791309
400838 400816
400667 400646
400711 400691
400818 400799
1572617 1572547
1572787 1572732
1572638 1572587
3135163 3135066
791534 791510
1572704 1572658
3135291 3135204
1572595 1572556
58913 58847
6260180 6260006
3135132 3135019
3135131 3135060
6260242 6260103
791530 791516
13058 13066
