1038245
206 68
253 117
188 28
224 14
137 4
56 15
133 8
278 65
620 497
726 545
767 621
183 57
183 33
255 104
772 596
154 50
1273 982
736 585
235 159
236 66
244 41
119 21
728 587
278 116
745 572
250 4
697 510
463 322
298 221
120 78
136 20
121 45
410 310
166 98
73 31
195 140
66 9
432 341
337 256
276 214
299 150
205 71
433 311
131 57
185 34
227 1
161 56
500 322
291 15
82 43
281 181
544 405
467 332
215 64
274 148
521 280
164 4
469 274
276 223
402 325
233 10
277 149
96 9
278 132
191 106
376 206
276 94
355 240
213 132
416 325
283 157
302 161
270 202
293 205
393 305
102 74
259 139
242 167
266 181
209 129
399 157
206 59
351 138
182 7
332 137
225 44
209 165
264 88
65 46
366 153
270 164
254 151
324 157
167 131
177 88
47 2
243 143
359 149
191 121
56 17
355 167
279 44
106 80
295 158
231 146
293 194
262 49
354 172
224 140
282 169
139 97
98 49
194 83
261 186
165 99
191 65
292 226
135 106
188 133
84 64
251 152
300 168
274 130
288 115
258 62
332 67
297 99
167 108
243 118
266 78
327 79
214 100
274 131
193 137
243 159
248 101
290 191
243 168
188 94
290 60
245 104
284 190
208 126
243 96
206 50
231 181
286 30
204 38
295 219
249 51
241 139
295 211
290 204
310 159
160 32
290 102
277 148
70 49
261 98
217 34
235 157
270 23
286 37
224 175
236 147
125 73
254 69
149 54
77 52
294 226
202 128
770 624
44 29
219 34
141 48
171 66
249 195
315 198
302 90
304 223
200 93
38 29
134 70
273 173
202 81
281 21
294 84
291 114
241 151
230 127
42 33
192 68
86 11
296 134
158 118
271 188
184 90
8037 7973
298 258
293 268
293 258
269 238
579 553
619 545
788 644
682 603
647 530
786 694
1078 1015
1202 1136
715 690
1179 1099
1269 1142
782 701
1256 1213
1126 1031
1191 1123
676 649
294 269
621 505
1215 1141
202 176
615 553
1180 998
1215 1108
1242 1168
701 645
1119 1050
753 697
1165 991
498 453
1252 1017
218 191
155 141
183 152
531 453
314 293
1157 1056
93 78
323 270
1229 1151
508 413
336 325
2247 2142
442 363
2214 2038
2220 2136
2236 2052
2201 1986
2209 1974
331 317
247 211
314 264
253 210
275 260
2203 2029
2184 2107
2230 2070
260 227
4170 3998
403 360
4187 3947
260 249
4154 3940
313 256
139 115
328 307
243 235
209 180
4122 3989
326 265
314 261
353 315
298 259
232 222
231 209
104 95
207 188
279 230
1196 1184
7941 7855
2111 2067
8063 7859
443 432
2060 1997
4181 4060
4025 3917
4115 4011
4031 3926
4107 4006
2147 2090
2139 2088
448 438
2123 2069
259 252
4160 4039
4200 4103
4091 3983
1192 1157
8112 7953
8019 7893
8054 7949
8081 7920
7958 7833
7948 7841
8004 7856
4193 4106
7961 7825
1201 1178
4006 3947
3988 3915
2127 2089
1023 1003
1134 1111
4158 4099
1053 1037
15911 15705
8030 7913
8103 8041
15821 15666
2060 2036
2053 2037
15804 15667
31542 31321
31488 31275
15773 15630
15751 15640
15897 15732
4074 4031
8049 7952
8071 7991
7953 7881
4040 4003
15914 15776
7 3
46 42
128 123
246 241
243 239
190 187
128 126
408 403
743 734
283 280
1010 1000
251 249
31537 31324
2189 2175
15772 15672
31524 31329
4162 4137
15732 15638
7997 7953
31462 31292
31428 31259
4150 4129
2002 1992
15832 15753
31472 31316
603 597
31418 31266
4196 4176
15817 15747
62789 62513
31516 31387
15848 15784
659 518
62785 62529
62754 62504
8041 8011
