100015052
202 82
210 35
283 50
284 19
126 2
13282 13069
13322 13092
162 57
169 3
13310 13064
11806 11547
228 85
11047 10794
227 58
251 142
10998 10814
248 152
146 37
136 47
58956 58842
59122 59000
22334 22208
22415 22296
59016 58845
34622 34462
34534 34419
59039 58900
10924 10808
34563 34431
13203 13066
13268 13080
16374 16154
107899 107784
107824 107675
16343 16159
107931 107722
16387 16214
107875 107762
16319 16106
11751 11634
205474 205319
11790 11607
63 16
96 43
128 59
120 96
271 220
297 258
222 196
150 137
221 209
10968 10860
10968 10868
11787 11680
11023 10923
10959 10865
10983 10890
16393 16290
10853 10785
16231 16141
10953 10899
13127 13066
13149 13092
16176 16107
22352 22273
22412 22338
34600 34502
34676 34583
16179 16142
22399 22357
22417 22375
16396 16367
16247 16221
11056 11039
16262 16239
13164 13147
10975 10961
22394 22366
34692 34649
58920 58847
59037 58976
58964 58904
107814 107705
58906 58853
34702 34672
107914 107823
107953 107865
34685 34660
58992 58953
59079 59042
107821 107755
205610 205490
400924 400707
22368 22356
205548 205438
13211 13204
107795 107744
205577 205482
1572748 1572580
197 113
107713 107664
205421 205337
400908 400865
107818 107776
791530 791259
791435 791334
400753 400631
791495 791266
791542 791326
400823 400770
791497 791284
791490 791281
205442 205388
791477 791286
400847 400758
400835 400752
400734 400663
205465 205431
1572614 1572546
3135152 3135046
6260264 6260072
3135141 3135053
3135101 3135017
12510296 12510010
12510252 12510002
3135264 3135170
1572748 1572621
791370 791310
1572782 1572672
1572766 1572660
3135244 3135092
1572688 1572612
3135294 3135198
22501 22492
59116 59098
58856 58840
34619 34613
13108 13106
107855 107843
791509 791474
1572650 1572598
791401 791378
1572726 1572696
400850 400843
3135239 3135185
791359 791346
59122 59095
3135221 3135170
12510245 12510042
1572531 1572523
400649 400650
107847 107856
58923 58930
