100017886
400766 400661
400748 400631
400791 400682
400784 400672
400745 400649
400823 400713
400822 400675
163 53
791420 791267
194 45
1572691 1572528
791434 791267
177 20
400807 400667
400795 400696
189 52
136 58
791384 791257
400752 400649
400819 400702
1572692 1572503
400769 400640
1572678 1572519
791447 791259
400760 400645
400775 400655
400793 400676
400822 400662
1572696 1572539
400753 400638
400813 400666
195 15
400806 400675
400750 400653
400801 400658
190 77
400765 400671
791445 791290
400800 400700
400779 400665
109 14
205504 205331
115 15
131 57
791439 791311
1572677 1572515
184 9
205441 205323
205430 205335
205506 205315
205425 205329
205512 205373
205463 205359
205497 205328
196 82
104 9
205469 205344
183 57
205496 205336
205477 205368
151 53
205506 205327
205480 205352
128 39
179 104
205464 205320
791406 791256
205502 205348
791438 791261
205495 205376
205452 205321
48 2
56 14
99 28
75 27
49 18
60 23
138 69
127 64
73 42
72 43
68 41
126 78
182 114
89 56
173 113
181 119
113 85
141 108
55 43
96 76
183 145
140 112
94 77
168 138
152 125
141 116
105 91
176 154
92 81
168 150
147 135
50 46
153 141
98 93
145 138
96 92
57 55
58 56
90 87
72 70
107 106
205503 205419
205398 205320
205407 205329
205452 205381
205414 205345
205429 205365
205415 205354
205472 205411
205505 205445
205494 205441
205499 205446
205441 205389
205411 205360
205510 205460
205377 205330
205399 205355
205444 205400
400766 400682
205392 205349
205408 205367
400785 400706
400800 400721
205387 205348
400798 400723
205425 205387
205489 205451
400823 400751
400719 400648
205405 205369
205437 205401
205502 205466
400732 400662
205349 205315
400743 400681
205352 205321
400730 400672
791369 791256
791367 791257
400721 400666
400784 400731
400797 400744
400803 400750
791378 791274
205501 205474
791404 791301
205462 205436
791382 791282
791366 791269
400809 400761
791358 791265
400744 400697
791375 791283
791442 791350
791428 791338
791449 791361
791377 791290
400724 400682
400802 400760
791384 791306
1572682 1572536
400772 400670
1572684 1572533
791435 791360
791348 791274
400759 400722
1572682 1572540
400698 400662
791407 791336
791361 791291
1572694 1572555
1572689 1572551
400793 400758
791445 791376
791424 791356
791363 791296
791371 791304
1572647 1572514
1572671 1572539
400748 400715
1572657 1572533
1572625 1572502
1572641 1572519
791425 791364
1572633 1572512
1572667 1572546
400694 400664
791340 791283
1572619 1572506
1572622 1572509
1572686 1572573
791426 791348
791333 791258
791362 791308
791422 791371
1572622 1572524
791413 791365
791375 791331
3135197 3135036
1572619 1572539
1572655 1572578
3135158 3135008
143 143
