9937523640
256 13
136 7
255 15
116 11
85 9
282 31
75 9
288 35
279 35
45 6
261 44
240 43
56 2
213 42
131 27
137 29
139 30
271 61
289 66
180 42
256 60
266 71
183 49
208 60
83 25
282 85
87 27
289 91
222 70
294 94
226 74
170 56
178 61
55 22
259 106
178 73
85 35
247 102
138 57
260 110
290 124
244 105
213 98
165 76
218 102
209 99
240 114
181 87
221 117
116 62
249 138
219 135
183 118
284 188
288 193
196 132
199 139
224 158
213 160
151 115
166 127
271 208
228 180
139 110
198 158
240 196
259 212
299 245
233 191
251 209
156 133
24 21
284 250
264 239
265 240
260 236
300 285
236 225
91 88
172 165
72 70
105 103
283 54
1625000300 1625000038
279 296
3500000300 3500000045
3500000299 3500000154
1312500298 1312500266
195 195
223 236
241 245
226 230
101 103
48 52
25 28
247 283
216 258
77 92
175 219
55 69
235 296
168 213
185 259
120 169
193 275
161 241
155 237
121 190
52 83
153 256
59 104
54 102
121 229
121 236
78 156
55 110
123 258
91 197
58 126
91 204
117 267
67 160
80 199
92 232
81 216
68 182
66 189
49 144
74 237
70 241
69 262
42 166
72 287
63 255
4 19
11 76
1 7
14 105
28 222
31 259
19 187
11 197
10 180
3 268
