1027625
300 246
180 93
243 210
274 137
149 17
224 136
182 77
258 68
173 33
174 56
167 140
144 115
280 81
254 180
240 195
260 173
202 136
174 33
225 181
64 45
171 6
260 132
255 207
249 216
293 97
251 180
294 119
264 227
164 50
221 74
269 84
215 72
106 70
79 8
175 85
278 212
109 52
165 20
293 151
274 94
265 166
296 78
271 22
55 26
210 89
99 76
231 15
50 8
205 16
219 110
201 28
182 140
102 39
179 61
189 94
253 145
75 55
269 225
212 32
207 4
45 18
157 82
211 53
287 167
248 143
296 5
45 11
137 39
96 68
270 236
156 90
289 198
141 105
181 12
209 140
170 126
235 19
193 118
266 88
291 176
282 172
155 124
243 30
261 132
137 80
241 35
241 23
243 157
132 22
252 165
297 257
235 90
255 118
183 27
242 15
216 112
254 85
174 128
281 160
299 169
160 58
278 73
276 97
294 259
208 150
233 109
235 109
288 97
234 91
203 9
206 139
177 21
243 178
163 62
96 25
264 137
261 230
69 46
207 1
274 56
50 6
164 128
291 262
128 101
271 20
258 36
137 50
121 96
168 64
202 89
275 109
154 64
190 54
251 46
192 140
223 144
163 89
140 44
186 165
276 159
248 162
282 253
252 9
59 1
186 106
279 130
227 197
286 40
262 188
261 99
261 235
14187 13962
14194 14011
14143 13914
14181 13959
12098 11975
25923 25685
12161 12040
18080 17904
18088 17900
25864 25640
18056 17877
12152 12038
12228 12102
14206 14062
12111 11983
18085 17913
18051 17864
12233 11978
12251 12017
12250 12019
12237 12028
12190 11961
14147 13912
12227 12018
18029 17844
14196 14065
14130 13997
14135 13949
14205 14037
12162 12022
12118 11988
12184 12047
25917 25631
12161 11995
12145 11966
18062 17836
12177 12029
18062 17847
18104 17908
18091 17844
18106 17891
12118 11967
18093 17879
12176 12024
18061 17870
14110 13952
39 23
50 36
42 34
51 42
25 21
144 126
163 144
91 81
173 155
132 123
146 137
257 243
152 144
135 128
267 254
291 278
136 130
275 267
222 216
108 107
14158 14032
14068 13950
14155 14037
14166 14052
14144 14033
17985 17844
14071 13961
25877 25675
12048 11954
25878 25677
18014 17876
14054 13947
18074 17937
14170 14067
18025 17895
213 110
25812 25626
17997 17871
206 205
46 46
