1033514
166 1
265 2
124 1
104 1
203 2
256 3
234 4
275 5
87 2
272 8
240 8
228 8
244 10
141 6
275 12
157 7
218 10
287 14
221 11
109 6
217 13
287 22
97 8
48 4
130 11
189 17
272 25
144 16
226 26
195 23
216 27
288 36
228 29
298 38
279 36
129 17
249 34
87 12
220 31
154 22
243 35
220 32
34 5
293 44
217 33
162 26
174 28
255 43
235 40
114 20
227 40
198 35
247 44
70 13
278 52
217 41
247 47
21 4
243 47
292 57
292 60
266 56
299 63
121 26
241 54
227 51
71 16
259 59
232 53
163 38
254 61
258 63
274 67
106 26
296 73
255 63
245 61
116 29
142 36
114 30
152 40
105 29
134 38
224 65
166 49
220 65
206 61
241 72
155 48
92 29
253 80
217 69
245 79
182 59
58 19
212 70
152 51
74 25
153 52
143 49
140 48
230 79
289 103
265 96
287 104
33 12
126 46
248 92
118 44
300 112
234 88
215 81
249 94
232 88
263 100
207 79
180 70
254 99
103 41
89 36
115 48
288 122
284 122
253 109
282 125
293 130
189 84
213 95
192 86
241 109
269 122
244 112
236 110
270 126
277 130
117 56
58 28
178 86
91 44
245 119
96 47
263 129
168 83
174 87
271 137
222 113
37 19
66 34
297 154
201 105
197 103
222 117
290 153
230 122
293 157
197 106
113 61
194 105
69 38
262 146
23 13
35 20
54 31
198 114
180 104
289 167
270 157
182 106
166 97
87 52
117 70
242 145
282 170
284 172
98 60
120 74
228 141
142 89
177 111
268 170
227 144
199 127
36 23
212 137
177 115
83 54
261 171
258 170
207 138
210 140
160 107
49 33
170 115
272 184
235 159
181 123
227 157
290 201
297 208
265 189
211 151
148 106
170 122
142 102
246 177
164 118
132 95
238 172
260 188
160 116
91 66
71 52
221 162
180 132
137 101
108 80
204 152
131 98
159 119
24 18
277 209
238 180
249 190
161 123
103 79
232 178
221 170
253 197
179 143
297 238
91 73
239 192
259 209
262 212
237 192
159 129
288 235
208 171
143 118
244 202
205 170
170 141
223 185
277 230
119 99
219 183
253 212
156 132
145 123
139 118
202 173
169 145
219 188
125 108
287 248
193 167
61 53
265 231
253 221
289 253
232 204
152 135
259 231
67 60
299 268
130 118
208 189
214 198
155 144
216 201
294 275
197 185
214 201
54 51
285 270
84 80
193 184
244 235
83 81
31629 31377
31591 31367
31577 31354
31598 31384
31572 31366
31599 31401
31575 31378
31600 31409
31598 31425
31639 31470
31521 31361
31640 31482
31599 31449
31534 31386
31591 31444
31557 31412
62897 62622
31524 31388
31643 31507
31588 31453
62896 62636
31495 31351
177 168
31646 31518
31532 31405
31614 31490
31503 31381
283 173
31618 31484
31596 31468
31618 31496
