100009374
100 4
155 8
133 7
169 16
188 20
226 26
45 6
81 13
214 46
82 24
124 41
221 76
200 71
72 27
93 35
78 31
45 18
263 120
250 117
289 143
280 140
251 130
249 140
259 161
152 100
93 62
50 35
183 131
239 173
56 48
296 267
122 113
65 61
263 250
292 278
291 279
196572 196325
196572 196352
196601 196386
196592 196392
196589 196429
196583 196433
196515 196369
196515 196373
196496 196360
196541 196409
144 2
196426 196318
391858 391647
196490 196385
391829 391627
391869 391671
196464 196369
196433 196340
196518 196434
196517 196435
391891 391738
391920 391772
391780 391636
391854 391715
391764 391628
391832 391696
196516 196448
391858 391732
196558 196495
782495 782257
196403 196344
391779 391667
782507 782288
391822 391715
782492 782302
782504 782319
782501 782317
391855 391765
782479 782303
391806 391718
391765 391686
782549 782424
1563771 1563526
391896 391835
196364 196334
1563730 1563502
196530 196502
782539 782431
782426 782321
782468 782363
1563796 1563595
782481 782382
782507 782408
1563768 1563577
196508 196485
391810 391765
391914 391870
782489 782402
1563753 1563582
782525 782442
1563730 1563566
391911 391871
1563705 1563548
391736 391699
391772 391735
1563751 1563604
782360 782289
1563677 1563539
196604 196587
1563655 1563522
196591 196465
1563773 1563642
1563742 1563617
782430 782369
1563652 1563540
782463 782413
1563645 1563554
1563619 1563530
1563700 1563612
1563597 1563512
782385 782347
782426 782389
391911 391878
3126281 3126044
1563700 1563627
1563560 1563516
1563685 1563618
782429 782396
782479 782448
1563573 1563522
782319 782295
782509 782512
1563774 1563736
1563626 1563594
782402 782387
1563688 1563659
196529 196526
196362 196360
196435 196433
782334 782333
391743 391744
391888 391892
782394 782403
782266 782302
391847 391852
196433 196436
391821 391827
782372 782393
196522 196529
196472 196479
391700 391714
782344 782374
391788 391804
196552 196561
391794 391812
196580 196603
391785 391852
391688 391707
782430 782470
782352 782394
391682 391706
782422 782472
391626 391652
782454 782510
782393 782450
782439 782503
391719 391759
782403 782484
391680 391721
196381 196403
391781 391828
196507 196531
196373 196401
196341 196369
196569 196599
391719 391784
391849 391915
196469 196504
196443 196479
391711 391783
391758 391831
196562 196606
391731 391819
391822 391913
196446 196493
391648 391745
391793 391891
196493 196546
391793 391902
196551 196606
391752 391867
391765 391885
196386 196448
391768 391895
391755 391884
196500 196568
391718 391858
391781 391924
196416 196491
391672 391822
196413 196494
196510 196595
196502 196599
196466 196565
196506 196609
196450 196564
196351 196486
196405 196565
196386 196549
103 105
144 157
135 148
143 172
