1013061
175 42
293 4
140 3
242 6
153 8
135 8
279 17
272 17
157 10
250 16
185 14
182 15
281 24
207 18
199 18
224 21
260 25
201 20
227 25
263 30
67 8
162 20
227 31
292 42
295 51
261 48
257 48
133 27
135 29
79 18
196 45
117 27
274 66
129 33
222 58
26 7
144 40
200 56
209 60
199 58
99 30
165 51
202 63
255 80
264 89
254 86
141 48
219 82
144 54
234 90
58 23
292 119
226 93
261 108
200 86
256 111
185 82
198 88
119 53
207 96
163 76
157 74
239 113
272 131
136 68
286 143
246 125
57 29
265 144
139 76
299 173
115 68
208 123
271 162
50 30
80 49
202 125
237 151
248 160
251 165
180 123
246 173
265 188
113 82
288 210
205 150
82 61
232 173
294 225
182 140
141 112
269 215
223 189
293 249
294 250
240 205
224 194
68 59
227 198
243 212
119 104
191 168
108 97
199 179
124 112
276 255
264 250
280 266
278 265
183 175
46 44
86 83
140 136
79 77
299 293
126 124
162778 162521
237 2
225281 225012
600284 600031
229 230
176 177
103 104
206 208
196 203
199 207
211 220
205 217
