100004062
79 2
100 3
96 4
44 3
53 4
97 9
92 9
90 9
29 3
96 10
47 5
56 7
77 10
59 8
60 9
50 9
97 19
94 20
43 10
95 23
78 19
88 22
78 20
74 19
68 19
75 21
73 21
52 16
81 27
51 18
73 26
74 27
83 31
24 9
72 28
95 37
68 27
60 24
97 39
49 20
80 33
57 24
26 11
92 39
75 32
97 43
97 46
88 42
34 17
32 16
96 48
78 40
35 18
52 27
40 21
38 20
37 20
90 49
90 50
62 35
93 57
93 63
86 61
99 71
50 36
99 72
33 24
59 43
83 62
52 39
68 51
29 22
54 41
48 37
73 57
69 54
95 75
87 70
36 29
57 46
68 55
72 60
98 82
44 37
57 48
34 29
69 59
91 78
75 66
78 69
57 51
94 85
99 90
37 34
59 55
30 28
40 38
100 96
79 76
98 95
43 42
82 81
93 92
10390725 10390634
10195403 10195314
10195411 10195324
10390711 10390634
10024513 10024439
87 2
10048926 10048853
16250100 16250008
93 97
22500092 22500017
68 68
68 68
33 33
38 38
79 81
50 52
75 79
73 77
73 79
21 23
31 34
75 85
49 56
76 89
69 81
