5001009672
98 41
85 28
75 5
98 30
85 24
95 9
81 21
79 19
82 13
97 16
78 13
94 22
97 20
84 39
52 2
99 43
53 5
51 5
83 33
71 28
73 17
58 15
89 35
73 20
87 31
72 21
86 30
46 4
48 7
24 4
26 7
53 15
51 15
57 18
54 19
46 17
34 13
65 26
22 9
40 17
64 28
38 17
73 34
45 21
36 17
57 27
71 35
83 42
91 49
61 33
59 32
45 25
73 41
89 50
71 40
94 53
70 41
86 51
86 51
60 36
15 9
91 55
38 23
33 20
27 1
87 55
64 41
53 34
25 17
63 43
64 44
61 42
96 67
51 36
94 69
42 32
38 29
17 13
40 31
70 55
54 43
82 66
78 65
73 61
44 37
76 64
41 36
46 41
19 17
51 46
86 81
86 82
79 76
29 28
59 57
35 34
45 44
51 50
70 44
68 67
84 93
5001000100 5001000040
55 55
71 71
23 37
54 56
71 74
56 59
42 46
30 33
79 88
84 94
65 73
83 96
38 44
44 51
64 75
51 60
39 46
35 42
73 88
66 80
61 78
46 59
72 93
34 46
22 30
31 44
20 29
15 22
20 30
60 91
57 89
54 86
32 51
38 61
23 37
22 36
43 75
56 98
56 98
26 46
24 43
50 92
40 74
41 76
49 91
47 91
36 72
23 46
49 99
33 68
28 58
13 27
40 85
41 88
46 100
27 60
44 99
27 61
24 55
42 99
28 68
29 71
29 74
24 62
13 36
16 46
26 77
20 61
13 46
18 64
21 75
27 99
25 94
18 69
16 63
12 48
13 53
10 42
23 97
4 17
11 52
10 50
16 80
10 51
12 91
8 62
11 98
8 73
6 63
3 35
6 73
4 52
7 93
7 98
6 87
3 57
3 89
2 65
1 58
