1015997
115 16
181 45
155 32
185 96
96 16
113 43
136 55
33 12
171 45
52 4
147 2
132 5
106 5
93 41
71 34
122 16
22 8
153 38
88 27
125 32
168 4
173 91
167 65
188 76
109 14
168 15
158 21
92 15
162 41
199 48
136 69
130 64
193 31
96 13
132 63
58 23
45 10
62 3
151 67
146 6
176 19
184 7
188 88
114 30
173 12
49 2
55 18
45 3
139 74
25 10
159 54
188 42
122 26
86 38
77 9
52 26
73 29
54 1
191 11
197 35
63 13
198 83
189 29
176 4
113 42
138 24
99 27
89 3
198 84
91 16
58 7
127 1
156 52
17983 17821
14051 13925
12044 11965
12093 11978
191 156
17989 17864
12129 11959
12070 11959
17976 17855
148 118
149 110
79 43
14027 13914
14083 13952
12065 11971
14028 13908
184 142
12105 12008
12153 11986
12102 12009
12075 11984
14088 13946
190 124
14064 13932
153 84
12090 11981
187 159
174 137
187 125
12147 12025
166 136
173 107
126 77
170 124
81 44
135 85
101 67
132 106
12142 12002
193 111
187 113
133 102
14069 13956
186 114
12141 12003
12113 11958
150 102
93 56
110 69
136 75
116 63
107 67
187 146
157 86
12063 11959
160 121
12124 11996
14046 13926
132 92
152 104
14106 13989
17970 17840
148 107
14063 13935
18002 17866
192 119
114 85
17987 17815
135 77
124 69
125 80
17963 17853
14053 13968
25793 25631
25788 25640
14065 13979
25784 25642
11 7
59 39
113 89
81 64
68 56
128 106
53 45
74 63
169 145
122 105
187 162
114 101
101 90
176 158
188 169
134 121
31 29
31 29
63 59
111 104
48 45
34 32
187 176
143 135
90 85
118 113
85 82
200 193
12077 12005
12144 12073
17982 17883
12022 11956
14013 13937
17955 17859
12068 12004
17976 17881
25801 25669
12056 11996
12107 12047
12013 11955
17901 17815
13973 13908
18006 17924
12137 12080
17967 17888
25797 25685
199 31
41444 41262
25760 25636
41442 41264
14011 13951
25759 25657
