9999991278
287 2
250 26
288 33
224 26
158 19
232 30
141 20
220 33
189 35
279 52
248 50
54 11
237 54
275 66
122 32
91 24
151 42
278 78
266 77
272 80
203 62
262 81
24 8
256 89
52 8
147 52
240 92
222 89
169 68
241 97
262 118
189 88
236 111
156 77
207 108
203 108
294 166
255 145
236 135
168 111
240 172
238 190
169 136
211 173
67 55
297 256
266 239
166 151
117 107
223 213
174 167
257 247
3441672 3441418
2220881 2220730
2220962 2220837
2220977 2220862
285 100
3441660 3441505
5883085 5882863
3441592 3441465
3441644 3441520
10765827 10765644
5882950 5882887
20531492 20531314
10765720 10765634
5882969 5882926
20531414 20531299
5882986 5882957
20531510 20531413
40062748 40062657
20531493 20531471
157250224 157250056
79125092 79125018
313500259 313500001
79125098 79125035
5883061 5883058
313500283 313500202
40062606 40062598
626000243 626000135
626000185 626000084
1251000247 1251000055
1251000299 1251000109
157250185 157250166
626000279 626000204
313500242 313500213
626000166 626000117
3441685 3441508
1251000185 1251000291
313500088 313500236
626000263 626000277
79125106 79125116
157250140 157250189
40062677 40062690
157250086 157250159
79125027 79125065
157250104 157250183
40062704 40062739
3441520 3441524
10765718 10765731
79125035 79125133
40062618 40062669
199 282
79125080 79125193
5882945 5882958
10765728 10765754
79125011 79125250
40062520 40062651
20531394 20531471
10765799 10765843
3441611 3441634
20531260 20531418
20531296 20531463
10765819 10765921
5882823 5883025
2220764 2220864
261 269
221 229
63 66
243 264
47 53
233 263
134 164
204 263
182 243
54 73
14 19
128 180
115 162
188 265
29 156
95 139
128 191
150 225
186 282
117 180
76 117
75 120
130 210
165 292
155 285
74 137
110 204
142 272
56 122
116 269
126 294
37 89
56 136
48 120
93 241
79 216
90 248
39 116
62 188
76 255
55 209
68 292
30 147
60 296
51 258
50 268
31 175
24 153
24 272
8 138
6 118
11 235
9 225
3 294
1 234
