100034156
213 3
259 4
298 5
263 8
222 7
144 5
179 7
253 10
271 13
184 9
278 15
189 12
266 17
166 11
165 12
274 21
292 23
180 15
279 25
293 44
300 44
195608 195358
49117 48838
24705 24428
1562780 1562515
195563 195327
195609 195365
12505 12247
195562 195314
130 12
245 25
67 7
233 31
70 10
257 37
207 30
218 34
190 30
164 26
244 40
187 32
162 30
217 41
184 35
137 27
275 55
72 15
95 20
239 51
187 40
98 22
189 45
54 13
226 55
183 45
291 72
258 64
300 77
162 42
181 48
255 72
244 69
106 30
141 40
116 34
269 80
273 83
162 50
129 41
137 44
190 62
288 100
162 57
177 64
146 53
210 77
49 18
238 88
172 65
275 105
66 26
267 114
150 68
238 108
240 109
287 134
246 117
108 52
45 22
252 124
179 90
297 150
171 87
29 15
172 89
220 114
181 94
298 155
283 149
276 146
216 115
254 136
270 145
214 116
212 115
177 97
223 125
58 33
280 160
191 110
273 158
230 134
133 78
300 177
61 36
111 66
217 130
122 74
210 130
202 127
208 131
185 118
258 165
176 113
286 184
263 171
220 156
266 190
194 139
127 91
286 207
195 142
150 110
227 168
252 187
272 202
201 151
82 62
286 217
262 199
155 118
278 214
226 174
166 128
243 190
136 107
222 179
189 153
270 219
225 183
79 65
178 148
208 173
259 216
179 151
219 185
81 69
275 237
254 219
154 134
78 68
104 92
250 222
198 176
256 232
256 232
295 268
150 139
232 215
126 118
297 279
149 141
295 281
109 104
114 109
299 286
230 220
97 94
12469 12255
12490 12279
12466 12268
12449 12261
12397 12237
12362 12210
12364 12218
12355 12218
12453 12320
12441 12332
24691 24487
24685 24504
12297 12208
390798 390632
195484 195321
195572 195382
195519 195327
195595 195371
97912 97748
97904 97711
49118 48920
97860 97660
781481 781283
1562799 1562554
131 12
24602 24456
24624 24478
24580 24463
12463 12404
12405 12351
12299 12251
24550 24460
24499 24416
24544 24461
24636 24554
48980 48832
12437 12402
24494 24431
48956 48832
49070 48950
24621 24566
24620 24569
49040 48946
24531 24489
97889 97734
97952 97797
49037 48965
97885 97751
97868 97737
97937 97813
12335 12320
48975 48916
49000 48954
97773 97689
97948 97865
49126 49087
48942 48906
97775 97705
97930 97862
195567 195438
24458 24442
48869 48838
195557 195442
195533 195423
97879 97825
97865 97812
195443 195346
97920 97874
195504 195413
195411 195322
48905 48883
97741 97699
48908 48887
195584 195501
12493 12488
195593 195519
195391 195318
195579 195509
390920 390783
781499 781425
24594 24416
390791 390663
1562686 1562528
390887 390768
390796 390683
781536 781456
1562754 1562590
1562800 1562622
390862 390760
390823 390736
390713 390630
390742 390659
1562726 1562543
781496 781395
390760 390683
781438 781285
781438 781318
781510 781385
1562725 1562601
3125209 3125007
1562668 1562555
1562627 1562523
6250298 6250005
1562656 1562523
3125299 3125133
3125259 3125083
12293 12289
195414 195359
195524 195471
195384 195333
195504 195464
48923 48913
48995 48987
390868 390808
390732 390678
390709 390662
390893 390852
390677 390640
781425 781359
781495 781430
781536 781479
390820 390796
781387 781345
1562630 1562549
781378 781344
3125152 3125022
3125230 3125106
3125170 3125047
3125148 3125037
781361 781334
3125258 3125152
6250286 6250083
781524 781499
3125252 3125153
3125257 3125160
781489 781466
390924 390792
6250230 6250058
3125233 3125148
1562714 1562690
781523 781517
75 75
195435 195435
131 131
390833 390840
390880 390896
48976 48979
97745 97753
195556 195574
97931 97943
97917 97932
24542 24548
49111 49126
24486 24494
49104 49121
12478 12491
12468 12481
298 299
274 275
261 264
62 63
173 176
181 185
290 297
172 177
268 276
118 123
283 295
163 171
190 204
238 256
181 196
107 124
