100024091
232 217
112 12
224 28
145 21
259 39
257 45
191 36
74 14
251 49
105 22
164 39
197 47
171 43
242 63
258 70
122 34
105 32
94 29
284 95
242 85
152 54
269 97
234 96
286 129
273 137
96 51
205 113
268 152
143 83
281 172
227 141
40 25
253 167
175 128
143 106
233 181
298 232
282 222
97 77
101 83
210 174
251 212
176 151
266 232
223 199
266 242
256 233
213 198
284 271
230 228
205594 205340
205573 205344
205549 205347
205542 205345
205505 205313
205538 205353
205534 205364
205525 205373
205570 205419
205589 205440
205514 205369
205511 205369
400922 400649
205597 205460
205465 205333
205587 205461
205482 205357
400875 400636
400865 400632
400895 400667
205554 205439
205512 205398
205596 205482
205607 205493
400918 400700
205500 205392
205593 205485
400893 400684
205452 205348
400848 400653
400821 400628
205435 205339
205480 205385
400925 400742
205514 205427
400805 400638
400915 400750
400829 400667
400906 400757
205451 205375
400867 400725
400888 400746
400886 400746
205471 205402
400793 400659
205606 205540
400806 400680
205432 205368
205565 205501
400754 400632
400862 400740
791543 791304
791549 791310
791517 791283
205548 205488
205587 205527
400923 400807
400854 400739
400902 400787
791534 791307
205514 205456
791483 791263
400841 400731
205377 205321
791487 791272
400923 400815
205585 205530
791548 791340
791544 791349
791549 791355
205420 205370
205425 205376
791512 791327
205523 205475
205600 205553
400832 400741
400742 400652
400784 400694
791447 791271
791427 791253
791540 791369
400721 400637
791526 791367
400893 400816
400846 400770
791518 791368
400881 400806
205545 205507
791476 791331
400875 400802
791525 791383
791427 791297
1572749 1572505
1572789 1572553
791383 791266
1572774 1572542
791452 791336
1572798 1572574
791399 791288
1572729 1572510
1572743 1572524
114 3
1572750 1572537
400790 400738
791405 791304
791503 791402
791462 791362
1572772 1572588
791423 791331
1572714 1572533
791521 791430
791473 791383
1572700 1572528
791436 791350
1572768 1572599
791540 791458
1572696 1572534
1572717 1572555
1572768 1572606
791478 791397
1572673 1572516
1572712 1572555
1572681 1572525
791393 791316
1572669 1572525
1572737 1572521
1572665 1572526
3135275 3135009
1572760 1572632
1572682 1572555
1572788 1572664
1572770 1572648
3135276 3135059
3135263 3135020
3135224 3135025
3135290 3135094
218 222
