100015101
258 22
140 15
161 23
276 50
219 46
204 43
158 36
261 65
140 37
209 60
274 90
154 58
112 44
295 117
221 88
113 50
234 121
235 123
292 156
70 40
264 160
230 161
117 103
1012507 1012216
1097942 1097678
1049115 1048863
1097931 1097671
1049077 1048848
1024701 1024492
1097896 1097679
1195575 1195340
1024714 1024513
1049043 1048844
1024695 1024502
1012440 1012251
1390922 1390665
1024611 1024422
1012439 1012253
1097897 1097707
1049085 1048904
1012456 1012286
1049101 1048930
1012382 1012218
1012450 1012287
1049008 1048848
1048995 1048841
1097898 1097737
1097917 1097760
1049087 1048938
1012444 1012301
1024669 1024527
1097936 1097785
1048978 1048834
1195598 1195434
1012349 1012214
1097851 1097711
1024640 1024513
1390868 1390700
1048970 1048846
1049019 1048896
1390798 1390640
1195599 1195465
1195508 1195377
1024572 1024461
1012408 1012299
1097916 1097798
1097924 1097806
1195440 1195313
2562778 2562510
1195491 1195369
1195585 1195463
1781464 1781284
1781455 1781276
1195599 1195479
1097800 1097691
1097829 1097723
1781514 1781342
1390908 1390775
1048963 1048863
1390779 1390647
1024628 1024533
1390762 1390635
2562761 2562534
2562754 2562529
1781485 1781329
1097874 1097779
1390890 1390707
1024691 1024603
1390884 1390766
1048965 1048878
1049061 1048974
1390740 1390631
1097931 1097846
1024694 1024615
1390867 1390763
1781414 1781261
1024609 1024528
1097761 1097681
1049087 1049028
1195432 1195352
1049025 1048956
1024487 1024423
1012366 1012306
1048965 1048909
1012326 1012273
1012469 1012418
