5100007975
185 154
147 2
160 8
97 9
135 13
168 20
122 16
169 23
64 10
128 21
63 11
199 37
179 147
136 36
109 31
91 26
184 54
162 49
178 61
86 35
124 65
106 59
137 86
141 90
182 120
152 120
134 95
128 97
130 99
8 2
33 22
76 62
150 128
165 141
111 95
182 156
74 66
111 101
159 146
162 151
101 100
160 159
90 4
5100000200 5100000005
152 179
142 145
87 89
115 128
130 149
121 140
148 175
98 126
63 82
35 48
98 149
84 131
105 188
49 93
76 148
33 67
26 57
86 195
44 101
25 63
64 194
16 55
50 182
43 170
46 187
43 175
43 176
32 155
34 185
4 23
9 55
27 170
27 175
27 178
6 55
7 179
2 97
