100048756
80 54
121 21
216 135
67 46
265 49
271 60
227 177
221 31
264 169
207 159
218 116
192 24
231 89
228 130
156 46
227 178
254 183
148 34
270 215
267 224
211 91
236 70
241 73
144 88
65 20
218 32
188 42
288 3
280 90
293 113
239 167
199 158
291 144
85 67
288 90
204 98
22 7
217 127
265 190
110 53
235 137
238 50
244 141
292 129
278 176
70 48
217 6
276 129
269 213
131 10
268 97
260 136
145 65
276 108
250 207
160 72
236 181
288 13
206 48
210 135
66 52
232 18
178 111
181 46
98 8
297 230
179 31
221 158
289 19
134 8
299 225
267 105
126 48
294 191
230 26
84 63
191 62
264 119
250 170
199 57
285 123
151 38
220 40
260 218
254 176
297 163
164 125
248 190
283 203
174 29
232 68
229 135
144 11
272 8
283 65
223 188
283 217
65 25
31 22
49 4
172 116
200 32
239 134
89 28
100 32
57 41
292 18
140 31
262 130
187 72
210 1
71 31
236 144
299 35
263 18
129 73
179 47
117 91
177 87
274 106
238 137
267 193
269 106
267 84
288 99
221 165
251 82
213 54
38 11
287 224
111 67
106 71
249 119
126 71
269 54
149 39
145 22
60 6
164 137
185 57
289 38
287 63
277 182
119 36
126 60
248 202
196 162
216 48
271 124
180 109
215 157
297 92
267 52
169 48
212 160
84 70
192 162
85 41
289 232
127 49
239 154
191 21
148 13
126 26
109 37
296 150
46 8
196 15
258 146
139 59
283 80
176 37
293 138
140 93
261 173
264 74
259 10
232 170
128 4
57 46
277 85
171 30
59 15
239 131
280 105
140 32
234 148
291 228
250 58
240 83
198 18
95 80
82 28
248 83
49 14
210 98
233 106
239 33
293 229
82 14
229 127
291 95
33 23
90 55
163 106
245 171
175 20
242 125
211 96
264 204
34 26
149 36
147 65
257 70
152 37
284 99
192 99
292 161
294 222
276 207
259 109
220 119
300 141
171 62
296 12
250 202
286 193
170 66
144 1
78 50
232 78
158 34
97 13
239 99
187 117
237 178
196 55
254 36
119 44
61 5
132 78
150 35
205 29
161 25
205 123
200 13
101 6
263 17
299 165
129 64
145 120
240 39
189 72
265 86
273 216
270 22
111 55
232 191
127 15
63 39
254 196
266 80
97 80
279 20
257 119
168 100
273 165
119 85
80 11
281 165
291 86
268 163
214 7
257 180
238 19
123 43
290 204
265 29
275 76
226 23
273 204
1024708 1024494
1000999 1000773
1006355 1006123
1006389 1006142
1006351 1006149
1006388 1006120
1024664 1024441
1012373 1012217
1195605 1195430
1049033 1048837
1390902 1390687
1195594 1195397
1049033 1048861
1390914 1390693
1006298 1006147
1024655 1024463
1097891 1097697
1195536 1195322
1003233 1003082
1001003 1000816
1097877 1097684
1024606 1024431
1001025 1000851
1195582 1195398
1049056 1048903
1003265 1003096
1012408 1012250
1390919 1390728
1097951 1097750
1001821 1001667
1012504 1012350
1012384 1012235
1049104 1048925
1195594 1195314
1001012 1000813
1003345 1003106
1006311 1006106
1012483 1012215
1012477 1012271
1012442 1012248
1012458 1012222
1001816 1001580
1003288 1003059
1024686 1024461
1024706 1024447
1006377 1006171
1097903 1097672
1390923 1390660
1006362 1006111
1003350 1003127
1024694 1024488
1024698 1024455
221 187
274 232
229 194
73 62
68 59
99 86
24 21
290 254
267 234
147 129
251 221
87 77
247 219
153 138
225 204
284 258
152 139
169 155
100 92
216 199
175 162
164 152
124 115
259 241
190 177
244 229
258 243
172 163
228 217
271 258
147 140
67 64
248 241
266 260
284 278
242 237
249 244
257 253
196 193
246 243
84 83
180 178
209 207
1006333 1006185
1006393 1006245
1003218 1003071
1012377 1012230
1012434 1012287
1006319 1006175
1049113 1048964
1006300 1006158
1097846 1097692
1024613 1024470
1001689 1001553
1024667 1024529
1012481 1012348
1003336 1003206
1003315 1003187
1006325 1006198
230 18
1781547 1781331
14 7
1012401 1012275
1012492 1012366
1001771 1001647
1001655 1001533
1006280 1006158
1001807 1001687
1000988 1000869
1006294 1006180
1012507 1012394
1390840 1390693
2562772 2562505
1781538 1781355
1003279 1003177
1049012 1048907
1001028 1000929
1003254 1003128
1781487 1781258
1000969 1000835
1781548 1781379
1003345 1003253
1001772 1001681
1006182 1006119
288 288
