9999863016
99 1
91 2
84 5
73 5
52 4
81 7
81 8
29 3
25 3
39 5
54 7
66 9
85 12
81 13
73 12
64 11
79 14
97 18
57 11
85 18
28 6
94 21
96 22
84 22
51 14
39 11
50 15
37 12
79 26
99 33
84 28
70 24
97 34
89 32
8 3
97 37
100 5
97 39
67 28
95 40
82 35
31 14
53 26
89 44
83 44
88 50
78 46
77 46
82 50
57 35
21 13
40 25
100 65
74 52
65 48
98 73
12 9
78 60
96 77
66 53
90 73
96 80
13 11
77 66
17 15
65 58
65 58
28 25
41 37
31 28
50 46
34 32
17 16
99 95
92 89
62 60
34 33
92 90
96 95
29531344 29531254
29531347 29531258
29531345 29531274
29531341 29531276
29531331 29531267
49062599 49062501
29531311 29531258
49062600 49062512
49062596 49062509
49062596 49062514
49062595 49062516
49062591 49062519
29531348 29531305
49062577 49062509
49062597 49062529
29531348 29531308
29531305 29531266
29531348 29531313
29531295 29531262
88125098 88125007
29531289 29531259
49062575 49062526
88125098 88125018
49062569 49062526
88125097 88125021
88125086 88125011
29531339 29531314
88125095 88125022
88125095 88125023
29531290 29531266
49062574 49062535
88125096 88125030
29531279 29531257
88125098 88125034
49062550 49062515
49062558 49062523
29531323 29531302
29531333 29531312
29531343 29531322
49062570 49062536
29531326 29531306
49062548 49062515
49062567 49062535
29531289 29531270
86 34
29531278 29531253
49062578 49062547
29531279 29531261
29531321 29531303
49062592 49062563
88125056 88125005
88125088 88125039
49062574 49062548
88125082 88125036
166250097 166250013
88125094 88125051
49062557 49062534
88125049 88125008
88125081 88125041
88125088 88125048
49062568 49062546
49062581 49062559
88125093 88125055
166250093 166250026
49062587 49062568
88125090 88125056
166250092 166250029
88125067 88125034
166250099 166250037
49062545 49062527
49062592 49062575
166250094 166250038
49062543 49062527
166250097 166250047
88125088 88125032
88125064 88125037
49062546 49062533
88125084 88125073
166250100 166250059
49062594 49062582
166250095 166250059
29531295 29531289
29531329 29531323
166250100 166250078
88125075 88125060
29531284 29531279
166250096 166250068
49062581 49062574
29531316 29531312
88125080 88125070
88125060 88125051
29531334 29531331
29531338 29531335
166250100 166250084
166250098 166250085
29531272 29531270
29531335 29531333
166250097 166250088
16 16
29531332 29531332
54 54
49062541 49062541
4 4
166250090 166250091
49062586 49062587
49062548 49062550
88125062 88125078
49062596 49062600
49062576 49062580
49062526 49062530
49062575 49062581
49062532 49062538
49062524 49062530
88125069 88125080
29531343 29531347
29531308 29531313
29531297 29531302
29531317 29531334
88125081 88125098
88125050 88125067
29531309 29531315
88125073 88125091
88125065 88125083
29531317 29531324
88125051 88125074
49062537 49062550
49062578 49062592
49062584 49062599
88125062 88125089
88125069 88125097
49062539 49062555
49062528 49062544
88125068 88125097
49062556 49062575
49062532 49062551
29531319 29531331
49062577 49062597
49062532 49062552
88125052 88125088
49062531 49062552
29531332 29531348
49062570 49062597
49062568 49062595
19 23
29531296 29531313
29531303 29531321
49062532 49062562
29531306 29531326
29531273 29531293
49062537 49062572
29531325 29531347
29531316 29531338
49062555 49062599
49062532 49062576
29531282 29531311
49062548 49062598
49062527 49062578
29531316 29531348
49062540 49062598
49062531 49062592
29531277 29531318
29531289 29531331
29531283 29531325
29531280 29531327
29531288 29531337
29531273 29531331
29531290 29531349
29531279 29531342
29531274 29531339
29531273 29531349
29531265 29531348
65 69
62 66
70 75
53 57
76 83
41 46
32 36
70 80
18 21
70 82
68 82
77 93
58 86
58 71
63 79
57 73
73 95
59 81
42 58
57 79
44 61
50 71
58 84
49 73
55 82
63 97
46 72
54 86
39 67
54 93
56 99
10 19
38 73
42 84
47 99
20 43
44 97
29 68
33 78
28 71
24 65
33 90
32 89
25 71
30 86
33 97
29 87
25 77
22 68
30 96
12 42
15 53
25 92
22 82
26 100
19 90
13 62
18 87
10 53
17 98
11 64
15 89
10 60
14 88
9 60
10 74
10 76
4 33
5 47
2 19
1 10
5 50
6 71
6 73
4 50
4 92
1 75
