50159931
285 1
295 4
62 1
234 6
224 8
177 8
259 12
169 8
240 13
52 3
116 7
241 16
157 11
270 19
232 17
230 17
282 22
39 4
163 17
218 24
18 2
296 33
273 32
220 26
155 19
149 20
118 16
241 33
260 36
181 26
274 41
83 13
246 40
298 49
113 19
195 33
158 29
141 26
296 55
171 35
243 50
226 47
269 56
149 32
291 64
217 48
298 66
99 22
58 13
209 47
147 34
125 30
178 43
149 36
74 18
41 10
252 64
207 53
226 58
299 77
162 42
208 54
291 77
281 80
196 56
184 54
278 82
256 78
93 29
249 79
253 81
259 84
234 77
240 79
182 62
274 96
115 42
192 71
102 38
193 72
153 58
128 50
47 19
251 105
246 103
195 84
264 115
117 51
240 106
201 89
162 72
147 66
232 105
24 11
272 125
173 81
178 86
141 72
269 139
275 145
181 97
279 150
213 115
114 62
223 123
181 100
168 95
183 104
286 163
273 156
290 166
270 156
249 144
255 149
160 94
277 163
251 150
280 168
257 155
232 140
107 65
246 150
231 142
115 71
267 166
146 92
76 48
250 158
251 159
243 155
103 66
196 126
118 76
138 90
278 183
153 101
197 135
215 148
228 161
24 17
223 159
289 208
122 89
282 212
284 215
99 76
211 162
171 133
220 174
206 163
101 80
256 203
97 77
211 168
164 131
156 126
76 62
287 235
208 173
170 142
68 57
280 236
240 203
228 3
232 202
267 234
50 44
281 248
138 122
255 228
246 220
131 118
200 184
294 271
192 177
190 177
191 178
285 267
206 193
71 67
297 281
202 192
208 199
235 227
266 257
156 151
252 244
42 41
211 206
146 143
216 214
287 244
50100300 50100119
285 296
244 260
77 77
96 97
77 78
270 278
208 216
177 184
223 232
142 148
222 232
212 222
144 151
181 190
233 247
162 243
181 193
176 188
193 208
141 153
163 177
275 299
134 146
187 205
225 247
129 142
79 87
248 283
149 171
192 224
202 236
104 122
180 212
90 106
172 203
202 240
223 265
159 189
115 139
162 196
42 51
96 117
107 131
212 261
197 245
177 221
203 254
226 285
175 221
229 293
220 282
148 190
218 281
156 202
175 227
10 13
215 281
121 159
81 108
79 106
134 181
167 229
145 200
163 225
144 199
190 263
198 275
146 203
138 195
210 297
106 150
176 252
102 149
72 106
38 56
189 279
114 169
90 134
136 203
95 250
137 206
101 152
119 181
17 26
125 192
81 126
98 153
7 11
71 112
94 149
58 92
172 273
179 285
156 251
110 177
164 265
127 208
94 154
177 291
23 38
130 215
130 228
102 179
111 195
139 246
46 82
121 219
131 241
100 185
89 166
85 161
114 220
148 286
77 149
70 138
39 77
116 234
61 124
30 61
130 267
49 102
134 280
21 44
112 237
132 288
25 55
33 73
120 267
126 284
57 129
127 290
113 261
120 284
10 24
70 170
95 235
114 288
40 102
103 266
52 135
102 265
98 255
51 133
27 71
106 279
75 205
54 150
42 118
72 205
74 211
93 280
97 300
85 284
46 155
66 232
57 206
26 94
54 196
74 271
39 147
44 167
70 267
48 184
31 121
35 139
14 56
62 262
57 251
39 172
44 201
44 205
56 270
40 195
39 194
33 168
40 206
40 206
49 254
49 256
53 299
34 194
40 241
41 254
43 277
42 274
3 21
40 282
41 290
38 278
35 260
29 221
27 208
30 234
12 103
30 280
27 255
28 284
15 165
15 184
22 285
17 282
10 178
15 285
9 184
4 170
2 89
4 189
2 158
