9690614199
300 55
70 4
247 21
248 32
203 28
216 48
154 54
212 93
246 113
130 60
188 92
227 117
193 111
208 123
274 181
212 144
264 234
295 282
275 264
312600281 312600002
312600254 312600050
312600273 312600074
312600239 312600041
312600294 312600097
312600231 312600049
312600287 312600106
312600233 312600059
312600242 312600073
312600209 312600045
312600291 312600133
312600266 312600113
312600184 312600035
312600221 312600075
312600244 312600102
312600190 312600057
203 4
312600176 312600048
312600248 312600140
235 243
312600181 312600086
312600242 312600152
312600197 312600113
312600276 312600192
312600174 312600136
312600174 312600157
312600210 312600213
312600259 312600265
312600186 312600192
312600241 312600248
312600245 312600259
312600192 312600235
312600208 312600264
231 248
119 132
187 227
203 250
146 182
213 266
118 150
198 252
174 251
89 129
102 163
77 139
159 292
131 280
125 273
40 137
60 255
50 260
29 281
