100019328
154 1
172 2
134 4
155 8
119 9
171 18
101 13
136 25
170 35
119 33
135 40
152 46
146 52
69 25
165 63
146 63
185 82
49 23
187 89
23 11
172 89
94 52
128 75
190 126
74 50
19 13
142 105
189 150
169 137
105 86
139 115
173 146
197 170
77 73
12376 12215
12371 12231
12377 12239
12403 12289
12392 12291
12348 12249
12357 12258
12354 12258
24607 24438
12288 12208
12394 12314
24586 24432
12315 12238
24585 24432
12336 12261
24611 24464
12403 12333
12287 12219
24556 24421
12275 12208
24608 24475
24566 24438
12314 12258
24528 24422
24611 24506
24601 24498
24584 24484
12312 12266
189 52
24558 24471
49006 48833
24600 24521
24597 24520
49005 48853
48999 48850
12305 12268
24495 24423
49026 48884
48997 48868
48971 48846
48979 48854
12253 12222
49013 48889
49018 48902
24530 24475
24523 24472
48933 48833
24541 24492
12281 12257
12366 12342
48961 48867
97841 97657
48963 48874
49010 48921
49021 48940
48990 48917
49024 48952
12264 12246
12281 12263
97822 97680
48999 48928
48973 48903
48912 48844
24573 24540
97831 97701
49008 48943
48924 48866
24529 24500
24450 24422
97819 97719
49002 48952
97826 97728
48912 48864
97828 97733
195508 195319
97802 97709
97843 97751
48951 48906
195491 195315
97792 97711
195510 195350
12263 12253
195497 195345
195510 195358
97773 97697
97764 97691
195485 195347
97821 97752
195503 195367
48899 48865
24477 24460
97728 97661
195476 195343
97852 97788
48973 48941
195486 195359
97819 97757
48924 48893
195476 195357
195505 195388
195511 195397
195487 195377
49011 48984
97842 97790
24514 24501
97815 97765
195415 195319
390798 390632
781423 781267
781448 781291
781436 781266
781445 781268
781432 781251
12381 12335
195418 195338
195436 195356
97854 97814
195430 195352
97855 97817
195436 195361
195410 195339
195384 195315
195491 195425
390756 390630
390768 390647
390786 390666
390768 390657
390814 390713
195497 195447
390772 390677
97805 97782
390741 390650
195506 195466
781404 781267
390819 390754
97675 97660
97704 97689
781399 781283
195414 195385
781426 781313
390730 390678
97771 97758
390822 390774
390703 390658
390806 390761
390692 390650
390705 390663
1562676 1562515
781446 781369
1562671 1562526
781380 781308
1562696 1562560
1562655 1562529
3125199 3125010
195495 195414
781335 781274
390765 390735
1562654 1562540
1562687 1562573
1562616 1562504
1562638 1562527
390662 390635
781308 781255
390769 390743
3125183 3125012
1562614 1562538
1562676 1562603
3125155 3125013
3125138 3125001
1562609 1562542
3125164 3125032
1562682 1562617
3125168 3125042
1562599 1562537
3125175 3125059
1562650 1562594
3125187 3125079
1562579 1562526
3125110 3125011
1562637 1562591
3125109 3125018
6250173 6250018
781327 781265
3125091 3125015
6250180 6250034
1562538 1562503
