9718554745
251 5
207 5
75 2
205 7
274 10
190 10
102 7
283 24
165 14
188 16
145 14
41 4
229 23
247 28
242 36
258 41
294 47
251 44
60 11
199 37
246 46
164 32
292 63
32 7
227 54
262 64
198 49
73 19
145 38
268 5
280 74
233 63
207 57
253 70
121 34
173 49
277 80
197 57
72 21
254 75
155 46
259 78
116 37
165 53
173 56
200 69
99 35
204 74
262 96
117 43
242 92
211 81
289 115
279 112
158 65
227 94
135 56
277 117
266 114
195 85
98 43
191 84
300 133
203 94
233 113
227 111
294 144
147 73
126 63
103 53
285 147
145 76
164 88
13 7
126 68
264 143
196 107
128 70
281 155
143 79
280 155
222 125
252 142
278 157
156 41
58 33
215 123
218 129
136 81
67 40
292 179
285 175
280 173
296 183
286 179
254 159
78 49
277 176
267 170
199 128
299 193
230 149
259 168
241 157
291 191
196 129
232 156
31 21
256 175
158 110
50 35
250 177
254 181
224 160
168 120
286 207
281 208
280 210
141 106
235 180
265 206
90 71
224 177
206 164
251 200
154 87
186 151
288 239
290 241
256 214
272 228
299 253
296 252
170 145
75 64
298 255
275 236
214 185
250 217
232 202
272 238
243 215
166 147
239 213
296 265
292 265
202 184
167 153
36 33
279 260
176 168
178 170
271 263
283 275
143 140
200 197
74 60
313500292 313500005
313500253 313500003
313500286 313500039
313500262 313500019
313500265 313500022
313500237 313500017
313500263 313500059
313500272 313500073
313500294 313500103
313500240 313500066
313500248 313500074
313500265 313500100
313500264 313500108
313500296 313500140
313500290 313500137
313500296 313500006
313500238 313500088
313500298 313500191
313500242 313500112
313500277 313500164
313500283 313500182
313500264 313500169
313500254 313500174
313500255 313500177
313500272 313500200
291 300
313500293 313500253
313500259 313500238
313500265 313500250
313500300 313500300
313500255 313500247
15 15
313500251 313500282
271 293
209 211
186 190
169 173
269 276
221 227
253 265
54 57
260 275
83 88
152 163
195 210
56 150
58 63
34 37
244 266
241 265
267 296
229 254
209 233
192 217
164 186
202 234
172 200
208 245
187 221
218 259
219 268
194 239
180 223
163 202
203 253
179 230
102 133
210 275
159 212
198 266
185 254
103 144
9 13
47 69
189 284
146 220
109 166
50 77
184 300
158 258
176 292
114 191
38 64
156 265
58 99
42 73
110 192
125 222
115 210
32 59
98 181
124 247
90 185
135 279
30 63
130 274
114 246
88 190
110 240
136 299
77 171
77 171
111 255
110 259
109 276
94 239
56 143
84 216
18 47
102 268
30 82
59 162
90 248
101 281
76 213
93 262
99 279
101 291
51 147
64 187
94 280
69 206
91 276
72 219
91 281
86 274
87 285
56 187
77 274
68 245
71 266
44 165
21 79
67 254
62 238
46 177
67 259
66 261
54 216
16 65
58 254
43 193
62 281
28 129
23 107
27 133
48 240
34 182
13 70
22 127
37 215
21 125
17 103
34 207
25 171
7 52
20 188
20 191
22 240
15 164
22 242
11 122
19 216
19 222
13 152
7 82
23 271
12 144
10 167
12 229
13 262
3 82
7 293
3 150
