1031411
4153 4009
4169 4029
175 52
174 51
183 109
184 110
83 1
182 116
163 34
192 46
78 49
4167 4020
166 43
35 10
198 87
195 54
181 166
183 153
63 51
154 74
184 148
70 6
95 16
185 173
120 37
199 164
190 100
148 113
161 130
102 90
200 92
128 34
43 28
125 23
73 39
37 5
51 3
52 4
155 75
150 26
105 35
67 34
125 90
181 37
132 41
118 15
109 76
139 63
177 21
163 52
164 70
166 69
130 25
189 176
84 46
189 16
58 11
95 21
43 9
190 131
165 23
103 79
200 101
150 31
159 148
127 36
184 126
166 4
76 15
192 79
175 146
120 1
59 41
93 52
191 20
76 62
96 22
145 61
121 28
112 64
93 62
117 45
151 66
171 125
190 157
159 6
155 145
147 102
119 75
179 83
90 15
150 136
139 61
118 17
190 16
124 62
61 40
199 176
153 84
109 49
178 11
194 20
21 6
161 34
186 132
128 96
108 63
48 22
4188 4017
170 30
126 76
133 14
80 1
160 143
113 15
192 92
151 22
198 104
126 115
4151 4033
146 129
123 22
181 64
173 156
158 28
23 15
414 224
405 339
188 35
188 175
198 97
173 166
165 6
134 73
58 31
350 273
346 292
329 284
105 61
396 357
408 246
408 227
314 305
262 241
184 170
323 264
76 56
92 10
421 339
170 20
384 248
312 272
304 236
299 241
153 79
178 135
378 361
367 343
409 336
292 277
320 302
191 78
380 231
148 18
310 230
380 277
409 342
4185 4008
144 18
371 230
101 51
147 69
517 393
120 1
447 434
148 45
83 2
455 353
522 484
111 25
93 21
543 358
167 37
97 1
454 425
196 23
117 74
458 444
451 398
503 423
486 416
90 40
151 115
413 393
199 33
431 405
431 354
144 65
177 33
144 126
198 19
134 105
475 418
535 516
199 175
531 354
193 163
523 488
126 31
142 4
441 349
199 125
535 389
469 431
450 432
397 384
515 405
767 594
771 600
117 81
684 648
148 141
97 54
700 626
79 51
779 706
726 693
704 681
763 723
154 85
666 614
20 12
743 673
690 608
770 684
642 590
175 114
785 663
761 717
709 589
752 683
776 644
739 591
194 99
784 703
710 591
675 591
695 660
682 651
705 633
781 755
744 691
673 615
765 674
148 105
721 615
666 600
1164 1102
1157 1095
1267 1120
179 55
1240 1078
1144 1108
177 92
1263 1202
1141 1101
1263 1147
1242 1169
1153 1087
1252 1191
68 48
1257 1156
1268 1185
1219 1102
80 40
174 137
1247 1192
1134 1083
1148 1113
2209 2058
2252 2085
2239 2082
2204 2065
2250 2083
2192 2087
2237 2130
2227 2063
2241 2056
2177 2101
2218 2072
2176 2101
2225 2094
2238 2104
2218 2110
2172 2102
2202 2096
2217 2082
2249 2077
2245 2171
4187 4063
15822 15747
8093 8045
15833 15734
15837 15731
2232 2169
2110 2056
8023 7932
2119 2071
8058 7937
2105 2056
8073 7932
4184 4118
8096 8013
2244 2210
4078 4017
4127 4030
4172 4113
4169 4119
4073 4019
8102 7948
4161 4126
15906 15745
4137 4068
4161 4068
2087 2055
15919 15745
4148 4031
8059 7944
15871 15731
4106 4060
700 682
4141 4102
8088 7957
4164 4095
4124 4021
4118 4056
4129 4041
8076 7972
8112 7989
8101 7956
4146 4076
4192 4141
15917 15748
8044 7948
15904 15743
4148 4055
8004 7937
4109 4031
2177 2154
4150 4089
8109 8035
2198 2153
8056 7987
8103 7999
4101 4039
8108 7934
4186 4138
4116 4054
15890 15773
15879 15763
15883 15777
8087 8033
7997 7939
15852 15734
7980 7925
15872 15765
15892 15784
8000 7950
15857 15762
8083 8030
15875 15788
31521 31353
57 52
87 81
104 100
195 189
110 107
410 400
178 174
414 405
411 403
620 609
761 749
612 603
508 501
390 385
780 770
766 757
687 679
1271 1257
2092 2072
1109 1100
4052 4022
2172 2156
2148 2133
2217 2202
1215 1207
1220 1212
4148 4121
2124 2111
15898 15827
8000 7965
15864 15796
7947 7913
8041 8007
15880 15813
1173 1162
31533 31405
8019 7988
15831 15771
15884 15824
31504 31387
151 107
31491 31370
15799 15727
31513 31402
4105 4091
45 45
102 102
63 63
155 156
