9996114833
275 7
251 7
100 3
194 6
211 8
295 14
286 20
118 11
267 28
199 2
168 22
262 35
300 45
290 47
134 22
200 34
249 46
155 30
283 64
171 42
219 54
224 57
183 48
82 22
79 22
170 48
178 51
59 19
71 24
100 39
287 124
111 49
268 120
246 113
189 87
287 140
53 27
258 134
253 139
148 84
259 148
132 80
101 65
285 186
300 37
238 162
220 157
117 87
189 142
289 225
206 165
294 247
206 180
131 115
152 146
228 225
1039062793 1039062502
1078125292 1078125022
110 74
223 222
259 262
1312500296 1312500151
1156250293 1156250151
1019531538 1019531417
1078125284 1078125178
1078125284 1078125190
1078125275 1078125199
1156250291 1156250232
220 220
253 268
135 145
245 264
203 226
142 161
210 242
249 292
208 245
137 163
211 255
57 69
187 234
68 86
180 236
177 250
175 264
51 80
158 256
167 278
135 227
109 186
167 293
100 177
162 287
106 191
159 288
105 194
114 233
74 153
138 289
137 291
15 32
87 193
72 172
117 285
83 204
40 101
47 123
96 253
104 275
65 184
101 287
87 250
98 286
101 299
70 258
26 98
37 140
41 156
75 292
15 59
75 295
58 240
38 162
19 103
30 186
36 231
28 259
13 123
31 294
18 262
12 265
1 250
