9997523511
143 1
125 9
119 9
155 12
182 15
71 6
97 9
77 10
70 11
67 12
66 13
162 33
85 20
195 50
128 33
111 29
112 30
195 55
148 43
113 33
197 58
119 39
125 41
190 65
163 56
58 20
174 67
198 1
163 65
200 82
79 33
168 72
75 33
188 84
140 65
75 35
96 45
119 58
125 62
145 72
130 65
146 76
185 97
159 86
67 37
172 104
122 75
138 85
123 76
163 102
65 41
180 114
105 68
91 60
88 59
163 113
27 19
81 60
80 60
196 78
87 67
134 106
64 51
128 104
106 87
174 143
141 117
160 133
137 114
164 137
173 147
184 158
136 117
196 171
105 95
169 153
166 151
158 144
173 159
136 126
112 104
71 66
167 156
100 95
28 27
183 181
157 156
322500191 322500007
322500196 322500020
322500197 322500037
322500196 322500047
322500154 322500007
322500181 322500039
165 127
322500189 322500058
322500188 322500058
322500189 322500062
322500181 322500064
322500156 322500045
322500156 322500015
322500197 322500163
322500186 322500085
322500156 322500072
322500180 322500098
322500176 322500095
322500175 322500100
322500159 322500087
322500172 322500103
322500186 322500127
322500176 322500121
322500174 322500122
322500165 322500118
322500189 322500156
322500162 322500131
322500157 322500132
322500187 322500168
322500183 322500170
179 192
322500192 322500199
322500158 322500178
89 181
146 150
135 140
125 130
91 95
172 181
89 94
74 79
117 128
158 173
61 67
60 67
71 80
96 112
98 115
94 111
126 149
150 178
45 54
144 176
92 113
56 69
45 57
128 166
41 54
98 130
101 134
58 81
100 140
115 171
129 195
127 193
45 69
9 14
127 198
109 182
75 128
107 185
97 172
94 167
27 48
63 112
34 61
90 165
46 85
50 94
84 167
16 33
77 160
36 76
46 98
71 156
11 25
67 155
19 45
20 48
73 185
27 70
45 119
70 188
73 200
43 118
53 147
50 140
63 177
67 200
53 162
43 134
22 71
56 188
30 103
45 163
19 70
33 125
50 191
50 194
49 191
50 199
49 199
31 131
34 162
14 70
31 162
28 147
36 195
21 117
11 62
9 53
2 12
31 188
30 193
28 199
22 181
18 150
13 109
18 158
13 133
14 154
16 193
9 119
6 83
10 143
7 111
6 116
8 164
7 182
5 138
6 199
3 108
2 92
2 160
