506364
96 61
96 39
38 2
56 3
71 5
64 5
67 7
35 4
99 12
70 11
81 13
77 15
87 17
79 19
87 21
66 17
85 22
85 23
80 23
69 22
90 30
69 42
89 51
96 36
61 24
67 27
89 38
52 23
84 38
97 44
85 39
89 41
77 37
85 45
92 51
96 53
91 61
32 11
41 15
54 29
43 24
42 27
43 28
49 34
80 56
17 12
57 41
93 67
44 33
97 74
97 76
79 62
13 11
99 85
68 59
91 79
47 41
63 55
49 43
34 30
35 31
89 79
64 2
500109 500034
85 91
67 67
47 47
22 22
24 31
56 60
77 87
51 58
36 41
34 40
71 84
49 60
56 69
80 99
4 5
69 91
31 41
34 45
27 36
66 89
13 18
36 51
63 91
49 78
20 32
39 63
9 15
48 80
57 100
38 69
31 57
12 23
14 28
37 78
45 96
37 80
15 35
24 61
13 34
30 81
17 49
27 91
23 81
21 77
3 12
21 89
10 43
9 39
17 74
11 54
16 80
8 42
18 96
8 70
7 89
4 67
2 41
