9999821507
224 3
240 6
163 5
59 2
29 1
85 3
127 6
285 15
300 16
143 9
127 8
95 6
221 14
105 7
196 14
244 18
155 12
198 16
215 19
237 22
267 25
170 16
254 25
176 18
124 13
214 24
267 31
216 26
90 11
181 23
255 34
229 31
228 31
248 35
188 27
118 17
212 31
146 22
132 21
254 48
222 42
144 28
272 53
265 52
30 6
255 53
287 61
262 56
178 40
240 54
155 35
219 50
287 66
229 53
250 60
140 35
50 13
258 68
152 41
226 61
22 6
106 29
135 37
164 45
230 65
150 43
188 54
209 61
286 85
95 29
239 74
196 62
230 73
138 44
133 45
170 58
272 93
289 99
181 3
244 84
278 96
264 93
297 105
266 96
205 75
227 84
242 91
271 104
54 21
223 89
157 64
118 49
227 96
103 46
104 47
88 40
192 88
210 97
246 114
145 68
164 77
223 105
144 68
220 104
210 101
300 145
268 130
254 124
69 35
139 71
296 152
159 82
282 146
133 69
299 158
140 74
264 142
216 118
290 159
220 124
204 116
216 125
252 146
229 135
222 131
293 173
252 149
255 156
209 128
31 19
283 175
190 120
255 163
42 27
293 189
143 93
203 133
239 159
92 62
283 191
268 184
286 197
108 37
210 148
221 161
138 102
39 29
130 98
240 181
210 159
238 181
141 108
230 177
292 225
237 183
266 206
229 178
136 107
221 174
253 200
242 192
161 128
162 129
151 121
112 90
164 133
271 220
136 112
167 138
197 163
271 225
264 220
290 242
165 138
260 218
251 212
220 189
241 209
257 226
274 242
61 54
204 181
153 136
296 264
114 102
115 103
244 170
234 212
107 97
207 188
283 258
163 152
277 261
19 18
82 78
182 174
92 88
287 277
85 84
279 276
264 262
1009765923 1009765636
102 92
278 271
1156250298 1156250010
262 290
1009765925 1009765713
1625000296 1625000148
1078125292 1078125097
1002441706 1002441541
1039062800 1039062668
1078125300 1078125210
1001220991 1001220910
31 31
169 195
160 163
153 158
208 216
182 191
177 186
216 227
240 253
133 141
180 191
237 252
47 50
160 172
40 43
228 247
82 89
129 142
168 185
179 198
91 101
62 69
187 209
239 269
245 279
187 213
242 276
113 129
170 284
110 127
238 275
233 272
163 193
102 121
136 162
209 249
79 96
79 96
162 197
226 275
173 212
167 207
161 200
219 274
187 234
67 84
176 226
215 277
133 172
125 162
216 283
168 221
125 165
152 201
93 123
179 237
216 289
179 240
119 161
184 250
161 219
219 298
80 109
90 123
187 256
93 128
204 290
210 300
144 206
111 160
186 272
126 185
148 218
139 208
177 270
113 173
136 211
72 112
167 260
86 134
152 237
49 77
87 137
74 117
186 296
91 145
74 118
153 246
180 292
168 273
149 244
170 284
48 146
62 105
112 191
133 228
152 265
91 159
110 194
47 83
140 250
141 254
147 266
112 203
130 238
142 261
145 275
109 207
93 178
156 299
128 246
152 296
65 129
134 267
139 279
103 207
116 242
135 284
44 93
129 275
80 174
16 35
41 90
95 210
60 133
90 201
126 282
50 114
103 235
78 179
82 189
123 284
77 181
116 275
49 117
122 292
61 150
37 91
116 286
61 151
69 171
103 257
57 145
67 175
110 288
86 226
70 185
64 172
33 90
63 172
74 205
95 264
51 142
104 298
87 250
101 293
102 300
90 277
27 84
73 228
88 275
54 169
80 251
46 145
87 277
16 53
76 253
74 250
42 142
73 254
61 218
49 184
50 195
58 228
41 165
71 289
58 240
49 204
68 290
55 235
55 235
44 189
63 273
59 263
13 58
49 219
34 152
45 205
46 213
60 279
14 67
56 282
56 283
55 297
11 63
49 281
14 82
28 169
37 227
41 255
27 183
31 213
24 192
10 83
10 109
25 287
21 243
17 197
8 100
23 298
8 127
1 18
13 244
9 252
10 281
5 179
2 87
3 148
3 289
1 115
1 236
