100006973
260 2
104 7
218 7
259 19
209 16
219 18
97 8
221 19
300 26
127 12
294 30
77 8
260 28
154 20
225 33
291 45
141 23
131 25
284 55
167 34
157 33
53 12
223 51
132 32
276 69
167 42
272 69
271 71
258 73
263 78
232 70
62 20
296 96
295 107
189 69
92 34
299 119
221 16
144 61
260 113
101 44
167 75
231 106
160 75
254 124
268 131
220 108
279 138
288 146
194 99
95 51
247 134
175 95
196 110
251 141
234 133
196 114
186 111
240 146
74 49
151 100
123 83
276 187
178 127
79 57
134 100
244 190
264 207
70 55
74 59
212 89
16 13
197 167
94 82
133 117
63 56
209 186
252 225
136 122
196 178
225 206
159 147
295 273
279 260
222 209
119 114
198 193
241 235
164 161
165 162
3225266 3225021
3225279 3225060
3225245 3225034
3225197 3225010
3225226 3225040
3225200 3225016
3225209 3225035
3225236 3225070
3225294 3225133
3225276 3225117
3225245 3225092
3225296 3225153
171 138
3225270 3225154
3225290 3225180
3225276 3225181
3225247 3225154
3225249 3225163
3225286 3225201
3225245 3225167
3225296 3225228
3225268 3225206
3225248 3225206
3225224 3225186
3225281 3225250
3225236 3225209
263 273
3225244 3225234
3225292 3225284
3225267 3225265
3225286 3225285
3225267 3225276
3225248 3225270
255 264
208 214
213 227
134 151
251 285
157 179
168 200
196 234
226 277
103 129
121 152
73 96
139 185
206 289
156 220
200 284
30 43
182 269
105 161
104 177
79 137
144 251
110 194
57 101
99 177
98 176
124 225
151 274
107 196
118 220
135 281
71 151
41 92
71 162
124 286
83 194
42 101
66 162
85 214
95 248
108 291
103 280
37 101
88 248
50 147
45 139
38 118
90 280
71 251
58 213
73 278
43 209
46 224
48 262
54 299
21 132
26 184
