100010792
182 3
89 5
160 10
164 11
142 11
60 5
122 13
112 13
199 26
198 26
192 26
96 13
114 17
185 28
143 23
140 23
117 23
146 29
194 41
73 16
186 45
157 38
180 49
14 4
80 23
194 62
54 18
179 63
102 39
180 70
192 75
145 58
145 58
122 50
196 85
187 83
193 87
135 61
143 66
186 87
176 83
180 85
46 22
172 84
156 80
95 50
163 90
27 1
93 53
170 97
145 84
194 115
195 120
109 68
178 112
106 67
76 50
138 92
195 133
199 136
188 134
197 141
140 102
68 51
156 117
182 138
144 112
140 111
183 147
1195484 1195321
1195509 1195353
1390796 1390645
1390804 1390658
1195512 1195390
1390821 1390682
1195484 1195365
1195483 1195366
1390795 1390666
1390781 1390664
1781415 1781281
1390774 1390671
1195457 1195369
1781447 1781317
1195505 1195421
1390813 1390716
1781449 1781326
1781386 1781265
2562698 2562530
2562687 2562517
138 78
1390785 1390691
1390779 1390689
1390794 1390710
1195440 1195374
1195484 1195420
1781371 1781276
1781390 1781300
2562675 2562548
1390808 1390749
1781418 1781345
2562653 2562548
1195386 1195338
1390780 1390726
1195508 1195463
4125156 4125008
1195384 1195342
1195418 1195377
1195454 1195414
1195388 1195352
2562671 2562596
1195431 1195398
4125153 4125046
1195406 1195375
1195462 1195431
2562675 2562610
1390808 1390773
2562565 2562503
4125117 4125020
1390763 1390735
1390742 1390648
4125107 4125010
1781342 1781310
1390745 1390723
1781339 1781313
1390715 1390696
1390681 1390664
1195468 1195454
1781274 1781255
10 10
