9997519736
277 21
289 24
240 25
57 6
163 25
66 15
51 13
226 59
71 23
259 89
229 81
252 90
39 14
214 84
190 87
269 124
106 49
190 91
293 141
298 146
245 139
130 83
201 133
184 126
234 163
174 124
159 115
218 162
188 142
21 16
116 92
220 177
295 239
254 207
207 169
282 238
237 211
64 58
165 153
322500291 322500012
322500272 322500003
322500296 322500046
322500266 322500031
322500249 322500016
322500263 322500044
322500260 322500047
322500285 322500073
322500288 322500108
181 12
322500254 322500116
322500259 322500143
322500231 322500127
322500269 322500171
322500292 322500281
322500237 322500147
322500241 322500152
322500291 322500204
322500266 322500188
322500278 322500204
322500275 322500211
322500266 322500203
322500278 322500224
322500265 322500219
322500229 322500185
322500282 322500254
322500242 322500220
322500282 322500277
322500281 322500279
322500271 322500273
322500240 322500246
250 264
322500265 322500296
131 137
162 170
170 180
224 251
104 118
242 281
134 156
95 111
183 217
181 219
225 273
124 153
125 164
105 138
61 88
133 195
141 233
87 145
59 115
59 122
139 292
121 260
46 103
107 240
90 206
107 249
59 196
18 83
47 275
39 236
15 102
33 232
27 190
23 207
15 139
20 223
13 207
3 146
1 179
