100015088
95 2
177 15
46 4
103 9
107 10
101 10
85 12
49 7
146 21
62 9
169 25
178 28
192 33
150 29
153 30
156 34
43 11
134 35
179 50
188 57
171 55
191 63
161 54
97 34
177 65
78 29
157 59
111 43
173 69
115 51
173 78
52 24
110 53
167 81
189 97
103 57
135 76
135 77
84 49
63 38
132 81
154 101
114 78
174 121
46 32
126 89
121 87
143 107
108 84
173 140
200 172
162 143
120 107
161 155
114 110
92 89
116 113
200 199
1024605 1024420
1049010 1048830
1012404 1012235
1024589 1024431
1048990 1048831
1048991 1048832
1097833 1097671
1049001 1048848
1195494 1195321
1195504 1195331
1049004 1048854
1024581 1024437
1097846 1097695
1048991 1048847
1195477 1195313
1012353 1012215
1097835 1097687
1012366 1012231
1195505 1195346
1024569 1024433
1012344 1012210
1024607 1024473
1049016 1048879
1390822 1390641
1195481 1195328
1097830 1097692
1024586 1024458
1012355 1012230
1390815 1390644
1390820 1390650
1097845 1097712
1390800 1390635
1097798 1097668
1048953 1048829
1024582 1024461
1097794 1097666
1012371 1012253
1048951 1048829
1390800 1390639
1390799 1390640
1012370 1012256
1390799 1390645
1012373 1012261
1024540 1024427
1097802 1097681
1049014 1048899
1012346 1012236
1024600 1024490
1195449 1195321
1012399 1012291
1024568 1024460
1024571 1024464
1012331 1012227
1195497 1195377
1012313 1012212
1390774 1390636
1012321 1012221
1012407 1012307
1195468 1195350
1390768 1390633
1195508 1195393
1024611 1024514
1195432 1195319
1049023 1048924
1024539 1024443
1024575 1024480
1781445 1781283
1390784 1390658
1195444 1195337
1781420 1781261
1195465 1195361
1195468 1195364
1024610 1024521
1390775 1390660
1390772 1390658
1390756 1390648
1390775 1390667
191 13
1097774 1097677
1390799 1390692
184 200
1390792 1390689
2562699 2562530
2562688 2562537
2562673 2562524
176 192
148 149
127 128
141 145
156 163
41 43
158 170
146 158
155 168
