1002588
208 3
190 12
91 6
284 32
273 32
283 39
188 30
290 48
272 55
126 27
40 9
257 61
241 58
204 51
276 70
142 38
167 47
187 54
266 80
80 28
115 42
139 52
138 53
189 75
261 105
246 100
189 79
273 115
228 97
96 43
259 118
219 101
178 84
141 68
284 140
170 91
108 58
131 73
283 160
97 56
180 113
255 161
291 186
73 47
62 40
295 192
281 186
243 161
261 182
206 144
228 165
254 184
277 202
121 2
149 109
105 77
161 121
297 224
216 164
193 150
93 73
289 227
47 37
294 234
244 197
112 97
215 189
195 173
296 270
121 113
192 180
162 152
271 263
45 44
255 250
31544 31302
31516 31283
31496 31264
31532 31378
31504 31353
31504 31373
31550 31431
62761 62528
62763 62533
62734 62532
31508 31420
31462 31380
31481 31400
62794 62633
31482 31413
201 147
31405 31264
62734 62607
62796 62710
31542 31499
62766 62728
174 219
31380 31383
31459 31463
31481 31498
31402 31499
176 177
154 155
201 204
175 178
166 170
223 229
270 279
255 265
174 181
228 240
222 235
160 170
63 67
161 172
85 91
195 210
142 153
230 250
203 224
180 203
115 130
221 253
199 228
106 122
176 203
220 254
203 237
193 231
237 287
159 198
220 276
208 261
114 145
190 242
211 269
203 269
197 265
188 258
212 291
150 207
154 215
146 208
111 159
100 144
152 222
100 148
151 225
147 227
181 284
170 267
185 300
86 140
77 128
163 272
171 286
130 218
77 132
168 291
94 167
108 193
98 180
123 226
114 217
141 274
123 248
130 274
62 136
128 297
81 188
104 249
74 186
64 161
101 256
73 188
93 246
21 57
66 183
99 276
56 159
83 237
73 210
81 235
72 209
97 291
73 223
48 147
69 214
67 210
28 92
67 232
76 267
65 233
70 257
53 197
