985275
154 5
132 9
148 14
83 9
97 16
159 28
165 34
180 40
189 53
186 64
62 23
191 83
145 71
116 61
102 59
193 112
176 107
87 53
113 71
159 101
100 66
192 128
168 114
169 127
176 143
170 143
133 2
198 174
82 75
118 108
180 166
95 89
127 125
31524 31367
31507 31355
31510 31369
31550 31421
31509 31381
31527 31407
31495 31380
31493 31392
125 109
31526 31435
31536 31451
31550 31518
31509 31422
31539 31458
31546 31465
31510 31448
31508 31451
31492 31436
31497 31447
31504 31455
31534 31492
31510 31477
31529 31496
31520 31496
31549 31529
31504 31488
31510 31495
31530 31539
31493 31504
31508 31531
31511 31542
31511 31548
179 200
71 83
136 142
39 41
51 54
52 56
79 86
173 200
98 114
134 160
150 181
106 130
127 157
130 163
150 189
149 195
60 79
93 128
91 130
85 129
86 132
115 198
49 89
43 80
87 174
88 182
48 108
62 140
82 186
42 98
44 106
35 89
67 173
50 161
50 170
34 117
12 43
26 100
37 146
38 151
29 116
34 188
26 150
20 162
5 92
2 200
