1003244
178 1
197 7
88 8
21 2
166 18
73 9
188 24
109 14
149 21
194 28
197 30
175 27
200 35
155 29
152 32
72 16
118 30
169 43
183 47
157 41
191 50
61 16
157 43
136 38
152 44
31 9
107 33
83 26
146 46
31 10
175 57
143 48
53 18
88 30
84 30
182 65
50 18
60 22
156 60
52 20
187 73
105 41
104 41
20 8
27 11
98 42
160 69
171 74
138 61
109 50
146 68
197 92
191 4
200 95
180 86
193 93
137 67
162 80
197 98
181 91
175 88
125 63
166 84
118 60
42 22
145 76
36 19
187 100
82 44
158 85
182 98
77 43
180 101
189 107
146 84
76 44
135 79
159 94
23 14
174 108
106 66
87 55
194 123
121 77
125 82
71 47
129 86
150 101
149 102
172 118
158 109
199 140
82 58
79 56
141 100
100 71
59 42
153 109
150 107
189 136
116 85
60 44
129 96
160 120
146 110
199 152
78 60
196 151
170 131
105 81
186 144
168 131
161 128
168 135
178 145
200 163
51 42
43 36
112 94
134 113
192 163
95 81
98 84
149 128
66 57
193 167
127 111
192 168
188 89
133 118
173 156
75 68
174 158
195 179
132 123
118 110
39 37
177 168
46 44
192 184
48 46
190 183
95 92
197 193
160 158
31441 31267
189 188
31448 31282
31442 31289
31401 31258
31401 31264
31393 31270
31421 31303
31450 31332
31444 31327
31446 31345
31445 31351
31391 31299
149 132
31425 31337
31430 31342
31450 31425
31405 31323
31412 31330
31429 31371
31445 31387
31441 31389
31441 31396
31428 31389
31439 31402
31421 31386
31418 31389
31432 31422
31410 31412
31422 31425
31430 31438
31418 31429
194 196
31425 31449
53 98
180 183
38 39
172 177
146 153
162 171
67 72
143 155
118 128
173 189
111 122
159 175
155 171
143 158
33 37
125 143
113 131
147 171
105 123
165 197
150 181
90 112
134 171
154 197
107 137
108 139
91 119
47 62
43 57
60 80
129 174
131 184
102 145
132 190
125 180
115 168
91 134
63 93
109 161
94 139
77 114
91 136
97 145
71 110
75 118
81 128
80 127
90 151
101 170
104 176
43 73
102 174
27 47
80 141
78 138
99 176
98 175
73 134
97 182
69 131
90 173
69 135
69 135
68 140
86 181
89 190
74 163
68 150
44 99
15 34
62 141
67 153
78 181
61 143
41 97
67 161
65 162
14 35
75 189
59 151
39 100
64 165
35 93
68 182
34 94
31 87
49 140
55 159
59 173
45 135
30 91
62 192
27 84
55 172
25 79
56 178
59 190
42 137
26 85
37 121
43 141
56 184
31 103
22 74
35 118
33 112
43 146
53 184
24 86
50 189
28 107
30 121
28 116
29 121
28 119
37 173
14 66
36 170
32 153
33 160
33 161
