1043838
51 10
192 63
249 159
777 510
272 60
148 17
748 561
276 161
649 494
740 511
193 6
692 521
18 2
700 498
156 72
90 48
280 67
238 171
246 181
151 65
170 81
246 4
751 492
180 67
123 21
110 46
766 518
93 41
230 53
375 285
150 112
125 88
251 56
186 77
208 68
300 170
289 223
81 4
281 204
300 222
85 49
241 121
447 356
287 202
247 64
242 112
178 139
280 29
135 55
463 279
235 42
531 389
195 58
284 29
262 7
286 23
132 39
474 289
119 52
289 51
295 175
470 287
237 68
366 266
504 267
249 105
272 201
203 74
370 286
542 372
518 255
429 291
131 65
246 78
478 368
277 43
496 259
231 24
244 55
237 100
248 145
315 129
250 42
288 164
257 189
119 13
404 144
251 52
254 147
369 225
231 26
419 255
250 56
270 206
354 177
407 291
289 182
374 219
197 40
268 116
229 54
145 110
259 9
221 164
264 202
340 210
221 8
17 4
357 281
282 140
313 150
259 18
372 281
412 138
154 29
124 98
271 71
273 173
332 166
416 204
363 221
70 27
132 100
283 193
215 158
280 89
173 51
246 57
240 88
276 174
259 145
270 50
211 117
269 55
53 13
297 10
261 81
187 66
287 49
216 98
242 134
289 42
217 2
202 142
283 16
199 176
389 330
713 624
1275 1089
1214 980
1171 1043
1192 1064
266 236
240 197
1248 1038
1252 1016
1220 981
1249 1008
1142 992
1154 1003
202 175
757 626
776 648
726 618
767 643
785 637
2203 1968
664 543
318 271
594 491
728 625
695 596
183 158
2242 1979
630 506
604 530
278 231
678 575
693 552
208 177
452 367
499 426
484 418
507 419
293 255
120 96
339 278
133 111
233 188
199 163
495 418
284 229
297 264
378 325
510 408
501 430
206 167
280 225
466 428
4142 3991
4082 3909
2100 2027
248 233
2116 2025
4137 3925
304 293
2202 2066
2100 1985
2164 2069
2245 2026
2146 1991
2243 2043
383 359
2090 2024
2182 1994
8108 7827
251 225
2140 1990
2250 2041
2044 1963
2107 1993
1076 984
4156 4004
411 396
1177 1067
1150 1049
4098 3933
1197 1100
1229 1110
1132 1090
1271 1213
1147 1034
4182 3947
1065 980
1185 1131
1260 1150
1154 1059
1214 1170
368 355
1095 1007
1193 1130
1130 1069
1240 1194
1241 1135
1153 1059
1083 997
2199 2110
4185 3994
389 374
1098 1047
1222 1124
1211 1160
2024 1960
1120 1024
4151 4022
674 641
746 691
756 718
290 268
4100 3947
680 648
314 300
228 209
622 600
165 155
218 206
4191 4020
231 215
612 555
2103 1988
449 423
4128 3907
2251 2059
420 404
687 620
649 593
15800 15653
15821 15664
31520 31255
15875 15685
1073 1041
4064 3997
4145 4056
8000 7824
4101 3983
2029 1987
8098 7992
8036 7869
2177 2113
2054 2022
2077 2043
7969 7836
8043 7858
2121 2059
4113 4018
4128 4074
4106 3987
2135 2097
7942 7834
2044 1989
2101 2068
7991 7819
8050 7854
7923 7822
8052 7926
2166 2128
4032 3974
8077 7845
8089 7895
15863 15652
8009 7829
8068 7905
2046 1991
4043 3969
1179 1148
15924 15661
4028 3922
4039 3983
1141 1120
8090 7882
4090 3966
4097 3998
15873 15644
15898 15651
1041 1023
8097 7913
1165 1135
15880 15670
4189 4067
7933 7835
8056 7845
1168 1140
15893 15656
15887 15651
8066 7949
15918 15679
31 28
85 80
115 110
211 203
511 497
131 128
499 489
1188 1171
291 287
1158 1143
7916 7822
675 667
4152 4103
255 252
510 504
8008 7915
8067 7975
1060 1049
15819 15676
15792 15651
3993 3958
15788 15650
7887 7819
233 231
605 600
7931 7866
3941 3909
15847 15719
4041 4009
8106 8042
15747 15626
15893 15777
15795 15681
8060 8006
7905 7853
15856 15755
31487 31288
8097 8046
31500 31306
8070 8021
2107 2095
15877 15788
31479 31312
4001 3980
266 18
31473 31279
15864 15785
2019 2010
247 247
597 598
