99987754
166 1
59 5
190 31
139 24
133 23
197 37
155 35
163 44
189 52
114 36
97 31
164 53
30 10
63 26
61 26
51 23
160 83
56 34
80 49
103 65
164 104
110 72
169 112
181 131
168 122
174 129
159 118
181 141
192 14
172 136
137 111
120 98
157 134
176 151
155 135
130 115
83 75
130 120
3225180 3225001
3225178 3225004
3225155 3225003
3225185 3225037
3225124 3225003
3225196 3225075
3225157 3225044
3225172 3225063
3225162 3225058
3225185 3225083
3225197 3225096
3225188 3225091
3225183 3225089
3225136 3225051
3225154 3225080
189 149
3225157 3225085
3225151 3225084
3225180 3225113
3225166 3225105
3225199 3225151
3225193 3225148
3225156 3225117
3225151 3225116
3225130 3225096
3225196 3225164
3225139 3225119
3225191 3225174
3225125 3225115
3225188 3225179
3225146 3225154
3225168 3225186
96 151
23 28
93 117
99 125
22 28
153 198
85 113
136 193
132 196
89 134
87 133
124 198
48 77
92 148
66 111
108 183
54 92
105 182
50 99
41 92
41 99
56 137
11 28
38 100
38 101
56 193
57 199
46 163
48 186
21 86
38 180
25 125
10 55
4 25
11 79
15 155
7 81
12 189
4 93
6 191
2 184
