50128552
273 4
141 2
126 2
163 4
53 2
155 9
256 15
209 17
271 26
221 24
141 16
293 34
257 34
247 37
158 28
168 35
60 13
256 63
184 47
286 75
206 55
295 81
187 52
97 27
238 67
284 80
299 86
103 30
177 52
91 27
286 88
169 55
286 97
210 74
242 86
295 105
55 20
221 82
228 88
285 111
249 98
118 50
76 33
251 109
287 127
264 118
147 67
277 127
210 99
274 131
240 115
213 103
102 51
116 58
211 107
241 131
236 131
216 120
229 130
227 130
225 129
235 135
148 87
175 108
191 118
213 132
135 84
140 95
274 186
213 146
137 95
60 42
121 85
297 209
117 83
236 168
209 149
114 82
207 149
99 72
260 206
185 149
106 87
58 48
229 190
141 118
206 175
154 132
136 122
149 138
109 102
39 38
278 273
162 159
241 239
150 2
50100300 50100178
261 287
15 15
138 213
231 237
162 173
142 152
170 182
234 252
226 246
109 120
220 246
226 264
22 26
214 258
164 198
228 276
62 76
79 97
192 239
203 254
142 182
226 291
225 293
197 260
168 225
138 186
181 244
175 237
194 263
217 297
86 119
80 112
177 250
94 135
60 87
133 195
70 103
186 276
99 147
79 119
166 263
59 95
74 125
177 299
109 187
82 141
25 44
36 64
95 173
84 157
137 258
129 252
125 251
114 237
89 190
89 206
95 220
124 290
61 147
56 136
27 68
94 240
105 269
62 159
77 207
85 231
71 194
56 160
36 108
59 188
42 137
85 290
66 234
74 285
61 246
37 158
63 279
51 235
41 199
26 127
18 90
47 270
35 212
18 120
40 292
25 194
23 194
24 258
19 212
10 116
22 295
19 263
8 120
7 107
7 132
10 198
4 83
11 235
9 207
7 254
6 284
4 279
3 218
2 195
