99754685
80 1
85 8
31 3
53 7
64 11
37 7
81 17
91 20
86 19
77 19
89 26
96 29
95 29
52 18
83 31
66 28
60 27
65 30
68 32
100 48
76 38
93 48
19 11
100 59
33 21
51 33
36 24
82 55
63 43
65 6
46 32
97 71
30 22
33 25
83 63
95 75
100 81
56 46
88 73
37 31
49 44
43 42
4125099 4125047
79 54
78 82
13500098 13500030
4125100 4125080
13500099 13500039
13500098 13500052
51000100 51000024
1 43
72 75
33 36
63 69
9 10
53 59
17 19
76 86
30 34
67 79
32 38
66 80
68 95
19 29
56 90
30 50
23 41
17 32
39 75
23 45
45 91
36 73
43 99
16 37
23 72
28 93
9 32
27 99
26 97
9 35
20 94
18 85
1 12
3 56
1 56
1 66
