979694
47 1
43 3
46 4
56 6
98 11
89 11
89 11
70 9
83 12
45 8
78 14
100 18
49 10
68 14
85 18
46 10
18 4
88 20
77 18
72 18
44 11
49 13
81 24
85 26
91 28
97 31
43 14
98 33
86 30
71 26
67 25
28 11
84 34
86 36
83 35
68 29
7 3
96 42
64 28
20 9
56 26
37 18
51 26
62 32
59 31
11 6
99 54
77 42
31 17
16 9
79 45
85 52
80 49
13 8
58 37
72 46
84 55
74 50
85 59
20 14
77 54
75 53
38 27
88 64
33 24
46 3
85 64
53 40
41 31
25 19
67 51
59 45
31 24
74 58
89 71
33 27
68 56
81 67
25 21
77 65
44 39
94 84
31 29
78 73
60 57
38 37
31344 31251
31347 31256
31336 31251
31346 31262
31342 31259
31333 31256
31334 31257
31345 31270
88 66
31323 31257
31347 31282
31319 31257
31335 31282
31318 31268
31322 31252
31311 31274
31350 31320
31318 31281
31334 31298
31343 31318
31308 31287
31317 31303
31321 31308
8 8
31320 31310
31323 31314
31310 31304
31341 31347
31313 31319
31326 31348
97 99
31323 31340
31320 31340
31309 31330
49 73
69 71
49 51
56 59
36 38
30 32
46 50
76 83
41 45
81 89
55 62
62 70
65 74
77 88
79 97
31 39
37 47
76 99
71 94
67 91
54 75
51 71
70 98
47 68
44 64
43 64
7 17
23 35
49 75
45 70
56 89
54 87
8 13
26 43
57 96
44 76
38 67
43 77
35 63
46 83
29 53
47 90
52 100
41 82
29 59
34 70
25 52
27 57
43 94
38 85
41 95
23 54
18 43
25 65
28 73
36 94
26 70
29 81
21 60
29 84
16 49
12 38
27 91
24 84
24 85
28 100
18 78
7 32
15 74
16 80
9 45
16 83
12 63
16 87
11 66
15 92
5 31
7 49
1 7
12 87
9 71
5 40
4 34
2 19
5 63
5 72
6 93
3 82
2 63
2 91
1 95
