534949
264 135
190 1
294 7
257 131
220 7
293 12
298 131
152 12
278 27
261 29
231 27
247 100
181 27
211 33
249 100
284 49
167 29
196 36
259 103
266 56
198 42
177 40
205 49
278 67
282 70
242 66
223 88
296 82
265 97
259 73
278 85
297 91
232 76
120 3
114 7
135 18
112 18
107 22
84 23
154 43
122 38
167 57
80 28
140 57
157 64
91 38
163 71
167 73
188 83
159 73
63 29
193 91
36 17
84 40
171 82
110 53
241 120
209 107
181 97
264 142
181 3
62 36
188 110
96 57
288 174
271 168
65 41
148 94
289 185
185 121
266 175
182 120
129 87
248 169
280 192
284 195
190 131
114 79
295 205
152 106
154 109
256 185
221 162
225 169
253 191
280 212
244 185
178 136
227 175
191 148
238 189
279 224
262 214
205 168
123 101
252 209
200 166
211 180
118 103
168 147
101 90
227 204
166 150
285 261
261 242
251 233
237 222
152 145
72 69
275 265
196 192
64 37
500309 500033
274 285
93 190
271 272
148 152
216 223
112 116
270 280
160 169
202 214
213 228
239 259
35 38
64 70
270 296
143 159
180 201
106 120
251 285
82 99
172 210
161 199
153 191
214 271
102 130
80 105
174 239
16 22
139 192
123 174
135 192
123 176
124 178
190 279
149 219
44 66
76 115
178 271
132 203
94 145
152 237
104 167
149 240
162 266
104 171
165 274
66 111
88 150
85 146
123 213
155 273
88 155
71 129
131 239
120 220
146 271
145 270
71 133
146 277
99 189
100 193
103 200
77 150
136 274
26 53
37 76
48 101
104 219
53 112
101 215
125 268
133 287
80 173
115 251
106 240
72 168
122 295
121 299
112 282
54 136
101 255
118 299
92 235
113 290
72 186
75 195
110 298
104 283
84 229
69 189
50 138
73 217
38 114
45 143
10 32
55 181
40 139
9 32
83 300
56 214
40 159
68 284
59 255
38 165
40 175
2 9
62 280
56 261
15 72
56 271
36 175
55 290
26 141
41 224
28 180
29 200
20 150
18 195
25 282
20 278
19 277
19 294
16 268
2 40
9 220
8 213
2 147
3 274
1 121
