5100106334
219 1
180 1
162 1
243 4
229 5
189 5
220 6
292 8
287 8
69 2
256 9
140 5
143 6
263 12
282 13
258 13
192 10
211 11
189 10
143 9
30 2
223 15
209 15
139 10
181 14
275 22
199 17
253 22
161 14
271 24
95 9
116 11
200 20
283 29
184 19
229 24
141 15
221 24
225 25
248 30
285 35
167 22
189 25
281 39
253 37
168 25
220 33
104 16
194 32
139 23
184 32
186 33
298 55
176 33
273 52
279 54
183 36
101 20
295 61
245 51
72 15
196 41
52 11
281 60
248 53
148 32
293 65
163 37
57 13
82 19
250 58
125 29
224 52
292 69
97 23
286 68
222 53
82 20
65 16
288 71
205 51
112 28
127 32
66 17
42 11
235 62
246 65
140 38
33 9
292 80
278 78
78 22
132 38
228 67
141 43
144 44
175 54
241 75
259 81
193 61
273 87
252 81
280 92
236 78
147 49
287 97
237 81
287 99
139 48
169 59
270 95
295 105
279 101
121 44
236 87
246 91
258 96
186 71
200 77
80 31
80 31
183 71
108 42
254 99
177 69
153 60
298 117
137 54
223 89
231 95
139 58
174 73
19 8
156 66
225 96
269 115
80 35
89 39
187 82
228 100
143 63
270 119
136 60
226 100
296 131
276 123
293 131
270 122
287 130
130 59
230 105
128 59
110 51
230 107
247 116
264 124
268 126
180 85
300 144
265 128
236 114
294 144
159 78
164 81
173 86
293 146
76 38
122 61
108 54
214 107
258 129
186 94
254 129
254 130
105 54
202 104
287 148
188 97
259 134
192 101
190 101
273 146
222 119
244 131
78 42
198 108
208 114
163 90
249 138
166 92
221 123
228 127
245 137
185 104
14 8
276 159
184 106
184 107
293 172
298 177
139 83
220 132
201 121
229 138
143 87
279 171
205 127
169 105
249 155
257 160
265 165
206 129
59 37
295 185
187 118
204 129
273 173
258 164
143 91
267 172
287 185
147 95
269 174
287 186
296 192
72 47
142 93
119 78
120 79
100 66
168 112
297 198
256 173
259 176
298 203
91 62
200 137
254 174
261 179
191 131
218 150
154 106
245 169
291 201
275 190
257 178
36 25
118 82
221 154
109 76
189 132
221 155
300 211
282 200
289 205
159 113
196 140
162 116
210 151
243 175
169 122
220 159
251 182
116 85
219 161
274 202
135 100
71 53
83 62
123 92
96 72
72 54
188 141
181 136
142 107
267 203
253 193
236 181
69 53
251 193
170 131
192 148
181 140
165 128
297 231
262 205
235 184
290 230
292 232
267 214
126 101
137 110
290 233
234 189
271 219
293 237
173 140
196 159
184 150
125 102
259 212
270 224
252 210
258 216
253 212
192 161
124 104
151 127
115 97
219 185
292 248
101 86
61 52
95 81
241 206
276 236
254 219
177 153
252 218
135 117
169 147
274 240
137 120
269 236
50 44
256 228
109 98
159 144
226 205
262 239
294 269
191 175
297 273
286 263
200 184
297 275
217 201
68 63
281 262
194 181
206 194
263 248
233 220
266 252
139 132
202 193
164 157
293 281
149 143
181 174
234 1
291 280
299 288
180 174
129 125
204 198
233 227
275 269
102 100
197 194
156 154
239 236
254 253
209 201
5100000300 5100000025
299 299
242 251
155 155
188 188
273 276
250 253
228 231
252 256
125 127
58 59
183 187
271 277
155 160
271 280
189 196
57 72
278 291
273 286
247 259
136 143
171 180
76 80
74 78
138 146
256 271
235 249
282 299
177 188
267 286
82 88
99 107
171 186
193 210
131 144
259 285
117 129
230 254
143 158
166 184
98 109
133 148
233 260
43 48
128 143
162 181
128 144
239 269
70 79
132 149
115 130
189 214
215 245
54 62
185 213
237 274
207 240
244 285
202 236
246 288
145 170
127 149
17 20
242 286
168 199
226 269
237 284
157 189
109 132
28 34
233 283
32 39
159 194
18 22
94 115
207 255
220 273
152 189
208 259
205 256
145 265
109 138
183 232
126 160
99 129
196 256
159 208
35 46
225 296
133 175
44 58
147 194
94 125
66 88
96 129
127 171
75 101
171 236
211 292
192 271
153 217
210 298
157 223
128 183
42 61
130 189
206 300
127 185
67 98
196 290
30 45
171 258
98 148
196 299
189 289
184 283
193 297
130 201
114 177
48 75
161 252
132 207
88 139
175 278
91 147
166 270
134 219
169 278
152 252
117 195
111 187
146 246
155 264
100 171
40 69
166 289
49 86
97 171
162 287
95 169
132 235
94 169
161 290
158 285
35 92
76 139
12 22
127 233
51 94
33 61
105 195
25 47
142 267
153 290
85 162
24 46
122 240
122 240
91 180
101 200
68 135
47 94
138 277
58 117
121 247
66 135
125 256
125 257
17 35
79 165
135 283
99 208
50 107
126 270
79 170
59 127
13 28
91 198
119 259
93 204
129 287
72 161
93 208
96 215
65 147
132 300
72 164
114 261
86 199
67 158
113 267
85 202
29 69
119 285
84 202
41 99
78 190
104 255
120 295
100 248
92 230
109 273
93 234
76 192
59 151
19 49
109 283
54 141
26 141
109 288
89 237
104 277
63 168
76 204
50 135
85 230
109 297
101 276
90 247
101 281
102 284
95 269
63 179
60 171
72 210
77 226
55 163
67 200
83 250
43 132
42 130
45 140
66 211
73 236
88 286
57 189
71 238
86 294
71 243
27 93
49 169
22 79
65 235
59 220
71 266
57 214
63 238
47 178
15 57
11 42
63 242
65 251
77 298
48 190
55 224
52 213
61 254
51 217
64 275
62 273
54 238
61 270
18 80
44 196
62 277
23 106
25 116
41 191
61 287
14 66
51 241
5 25
51 275
21 114
50 272
6 33
50 278
47 265
43 247
33 201
44 271
11 68
39 244
38 242
34 220
38 257
33 227
36 259
38 275
34 250
22 173
30 237
30 245
23 189
28 237
21 178
29 247
34 299
29 281
26 255
20 201
23 243
27 292
26 284
24 297
22 273
14 174
5 63
13 166
16 222
11 170
18 283
17 288
10 172
15 300
11 224
7 143
3 78
5 133
8 228
10 297
4 148
7 298
5 291
4 237
5 297
4 238
3 198
4 268
2 136
2 153
3 240
2 211
1 153
1 210
1 240
1 299
