1004493
8879 8837
8857 8817
98 4
82 1
78 29
76 28
8908 8839
8909 8846
8881 8827
8877 8832
8882 8837
77 32
8886 8848
83 55
78 6
95 46
66 27
95 36
4999 4917
4973 4920
4999 4957
69 41
60 7
3041 3005
3043 2960
3044 2985
3032 2983
3051 2955
3052 2957
3049 2977
16681 16627
3032 2993
3043 2972
3001 2963
3011 2969
8904 8815
3028 2992
3039 3000
3013 2974
3011 2978
8882 8834
3018 2975
4992 4945
5006 4915
3049 2986
4990 4926
3043 2984
2999 2966
16708 16631
4972 4939
4967 4934
5000 4959
32350 32283
32348 32262
16701 16654
32 18
7 4
80 59
13 10
50 39
95 76
97 81
81 69
99 93
3018 2990
3043 3015
3030 3005
4988 4957
2983 2965
4976 4947
4960 4932
8882 8846
8898 8864
8864 8834
8911 8882
8878 8850
4971 4956
8855 8830
8867 8842
8880 8855
8905 8880
8911 8888
16678 16635
16670 16632
8898 8880
32335 32274
16694 16663
32343 32287
16688 16662
16666 16641
16717 16693
32340 32297
97 25
32307 32262
32328 32283
32313 32269
2968 2957
8895 8883
32323 32283
32298 32259
32318 32279
8876 8866
5004 4997
63589 63503
2982 2979
16682 16668
4982 4977
32347 32315
8874 8866
8910 8904
8891 8887
2999 3000
