100038847
294 73
13471 13318
278 126
287 106
300 2
98899 98697
262 35
13475 13214
13458 13309
13489 13316
13466 13277
282 80
197 6
254 18
268 120
13465 13210
13428 13240
236 46
98898 98716
196544 196360
270 11
195 6
98954 98783
248 40
98948 98692
196594 196341
265 116
13500 13341
13471 13224
225 5
196594 196379
232 65
174 4
292 57
196581 196421
196611 196443
231 19
196507 196320
216 3
281 24
25615 25439
264 64
282 35
254 100
184 9
25702 25464
25689 25533
25675 25430
285 23
196501 196313
259 85
235 42
25609 25429
25652 25460
267 65
50119 49931
50078 49901
50052 49859
98920 98759
207 35
50043 49850
204 54
50091 49939
98928 98729
281 9
50093 49936
50034 49877
287 100
50048 49847
210 21
266 79
284 84
198 48
243 39
98870 98704
50118 49841
98842 98685
299 150
263 113
391854 391641
391907 391720
391862 391663
782531 782280
91 7
143 12
89 9
118 14
143 18
142 29
115 27
79 20
169 48
127 37
29 9
203 65
216 70
113 37
154 51
137 46
157 53
201 71
107 40
217 85
142 57
146 59
138 56
246 104
208 88
235 100
71 31
258 114
202 90
204 91
129 60
215 103
247 121
277 141
246 127
242 125
300 156
153 80
91 49
242 132
224 123
239 134
130 73
254 148
65 38
86 53
55 34
261 163
296 186
210 132
111 70
80 51
293 187
89 57
185 119
292 192
298 199
249 169
219 149
277 190
196 137
210 147
272 193
288 205
68 49
180 130
255 185
238 173
289 214
274 205
204 156
61 47
299 232
129 101
120 95
152 122
275 221
264 215
281 237
194 165
148 126
229 195
224 193
164 143
238 210
138 122
173 154
158 141
95 86
255 233
254 233
292 268
235 216
269 248
253 234
207 192
290 274
233 221
41 39
99 95
244 235
213 208
249 245
88 87
13469 13335
13489 13356
13485 13353
13417 13289
13365 13239
13362 13241
247 245
13353 13248
13452 13354
13452 13359
13411 13325
25640 25494
25598 25453
25703 25563
13466 13396
13403 13335
13398 13333
25588 25466
25619 25498
25654 25533
25580 25472
13495 13439
25546 25452
25714 25622
25682 25592
25559 25471
25574 25491
25669 25588
13337 13295
25564 25485
13288 13247
13315 13276
49995 49855
13269 13234
50050 49925
50049 49926
13341 13309
49962 49848
49992 49884
25622 25570
25676 25629
98885 98740
98956 98813
50114 50045
13493 13475
98932 98801
25481 25448
50119 50057
49912 49851
98919 98804
50014 49956
25600 25571
98867 98757
25521 25493
98904 98800
13384 13370
25589 25563
49961 49911
98759 98662
49901 49852
98819 98738
49932 49893
1563677 1563544
72 5
782382 782312
50058 50021
196563 196420
196573 196431
98913 98842
196467 196336
196524 196400
1563723 1563575
98923 98863
196453 196335
196463 196347
98888 98840
196610 196516
196553 196461
98821 98778
196468 196384
391798 391631
98700 98658
196488 196406
98914 98876
391779 391636
98814 98778
391786 391644
782387 782310
1563695 1563537
391799 391667
196540 196474
196577 196514
196410 196348
196603 196544
196425 196367
196407 196351
391739 391634
391842 391740
391857 391756
1563783 1563621
782395 782307
782523 782341
391896 391805
391806 391716
1563724 1563542
391779 391697
391845 391763
782446 782288
391715 391637
782405 782269
1563691 1563502
782487 782354
782448 782319
1563731 1563536
782389 782264
782478 782353
1563767 1563520
391796 391747
1563762 1563523
782432 782320
782549 782443
391780 391728
1563785 1563589
782495 782393
1563635 1563552
1563763 1563673
1563749 1563621
3126267 3126086
3126192 3126011
3126260 3126008
3126263 3126020
1563641 1563532
1563782 1563683
1563785 1563681
1563749 1563649
3126256 3126049
3126214 3126042
3126274 3126109
25674 25658
50020 50002
25680 25671
98807 98783
25711 25705
98732 98711
98897 98880
98918 98902
196541 196515
196396 196375
196578 196559
98691 98682
391707 391673
196349 196333
196421 196405
391693 391666
391874 391848
98712 98706
782460 782413
782465 782425
1563790 1563716
782510 782473
1563718 1563650
6251274 6251031
3126180 3126063
196518 196365
1563624 1563506
782362 782307
1563730 1563673
3126217 3126104
192 195
128 131
