1008017
98 6
1056 1009
197 159
154 140
214 126
221 170
3988 3936
47 40
209 169
91 9
87 33
88 69
222 186
71 2
68 28
200 139
180 169
1038 1017
57 15
2010 1993
43 17
2000 1960
28 10
97 53
212 191
66 20
62 9
214 171
54 22
3986 3943
1048 1008
2046 1970
213 175
74 49
184 134
77 4
52 20
3972 3907
91 57
3940 3908
2009 1978
3972 3912
70 55
2000 1976
321 256
315 289
301 285
3990 3941
79 9
1069 1023
59 20
3999 3927
79 57
307 257
69 60
72 49
333 250
52 25
99 92
3973 3920
3998 3946
336 249
328 293
344 332
73 3
31 5
1037 979
327 267
15 1
60 35
97 70
94 9
62 31
68 5
30 8
308 285
3974 3922
324 260
3982 3907
341 335
324 264
85 46
2051 1986
77 43
7896 7830
528 513
41 20
100 85
563 516
567 561
60 19
514 492
2039 2014
2050 1962
2006 1976
63 40
91 66
93 4
572 533
2039 2005
67 55
48 14
2025 1975
90 6
77 54
503 489
43 16
2004 1989
100 16
82 25
54 14
24 6
575 507
81 53
549 537
528 521
2048 1973
68 36
2045 1955
31 10
570 537
1980 1962
87 36
567 489
1055 991
83 48
33 23
83 37
1069 996
94 54
547 505
1012 1005
80 38
93 49
64 25
1061 997
100 27
548 502
1042 983
1075 1007
553 516
77 23
1044 1033
55 15
1017 991
1030 1014
37 15
1033 1003
75 38
99 87
33 25
98 44
1008 991
7844 7821
15673 15637
15694 15652
7843 7819
31336 31256
7907 7883
7845 7818
7894 7870
3952 3940
3975 3948
3969 3953
7858 7825
7886 7844
7886 7833
2001 1991
7864 7814
7855 7813
4006 3982
2013 2005
15716 15633
3979 3959
8 4
71 67
56 54
39 38
529 524
330 327
339 336
247 245
984 978
3921 3912
7911 7895
3961 3953
3974 3966
31337 31276
1032 1030
7834 7819
7912 7897
31318 31261
15712 15684
31324 31271
3927 3921
1973 1970
62598 62503
31327 31280
31322 31278
31301 31258
31304 31262
31344 31303
31299 31260
31337 31298
62575 62501
62576 62502
15690 15672
31301 31266
179 132
31289 31252
3913 3908
31337 31302
31347 31314
2036 2034
44 44
208 209
