100023656
1003350 1003090
1003323 1003075
1001037 1000770
299 232
248 120
177 54
186 11
294 133
234 31
290 120
278 212
117 10
282 84
173 94
287 212
149 57
225 83
230 10
299 196
242 168
297 168
294 191
269 25
147 31
196 93
250 180
243 47
234 101
205 81
127 48
269 47
260 172
141 31
261 133
298 123
166 12
197 14
287 155
148 30
169 84
247 88
285 44
226 42
261 6
108 26
145 18
259 93
137 45
87 22
299 28
291 101
180 10
191 107
261 174
247 51
111 48
293 144
255 191
271 2
249 129
92 1
284 161
123 32
299 83
251 26
133 64
280 39
255 129
1390921 1390654
1001737 1001607
1003317 1003098
1003215 1003054
2562764 2562505
1001727 1001576
1006378 1006147
1001020 1000869
1000928 1000784
1006356 1006226
1006306 1006153
1001006 1000870
1006337 1006140
1001058 1000886
1097816 1097665
1097858 1097666
1000932 1000790
1006373 1006193
1006385 1006179
1006393 1006203
1006339 1006157
1000996 1000794
1781518 1781266
1000966 1000832
1012484 1012243
1012407 1012268
1000957 1000792
1012410 1012264
1001000 1000859
1012454 1012292
1781521 1781322
1390831 1390638
1097869 1097685
1195569 1195422
1049094 1048917
1049079 1048881
1049033 1048886
1390910 1390731
1195604 1195330
1195527 1195322
1003321 1003119
1195556 1195413
1001780 1001543
1001802 1001663
1390912 1390686
1003250 1003107
1001758 1001564
64 9
51 11
67 15
58 18
39 14
69 26
94 45
90 47
105 56
175 113
163 106
133 98
158 117
220 163
99 76
49 38
170 133
260 204
289 228
179 142
110 90
69 57
157 130
242 201
300 251
283 237
249 209
182 155
238 204
1049029 1048896
220 203
212 196
210 195
278 259
288 270
223 211
217 207
133 129
1000911 1000785
1049126 1049001
1024682 1024563
1195502 1195369
1003169 1003058
1390823 1390675
1097899 1097789
1003281 1003181
1024657 1024555
1003245 1003150
1024655 1024558
1390777 1390647
1781470 1781305
256 53
1195553 1195444
1024645 1024553
1390840 1390716
1003219 1003131
1049096 1049009
1000924 1000842
1049120 1049036
1003135 1003056
1001620 1001543
1390785 1390679
1001782 1001706
2562727 2562534
2562779 2562594
1097826 1097750
2562687 2562512
299 270
1781426 1781302
1000876 1000785
1097763 1097692
1024571 1024514
1012403 1012348
1097781 1097730
89 94
13 18
