100038694
175 3
125 9
212 59
273 37
250 87
172 41
132 32
292 126
275 13
150 29
60 11
102 41
113 34
156 30
247 64
207 78
48 19
124 28
227 71
197 8
213 56
197 80
292 120
300 32
244 49
124 31
169 21
300 84
144 49
230 7
50 7
123 21
127 34
179 12
184 26
67 29
137 10
100 42
169 71
238 9
8 1
182 28
118 15
110 13
238 88
279 88
252 78
215 94
244 105
184 60
215 88
191 21
149 14
216 2
275 14
286 106
266 26
223 62
178 14
144 47
249 71
17 2
172 58
268 80
238 47
53 18
292 114
184 35
117 13
248 39
169 31
167 52
61 20
245 33
221 100
238 65
132 16
83 19
295 55
147 42
202 33
231 101
273 105
291 1
161 32
199 21
300 74
179 19
264 30
99 18
25 2
210 70
300 9
230 17
251 28
282 103
214 63
222 44
214 89
169 62
278 77
136 6
232 11
194 37
232 8
135 3
272 94
206 13
262 39
237 27
115 34
174 59
155 44
195 75
207 70
131 51
202 64
249 107
269 55
105 22
211 95
276 67
259 16
223 49
214 43
178 49
248 88
203 7
192 72
247 6
162 69
239 78
186 79
180 20
105 61
267 160
257 130
289 164
136 62
186 94
292 162
171 83
198 112
96 53
62 29
173 93
284 129
192 114
99 54
197 112
149 90
153 85
272 127
215 118
163 83
23 12
98 54
104 54
248 125
269 124
137 72
177 81
113 54
64 33
162 96
116 57
207 99
285 162
208 98
116 64
253 137
114 62
251 145
243 135
233 109
277 127
297 140
228 123
216 99
41 20
262 185
37 24
179 121
106 70
225 165
94 61
239 155
292 211
240 162
184 115
256 183
155 109
173 127
299 200
197 129
247 181
261 162
205 130
212 151
191 130
269 168
274 188
133 91
257 183
166 111
93 62
107 73
288 196
134 88
144 97
93 58
145 91
229 147
272 195
203 127
196 120
161 113
290 190
228 148
219 141
276 180
250 167
291 214
257 189
111 82
274 203
213 159
258 193
183 138
237 179
270 204
221 167
190 145
290 222
280 215
275 214
257 200
168 131
298 233
287 225
247 194
154 122
179 142
258 205
132 105
245 195
211 168
146 118
129 105
298 243
283 231
242 198
178 146
73 60
222 183
270 223
256 212
106 88
231 192
18 15
178 149
117 98
100 84
247 208
282 238
230 195
267 228
300 257
116 100
76 66
176 153
180 159
101 90
253 226
177 159
120 108
281 253
173 158
275 252
247 229
266 247
295 276
233 218
215 202
200 188
224 211
203 194
1195596 1195330
1195603 1195343
1195569 1195352
1390925 1390676
1390874 1390626
1195561 1195363
1390897 1390670
106 43
1390862 1390644
1390865 1390663
1195610 1195446
1781529 1781289
1195605 1195444
1390886 1390702
1781521 1781298
1781475 1781254
1781466 1781252
1390902 1390736
1195460 1195318
1781524 1781330
1195479 1195349
1195582 1195455
1195557 1195433
1390847 1390714
1781507 1781338
1195496 1195388
1195449 1195342
1781411 1781252
1781531 1781373
1781547 1781391
1195551 1195447
1195472 1195371
1781458 1781309
1781462 1781316
1781470 1781326
2562707 2562523
2562732 2562525
2562703 2562509
1781472 1781330
1195470 1195374
1195537 1195441
1390747 1390636
1781466 1781336
1390912 1390812
2562749 2562570
2562789 2562617
4125291 4125024
1390769 1390679
1390766 1390677
1390801 1390713
2562782 2562627
2562667 2562518
1195535 1195341
4125261 4125006
2562780 2562635
4125277 4125053
2562723 2562585
1195382 1195319
21 21
