100021696
79 1
98 2
150 6
190 9
104 5
82 4
178 9
167 15
40 4
195 20
113 12
44 5
86 10
100 12
94 13
199 30
125 19
157 24
167 26
151 24
134 22
92 16
131 23
154 29
156 30
130 26
132 28
117 25
88 19
111 24
133 29
173 38
134 30
83 21
157 40
194 51
197 54
182 53
74 22
127 39
174 54
77 25
81 28
194 69
116 42
198 72
188 72
173 67
140 56
174 70
82 33
78 32
142 61
91 44
151 74
128 63
97 49
68 35
56 29
187 97
119 62
177 94
92 49
174 93
185 99
178 98
166 1
125 71
70 40
103 59
82 47
74 43
199 117
145 87
30 18
84 51
76 47
194 122
92 58
199 127
128 82
155 102
106 71
173 116
67 45
87 60
27 19
155 111
29 22
119 91
131 101
110 85
196 155
96 76
196 158
163 133
153 127
93 78
160 135
180 153
68 58
90 77
120 104
87 76
196 172
102 90
43 38
9 8
49 44
156 141
171 155
151 137
109 99
142 134
101 97
116 113
198 193
91 90
125 124
205489 205319
205503 205347
205505 205354
205486 205345
205484 205349
205446 205313
205458 205327
199 112
205497 205370
205482 205359
205496 205379
205459 205343
205461 205346
205488 205375
205492 205381
205483 205382
205482 205383
205499 205400
205427 205331
205412 205317
205455 205369
400822 400658
400793 400630
205416 205333
400816 400662
205494 205419
400822 400676
400799 400654
400804 400659
205391 205317
205442 205368
205455 205381
205476 205405
400810 400679
205442 205375
400813 400685
400822 400694
400757 400633
400766 400643
205445 205385
400789 400676
400794 400682
205372 205315
400767 400661
400795 400690
205417 205364
205443 205392
400825 400729
205371 205324
205413 205366
400737 400650
400772 400685
205391 205347
791438 791269
205481 205438
400818 400736
205395 205353
791444 791285
400707 400628
205502 205373
400812 400737
791426 791280
205490 205453
791447 791306
400707 400638
791417 791281
791447 791312
205415 205380
400811 400743
400744 400678
791421 791291
791442 791313
791444 791316
791444 791316
205390 205357
400764 400700
791411 791285
205452 205420
400790 400731
205366 205337
205368 205339
400814 400759
791404 791296
205484 205456
791369 791263
791421 791316
400696 400643
400687 400636
400697 400647
1572699 1572503
791438 791340
791366 791270
791400 791304
791375 791281
400732 400685
1572682 1572506
400697 400654
400803 400760
791377 791293
791418 791335
791414 791332
791440 791359
400722 400681
205496 205475
1572683 1572524
791352 791273
205450 205430
1572686 1572534
400754 400677
1572670 1572522
1572672 1572525
1572695 1572551
1572646 1572503
400801 400765
791399 791328
1572654 1572514
400765 400731
1572666 1572534
1572639 1572509
791358 791293
1572646 1572517
791320 791256
1572700 1572575
1572675 1572552
791313 791253
1572631 1572518
1572622 1572512
400729 400701
791433 791378
791311 791257
791355 791301
400664 400637
791333 791280
400757 400731
1572648 1572547
205425 205412
205469 205456
1572691 1572595
791378 791330
1572655 1572506
205358 205345
400763 400739
1572623 1572529
1572658 1572570
205412 205401
400708 400684
1572606 1572518
205422 205411
791339 791297
791434 791394
400790 400777
791419 791385
791342 791300
791379 791337
791433 791394
791324 791288
205456 205447
791367 791333
400716 400699
791294 791262
400767 400751
791430 791400
400737 400722
400675 400664
400664 400656
400684 400678
205428 205425
205429 205428
205394 205394
205375 205376
205317 205322
205349 205355
184 188
205331 205338
205472 205482
205361 205371
183 185
5 6
