1041305
15915 15707
15913 15700
55 23
134 107
263 60
134 69
142 8
265 24
298 131
190 25
258 126
293 52
266 230
15932 15678
295 144
114 56
217 36
186 67
67 41
15900 15709
148 11
229 132
97 34
139 8
75 40
247 30
150 123
282 245
15905 15719
162 19
185 60
291 21
247 76
252 167
231 55
185 133
222 114
279 17
212 168
222 164
289 211
297 158
212 31
287 243
204 32
243 11
15911 15661
204 61
288 43
222 93
276 5
219 130
110 54
215 163
249 70
15903 15689
15862 15657
93 6
90 47
279 118
270 55
180 118
108 18
183 60
280 184
253 29
192 12
150 26
156 5
128 9
44 5
255 183
126 86
15914 15744
171 86
189 81
240 179
243 150
49 15
189 61
15852 15676
203 101
250 166
140 25
254 46
15934 15655
187 94
146 109
193 163
186 4
251 28
198 123
204 1
174 51
15824 15657
265 229
266 191
167 3
128 42
15836 15655
187 124
200 20
72 49
255 178
203 179
140 2
274 91
159 62
203 42
250 1
150 15
254 164
208 36
282 63
123 56
220 178
154 84
230 19
261 209
135 19
190 128
237 164
247 32
190 74
122 29
220 139
183 154
225 180
8072 7919
217 134
8121 8022
123 9
251 144
245 1
245 69
8061 7922
159 124
275 199
197 127
279 218
257 30
122 64
127 31
209 3
254 18
8099 7863
8059 7961
222 192
241 146
227 165
252 95
114 53
91 34
8078 7967
248 73
257 48
220 67
285 210
8089 7948
182 61
287 175
276 82
147 121
92 45
8025 7914
100 25
213 166
8032 7860
201 138
297 122
191 98
113 30
220 111
127 28
141 5
287 212
210 73
199 147
166 93
8114 7948
206 115
273 145
254 141
124 80
273 162
300 121
114 57
292 164
279 236
151 98
207 134
8086 7906
8116 8019
181 114
221 195
190 34
126 77
96 18
7982 7828
276 202
236 196
154 95
123 74
189 45
206 178
214 118
286 237
8114 7880
166 90
207 122
279 119
222 102
179 37
249 171
229 60
166 46
126 50
70 3
2120 1979
2146 2045
2070 1997
2143 2002
2223 2103
7965 7855
2243 2139
8119 8005
2099 2002
2251 2152
2176 1997
2176 2057
2114 2014
2200 1972
2263 2118
2193 2148
2173 2056
8016 7879
2142 2023
2087 2008
2225 2112
2160 2013
2213 2155
2148 2061
2236 2089
2052 1964
2242 2118
2235 2000
2224 2044
2125 1994
2258 1985
2228 1978
8067 7931
2079 2002
2174 2021
7954 7824
2047 1996
2091 2024
2115 2012
2170 2074
2071 1975
2059 2015
2097 2032
2255 2136
2101 2036
2263 2131
2170 2116
2184 2031
4056 3979
4211 4100
4175 4084
4215 4078
4212 3999
4205 4019
4194 4033
8024 7858
4083 4026
4077 4015
8049 7928
8045 7928
8071 7824
4115 3993
4129 4060
4149 3917
4094 3942
4206 3933
4135 3938
4125 4009
4204 4134
4011 3932
8017 7896
4021 3965
8118 7883
4038 3955
4173 3980
4080 3948
4156 3970
8046 7838
4142 4068
4190 4015
4041 3952
4137 4058
4054 3977
4160 3923
4159 3938
4026 3936
4186 4075
4120 3953
4105 3986
4192 3959
8075 7954
8087 7963
8020 7903
7967 7843
27 5
29 10
18 10
17 10
22 13
32 21
137 119
40 35
156 137
151 134
203 181
217 194
153 137
278 256
205 190
248 231
73 68
152 144
275 261
153 147
191 184
193 187
295 286
2232 2197
2053 2024
71 70
2226 2198
4065 4014
4066 4016
4103 4053
4195 4146
262 259
2037 2014
2088 2065
4098 4053
7948 7863
4035 3992
4156 4112
8005 7921
7963 7880
2125 2103
292 289
15927 15768
8016 7936
8110 8030
15924 15769
15884 15730
4067 4029
15926 15778
8107 8032
15854 15714
15903 15765
15927 15791
15837 15703
15918 15784
7901 7835
15775 15646
110 77
31513 31262
8119 8056
4138 4106
4028 3997
2237 2221
2224 2211
238 237
