516805
291 79
250 48
246 40
278 43
263 33
215 14
206 19
132 13
116 19
244 49
208 43
250 64
142 38
269 76
292 95
148 49
139 47
217 77
126 46
197 74
200 76
227 99
95 44
178 86
122 59
214 106
62 31
288 147
238 124
290 157
226 123
55 30
149 88
186 117
283 180
269 174
274 178
201 134
102 71
92 67
223 170
279 217
293 231
203 176
294 255
263 230
252 237
190 180
229 223
146 11
500309 500058
242 267
121 263
219 225
173 181
128 134
168 179
163 176
235 255
130 142
227 250
236 264
183 211
138 163
197 234
195 238
152 187
219 270
47 58
170 213
195 262
127 171
69 94
139 191
159 231
117 172
134 199
170 263
48 79
124 206
128 214
127 223
121 214
152 270
130 251
112 222
38 81
116 250
79 191
100 264
81 214
61 163
84 243
18 60
78 291
16 71
10 57
23 179
33 272
9 120
3 139
