96912807
95 2
41 2
76 4
89 11
65 10
59 15
58 15
91 24
29 8
64 20
87 28
84 31
98 39
73 32
68 41
47 29
35 22
79 50
73 49
55 38
71 53
18 14
87 68
56 50
80 72
93 85
56 52
86 82
87 2
3126100 3126016
3126083 3126006
3126084 3126008
3126091 3126021
3126079 3126012
3126086 3126019
3126090 3126023
3126090 3126027
3126078 3126019
3126077 3126019
3126086 3126036
3126100 3126050
3126077 3126033
57 55
3126078 3126021
3126088 3126045
3126077 3126035
3126100 3126070
3126096 3126058
3126079 3126042
3126082 3126052
3126091 3126066
3126091 3126067
3126097 3126078
3126088 3126070
3126088 3126082
3126085 3126081
3126086 3126082
3126086 3126082
49 49
96 96
58 58
28 28
3126090 3126091
3126081 3126082
3126088 3126090
17 69
92 94
81 83
93 96
76 80
63 70
45 50
63 70
79 88
83 96
66 77
62 74
73 90
72 95
25 33
69 92
49 67
65 90
53 74
65 92
15 23
55 86
45 85
28 53
45 90
34 71
39 82
43 96
28 67
22 57
34 96
7 24
15 53
23 83
9 35
9 41
16 87
6 34
13 75
14 97
8 59
10 85
8 72
3 61
4 95
3 81
