5001017695
286 162
299 2
271 108
254 99
192 17
296 110
257 94
244 64
193 63
253 79
119 6
90 6
118 15
147 30
130 36
187 68
55 21
204 88
60 26
209 100
226 117
146 82
163 94
291 168
284 167
207 122
251 148
299 177
208 124
147 89
256 162
283 194
282 195
286 198
197 139
268 191
101 72
271 197
197 147
160 120
217 167
115 89
292 232
245 195
262 217
233 194
300 250
217 181
283 240
121 106
247 217
133 117
236 209
200 179
210 190
27 25
182 175
111 7
5001000300 5001000081
238 297
144 144
228 285
2 295
45 47
25 28
102 117
122 140
171 197
80 93
112 131
213 264
144 180
114 148
149 195
171 226
118 156
101 135
60 82
207 291
95 136
73 107
41 62
72 109
97 147
65 99
109 167
161 248
145 244
91 156
113 204
113 225
60 126
136 289
112 257
61 140
98 235
104 260
94 235
87 231
98 283
19 55
72 223
76 238
88 280
69 221
43 138
84 276
58 199
45 177
43 215
38 208
28 156
9 55
34 210
22 147
37 257
4 31
7 92
14 288
9 266
7 242
