99817970
61 5
85 8
60 8
52 7
59 8
45 7
63 10
93 15
71 13
72 15
80 5
53 15
91 34
97 37
93 36
95 37
59 23
69 27
28 12
87 38
89 40
97 57
89 56
87 55
85 58
70 49
65 46
53 38
62 45
80 59
82 61
34 29
43 39
13 12
195411 195322
195389 195321
195398 195332
195407 195351
195398 195343
195374 195323
195386 195335
195373 195327
390725 390643
195396 195356
195405 195365
390704 390626
195384 195346
390714 390648
390725 390660
195360 195329
390685 390628
195360 195333
390717 390665
390698 390648
390719 390671
195366 195342
390717 390670
390711 390666
390717 390673
390688 390645
781333 781252
781350 781269
781346 781266
781349 781272
390713 390676
390721 390684
195397 195379
781350 781279
195371 195354
781321 781257
195399 195383
781319 781260
781338 781280
195375 195361
390719 390692
781338 781287
781341 781292
390665 390641
781325 781278
781307 781261
1562597 1562508
195388 195377
781300 781259
1562599 1562521
781317 781278
390704 390685
1562583 1562513
1562586 1562516
8 2
1562589 1562521
781342 781309
195376 195368
1562573 1562512
1562578 1562517
1562587 1562527
1562599 1562543
781330 781302
390706 390692
781317 781290
390725 390712
1562582 1562533
195329 195323
1562567 1562521
781292 781270
781301 781279
781339 781317
781339 781317
781331 781296
781285 781261
1562587 1562545
1562600 1562565
1562597 1562591
1562586 1562569
390642 390634
195334 195330
1562580 1562550
390669 390663
1562571 1562552
1562593 1562579
390659 390656
781303 781298
781341 781339
781321 781321
390722 390722
390659 390659
1562581 1562582
1562587 1562592
1562588 1562594
390653 390655
1562583 1562593
781338 781344
390667 390670
390654 390657
781303 781311
1562580 1562596
1562581 1562599
781284 781293
390660 390665
390656 390661
781291 781301
781292 781303
1562569 1562592
390662 390668
781309 781321
195367 195389
781293 781306
390703 390710
390687 390694
781314 781329
781311 781327
781286 781302
195339 195344
781313 781340
390658 390673
195370 195378
390662 390678
781299 781331
781292 781324
195391 195400
195331 195340
781302 781339
390654 390673
390684 390706
195340 195351
195370 195382
390662 390686
781288 781338
195338 195351
390664 390690
781290 781349
390677 390710
390669 390703
195326 195344
390647 390685
390657 390696
195386 195406
195352 195374
195364 195387
390666 390712
195365 195392
195348 195377
195350 195382
390656 390723
195366 195401
195363 195398
195327 195366
195351 195392
195329 195374
195329 195377
195324 195373
195356 195408
195352 195408
195349 195405
195340 195398
195336 195394
195344 195403
195329 195392
195326 195394
195325 195396
195325 195397
195323 195400
31 32
29 31
87 97
66 78
48 61
65 83
46 63
61 88
19 29
17 26
55 86
41 65
38 67
50 100
15 42
28 92
21 88
12 58
14 70
11 99
7 86
2 38
3 71
1 67
1 80
