1011415
139 52
148 93
119 25
1132 1016
168 70
642 593
171 74
71 26
150 41
64 17
162 111
1182 1059
685 583
1133 1051
1160 1063
1066 995
173 49
47 23
183 126
196 9
450 320
447 256
438 270
430 326
2150 1980
174 88
51 35
392 263
2135 1987
198 50
433 363
133 20
402 352
102 4
402 371
155 68
314 278
266 181
252 136
152 51
140 69
151 92
297 239
147 60
69 43
168 138
287 261
168 101
191 11
175 83
183 93
125 17
170 27
186 12
101 49
158 42
113 53
73 52
179 97
153 52
60 35
141 5
161 43
102 21
168 2
200 130
188 152
115 36
139 41
195 142
75 35
1179 1104
121 63
99 45
199 70
181 9
31402 31308
62680 62549
7920 7877
31436 31311
15701 15637
7939 7859
2080 1994
15818 15651
7942 7881
2126 2022
690 661
4043 4011
4116 3942
15831 15684
8005 7902
4068 3948
1028 1000
3980 3945
7980 7912
4047 4013
3996 3957
4106 3980
7974 7872
2039 2007
1059 1026
4084 3998
2115 2061
2050 1984
2146 2043
2124 2067
2046 1991
8017 7930
15793 15649
15830 15679
2082 2028
15828 15695
15827 15730
62706 62569
21 8
14 9
22 16
126 116
191 178
119 112
170 160
340 321
127 120
416 399
183 176
628 614
646 633
1149 1127
324 320
1027 1017
1057 1047
2141 2123
3955 3933
4011 3993
7918 7888
8009 7980
8001 7973
4083 4070
1994 1989
15822 15785
4103 4094
15705 15671
15763 15729
7916 7899
15789 15756
31393 31328
31403 31352
31443 31393
62631 62537
31454 31413
125189 125028
193 58
7868 7830
62691 62611
62632 62555
1081 1080
8021 8017
168 168
