1002706
91 4
32 2
51 5
77 9
56 8
77 11
78 12
90 14
48 8
23 4
74 13
55 10
93 17
49 9
64 12
100 19
38 8
79 17
23 5
91 20
66 15
60 15
96 25
74 22
63 19
59 18
49 15
45 14
16 5
62 20
74 24
74 25
48 17
80 29
73 27
45 18
73 32
86 39
43 20
86 40
74 38
44 23
17 9
82 44
83 46
56 32
64 37
17 10
90 53
81 5
56 34
39 24
81 50
66 41
52 33
28 18
74 48
18 12
42 28
74 50
86 60
61 43
95 67
68 48
43 32
25 19
21 16
80 61
100 78
78 62
100 80
41 33
70 57
44 36
75 62
30 25
31 26
25 21
40 34
67 57
96 82
85 73
64 55
60 52
99 86
58 51
52 47
75 68
67 61
96 88
90 84
92 86
74 70
68 65
93 89
60 58
74 72
77 75
62 61
69 68
96 95
131342 131256
93 55
66 64
162600 162506
81 93
350099 350005
350096 350018
16 16
41 41
69 70
41 42
79 81
20 21
36 38
13 14
27 30
28 32
78 90
68 80
27 32
52 62
36 43
60 72
68 82
47 57
22 27
73 90
58 72
29 36
52 65
44 56
38 49
75 97
17 22
52 68
32 42
43 57
71 98
72 100
43 61
24 35
63 92
52 78
61 92
47 72
33 51
36 56
