626083
289 124
285 97
236 6
280 9
223 12
216 14
269 18
185 14
274 24
243 25
277 29
212 23
200 24
298 36
269 88
271 36
279 49
247 44
299 90
191 36
245 73
219 48
276 66
204 50
252 71
66 1
91 12
133 24
166 33
145 38
10 3
166 56
189 64
185 68
138 54
129 53
232 96
56 24
107 49
219 101
270 126
212 4
200 96
284 141
237 118
280 147
233 123
168 89
215 115
136 77
256 145
142 82
263 153
293 177
232 143
281 181
220 142
134 87
246 161
67 44
71 47
97 67
285 197
278 193
248 175
178 129
210 154
286 214
168 128
273 212
128 100
225 179
147 117
256 206
229 185
189 153
263 213
36 30
252 213
54 46
98 86
192 187
182 86
600300 600084
267 271
84 84
181 293
60 61
45 46
262 268
245 265
87 95
155 171
105 117
180 207
156 182
159 192
214 259
167 204
90 110
27 34
101 130
184 239
87 116
207 277
128 179
20 28
156 219
172 242
179 255
68 98
178 268
77 118
144 222
106 165
145 230
62 99
178 298
172 290
160 274
122 211
83 147
106 191
159 290
86 160
108 201
150 281
114 214
38 72
152 290
130 254
26 51
39 78
133 267
117 242
137 297
116 255
126 280
55 126
90 247
37 103
99 278
25 72
78 227
67 196
96 297
68 224
73 251
15 52
72 252
46 162
66 233
58 213
70 270
57 228
35 141
58 253
65 286
64 286
54 257
30 143
25 120
53 262
49 250
25 131
54 294
34 205
27 171
38 246
8 65
15 125
30 272
6 56
9 87
22 226
25 257
18 222
13 216
13 270
5 255
1 276
