1015477
227 2
270 4
266 4
253 8
274 13
223 12
294 17
200 14
170 14
269 23
230 25
149 17
132 16
101 13
239 32
247 36
278 42
69 11
300 49
116 19
186 32
176 31
187 34
32 6
219 45
212 48
197 45
236 57
182 45
87 23
283 76
222 62
159 45
183 55
222 68
294 92
258 81
294 98
170 58
203 70
280 98
272 102
251 104
249 106
174 75
96 42
101 46
260 122
64 31
235 118
271 142
166 87
160 88
247 136
299 169
176 102
130 76
180 107
210 125
257 162
244 155
254 165
217 148
282 199
221 158
75 55
300 220
244 179
65 48
259 194
266 200
264 201
156 120
80 62
242 188
194 151
153 120
190 150
83 66
206 166
261 211
94 76
261 212
222 186
244 208
32533 32258
32515 32252
32530 32274
32546 32291
32541 32288
32513 32264
32540 32305
32531 32298
32506 32312
32525 32343
32507 32326
32509 32332
32480 32305
32424 32262
63799 63514
182 67
63794 63506
32422 32262
63787 63508
63779 63542
63788 63552
63789 63568
63738 63520
63735 63533
