1015278
3235 3089
3186 3046
252 126
258 26
265 199
273 30
278 198
3166 2994
3250 2982
144 94
5181 4949
281 49
201 128
202 60
157 105
207 124
3215 2997
229 111
288 103
203 53
182 46
5206 4915
199 141
232 121
3247 3060
71 24
290 173
299 90
212 142
51 6
290 102
231 142
179 102
268 221
282 185
3145 2969
147 81
3198 3006
3231 2955
3116 2993
3110 2977
3217 3008
3202 3001
5130 5035
9072 8948
5195 5116
3058 2971
3138 3022
5097 4946
5087 4919
5103 4948
5195 4999
5090 4923
9104 8847
5187 4987
5151 5006
3092 3009
9099 8853
5083 4942
3098 3023
9080 8927
9027 8960
32530 32272
5138 5026
9064 8909
9090 8917
5105 5016
16821 16705
16870 16641
3228 3151
16922 16697
5118 5043
16799 16630
9083 8921
9074 8944
16777 16654
3154 3114
9012 8883
3234 3168
9021 8815
9029 8862
16918 16626
5203 5074
9101 9027
5154 5104
127 116
184 172
255 242
3212 3187
4953 4920
32492 32287
32549 32353
32546 32362
9098 9051
5058 5032
4933 4909
16800 16720
5081 5057
32475 32325
16911 16833
32455 32309
8923 8884
63780 63502
63775 63501
32433 32294
16800 16728
32497 32361
3192 3179
244 16
16776 16630
3028 2965
63794 63536
63793 63537
5167 5148
3026 3025
54 54
260 262
