9999805348
62 1
294 5
273 7
276 9
234 8
272 10
243 9
255 11
295 13
170 9
159 9
206 12
179 12
262 20
212 17
265 2
149 13
234 24
211 22
166 20
139 19
204 28
225 34
198 34
182 32
213 38
241 45
94 18
299 61
239 49
223 46
268 57
295 65
99 22
287 66
201 49
155 39
248 63
232 60
129 37
277 81
226 67
149 46
66 21
89 29
297 97
213 70
167 55
275 92
161 54
224 80
184 66
130 52
278 112
228 92
210 86
227 93
283 116
245 102
69 29
291 123
199 16
287 123
208 92
218 104
242 116
57 28
256 128
258 130
77 39
269 137
131 67
252 130
220 121
231 129
208 121
65 38
213 126
45 27
293 176
213 128
78 47
230 139
273 166
191 119
234 147
170 107
262 165
145 93
116 76
235 154
157 103
207 136
222 146
167 111
123 82
292 195
144 100
244 170
205 144
82 58
278 199
168 122
209 89
235 173
134 100
186 139
189 143
99 76
113 87
274 214
193 151
167 133
180 144
222 178
182 146
74 60
291 247
294 250
241 205
95 81
259 222
224 198
267 241
293 265
282 257
228 208
207 190
42 39
141 131
279 260
187 177
227 216
168 160
292 279
236 226
190 182
56 54
226 219
290 282
117 114
260 255
266 262
230 227
167 122
277 275
285 298
1625000299 1625000036
1156250291 1156250147
1001221002 1001220884
1004883112 1004883027
1009765924 1009765848
1039062798 1039062745
1004883110 1004883064
1156250293 1156250286
1002441705 1002441706
217 274
275 276
156 159
40 41
262 270
175 181
165 172
161 168
189 198
130 137
213 225
164 176
250 269
189 205
272 297
184 201
248 272
273 300
259 289
204 228
239 268
171 192
251 286
100 114
217 249
206 237
91 107
250 297
164 195
248 295
171 204
85 103
174 214
193 242
201 253
65 167
117 148
134 171
124 163
158 208
212 281
59 80
174 236
58 79
41 56
133 185
167 238
106 152
135 194
187 271
89 130
169 247
185 271
198 293
77 114
45 68
148 228
172 265
90 142
172 279
170 277
30 49
11 18
84 138
164 277
66 114
59 102
91 158
65 113
137 240
158 279
102 182
164 293
114 205
107 194
118 215
156 287
156 288
87 163
123 233
96 183
116 222
146 281
150 291
127 252
93 185
61 126
80 167
83 177
92 198
118 268
123 280
89 209
20 47
41 99
114 279
45 113
105 265
116 298
6 186
93 242
115 300
85 223
90 243
84 235
91 257
58 167
92 266
58 169
69 208
94 296
28 91
75 246
45 153
47 163
69 251
79 289
55 204
63 234
76 289
59 228
59 229
45 180
60 241
20 82
53 220
70 291
46 198
31 134
64 286
36 166
36 172
37 184
57 297
40 212
34 181
51 282
39 226
37 224
25 152
45 284
39 260
10 77
34 262
11 91
27 225
13 114
18 175
1 10
13 139
12 135
22 258
21 259
10 130
2 28
11 167
18 278
10 192
5 105
3 70
7 179
7 249
6 274
3 177
