9999883161
227 6
70 2
256 9
137 7
294 24
290 2
249 30
265 34
299 39
59 8
146 20
141 21
67 10
64 10
224 37
240 42
190 34
195 36
290 56
118 24
42 9
260 61
162 44
279 85
270 89
215 72
287 98
120 45
137 58
147 63
258 111
260 114
270 122
264 121
234 109
233 111
174 84
107 12
65 35
120 67
166 94
81 46
7 4
168 101
223 145
199 130
278 183
27 18
197 134
182 125
294 206
298 210
200 141
191 136
198 141
288 206
239 176
286 211
160 120
255 197
163 128
234 186
293 235
220 178
125 102
250 206
252 208
243 205
238 121
223 196
295 260
229 202
228 202
264 234
240 213
90 81
268 242
185 170
291 269
134 124
134 124
245 228
90 84
249 235
293 278
164 156
286 277
29531550 29531313
29531508 29531348
49062799 49062547
49062793 49062593
29531550 29531447
29531487 29531385
88125283 88125003
29531450 29531360
49062742 49062605
88125274 88125057
88125217 88125034
88125287 88125175
88125296 88125192
88125207 88125105
88125293 88125197
49062765 49062713
243 212
49062694 49062663
322500275 322500131
322500288 322500144
29531486 29531473
88125200 88125169
635000273 635000061
635000237 635000072
88125299 88125229
166250280 166250260
635000245 635000175
635000235 635000176
322500234 322500213
322500292 322500277
1260000279 1260000246
240 240
131 131
289 289
322500263 322500263
1260000266 1260000276
322500255 322500260
635000276 635000288
322500243 322500287
166250268 166250296
88125192 88125255
166250261 166250294
166250192 166250253
49062671 49062704
29531422 29531490
124 215
171 172
116 120
196 206
274 292
210 226
229 247
252 272
98 106
139 157
174 197
130 149
94 108
223 257
227 262
86 101
184 221
151 183
229 279
163 202
174 217
208 286
144 200
213 298
130 183
209 296
85 121
132 188
170 243
40 58
192 279
109 161
111 165
175 262
159 241
191 295
83 132
103 166
173 279
109 177
40 65
135 226
165 277
140 237
125 216
90 156
49 188
167 293
123 217
112 209
151 289
132 253
142 278
119 233
108 212
48 99
40 83
64 136
44 94
95 213
22 54
31 77
59 153
29 76
20 53
85 226
73 199
99 273
98 271
88 245
86 242
39 112
41 118
95 275
81 235
53 156
76 228
67 206
52 167
75 243
81 264
30 103
85 293
59 204
10 37
33 128
34 136
42 183
67 292
29 129
28 141
15 76
41 223
28 170
22 138
29 209
21 159
21 190
24 235
8 98
13 176
6 95
16 286
13 242
14 286
7 167
9 246
8 247
5 171
5 195
2 123
