980374
103 4
180 9
100 7
155 18
159 20
127 20
139 22
92 17
92 23
107 32
137 45
78 27
107 40
182 81
200 109
149 82
130 72
186 104
184 104
77 44
57 35
54 35
191 138
46 34
163 121
189 144
60 51
147 127
77 72
26 25
162 160
31428 31253
129 3
31424 31253
31424 31257
31445 31279
31430 31266
31442 31280
31425 31266
31432 31275
31438 31281
31420 31264
31419 31264
31416 31275
31448 31275
31409 31295
31449 31336
31431 31349
169 194
31430 31356
31426 31364
31434 31381
31430 31381
31430 31396
31446 31417
31448 31420
31425 31415
31427 31417
31433 31426
31445 31448
31434 31437
31413 31427
31423 31449
31407 31441
133 192
91 94
36 38
122 130
132 143
100 133
56 75
101 136
92 125
74 102
113 156
105 150
49 71
81 131
79 134
115 198
40 73
83 153
46 88
70 175
52 134
37 98
33 129
25 128
13 109
8 135
3 194
