99988002
231 3
262 20
204 18
217 26
168 31
150 28
252 50
219 45
255 77
100 47
110 52
76 40
181 102
254 151
201 139
200 141
254 196
259 212
246 13
124 103
68 59
262 229
258 242
3225300 3225042
3225245 3225002
3225231 3225009
3225216 3225006
3225289 3225090
3225257 3225077
3225195 3225024
3225197 3225063
3225257 3225132
290 240
3225158 3225024
3225218 3225114
3225167 3225065
3225251 3225150
3225282 3225187
3225177 3225087
3225267 3225178
3225295 3225216
3225215 3225139
3225197 3225132
3225239 3225181
3225191 3225161
3225265 3225235
3225284 3225258
3225195 3225172
3225244 3225228
3225215 3225248
3225183 3225220
3225178 3225215
3225231 3225274
3225150 3225222
3225165 3225249
239 251
31 33
250 281
36 42
159 212
89 142
98 225
88 248
39 124
68 291
56 266
27 147
12 245
6 137
8 251
1 225
