100021141
180 1
121 1
141 3
125 3
195 5
148 5
94 4
173 8
118 9
54 5
140 13
154 15
118 12
105 12
189 24
39 5
59 8
177 24
44 6
175 24
174 24
140 21
143 23
87 14
91 15
137 26
26 5
65 13
185 37
169 34
78 16
150 31
200 43
87 19
68 15
78 18
119 28
192 46
113 29
109 28
200 52
190 51
193 52
187 51
152 42
95 28
149 44
143 44
38 12
104 36
165 59
173 64
191 71
180 67
107 40
183 69
66 25
128 49
99 38
134 53
168 67
194 80
181 75
79 33
192 81
186 79
150 64
117 50
183 79
53 23
137 60
196 87
173 77
146 66
146 67
61 28
490763 490631
155 83
96 46
174 84
133 68
295495 295415
195 101
175 91
178 93
86 46
162 87
117 64
188 103
148 83
184 105
194 111
129 74
111 64
91 54
160 95
196 117
163 101
182 113
142 89
78 49
161 103
141 92
135 89
97 64
185 124
124 84
161 110
195 134
192 132
193 134
117 83
295512 295431
167 119
490808 490673
167 121
490815 490673
89 66
185 138
186 140
138 104
177 134
99 75
154 117
200 152
130 101
114 89
295489 295400
490821 490669
185 146
198 158
164 132
166 135
142 117
490823 490663
196 167
295445 295342
295508 295404
295431 295327
187 163
295511 295376
295498 295352
295467 295321
295507 295351
295492 295336
295506 295331
881441 881331
490706 490647
1662697 1662503
881446 881344
881446 881345
881412 881315
490730 490677
881445 881354
1662685 1662520
881398 881311
1662669 1662510
3225196 3225025
3225194 3225013
3225195 3225002
490792 490746
490815 490769
1662695 1662545
881400 881322
1662642 1662542
1662658 1662551
1662627 1662520
1662693 1662560
881350 881281
1662649 1662519
1662660 1662552
1662636 1662523
1662696 1662581
1662665 1662550
3225183 3225001
881420 881336
295482 295404
295424 295348
295431 295357
490818 490697
295435 295363
490766 490650
490764 490650
490752 490644
295390 295326
490805 490699
490737 490632
490751 490646
490802 490699
295487 295429
295433 295377
295480 295426
490782 490693
295462 295409
881412 881254
881426 881268
295406 295354
881434 881280
295408 295357
295377 295327
295475 295427
490756 490680
490799 490723
881421 881288
490760 490686
881450 881321
881382 881255
490708 490639
490754 490687
881411 881295
295404 295366
295448 295411
43 22
38 27
18 13
63 46
97 76
97 76
129 109
90 77
35 30
68 59
65 57
184 162
143 129
147 133
48 44
144 132
156 144
104 97
135 126
176 167
125 119
128 122
194 185
27 26
186 181
188 183
167 164
62 61
143 142
295388 295359
295356 295328
490713 490670
490735 490692
490765 490724
295512 295489
490696 490659
295508 295487
881397 881337
490698 490665
295494 295475
881447 881395
295397 295380
1662689 1662594
490704 490676
1662633 1662539
490697 490671
881439 881393
1662633 1662547
1662669 1662585
1662613 1662530
3225188 3225027
490825 490801
1662697 1662616
295483 295469
1662619 1662542
68 32
490664 490636
1662602 1662528
1662647 1662573
1662663 1662591
1662608 1662539
881397 881361
295427 295415
295385 295375
32 32
10 10
61 61
197 200
130 132
181 186
120 124
9 10
