99480678
166 1
197 2
193 2
146 2
136 2
64 1
246 4
269 5
257 5
100 2
98 2
284 8
131 4
289 10
25 1
242 10
266 11
169 8
190 9
250 12
268 13
196 1
200 10
298 15
169 9
247 15
162 10
176 11
156 10
288 19
225 15
269 18
172 12
183 13
242 18
218 17
178 14
293 25
292 26
255 23
182 17
125 12
203 20
212 21
118 12
204 21
29 3
295 31
139 16
232 27
101 12
175 21
238 29
269 33
273 34
120 15
262 34
283 37
188 25
111 15
225 31
58 8
152 21
159 22
290 41
264 38
162 24
290 44
142 22
298 47
268 44
176 29
279 48
284 49
151 27
71 13
256 48
182 35
174 34
106 21
218 44
257 57
231 53
233 54
284 66
127 30
262 62
233 56
280 68
270 66
200 51
43 11
279 75
141 38
293 81
278 78
220 62
156 45
267 81
193 59
295 91
299 95
150 48
255 84
290 97
215 72
297 101
97 33
193 66
160 55
176 61
275 97
170 60
238 84
294 104
268 95
155 55
225 80
204 73
102 37
88 32
90 33
256 94
86 32
296 111
169 64
211 80
87 33
159 62
292 114
296 116
227 89
260 102
126 50
70 28
167 67
161 65
218 89
266 114
186 81
180 79
208 92
219 97
284 126
214 95
273 122
267 120
228 103
33 15
182 85
167 78
244 114
276 130
300 142
295 140
204 97
252 120
228 109
296 143
296 144
127 62
141 69
187 93
288 144
271 136
207 104
139 70
249 126
285 148
265 139
230 122
32 17
263 140
236 127
206 111
294 160
44 24
144 80
214 119
183 102
194 109
265 149
119 67
115 66
54 31
246 143
111 65
194 115
266 158
84 50
42 25
10 6
139 84
218 132
192 117
246 152
21 13
59 37
200 126
192 121
239 151
249 159
98 64
294 193
188 124
194 129
210 141
107 72
206 140
138 94
248 169
44 30
174 119
258 179
277 194
245 174
129 92
290 207
215 154
295 212
211 153
153 111
159 116
112 82
173 127
279 205
132 97
234 172
292 215
275 204
106 79
169 126
178 133
218 163
197 148
143 108
242 183
284 217
211 162
188 145
70 54
158 122
123 95
262 203
236 183
223 173
298 232
208 162
249 194
159 124
234 183
103 81
109 86
247 195
173 137
258 206
160 128
286 14
111 89
182 146
143 115
259 209
287 232
287 232
181 147
87 71
194 160
264 218
75 62
183 152
205 171
185 155
285 239
288 242
260 221
148 127
277 239
210 182
266 231
240 210
212 186
167 147
211 186
160 142
207 184
76 68
201 181
295 266
217 197
295 268
66 60
99 90
276 252
140 128
266 245
185 171
135 125
247 229
217 202
300 280
199 186
256 240
114 107
278 263
151 143
280 268
234 224
175 168
251 241
94 92
206 202
163 160
135 133
71 70
274 271
283 280
148 147
184 183
191 153
298 300
13125299 13125140
16250300 16250114
35000298 35000045
35000298 35000085
160 160
206 206
269 269
230 230
197 226
167 168
285 287
232 235
230 233
200 203
160 164
284 292
68 70
233 240
65 67
176 182
226 234
284 295
76 79
202 210
72 75
119 124
179 187
243 255
249 262
283 298
206 217
271 286
86 91
100 106
266 282
281 300
261 279
97 104
180 193
227 244
214 231
148 160
252 273
275 299
57 62
222 243
42 46
209 229
257 283
57 63
268 297
127 141
145 161
155 173
43 48
259 290
256 287
131 147
142 160
241 272
264 298
144 164
261 298
163 230
190 218
153 177
101 117
180 210
227 265
218 256
168 198
151 178
123 145
243 288
236 281
223 266
97 116
153 183
142 170
228 274
128 155
213 258
119 145
243 297
205 251
133 163
193 237
224 277
199 247
232 288
221 275
149 186
20 25
102 128
133 167
82 103
190 240
94 119
165 209
160 203
133 169
226 290
138 178
110 142
128 166
214 278
209 272
105 137
167 218
88 115
101 132
226 296
86 113
94 124
192 254
174 231
103 137
72 96
203 273
191 257
221 299
159 216
172 234
163 222
109 149
195 273
37 52
164 299
77 109
136 193
112 159
112 159
151 215
161 231
39 56
133 191
161 232
189 273
83 120
150 217
193 283
182 267
74 109
99 146
58 86
159 237
199 299
179 269
159 239
123 185
69 104
49 74
121 183
189 286
130 197
163 248
61 93
121 185
37 57
92 142
66 103
57 89
68 107
114 181
182 289
86 137
182 294
183 296
160 260
155 252
58 95
147 243
176 292
79 132
141 237
149 251
74 125
161 272
100 170
7 12
102 175
75 129
128 223
146 256
117 206
77 136
88 156
117 209
116 210
76 138
62 113
88 231
152 278
77 141
149 274
72 133
96 178
138 256
79 147
82 153
153 286
90 169
115 217
49 93
119 226
30 57
133 253
33 63
104 199
82 157
109 209
85 163
148 285
88 170
48 93
134 261
47 92
48 94
25 49
57 112
100 199
100 200
106 212
145 290
96 192
149 300
106 214
137 281
124 255
50 104
107 224
57 120
24 51
112 238
88 194
129 285
67 149
36 81
121 276
81 185
112 256
116 266
129 298
101 234
126 292
111 260
114 269
68 161
72 171
37 90
98 239
36 90
108 271
15 38
89 227
34 159
41 109
91 244
107 287
79 212
100 274
93 260
63 177
70 198
67 190
91 259
71 203
23 66
62 178
53 153
97 285
80 236
22 65
46 136
71 211
95 284
60 182
80 243
88 269
51 157
92 287
73 230
35 112
77 248
83 270
71 231
35 114
62 205
80 266
76 256
62 210
80 271
79 268
87 299
76 266
52 182
11 39
27 96
60 214
37 132
37 132
54 203
10 38
73 279
34 130
65 261
49 197
62 255
62 256
43 178
62 258
43 179
18 75
61 256
53 223
44 188
51 227
56 250
50 224
45 207
42 206
48 238
57 287
9 46
28 144
36 190
48 261
34 194
16 96
27 164
44 270
37 238
44 284
23 154
18 122
41 278
40 273
9 62
30 207
38 264
31 219
34 256
36 275
29 232
21 169
26 217
30 262
10 89
27 248
15 140
23 219
30 286
27 263
6 60
29 297
9 100
11 137
20 256
23 295
8 105
18 237
17 242
16 240
17 255
6 91
12 210
12 210
16 288
9 185
6 128
9 195
5 128
10 271
10 294
6 190
4 135
1 36
4 225
5 290
2 119
3 224
2 175
1 137
2 282
