96918963
167 28
110 43
208 91
156 80
280 145
105 64
280 188
191 130
245 176
104 83
91 74
264 215
165 140
251 232
192 178
277 264
122 121
3126277 3126013
3126252 3126012
3126250 3126013
3126244 3126034
3126297 3126090
3126279 3126089
3126275 3126105
3126263 3126096
3126213 3126050
3126275 3126115
3126218 3126065
3126258 3126118
3126276 3126146
3126299 3126172
3126284 3126163
3126198 3126081
3126239 3126125
65 25
3126256 3126154
3126296 3126194
3126291 3126207
3126224 3126132
3126213 3126125
3126249 3126167
3126282 3126206
3126266 3126201
3126249 3126187
3126276 3126219
3126202 3126202
225 225
3126234 3126260
233 260
116 192
3126191 3126248
3126187 3126294
132 151
194 242
62 88
50 75
85 131
135 269
103 213
119 278
84 241
69 251
47 206
64 287
31 174
40 259
36 242
24 255
17 187
7 232
4 288
