516853
285 11
294 221
200 1
256 7
250 11
268 14
123 7
142 10
65 6
196 19
294 29
269 27
235 30
242 32
289 209
163 28
300 56
276 53
101 21
285 68
230 56
204 59
271 83
240 76
142 46
194 63
148 49
192 137
276 98
183 70
203 85
246 163
110 52
204 100
226 111
120 59
283 140
176 107
13 2
79 27
26 11
122 71
62 37
79 54
30 23
220 172
136 108
235 187
235 187
196 156
270 222
121 101
40 35
77 68
254 225
240 214
173 155
40 36
274 256
18 17
174 168
266 265
81 2
500400 500141
260 294
7 221
162 179
197 229
155 190
156 195
68 86
146 189
54 71
115 153
54 73
96 130
75 103
186 257
84 119
154 223
105 160
143 218
189 297
115 194
167 284
61 106
78 137
155 280
136 252
138 266
59 121
121 253
59 130
112 268
115 276
66 163
53 138
99 258
58 161
87 261
84 254
94 295
72 237
50 168
53 197
43 160
3 12
56 231
32 177
38 235
30 215
21 151
37 284
33 268
19 256
11 157
13 209
16 289
6 110
14 297
1 224
