1048775
214 55
233 128
160 35
75 28
300 113
290 154
143 57
228 72
161 30
97 33
214 100
59 16
131 70
213 82
282 116
102 10
274 103
207 67
260 29
219 103
57 25
260 151
208 105
93 30
259 52
120 18
112 54
289 80
300 7
270 17
278 76
35 9
167 90
91 34
287 151
99 15
157 37
196 83
96 12
259 122
85 32
62 5
258 39
271 39
188 11
269 91
221 131
142 48
293 152
244 56
146 30
148 8
109 65
227 36
293 129
169 81
260 57
213 105
208 14
199 37
276 111
128 38
230 50
58 1
201 76
251 118
284 85
161 1
281 54
289 117
85 34
271 26
121 58
135 27
157 49
238 42
280 48
53 11
130 34
58 10
275 143
251 40
190 47
210 89
102 53
264 94
127 36
195 13
131 33
183 27
180 98
225 72
51 15
144 65
127 24
71 14
86 28
271 81
214 67
197 77
279 99
198 47
237 35
231 5
279 29
164 67
201 100
265 43
285 155
235 3
227 29
253 61
81 39
133 68
199 108
160 69
288 99
200 50
72 32
183 89
298 156
220 43
89 34
99 17
288 168
239 11
195 52
145 53
122 31
176 109
269 179
1648 1510
2220 1992
1704 1549
2241 1994
40 35
1729 1545
2207 2017
1706 1505
265 212
2207 2030
1768 1625
1760 1556
2163 1996
214 132
175 155
2177 1981
1657 1514
2245 2053
1773 1514
153 103
1747 1551
143 115
2272 2047
1756 1595
1704 1531
1512 1263
3247 2999
1498 1376
282 250
1447 1310
1489 1302
1523 1261
1506 1288
1385 1281
1507 1352
1484 1245
1433 1312
1470 1273
1493 1255
1482 1334
1227 1129
268 198
1229 1132
1417 1152
1363 1237
1396 1246
186 166
1276 1135
1273 1163
123 109
1351 1144
1250 1125
1409 1228
1399 1155
1369 1251
1332 1206
1379 1245
1395 1165
1313 1207
1328 1213
179 152
295 220
273 221
281 241
248 182
230 138
85 65
89 65
224 206
275 188
193 130
202 121
168 111
268 246
294 195
224 182
264 238
210 151
209 142
155 130
106 88
2162 2001
204 184
280 202
139 112
116 80
144 129
170 111
208 165
54 34
267 190
237 189
161 136
265 172
100 60
157 107
41 37
242 166
105 82
199 142
277 183
196 174
216 165
121 78
258 219
291 197
286 264
56 39
209 184
279 218
300 256
293 209
221 166
272 201
201 143
106 89
182 150
228 159
260 173
258 206
68 48
109 97
284 217
152 136
261 206
93 70
299 179
281 185
263 168
243 175
120 109
252 228
262 231
139 104
234 207
5177 5029
1389 1337
2191 2038
3143 2955
3131 3007
3194 3023
3161 3000
9090 8817
1657 1578
165 154
9074 8829
1592 1496
2132 2004
202 190
245 234
180 174
1692 1598
1607 1508
3147 3014
179 166
9099 8850
3169 3085
273 265
1357 1297
2253 2120
3164 3058
1541 1482
1675 1592
3228 3104
1239 1183
1302 1220
1521 1449
3122 3011
1338 1240
1384 1330
1262 1198
3084 2978
1651 1578
240 230
5129 5002
3075 2957
1787 1659
3062 2969
3249 3123
1538 1481
1568 1503
1360 1302
1327 1285
1365 1265
1505 1425
1626 1538
1342 1277
1359 1298
3061 2963
1784 1710
1761 1641
1618 1541
1331 1244
2233 2078
5180 4933
3119 3024
1768 1643
2200 2043
1494 1458
1685 1593
3205 2991
1173 1138
1530 1417
5087 4949
83 81
1346 1252
1343 1268
160 154
260 253
15 14
2224 2066
3126 3025
5192 5051
1369 1328
1593 1506
1630 1555
1645 1543
5061 4915
3181 3005
275 259
5157 4923
1342 1286
3160 3070
3140 3019
2180 2095
2184 2115
5116 4928
2205 2087
2177 2018
2217 2101
1512 1474
2080 2029
1307 1246
125 122
5163 5022
2164 2071
214 202
1745 1620
1575 1508
1542 1471
46 44
1328 1251
1399 1374
5098 4980
16920 16656
3047 2976
2175 2140
1450 1417
8960 8814
5109 5025
9067 8920
5104 4987
9108 8949
9071 8855
2102 2054
5118 5021
5175 5080
5113 5013
9019 8858
1447 1420
9028 8858
100 98
9062 8896
249 245
1426 1396
9039 8854
9089 8939
9104 8960
1706 1671
9054 8871
3240 3176
9060 8875
5042 4929
2086 2046
5157 5062
3229 3178
1314 1294
1190 1172
1405 1376
5190 5089
1277 1257
2188 2136
1660 1628
5040 4958
1495 1470
3151 3099
1329 1309
9046 8923
3146 3105
5020 4953
9110 8987
9056 8938
2254 2223
3226 3182
16860 16637
212 209
136 134
3242 3193
5153 5097
9071 8994
16922 16706
32542 32291
9018 8927
5105 5054
8994 8893
5190 5126
3144 3106
16917 16719
32543 32259
16820 16650
16916 16751
5126 5060
32546 32276
16837 16677
8958 8880
16877 16716
1704 1682
1346 1329
2063 2037
1342 1326
1255 1241
3009 2978
2144 2122
3177 3146
2086 2066
5164 5122
1567 1555
8882 8814
16814 16686
3247 3223
16843 16719
3035 3013
1537 1526
292 290
3214 3193
16811 16702
8976 8918
3135 3116
268 19
32481 32252
9052 9001
