988093
48 3
263 21
217 39
163 33
94 21
164 40
295 74
214 55
111 29
109 33
148 46
225 72
239 86
216 83
13 5
74 34
140 65
220 108
262 130
200 102
81 43
100 54
235 127
101 55
49 27
297 1
131 84
235 151
238 153
173 112
162 110
233 166
237 170
297 219
180 139
104 81
257 202
141 115
28 23
296 246
124 105
113 98
212 185
287 266
242 229
180 178
31519 31353
31549 31391
31524 31406
62887 62688
62882 62718
31498 31425
119 74
62813 62683
62793 62709
62886 62886
31407 31390
31576 31560
31399 31453
31586 31642
62781 62769
62856 62845
31445 31489
269 281
186 280
31522 31580
31504 31565
31566 31633
31581 31649
31505 31578
31417 31494
31453 31560
31390 31554
171 183
215 247
225 261
152 181
150 184
74 91
106 140
66 90
154 213
168 241
188 281
20 31
112 195
145 257
37 66
83 155
80 151
25 48
133 257
102 223
68 153
63 142
112 267
107 267
87 223
108 288
94 257
58 161
45 135
93 286
58 185
31 99
88 290
36 133
50 215
69 299
62 278
52 250
42 219
42 225
44 249
38 246
24 164
39 277
31 263
32 297
17 162
13 150
14 172
6 140
3 209
