100007858
50 1
118 9
178 21
257 51
219 52
267 69
219 82
262 113
106 51
74 38
295552 295476
186 120
248 155
208 148
295480 295402
490842 490710
124709 124437
112477 112253
112398 112250
197948 197689
112420 112275
124677 124530
149039 148880
148983 148849
149068 148934
124583 124476
295605 295379
197866 197719
112320 112256
149009 148931
295535 295409
295575 295495
881542 881269
197853 197792
881524 881254
197949 197891
295418 295337
881521 881281
12600288 12600078
6350234 6350105
6350157 6350007
3225278 3225134
490912 490791
490757 490639
3225216 3225036
881523 881373
3225231 3225034
490840 490763
6350209 6350051
234 188
124691 124649
197738 197699
149081 149056
149042 149018
295360 295329
149100 149088
490766 490735
881368 881316
1662734 1662664
1662575 1662524
197770 197764
1662726 1662681
3225280 3225201
1662574 1662538
6350223 6350126
3225049 3225004
6350296 6350209
146 82
12600282 12600116
6350139 6350062
881422 881419
490807 490811
295497 295506
149099 149113
262 273
258 273
162 175
247 282
