9690625591
159 9
264 18
190 13
93 8
126 16
285 40
88 13
240 42
136 24
50 10
206 42
158 34
114 28
11 3
280 90
198 73
232 87
295 111
249 95
249 97
295 116
248 102
282 119
271 122
92 45
127 67
257 140
202 111
61 34
231 129
132 75
251 143
218 128
282 166
285 170
299 202
82 56
236 8
179 124
213 150
165 119
272 204
141 106
130 99
285 219
207 170
221 188
228 197
154 137
295 266
163 149
236 216
25 23
144 134
50 47
131 126
262 255
82 80
312600293 312600013
312600284 312600011
312600268 312600009
312600291 312600058
312600287 312600058
312600237 312600018
312600270 312600052
312600258 312600048
312600299 312600092
312600235 312600037
312600216 312600036
312600232 312600061
312600267 312600100
312600201 312600046
312600226 312600078
312600215 312600091
312600231 312600119
285 197
312600265 312600155
312600284 312600270
312600274 312600172
312600253 312600167
312600222 312600138
312600205 312600124
312600208 312600131
312600258 312600188
312600228 312600159
312600262 312600228
284 298
312600210 312600206
312600281 312600281
312600238 312600253
312600216 312600257
284 295
134 268
86 91
247 265
142 161
169 192
183 208
180 205
150 172
161 185
206 244
177 224
169 220
169 224
161 227
145 209
180 261
161 241
43 66
186 298
155 261
86 147
158 275
50 88
109 196
134 241
142 260
96 179
86 168
132 262
109 225
49 102
107 225
111 235
130 281
114 258
91 211
84 201
15 39
59 154
86 230
89 258
60 179
30 91
42 130
78 248
73 256
43 175
39 160
62 299
46 246
51 282
37 207
43 244
30 226
30 269
32 294
14 242
12 281
4 247
