97209679
204 3
286 19
121 10
273 27
175 18
277 30
84 11
137 9
274 40
131 20
229 37
243 43
243 44
77 16
205 43
288 65
88 20
273 63
119 29
224 57
98 25
278 78
255 92
214 84
61 25
200 83
236 104
187 83
246 117
140 68
233 114
205 101
190 96
122 76
104 65
294 190
83 56
277 193
278 207
80 63
226 187
158 137
225 201
181 162
241 220
187 176
189 178
209 204
168 166
3135275 3135038
3135283 3135076
3135284 3135086
3135299 3135106
207 28
3135253 3135090
3135249 3135101
3135269 3135123
3135180 3135071
3135286 3135179
3135232 3135129
3135171 3135072
3135178 3135086
3135297 3135205
3135182 3135091
3135229 3135066
3135235 3135149
3135247 3135171
3135160 3135093
3135299 3135236
3135300 3135254
3135180 3135138
3135276 3135238
3135203 3135194
3135250 3135243
3135253 3135261
3135176 3135193
192 199
3135263 3135293
3135253 3135291
3135206 3135255
3135208 3135262
3135173 3135266
149 150
290 292
89 90
219 222
241 245
221 230
256 267
237 250
218 230
190 201
39 43
47 52
150 167
130 146
169 190
64 72
168 192
221 259
234 285
140 181
116 150
176 229
85 111
211 276
211 280
100 134
176 251
176 294
61 105
154 274
50 92
107 205
72 140
115 224
93 184
95 191
116 239
133 277
132 283
111 238
70 151
71 155
129 290
104 235
30 68
105 239
102 261
102 263
55 150
97 270
50 147
85 293
32 112
20 70
67 271
46 201
61 269
53 238
32 155
47 264
22 128
28 248
18 259
6 130
5 110
2 64
4 160
6 268
4 197
