60009917
83 47
67 1
39 1
59 2
98 4
81 4
76 5
90 6
36 3
34 3
98 9
93 9
30 3
46 5
44 5
59 8
86 12
40 6
67 11
57 10
33 6
42 8
57 12
88 19
46 10
82 18
86 19
84 19
75 17
35 9
77 20
90 28
90 29
52 17
82 27
86 31
84 33
51 22
92 40
60 27
77 41
55 25
85 39
83 39
50 24
72 35
54 27
96 49
62 32
86 60
99 69
78 49
92 63
100 75
98 58
22 10
30 16
46 27
22 13
40 24
53 33
47 31
65 43
72 48
23 16
10 7
82 60
57 42
64 51
91 73
74 60
74 61
29 24
64 53
35 29
41 34
97 83
14 12
64 55
95 82
49 43
100 88
70 62
70 62
93 84
93 1
42 38
80 73
49 45
86 79
61 57
77 73
78 73
25 24
100 96
42 38
60000100 60000005
94 100
6 6
86 86
28 46
90 92
65 68
40 43
93 100
36 39
78 86
44 49
39 44
69 80
46 54
49 58
70 84
56 68
47 58
70 87
65 83
52 69
72 97
72 97
68 92
38 52
63 87
22 31
24 34
65 93
46 66
62 90
56 82
61 90
39 61
37 59
48 77
25 41
56 92
28 46
34 73
58 97
30 51
50 86
54 94
38 70
12 23
48 94
22 44
22 45
13 27
46 96
47 100
27 58
32 71
38 89
24 57
23 55
34 82
14 34
36 88
20 49
17 42
21 52
33 83
29 77
23 64
8 23
19 57
23 69
31 93
28 84
25 76
24 73
29 90
9 28
22 69
30 97
19 63
23 80
27 95
23 82
25 91
21 83
10 42
9 39
14 61
12 54
12 54
16 75
13 61
5 24
6 32
17 96
5 29
13 76
11 77
14 100
3 23
8 72
5 51
7 89
6 91
6 99
1 49
