100021250
211 92
279 54
200 26
1097892 1097693
1097952 1097667
1097952 1097716
298 135
1097870 1097700
1097903 1097721
300 170
239 142
286 15
1049069 1048843
259 18
117 20
181 96
1049093 1048886
222 84
1195612 1195381
1049072 1048857
1049123 1048844
230 145
222 44
211 3
1024622 1024433
1024696 1024421
1024598 1024430
1024611 1024430
1390917 1390636
1012492 1012210
190 47
1390906 1390709
1012487 1012209
1781525 1781288
223 72
276 55
1012502 1012295
1012459 1012260
174 77
230 48
1012463 1012218
144 19
172 81
289 107
288 83
151 11
265 112
161 20
231 71
283 150
284 99
256 29
139 3
290 22
217 33
267 48
274 184
287 192
240 26
137 11
272 101
160 62
255 152
130 27
298 171
221 135
63 14
89 20
112 36
79 26
109 41
97 39
153 81
140 79
78 46
91 54
116 71
185 115
233 150
62 40
188 126
226 152
179 122
108 76
241 177
137 101
238 181
170 131
62 48
276 227
261 215
86 71
224 188
173 146
225 192
261 223
139 121
275 244
125 115
160 148
288 267
231 216
270 253
256 247
95 93
104 103
272 270
287 286
1012465 1012315
1097854 1097693
1195545 1195376
1012392 1012252
1012394 1012256
1049013 1048872
1049106 1048966
1195599 1195442
1012397 1012266
1097903 1097761
1195545 1195392
1390838 1390664
1097937 1097801
1781504 1781292
1781500 1781291
1097825 1097699
1049088 1048968
1390903 1390744
1024572 1024455
1781530 1781327
1012454 1012339
1195577 1195445
1781544 1781350
1024678 1024568
1781511 1781321
1195570 1195445
1390838 1390694
1195502 1195379
88 41
1097804 1097670
1048954 1048850
2562798 2562551
1048991 1048890
1048960 1048860
1012430 1012334
1390800 1390670
1781500 1781334
1195575 1195464
1390920 1390791
2562758 2562523
1012422 1012331
1024531 1024439
1097790 1097692
1049015 1048923
1097903 1097809
1049011 1048922
2562743 2562530
1195525 1195427
1781489 1781343
1390916 1390775
1781478 1781254
1012344 1012252
1390916 1390807
1781451 1781317
2562738 2562547
2562777 2562589
