50107862
99 24
88 19
88 11
82 5
77 4
90 28
84 3
94 28
95 27
68 5
88 21
63 3
62 3
36 1
57 8
72 11
6 1
53 9
63 11
58 11
60 12
57 12
60 13
8 2
62 17
64 18
73 21
45 13
51 16
66 21
80 26
66 23
79 29
80 31
54 21
46 18
50 20
33 15
87 40
50 23
63 29
80 37
84 39
45 21
100 47
10 5
85 43
84 43
25 13
83 48
76 44
99 61
67 42
83 54
15 10
93 62
9 6
12 8
78 54
96 67
75 53
79 56
34 25
99 73
73 54
44 34
40 31
75 60
57 46
94 76
85 69
52 43
19 16
60 51
95 82
42 38
45 42
65 59
89 81
41 39
22 21
50 6
73 70
86 89
50100100 50100061
58 65
26 26
32 32
62 62
82 83
79 80
56 57
77 82
11 12
72 79
60 66
51 57
18 21
75 88
60 72
63 76
71 86
19 24
75 95
33 42
72 92
30 39
19 25
68 91
38 51
40 54
8 11
39 57
30 44
50 74
52 77
37 55
43 66
7 11
41 66
25 41
52 88
18 31
27 49
27 49
46 84
44 81
38 86
24 56
35 83
31 79
16 42
34 91
24 65
20 55
13 36
31 89
8 23
22 68
17 54
21 70
9 33
22 83
18 72
12 56
17 87
15 100
13 94
6 52
11 96
9 84
3 33
5 67
4 64
5 84
5 85
1 23
1 31
2 74
1 59
1 85
