508789
194 29
168 6
130 13
61 8
181 28
130 24
163 36
191 59
135 44
121 40
150 53
135 51
148 64
64 29
164 81
184 93
191 98
179 97
200 111
139 79
103 62
93 57
154 99
167 108
41 27
91 61
117 81
193 136
196 147
93 71
194 150
18 14
163 131
192 160
171 143
87 77
112 100
192 176
88 82
64 61
196 188
154 149
189 4
500300 500226
166 183
121 122
58 66
91 106
148 186
101 130
124 163
126 170
138 187
129 199
111 173
105 168
20 33
114 197
107 192
103 190
10 19
48 95
68 145
54 124
65 170
53 156
34 101
51 185
38 155
31 130
38 167
38 177
5 32
16 118
19 148
18 161
13 141
15 172
10 173
5 185
2 120
