9937507945
74 3
73 3
20 1
61 4
37 3
67 6
99 9
63 7
61 8
45 6
41 6
46 8
75 16
97 21
70 16
92 22
29 7
33 8
32 8
98 25
81 24
84 26
84 29
79 28
42 15
66 25
13 5
36 14
46 18
61 25
86 37
86 38
67 30
82 37
63 30
97 47
42 21
36 18
78 39
98 50
31 16
98 52
85 46
40 22
100 55
58 33
19 11
77 45
59 36
92 57
100 63
72 48
92 2
34 25
92 68
73 56
22 17
52 41
86 69
48 39
6 5
62 52
25 21
72 61
88 75
87 75
85 74
50 44
62 55
64 57
47 42
66 59
67 60
88 79
99 89
91 82
56 51
46 42
77 74
59 54
47 45
85 60
99 98
83 86
1312500099 1312500058
1625000100 1625000060
3500000099 3500000059
3500000100 3500000078
58 58
5 5
43 43
16 20
43 44
77 83
61 66
69 76
28 32
82 94
47 57
52 66
34 44
40 52
34 45
24 33
68 96
59 85
13 19
45 70
49 77
63 99
33 52
18 29
17 28
22 37
20 35
40 70
33 61
40 77
18 35
42 83
45 89
34 70
41 86
34 73
43 100
24 56
41 97
21 52
38 96
13 33
15 39
27 71
20 53
34 91
27 77
25 72
25 76
18 55
12 38
25 84
27 96
27 100
23 93
18 79
5 22
5 26
14 75
13 90
3 24
8 67
6 54
8 77
4 41
7 74
3 33
8 94
7 87
6 88
5 93
5 95
4 76
2 69
2 96
1 55
