99834676
225 4
204 4
181 4
290 7
280 7
258 8
225 7
89 3
135 5
132 5
216 11
234 13
266 16
263 16
261 16
231 16
160 12
200 16
131 12
80 8
150 16
186 20
195 21
296 33
179 21
191 24
267 36
214 29
143 20
181 26
232 34
264 41
249 39
222 35
271 45
268 45
81 14
164 30
294 54
119 22
256 48
94 18
202 39
191 38
223 45
286 61
209 45
250 54
245 55
115 26
268 61
140 32
228 54
170 41
261 67
257 66
97 25
154 40
276 72
250 66
230 62
289 78
263 71
37 10
192 2
294 83
120 34
189 54
269 79
270 82
206 63
209 64
298 92
267 83
176 55
200 63
259 82
161 51
205 65
266 85
299 96
229 74
253 82
261 87
116 39
211 71
211 72
280 96
136 47
288 100
251 88
265 93
207 74
244 88
284 104
298 110
54 20
131 49
187 70
128 48
149 56
186 70
198 75
293 111
221 85
247 99
137 55
271 110
188 77
196 81
224 93
226 94
173 72
86 36
59 25
284 121
30 13
286 124
34 15
88 39
292 130
265 119
281 127
220 100
283 129
210 96
139 64
128 59
255 118
231 107
151 71
244 116
260 124
95 46
97 47
293 142
163 79
161 79
203 100
154 76
152 76
109 55
179 92
194 100
27 14
283 77
259 137
300 161
165 89
268 146
84 46
55 31
291 165
296 168
234 135
281 163
191 112
236 139
139 82
242 143
186 110
113 67
113 69
183 112
209 128
286 177
40 25
217 136
212 133
290 182
277 174
145 92
225 144
92 59
144 93
211 137
267 174
61 40
207 136
223 117
166 111
221 148
234 157
277 187
292 198
190 130
57 39
173 119
251 174
10 7
300 210
188 133
235 167
174 124
209 149
117 84
200 144
119 86
274 200
141 103
291 213
209 154
137 101
215 160
106 79
106 79
225 168
240 181
83 63
204 156
174 134
196 151
257 199
178 138
104 69
163 128
253 199
193 152
248 196
288 228
202 160
208 167
203 164
69 56
99 83
142 120
168 142
185 157
193 164
142 121
237 202
227 194
156 135
220 191
84 73
271 236
103 90
255 223
152 133
299 262
184 162
161 142
256 227
196 174
134 119
243 216
174 155
69 62
161 145
290 262
109 99
77 70
134 122
196 180
246 227
87 81
297 277
260 245
234 222
254 242
283 271
83 80
119 116
111 109
175 172
204 201
220 217
238 235
178 176
200 198
293 230
7250297 7250070
276 281
13500300 13500095
13500300 13500170
13500299 13500210
26000300 26000228
26000298 26000282
5 5
23 23
99 99
231 251
180 181
175 179
257 263
80 82
238 244
149 153
260 267
178 183
197 203
183 189
242 250
130 135
136 142
261 273
59 62
190 200
146 154
240 255
239 254
188 200
213 227
221 236
161 172
14 15
201 217
198 214
134 145
121 179
252 274
90 98
208 227
173 189
270 295
186 204
256 283
161 178
101 112
188 209
240 268
220 246
192 215
41 46
73 82
137 154
234 264
171 194
167 190
53 61
216 251
187 219
68 80
113 133
124 146
213 251
165 195
246 291
212 252
74 88
242 288
175 211
110 135
171 210
118 145
166 204
172 214
168 211
214 272
121 156
148 191
219 284
88 115
143 187
94 123
133 175
180 238
164 217
214 286
103 139
79 107
173 235
216 300
203 285
174 251
150 218
189 275
48 70
133 194
113 165
102 149
178 262
164 242
30 64
198 293
88 131
186 278
145 217
163 244
106 160
102 154
166 251
147 223
162 246
171 260
86 131
177 270
154 237
172 265
183 289
62 99
82 131
140 225
125 201
112 181
155 252
161 264
89 148
164 278
74 126
31 53
56 96
121 209
130 225
136 236
19 33
139 242
92 161
168 297
61 109
164 296
115 208
30 55
98 181
117 217
108 201
114 213
130 244
127 239
51 96
113 216
69 132
134 257
25 48
102 196
65 125
110 214
19 37
139 271
122 238
146 287
127 253
149 298
106 215
103 211
97 202
109 231
57 229
97 207
81 174
82 177
51 111
60 131
27 59
112 245
120 264
99 219
89 203
92 215
101 251
87 217
98 245
99 253
79 202
87 224
103 269
42 111
48 127
94 250
96 261
66 180
81 221
109 298
87 238
8 22
103 288
85 240
104 298
79 229
98 285
100 296
60 178
70 208
35 104
44 131
85 258
51 155
79 245
75 234
84 265
62 199
75 242
85 276
64 208
72 234
88 290
64 212
81 269
69 233
18 61
13 45
37 131
44 156
53 188
78 277
58 207
13 47
81 299
40 148
52 196
60 233
44 171
54 218
62 259
46 193
23 97
3 14
53 254
17 84
18 92
38 197
46 242
33 174
17 92
34 192
36 206
27 158
41 247
44 268
47 287
36 226
6 38
38 251
32 218
29 202
40 281
38 268
14 99
40 286
29 213
37 272
31 228
21 157
32 263
29 242
26 230
5 46
14 130
26 251
28 271
18 175
8 84
16 185
23 295
6 77
21 285
19 262
11 152
21 299
15 253
13 221
10 173
15 294
10 204
12 262
7 157
7 162
10 236
6 145
6 157
4 140
7 291
4 174
4 300
2 176
1 289
