100021907
197 2
183 2
170 3
166 4
94 3
76 3
63 3
192 10
93 5
105 6
181 11
141 10
27 2
194 15
160 13
169 14
155 14
82 8
168 17
86 9
110 12
188 21
186 22
90 11
121 15
118 15
166 25
71 11
29 5
162 29
133 25
156 30
122 24
155 31
148 30
109 23
73 16
94 21
172 39
87 20
198 46
60 14
79 19
166 40
166 40
152 38
44 11
136 35
127 35
141 39
116 33
179 51
200 57
38 11
131 38
192 56
158 48
65 20
197 61
169 53
145 47
174 58
110 37
52 18
51 18
99 35
157 56
163 60
185 69
187 70
48 18
142 54
196 78
65 26
196 79
161 65
73 30
102 42
190 80
64 27
123 52
177 75
192 82
177 78
130 59
152 69
153 72
119 56
108 51
55 26
94 45
161 78
164 80
122 60
181 97
179 98
113 63
193 109
74 42
193 110
45 26
166 96
100 58
61 36
178 107
186 112
139 84
113 69
144 88
179 110
1097854 1097670
1049016 1048838
1024609 1024435
1024611 1024435
1024605 1024425
180 112
56 35
153 96
148 94
127 81
155 100
124 80
80 52
112 73
98 65
105 72
118 81
199 137
13 9
86 60
134 94
96 68
190 135
139 100
132 95
184 133
159 117
81 60
12 9
12 9
198 149
178 134
98 76
178 140
176 143
178 145
164 134
100 82
96 79
126 104
100 83
172 144
148 124
138 116
172 145
154 130
186 162
168 147
147 129
108 95
92 82
126 113
197 178
140 129
108 100
130 121
191 178
93 87
148 139
167 157
170 160
100 95
86 84
1049020 1048850
1097846 1097674
1012402 1012245
1049004 1048845
1049009 1048851
1012371 1012219
1049020 1048869
1024567 1024420
1195485 1195318
1012348 1012208
1195479 1195318
1024579 1024446
1024608 1024478
1024602 1024474
1097845 1097710
1195491 1195344
1012394 1012270
1390818 1390657
1012347 1012230
1048992 1048872
1012383 1012269
1012398 1012284
1097829 1097706
157 98
1097807 1097685
1024540 1024428
1024581 1024470
1024585 1024474
1012394 1012285
1024609 1024500
1097807 1097691
1195452 1195326
1097789 1097677
1049018 1048911
1195489 1195368
1781447 1781268
1390811 1390673
1012389 1012290
1048964 1048864
1097830 1097726
1390763 1390632
1012407 1012313
1781417 1781253
1024509 1024415
1390796 1390670
1024548 1024457
1024572 1024482
1390782 1390661
1012322 1012234
1195436 1195333
1012366 1012279
1390770 1390651
1390813 1390694
1195501 1195399
1012323 1012237
1024519 1024432
1012352 1012267
1390747 1390631
1024537 1024452
1390752 1390639
1024569 1024489
1097761 1097677
1097815 1097731
1195497 1195406
1012337 1012262
1048912 1048836
1048994 1048918
1097817 1097738
1390770 1390670
1024550 1024477
1195407 1195323
1097803 1097726
1024577 1024506
1012393 1012323
1097840 1097765
1012388 1012275
1012298 1012227
1024577 1024508
1012274 1012209
1049002 1048935
1012407 1012343
1024487 1024423
1048907 1048842
1048909 1048844
1048919 1048854
1048993 1048929
8 8
