100018138
159 1
174 2
260 3
265 6
143 4
237 7
184 7
183 7
139 8
292 19
192 15
242 21
249 24
260 31
71 9
134 17
141 18
292 38
265 36
246 34
111 16
267 39
84 14
251 44
235 54
285 72
295 78
292 78
279 76
219 63
256 77
182 56
263 82
152 50
106 36
126 46
146 54
75 28
85 32
218 83
198 77
113 45
225 93
197 82
162 68
157 67
258 111
276 120
275 123
251 114
286 133
166 78
58 28
189 92
300 147
273 134
274 135
153 77
194 104
259 140
114 69
152 93
215 136
208 140
177 121
145 100
136 95
233 165
243 179
207 153
300 223
265 202
198 153
290 228
121 99
239 197
226 191
278 239
105 92
298 262
261 230
160 141
157 139
135 120
243 216
294 270
173 162
288 275
209 200
212 203
290 281
164 159
78 77
1195611 1195334
1390891 1390640
1195524 1195330
1195512 1195320
1195581 1195391
1390909 1390698
1195548 1195372
1781543 1781289
1390873 1390692
1781547 1781325
1781533 1781319
1195454 1195315
1390850 1390689
1195505 1195373
1781550 1781356
1195499 1195371
1390858 1390711
1781523 1781337
1781520 1781338
1390857 1390717
1195450 1195331
1195581 1195467
1390909 1390778
2562767 2562526
1390896 1390766
292 202
1390788 1390678
1390860 1390752
1781416 1781281
1390760 1390655
1195555 1195465
1390907 1390803
1195589 1195503
1195490 1195407
1781453 1781330
1195564 1195482
1781392 1781270
1390885 1390790
1390775 1390682
2562769 2562601
1390734 1390645
2562696 2562534
2562680 2562519
1781491 1781381
2562725 2562569
1781468 1781365
1781498 1781395
1195502 1195438
1390890 1390819
2562759 2562637
1195610 1195510
1195422 1195365
1781456 1781377
1195370 1195317
1390701 1390640
280 281
1781430 1781355
1195543 1195494
1195428 1195381
1195607 1195564
1781490 1781439
1195387 1195359
1390721 1390689
1390660 1390632
1195466 1195453
1390649 1390636
1390784 1390781
168 168
1195604 1195608
