100023161
881546 881332
295547 295357
295556 295340
295605 295317
279 61
184 7
295546 295344
295602 295380
193 9
295601 295329
295572 295355
295573 295330
295572 295330
881522 881280
881530 881303
232 5
490874 490668
881525 881282
282 73
1662780 1662506
251 75
270 58
279 52
490904 490713
490850 490632
490901 490653
235 38
881517 881306
220 59
270 64
881489 881272
490843 490628
278 64
292 78
275 12
280 116
244 3
490892 490667
134 2
144 7
111 19
151 28
124 26
195 43
206 48
149 36
162 42
54 15
124 36
169 52
180 61
210 76
142 61
240 104
81 36
257 116
229 106
170 81
89 47
265 142
276 148
234 129
296 166
163 93
218 125
36 21
277 163
490757 490646
246 148
235 147
35 23
263 178
186 127
160 112
185 130
122 86
143 101
129 96
123 94
202 156
262 204
259 204
172 138
261 210
219 177
298 242
42 35
225 188
256 215
284 242
245 211
265 235
236 210
289 265
217 204
204 192
219 207
273 263
147 143
258 252
273 267
295594 295426
295611 295477
295464 295332
295486 295375
295445 295337
490876 490700
490853 490678
490896 490725
295473 295371
490811 490642
490832 490674
490910 490752
295418 295326
490890 490754
490802 490667
490824 490689
490883 490756
295487 295416
490803 490691
295440 295373
295408 295345
295477 295415
490765 490663
881522 881343
295577 295517
295608 295548
490867 490769
490910 490815
881514 881344
490898 490650
881448 881302
295487 295439
490810 490731
881436 881298
295544 295498
881444 881307
295469 295424
881405 881272
881436 881304
881539 881410
295397 295354
1662794 1662554
490886 490816
1662786 1662552
1662757 1662524
1662790 1662557
490857 490789
490769 490702
881478 881358
295353 295313
490741 490675
1662741 1662522
881371 881256
490725 490661
490883 490824
881518 881416
881456 881355
1662790 1662601
295427 295395
881400 881306
881362 881270
881374 881284
881455 881307
3225270 3225064
1662721 1662563
3225251 3225040
881355 881273
1662668 1662533
295447 295418
490749 490703
881549 881478
490697 490659
490898 490862
881430 881366
1662623 1662514
1662687 1662579
1662609 1662502
1662722 1662618
881394 881339
295393 295375
3225275 3225088
490752 490725
881508 881460
3225233 3225061
3225290 3225121
1662768 1662682
881456 881411
269 159
3225215 3225048
3225262 3225103
490816 490792
1662755 1662677
1662677 1662602
295521 295511
295505 295498
275 277
156 158
246 251
60 69
