10000035963
266 1
288 2
283 2
246 4
108 2
216 4
263 5
146 3
178 4
108 3
178 5
209 6
34 1
91 3
295 11
176 7
148 6
296 13
187 9
225 11
275 14
278 15
37 2
246 16
225 16
204 15
253 19
111 9
297 25
293 29
290 29
215 25
268 33
279 38
211 31
84 13
251 40
264 49
142 27
260 54
274 57
293 62
286 62
100 22
254 57
186 42
75 17
166 38
148 34
149 35
127 30
221 54
245 61
292 73
268 69
204 53
18 5
60 17
153 45
78 23
198 59
120 37
269 83
185 58
176 57
157 51
285 93
225 75
300 100
233 85
210 77
145 54
182 69
236 91
89 35
230 91
188 75
150 60
179 72
210 86
296 122
248 103
292 123
261 110
190 83
247 109
234 104
256 114
94 42
221 99
231 104
31 14
259 118
196 90
299 139
281 135
27 13
80 39
257 126
300 148
191 95
210 105
128 64
262 132
258 130
248 125
220 111
156 79
199 101
166 88
232 124
166 89
112 61
287 157
250 138
284 157
148 83
299 168
238 134
289 164
147 86
239 142
124 74
117 70
173 104
136 82
164 99
143 87
276 168
274 170
292 182
297 188
248 157
176 112
236 151
275 177
230 149
37 24
104 68
194 127
286 188
188 125
242 162
236 158
297 199
271 182
287 193
248 167
294 198
280 189
285 196
215 148
237 164
177 124
286 201
193 136
34 24
258 183
285 204
235 173
124 92
200 149
237 177
55 42
176 135
216 169
129 101
181 142
257 202
170 134
124 99
255 204
234 190
261 214
125 103
132 109
1320950 1320731
1320988 1320787
1320956 1320768
1320965 1320810
1320922 1320769
1320994 1320849
1320899 1320769
1320955 1320830
2541647 2541415
1320858 1320746
1320982 1320875
2541686 2541483
1320979 1320878
2541697 2541506
132 85
2541669 2541485
2541657 2541486
2541628 2541461
1320808 1320725
2541625 2541485
1320877 1320805
2541626 2541496
1320805 1320741
2541699 2541579
2541681 2541572
2541548 2541448
2541635 2541545
2541524 2541437
2541573 2541488
4983030 4982868
4983052 4982899
2541602 2541532
9865900 9865632
4983109 4982978
9865923 9865690
9865887 9865655
1320756 1320725
2541682 2541623
2541681 2541624
4982924 4982825
2541629 2541580
9865910 9865726
1320787 1320763
9865845 9865691
9865876 9865731
2541506 2541471
1320842 1320824
4982970 4982906
2541462 2541431
4983061 4983001
19631458 19631270
19631477 19631290
2541433 2541409
4982859 4982818
4983099 4983063
39162798 39162524
19631468 19631337
19631427 19631303
39162782 39162586
39162782 39162591
19631375 19631281
19631499 19631405
9865923 9865878
2541606 2541595
39162797 39162645
39162761 39162644
9865828 9865799
39162784 39162670
78225283 78225066
39162733 39162633
19631302 19631252
78225225 78225027
78225208 78225013
312600247 312600031
39162710 39162613
78225200 78225020
78225187 78225010
156350292 156350175
39162711 39162628
78225207 78225042
78225285 78225124
156350216 156350091
156350289 156350004
78225172 78225032
312600291 312600026
156350137 156350001
78225164 78225051
78225207 78225094
156350212 156350045
156350281 156350113
156350222 156350010
156350250 156350038
312600232 312600041
625100264 625100010
9865750 9865729
9865667 9865647
39162731 39162663
19631470 19631441
9865881 9865867
19631327 19631300
39162749 39162698
19631392 19631371
19631270 19631251
78225166 78225099
39162704 39162672
78225289 78225239
156350149 156350050
39162745 39162723
156350208 156350123
78225194 78225154
78225136 78225101
156350244 156350177
9865810 9865806
312600161 312600035
312600172 312600052
156350212 156350154
625100277 625100068
78225151 78225125
312600287 312600186
78225146 78225121
625100259 625100063
625100256 625100072
312600220 312600136
1320917 1320819
625100250 625100016
312600130 312600057
78225071 78225054
78225212 78225196
4982907 4982906
78225059 78225046
19631476 19631473
19631261 19631278
1320820 1320826
1320771 1320793
1320761 1320784
