60082890
296 85
253 1
269 55
257 4
257 46
288 12
230 12
297 18
268 45
299 46
290 20
292 33
277 31
250 27
297 30
263 25
251 22
269 25
141 1
33 1
16 1
117 8
142 10
196 15
140 11
151 12
109 9
228 20
167 15
177 16
221 23
183 20
127 15
155 19
217 29
202 27
283 2
169 23
194 27
186 26
243 35
228 33
157 23
152 25
121 20
12 2
203 34
114 20
219 39
184 34
205 41
70 14
173 35
202 41
38 8
147 31
115 25
235 55
138 33
248 60
163 40
160 40
192 48
93 24
191 50
241 64
236 63
267 74
271 78
295 86
256 76
92 28
85 26
289 90
260 81
196 62
104 33
299 95
94 30
62 20
173 56
157 51
70 23
194 64
182 61
153 52
233 80
122 42
300 104
193 67
23 8
227 79
249 90
263 98
110 41
105 40
113 44
120 47
119 47
126 50
287 114
139 56
173 70
177 72
248 101
27 11
299 122
178 73
189 79
122 51
251 105
210 88
269 114
205 87
299 127
257 110
144 62
298 129
253 110
164 72
246 109
230 102
163 73
221 99
226 102
212 96
244 112
201 95
225 107
80 39
160 78
199 98
140 70
126 64
167 85
247 126
199 103
227 118
248 129
166 88
188 101
280 151
285 154
134 74
149 84
171 98
248 144
113 66
209 123
168 99
95 56
200 118
207 124
127 77
221 136
159 98
73 45
158 98
244 152
292 182
247 155
280 176
190 120
96 61
287 184
92 59
224 144
252 162
282 182
229 148
227 147
123 80
273 178
182 119
249 163
279 185
206 139
273 185
56 38
289 198
35 24
223 153
285 196
279 193
275 191
286 199
234 163
76 53
84 59
241 170
216 154
175 125
96 69
172 124
234 170
160 117
221 163
164 121
42 31
275 203
177 131
64 48
215 162
54 41
293 225
265 204
148 114
146 113
31 24
211 164
182 142
297 233
75 59
170 134
216 171
266 211
233 185
136 108
279 222
295 235
282 225
188 150
198 158
288 230
70 56
93 75
142 115
217 176
221 180
264 217
197 162
23 19
127 105
285 238
298 249
300 252
144 121
226 190
268 227
252 214
154 131
121 103
284 242
191 163
216 185
299 258
191 165
184 160
257 225
186 163
59 52
159 142
178 159
249 223
246 221
233 210
82 74
279 252
146 132
262 239
212 196
43 40
104 97
289 270
209 198
199 190
247 236
33 32
267 259
292 284
265 258
274 267
121 118
257 252
216 212
66 65
256 254
270 268
153 152
214 213
163 22
60000300 60000056
296 299
223 239
142 142
263 264
260 261
211 212
225 228
256 260
122 124
173 176
262 267
199 203
224 229
160 165
243 252
242 251
254 264
198 206
52 55
137 145
272 288
101 108
142 204
166 178
174 187
207 223
201 218
260 285
252 280
145 162
207 232
123 138
139 156
207 233
93 106
225 258
212 245
178 206
57 66
204 237
234 272
240 279
158 184
244 288
245 291
212 252
85 102
109 131
58 70
139 168
224 272
186 231
73 91
169 213
175 221
131 166
168 213
128 163
149 190
208 267
49 63
199 256
128 165
60 78
195 254
144 188
179 235
94 124
180 238
207 275
116 155
80 107
149 201
17 23
133 180
197 267
215 292
218 297
160 219
194 267
153 211
144 202
158 222
177 250
88 125
134 191
82 181
150 216
139 202
52 76
63 93
35 52
97 145
130 196
159 240
163 248
146 223
89 136
176 271
149 230
171 267
191 300
47 74
61 97
113 180
69 110
140 224
150 241
173 278
130 209
141 227
171 278
139 227
151 247
149 245
150 248
179 296
15 25
175 297
123 209
143 244
115 197
123 212
53 92
19 33
118 205
130 229
102 181
135 240
144 258
103 186
124 225
148 276
136 257
80 152
144 274
108 209
109 211
103 203
107 212
122 243
132 274
93 194
78 163
64 136
73 156
91 195
132 286
102 222
125 274
26 139
45 101
100 225
127 289
130 296
81 187
59 139
115 273
118 283
104 250
95 229
49 122
114 285
108 270
118 297
74 187
91 231
102 259
66 170
108 283
36 95
79 209
81 215
61 164
111 300
73 199
90 247
108 299
27 76
51 144
93 267
95 282
1 3
63 191
39 121
32 101
73 240
60 206
60 207
77 268
78 277
82 295
72 260
66 243
24 89
73 273
40 152
67 257
56 215
69 273
62 246
31 123
18 74
10 42
58 247
34 146
38 164
57 252
64 285
62 286
50 232
51 238
39 188
57 300
53 283
51 279
10 55
29 160
46 254
46 258
26 146
13 78
6 37
11 70
38 242
25 160
21 135
26 168
32 207
33 222
36 257
14 100
41 294
31 229
31 236
34 274
14 113
21 171
18 151
8 69
11 99
30 277
28 264
26 249
11 112
24 245
25 280
25 283
25 286
6 69
21 267
23 293
18 230
23 296
21 272
13 177
21 297
3 53
10 179
15 277
5 95
14 294
7 150
5 116
12 296
10 261
10 274
8 220
10 294
10 299
1 30
7 286
6 255
3 162
4 285
2 207
2 294
1 223
1 292
